[23:50:54] [main/INFO]: Loaded 0 recipes
[23:50:54] [Server thread/INFO]: Starting minecraft server version 1.13.2
[23:50:54] [Server thread/INFO]: Loading properties
[23:50:54] [Server console handler/ERROR]: Exception handling console input
java.io.IOException: The handle is invalid
	at java.io.FileInputStream.readBytes(Native Method) ~[?:1.8.0_211]
	at java.io.FileInputStream.read(Unknown Source) ~[?:1.8.0_211]
	at java.io.BufferedInputStream.fill(Unknown Source) ~[?:1.8.0_211]
	at java.io.BufferedInputStream.read(Unknown Source) ~[?:1.8.0_211]
	at org.bukkit.craftbukkit.libs.jline.internal.NonBlockingInputStream.read(NonBlockingInputStream.java:248) ~[spigot-1.13.2.jar:git-Spigot-1a3504a-dfa7583]
	at org.bukkit.craftbukkit.libs.jline.internal.InputStreamReader.read(InputStreamReader.java:261) ~[spigot-1.13.2.jar:git-Spigot-1a3504a-dfa7583]
	at org.bukkit.craftbukkit.libs.jline.internal.InputStreamReader.read(InputStreamReader.java:198) ~[spigot-1.13.2.jar:git-Spigot-1a3504a-dfa7583]
	at org.bukkit.craftbukkit.libs.jline.console.ConsoleReader.readCharacter(ConsoleReader.java:2145) ~[spigot-1.13.2.jar:git-Spigot-1a3504a-dfa7583]
	at org.bukkit.craftbukkit.libs.jline.console.ConsoleReader.readLineSimple(ConsoleReader.java:3183) ~[spigot-1.13.2.jar:git-Spigot-1a3504a-dfa7583]
	at org.bukkit.craftbukkit.libs.jline.console.ConsoleReader.readLine(ConsoleReader.java:2333) ~[spigot-1.13.2.jar:git-Spigot-1a3504a-dfa7583]
	at org.bukkit.craftbukkit.libs.jline.console.ConsoleReader.readLine(ConsoleReader.java:2269) ~[spigot-1.13.2.jar:git-Spigot-1a3504a-dfa7583]
	at org.bukkit.craftbukkit.libs.jline.console.ConsoleReader.readLine(ConsoleReader.java:2257) ~[spigot-1.13.2.jar:git-Spigot-1a3504a-dfa7583]
	at net.minecraft.server.v1_13_R2.DedicatedServer$2.run(DedicatedServer.java:93) [spigot-1.13.2.jar:git-Spigot-1a3504a-dfa7583]
[23:50:54] [Server thread/INFO]: Default game type: SURVIVAL
[23:50:55] [Server thread/INFO]: This server is running CraftBukkit version git-Spigot-1a3504a-dfa7583 (MC: 1.13.2) (Implementing API version 1.13.2-R0.1-SNAPSHOT)
[23:50:55] [Server thread/INFO]: Debug logging is disabled
[23:50:55] [Server thread/INFO]: Server Ping Player Sample Count: 12
[23:50:55] [Server thread/INFO]: Using 4 threads for Netty based IO
[23:50:55] [Server thread/INFO]: Generating keypair
[23:50:55] [Server thread/INFO]: Starting Minecraft server on *:25565
[23:50:55] [Server thread/INFO]: Using default channel type
[23:50:57] [Server thread/INFO]: Preparing level "world"
[23:50:57] [Server thread/INFO]: Found new data pack file/bukkit, loading it automatically
[23:50:57] [Server thread/INFO]: Found new data pack vanilla, loading it automatically
[23:50:57] [Server thread/INFO]: Reloading ResourceManager: Default, bukkit
[23:50:58] [Server thread/INFO]: Loaded 524 recipes
[23:50:59] [Server thread/INFO]: -------- World Settings For [world] --------
[23:50:59] [Server thread/INFO]: Custom Map Seeds:  Village: 10387312 Desert: 14357617 Igloo: 14357618 Jungle: 14357619 Swamp: 14357620 Monument: 10387313Ocean: 14357621 Shipwreck: 165745295 Slime: 987234911
[23:50:59] [Server thread/INFO]: View Distance: 10
[23:50:59] [Server thread/INFO]: Hopper Transfer: 8 Hopper Check: 1 Hopper Amount: 1
[23:50:59] [Server thread/INFO]: Max TNT Explosions: 100
[23:50:59] [Server thread/INFO]: Entity Tracking Range: Pl 48 / An 48 / Mo 48 / Mi 32 / Other 64
[23:50:59] [Server thread/INFO]: Entity Activation Range: An 32 / Mo 32 / Mi 16 / Tiv true
[23:50:59] [Server thread/INFO]: Tile Max Tick Time: 50ms Entity max Tick Time: 50ms
[23:50:59] [Server thread/INFO]: Random Lighting Updates: false
[23:50:59] [Server thread/INFO]: Item Merge Radius: 2.5
[23:50:59] [Server thread/INFO]: Item Despawn Rate: 6000
[23:50:59] [Server thread/INFO]: Allow Zombie Pigmen to spawn from portal blocks: true
[23:50:59] [Server thread/INFO]: Zombie Aggressive Towards Villager: true
[23:50:59] [Server thread/INFO]: Arrow Despawn Rate: 1200
[23:50:59] [Server thread/INFO]: Experience Merge Radius: 3.0
[23:50:59] [Server thread/INFO]: Cactus Growth Modifier: 100%
[23:50:59] [Server thread/INFO]: Cane Growth Modifier: 100%
[23:50:59] [Server thread/INFO]: Melon Growth Modifier: 100%
[23:50:59] [Server thread/INFO]: Mushroom Growth Modifier: 100%
[23:50:59] [Server thread/INFO]: Pumpkin Growth Modifier: 100%
[23:50:59] [Server thread/INFO]: Sapling Growth Modifier: 100%
[23:50:59] [Server thread/INFO]: Beetroot Growth Modifier: 100%
[23:50:59] [Server thread/INFO]: Carrot Growth Modifier: 100%
[23:50:59] [Server thread/INFO]: Potato Growth Modifier: 100%
[23:50:59] [Server thread/INFO]: Wheat Growth Modifier: 100%
[23:50:59] [Server thread/INFO]: NetherWart Growth Modifier: 100%
[23:50:59] [Server thread/INFO]: Vine Growth Modifier: 100%
[23:50:59] [Server thread/INFO]: Cocoa Growth Modifier: 100%
[23:50:59] [Server thread/INFO]: Mob Spawn Range: 6
[23:50:59] [Server thread/INFO]: Nerfing mobs spawned from spawners: false
[23:51:05] [Server thread/INFO]: -------- World Settings For [world_nether] --------
[23:51:05] [Server thread/INFO]: Custom Map Seeds:  Village: 10387312 Desert: 14357617 Igloo: 14357618 Jungle: 14357619 Swamp: 14357620 Monument: 10387313Ocean: 14357621 Shipwreck: 165745295 Slime: 987234911
[23:51:05] [Server thread/INFO]: View Distance: 10
[23:51:05] [Server thread/INFO]: Hopper Transfer: 8 Hopper Check: 1 Hopper Amount: 1
[23:51:05] [Server thread/INFO]: Max TNT Explosions: 100
[23:51:05] [Server thread/INFO]: Entity Tracking Range: Pl 48 / An 48 / Mo 48 / Mi 32 / Other 64
[23:51:05] [Server thread/INFO]: Entity Activation Range: An 32 / Mo 32 / Mi 16 / Tiv true
[23:51:05] [Server thread/INFO]: Tile Max Tick Time: 50ms Entity max Tick Time: 50ms
[23:51:05] [Server thread/INFO]: Random Lighting Updates: false
[23:51:05] [Server thread/INFO]: Item Merge Radius: 2.5
[23:51:05] [Server thread/INFO]: Item Despawn Rate: 6000
[23:51:05] [Server thread/INFO]: Allow Zombie Pigmen to spawn from portal blocks: true
[23:51:05] [Server thread/INFO]: Zombie Aggressive Towards Villager: true
[23:51:05] [Server thread/INFO]: Arrow Despawn Rate: 1200
[23:51:05] [Server thread/INFO]: Experience Merge Radius: 3.0
[23:51:05] [Server thread/INFO]: Cactus Growth Modifier: 100%
[23:51:05] [Server thread/INFO]: Cane Growth Modifier: 100%
[23:51:05] [Server thread/INFO]: Melon Growth Modifier: 100%
[23:51:05] [Server thread/INFO]: Mushroom Growth Modifier: 100%
[23:51:05] [Server thread/INFO]: Pumpkin Growth Modifier: 100%
[23:51:05] [Server thread/INFO]: Sapling Growth Modifier: 100%
[23:51:05] [Server thread/INFO]: Beetroot Growth Modifier: 100%
[23:51:05] [Server thread/INFO]: Carrot Growth Modifier: 100%
[23:51:05] [Server thread/INFO]: Potato Growth Modifier: 100%
[23:51:05] [Server thread/INFO]: Wheat Growth Modifier: 100%
[23:51:05] [Server thread/INFO]: NetherWart Growth Modifier: 100%
[23:51:05] [Server thread/INFO]: Vine Growth Modifier: 100%
[23:51:05] [Server thread/INFO]: Cocoa Growth Modifier: 100%
[23:51:05] [Server thread/INFO]: Mob Spawn Range: 6
[23:51:05] [Server thread/INFO]: Nerfing mobs spawned from spawners: false
[23:51:05] [Server thread/INFO]: -------- World Settings For [world_the_end] --------
[23:51:05] [Server thread/INFO]: Custom Map Seeds:  Village: 10387312 Desert: 14357617 Igloo: 14357618 Jungle: 14357619 Swamp: 14357620 Monument: 10387313Ocean: 14357621 Shipwreck: 165745295 Slime: 987234911
[23:51:05] [Server thread/INFO]: View Distance: 10
[23:51:05] [Server thread/INFO]: Hopper Transfer: 8 Hopper Check: 1 Hopper Amount: 1
[23:51:05] [Server thread/INFO]: Max TNT Explosions: 100
[23:51:05] [Server thread/INFO]: Entity Tracking Range: Pl 48 / An 48 / Mo 48 / Mi 32 / Other 64
[23:51:05] [Server thread/INFO]: Entity Activation Range: An 32 / Mo 32 / Mi 16 / Tiv true
[23:51:05] [Server thread/INFO]: Tile Max Tick Time: 50ms Entity max Tick Time: 50ms
[23:51:05] [Server thread/INFO]: Random Lighting Updates: false
[23:51:05] [Server thread/INFO]: Item Merge Radius: 2.5
[23:51:05] [Server thread/INFO]: Item Despawn Rate: 6000
[23:51:05] [Server thread/INFO]: Allow Zombie Pigmen to spawn from portal blocks: true
[23:51:05] [Server thread/INFO]: Zombie Aggressive Towards Villager: true
[23:51:05] [Server thread/INFO]: Arrow Despawn Rate: 1200
[23:51:05] [Server thread/INFO]: Experience Merge Radius: 3.0
[23:51:05] [Server thread/INFO]: Cactus Growth Modifier: 100%
[23:51:05] [Server thread/INFO]: Cane Growth Modifier: 100%
[23:51:05] [Server thread/INFO]: Melon Growth Modifier: 100%
[23:51:05] [Server thread/INFO]: Mushroom Growth Modifier: 100%
[23:51:05] [Server thread/INFO]: Pumpkin Growth Modifier: 100%
[23:51:05] [Server thread/INFO]: Sapling Growth Modifier: 100%
[23:51:05] [Server thread/INFO]: Beetroot Growth Modifier: 100%
[23:51:05] [Server thread/INFO]: Carrot Growth Modifier: 100%
[23:51:05] [Server thread/INFO]: Potato Growth Modifier: 100%
[23:51:05] [Server thread/INFO]: Wheat Growth Modifier: 100%
[23:51:05] [Server thread/INFO]: NetherWart Growth Modifier: 100%
[23:51:05] [Server thread/INFO]: Vine Growth Modifier: 100%
[23:51:05] [Server thread/INFO]: Cocoa Growth Modifier: 100%
[23:51:05] [Server thread/INFO]: Mob Spawn Range: 6
[23:51:05] [Server thread/INFO]: Nerfing mobs spawned from spawners: false
[23:51:05] [Server thread/INFO]: Preparing start region for level minecraft:overworld (Seed: -2321067247696102820)
[23:51:09] [Server thread/INFO]: Preparing spawn area: 4%
[23:51:10] [Server thread/INFO]: Preparing spawn area: 8%
[23:51:10] [Server thread/INFO]: Preparing spawn area: 12%
[23:51:11] [Server thread/INFO]: Preparing spawn area: 16%
[23:51:11] [Server thread/INFO]: Preparing spawn area: 20%
[23:51:12] [Server thread/INFO]: Preparing spawn area: 24%
[23:51:12] [Server thread/INFO]: Preparing spawn area: 28%
[23:51:13] [Server thread/INFO]: Preparing spawn area: 32%
[23:51:13] [Server thread/INFO]: Preparing spawn area: 36%
[23:51:14] [Server thread/INFO]: Preparing spawn area: 40%
[23:51:14] [Server thread/INFO]: Preparing spawn area: 44%
[23:51:14] [Server thread/INFO]: Preparing spawn area: 48%
[23:51:15] [Server thread/INFO]: Preparing spawn area: 52%
[23:51:16] [Server thread/INFO]: Preparing spawn area: 56%
[23:51:16] [Server thread/INFO]: Preparing spawn area: 60%
[23:51:17] [Server thread/INFO]: Preparing spawn area: 64%
[23:51:17] [Server thread/INFO]: Preparing spawn area: 68%
[23:51:18] [Server thread/INFO]: Preparing spawn area: 72%
[23:51:18] [Server thread/INFO]: Preparing spawn area: 76%
[23:51:19] [Server thread/INFO]: Preparing spawn area: 80%
[23:51:19] [Server thread/INFO]: Preparing spawn area: 84%
[23:51:20] [Server thread/INFO]: Preparing spawn area: 88%
[23:51:20] [Server thread/INFO]: Preparing spawn area: 92%
[23:51:21] [Server thread/INFO]: Preparing spawn area: 96%
[23:51:21] [Server thread/INFO]: Preparing spawn area: 100%
[23:51:21] [Server thread/INFO]: Preparing start region for level minecraft:the_nether (Seed: -2321067247696102820)
[23:51:23] [Server thread/INFO]: Preparing spawn area: 4%
[23:51:23] [Server thread/INFO]: Preparing spawn area: 8%
[23:51:24] [Server thread/INFO]: Preparing spawn area: 12%
[23:51:24] [Server thread/INFO]: Preparing spawn area: 16%
[23:51:25] [Server thread/INFO]: Preparing spawn area: 20%
[23:51:25] [Server thread/INFO]: Preparing spawn area: 24%
[23:51:25] [Server thread/INFO]: Preparing spawn area: 28%
[23:51:26] [Server thread/INFO]: Preparing spawn area: 32%
[23:51:26] [Server thread/INFO]: Preparing spawn area: 36%
[23:51:27] [Server thread/INFO]: Preparing spawn area: 40%
[23:51:28] [Server thread/INFO]: Preparing spawn area: 44%
[23:51:28] [Server thread/INFO]: Preparing spawn area: 48%
[23:51:29] [Server thread/INFO]: Preparing spawn area: 52%
[23:51:29] [Server thread/INFO]: Preparing spawn area: 56%
[23:51:29] [Server thread/INFO]: Preparing spawn area: 60%
[23:51:30] [Server thread/INFO]: Preparing spawn area: 64%
[23:51:30] [Server thread/INFO]: Preparing spawn area: 68%
[23:51:30] [Server thread/INFO]: Preparing spawn area: 72%
[23:51:31] [Server thread/INFO]: Preparing spawn area: 76%
[23:51:31] [Server thread/INFO]: Preparing spawn area: 80%
[23:51:31] [Server thread/INFO]: Preparing spawn area: 84%
[23:51:31] [Server thread/INFO]: Preparing spawn area: 88%
[23:51:32] [Server thread/INFO]: Preparing spawn area: 92%
[23:51:32] [Server thread/INFO]: Preparing spawn area: 96%
[23:51:33] [Server thread/INFO]: Preparing spawn area: 100%
[23:51:33] [Server thread/INFO]: Preparing start region for level minecraft:the_end (Seed: -2321067247696102820)
[23:51:33] [Server thread/INFO]: Preparing spawn area: 4%
[23:51:33] [Server thread/INFO]: Preparing spawn area: 8%
[23:51:33] [Server thread/INFO]: Preparing spawn area: 12%
[23:51:33] [Server thread/INFO]: Preparing spawn area: 16%
[23:51:33] [Server thread/INFO]: Preparing spawn area: 20%
[23:51:33] [Server thread/INFO]: Preparing spawn area: 24%
[23:51:34] [Server thread/INFO]: Preparing spawn area: 28%
[23:51:34] [Server thread/INFO]: Preparing spawn area: 32%
[23:51:34] [Server thread/INFO]: Preparing spawn area: 36%
[23:51:34] [Server thread/INFO]: Preparing spawn area: 40%
[23:51:34] [Server thread/INFO]: Preparing spawn area: 44%
[23:51:34] [Server thread/INFO]: Preparing spawn area: 48%
[23:51:34] [Server thread/INFO]: Preparing spawn area: 52%
[23:51:34] [Server thread/INFO]: Preparing spawn area: 56%
[23:51:34] [Server thread/INFO]: Preparing spawn area: 60%
[23:51:34] [Server thread/INFO]: Preparing spawn area: 64%
[23:51:34] [Server thread/INFO]: Preparing spawn area: 68%
[23:51:34] [Server thread/INFO]: Preparing spawn area: 72%
[23:51:34] [Server thread/INFO]: Preparing spawn area: 76%
[23:51:35] [Server thread/INFO]: Preparing spawn area: 80%
[23:51:35] [Server thread/INFO]: Preparing spawn area: 84%
[23:51:35] [Server thread/INFO]: Preparing spawn area: 88%
[23:51:35] [Server thread/INFO]: Preparing spawn area: 92%
[23:51:35] [Server thread/INFO]: Preparing spawn area: 96%
[23:51:35] [Server thread/INFO]: Preparing spawn area: 100%
[23:51:35] [Server thread/INFO]: Time elapsed: 29900 ms
[23:51:35] [Server thread/INFO]: Done (38.399s)! For help, type "help"
