[21:09:21] ben_shapiro2020 (uuid: 893a6ed2-6228-4554-a52c-fbaed0f96c6e): gl fegrek
[21:16:17] TheRealColmagi (uuid: c98c1615-0764-41e1-848d-73152bfabe94): ALLAH
[21:16:24] ben_shapiro2020 (uuid: 893a6ed2-6228-4554-a52c-fbaed0f96c6e): hu
[21:16:24] TheRealColmagi (uuid: c98c1615-0764-41e1-848d-73152bfabe94): jesos where am i
[21:16:32] TheRealColmagi (uuid: c98c1615-0764-41e1-848d-73152bfabe94): nigger what sword u had
[21:16:35] Hubert6194 (uuid: 1ae76006-6711-4e06-9e89-a7e9a547fbfd): uh
[21:16:36] ben_shapiro2020 (uuid: 893a6ed2-6228-4554-a52c-fbaed0f96c6e): im gonna get a 1000 tommrow
[21:16:42] Hubert6194 (uuid: 1ae76006-6711-4e06-9e89-a7e9a547fbfd): sharp 5 sweeping edge 3
[21:16:45] Hubert6194 (uuid: 1ae76006-6711-4e06-9e89-a7e9a547fbfd): what else was there
[21:16:47] PiranhaBoy (uuid: 068bfb61-fb8a-4553-8305-2af64537cadb): same nigga
[21:16:47] TheRealColmagi (uuid: c98c1615-0764-41e1-848d-73152bfabe94): thank you kanye, very cool!
[21:16:50] PiranhaBoy (uuid: 068bfb61-fb8a-4553-8305-2af64537cadb): same dude
[21:16:51] ben_shapiro2020 (uuid: 893a6ed2-6228-4554-a52c-fbaed0f96c6e): just finished the math 3 part of my practice sat
[21:17:03] ben_shapiro2020 (uuid: 893a6ed2-6228-4554-a52c-fbaed0f96c6e): on my 5 min break
[21:17:12] PiranhaBoy (uuid: 068bfb61-fb8a-4553-8305-2af64537cadb): math is easy as dicks
[21:17:25] ben_shapiro2020 (uuid: 893a6ed2-6228-4554-a52c-fbaed0f96c6e): ik 800 ez
[21:17:37] ben_shapiro2020 (uuid: 893a6ed2-6228-4554-a52c-fbaed0f96c6e): fegrek come here
[21:17:43] TheRealColmagi (uuid: c98c1615-0764-41e1-848d-73152bfabe94): I HAVE THESE LUCID DREAMS
[21:17:46] TheRealColmagi (uuid: c98c1615-0764-41e1-848d-73152bfabe94): WHERE I CANT MOVE A THING
[21:17:53] ben_shapiro2020 (uuid: 893a6ed2-6228-4554-a52c-fbaed0f96c6e): derek come to 1st floor
[21:18:04] PiranhaBoy (uuid: 068bfb61-fb8a-4553-8305-2af64537cadb): wait turn off ur fucking aura
[21:18:05] TheRealColmagi (uuid: c98c1615-0764-41e1-848d-73152bfabe94): rip good squad
[21:18:08] TheRealColmagi (uuid: c98c1615-0764-41e1-848d-73152bfabe94): goon
[21:18:13] TheRealColmagi (uuid: c98c1615-0764-41e1-848d-73152bfabe94): nogga
[21:18:17] TheRealColmagi (uuid: c98c1615-0764-41e1-848d-73152bfabe94): HES PUNCHING UR DOGS
[21:18:43] TheRealColmagi (uuid: c98c1615-0764-41e1-848d-73152bfabe94): i think i should add a rank above legend
[21:18:50] ben_shapiro2020 (uuid: 893a6ed2-6228-4554-a52c-fbaed0f96c6e): mhm and give it to m
[21:18:51] TheRealColmagi (uuid: c98c1615-0764-41e1-848d-73152bfabe94): but what would i give it
[21:18:55] TheRealColmagi (uuid: c98c1615-0764-41e1-848d-73152bfabe94): name it oops
[21:19:09] ben_shapiro2020 (uuid: 893a6ed2-6228-4554-a52c-fbaed0f96c6e): give it to me nig nog
[21:19:12] TheRealColmagi (uuid: c98c1615-0764-41e1-848d-73152bfabe94): no
[21:19:16] TheRealColmagi (uuid: c98c1615-0764-41e1-848d-73152bfabe94): u fucking cheat on my server
[21:19:29] ben_shapiro2020 (uuid: 893a6ed2-6228-4554-a52c-fbaed0f96c6e): so does half of the people on it
[21:19:50] PiranhaBoy (uuid: 068bfb61-fb8a-4553-8305-2af64537cadb): fucking spent 10 mins got $500
[21:19:58] TheRealColmagi (uuid: c98c1615-0764-41e1-848d-73152bfabe94): LOL
[21:20:02] PiranhaBoy (uuid: 068bfb61-fb8a-4553-8305-2af64537cadb): therefore for 77500
[21:20:06] TheRealColmagi (uuid: c98c1615-0764-41e1-848d-73152bfabe94): yeah alex thats why they dont get ranks
[21:20:08] PiranhaBoy (uuid: 068bfb61-fb8a-4553-8305-2af64537cadb): i need you to drop it to 8000
[21:20:17] ben_shapiro2020 (uuid: 893a6ed2-6228-4554-a52c-fbaed0f96c6e): why does mr. zhanf get a rank
[21:20:31] TheRealColmagi (uuid: c98c1615-0764-41e1-848d-73152bfabe94): hes always had one
[21:21:13] ben_shapiro2020 (uuid: 893a6ed2-6228-4554-a52c-fbaed0f96c6e): add a lottery plugin
[21:21:21] ben_shapiro2020 (uuid: 893a6ed2-6228-4554-a52c-fbaed0f96c6e): i legit cant hack plugins
[21:21:25] ben_shapiro2020 (uuid: 893a6ed2-6228-4554-a52c-fbaed0f96c6e): makes it more fun
[21:21:32] TheRealColmagi (uuid: c98c1615-0764-41e1-848d-73152bfabe94): wtf
[21:21:42] TheRealColmagi (uuid: c98c1615-0764-41e1-848d-73152bfabe94): only like 5 ppl play regularly
[21:21:49] TheRealColmagi (uuid: c98c1615-0764-41e1-848d-73152bfabe94): ill add lotto if ppl actually join
[21:22:00] TheRealColmagi (uuid: c98c1615-0764-41e1-848d-73152bfabe94): otherwise its the same ppl winning
[21:23:18] TheRealColmagi (uuid: c98c1615-0764-41e1-848d-73152bfabe94): wtf
[21:23:22] TheRealColmagi (uuid: c98c1615-0764-41e1-848d-73152bfabe94): fags just left
[21:24:50] TheRealColmagi (uuid: c98c1615-0764-41e1-848d-73152bfabe94): auts
[21:30:21] TheRealColmagi (uuid: c98c1615-0764-41e1-848d-73152bfabe94): back so soon
[21:30:36] ben_shapiro2020 (uuid: 893a6ed2-6228-4554-a52c-fbaed0f96c6e): need to afk for my potatoes
[21:30:38] ben_shapiro2020 (uuid: 893a6ed2-6228-4554-a52c-fbaed0f96c6e): bye
[21:30:43] TheRealColmagi (uuid: c98c1615-0764-41e1-848d-73152bfabe94): lets kick him
[21:37:19] TheRealColmagi (uuid: c98c1615-0764-41e1-848d-73152bfabe94): auts
[21:38:07] PiranhaBoy (uuid: 068bfb61-fb8a-4553-8305-2af64537cadb): im gna afk next to him so when he aura hits the potato i pickem up
[21:38:56] TheRealColmagi (uuid: c98c1615-0764-41e1-848d-73152bfabe94): MHM
[21:40:02] PiranhaBoy (uuid: 068bfb61-fb8a-4553-8305-2af64537cadb): look at this potota
[21:40:06] TheRealColmagi (uuid: c98c1615-0764-41e1-848d-73152bfabe94): which one
[21:40:07] PiranhaBoy (uuid: 068bfb61-fb8a-4553-8305-2af64537cadb): how did he hit ot
[21:40:11] PiranhaBoy (uuid: 068bfb61-fb8a-4553-8305-2af64537cadb): if hes afk
[21:40:12] PiranhaBoy (uuid: 068bfb61-fb8a-4553-8305-2af64537cadb): hmm
[21:40:13] TheRealColmagi (uuid: c98c1615-0764-41e1-848d-73152bfabe94): pick it up lmao
[21:40:20] TheRealColmagi (uuid: c98c1615-0764-41e1-848d-73152bfabe94): duh he got that killaura on or some shit
[21:40:23] TheRealColmagi (uuid: c98c1615-0764-41e1-848d-73152bfabe94): autofarm?
[21:40:30] TheRealColmagi (uuid: c98c1615-0764-41e1-848d-73152bfabe94): LOL LETS MOVE HIM
[21:40:34] TheRealColmagi (uuid: c98c1615-0764-41e1-848d-73152bfabe94): SO THAT HE CANT HIT POTATOES
[21:41:04] PiranhaBoy (uuid: 068bfb61-fb8a-4553-8305-2af64537cadb): wait
[21:41:08] PiranhaBoy (uuid: 068bfb61-fb8a-4553-8305-2af64537cadb): lets do it out of his house
[21:41:13] TheRealColmagi (uuid: c98c1615-0764-41e1-848d-73152bfabe94): lmao
[21:41:19] TheRealColmagi (uuid: c98c1615-0764-41e1-848d-73152bfabe94): hes gonna wake up far from home
[21:42:42] TheRealColmagi (uuid: c98c1615-0764-41e1-848d-73152bfabe94): lmao nice
[21:44:18] TheRealColmagi (uuid: c98c1615-0764-41e1-848d-73152bfabe94): free beacons
[21:46:21] TheRealColmagi (uuid: c98c1615-0764-41e1-848d-73152bfabe94): nigga lmao
[21:46:35] TheRealColmagi (uuid: c98c1615-0764-41e1-848d-73152bfabe94): WTF
[21:46:38] PiranhaBoy (uuid: 068bfb61-fb8a-4553-8305-2af64537cadb): HE HACKED ME
[21:46:39] TheRealColmagi (uuid: c98c1615-0764-41e1-848d-73152bfabe94): IS WRONG WITH UR PLAYERMODEL
[21:46:48] PiranhaBoy (uuid: 068bfb61-fb8a-4553-8305-2af64537cadb): WHEN I [RESS E
[21:46:49] TheRealColmagi (uuid: c98c1615-0764-41e1-848d-73152bfabe94): r u elytraing
[21:46:49] ben_shapiro2020 (uuid: 893a6ed2-6228-4554-a52c-fbaed0f96c6e): wtf fegrek took my god pick
[21:46:59] TheRealColmagi (uuid: c98c1615-0764-41e1-848d-73152bfabe94): lmao how he come back when he die
[21:47:10] PiranhaBoy (uuid: 068bfb61-fb8a-4553-8305-2af64537cadb): lol look at me
[21:47:12] ben_shapiro2020 (uuid: 893a6ed2-6228-4554-a52c-fbaed0f96c6e): gimmie my god pic
[21:47:16] PiranhaBoy (uuid: 068bfb61-fb8a-4553-8305-2af64537cadb): its there nigga
[21:47:25] TheRealColmagi (uuid: c98c1615-0764-41e1-848d-73152bfabe94): ur pick is right there
[21:47:26] TheRealColmagi (uuid: c98c1615-0764-41e1-848d-73152bfabe94): dum fuck
[21:47:32] ben_shapiro2020 (uuid: 893a6ed2-6228-4554-a52c-fbaed0f96c6e): ily
[21:47:40] PiranhaBoy (uuid: 068bfb61-fb8a-4553-8305-2af64537cadb): wtf is wrong with me
[21:47:45] PiranhaBoy (uuid: 068bfb61-fb8a-4553-8305-2af64537cadb): alex what did you do
[21:47:53] ben_shapiro2020 (uuid: 893a6ed2-6228-4554-a52c-fbaed0f96c6e): what
[21:48:01] PiranhaBoy (uuid: 068bfb61-fb8a-4553-8305-2af64537cadb): loook at me
[21:48:23] TheRealColmagi (uuid: c98c1615-0764-41e1-848d-73152bfabe94): do u have an elytra on or smthjin
[21:48:36] PiranhaBoy (uuid: 068bfb61-fb8a-4553-8305-2af64537cadb): i did
[21:48:39] PiranhaBoy (uuid: 068bfb61-fb8a-4553-8305-2af64537cadb): i took it off tho
[21:48:45] PiranhaBoy (uuid: 068bfb61-fb8a-4553-8305-2af64537cadb): ez
[21:48:57] ben_shapiro2020 (uuid: 893a6ed2-6228-4554-a52c-fbaed0f96c6e): this boat is lit
[21:49:05] PiranhaBoy (uuid: 068bfb61-fb8a-4553-8305-2af64537cadb): tmtm
[21:51:05] ben_shapiro2020 (uuid: 893a6ed2-6228-4554-a52c-fbaed0f96c6e): wtf the ender dragon 1 shot my boat
[21:52:13] TheRealColmagi (uuid: c98c1615-0764-41e1-848d-73152bfabe94): sup
[21:53:14] TheRealColmagi (uuid: c98c1615-0764-41e1-848d-73152bfabe94): rip good squad
[21:53:14] PiranhaBoy (uuid: 068bfb61-fb8a-4553-8305-2af64537cadb): NIGGA
[21:53:16] PiranhaBoy (uuid: 068bfb61-fb8a-4553-8305-2af64537cadb): WHAT THE FUCK
[21:53:17] TheRealColmagi (uuid: c98c1615-0764-41e1-848d-73152bfabe94): goon
[21:53:20] PiranhaBoy (uuid: 068bfb61-fb8a-4553-8305-2af64537cadb): US WRONG WITH YOU
[21:53:24] PiranhaBoy (uuid: 068bfb61-fb8a-4553-8305-2af64537cadb): CAN YOU JUST FUCK OFF
[21:53:27] TheRealColmagi (uuid: c98c1615-0764-41e1-848d-73152bfabe94): just some villagers
[21:53:29] PiranhaBoy (uuid: 068bfb61-fb8a-4553-8305-2af64537cadb): AND NOT KILL THEM
[21:53:43] TheRealColmagi (uuid: c98c1615-0764-41e1-848d-73152bfabe94): yall pussies
[21:53:48] TheRealColmagi (uuid: c98c1615-0764-41e1-848d-73152bfabe94): i wanted to see alex 1v1 em
[21:53:55] ben_shapiro2020 (uuid: 893a6ed2-6228-4554-a52c-fbaed0f96c6e): do it here
[21:54:41] TheRealColmagi (uuid: c98c1615-0764-41e1-848d-73152bfabe94): bad
[21:54:47] ben_shapiro2020 (uuid: 893a6ed2-6228-4554-a52c-fbaed0f96c6e): all of my swords broke
[21:54:53] TheRealColmagi (uuid: c98c1615-0764-41e1-848d-73152bfabe94): get another one
[21:55:21] ben_shapiro2020 (uuid: 893a6ed2-6228-4554-a52c-fbaed0f96c6e): cum herre
[21:55:50] ben_shapiro2020 (uuid: 893a6ed2-6228-4554-a52c-fbaed0f96c6e): james tp
[21:57:49] TheRealColmagi (uuid: c98c1615-0764-41e1-848d-73152bfabe94): ALLAH
[21:57:57] ben_shapiro2020 (uuid: 893a6ed2-6228-4554-a52c-fbaed0f96c6e): hu akbar
[21:58:12] ben_shapiro2020 (uuid: 893a6ed2-6228-4554-a52c-fbaed0f96c6e): circumcision
[21:58:35] TheRealColmagi (uuid: c98c1615-0764-41e1-848d-73152bfabe94): al
[21:58:36] TheRealColmagi (uuid: c98c1615-0764-41e1-848d-73152bfabe94): ah
[21:58:51] TheRealColmagi (uuid: c98c1615-0764-41e1-848d-73152bfabe94): get ur best gear nigga
[21:58:55] ben_shapiro2020 (uuid: 893a6ed2-6228-4554-a52c-fbaed0f96c6e): why
[21:58:57] TheRealColmagi (uuid: c98c1615-0764-41e1-848d-73152bfabe94): js
[21:59:00] TheRealColmagi (uuid: c98c1615-0764-41e1-848d-73152bfabe94): u gon need it
[21:59:21] TheRealColmagi (uuid: c98c1615-0764-41e1-848d-73152bfabe94): u got it>
[22:00:29] ben_shapiro2020 (uuid: 893a6ed2-6228-4554-a52c-fbaed0f96c6e): tp
[22:01:06] TheRealColmagi (uuid: c98c1615-0764-41e1-848d-73152bfabe94): wtf
[22:01:08] TheRealColmagi (uuid: c98c1615-0764-41e1-848d-73152bfabe94): doesnt attack
[22:01:14] ben_shapiro2020 (uuid: 893a6ed2-6228-4554-a52c-fbaed0f96c6e): need to go
[22:11:48] bryantandpat (uuid: 7961a874-c35f-4f34-a0d1-37205c235291):  hello chem club officer
[22:12:01] ben_shapiro2020 (uuid: 893a6ed2-6228-4554-a52c-fbaed0f96c6e): mhm
[22:14:11] TheRealColmagi (uuid: c98c1615-0764-41e1-848d-73152bfabe94): deez auts left me
[22:18:24] TheRealColmagi (uuid: c98c1615-0764-41e1-848d-73152bfabe94): allah arrives
[22:18:36] bryantandpat (uuid: 7961a874-c35f-4f34-a0d1-37205c235291): mhm
[22:19:21] TheRealColmagi (uuid: c98c1615-0764-41e1-848d-73152bfabe94): holy mc almost crasehd
[22:19:26] bryantandpat (uuid: 7961a874-c35f-4f34-a0d1-37205c235291): ow
[22:19:29] bryantandpat (uuid: 7961a874-c35f-4f34-a0d1-37205c235291): how
[22:19:37] TheRealColmagi (uuid: c98c1615-0764-41e1-848d-73152bfabe94): runnin a server is hard on a computer
[22:19:48] ben_shapiro2020 (uuid: 893a6ed2-6228-4554-a52c-fbaed0f96c6e): james gimmie some exp
[22:20:04] bryantandpat (uuid: 7961a874-c35f-4f34-a0d1-37205c235291):  james can u turn keep inventory on
[22:20:13] ben_shapiro2020 (uuid: 893a6ed2-6228-4554-a52c-fbaed0f96c6e): ^^
[22:20:16] ben_shapiro2020 (uuid: 893a6ed2-6228-4554-a52c-fbaed0f96c6e): please
[22:21:30] ben_shapiro2020 (uuid: 893a6ed2-6228-4554-a52c-fbaed0f96c6e): ay james sell some god tier weapons please
[22:21:33] TheRealColmagi (uuid: c98c1615-0764-41e1-848d-73152bfabe94): jesos
[22:21:38] TheRealColmagi (uuid: c98c1615-0764-41e1-848d-73152bfabe94): aight lemme head to the blacksmith
[22:21:59] ben_shapiro2020 (uuid: 893a6ed2-6228-4554-a52c-fbaed0f96c6e): like sharp 5 and above or power 4 and above for bows
[22:22:07] TheRealColmagi (uuid: c98c1615-0764-41e1-848d-73152bfabe94): the fk nigga
[22:22:37] TheRealColmagi (uuid: c98c1615-0764-41e1-848d-73152bfabe94): aight dis p fukin busted
[22:23:05] TheRealColmagi (uuid: c98c1615-0764-41e1-848d-73152bfabe94): sharp 5 unbreak 3 fire asp 1 mending
[22:23:15] bryantandpat (uuid: 7961a874-c35f-4f34-a0d1-37205c235291):  whats mending
[22:23:23] TheRealColmagi (uuid: c98c1615-0764-41e1-848d-73152bfabe94): when u get exp it fixes ur sword too
[22:23:31] ben_shapiro2020 (uuid: 893a6ed2-6228-4554-a52c-fbaed0f96c6e): so u get 0 exp
[22:23:36] TheRealColmagi (uuid: c98c1615-0764-41e1-848d-73152bfabe94): no u get xp too
[22:23:41] TheRealColmagi (uuid: c98c1615-0764-41e1-848d-73152bfabe94): just also repairs ur sword as well
[22:24:23] bryantandpat (uuid: 7961a874-c35f-4f34-a0d1-37205c235291): jesos
[22:24:32] ben_shapiro2020 (uuid: 893a6ed2-6228-4554-a52c-fbaed0f96c6e): ez
[22:24:35] bryantandpat (uuid: 7961a874-c35f-4f34-a0d1-37205c235291):  jesoss
[22:24:36] ben_shapiro2020 (uuid: 893a6ed2-6228-4554-a52c-fbaed0f96c6e): lmao
[22:24:36] TheRealColmagi (uuid: c98c1615-0764-41e1-848d-73152bfabe94): jesos
[22:24:43] bryantandpat (uuid: 7961a874-c35f-4f34-a0d1-37205c235291):  james ur antisnipe doesnt work
[22:24:49] TheRealColmagi (uuid: c98c1615-0764-41e1-848d-73152bfabe94): it only works 4 times
[22:24:49] ben_shapiro2020 (uuid: 893a6ed2-6228-4554-a52c-fbaed0f96c6e): its 4 antisnipes
[22:24:52] bryantandpat (uuid: 7961a874-c35f-4f34-a0d1-37205c235291):  o
[22:24:54] TheRealColmagi (uuid: c98c1615-0764-41e1-848d-73152bfabe94): otherwise auctions go on forever
[22:25:05] TheRealColmagi (uuid: c98c1615-0764-41e1-848d-73152bfabe94): just like set bid to 1000 lmao
[22:25:13] TheRealColmagi (uuid: c98c1615-0764-41e1-848d-73152bfabe94): then if alex snipes he has to pay lots of $$$
[22:25:30] bryantandpat (uuid: 7961a874-c35f-4f34-a0d1-37205c235291):  very smart
[22:25:32] ben_shapiro2020 (uuid: 893a6ed2-6228-4554-a52c-fbaed0f96c6e): help me find a power 2 bow
[22:25:36] ben_shapiro2020 (uuid: 893a6ed2-6228-4554-a52c-fbaed0f96c6e): pls
[22:25:38] bryantandpat (uuid: 7961a874-c35f-4f34-a0d1-37205c235291):  i have one
[22:25:48] bryantandpat (uuid: 7961a874-c35f-4f34-a0d1-37205c235291):  u want?
[22:26:00] TheRealColmagi (uuid: c98c1615-0764-41e1-848d-73152bfabe94): ok gonna random enchant see what i get then auction it
[22:26:11] ben_shapiro2020 (uuid: 893a6ed2-6228-4554-a52c-fbaed0f96c6e): like op one with power 5 and punch 2
[22:26:38] bryantandpat (uuid: 7961a874-c35f-4f34-a0d1-37205c235291): james can u sell permanent fire resistance or smth
[22:26:41] ben_shapiro2020 (uuid: 893a6ed2-6228-4554-a52c-fbaed0f96c6e): anyways james why were u so late
[22:26:42] TheRealColmagi (uuid: c98c1615-0764-41e1-848d-73152bfabe94): no wtf
[22:26:45] bryantandpat (uuid: 7961a874-c35f-4f34-a0d1-37205c235291):  so i dont keep dying in lava
[22:26:52] TheRealColmagi (uuid: c98c1615-0764-41e1-848d-73152bfabe94): bring a water bucket?
[22:26:52] ben_shapiro2020 (uuid: 893a6ed2-6228-4554-a52c-fbaed0f96c6e): i have perm fire resistance
[22:27:07] bryantandpat (uuid: 7961a874-c35f-4f34-a0d1-37205c235291):  doesnt help if ur literally in a lake of it
[22:27:13] TheRealColmagi (uuid: c98c1615-0764-41e1-848d-73152bfabe94): no u bring water bucket
[22:27:14] ben_shapiro2020 (uuid: 893a6ed2-6228-4554-a52c-fbaed0f96c6e): water
[22:27:17] TheRealColmagi (uuid: c98c1615-0764-41e1-848d-73152bfabe94): then water the lava
[22:27:21] TheRealColmagi (uuid: c98c1615-0764-41e1-848d-73152bfabe94): so u dont have to deal with it
[22:27:22] ben_shapiro2020 (uuid: 893a6ed2-6228-4554-a52c-fbaed0f96c6e): water on lava gets obsidian
[22:27:27] ben_shapiro2020 (uuid: 893a6ed2-6228-4554-a52c-fbaed0f96c6e): and u cool down
[22:27:28] bryantandpat (uuid: 7961a874-c35f-4f34-a0d1-37205c235291):  i know
[22:27:36] TheRealColmagi (uuid: c98c1615-0764-41e1-848d-73152bfabe94): good utility bow
[22:27:41] TheRealColmagi (uuid: c98c1615-0764-41e1-848d-73152bfabe94): stick on a power 5 bow
[22:27:45] bryantandpat (uuid: 7961a874-c35f-4f34-a0d1-37205c235291):  i always die when i fall in
[22:27:48] bryantandpat (uuid: 7961a874-c35f-4f34-a0d1-37205c235291):  and i cant get out
[22:27:51] TheRealColmagi (uuid: c98c1615-0764-41e1-848d-73152bfabe94): then shoot infinite flaming arrows
[22:27:55] ben_shapiro2020 (uuid: 893a6ed2-6228-4554-a52c-fbaed0f96c6e): ik
[22:27:56] TheRealColmagi (uuid: c98c1615-0764-41e1-848d-73152bfabe94): lmao get better armor
[22:28:06] TheRealColmagi (uuid: c98c1615-0764-41e1-848d-73152bfabe94): or put fire resistance on ur armor
[22:28:06] bryantandpat (uuid: 7961a874-c35f-4f34-a0d1-37205c235291):  dont need the bow
[22:28:16] bryantandpat (uuid: 7961a874-c35f-4f34-a0d1-37205c235291):  already got the markus moore
[22:28:23] TheRealColmagi (uuid: c98c1615-0764-41e1-848d-73152bfabe94): u can alawys bid more than 10
[22:28:28] TheRealColmagi (uuid: c98c1615-0764-41e1-848d-73152bfabe94): just shove in like 300 bucks
[22:28:52] JohnProdman (uuid: 4150cd4b-a415-4298-bdc7-c9e330b466cc): wtf
[22:28:54] JohnProdman (uuid: 4150cd4b-a415-4298-bdc7-c9e330b466cc): thats gay
[22:28:59] TheRealColmagi (uuid: c98c1615-0764-41e1-848d-73152bfabe94): antisnipe only works 4 times
[22:29:02] bryantandpat (uuid: 7961a874-c35f-4f34-a0d1-37205c235291):  jesos alex god sniper
[22:29:05] TheRealColmagi (uuid: c98c1615-0764-41e1-848d-73152bfabe94): maybe i should just turn it off
[22:29:08] JohnProdman (uuid: 4150cd4b-a415-4298-bdc7-c9e330b466cc): reported
[22:29:11] TheRealColmagi (uuid: c98c1615-0764-41e1-848d-73152bfabe94): force ppl to bid in the actual time
[22:29:19] TheRealColmagi (uuid: c98c1615-0764-41e1-848d-73152bfabe94): whoever can shove in as many bids in 60 seconds wins
[22:29:30] TheRealColmagi (uuid: c98c1615-0764-41e1-848d-73152bfabe94): so alex doesnt abuse the fact that it ends
[22:29:32] JohnProdman (uuid: 4150cd4b-a415-4298-bdc7-c9e330b466cc): U should main sniper in tf2
[22:29:33] TheRealColmagi (uuid: c98c1615-0764-41e1-848d-73152bfabe94): after 4 times
[22:29:44] ben_shapiro2020 (uuid: 893a6ed2-6228-4554-a52c-fbaed0f96c6e): sniper w/ razorback ez
[22:29:58] JohnProdman (uuid: 4150cd4b-a415-4298-bdc7-c9e330b466cc): Sniper with awp
[22:30:21] ben_shapiro2020 (uuid: 893a6ed2-6228-4554-a52c-fbaed0f96c6e): kennys
[22:31:49] ben_shapiro2020 (uuid: 893a6ed2-6228-4554-a52c-fbaed0f96c6e): did u change anything yet
[22:31:54] TheRealColmagi (uuid: c98c1615-0764-41e1-848d-73152bfabe94): nope
[22:32:10] ben_shapiro2020 (uuid: 893a6ed2-6228-4554-a52c-fbaed0f96c6e): this bows kinda useless
[22:32:16] ben_shapiro2020 (uuid: 893a6ed2-6228-4554-a52c-fbaed0f96c6e): no punch
[22:32:19] TheRealColmagi (uuid: c98c1615-0764-41e1-848d-73152bfabe94): mhm
[22:32:26] bryantandpat (uuid: 7961a874-c35f-4f34-a0d1-37205c235291):  why do u need punch
[22:32:41] ben_shapiro2020 (uuid: 893a6ed2-6228-4554-a52c-fbaed0f96c6e): they fly away???
[22:32:48] bryantandpat (uuid: 7961a874-c35f-4f34-a0d1-37205c235291):  so
[22:32:57] bryantandpat (uuid: 7961a874-c35f-4f34-a0d1-37205c235291):  why is that good
[22:34:28] bryantandpat (uuid: 7961a874-c35f-4f34-a0d1-37205c235291): lag
[22:34:28] bryantandpat (uuid: 7961a874-c35f-4f34-a0d1-37205c235291): shit
[22:34:28] bryantandpat (uuid: 7961a874-c35f-4f34-a0d1-37205c235291): wtf
[22:34:33] TheRealColmagi (uuid: c98c1615-0764-41e1-848d-73152bfabe94): holy wtf
[22:34:42] TheRealColmagi (uuid: c98c1615-0764-41e1-848d-73152bfabe94): my internet just took a shit
[22:34:47] TheRealColmagi (uuid: c98c1615-0764-41e1-848d-73152bfabe94): also im rich damn
[22:35:09] TheRealColmagi (uuid: c98c1615-0764-41e1-848d-73152bfabe94): jaw
[22:35:27] TheRealColmagi (uuid: c98c1615-0764-41e1-848d-73152bfabe94): allah
[22:35:36] TheRealColmagi (uuid: c98c1615-0764-41e1-848d-73152bfabe94): nigger
[22:35:39] TheRealColmagi (uuid: c98c1615-0764-41e1-848d-73152bfabe94): woo wee
[22:35:47] TheRealColmagi (uuid: c98c1615-0764-41e1-848d-73152bfabe94): xd
[22:36:30] TheRealColmagi (uuid: c98c1615-0764-41e1-848d-73152bfabe94): ha
[22:36:35] bryantandpat (uuid: 7961a874-c35f-4f34-a0d1-37205c235291): wtf
[22:36:43] TheRealColmagi (uuid: c98c1615-0764-41e1-848d-73152bfabe94): what
[22:36:55] TheRealColmagi (uuid: c98c1615-0764-41e1-848d-73152bfabe94): sipp succ
[22:37:36] TheRealColmagi (uuid: c98c1615-0764-41e1-848d-73152bfabe94): ALLAH
[22:38:09] bryantandpat (uuid: 7961a874-c35f-4f34-a0d1-37205c235291): holy fuck
[22:38:16] bryantandpat (uuid: 7961a874-c35f-4f34-a0d1-37205c235291): what the fuck is this lag
[22:39:12] ben_shapiro2020 (uuid: 893a6ed2-6228-4554-a52c-fbaed0f96c6e): ily
[22:39:15] TheRealColmagi (uuid: c98c1615-0764-41e1-848d-73152bfabe94): no worries
[22:39:17] ben_shapiro2020 (uuid: 893a6ed2-6228-4554-a52c-fbaed0f96c6e): wait
[22:39:35] TheRealColmagi (uuid: c98c1615-0764-41e1-848d-73152bfabe94): ok u good
[22:39:36] ben_shapiro2020 (uuid: 893a6ed2-6228-4554-a52c-fbaed0f96c6e): thx
[22:39:40] TheRealColmagi (uuid: c98c1615-0764-41e1-848d-73152bfabe94): np
[22:39:58] TheRealColmagi (uuid: c98c1615-0764-41e1-848d-73152bfabe94): jews incoming
[22:40:56] bryantandpat (uuid: 7961a874-c35f-4f34-a0d1-37205c235291): why am i not picking up any enderpearls
[22:41:02] TheRealColmagi (uuid: c98c1615-0764-41e1-848d-73152bfabe94): ?
[22:41:03] bryantandpat (uuid: 7961a874-c35f-4f34-a0d1-37205c235291): o nvm
[22:41:20] TheRealColmagi (uuid: c98c1615-0764-41e1-848d-73152bfabe94): nice
[22:42:44] TheRealColmagi (uuid: c98c1615-0764-41e1-848d-73152bfabe94): we need more inflation in the economy
[22:44:51] TheRealColmagi (uuid: c98c1615-0764-41e1-848d-73152bfabe94): ngig
[22:45:07] TheRealColmagi (uuid: c98c1615-0764-41e1-848d-73152bfabe94): xd
[22:45:09] TheRealColmagi (uuid: c98c1615-0764-41e1-848d-73152bfabe94): jews
[22:45:51] TheRealColmagi (uuid: c98c1615-0764-41e1-848d-73152bfabe94): lmao
[22:45:57] bryantandpat (uuid: 7961a874-c35f-4f34-a0d1-37205c235291):  new rank?
[22:46:05] TheRealColmagi (uuid: c98c1615-0764-41e1-848d-73152bfabe94): no nigga
[22:46:09] TheRealColmagi (uuid: c98c1615-0764-41e1-848d-73152bfabe94): this has always been one
[22:46:13] ben_shapiro2020 (uuid: 893a6ed2-6228-4554-a52c-fbaed0f96c6e): james can be my master
[22:46:17] TheRealColmagi (uuid: c98c1615-0764-41e1-848d-73152bfabe94): im thinking of adding one above legend
[22:46:22] bryantandpat (uuid: 7961a874-c35f-4f34-a0d1-37205c235291):  wait what r the ranks
[22:46:32] TheRealColmagi (uuid: c98c1615-0764-41e1-848d-73152bfabe94): elite, veteran, expert, master, legend
[22:46:48] bryantandpat (uuid: 7961a874-c35f-4f34-a0d1-37205c235291):  whats the expert kit
[22:46:51] TheRealColmagi (uuid: c98c1615-0764-41e1-848d-73152bfabe94): uh
[22:46:56] TheRealColmagi (uuid: c98c1615-0764-41e1-848d-73152bfabe94): havent made one lul
[22:47:05] bryantandpat (uuid: 7961a874-c35f-4f34-a0d1-37205c235291):  what abt masters
[22:47:13] TheRealColmagi (uuid: c98c1615-0764-41e1-848d-73152bfabe94): havent made that either oops
[22:47:16] TheRealColmagi (uuid: c98c1615-0764-41e1-848d-73152bfabe94): am lazy fk
[22:47:30] TheRealColmagi (uuid: c98c1615-0764-41e1-848d-73152bfabe94): ill make it once ppl actually get these fking ranks
[22:47:42] TheRealColmagi (uuid: c98c1615-0764-41e1-848d-73152bfabe94): brb
[22:49:06] TheRealColmagi (uuid: c98c1615-0764-41e1-848d-73152bfabe94): hm
[22:49:12] TheRealColmagi (uuid: c98c1615-0764-41e1-848d-73152bfabe94): i should call the rank above legend
[22:49:21] ben_shapiro2020 (uuid: 893a6ed2-6228-4554-a52c-fbaed0f96c6e): nig
[22:49:44] TheRealColmagi (uuid: c98c1615-0764-41e1-848d-73152bfabe94): §c§lPrimordial
[22:49:51] bryantandpat (uuid: 7961a874-c35f-4f34-a0d1-37205c235291):  mhmm
[22:49:55] ben_shapiro2020 (uuid: 893a6ed2-6228-4554-a52c-fbaed0f96c6e): thats some real cringy shit
[22:49:56] TheRealColmagi (uuid: c98c1615-0764-41e1-848d-73152bfabe94): nice ring
[22:49:58] TheRealColmagi (uuid: c98c1615-0764-41e1-848d-73152bfabe94): HAHAHA
[22:50:01] TheRealColmagi (uuid: c98c1615-0764-41e1-848d-73152bfabe94): give me a better one
[22:50:07] bryantandpat (uuid: 7961a874-c35f-4f34-a0d1-37205c235291): nigger
[22:50:13] bryantandpat (uuid: 7961a874-c35f-4f34-a0d1-37205c235291): faggot
[22:50:39] TheRealColmagi (uuid: c98c1615-0764-41e1-848d-73152bfabe94): no
[22:51:06] TheRealColmagi (uuid: c98c1615-0764-41e1-848d-73152bfabe94): help
[22:51:40] bryantandpat (uuid: 7961a874-c35f-4f34-a0d1-37205c235291): can i set multiple homes
[22:51:50] ben_shapiro2020 (uuid: 893a6ed2-6228-4554-a52c-fbaed0f96c6e): no
[22:51:55] bryantandpat (uuid: 7961a874-c35f-4f34-a0d1-37205c235291): how can ethan
[22:52:01] ben_shapiro2020 (uuid: 893a6ed2-6228-4554-a52c-fbaed0f96c6e): bc he has a rank
[22:52:06] bryantandpat (uuid: 7961a874-c35f-4f34-a0d1-37205c235291): gay
[22:52:15] TheRealColmagi (uuid: c98c1615-0764-41e1-848d-73152bfabe94): lmAO
[22:53:59] TheRealColmagi (uuid: c98c1615-0764-41e1-848d-73152bfabe94): help me niggas
[22:54:07] TheRealColmagi (uuid: c98c1615-0764-41e1-848d-73152bfabe94): need name
[22:54:13] ben_shapiro2020 (uuid: 893a6ed2-6228-4554-a52c-fbaed0f96c6e): nigga works fine
[22:54:18] TheRealColmagi (uuid: c98c1615-0764-41e1-848d-73152bfabe94): or maybe i can stick it in between master and expert
[22:54:20] ben_shapiro2020 (uuid: 893a6ed2-6228-4554-a52c-fbaed0f96c6e): nigg@ works fine
[22:54:22] TheRealColmagi (uuid: c98c1615-0764-41e1-848d-73152bfabe94): mhm
[22:54:34] ben_shapiro2020 (uuid: 893a6ed2-6228-4554-a52c-fbaed0f96c6e): call it that
[22:54:39] bryantandpat (uuid: 7961a874-c35f-4f34-a0d1-37205c235291):  high cleric
[22:54:44] TheRealColmagi (uuid: c98c1615-0764-41e1-848d-73152bfabe94): idk
[22:54:46] bryantandpat (uuid: 7961a874-c35f-4f34-a0d1-37205c235291): admiral
[22:54:48] bryantandpat (uuid: 7961a874-c35f-4f34-a0d1-37205c235291): strategos
[22:54:49] TheRealColmagi (uuid: c98c1615-0764-41e1-848d-73152bfabe94): champion?
[22:54:55] bryantandpat (uuid: 7961a874-c35f-4f34-a0d1-37205c235291):  imperator
[22:54:57] ben_shapiro2020 (uuid: 893a6ed2-6228-4554-a52c-fbaed0f96c6e): victory royale
[22:54:59] TheRealColmagi (uuid: c98c1615-0764-41e1-848d-73152bfabe94): legend is already like top dog tho
[22:55:01] ben_shapiro2020 (uuid: 893a6ed2-6228-4554-a52c-fbaed0f96c6e): penetrator
[22:55:03] bryantandpat (uuid: 7961a874-c35f-4f34-a0d1-37205c235291): bruh why do u want to make a new rank
[22:55:07] TheRealColmagi (uuid: c98c1615-0764-41e1-848d-73152bfabe94): lmao
[22:55:12] bryantandpat (uuid: 7961a874-c35f-4f34-a0d1-37205c235291):  no ones even at master yet
[22:56:14] ben_shapiro2020 (uuid: 893a6ed2-6228-4554-a52c-fbaed0f96c6e): at least promote us
[22:56:24] ben_shapiro2020 (uuid: 893a6ed2-6228-4554-a52c-fbaed0f96c6e): to elite
[22:56:25] TheRealColmagi (uuid: c98c1615-0764-41e1-848d-73152bfabe94): lmao
[22:56:40] bryantandpat (uuid: 7961a874-c35f-4f34-a0d1-37205c235291): ye
[22:56:57] ben_shapiro2020 (uuid: 893a6ed2-6228-4554-a52c-fbaed0f96c6e): also james what were u doing afterschool
[22:57:00] TheRealColmagi (uuid: c98c1615-0764-41e1-848d-73152bfabe94): ?
[22:57:08] TheRealColmagi (uuid: c98c1615-0764-41e1-848d-73152bfabe94): helping out the band
[22:57:10] TheRealColmagi (uuid: c98c1615-0764-41e1-848d-73152bfabe94): tear down decor
[22:57:12] ben_shapiro2020 (uuid: 893a6ed2-6228-4554-a52c-fbaed0f96c6e): band - gay
[22:57:20] TheRealColmagi (uuid: c98c1615-0764-41e1-848d-73152bfabe94): ye
[22:57:31] ben_shapiro2020 (uuid: 893a6ed2-6228-4554-a52c-fbaed0f96c6e): for what
[22:57:39] ben_shapiro2020 (uuid: 893a6ed2-6228-4554-a52c-fbaed0f96c6e): last game?
[22:58:02] TheRealColmagi (uuid: c98c1615-0764-41e1-848d-73152bfabe94): for spirit week
[22:58:07] TheRealColmagi (uuid: c98c1615-0764-41e1-848d-73152bfabe94): is ian just afk
[22:58:08] ben_shapiro2020 (uuid: 893a6ed2-6228-4554-a52c-fbaed0f96c6e): teardown?
[22:58:14] TheRealColmagi (uuid: c98c1615-0764-41e1-848d-73152bfabe94): ye nigga
[22:58:25] ben_shapiro2020 (uuid: 893a6ed2-6228-4554-a52c-fbaed0f96c6e): ay help me make a power 5 bow
[23:00:28] TheRealColmagi (uuid: c98c1615-0764-41e1-848d-73152bfabe94): mhm
[23:01:29] TheRealColmagi (uuid: c98c1615-0764-41e1-848d-73152bfabe94): allah
[23:03:57] bryantandpat (uuid: 7961a874-c35f-4f34-a0d1-37205c235291): ez fortune 3 pick
[23:04:23] TheRealColmagi (uuid: c98c1615-0764-41e1-848d-73152bfabe94): xd
[23:04:26] TheRealColmagi (uuid: c98c1615-0764-41e1-848d-73152bfabe94): 1allah
[23:04:28] bryantandpat (uuid: 7961a874-c35f-4f34-a0d1-37205c235291):  fuck the anvil broke
[23:04:28] TheRealColmagi (uuid: c98c1615-0764-41e1-848d-73152bfabe94): al
[23:04:29] TheRealColmagi (uuid: c98c1615-0764-41e1-848d-73152bfabe94): ah
[23:04:39] TheRealColmagi (uuid: c98c1615-0764-41e1-848d-73152bfabe94): u have literal stacks of iron blocks
[23:04:46] bryantandpat (uuid: 7961a874-c35f-4f34-a0d1-37205c235291):  ye
[23:04:59] TheRealColmagi (uuid: c98c1615-0764-41e1-848d-73152bfabe94): u can sell that shit for good money
[23:05:14] TheRealColmagi (uuid: c98c1615-0764-41e1-848d-73152bfabe94): 144 per iron block niqqua
[23:05:22] bryantandpat (uuid: 7961a874-c35f-4f34-a0d1-37205c235291): holy
[23:05:26] TheRealColmagi (uuid: c98c1615-0764-41e1-848d-73152bfabe94): 9 grand
[23:05:34] bryantandpat (uuid: 7961a874-c35f-4f34-a0d1-37205c235291):  still not enough for a beacon tho
[23:06:03] TheRealColmagi (uuid: c98c1615-0764-41e1-848d-73152bfabe94): those gold blocks will get u 4320
[23:06:28] TheRealColmagi (uuid: c98c1615-0764-41e1-848d-73152bfabe94): diamond blocks get u 4k as well
[23:06:33] TheRealColmagi (uuid: c98c1615-0764-41e1-848d-73152bfabe94): u nigas rich
[23:07:07] bryantandpat (uuid: 7961a874-c35f-4f34-a0d1-37205c235291): rip u cant sell redstone blocks
[23:07:11] TheRealColmagi (uuid: c98c1615-0764-41e1-848d-73152bfabe94): rip
[23:07:15] TheRealColmagi (uuid: c98c1615-0764-41e1-848d-73152bfabe94): ye u can
[23:07:22] TheRealColmagi (uuid: c98c1615-0764-41e1-848d-73152bfabe94): its sell 8 for 64
[23:07:24] TheRealColmagi (uuid: c98c1615-0764-41e1-848d-73152bfabe94): not much
[23:07:44] bryantandpat (uuid: 7961a874-c35f-4f34-a0d1-37205c235291):  bruh its more worth to sell it as regular redstone
[23:07:48] TheRealColmagi (uuid: c98c1615-0764-41e1-848d-73152bfabe94): LOL
[23:08:03] TheRealColmagi (uuid: c98c1615-0764-41e1-848d-73152bfabe94): o shit u right
[23:08:23] TheRealColmagi (uuid: c98c1615-0764-41e1-848d-73152bfabe94): u could always sell quartz
[23:08:33] bryantandpat (uuid: 7961a874-c35f-4f34-a0d1-37205c235291): dont have enough
[23:08:48] bryantandpat (uuid: 7961a874-c35f-4f34-a0d1-37205c235291):  jesos i need flint
[23:08:51] bryantandpat (uuid: 7961a874-c35f-4f34-a0d1-37205c235291):  and feathers
[23:09:09] TheRealColmagi (uuid: c98c1615-0764-41e1-848d-73152bfabe94): 64 arrow shere
[23:09:20] bryantandpat (uuid: 7961a874-c35f-4f34-a0d1-37205c235291):  need more eventually
[23:09:30] TheRealColmagi (uuid: c98c1615-0764-41e1-848d-73152bfabe94): need infinity eh
[23:09:49] TheRealColmagi (uuid: c98c1615-0764-41e1-848d-73152bfabe94): xd
[23:09:58] TheRealColmagi (uuid: c98c1615-0764-41e1-848d-73152bfabe94): back to my regular prefix
[23:10:10] ben_shapiro2020 (uuid: 893a6ed2-6228-4554-a52c-fbaed0f96c6e): boner
[23:10:15] TheRealColmagi (uuid: c98c1615-0764-41e1-848d-73152bfabe94): ye
[23:11:00] TheRealColmagi (uuid: c98c1615-0764-41e1-848d-73152bfabe94): no worries
[23:11:03] TheRealColmagi (uuid: c98c1615-0764-41e1-848d-73152bfabe94): uh ok
[23:31:01] JohnProdman (uuid: 4150cd4b-a415-4298-bdc7-c9e330b466cc): oof they all ded
[23:31:06] TheRealColmagi (uuid: c98c1615-0764-41e1-848d-73152bfabe94): lol
[23:31:17] JohnProdman (uuid: 4150cd4b-a415-4298-bdc7-c9e330b466cc): op me
[23:31:22] TheRealColmagi (uuid: c98c1615-0764-41e1-848d-73152bfabe94): no
[23:31:59] JohnProdman (uuid: 4150cd4b-a415-4298-bdc7-c9e330b466cc): do it
[23:32:31] TheRealColmagi (uuid: c98c1615-0764-41e1-848d-73152bfabe94): fagola
[23:33:56] TheRealColmagi (uuid: c98c1615-0764-41e1-848d-73152bfabe94): lmao
[23:38:00] JohnProdman (uuid: 4150cd4b-a415-4298-bdc7-c9e330b466cc): am bored
[23:47:02] JohnProdman (uuid: 4150cd4b-a415-4298-bdc7-c9e330b466cc): james
[23:47:17] JohnProdman (uuid: 4150cd4b-a415-4298-bdc7-c9e330b466cc): GAY NIGGER
[23:58:11] JohnProdman (uuid: 4150cd4b-a415-4298-bdc7-c9e330b466cc): u bak
