[00:00:00] JohnProdman (uuid: 4150cd4b-a415-4298-bdc7-c9e330b466cc): dst
[00:00:09] bigboi2016 (uuid: bddd595a-c3c6-47b5-b788-70d5b62550ff): still need to sleep
[00:00:12] bigboi2016 (uuid: bddd595a-c3c6-47b5-b788-70d5b62550ff): mom gonna get mad
[00:00:14] JohnProdman (uuid: 4150cd4b-a415-4298-bdc7-c9e330b466cc): art
[00:00:37] JohnProdman (uuid: 4150cd4b-a415-4298-bdc7-c9e330b466cc): can u afk at my place
[00:00:43] JohnProdman (uuid: 4150cd4b-a415-4298-bdc7-c9e330b466cc): so my warts grow
[00:15:57] TheRealColmagi (uuid: c98c1615-0764-41e1-848d-73152bfabe94): paul why do u only get on super late
[00:16:06] Paul_Resmer (uuid: 7718f2d7-90cf-49d6-a1d9-8cf4d236ba82): its only 12 rtard
[00:16:12] TheRealColmagi (uuid: c98c1615-0764-41e1-848d-73152bfabe94): y dont u play during the day lmao
[00:16:17] Paul_Resmer (uuid: 7718f2d7-90cf-49d6-a1d9-8cf4d236ba82): bizzy
[00:16:22] TheRealColmagi (uuid: c98c1615-0764-41e1-848d-73152bfabe94): i c
[00:16:22] Paul_Resmer (uuid: 7718f2d7-90cf-49d6-a1d9-8cf4d236ba82): wanna know a secret
[00:16:24] TheRealColmagi (uuid: c98c1615-0764-41e1-848d-73152bfabe94): what
[00:16:31] Paul_Resmer (uuid: 7718f2d7-90cf-49d6-a1d9-8cf4d236ba82): u know that compsci project that was due thrusday
[00:16:33] TheRealColmagi (uuid: c98c1615-0764-41e1-848d-73152bfabe94): 1ye
[00:16:35] TheRealColmagi (uuid: c98c1615-0764-41e1-848d-73152bfabe94): ye
[00:16:36] Paul_Resmer (uuid: 7718f2d7-90cf-49d6-a1d9-8cf4d236ba82): i havent started
[00:16:40] TheRealColmagi (uuid: c98c1615-0764-41e1-848d-73152bfabe94): 2 million iq
[00:16:53] TheRealColmagi (uuid: c98c1615-0764-41e1-848d-73152bfabe94): cant get a bad grade if u dont turn it in
[00:16:56] Paul_Resmer (uuid: 7718f2d7-90cf-49d6-a1d9-8cf4d236ba82): true
[00:17:00] Paul_Resmer (uuid: 7718f2d7-90cf-49d6-a1d9-8cf4d236ba82): im relying on that rn
[00:17:18] Paul_Resmer (uuid: 7718f2d7-90cf-49d6-a1d9-8cf4d236ba82): also theres still no assignment for it in the gradebook so im pretty sure it wont be a grade
[00:20:21] Paul_Resmer (uuid: 7718f2d7-90cf-49d6-a1d9-8cf4d236ba82): wheres deek
[00:37:14] TheRealColmagi (uuid: c98c1615-0764-41e1-848d-73152bfabe94): xd
[01:00:19] TheRealColmagi (uuid: c98c1615-0764-41e1-848d-73152bfabe94): wtf alex
[01:00:23] TheRealColmagi (uuid: c98c1615-0764-41e1-848d-73152bfabe94): do u not sleep
[01:00:33] TheRealColmagi (uuid: c98c1615-0764-41e1-848d-73152bfabe94): wtf is this
[01:00:55] TheRealColmagi (uuid: c98c1615-0764-41e1-848d-73152bfabe94): holy a fishing afk farm
[01:00:56] TheRealColmagi (uuid: c98c1615-0764-41e1-848d-73152bfabe94): nibba
[09:10:45] Mrmapl3syrup (uuid: b3f11e18-ff16-45fe-85b7-bb69e73fb17c): oof
[09:12:24] Mrmapl3syrup (uuid: b3f11e18-ff16-45fe-85b7-bb69e73fb17c): it looks worse then I remember
[09:12:30] iMine03 (uuid: 0f9d4172-c235-4bd2-9897-490c4a93ddfe): mhm
[09:15:40] Mrmapl3syrup (uuid: b3f11e18-ff16-45fe-85b7-bb69e73fb17c): have you guys found my skyislands and my house yet lol
[09:16:03] Mrmapl3syrup (uuid: b3f11e18-ff16-45fe-85b7-bb69e73fb17c): they are pretty close by
[09:16:17] iMine03 (uuid: 0f9d4172-c235-4bd2-9897-490c4a93ddfe): ye
[09:16:30] iMine03 (uuid: 0f9d4172-c235-4bd2-9897-490c4a93ddfe): i found ur house
[09:16:55] Mrmapl3syrup (uuid: b3f11e18-ff16-45fe-85b7-bb69e73fb17c): yea that house I built in like the start of 2017
[09:17:11] Mrmapl3syrup (uuid: b3f11e18-ff16-45fe-85b7-bb69e73fb17c): my real house is super far away and near bed rock level
[09:17:32] Mrmapl3syrup (uuid: b3f11e18-ff16-45fe-85b7-bb69e73fb17c): it was because Bluegamer blew up our entire house before he stopped playing oof
[09:17:34] Mrmapl3syrup (uuid: b3f11e18-ff16-45fe-85b7-bb69e73fb17c): 
[09:17:46] Mrmapl3syrup (uuid: b3f11e18-ff16-45fe-85b7-bb69e73fb17c): it was before we had claims
[09:20:05] iMine03 (uuid: 0f9d4172-c235-4bd2-9897-490c4a93ddfe): o shit
[09:20:09] iMine03 (uuid: 0f9d4172-c235-4bd2-9897-490c4a93ddfe): i lured a zombie into the nether
[10:25:12] iMine03 (uuid: 0f9d4172-c235-4bd2-9897-490c4a93ddfe): hi alex
[10:25:15] iMine03 (uuid: 0f9d4172-c235-4bd2-9897-490c4a93ddfe): have u finished calc hw
[10:25:20] bigboi2016 (uuid: bddd595a-c3c6-47b5-b788-70d5b62550ff): which one
[10:25:21] bigboi2016 (uuid: bddd595a-c3c6-47b5-b788-70d5b62550ff): book
[10:25:24] iMine03 (uuid: 0f9d4172-c235-4bd2-9897-490c4a93ddfe): worksheet lmfao
[10:25:25] bigboi2016 (uuid: bddd595a-c3c6-47b5-b788-70d5b62550ff): was there worksheet on friday
[10:25:32] bigboi2016 (uuid: bddd595a-c3c6-47b5-b788-70d5b62550ff): 
[10:25:39] bigboi2016 (uuid: bddd595a-c3c6-47b5-b788-70d5b62550ff): coz ourclass didnt get one
[10:25:42] iMine03 (uuid: 0f9d4172-c235-4bd2-9897-490c4a93ddfe): wtf
[10:25:45] bigboi2016 (uuid: bddd595a-c3c6-47b5-b788-70d5b62550ff): friday
[10:26:01] iMine03 (uuid: 0f9d4172-c235-4bd2-9897-490c4a93ddfe): do u want food
[10:28:02] TheRealColmagi (uuid: c98c1615-0764-41e1-848d-73152bfabe94): jews
[10:28:03] iMine03 (uuid: 0f9d4172-c235-4bd2-9897-490c4a93ddfe): therealfaggot joined the game
[10:28:07] TheRealColmagi (uuid: c98c1615-0764-41e1-848d-73152bfabe94): nigger
[10:28:09] TheRealColmagi (uuid: c98c1615-0764-41e1-848d-73152bfabe94): im gonn aban
[10:28:13] iMine03 (uuid: 0f9d4172-c235-4bd2-9897-490c4a93ddfe): o o ps
[10:28:18] iMine03 (uuid: 0f9d4172-c235-4bd2-9897-490c4a93ddfe): where's alex ni
[10:28:21] TheRealColmagi (uuid: c98c1615-0764-41e1-848d-73152bfabe94): idk
[10:28:26] TheRealColmagi (uuid: c98c1615-0764-41e1-848d-73152bfabe94): autesmo
[10:29:02] iMine03 (uuid: 0f9d4172-c235-4bd2-9897-490c4a93ddfe): i need a roommate
[10:29:06] TheRealColmagi (uuid: c98c1615-0764-41e1-848d-73152bfabe94): mhm
[10:29:16] iMine03 (uuid: 0f9d4172-c235-4bd2-9897-490c4a93ddfe): this house isy u g e
[10:29:26] iMine03 (uuid: 0f9d4172-c235-4bd2-9897-490c4a93ddfe): no nut november
[10:30:09] TheRealColmagi (uuid: c98c1615-0764-41e1-848d-73152bfabe94): wtf
[10:30:17] TheRealColmagi (uuid: c98c1615-0764-41e1-848d-73152bfabe94): jew
[10:31:07] TheRealColmagi (uuid: c98c1615-0764-41e1-848d-73152bfabe94): hello
[10:31:15] bryantandpat (uuid: 7961a874-c35f-4f34-a0d1-37205c235291): pogroms
[10:31:25] TheRealColmagi (uuid: c98c1615-0764-41e1-848d-73152bfabe94): yes
[10:33:51] TheRealColmagi (uuid: c98c1615-0764-41e1-848d-73152bfabe94): wtf r they doin
[10:33:56] TheRealColmagi (uuid: c98c1615-0764-41e1-848d-73152bfabe94): y they not gettin on
[10:34:04] TheRealColmagi (uuid: c98c1615-0764-41e1-848d-73152bfabe94): oh there u are
[10:35:34] bigboi2016 (uuid: bddd595a-c3c6-47b5-b788-70d5b62550ff): afk
[10:36:50] TheRealColmagi (uuid: c98c1615-0764-41e1-848d-73152bfabe94): xd
[10:36:57] TheRealColmagi (uuid: c98c1615-0764-41e1-848d-73152bfabe94): hes just afk fishing
[10:53:07] TheRealColmagi (uuid: c98c1615-0764-41e1-848d-73152bfabe94): jew
[10:53:10] iMine03 (uuid: 0f9d4172-c235-4bd2-9897-490c4a93ddfe): fack
[10:53:13] TheRealColmagi (uuid: c98c1615-0764-41e1-848d-73152bfabe94): w0t
[10:53:33] iMine03 (uuid: 0f9d4172-c235-4bd2-9897-490c4a93ddfe): wez
[10:53:34] iMine03 (uuid: 0f9d4172-c235-4bd2-9897-490c4a93ddfe): ez
[10:53:37] TheRealColmagi (uuid: c98c1615-0764-41e1-848d-73152bfabe94): mhm
[10:53:41] iMine03 (uuid: 0f9d4172-c235-4bd2-9897-490c4a93ddfe): just get creeper to blow up the mobs for u
[10:53:54] iMine03 (uuid: 0f9d4172-c235-4bd2-9897-490c4a93ddfe): u wanna move it
[10:53:56] iMine03 (uuid: 0f9d4172-c235-4bd2-9897-490c4a93ddfe): move in
[10:53:58] TheRealColmagi (uuid: c98c1615-0764-41e1-848d-73152bfabe94): mhm
[10:54:00] iMine03 (uuid: 0f9d4172-c235-4bd2-9897-490c4a93ddfe): ez
[10:54:01] TheRealColmagi (uuid: c98c1615-0764-41e1-848d-73152bfabe94): ill be ur roommie
[10:54:04] iMine03 (uuid: 0f9d4172-c235-4bd2-9897-490c4a93ddfe): kkk
[10:54:06] TheRealColmagi (uuid: c98c1615-0764-41e1-848d-73152bfabe94): which room is mine
[10:54:10] iMine03 (uuid: 0f9d4172-c235-4bd2-9897-490c4a93ddfe): u can choose
[10:54:23] TheRealColmagi (uuid: c98c1615-0764-41e1-848d-73152bfabe94): dis one
[10:54:27] iMine03 (uuid: 0f9d4172-c235-4bd2-9897-490c4a93ddfe): kkk
[10:54:30] TheRealColmagi (uuid: c98c1615-0764-41e1-848d-73152bfabe94): trust me nigga
[10:54:40] iMine03 (uuid: 0f9d4172-c235-4bd2-9897-490c4a93ddfe): kk
[10:54:50] iMine03 (uuid: 0f9d4172-c235-4bd2-9897-490c4a93ddfe): jewfeg
[10:55:12] TheRealColmagi (uuid: c98c1615-0764-41e1-848d-73152bfabe94): u want me to pay rent
[10:55:37] iMine03 (uuid: 0f9d4172-c235-4bd2-9897-490c4a93ddfe): ill make it cheap
[10:55:41] TheRealColmagi (uuid: c98c1615-0764-41e1-848d-73152bfabe94): mhm
[10:55:42] iMine03 (uuid: 0f9d4172-c235-4bd2-9897-490c4a93ddfe): 10 bucks per month
[10:55:46] TheRealColmagi (uuid: c98c1615-0764-41e1-848d-73152bfabe94): dayum nice
[10:56:28] TheRealColmagi (uuid: c98c1615-0764-41e1-848d-73152bfabe94): dis basically a tiny apartment lmao
[10:56:34] iMine03 (uuid: 0f9d4172-c235-4bd2-9897-490c4a93ddfe): ye ez
[10:56:43] TheRealColmagi (uuid: c98c1615-0764-41e1-848d-73152bfabe94): but it has a swimming pool :thonkeykong:
[10:59:13] TheRealColmagi (uuid: c98c1615-0764-41e1-848d-73152bfabe94): fk offff
[10:59:35] TheRealColmagi (uuid: c98c1615-0764-41e1-848d-73152bfabe94): ex curtain
[10:59:37] TheRealColmagi (uuid: c98c1615-0764-41e1-848d-73152bfabe94): ez
[10:59:42] iMine03 (uuid: 0f9d4172-c235-4bd2-9897-490c4a93ddfe): wot
[10:59:53] TheRealColmagi (uuid: c98c1615-0764-41e1-848d-73152bfabe94): nbm
[11:00:29] TheRealColmagi (uuid: c98c1615-0764-41e1-848d-73152bfabe94): we should expland
[11:00:31] TheRealColmagi (uuid: c98c1615-0764-41e1-848d-73152bfabe94): this way
[11:00:34] TheRealColmagi (uuid: c98c1615-0764-41e1-848d-73152bfabe94): get another room here
[11:00:38] TheRealColmagi (uuid: c98c1615-0764-41e1-848d-73152bfabe94): and then another room out here
[11:00:54] iMine03 (uuid: 0f9d4172-c235-4bd2-9897-490c4a93ddfe): holy
[11:00:57] iMine03 (uuid: 0f9d4172-c235-4bd2-9897-490c4a93ddfe): beds
[11:01:05] TheRealColmagi (uuid: c98c1615-0764-41e1-848d-73152bfabe94): lmao
[11:01:06] iMine03 (uuid: 0f9d4172-c235-4bd2-9897-490c4a93ddfe): ezzzz
[11:02:06] iMine03 (uuid: 0f9d4172-c235-4bd2-9897-490c4a93ddfe): jewish pogroms
[11:02:09] TheRealColmagi (uuid: c98c1615-0764-41e1-848d-73152bfabe94): ok
[11:02:23] iMine03 (uuid: 0f9d4172-c235-4bd2-9897-490c4a93ddfe): wait
[11:02:28] iMine03 (uuid: 0f9d4172-c235-4bd2-9897-490c4a93ddfe): we can make a basement
[11:02:30] TheRealColmagi (uuid: c98c1615-0764-41e1-848d-73152bfabe94): lmao
[11:02:46] TheRealColmagi (uuid: c98c1615-0764-41e1-848d-73152bfabe94): where u gon make it nigga
[11:02:52] iMine03 (uuid: 0f9d4172-c235-4bd2-9897-490c4a93ddfe): ill figure that out later
[11:02:54] iMine03 (uuid: 0f9d4172-c235-4bd2-9897-490c4a93ddfe): justneed to
[11:02:56] iMine03 (uuid: 0f9d4172-c235-4bd2-9897-490c4a93ddfe): dig out the shit
[11:02:57] iMine03 (uuid: 0f9d4172-c235-4bd2-9897-490c4a93ddfe): first
[11:03:07] iMine03 (uuid: 0f9d4172-c235-4bd2-9897-490c4a93ddfe): like here
[11:03:11] TheRealColmagi (uuid: c98c1615-0764-41e1-848d-73152bfabe94): wtf out here
[11:03:17] TheRealColmagi (uuid: c98c1615-0764-41e1-848d-73152bfabe94): thats not a basement
[11:03:19] TheRealColmagi (uuid: c98c1615-0764-41e1-848d-73152bfabe94): thats a bunker
[11:03:24] TheRealColmagi (uuid: c98c1615-0764-41e1-848d-73152bfabe94): ill dig u a basement
[11:03:28] iMine03 (uuid: 0f9d4172-c235-4bd2-9897-490c4a93ddfe): mmmk
[11:03:47] TheRealColmagi (uuid: c98c1615-0764-41e1-848d-73152bfabe94): jesos
[11:03:50] TheRealColmagi (uuid: c98c1615-0764-41e1-848d-73152bfabe94): i want like a gameroom lmao
[11:03:55] TheRealColmagi (uuid: c98c1615-0764-41e1-848d-73152bfabe94): so like pool tables or some shit
[11:04:02] TheRealColmagi (uuid: c98c1615-0764-41e1-848d-73152bfabe94): maybe some arcades
[11:04:04] TheRealColmagi (uuid: c98c1615-0764-41e1-848d-73152bfabe94): a bar
[11:04:12] iMine03 (uuid: 0f9d4172-c235-4bd2-9897-490c4a93ddfe): a strip club
[11:04:14] TheRealColmagi (uuid: c98c1615-0764-41e1-848d-73152bfabe94): MHM
[11:04:16] TheRealColmagi (uuid: c98c1615-0764-41e1-848d-73152bfabe94): but i gotta eat lmao
[11:04:19] TheRealColmagi (uuid: c98c1615-0764-41e1-848d-73152bfabe94): then go to gdyo
[11:04:23] iMine03 (uuid: 0f9d4172-c235-4bd2-9897-490c4a93ddfe): kk
[11:04:45] iMine03 (uuid: 0f9d4172-c235-4bd2-9897-490c4a93ddfe): ez
[11:04:50] iMine03 (uuid: 0f9d4172-c235-4bd2-9897-490c4a93ddfe): no worries
[11:04:58] iMine03 (uuid: 0f9d4172-c235-4bd2-9897-490c4a93ddfe): wtf
[11:05:04] iMine03 (uuid: 0f9d4172-c235-4bd2-9897-490c4a93ddfe): why didn't u do that the firsttime
[11:05:23] iMine03 (uuid: 0f9d4172-c235-4bd2-9897-490c4a93ddfe): gimme access to alex's claims
[11:05:32] iMine03 (uuid: 0f9d4172-c235-4bd2-9897-490c4a93ddfe): need to steal beacons
[11:13:06] JohnProdman (uuid: 4150cd4b-a415-4298-bdc7-c9e330b466cc): alex knee
[11:27:34] iiBethanyii (uuid: 017ec225-2727-4d08-b15d-c5d9f307a55c): yeetus
[11:28:07] iiBethanyii (uuid: 017ec225-2727-4d08-b15d-c5d9f307a55c): J
[11:29:29] iiBethanyii (uuid: 017ec225-2727-4d08-b15d-c5d9f307a55c): Sh
[11:29:40] iiBethanyii (uuid: 017ec225-2727-4d08-b15d-c5d9f307a55c): bigboi2016
[11:29:52] iiBethanyii (uuid: 017ec225-2727-4d08-b15d-c5d9f307a55c): Ree
[11:33:09] TheRealColmagi (uuid: c98c1615-0764-41e1-848d-73152bfabe94): ian why is ur alt on
[11:33:20] TheRealColmagi (uuid: c98c1615-0764-41e1-848d-73152bfabe94): wtf
[11:33:22] TheRealColmagi (uuid: c98c1615-0764-41e1-848d-73152bfabe94): ian
[11:33:22] JohnProdman (uuid: 4150cd4b-a415-4298-bdc7-c9e330b466cc): So i can get netherwarts
[11:33:27] TheRealColmagi (uuid: c98c1615-0764-41e1-848d-73152bfabe94): jesus
[11:33:28] JohnProdman (uuid: 4150cd4b-a415-4298-bdc7-c9e330b466cc): just got back was afk
[11:33:41] JohnProdman (uuid: 4150cd4b-a415-4298-bdc7-c9e330b466cc): I need monies
[11:33:43] JohnProdman (uuid: 4150cd4b-a415-4298-bdc7-c9e330b466cc): am poor
[11:39:15] TheRealColmagi (uuid: c98c1615-0764-41e1-848d-73152bfabe94): jEW
[11:43:41] TheRealColmagi (uuid: c98c1615-0764-41e1-848d-73152bfabe94): i did not know u can propel urself with fireworks
[11:43:49] TheRealColmagi (uuid: c98c1615-0764-41e1-848d-73152bfabe94): while using elytra
[11:44:02] TheRealColmagi (uuid: c98c1615-0764-41e1-848d-73152bfabe94): so essentially you can fly
[11:58:13] JohnProdman (uuid: 4150cd4b-a415-4298-bdc7-c9e330b466cc): wow
[11:58:19] JohnProdman (uuid: 4150cd4b-a415-4298-bdc7-c9e330b466cc): u sure r retarded!
[12:06:37] Mrmapl3syrup (uuid: b3f11e18-ff16-45fe-85b7-bb69e73fb17c): oof
[12:07:46] Mrmapl3syrup (uuid: b3f11e18-ff16-45fe-85b7-bb69e73fb17c): wtf is this
[12:09:26] Mrmapl3syrup (uuid: b3f11e18-ff16-45fe-85b7-bb69e73fb17c): everyone is afk lol
[12:10:19] Mrmapl3syrup (uuid: b3f11e18-ff16-45fe-85b7-bb69e73fb17c): o hi
[12:12:26] bigboi2016 (uuid: bddd595a-c3c6-47b5-b788-70d5b62550ff): back
[12:14:00] PiranhaBoy (uuid: 068bfb61-fb8a-4553-8305-2af64537cadb): why do people keep on killing my shit
[12:14:29] PiranhaBoy (uuid: 068bfb61-fb8a-4553-8305-2af64537cadb): holy paul took control of my land underground
[12:16:09] Paul_Resmer (uuid: 7718f2d7-90cf-49d6-a1d9-8cf4d236ba82): gods here
[12:16:19] PiranhaBoy (uuid: 068bfb61-fb8a-4553-8305-2af64537cadb): light up ur house
[12:16:53] Paul_Resmer (uuid: 7718f2d7-90cf-49d6-a1d9-8cf4d236ba82): trusted
[12:16:55] Paul_Resmer (uuid: 7718f2d7-90cf-49d6-a1d9-8cf4d236ba82): give me urs
[12:17:22] PiranhaBoy (uuid: 068bfb61-fb8a-4553-8305-2af64537cadb): k
[12:17:29] Mrmapl3syrup (uuid: b3f11e18-ff16-45fe-85b7-bb69e73fb17c): ooooooooooooof
[12:17:56] Paul_Resmer (uuid: 7718f2d7-90cf-49d6-a1d9-8cf4d236ba82): wtf u doing
[12:18:08] PiranhaBoy (uuid: 068bfb61-fb8a-4553-8305-2af64537cadb): need some lapis
[12:18:16] Paul_Resmer (uuid: 7718f2d7-90cf-49d6-a1d9-8cf4d236ba82): me too u gay
[12:20:02] bigboi2016 (uuid: bddd595a-c3c6-47b5-b788-70d5b62550ff): is the endfarm broken
[12:20:07] bigboi2016 (uuid: bddd595a-c3c6-47b5-b788-70d5b62550ff): no endermen spaning
[12:20:16] PiranhaBoy (uuid: 068bfb61-fb8a-4553-8305-2af64537cadb): did you touch anything there
[12:20:19] bigboi2016 (uuid: bddd595a-c3c6-47b5-b788-70d5b62550ff): no
[12:20:31] Paul_Resmer (uuid: 7718f2d7-90cf-49d6-a1d9-8cf4d236ba82): wait wtf
[12:20:32] bigboi2016 (uuid: bddd595a-c3c6-47b5-b788-70d5b62550ff): smh
[12:21:07] bigboi2016 (uuid: bddd595a-c3c6-47b5-b788-70d5b62550ff): james you come fix this
[12:21:23] Paul_Resmer (uuid: 7718f2d7-90cf-49d6-a1d9-8cf4d236ba82): did i beat deek out of existence
[12:21:56] bigboi2016 (uuid: bddd595a-c3c6-47b5-b788-70d5b62550ff): w
[12:23:15] PiranhaBoy (uuid: 068bfb61-fb8a-4553-8305-2af64537cadb): are you kidding me
[12:23:21] PiranhaBoy (uuid: 068bfb61-fb8a-4553-8305-2af64537cadb): you guys legit just did that
[12:23:25] Paul_Resmer (uuid: 7718f2d7-90cf-49d6-a1d9-8cf4d236ba82): wtf happend
[12:23:35] PiranhaBoy (uuid: 068bfb61-fb8a-4553-8305-2af64537cadb): YOUR FUCKING AURA
[12:23:38] PiranhaBoy (uuid: 068bfb61-fb8a-4553-8305-2af64537cadb): YOU AUTIST
[12:23:45] Paul_Resmer (uuid: 7718f2d7-90cf-49d6-a1d9-8cf4d236ba82): im not using hacks rn
[12:23:47] Paul_Resmer (uuid: 7718f2d7-90cf-49d6-a1d9-8cf4d236ba82): autist
[12:23:48] PiranhaBoy (uuid: 068bfb61-fb8a-4553-8305-2af64537cadb): LITERALLY AUTISTIC
[12:23:54] PiranhaBoy (uuid: 068bfb61-fb8a-4553-8305-2af64537cadb): MADE ME GO TO THE END FARM
[12:23:55] Paul_Resmer (uuid: 7718f2d7-90cf-49d6-a1d9-8cf4d236ba82): im literally not
[12:23:58] PiranhaBoy (uuid: 068bfb61-fb8a-4553-8305-2af64537cadb): SAYING IT WAS BROKEN
[12:24:03] PiranhaBoy (uuid: 068bfb61-fb8a-4553-8305-2af64537cadb): AND YOU FUCKING KNOCK ME OFF
[12:24:06] Paul_Resmer (uuid: 7718f2d7-90cf-49d6-a1d9-8cf4d236ba82): that was alecs knee
[12:24:21] Paul_Resmer (uuid: 7718f2d7-90cf-49d6-a1d9-8cf4d236ba82): did u lose everything
[12:24:22] PiranhaBoy (uuid: 068bfb61-fb8a-4553-8305-2af64537cadb): LEGIT LOST ALL MY SHIT AGAIN
[12:24:24] bigboi2016 (uuid: bddd595a-c3c6-47b5-b788-70d5b62550ff): i was sitting there
[12:24:29] PiranhaBoy (uuid: 068bfb61-fb8a-4553-8305-2af64537cadb): AUTISM WHAT THE FUCK IS WRONG WITH YOU
[12:24:30] Paul_Resmer (uuid: 7718f2d7-90cf-49d6-a1d9-8cf4d236ba82): now u know how i feel degenerate
[12:24:38] PiranhaBoy (uuid: 068bfb61-fb8a-4553-8305-2af64537cadb): NIGGA IT WASNT MY FAULT
[12:24:50] Paul_Resmer (uuid: 7718f2d7-90cf-49d6-a1d9-8cf4d236ba82): lol i bullied deek off the server
[12:25:57] Paul_Resmer (uuid: 7718f2d7-90cf-49d6-a1d9-8cf4d236ba82): dw hell b back
[12:26:00] Paul_Resmer (uuid: 7718f2d7-90cf-49d6-a1d9-8cf4d236ba82): ik it
[12:26:05] Paul_Resmer (uuid: 7718f2d7-90cf-49d6-a1d9-8cf4d236ba82): hes addicted
[12:26:18] Paul_Resmer (uuid: 7718f2d7-90cf-49d6-a1d9-8cf4d236ba82): see
[12:26:28] Paul_Resmer (uuid: 7718f2d7-90cf-49d6-a1d9-8cf4d236ba82): big gay
[12:27:34] Paul_Resmer (uuid: 7718f2d7-90cf-49d6-a1d9-8cf4d236ba82): u degen
[12:27:51] Paul_Resmer (uuid: 7718f2d7-90cf-49d6-a1d9-8cf4d236ba82): more later
[12:27:55] Paul_Resmer (uuid: 7718f2d7-90cf-49d6-a1d9-8cf4d236ba82): if u didnt hit me
[12:27:56] PiranhaBoy (uuid: 068bfb61-fb8a-4553-8305-2af64537cadb): thats literally shit compared to what i had
[12:27:58] Paul_Resmer (uuid: 7718f2d7-90cf-49d6-a1d9-8cf4d236ba82): retard
[12:28:01] PiranhaBoy (uuid: 068bfb61-fb8a-4553-8305-2af64537cadb): nigga i want my mending back
[12:28:15] PiranhaBoy (uuid: 068bfb61-fb8a-4553-8305-2af64537cadb): i want my mending back you fucker
[12:28:26] Paul_Resmer (uuid: 7718f2d7-90cf-49d6-a1d9-8cf4d236ba82): i didnt even kill u
[12:28:27] Paul_Resmer (uuid: 7718f2d7-90cf-49d6-a1d9-8cf4d236ba82): i just hit
[12:28:29] Paul_Resmer (uuid: 7718f2d7-90cf-49d6-a1d9-8cf4d236ba82): u
[12:28:35] Paul_Resmer (uuid: 7718f2d7-90cf-49d6-a1d9-8cf4d236ba82): and u fell of the fucking owlrd
[12:28:37] Paul_Resmer (uuid: 7718f2d7-90cf-49d6-a1d9-8cf4d236ba82): retard
[12:28:53] PiranhaBoy (uuid: 068bfb61-fb8a-4553-8305-2af64537cadb): how do you pm
[12:28:57] bigboi2016 (uuid: bddd595a-c3c6-47b5-b788-70d5b62550ff): /msg
[12:30:39] Paul_Resmer (uuid: 7718f2d7-90cf-49d6-a1d9-8cf4d236ba82): how come theres no endermen in the fucking end
[12:31:04] PiranhaBoy (uuid: 068bfb61-fb8a-4553-8305-2af64537cadb): fuck you i made it stop working whenever ur there
[12:31:11] Paul_Resmer (uuid: 7718f2d7-90cf-49d6-a1d9-8cf4d236ba82): no u didnt retard
[12:31:19] Paul_Resmer (uuid: 7718f2d7-90cf-49d6-a1d9-8cf4d236ba82): no u didnt retard
[12:31:58] Paul_Resmer (uuid: 7718f2d7-90cf-49d6-a1d9-8cf4d236ba82): wheres all my shit
[12:32:11] Paul_Resmer (uuid: 7718f2d7-90cf-49d6-a1d9-8cf4d236ba82): u taked?
[12:34:30] Paul_Resmer (uuid: 7718f2d7-90cf-49d6-a1d9-8cf4d236ba82): LOl
[12:34:36] Paul_Resmer (uuid: 7718f2d7-90cf-49d6-a1d9-8cf4d236ba82): why dont i have perms
[12:37:05] Paul_Resmer (uuid: 7718f2d7-90cf-49d6-a1d9-8cf4d236ba82): ur rly gay
[12:37:12] Paul_Resmer (uuid: 7718f2d7-90cf-49d6-a1d9-8cf4d236ba82): i gave u all my good stuff
[12:37:14] Paul_Resmer (uuid: 7718f2d7-90cf-49d6-a1d9-8cf4d236ba82): and u revoked
[12:37:17] Paul_Resmer (uuid: 7718f2d7-90cf-49d6-a1d9-8cf4d236ba82): dumbass niqqa
[12:37:36] bigboi2016 (uuid: bddd595a-c3c6-47b5-b788-70d5b62550ff): home
[12:37:40] PiranhaBoy (uuid: 068bfb61-fb8a-4553-8305-2af64537cadb): idk ur really good stuff is more shit than all of my back up gear
[12:39:20] PiranhaBoy (uuid: 068bfb61-fb8a-4553-8305-2af64537cadb): why the fucj are yiy ouc
[12:39:31] Paul_Resmer (uuid: 7718f2d7-90cf-49d6-a1d9-8cf4d236ba82): qwhat
[12:43:32] bigboi2016 (uuid: bddd595a-c3c6-47b5-b788-70d5b62550ff): whatdup
[12:43:45] bigboi2016 (uuid: bddd595a-c3c6-47b5-b788-70d5b62550ff): did u unclaim
[12:43:49] iMine03 (uuid: 0f9d4172-c235-4bd2-9897-490c4a93ddfe): what
[12:43:57] bigboi2016 (uuid: bddd595a-c3c6-47b5-b788-70d5b62550ff): this was claimed before
[12:44:02] iMine03 (uuid: 0f9d4172-c235-4bd2-9897-490c4a93ddfe): ye
[12:44:26] bigboi2016 (uuid: bddd595a-c3c6-47b5-b788-70d5b62550ff): that horse sucks
[12:44:33] bigboi2016 (uuid: bddd595a-c3c6-47b5-b788-70d5b62550ff): do u have emeralds
[12:44:36] iMine03 (uuid: 0f9d4172-c235-4bd2-9897-490c4a93ddfe): ye
[12:44:39] bigboi2016 (uuid: bddd595a-c3c6-47b5-b788-70d5b62550ff): i need like 15
[12:44:41] iMine03 (uuid: 0f9d4172-c235-4bd2-9897-490c4a93ddfe): wtf
[12:44:44] bigboi2016 (uuid: bddd595a-c3c6-47b5-b788-70d5b62550ff): 12
[12:44:45] bigboi2016 (uuid: bddd595a-c3c6-47b5-b788-70d5b62550ff): 10
[12:44:47] bigboi2016 (uuid: bddd595a-c3c6-47b5-b788-70d5b62550ff): 10
[12:44:48] iMine03 (uuid: 0f9d4172-c235-4bd2-9897-490c4a93ddfe): what for
[12:44:55] bigboi2016 (uuid: bddd595a-c3c6-47b5-b788-70d5b62550ff): tradin with those vilagers
[12:45:10] bigboi2016 (uuid: bddd595a-c3c6-47b5-b788-70d5b62550ff): tf ;,ap
[12:45:15] bigboi2016 (uuid: bddd595a-c3c6-47b5-b788-70d5b62550ff): u gota tame it
[12:45:20] bigboi2016 (uuid: bddd595a-c3c6-47b5-b788-70d5b62550ff): sit on it
[12:45:23] iMine03 (uuid: 0f9d4172-c235-4bd2-9897-490c4a93ddfe): how
[12:45:25] bigboi2016 (uuid: bddd595a-c3c6-47b5-b788-70d5b62550ff): with empy hand
[12:45:38] bigboi2016 (uuid: bddd595a-c3c6-47b5-b788-70d5b62550ff): like 5 tgimes
[12:45:46] bigboi2016 (uuid: bddd595a-c3c6-47b5-b788-70d5b62550ff): lol
[12:45:52] iMine03 (uuid: 0f9d4172-c235-4bd2-9897-490c4a93ddfe): ez
[12:46:01] bigboi2016 (uuid: bddd595a-c3c6-47b5-b788-70d5b62550ff): thats prety goo
[12:46:17] iMine03 (uuid: 0f9d4172-c235-4bd2-9897-490c4a93ddfe): how do u heal health of horse
[12:46:48] bigboi2016 (uuid: bddd595a-c3c6-47b5-b788-70d5b62550ff): ill just save coords
[12:48:32] PiranhaBoy (uuid: 068bfb61-fb8a-4553-8305-2af64537cadb): give me my shit back
[12:49:20] PiranhaBoy (uuid: 068bfb61-fb8a-4553-8305-2af64537cadb): paul give me my shit back
[12:49:36] Paul_Resmer (uuid: 7718f2d7-90cf-49d6-a1d9-8cf4d236ba82): that was my stuff
[12:49:44] Paul_Resmer (uuid: 7718f2d7-90cf-49d6-a1d9-8cf4d236ba82): and ithought u said it was worse than ur backup
[12:49:51] Paul_Resmer (uuid: 7718f2d7-90cf-49d6-a1d9-8cf4d236ba82): and then u revoked perms
[12:49:53] Paul_Resmer (uuid: 7718f2d7-90cf-49d6-a1d9-8cf4d236ba82): unlucky
[12:50:04] PiranhaBoy (uuid: 068bfb61-fb8a-4553-8305-2af64537cadb): nice
[12:50:28] PiranhaBoy (uuid: 068bfb61-fb8a-4553-8305-2af64537cadb): veru nice thing to know
[12:51:11] bigboi2016 (uuid: bddd595a-c3c6-47b5-b788-70d5b62550ff): holy
[12:51:14] bigboi2016 (uuid: bddd595a-c3c6-47b5-b788-70d5b62550ff): anyone want flowers
[12:57:03] Paul_Resmer (uuid: 7718f2d7-90cf-49d6-a1d9-8cf4d236ba82): wtf lol
[12:57:11] Paul_Resmer (uuid: 7718f2d7-90cf-49d6-a1d9-8cf4d236ba82): u took the enchant table
[12:57:16] Paul_Resmer (uuid: 7718f2d7-90cf-49d6-a1d9-8cf4d236ba82): salty boy
[13:20:10] PiranhaBoy (uuid: 068bfb61-fb8a-4553-8305-2af64537cadb): why is ur house orange paul
[13:20:17] PiranhaBoy (uuid: 068bfb61-fb8a-4553-8305-2af64537cadb): maybe it wont be once you give me my shit back
[13:20:21] Paul_Resmer (uuid: 7718f2d7-90cf-49d6-a1d9-8cf4d236ba82): wtf is wrong w u lol
[13:20:25] Paul_Resmer (uuid: 7718f2d7-90cf-49d6-a1d9-8cf4d236ba82): that was my stuff
[13:20:26] PiranhaBoy (uuid: 068bfb61-fb8a-4553-8305-2af64537cadb): i want it in a chest infront of my house
[13:20:30] PiranhaBoy (uuid: 068bfb61-fb8a-4553-8305-2af64537cadb): and ill take it out
[13:20:32] Paul_Resmer (uuid: 7718f2d7-90cf-49d6-a1d9-8cf4d236ba82): LOL
[13:20:35] PiranhaBoy (uuid: 068bfb61-fb8a-4553-8305-2af64537cadb): but if you dont then its still there
[13:20:37] Paul_Resmer (uuid: 7718f2d7-90cf-49d6-a1d9-8cf4d236ba82): dont threaten me tard
[13:20:39] PiranhaBoy (uuid: 068bfb61-fb8a-4553-8305-2af64537cadb): cya
[13:22:15] Paul_Resmer (uuid: 7718f2d7-90cf-49d6-a1d9-8cf4d236ba82): are u fucking kiddin tme
[13:22:19] Paul_Resmer (uuid: 7718f2d7-90cf-49d6-a1d9-8cf4d236ba82): thats not even funny
[13:22:35] Paul_Resmer (uuid: 7718f2d7-90cf-49d6-a1d9-8cf4d236ba82): u killed my fucking cat?
[13:28:09] PiranhaBoy (uuid: 068bfb61-fb8a-4553-8305-2af64537cadb): lmao ur cat died
[13:28:12] JohnProdman (uuid: 4150cd4b-a415-4298-bdc7-c9e330b466cc): hey
[13:28:20] PiranhaBoy (uuid: 068bfb61-fb8a-4553-8305-2af64537cadb): didnt even do that one
[13:28:21] JohnProdman (uuid: 4150cd4b-a415-4298-bdc7-c9e330b466cc): Where do we find end villages
[13:28:35] PiranhaBoy (uuid: 068bfb61-fb8a-4553-8305-2af64537cadb): go in a randomg direction
[13:28:42] JohnProdman (uuid: 4150cd4b-a415-4298-bdc7-c9e330b466cc): U have to build out?
[13:28:55] bigboi2016 (uuid: bddd595a-c3c6-47b5-b788-70d5b62550ff): yes?
[13:29:01] PiranhaBoy (uuid: 068bfb61-fb8a-4553-8305-2af64537cadb): or fly ;)
[13:29:06] Paul_Resmer (uuid: 7718f2d7-90cf-49d6-a1d9-8cf4d236ba82): can u please fuck off
[13:29:07] Paul_Resmer (uuid: 7718f2d7-90cf-49d6-a1d9-8cf4d236ba82): im srs
[13:29:08] bigboi2016 (uuid: bddd595a-c3c6-47b5-b788-70d5b62550ff): smh
[13:29:17] PiranhaBoy (uuid: 068bfb61-fb8a-4553-8305-2af64537cadb): can you please give me my shit back
[13:29:22] Paul_Resmer (uuid: 7718f2d7-90cf-49d6-a1d9-8cf4d236ba82): u died
[13:29:23] Paul_Resmer (uuid: 7718f2d7-90cf-49d6-a1d9-8cf4d236ba82): and lost it
[13:29:27] JohnProdman (uuid: 4150cd4b-a415-4298-bdc7-c9e330b466cc): I foudn oen wow
[13:29:28] Paul_Resmer (uuid: 7718f2d7-90cf-49d6-a1d9-8cf4d236ba82): I didnt take ur shit
[13:29:29] Paul_Resmer (uuid: 7718f2d7-90cf-49d6-a1d9-8cf4d236ba82): idiot
[13:29:32] bigboi2016 (uuid: bddd595a-c3c6-47b5-b788-70d5b62550ff): elytra
[13:29:33] PiranhaBoy (uuid: 068bfb61-fb8a-4553-8305-2af64537cadb): spawn it in
[13:29:41] Paul_Resmer (uuid: 7718f2d7-90cf-49d6-a1d9-8cf4d236ba82): how can i spawn it in
[13:29:43] Paul_Resmer (uuid: 7718f2d7-90cf-49d6-a1d9-8cf4d236ba82): im not in creative
[13:29:46] Paul_Resmer (uuid: 7718f2d7-90cf-49d6-a1d9-8cf4d236ba82): retard
[13:29:49] PiranhaBoy (uuid: 068bfb61-fb8a-4553-8305-2af64537cadb): you said you had creative so spawn it
[13:29:52] Paul_Resmer (uuid: 7718f2d7-90cf-49d6-a1d9-8cf4d236ba82): i dont
[13:29:53] Paul_Resmer (uuid: 7718f2d7-90cf-49d6-a1d9-8cf4d236ba82): wtf
[13:30:04] PiranhaBoy (uuid: 068bfb61-fb8a-4553-8305-2af64537cadb): i want my shit back and ur gna give it to me
[13:30:07] Paul_Resmer (uuid: 7718f2d7-90cf-49d6-a1d9-8cf4d236ba82): LOL
[13:30:10] PiranhaBoy (uuid: 068bfb61-fb8a-4553-8305-2af64537cadb): i can add more to the lava if you want
[13:30:10] Paul_Resmer (uuid: 7718f2d7-90cf-49d6-a1d9-8cf4d236ba82): gl w that
[13:30:18] Paul_Resmer (uuid: 7718f2d7-90cf-49d6-a1d9-8cf4d236ba82): ok go ahead
[13:30:32] Paul_Resmer (uuid: 7718f2d7-90cf-49d6-a1d9-8cf4d236ba82): ,literally
[13:30:41] Paul_Resmer (uuid: 7718f2d7-90cf-49d6-a1d9-8cf4d236ba82): waste ur day messing w me in minecraft
[13:30:47] Paul_Resmer (uuid: 7718f2d7-90cf-49d6-a1d9-8cf4d236ba82): degen
[13:30:54] JohnProdman (uuid: 4150cd4b-a415-4298-bdc7-c9e330b466cc): What do the purple beacons do
[13:44:04] JohnProdman (uuid: 4150cd4b-a415-4298-bdc7-c9e330b466cc): Foudnelytra
[13:44:05] JohnProdman (uuid: 4150cd4b-a415-4298-bdc7-c9e330b466cc): ez
[13:45:30] JohnProdman (uuid: 4150cd4b-a415-4298-bdc7-c9e330b466cc): Who wants to raid end city tpa
[14:06:17] JohnProdman (uuid: 4150cd4b-a415-4298-bdc7-c9e330b466cc): Buddy
[14:12:48] JohnProdman (uuid: 4150cd4b-a415-4298-bdc7-c9e330b466cc): OI
[14:12:49] JohnProdman (uuid: 4150cd4b-a415-4298-bdc7-c9e330b466cc): JAMES
[14:12:52] JohnProdman (uuid: 4150cd4b-a415-4298-bdc7-c9e330b466cc): U MOVED MY ALT
[14:23:57] JohnProdman (uuid: 4150cd4b-a415-4298-bdc7-c9e330b466cc): alex
[14:40:42] ObamaGivesNoSh (uuid: d3ac07e0-4b18-40a0-b288-4b6e13255b18): yall nibbas dum
[14:40:49] ObamaGivesNoSh (uuid: d3ac07e0-4b18-40a0-b288-4b6e13255b18): jk
[14:40:54] ObamaGivesNoSh (uuid: d3ac07e0-4b18-40a0-b288-4b6e13255b18): much love
[14:41:31] ObamaGivesNoSh (uuid: d3ac07e0-4b18-40a0-b288-4b6e13255b18): make it day!
[14:41:33] ObamaGivesNoSh (uuid: d3ac07e0-4b18-40a0-b288-4b6e13255b18): thisi s scary
[14:42:36] ObamaGivesNoSh (uuid: d3ac07e0-4b18-40a0-b288-4b6e13255b18): :(
[14:42:37] Paul_Resmer (uuid: 7718f2d7-90cf-49d6-a1d9-8cf4d236ba82): oops
[14:42:40] Paul_Resmer (uuid: 7718f2d7-90cf-49d6-a1d9-8cf4d236ba82): oops
[14:42:41] ObamaGivesNoSh (uuid: d3ac07e0-4b18-40a0-b288-4b6e13255b18): cmon dude
[14:42:52] Paul_Resmer (uuid: 7718f2d7-90cf-49d6-a1d9-8cf4d236ba82): ur stuffs here
[14:42:53] ObamaGivesNoSh (uuid: d3ac07e0-4b18-40a0-b288-4b6e13255b18): dont randomly kill ppl!
[14:42:57] ObamaGivesNoSh (uuid: d3ac07e0-4b18-40a0-b288-4b6e13255b18): thx
[14:43:08] ObamaGivesNoSh (uuid: d3ac07e0-4b18-40a0-b288-4b6e13255b18): u see ur house?
[14:43:17] Paul_Resmer (uuid: 7718f2d7-90cf-49d6-a1d9-8cf4d236ba82): u mean what deek did
[14:43:18] ObamaGivesNoSh (uuid: d3ac07e0-4b18-40a0-b288-4b6e13255b18): deeks fking it up
[14:43:20] ObamaGivesNoSh (uuid: d3ac07e0-4b18-40a0-b288-4b6e13255b18): ya
[14:43:25] Paul_Resmer (uuid: 7718f2d7-90cf-49d6-a1d9-8cf4d236ba82): ya
[14:43:28] Paul_Resmer (uuid: 7718f2d7-90cf-49d6-a1d9-8cf4d236ba82): hes rarted
[14:43:33] Paul_Resmer (uuid: 7718f2d7-90cf-49d6-a1d9-8cf4d236ba82): thinks i took his stuff
[14:43:38] ObamaGivesNoSh (uuid: d3ac07e0-4b18-40a0-b288-4b6e13255b18): lmao
[14:43:55] ObamaGivesNoSh (uuid: d3ac07e0-4b18-40a0-b288-4b6e13255b18): whered all the villagers go
[16:34:26] TheRealColmagi (uuid: c98c1615-0764-41e1-848d-73152bfabe94): wtf
[17:26:56] TheRealColmagi (uuid: c98c1615-0764-41e1-848d-73152bfabe94): yo
[17:27:16] TheRealColmagi (uuid: c98c1615-0764-41e1-848d-73152bfabe94): thats all i got
[17:27:16] ben_shapiro2020 (uuid: 893a6ed2-6228-4554-a52c-fbaed0f96c6e): ily
[17:27:20] TheRealColmagi (uuid: c98c1615-0764-41e1-848d-73152bfabe94): feg
[17:27:22] ben_shapiro2020 (uuid: 893a6ed2-6228-4554-a52c-fbaed0f96c6e): the anticheat works
[17:27:25] TheRealColmagi (uuid: c98c1615-0764-41e1-848d-73152bfabe94): lmao
[17:27:26] TheRealColmagi (uuid: c98c1615-0764-41e1-848d-73152bfabe94): good
[17:27:37] TheRealColmagi (uuid: c98c1615-0764-41e1-848d-73152bfabe94): uh
[17:27:41] TheRealColmagi (uuid: c98c1615-0764-41e1-848d-73152bfabe94): wtf happened here
[17:27:43] TheRealColmagi (uuid: c98c1615-0764-41e1-848d-73152bfabe94): its like
[17:27:48] TheRealColmagi (uuid: c98c1615-0764-41e1-848d-73152bfabe94): lava all over pauls house
[17:27:53] TheRealColmagi (uuid: c98c1615-0764-41e1-848d-73152bfabe94): LMAO
[17:28:33] ben_shapiro2020 (uuid: 893a6ed2-6228-4554-a52c-fbaed0f96c6e): which anticheat is this
[17:28:36] TheRealColmagi (uuid: c98c1615-0764-41e1-848d-73152bfabe94): a good one
[17:28:49] ben_shapiro2020 (uuid: 893a6ed2-6228-4554-a52c-fbaed0f96c6e): add 1.8 combat please
[17:28:52] TheRealColmagi (uuid: c98c1615-0764-41e1-848d-73152bfabe94): lmao
[17:28:55] TheRealColmagi (uuid: c98c1615-0764-41e1-848d-73152bfabe94): alex ni disapporves
[17:29:04] TheRealColmagi (uuid: c98c1615-0764-41e1-848d-73152bfabe94): id reccomend just not using hacks
[17:29:12] ben_shapiro2020 (uuid: 893a6ed2-6228-4554-a52c-fbaed0f96c6e): the lava is bc fegrek it
[17:29:14] TheRealColmagi (uuid: c98c1615-0764-41e1-848d-73152bfabe94): ye
[17:29:18] TheRealColmagi (uuid: c98c1615-0764-41e1-848d-73152bfabe94): he was pissed at paul
[17:29:36] TheRealColmagi (uuid: c98c1615-0764-41e1-848d-73152bfabe94): JESOS
[17:29:41] TheRealColmagi (uuid: c98c1615-0764-41e1-848d-73152bfabe94): that sometimes happens
[17:29:52] ben_shapiro2020 (uuid: 893a6ed2-6228-4554-a52c-fbaed0f96c6e): the hell
[17:29:57] TheRealColmagi (uuid: c98c1615-0764-41e1-848d-73152bfabe94): did u lose ur pick
[17:30:03] ben_shapiro2020 (uuid: 893a6ed2-6228-4554-a52c-fbaed0f96c6e): mhm
[17:30:06] TheRealColmagi (uuid: c98c1615-0764-41e1-848d-73152bfabe94): what did it have
[17:30:12] ben_shapiro2020 (uuid: 893a6ed2-6228-4554-a52c-fbaed0f96c6e): i went into the void
[17:30:15] TheRealColmagi (uuid: c98c1615-0764-41e1-848d-73152bfabe94): ye
[17:30:17] TheRealColmagi (uuid: c98c1615-0764-41e1-848d-73152bfabe94): happened to me sometimes
[17:30:25] TheRealColmagi (uuid: c98c1615-0764-41e1-848d-73152bfabe94): before i adjusted values and then gave myself a bypass
[17:30:32] ben_shapiro2020 (uuid: 893a6ed2-6228-4554-a52c-fbaed0f96c6e): eff 5 mending fortune 3 unbreaking 3
[17:30:35] TheRealColmagi (uuid: c98c1615-0764-41e1-848d-73152bfabe94): but uh id reccomend not using a hacked client
[17:30:39] ben_shapiro2020 (uuid: 893a6ed2-6228-4554-a52c-fbaed0f96c6e): kk
[17:31:16] ben_shapiro2020 (uuid: 893a6ed2-6228-4554-a52c-fbaed0f96c6e): id need nether quartz
[17:31:17] TheRealColmagi (uuid: c98c1615-0764-41e1-848d-73152bfabe94): i think thats what u had
[17:31:38] ben_shapiro2020 (uuid: 893a6ed2-6228-4554-a52c-fbaed0f96c6e): wb my pick
[17:31:41] TheRealColmagi (uuid: c98c1615-0764-41e1-848d-73152bfabe94): its in the chest
[17:31:55] ben_shapiro2020 (uuid: 893a6ed2-6228-4554-a52c-fbaed0f96c6e): kk thx
[17:32:06] ben_shapiro2020 (uuid: 893a6ed2-6228-4554-a52c-fbaed0f96c6e): changing clients
[17:34:49] TheRealColmagi (uuid: c98c1615-0764-41e1-848d-73152bfabe94): wtf
[17:34:53] TheRealColmagi (uuid: c98c1615-0764-41e1-848d-73152bfabe94): are these false positives
[17:36:44] TheRealColmagi (uuid: c98c1615-0764-41e1-848d-73152bfabe94): are u on regular client now
[17:36:55] ben_shapiro2020 (uuid: 893a6ed2-6228-4554-a52c-fbaed0f96c6e): wtf
[17:36:59] TheRealColmagi (uuid: c98c1615-0764-41e1-848d-73152bfabe94): wtf
[17:37:00] ben_shapiro2020 (uuid: 893a6ed2-6228-4554-a52c-fbaed0f96c6e): im gonna try 1.10
[17:38:08] TheRealColmagi (uuid: c98c1615-0764-41e1-848d-73152bfabe94): no false positives i hope
[17:38:21] TheRealColmagi (uuid: c98c1615-0764-41e1-848d-73152bfabe94): seems to work fine
[17:38:28] ben_shapiro2020 (uuid: 893a6ed2-6228-4554-a52c-fbaed0f96c6e): its gay
[17:38:35] TheRealColmagi (uuid: c98c1615-0764-41e1-848d-73152bfabe94): lmao
[17:38:52] TheRealColmagi (uuid: c98c1615-0764-41e1-848d-73152bfabe94): sorry man cant have paul killauraing derek off the end or something
[17:38:56] TheRealColmagi (uuid: c98c1615-0764-41e1-848d-73152bfabe94): derek was real pissed
[17:39:08] ben_shapiro2020 (uuid: 893a6ed2-6228-4554-a52c-fbaed0f96c6e): wait lemme try killaura
[17:40:51] ben_shapiro2020 (uuid: 893a6ed2-6228-4554-a52c-fbaed0f96c6e): this is anticheat right
[17:41:07] TheRealColmagi (uuid: c98c1615-0764-41e1-848d-73152bfabe94): hm
[17:41:09] TheRealColmagi (uuid: c98c1615-0764-41e1-848d-73152bfabe94): what
[17:41:14] TheRealColmagi (uuid: c98c1615-0764-41e1-848d-73152bfabe94): its an anticheat yes
[17:41:18] ben_shapiro2020 (uuid: 893a6ed2-6228-4554-a52c-fbaed0f96c6e): which one
[17:41:27] TheRealColmagi (uuid: c98c1615-0764-41e1-848d-73152bfabe94): i shall not disclose that information
[17:41:37] TheRealColmagi (uuid: c98c1615-0764-41e1-848d-73152bfabe94): sup hubert
[17:41:44] Hubert6194 (uuid: 1ae76006-6711-4e06-9e89-a7e9a547fbfd): nigger faggot
[17:41:46] Hubert6194 (uuid: 1ae76006-6711-4e06-9e89-a7e9a547fbfd): nigger faggot
[17:41:47] TheRealColmagi (uuid: c98c1615-0764-41e1-848d-73152bfabe94): ok LMAO
[17:41:56] TheRealColmagi (uuid: c98c1615-0764-41e1-848d-73152bfabe94): LOL
[17:41:59] TheRealColmagi (uuid: c98c1615-0764-41e1-848d-73152bfabe94): gotem
[17:42:02] TheRealColmagi (uuid: c98c1615-0764-41e1-848d-73152bfabe94): no killaura for you
[17:43:12] TheRealColmagi (uuid: c98c1615-0764-41e1-848d-73152bfabe94): hows the killaura detect
[17:43:33] ben_shapiro2020 (uuid: 893a6ed2-6228-4554-a52c-fbaed0f96c6e): wait place down a mob
[17:43:58] ben_shapiro2020 (uuid: 893a6ed2-6228-4554-a52c-fbaed0f96c6e): still works
[17:44:06] TheRealColmagi (uuid: c98c1615-0764-41e1-848d-73152bfabe94): howd u get kicked the first few times
[17:44:09] Hubert6194 (uuid: 1ae76006-6711-4e06-9e89-a7e9a547fbfd): wait wtf
[17:44:09] TheRealColmagi (uuid: c98c1615-0764-41e1-848d-73152bfabe94): fuck
[17:44:15] TheRealColmagi (uuid: c98c1615-0764-41e1-848d-73152bfabe94): that goddamn thing is so annoying
[17:44:17] Hubert6194 (uuid: 1ae76006-6711-4e06-9e89-a7e9a547fbfd): what the hell just happened
[17:44:20] TheRealColmagi (uuid: c98c1615-0764-41e1-848d-73152bfabe94): hubert what did u lose
[17:44:25] ben_shapiro2020 (uuid: 893a6ed2-6228-4554-a52c-fbaed0f96c6e): stop hacking jewbert
[17:44:29] Hubert6194 (uuid: 1ae76006-6711-4e06-9e89-a7e9a547fbfd): idk like 3 stacks of seeds and some bread
[17:44:33] Hubert6194 (uuid: 1ae76006-6711-4e06-9e89-a7e9a547fbfd): wait wtf happened tho
[17:44:37] Hubert6194 (uuid: 1ae76006-6711-4e06-9e89-a7e9a547fbfd): wait wtf happened tho
[17:44:45] JohnProdman (uuid: 4150cd4b-a415-4298-bdc7-c9e330b466cc): Hi hub
[17:44:50] Hubert6194 (uuid: 1ae76006-6711-4e06-9e89-a7e9a547fbfd): helo
[17:45:46] JohnProdman (uuid: 4150cd4b-a415-4298-bdc7-c9e330b466cc): U get anticheat plugins but no meaningful plugins
[17:46:03] TheRealColmagi (uuid: c98c1615-0764-41e1-848d-73152bfabe94): lmao
[17:46:11] JohnProdman (uuid: 4150cd4b-a415-4298-bdc7-c9e330b466cc): WTF
[17:46:13] Hubert6194 (uuid: 1ae76006-6711-4e06-9e89-a7e9a547fbfd): this is buggy
[17:46:15] JohnProdman (uuid: 4150cd4b-a415-4298-bdc7-c9e330b466cc): Yea
[17:46:20] JohnProdman (uuid: 4150cd4b-a415-4298-bdc7-c9e330b466cc): I jsut fell thru the map and lost my shit
[17:46:22] Hubert6194 (uuid: 1ae76006-6711-4e06-9e89-a7e9a547fbfd): sometimes i just get tped to no where
[17:46:26] Hubert6194 (uuid: 1ae76006-6711-4e06-9e89-a7e9a547fbfd): and fall through bedrock
[17:46:28] TheRealColmagi (uuid: c98c1615-0764-41e1-848d-73152bfabe94): idk why it does that tho
[17:46:28] ben_shapiro2020 (uuid: 893a6ed2-6228-4554-a52c-fbaed0f96c6e): its buggy if u have nofall on
[17:46:36] TheRealColmagi (uuid: c98c1615-0764-41e1-848d-73152bfabe94): it should dragback but not through the world
[17:46:37] Hubert6194 (uuid: 1ae76006-6711-4e06-9e89-a7e9a547fbfd): nigga i ain't got jack shi
[17:46:37] JohnProdman (uuid: 4150cd4b-a415-4298-bdc7-c9e330b466cc): Hubert isnt hacking
[17:46:45] JohnProdman (uuid: 4150cd4b-a415-4298-bdc7-c9e330b466cc): or is he
[17:46:50] Hubert6194 (uuid: 1ae76006-6711-4e06-9e89-a7e9a547fbfd): lmao no
[17:46:54] JohnProdman (uuid: 4150cd4b-a415-4298-bdc7-c9e330b466cc): Can i have my shit back
[17:46:57] JohnProdman (uuid: 4150cd4b-a415-4298-bdc7-c9e330b466cc): That wasnt fair
[17:47:15] ben_shapiro2020 (uuid: 893a6ed2-6228-4554-a52c-fbaed0f96c6e): killauralegit still works
[17:47:19] ben_shapiro2020 (uuid: 893a6ed2-6228-4554-a52c-fbaed0f96c6e): crits does too
[17:47:23] JohnProdman (uuid: 4150cd4b-a415-4298-bdc7-c9e330b466cc): Shut up
[17:47:30] TheRealColmagi (uuid: c98c1615-0764-41e1-848d-73152bfabe94): do u guys have spider hackjs
[17:47:33] JohnProdman (uuid: 4150cd4b-a415-4298-bdc7-c9e330b466cc): no
[17:47:53] JohnProdman (uuid: 4150cd4b-a415-4298-bdc7-c9e330b466cc): I do have item esp and i can see that my items are gone
[17:48:53] JohnProdman (uuid: 4150cd4b-a415-4298-bdc7-c9e330b466cc): When it kicked me and i rejoined i was teleported into a ravine
[17:49:01] JohnProdman (uuid: 4150cd4b-a415-4298-bdc7-c9e330b466cc): With no visible entry point
[17:49:17] JohnProdman (uuid: 4150cd4b-a415-4298-bdc7-c9e330b466cc): Then when i walked to a wall i was teleported out
[17:49:24] JohnProdman (uuid: 4150cd4b-a415-4298-bdc7-c9e330b466cc): under the bedrokk
[17:49:49] TheRealColmagi (uuid: c98c1615-0764-41e1-848d-73152bfabe94): it says distancespoof
[17:49:53] Hubert6194 (uuid: 1ae76006-6711-4e06-9e89-a7e9a547fbfd): bruh
[17:49:53] TheRealColmagi (uuid: c98c1615-0764-41e1-848d-73152bfabe94): i dont fucking know what that means
[17:50:04] JohnProdman (uuid: 4150cd4b-a415-4298-bdc7-c9e330b466cc): U better have made backups
[17:50:37] Hubert6194 (uuid: 1ae76006-6711-4e06-9e89-a7e9a547fbfd): im waiting for ersong to get on
[17:50:43] Hubert6194 (uuid: 1ae76006-6711-4e06-9e89-a7e9a547fbfd): so i can acutally get me shit back
[17:50:46] Hubert6194 (uuid: 1ae76006-6711-4e06-9e89-a7e9a547fbfd): until then
[17:50:49] Hubert6194 (uuid: 1ae76006-6711-4e06-9e89-a7e9a547fbfd): gotta do art
[17:51:13] JohnProdman (uuid: 4150cd4b-a415-4298-bdc7-c9e330b466cc): Distance spoof is teleportation
[17:51:18] JohnProdman (uuid: 4150cd4b-a415-4298-bdc7-c9e330b466cc): I dont even have teleportation
[17:51:24] TheRealColmagi (uuid: c98c1615-0764-41e1-848d-73152bfabe94): ok
[17:51:26] TheRealColmagi (uuid: c98c1615-0764-41e1-848d-73152bfabe94): ill disable tp
[17:51:30] JohnProdman (uuid: 4150cd4b-a415-4298-bdc7-c9e330b466cc): ?
[17:51:48] JohnProdman (uuid: 4150cd4b-a415-4298-bdc7-c9e330b466cc): non like its a teleportation hack
[17:51:56] TheRealColmagi (uuid: c98c1615-0764-41e1-848d-73152bfabe94): wtf i got dragged back lmao
[17:52:02] JohnProdman (uuid: 4150cd4b-a415-4298-bdc7-c9e330b466cc): This hack allows the user to teleport short distances and spoof lag.
[17:52:12] JohnProdman (uuid: 4150cd4b-a415-4298-bdc7-c9e330b466cc): According to google
[17:53:11] TheRealColmagi (uuid: c98c1615-0764-41e1-848d-73152bfabe94): are those false positives
[17:53:14] TheRealColmagi (uuid: c98c1615-0764-41e1-848d-73152bfabe94): or were u actually cheating
[17:53:23] JohnProdman (uuid: 4150cd4b-a415-4298-bdc7-c9e330b466cc): It keep teleporting me a few steps back
[17:53:32] JohnProdman (uuid: 4150cd4b-a415-4298-bdc7-c9e330b466cc): and every time it does it it makes me lose half a heart
[17:53:38] TheRealColmagi (uuid: c98c1615-0764-41e1-848d-73152bfabe94): yeah it damages ppl for it
[17:53:41] JohnProdman (uuid: 4150cd4b-a415-4298-bdc7-c9e330b466cc): I think its teleporting me into the ground
[17:53:42] JohnProdman (uuid: 4150cd4b-a415-4298-bdc7-c9e330b466cc): oh
[17:53:44] JohnProdman (uuid: 4150cd4b-a415-4298-bdc7-c9e330b466cc): thats gay
[17:53:53] JohnProdman (uuid: 4150cd4b-a415-4298-bdc7-c9e330b466cc): Get nocheat+
[17:53:57] JohnProdman (uuid: 4150cd4b-a415-4298-bdc7-c9e330b466cc): Or smth that isnt gay
[17:53:59] TheRealColmagi (uuid: c98c1615-0764-41e1-848d-73152bfabe94): this one is kinda gay
[17:54:24] JohnProdman (uuid: 4150cd4b-a415-4298-bdc7-c9e330b466cc): hateto break it buddy
[17:54:28] JohnProdman (uuid: 4150cd4b-a415-4298-bdc7-c9e330b466cc): but ur player doesnt have a penis
[17:56:45] JohnProdman (uuid: 4150cd4b-a415-4298-bdc7-c9e330b466cc): HI matthew
[17:56:46] TheRealColmagi (uuid: c98c1615-0764-41e1-848d-73152bfabe94): yo
[17:56:47] JohnProdman (uuid: 4150cd4b-a415-4298-bdc7-c9e330b466cc): dont move
[17:56:48] TheRealColmagi (uuid: c98c1615-0764-41e1-848d-73152bfabe94): dont fucking move
[17:56:49] bryantandpat (uuid: 7961a874-c35f-4f34-a0d1-37205c235291):  hello
[17:56:50] JohnProdman (uuid: 4150cd4b-a415-4298-bdc7-c9e330b466cc): and leave the server
[17:56:53] TheRealColmagi (uuid: c98c1615-0764-41e1-848d-73152bfabe94): yeah leave pls
[17:56:55] TheRealColmagi (uuid: c98c1615-0764-41e1-848d-73152bfabe94): lots of bugs
[17:56:56] bryantandpat (uuid: 7961a874-c35f-4f34-a0d1-37205c235291):  what
[17:56:56] JohnProdman (uuid: 4150cd4b-a415-4298-bdc7-c9e330b466cc): or u wil lregret
[17:56:59] TheRealColmagi (uuid: c98c1615-0764-41e1-848d-73152bfabe94): u wanna lose all ur shit
[17:57:02] TheRealColmagi (uuid: c98c1615-0764-41e1-848d-73152bfabe94): dont do anything rn
[17:57:05] bryantandpat (uuid: 7961a874-c35f-4f34-a0d1-37205c235291):  wtf is happening
[17:57:14] JohnProdman (uuid: 4150cd4b-a415-4298-bdc7-c9e330b466cc): james i sent u one on discord
[17:57:14] TheRealColmagi (uuid: c98c1615-0764-41e1-848d-73152bfabe94): false positives
[17:57:34] JohnProdman (uuid: 4150cd4b-a415-4298-bdc7-c9e330b466cc): James decided to install a anticheat put together by a 2 year old
[17:58:02] bryantandpat (uuid: 7961a874-c35f-4f34-a0d1-37205c235291):  jesos
[17:58:12] bryantandpat (uuid: 7961a874-c35f-4f34-a0d1-37205c235291):  cant u just uninstall
[17:58:46] bryantandpat (uuid: 7961a874-c35f-4f34-a0d1-37205c235291):  im moving
[17:58:51] JohnProdman (uuid: 4150cd4b-a415-4298-bdc7-c9e330b466cc): Wym
[17:58:52] TheRealColmagi (uuid: c98c1615-0764-41e1-848d-73152bfabe94): im turnin thsi off
[17:58:53] bryantandpat (uuid: 7961a874-c35f-4f34-a0d1-37205c235291):  i wanna see what happens
[17:58:57] TheRealColmagi (uuid: c98c1615-0764-41e1-848d-73152bfabe94): replacing this anticheat
[17:58:58] JohnProdman (uuid: 4150cd4b-a415-4298-bdc7-c9e330b466cc): u can move
[18:01:08] JohnProdman (uuid: 4150cd4b-a415-4298-bdc7-c9e330b466cc): Did u rmeove or did u try fixing it
[18:01:31] TheRealColmagi (uuid: c98c1615-0764-41e1-848d-73152bfabe94): it says ur caught usin the shit
[18:01:37] TheRealColmagi (uuid: c98c1615-0764-41e1-848d-73152bfabe94): i think im supposed to manually ban
[18:01:37] JohnProdman (uuid: 4150cd4b-a415-4298-bdc7-c9e330b466cc): Right now?
[18:01:40] TheRealColmagi (uuid: c98c1615-0764-41e1-848d-73152bfabe94): yep
[18:01:42] TheRealColmagi (uuid: c98c1615-0764-41e1-848d-73152bfabe94): my fucking screen
[18:01:46] JohnProdman (uuid: 4150cd4b-a415-4298-bdc7-c9e330b466cc): yea cuz i am
[18:01:46] TheRealColmagi (uuid: c98c1615-0764-41e1-848d-73152bfabe94): is full of hacks detected
[18:01:54] JohnProdman (uuid: 4150cd4b-a415-4298-bdc7-c9e330b466cc): wait see if it detects killaura
[18:01:56] TheRealColmagi (uuid: c98c1615-0764-41e1-848d-73152bfabe94): ok
[18:01:58] JohnProdman (uuid: 4150cd4b-a415-4298-bdc7-c9e330b466cc): FUCK
[18:02:02] TheRealColmagi (uuid: c98c1615-0764-41e1-848d-73152bfabe94): ?
[18:02:05] JohnProdman (uuid: 4150cd4b-a415-4298-bdc7-c9e330b466cc): MY AUTO EAT MADE ME EAT A SPIDER EYE
[18:02:27] JohnProdman (uuid: 4150cd4b-a415-4298-bdc7-c9e330b466cc): was it detected
[18:02:36] JohnProdman (uuid: 4150cd4b-a415-4298-bdc7-c9e330b466cc): it kept teleporting me when i was whacking the skeleton
[18:02:58] TheRealColmagi (uuid: c98c1615-0764-41e1-848d-73152bfabe94): jesus
[18:03:00] JohnProdman (uuid: 4150cd4b-a415-4298-bdc7-c9e330b466cc): Cant detect ka?
[18:03:07] TheRealColmagi (uuid: c98c1615-0764-41e1-848d-73152bfabe94): my screen is full of hacks
[18:03:13] TheRealColmagi (uuid: c98c1615-0764-41e1-848d-73152bfabe94): why isnt it kicking any of u
[18:03:31] ben_shapiro2020 (uuid: 893a6ed2-6228-4554-a52c-fbaed0f96c6e): use nocheat+ dumbo
[18:03:39] JohnProdman (uuid: 4150cd4b-a415-4298-bdc7-c9e330b466cc): Send me the files or the website u found it off of
[18:03:42] JohnProdman (uuid: 4150cd4b-a415-4298-bdc7-c9e330b466cc): lemme take a look at config
[18:03:44] TheRealColmagi (uuid: c98c1615-0764-41e1-848d-73152bfabe94): its literally spigot
[18:03:46] TheRealColmagi (uuid: c98c1615-0764-41e1-848d-73152bfabe94): there is no config
[18:04:04] TheRealColmagi (uuid: c98c1615-0764-41e1-848d-73152bfabe94): nocheatplus is the best free one
[18:04:07] JohnProdman (uuid: 4150cd4b-a415-4298-bdc7-c9e330b466cc): How do u cange its settings
[18:04:10] TheRealColmagi (uuid: c98c1615-0764-41e1-848d-73152bfabe94): and most hacks have bypass against it
[18:04:15] TheRealColmagi (uuid: c98c1615-0764-41e1-848d-73152bfabe94): uh
[18:04:20] TheRealColmagi (uuid: c98c1615-0764-41e1-848d-73152bfabe94): idk nigga
[18:04:35] JohnProdman (uuid: 4150cd4b-a415-4298-bdc7-c9e330b466cc): :c
[18:04:40] TheRealColmagi (uuid: c98c1615-0764-41e1-848d-73152bfabe94): p sure its supposed to alert admins of hacking
[18:04:41] JohnProdman (uuid: 4150cd4b-a415-4298-bdc7-c9e330b466cc): Didnt u change settings when u restarted server
[18:04:43] TheRealColmagi (uuid: c98c1615-0764-41e1-848d-73152bfabe94): then they manually kick
[18:04:45] TheRealColmagi (uuid: c98c1615-0764-41e1-848d-73152bfabe94): or ban
[18:06:10] TheRealColmagi (uuid: c98c1615-0764-41e1-848d-73152bfabe94): wtf
[18:06:22] ben_shapiro2020 (uuid: 893a6ed2-6228-4554-a52c-fbaed0f96c6e): what
[18:07:19] JohnProdman (uuid: 4150cd4b-a415-4298-bdc7-c9e330b466cc): CONFIGURABLE - AAC has a comprehensive configuration file. You can enable or disable any component in AAC. You can change how each one works and you can change the thresholds they work with. If you want unnoticeable, automated hack detection, AAC can do t
[18:07:28] JohnProdman (uuid: 4150cd4b-a415-4298-bdc7-c9e330b466cc): Config.yml
[18:07:30] JohnProdman (uuid: 4150cd4b-a415-4298-bdc7-c9e330b466cc): nigga u blind
[18:07:33] JohnProdman (uuid: 4150cd4b-a415-4298-bdc7-c9e330b466cc): U blind
[18:07:38] TheRealColmagi (uuid: c98c1615-0764-41e1-848d-73152bfabe94): ppl say aac is kinda bad
[18:07:44] TheRealColmagi (uuid: c98c1615-0764-41e1-848d-73152bfabe94): antiaura has the exact same thing btw
[18:07:52] JohnProdman (uuid: 4150cd4b-a415-4298-bdc7-c9e330b466cc): Isnt it what ur using rn?
[18:08:01] TheRealColmagi (uuid: c98c1615-0764-41e1-848d-73152bfabe94): no i deleted it
[18:08:04] TheRealColmagi (uuid: c98c1615-0764-41e1-848d-73152bfabe94): im using antieye
[18:08:11] JohnProdman (uuid: 4150cd4b-a415-4298-bdc7-c9e330b466cc): The one i sent u?
[18:08:14] TheRealColmagi (uuid: c98c1615-0764-41e1-848d-73152bfabe94): yes
[18:08:19] TheRealColmagi (uuid: c98c1615-0764-41e1-848d-73152bfabe94): it doesnt kick it appears to just
[18:08:20] TheRealColmagi (uuid: c98c1615-0764-41e1-848d-73152bfabe94): tell me
[18:09:04] TheRealColmagi (uuid: c98c1615-0764-41e1-848d-73152bfabe94): wtf is inventory walk
[18:09:11] ben_shapiro2020 (uuid: 893a6ed2-6228-4554-a52c-fbaed0f96c6e): what
[18:09:31] JohnProdman (uuid: 4150cd4b-a415-4298-bdc7-c9e330b466cc): It says ka detect isnt that great atm
[18:09:54] JohnProdman (uuid: 4150cd4b-a415-4298-bdc7-c9e330b466cc): Their readme is not detailed at all
[18:09:59] ben_shapiro2020 (uuid: 893a6ed2-6228-4554-a52c-fbaed0f96c6e): boatfly still works fine
[18:11:06] JohnProdman (uuid: 4150cd4b-a415-4298-bdc7-c9e330b466cc): Wait thats gay
[18:11:13] JohnProdman (uuid: 4150cd4b-a415-4298-bdc7-c9e330b466cc): The config is included in premium only
[18:11:16] JohnProdman (uuid: 4150cd4b-a415-4298-bdc7-c9e330b466cc): Whats that
[18:11:22] TheRealColmagi (uuid: c98c1615-0764-41e1-848d-73152bfabe94): costs money
[18:11:28] TheRealColmagi (uuid: c98c1615-0764-41e1-848d-73152bfabe94): i think ill just use nocheatplus
[18:11:40] TheRealColmagi (uuid: c98c1615-0764-41e1-848d-73152bfabe94): antiaura actually blocks what alex does but it tps people to the void
[18:11:51] bryantandpat (uuid: 7961a874-c35f-4f34-a0d1-37205c235291): what if u just ban hi
[18:11:52] TheRealColmagi (uuid: c98c1615-0764-41e1-848d-73152bfabe94): and thats cgay
[18:11:57] TheRealColmagi (uuid: c98c1615-0764-41e1-848d-73152bfabe94): i want to ban him
[18:12:10] bryantandpat (uuid: 7961a874-c35f-4f34-a0d1-37205c235291):  why dont u
[18:12:18] JohnProdman (uuid: 4150cd4b-a415-4298-bdc7-c9e330b466cc): ima test a spammer
[18:12:35] ben_shapiro2020 (uuid: 893a6ed2-6228-4554-a52c-fbaed0f96c6e): get on nibber
[18:12:39] bryantandpat (uuid: 7961a874-c35f-4f34-a0d1-37205c235291):  jesos this lag
[18:12:52] ben_shapiro2020 (uuid: 893a6ed2-6228-4554-a52c-fbaed0f96c6e): get on
[18:12:55] TheRealColmagi (uuid: c98c1615-0764-41e1-848d-73152bfabe94): ur gettin false id
[18:12:58] TheRealColmagi (uuid: c98c1615-0764-41e1-848d-73152bfabe94): matjew
[18:12:59] bryantandpat (uuid: 7961a874-c35f-4f34-a0d1-37205c235291):  james smths wrong
[18:13:00] JohnProdman (uuid: 4150cd4b-a415-4298-bdc7-c9e330b466cc): REE
[18:14:29] JohnProdman (uuid: 4150cd4b-a415-4298-bdc7-c9e330b466cc): Did i spam logs
[18:15:12] TheRealColmagi (uuid: c98c1615-0764-41e1-848d-73152bfabe94): well as long as matjew has no false positives
[18:15:16] bryantandpat (uuid: 7961a874-c35f-4f34-a0d1-37205c235291):  wahts that
[18:15:20] TheRealColmagi (uuid: c98c1615-0764-41e1-848d-73152bfabe94): ill use this plugin
[18:15:23] TheRealColmagi (uuid: c98c1615-0764-41e1-848d-73152bfabe94): its when ur accused of using hacks
[18:15:26] TheRealColmagi (uuid: c98c1615-0764-41e1-848d-73152bfabe94): but ur actually not
[18:15:26] JohnProdman (uuid: 4150cd4b-a415-4298-bdc7-c9e330b466cc): it works
[18:15:29] TheRealColmagi (uuid: c98c1615-0764-41e1-848d-73152bfabe94): nice
[18:15:29] bryantandpat (uuid: 7961a874-c35f-4f34-a0d1-37205c235291): wtf
[18:15:35] TheRealColmagi (uuid: c98c1615-0764-41e1-848d-73152bfabe94): it can happen
[18:15:36] TheRealColmagi (uuid: c98c1615-0764-41e1-848d-73152bfabe94): buggy
[18:15:46] bryantandpat (uuid: 7961a874-c35f-4f34-a0d1-37205c235291): howd u catch me
[18:15:49] TheRealColmagi (uuid: c98c1615-0764-41e1-848d-73152bfabe94): LOL
[18:15:54] TheRealColmagi (uuid: c98c1615-0764-41e1-848d-73152bfabe94): so u cant fly
[18:15:54] JohnProdman (uuid: 4150cd4b-a415-4298-bdc7-c9e330b466cc): is this nocheat
[18:15:58] TheRealColmagi (uuid: c98c1615-0764-41e1-848d-73152bfabe94): yes
[18:16:10] TheRealColmagi (uuid: c98c1615-0764-41e1-848d-73152bfabe94): can u fly if i give u /fly
[18:16:19] TheRealColmagi (uuid: c98c1615-0764-41e1-848d-73152bfabe94): i see
[18:16:21] TheRealColmagi (uuid: c98c1615-0764-41e1-848d-73152bfabe94): so its p good
[18:16:31] ben_shapiro2020 (uuid: 893a6ed2-6228-4554-a52c-fbaed0f96c6e): HOLY SHIT
[18:16:42] JohnProdman (uuid: 4150cd4b-a415-4298-bdc7-c9e330b466cc): ??????
[18:16:44] JohnProdman (uuid: 4150cd4b-a415-4298-bdc7-c9e330b466cc): ??? ? ??????
[18:16:46] JohnProdman (uuid: 4150cd4b-a415-4298-bdc7-c9e330b466cc): ????????
[18:16:48] JohnProdman (uuid: 4150cd4b-a415-4298-bdc7-c9e330b466cc): ???
[18:16:52] ben_shapiro2020 (uuid: 893a6ed2-6228-4554-a52c-fbaed0f96c6e): go inside matjews home
[18:17:04] bryantandpat (uuid: 7961a874-c35f-4f34-a0d1-37205c235291): what happened
[18:17:09] JohnProdman (uuid: 4150cd4b-a415-4298-bdc7-c9e330b466cc): nigger
[18:17:11] JohnProdman (uuid: 4150cd4b-a415-4298-bdc7-c9e330b466cc): hi
[18:17:13] JohnProdman (uuid: 4150cd4b-a415-4298-bdc7-c9e330b466cc): ?? ? ???
[18:17:14] JohnProdman (uuid: 4150cd4b-a415-4298-bdc7-c9e330b466cc): ????
[18:17:17] JohnProdman (uuid: 4150cd4b-a415-4298-bdc7-c9e330b466cc): ?????
[18:17:44] TheRealColmagi (uuid: c98c1615-0764-41e1-848d-73152bfabe94): can u killaura
[18:17:49] bryantandpat (uuid: 7961a874-c35f-4f34-a0d1-37205c235291):  wtf
[18:17:53] bryantandpat (uuid: 7961a874-c35f-4f34-a0d1-37205c235291):  i cant mine blocks
[18:18:02] TheRealColmagi (uuid: c98c1615-0764-41e1-848d-73152bfabe94): ?
[18:18:05] TheRealColmagi (uuid: c98c1615-0764-41e1-848d-73152bfabe94): looks like u can
[18:18:09] bryantandpat (uuid: 7961a874-c35f-4f34-a0d1-37205c235291):  i have to mine them twice
[18:18:17] TheRealColmagi (uuid: c98c1615-0764-41e1-848d-73152bfabe94): might just be lag
[18:18:23] bryantandpat (uuid: 7961a874-c35f-4f34-a0d1-37205c235291): o
[18:18:24] JohnProdman (uuid: 4150cd4b-a415-4298-bdc7-c9e330b466cc): or anticheat lag
[18:18:27] TheRealColmagi (uuid: c98c1615-0764-41e1-848d-73152bfabe94): ye
[18:18:30] JohnProdman (uuid: 4150cd4b-a415-4298-bdc7-c9e330b466cc): its verifying every block
[18:18:32] TheRealColmagi (uuid: c98c1615-0764-41e1-848d-73152bfabe94): can u killaura nigga
[18:18:41] bryantandpat (uuid: 7961a874-c35f-4f34-a0d1-37205c235291):  ofc
[18:18:51] TheRealColmagi (uuid: c98c1615-0764-41e1-848d-73152bfabe94): test it faaget
[18:19:29] TheRealColmagi (uuid: c98c1615-0764-41e1-848d-73152bfabe94): wtf is up with the skeletons
[18:19:34] TheRealColmagi (uuid: c98c1615-0764-41e1-848d-73152bfabe94): theyre runnin all over the place
[18:19:37] bryantandpat (uuid: 7961a874-c35f-4f34-a0d1-37205c235291):  pussy
[18:19:40] bryantandpat (uuid: 7961a874-c35f-4f34-a0d1-37205c235291):  get back here
[18:19:52] ben_shapiro2020 (uuid: 893a6ed2-6228-4554-a52c-fbaed0f96c6e): cant hurt anything
[18:19:55] TheRealColmagi (uuid: c98c1615-0764-41e1-848d-73152bfabe94): LOL
[18:20:00] TheRealColmagi (uuid: c98c1615-0764-41e1-848d-73152bfabe94): its getting blocked
[18:20:05] bryantandpat (uuid: 7961a874-c35f-4f34-a0d1-37205c235291):  u lowered my durability
[18:20:08] TheRealColmagi (uuid: c98c1615-0764-41e1-848d-73152bfabe94): rekt
[18:20:31] TheRealColmagi (uuid: c98c1615-0764-41e1-848d-73152bfabe94): lmao
[18:20:40] TheRealColmagi (uuid: c98c1615-0764-41e1-848d-73152bfabe94): tells me everytime someone tries to cheat
[18:20:59] JohnProdman (uuid: 4150cd4b-a415-4298-bdc7-c9e330b466cc): James can i have creative
[18:20:59] ben_shapiro2020 (uuid: 893a6ed2-6228-4554-a52c-fbaed0f96c6e): am i spamming ur screen
[18:21:05] TheRealColmagi (uuid: c98c1615-0764-41e1-848d-73152bfabe94): no
[18:21:13] TheRealColmagi (uuid: c98c1615-0764-41e1-848d-73152bfabe94): nice
[18:21:17] TheRealColmagi (uuid: c98c1615-0764-41e1-848d-73152bfabe94): try to spam me and u get kicked
[18:21:25] JohnProdman (uuid: 4150cd4b-a415-4298-bdc7-c9e330b466cc): gimm creative
[18:21:28] TheRealColmagi (uuid: c98c1615-0764-41e1-848d-73152bfabe94): bruh
[18:21:29] JohnProdman (uuid: 4150cd4b-a415-4298-bdc7-c9e330b466cc): :c
[18:21:32] JohnProdman (uuid: 4150cd4b-a415-4298-bdc7-c9e330b466cc): Im bored
[18:21:47] TheRealColmagi (uuid: c98c1615-0764-41e1-848d-73152bfabe94): br u h
[18:21:52] JohnProdman (uuid: 4150cd4b-a415-4298-bdc7-c9e330b466cc): wot
[18:22:01] JohnProdman (uuid: 4150cd4b-a415-4298-bdc7-c9e330b466cc): Am good boy
[18:22:01] TheRealColmagi (uuid: c98c1615-0764-41e1-848d-73152bfabe94): go build in survival
[18:22:03] JohnProdman (uuid: 4150cd4b-a415-4298-bdc7-c9e330b466cc): :c
[18:22:07] JohnProdman (uuid: 4150cd4b-a415-4298-bdc7-c9e330b466cc): I have already
[18:22:11] TheRealColmagi (uuid: c98c1615-0764-41e1-848d-73152bfabe94): go log in without modded client
[18:22:11] JohnProdman (uuid: 4150cd4b-a415-4298-bdc7-c9e330b466cc): 69 redstone machines
[18:22:25] JohnProdman (uuid: 4150cd4b-a415-4298-bdc7-c9e330b466cc): I want to build :c
[18:22:29] JohnProdman (uuid: 4150cd4b-a415-4298-bdc7-c9e330b466cc): Just lemem do stuff
[18:22:37] TheRealColmagi (uuid: c98c1615-0764-41e1-848d-73152bfabe94): nigga do it in survival
[18:22:40] TheRealColmagi (uuid: c98c1615-0764-41e1-848d-73152bfabe94): ethan tong does that
[18:22:46] JohnProdman (uuid: 4150cd4b-a415-4298-bdc7-c9e330b466cc): He cant build
[18:22:51] JohnProdman (uuid: 4150cd4b-a415-4298-bdc7-c9e330b466cc): and he hasnt built anything
[18:22:55] TheRealColmagi (uuid: c98c1615-0764-41e1-848d-73152bfabe94): ye he has
[18:22:58] bryantandpat (uuid: 7961a874-c35f-4f34-a0d1-37205c235291):  fortune one sucks dick
[18:23:06] bryantandpat (uuid: 7961a874-c35f-4f34-a0d1-37205c235291):  got one double drop out of 9 diamonds
[18:23:12] TheRealColmagi (uuid: c98c1615-0764-41e1-848d-73152bfabe94): LOL
[18:23:18] bryantandpat (uuid: 7961a874-c35f-4f34-a0d1-37205c235291):  is that normal
[18:25:24] TheRealColmagi (uuid: c98c1615-0764-41e1-848d-73152bfabe94): xddddddd
[18:25:25] TheRealColmagi (uuid: c98c1615-0764-41e1-848d-73152bfabe94): jesos
[18:25:27] JohnProdman (uuid: 4150cd4b-a415-4298-bdc7-c9e330b466cc): Gimmie creative, Update server, or get Slimefun
[18:25:28] TheRealColmagi (uuid: c98c1615-0764-41e1-848d-73152bfabe94): what were u doin
[18:25:34] JohnProdman (uuid: 4150cd4b-a415-4298-bdc7-c9e330b466cc): nuker
[18:25:38] TheRealColmagi (uuid: c98c1615-0764-41e1-848d-73152bfabe94): lmao
[18:25:39] bryantandpat (uuid: 7961a874-c35f-4f34-a0d1-37205c235291):  whats slimefun
[18:25:40] JohnProdman (uuid: 4150cd4b-a415-4298-bdc7-c9e330b466cc): it didnt trip up nocheat
[18:25:46] TheRealColmagi (uuid: c98c1615-0764-41e1-848d-73152bfabe94): yeah it did
[18:25:49] TheRealColmagi (uuid: c98c1615-0764-41e1-848d-73152bfabe94): i got a ton of notifs
[18:25:56] JohnProdman (uuid: 4150cd4b-a415-4298-bdc7-c9e330b466cc): its beacuse i was using nuker in protected area
[18:26:03] bryantandpat (uuid: 7961a874-c35f-4f34-a0d1-37205c235291):  nig whats slimefun
[18:26:05] JohnProdman (uuid: 4150cd4b-a415-4298-bdc7-c9e330b466cc): it kciks without
[18:26:08] JohnProdman (uuid: 4150cd4b-a415-4298-bdc7-c9e330b466cc): its a good plugin
[18:26:12] JohnProdman (uuid: 4150cd4b-a415-4298-bdc7-c9e330b466cc): that james refuses to get
[18:26:16] TheRealColmagi (uuid: c98c1615-0764-41e1-848d-73152bfabe94): its literally mods
[18:26:19] JohnProdman (uuid: 4150cd4b-a415-4298-bdc7-c9e330b466cc): because he like to keep his server plain and boring
[18:26:21] TheRealColmagi (uuid: c98c1615-0764-41e1-848d-73152bfabe94): and im not adding that much shit
[18:26:25] TheRealColmagi (uuid: c98c1615-0764-41e1-848d-73152bfabe94): in a normal survival server
[18:26:28] JohnProdman (uuid: 4150cd4b-a415-4298-bdc7-c9e330b466cc): Just do it
[18:26:32] JohnProdman (uuid: 4150cd4b-a415-4298-bdc7-c9e330b466cc): disable jetpacks
[18:26:32] TheRealColmagi (uuid: c98c1615-0764-41e1-848d-73152bfabe94): hell no
[18:26:35] TheRealColmagi (uuid: c98c1615-0764-41e1-848d-73152bfabe94): this is survival
[18:26:41] JohnProdman (uuid: 4150cd4b-a415-4298-bdc7-c9e330b466cc): U can disable some things
[18:26:42] TheRealColmagi (uuid: c98c1615-0764-41e1-848d-73152bfabe94): ill make a goddamn slimefun survival later
[18:26:59] JohnProdman (uuid: 4150cd4b-a415-4298-bdc7-c9e330b466cc): Can u do it now
[18:27:00] bryantandpat (uuid: 7961a874-c35f-4f34-a0d1-37205c235291): wtf found glowstone underground
[18:27:05] bryantandpat (uuid: 7961a874-c35f-4f34-a0d1-37205c235291):  is that normal
[18:27:17] TheRealColmagi (uuid: c98c1615-0764-41e1-848d-73152bfabe94): uh
[18:27:18] JohnProdman (uuid: 4150cd4b-a415-4298-bdc7-c9e330b466cc): nigga
[18:27:19] TheRealColmagi (uuid: c98c1615-0764-41e1-848d-73152bfabe94): no
[18:27:22] JohnProdman (uuid: 4150cd4b-a415-4298-bdc7-c9e330b466cc): Niggor
[18:27:24] JohnProdman (uuid: 4150cd4b-a415-4298-bdc7-c9e330b466cc): i can walk on water
[18:27:32] TheRealColmagi (uuid: c98c1615-0764-41e1-848d-73152bfabe94): jesus
[18:27:33] TheRealColmagi (uuid: c98c1615-0764-41e1-848d-73152bfabe94): hack
[18:27:36] JohnProdman (uuid: 4150cd4b-a415-4298-bdc7-c9e330b466cc): I am jesus
[18:27:41] TheRealColmagi (uuid: c98c1615-0764-41e1-848d-73152bfabe94): ik thats one thing antiaura detects
[18:27:52] TheRealColmagi (uuid: c98c1615-0764-41e1-848d-73152bfabe94): this isnt that bad of a cheat
[18:27:57] JohnProdman (uuid: 4150cd4b-a415-4298-bdc7-c9e330b466cc): look
[18:28:07] JohnProdman (uuid: 4150cd4b-a415-4298-bdc7-c9e330b466cc): i can mine water
[18:28:12] TheRealColmagi (uuid: c98c1615-0764-41e1-848d-73152bfabe94): i dont see shit
[18:28:21] TheRealColmagi (uuid: c98c1615-0764-41e1-848d-73152bfabe94): looks like ur punching nothing
[18:28:34] JohnProdman (uuid: 4150cd4b-a415-4298-bdc7-c9e330b466cc): is boring
[18:28:44] TheRealColmagi (uuid: c98c1615-0764-41e1-848d-73152bfabe94): watch
[18:28:49] JohnProdman (uuid: 4150cd4b-a415-4298-bdc7-c9e330b466cc): ik
[18:28:57] JohnProdman (uuid: 4150cd4b-a415-4298-bdc7-c9e330b466cc): With slimefun u get wands
[18:29:01] JohnProdman (uuid: 4150cd4b-a415-4298-bdc7-c9e330b466cc): that are way more fun
[18:31:59] JohnProdman (uuid: 4150cd4b-a415-4298-bdc7-c9e330b466cc): gimmeh op
[18:32:00] JohnProdman (uuid: 4150cd4b-a415-4298-bdc7-c9e330b466cc): :c
[18:32:07] JohnProdman (uuid: 4150cd4b-a415-4298-bdc7-c9e330b466cc): ima kms
[18:32:15] bryantandpat (uuid: 7961a874-c35f-4f34-a0d1-37205c235291): is there an enchant that automatically smelts ores for u
[18:32:23] JohnProdman (uuid: 4150cd4b-a415-4298-bdc7-c9e330b466cc): in slimefun there is
[19:00:46] JohnProdman (uuid: 4150cd4b-a415-4298-bdc7-c9e330b466cc): faggot
[19:00:48] JohnProdman (uuid: 4150cd4b-a415-4298-bdc7-c9e330b466cc): gag0t
[19:00:51] JohnProdman (uuid: 4150cd4b-a415-4298-bdc7-c9e330b466cc): fagot
[19:03:32] Mrmapl3syrup (uuid: b3f11e18-ff16-45fe-85b7-bb69e73fb17c): big peepee
[19:03:35] JohnProdman (uuid: 4150cd4b-a415-4298-bdc7-c9e330b466cc): maple
[19:03:38] Mrmapl3syrup (uuid: b3f11e18-ff16-45fe-85b7-bb69e73fb17c): me
[19:03:41] JohnProdman (uuid: 4150cd4b-a415-4298-bdc7-c9e330b466cc): He added anticheat
[19:03:45] JohnProdman (uuid: 4150cd4b-a415-4298-bdc7-c9e330b466cc): and it doesnt work
[19:03:48] Mrmapl3syrup (uuid: b3f11e18-ff16-45fe-85b7-bb69e73fb17c): i know
[19:03:48] JohnProdman (uuid: 4150cd4b-a415-4298-bdc7-c9e330b466cc): and it makes u die
[19:03:51] Mrmapl3syrup (uuid: b3f11e18-ff16-45fe-85b7-bb69e73fb17c): oh LOL
[19:03:52] JohnProdman (uuid: 4150cd4b-a415-4298-bdc7-c9e330b466cc): I los all my shits
[19:03:53] JohnProdman (uuid: 4150cd4b-a415-4298-bdc7-c9e330b466cc): hes gay
[19:04:06] Mrmapl3syrup (uuid: b3f11e18-ff16-45fe-85b7-bb69e73fb17c): tbh I just wanted somethign that just didnt let you guys cheat
[19:04:22] Mrmapl3syrup (uuid: b3f11e18-ff16-45fe-85b7-bb69e73fb17c): i cant fix it tho
[19:04:28] JohnProdman (uuid: 4150cd4b-a415-4298-bdc7-c9e330b466cc): just gimmie creative
[19:04:29] Mrmapl3syrup (uuid: b3f11e18-ff16-45fe-85b7-bb69e73fb17c): i dunno the commands
[19:04:31] Mrmapl3syrup (uuid: b3f11e18-ff16-45fe-85b7-bb69e73fb17c): lol no
[19:04:31] JohnProdman (uuid: 4150cd4b-a415-4298-bdc7-c9e330b466cc): I use my cheas to build
[19:04:40] Mrmapl3syrup (uuid: b3f11e18-ff16-45fe-85b7-bb69e73fb17c): one sec
[19:04:46] JohnProdman (uuid: 4150cd4b-a415-4298-bdc7-c9e330b466cc): unlike the other fag who uses it to get op
[19:04:51] Mrmapl3syrup (uuid: b3f11e18-ff16-45fe-85b7-bb69e73fb17c): you can fly now
[19:04:54] JohnProdman (uuid: 4150cd4b-a415-4298-bdc7-c9e330b466cc): thanks
[19:05:01] Mrmapl3syrup (uuid: b3f11e18-ff16-45fe-85b7-bb69e73fb17c): il turn it off once i get off tonight
[19:05:11] Mrmapl3syrup (uuid: b3f11e18-ff16-45fe-85b7-bb69e73fb17c): brb
[19:05:13] JohnProdman (uuid: 4150cd4b-a415-4298-bdc7-c9e330b466cc): do u have redstone
[19:05:18] JohnProdman (uuid: 4150cd4b-a415-4298-bdc7-c9e330b466cc): i lost everything
[19:05:19] Mrmapl3syrup (uuid: b3f11e18-ff16-45fe-85b7-bb69e73fb17c): il just give u some
[19:05:28] Mrmapl3syrup (uuid: b3f11e18-ff16-45fe-85b7-bb69e73fb17c): brb
[19:08:26] JohnProdman (uuid: 4150cd4b-a415-4298-bdc7-c9e330b466cc): it got disabled
[19:09:27] JohnProdman (uuid: 4150cd4b-a415-4298-bdc7-c9e330b466cc): ree
[19:15:56] JohnProdman (uuid: 4150cd4b-a415-4298-bdc7-c9e330b466cc): help me
[19:19:19] TheRealColmagi (uuid: c98c1615-0764-41e1-848d-73152bfabe94): x d
[19:19:30] Mrmapl3syrup (uuid: b3f11e18-ff16-45fe-85b7-bb69e73fb17c): egg
[19:19:32] Mrmapl3syrup (uuid: b3f11e18-ff16-45fe-85b7-bb69e73fb17c): dee
[19:19:40] TheRealColmagi (uuid: c98c1615-0764-41e1-848d-73152bfabe94): maple
[19:19:43] TheRealColmagi (uuid: c98c1615-0764-41e1-848d-73152bfabe94): the anticheat works
[19:19:45] Mrmapl3syrup (uuid: b3f11e18-ff16-45fe-85b7-bb69e73fb17c): yea
[19:19:48] Mrmapl3syrup (uuid: b3f11e18-ff16-45fe-85b7-bb69e73fb17c): i can tell LOL
[19:19:49] TheRealColmagi (uuid: c98c1615-0764-41e1-848d-73152bfabe94): the old one i installed sent ppl to the void
[19:19:54] TheRealColmagi (uuid: c98c1615-0764-41e1-848d-73152bfabe94): this one works just fine
[19:19:57] Mrmapl3syrup (uuid: b3f11e18-ff16-45fe-85b7-bb69e73fb17c): oof
[19:19:57] TheRealColmagi (uuid: c98c1615-0764-41e1-848d-73152bfabe94): no false positives
[19:20:25] Mrmapl3syrup (uuid: b3f11e18-ff16-45fe-85b7-bb69e73fb17c): oof john left
[19:20:38] Mrmapl3syrup (uuid: b3f11e18-ff16-45fe-85b7-bb69e73fb17c): i gave him fly to build but i guess he tried to hack or something and got oofed
[19:20:41] TheRealColmagi (uuid: c98c1615-0764-41e1-848d-73152bfabe94): nibba
[19:20:50] Mrmapl3syrup (uuid: b3f11e18-ff16-45fe-85b7-bb69e73fb17c): nogga
[19:21:15] Mrmapl3syrup (uuid: b3f11e18-ff16-45fe-85b7-bb69e73fb17c): well no one is on
[19:21:18] Mrmapl3syrup (uuid: b3f11e18-ff16-45fe-85b7-bb69e73fb17c): so ima get off
[19:21:20] Mrmapl3syrup (uuid: b3f11e18-ff16-45fe-85b7-bb69e73fb17c): Y E E T
[19:23:32] TheRealColmagi (uuid: c98c1615-0764-41e1-848d-73152bfabe94): holy lah
[19:23:43] TheRealColmagi (uuid: c98c1615-0764-41e1-848d-73152bfabe94): nigga wot u lose
[19:23:47] TheRealColmagi (uuid: c98c1615-0764-41e1-848d-73152bfabe94): the anticheat works now
[19:23:50] TheRealColmagi (uuid: c98c1615-0764-41e1-848d-73152bfabe94): i got another one
[19:23:58] Hubert6194 (uuid: 1ae76006-6711-4e06-9e89-a7e9a547fbfd): he
[19:24:00] Hubert6194 (uuid: 1ae76006-6711-4e06-9e89-a7e9a547fbfd): hehe
[19:24:15] Hubert6194 (uuid: 1ae76006-6711-4e06-9e89-a7e9a547fbfd): haven't got my sword back from ersong
[19:24:17] TheRealColmagi (uuid: c98c1615-0764-41e1-848d-73152bfabe94): alex ne better not be afking
[19:24:21] bigboi2016 (uuid: bddd595a-c3c6-47b5-b788-70d5b62550ff): no
[19:24:21] TheRealColmagi (uuid: c98c1615-0764-41e1-848d-73152bfabe94): *ni
[19:24:34] TheRealColmagi (uuid: c98c1615-0764-41e1-848d-73152bfabe94): i see u with ur fish farm
[19:24:38] bigboi2016 (uuid: bddd595a-c3c6-47b5-b788-70d5b62550ff): but im like 20k blocks away from origin
[19:24:42] TheRealColmagi (uuid: c98c1615-0764-41e1-848d-73152bfabe94): wot
[19:24:43] TheRealColmagi (uuid: c98c1615-0764-41e1-848d-73152bfabe94): y
[19:24:46] bigboi2016 (uuid: bddd595a-c3c6-47b5-b788-70d5b62550ff): exploring
[19:24:50] TheRealColmagi (uuid: c98c1615-0764-41e1-848d-73152bfabe94): o nice
[19:24:51] bigboi2016 (uuid: bddd595a-c3c6-47b5-b788-70d5b62550ff): cant find a jungl
[19:24:54] TheRealColmagi (uuid: c98c1615-0764-41e1-848d-73152bfabe94): o ye
[19:24:56] TheRealColmagi (uuid: c98c1615-0764-41e1-848d-73152bfabe94): me neither
[19:25:21] TheRealColmagi (uuid: c98c1615-0764-41e1-848d-73152bfabe94): lag?
[19:25:25] Mrmapl3syrup (uuid: b3f11e18-ff16-45fe-85b7-bb69e73fb17c):  E
[19:25:29] TheRealColmagi (uuid: c98c1615-0764-41e1-848d-73152bfabe94): no wait im just auts
[19:25:55] Hubert6194 (uuid: 1ae76006-6711-4e06-9e89-a7e9a547fbfd): can i have my sword
[19:26:03] TheRealColmagi (uuid: c98c1615-0764-41e1-848d-73152bfabe94): jesos
[19:26:08] TheRealColmagi (uuid: c98c1615-0764-41e1-848d-73152bfabe94): wheres imine
[19:26:21] Mrmapl3syrup (uuid: b3f11e18-ff16-45fe-85b7-bb69e73fb17c): imine was on earlier
[19:26:30] TheRealColmagi (uuid: c98c1615-0764-41e1-848d-73152bfabe94): ye
[19:26:30] Mrmapl3syrup (uuid: b3f11e18-ff16-45fe-85b7-bb69e73fb17c): everyone was afk tho
[19:27:20] Hubert6194 (uuid: 1ae76006-6711-4e06-9e89-a7e9a547fbfd): just tell me when ethan gets on
[19:27:21] TheRealColmagi (uuid: c98c1615-0764-41e1-848d-73152bfabe94): allah
[19:27:26] Mrmapl3syrup (uuid: b3f11e18-ff16-45fe-85b7-bb69e73fb17c): for allah
[19:27:33] Mrmapl3syrup (uuid: b3f11e18-ff16-45fe-85b7-bb69e73fb17c): oof
[19:27:55] TheRealColmagi (uuid: c98c1615-0764-41e1-848d-73152bfabe94): holy shit i have so much hw lmaooo
[19:28:02] Mrmapl3syrup (uuid: b3f11e18-ff16-45fe-85b7-bb69e73fb17c): i have a few papers
[19:28:15] Mrmapl3syrup (uuid: b3f11e18-ff16-45fe-85b7-bb69e73fb17c): wut
[19:29:49] Mrmapl3syrup (uuid: b3f11e18-ff16-45fe-85b7-bb69e73fb17c): 
[19:30:03] TheRealColmagi (uuid: c98c1615-0764-41e1-848d-73152bfabe94): lmao oof i see some false positives
[19:30:06] TheRealColmagi (uuid: c98c1615-0764-41e1-848d-73152bfabe94): bigboi do u haev hax
[19:30:55] TheRealColmagi (uuid: c98c1615-0764-41e1-848d-73152bfabe94): lmao ive been using my speed sword so much
[19:31:00] bryantandpat (uuid: 7961a874-c35f-4f34-a0d1-37205c235291):  whats that
[19:31:04] TheRealColmagi (uuid: c98c1615-0764-41e1-848d-73152bfabe94): that my fov is literally just quake pro
[19:31:08] TheRealColmagi (uuid: c98c1615-0764-41e1-848d-73152bfabe94): 24/7
[19:32:29] bryantandpat (uuid: 7961a874-c35f-4f34-a0d1-37205c235291):  wait quake pro is so cool
[19:37:21] Mrmapl3syrup (uuid: b3f11e18-ff16-45fe-85b7-bb69e73fb17c): big peepee
[20:04:50] TheRealColmagi (uuid: c98c1615-0764-41e1-848d-73152bfabe94): ah
[20:04:53] TheRealColmagi (uuid: c98c1615-0764-41e1-848d-73152bfabe94): i got auts
[20:05:02] bigboi2016 (uuid: bddd595a-c3c6-47b5-b788-70d5b62550ff): whered everyone go
[20:05:06] TheRealColmagi (uuid: c98c1615-0764-41e1-848d-73152bfabe94): idk they left
[20:05:11] TheRealColmagi (uuid: c98c1615-0764-41e1-848d-73152bfabe94): i think theyre comin back at 10
[20:05:12] TheRealColmagi (uuid: c98c1615-0764-41e1-848d-73152bfabe94): cuz hw
[20:05:14] TheRealColmagi (uuid: c98c1615-0764-41e1-848d-73152bfabe94): euro gayyy
[20:05:17] bigboi2016 (uuid: bddd595a-c3c6-47b5-b788-70d5b62550ff): oof
[20:05:19] bigboi2016 (uuid: bddd595a-c3c6-47b5-b788-70d5b62550ff): reading?
[20:05:24] TheRealColmagi (uuid: c98c1615-0764-41e1-848d-73152bfabe94): ye
[21:24:27] TheRealColmagi (uuid: c98c1615-0764-41e1-848d-73152bfabe94): aAAAAA
[21:31:06] bryantandpat (uuid: 7961a874-c35f-4f34-a0d1-37205c235291):  hello james
[21:36:46] bigboi2016 (uuid: bddd595a-c3c6-47b5-b788-70d5b62550ff): hello
[21:36:50] ben_shapiro2020 (uuid: 893a6ed2-6228-4554-a52c-fbaed0f96c6e): hello
[21:37:12] ben_shapiro2020 (uuid: 893a6ed2-6228-4554-a52c-fbaed0f96c6e): i like to afk here bc my place is too open and mobs get in
[21:37:34] bryantandpat (uuid: 7961a874-c35f-4f34-a0d1-37205c235291): wtf
[21:37:42] bryantandpat (uuid: 7961a874-c35f-4f34-a0d1-37205c235291):  thers a baby zombie villager in my pen
[21:37:49] bryantandpat (uuid: 7961a874-c35f-4f34-a0d1-37205c235291):  but its not attacking and i cant hit it
[21:37:57] ben_shapiro2020 (uuid: 893a6ed2-6228-4554-a52c-fbaed0f96c6e): i died bc of it
[21:38:03] bryantandpat (uuid: 7961a874-c35f-4f34-a0d1-37205c235291): tf
[21:38:13] bryantandpat (uuid: 7961a874-c35f-4f34-a0d1-37205c235291):  i cant even interact with it
[21:41:30] TheRealColmagi (uuid: c98c1615-0764-41e1-848d-73152bfabe94): lol i got auts
[21:41:32] bryantandpat (uuid: 7961a874-c35f-4f34-a0d1-37205c235291):  ez got it out
[21:41:33] TheRealColmagi (uuid: c98c1615-0764-41e1-848d-73152bfabe94): euro gay
[21:42:46] ben_shapiro2020 (uuid: 893a6ed2-6228-4554-a52c-fbaed0f96c6e): im lagging
[21:44:19] bryantandpat (uuid: 7961a874-c35f-4f34-a0d1-37205c235291):  why do axes have more attack than swords
[21:44:31] bigboi2016 (uuid: bddd595a-c3c6-47b5-b788-70d5b62550ff): theyre slower
[21:44:36] bryantandpat (uuid: 7961a874-c35f-4f34-a0d1-37205c235291): o
[21:44:46] ben_shapiro2020 (uuid: 893a6ed2-6228-4554-a52c-fbaed0f96c6e): i actually hate my life
[21:44:52] ben_shapiro2020 (uuid: 893a6ed2-6228-4554-a52c-fbaed0f96c6e): im wasting so much time on here
[21:45:44] bryantandpat (uuid: 7961a874-c35f-4f34-a0d1-37205c235291): u should do ehap
[21:46:00] ben_shapiro2020 (uuid: 893a6ed2-6228-4554-a52c-fbaed0f96c6e): done with ehap
[21:46:17] bryantandpat (uuid: 7961a874-c35f-4f34-a0d1-37205c235291): quiz
[21:47:23] TheRealColmagi (uuid: c98c1615-0764-41e1-848d-73152bfabe94): LMAO DID MY SERVER BR O AKE
[21:50:38] TheRealColmagi (uuid: c98c1615-0764-41e1-848d-73152bfabe94): nice one
[21:54:54] ben_shapiro2020 (uuid: 893a6ed2-6228-4554-a52c-fbaed0f96c6e): matjew can u help me chop down this tree
[21:54:57] bryantandpat (uuid: 7961a874-c35f-4f34-a0d1-37205c235291): kk
[21:55:20] ben_shapiro2020 (uuid: 893a6ed2-6228-4554-a52c-fbaed0f96c6e): needed some wood
[21:55:23] ben_shapiro2020 (uuid: 893a6ed2-6228-4554-a52c-fbaed0f96c6e): thx
[21:55:27] bryantandpat (uuid: 7961a874-c35f-4f34-a0d1-37205c235291): np
[21:55:41] ben_shapiro2020 (uuid: 893a6ed2-6228-4554-a52c-fbaed0f96c6e): wait u forgot 1 part
[21:57:34] bryantandpat (uuid: 7961a874-c35f-4f34-a0d1-37205c235291): wtf happened to the plain
[22:06:47] ben_shapiro2020 (uuid: 893a6ed2-6228-4554-a52c-fbaed0f96c6e): does any1 have cobwebs
[22:07:16] ben_shapiro2020 (uuid: 893a6ed2-6228-4554-a52c-fbaed0f96c6e): is it lagging again
[22:07:20] bigboi2016 (uuid: bddd595a-c3c6-47b5-b788-70d5b62550ff): no
[22:07:32] bryantandpat (uuid: 7961a874-c35f-4f34-a0d1-37205c235291): jesos why do
[22:07:51] bryantandpat (uuid: 7961a874-c35f-4f34-a0d1-37205c235291): why do enderpearls make u take so much dmg
[22:07:59] bigboi2016 (uuid: bddd595a-c3c6-47b5-b788-70d5b62550ff): wear feather faling
[22:08:17] bigboi2016 (uuid: bddd595a-c3c6-47b5-b788-70d5b62550ff): helps a lot
[22:08:27] bigboi2016 (uuid: bddd595a-c3c6-47b5-b788-70d5b62550ff): afk until the end of time
[22:19:15] TheRealColmagi (uuid: c98c1615-0764-41e1-848d-73152bfabe94): nigga how many times have u gotten kicked
[22:19:43] ben_shapiro2020 (uuid: 893a6ed2-6228-4554-a52c-fbaed0f96c6e): thx
[22:21:23] TheRealColmagi (uuid: c98c1615-0764-41e1-848d-73152bfabe94): tnt cannons
[22:21:31] ben_shapiro2020 (uuid: 893a6ed2-6228-4554-a52c-fbaed0f96c6e): no tnt doesnt work
[22:24:14] ben_shapiro2020 (uuid: 893a6ed2-6228-4554-a52c-fbaed0f96c6e): wtf
[22:24:18] TheRealColmagi (uuid: c98c1615-0764-41e1-848d-73152bfabe94): caught u
[22:25:37] ben_shapiro2020 (uuid: 893a6ed2-6228-4554-a52c-fbaed0f96c6e): i have auts
[22:25:43] TheRealColmagi (uuid: c98c1615-0764-41e1-848d-73152bfabe94): yes
[22:25:52] ben_shapiro2020 (uuid: 893a6ed2-6228-4554-a52c-fbaed0f96c6e): tp me back please
[22:25:58] ben_shapiro2020 (uuid: 893a6ed2-6228-4554-a52c-fbaed0f96c6e): i dont have fly
[22:26:21] ben_shapiro2020 (uuid: 893a6ed2-6228-4554-a52c-fbaed0f96c6e): thx
[22:26:50] ben_shapiro2020 (uuid: 893a6ed2-6228-4554-a52c-fbaed0f96c6e): home
[22:27:01] ben_shapiro2020 (uuid: 893a6ed2-6228-4554-a52c-fbaed0f96c6e): can u do it 1 more time
[22:29:34] ben_shapiro2020 (uuid: 893a6ed2-6228-4554-a52c-fbaed0f96c6e): did u take my tnt
[22:29:37] TheRealColmagi (uuid: c98c1615-0764-41e1-848d-73152bfabe94): no
[22:30:40] ben_shapiro2020 (uuid: 893a6ed2-6228-4554-a52c-fbaed0f96c6e): where can i buy sand
