[00:00:32] TheRealColmagi (uuid: c98c1615-0764-41e1-848d-73152bfabe94): wtf
[00:00:37] TheRealColmagi (uuid: c98c1615-0764-41e1-848d-73152bfabe94): r u afk
[20:13:34] bryantandpat (uuid: 7961a874-c35f-4f34-a0d1-37205c235291):  mhmmm
[20:13:46] ben_shapiro2020 (uuid: 893a6ed2-6228-4554-a52c-fbaed0f96c6e): why not
[20:13:51] ben_shapiro2020 (uuid: 893a6ed2-6228-4554-a52c-fbaed0f96c6e): ill improve ur base
[20:14:03] bryantandpat (uuid: 7961a874-c35f-4f34-a0d1-37205c235291):  i dont trust hackers
[20:14:09] ben_shapiro2020 (uuid: 893a6ed2-6228-4554-a52c-fbaed0f96c6e): gimmie trust for like 10 sec
[20:14:15] ben_shapiro2020 (uuid: 893a6ed2-6228-4554-a52c-fbaed0f96c6e): also cant hack anymore
[20:14:20] bryantandpat (uuid: 7961a874-c35f-4f34-a0d1-37205c235291):  bruh u tried to blow up dereks house
[20:14:26] ben_shapiro2020 (uuid: 893a6ed2-6228-4554-a52c-fbaed0f96c6e): tnt doesnt work
[20:14:33] bryantandpat (uuid: 7961a874-c35f-4f34-a0d1-37205c235291):  it does if u have trust
[20:14:38] ben_shapiro2020 (uuid: 893a6ed2-6228-4554-a52c-fbaed0f96c6e): no it doesnt
[20:14:45] ben_shapiro2020 (uuid: 893a6ed2-6228-4554-a52c-fbaed0f96c6e): i cant even blow up my own house
[20:14:51] bryantandpat (uuid: 7961a874-c35f-4f34-a0d1-37205c235291):  ur still gna jack something up
[20:15:04] ben_shapiro2020 (uuid: 893a6ed2-6228-4554-a52c-fbaed0f96c6e): no i just wanna take out this cobble stack
[20:15:09] bryantandpat (uuid: 7961a874-c35f-4f34-a0d1-37205c235291): kk
[20:15:54] ben_shapiro2020 (uuid: 893a6ed2-6228-4554-a52c-fbaed0f96c6e): ur welcome
[20:16:04] bryantandpat (uuid: 7961a874-c35f-4f34-a0d1-37205c235291):  nigga wtf that
[20:16:06] bryantandpat (uuid: 7961a874-c35f-4f34-a0d1-37205c235291):  bruh wtf
[20:16:11] bryantandpat (uuid: 7961a874-c35f-4f34-a0d1-37205c235291):  that skeleton was fast asf
[20:16:18] ben_shapiro2020 (uuid: 893a6ed2-6228-4554-a52c-fbaed0f96c6e): that means ur gay
[20:17:33] bryantandpat (uuid: 7961a874-c35f-4f34-a0d1-37205c235291):  wait was there hum hw
[20:17:40] ben_shapiro2020 (uuid: 893a6ed2-6228-4554-a52c-fbaed0f96c6e): mhm thursday
[20:17:44] bryantandpat (uuid: 7961a874-c35f-4f34-a0d1-37205c235291):  what
[20:17:51] ben_shapiro2020 (uuid: 893a6ed2-6228-4554-a52c-fbaed0f96c6e): reading
[20:17:55] bryantandpat (uuid: 7961a874-c35f-4f34-a0d1-37205c235291): fuck
