[18:00:51] TheRealColmagi (uuid: c98c1615-0764-41e1-848d-73152bfabe94): whats up nigroid
[18:01:06] TheRealColmagi (uuid: c98c1615-0764-41e1-848d-73152bfabe94): here nigga
[18:01:47] TheRealColmagi (uuid: c98c1615-0764-41e1-848d-73152bfabe94): also heres a goonsquad for u
[18:02:34] TheRealColmagi (uuid: c98c1615-0764-41e1-848d-73152bfabe94): paul got auts
[18:02:36] TheRealColmagi (uuid: c98c1615-0764-41e1-848d-73152bfabe94): wtf he doin
[18:02:39] TheRealColmagi (uuid: c98c1615-0764-41e1-848d-73152bfabe94): who put down the alva
[18:02:45] PiranhaBoy (uuid: 068bfb61-fb8a-4553-8305-2af64537cadb): paul give me my shit back
[18:02:51] TheRealColmagi (uuid: c98c1615-0764-41e1-848d-73152bfabe94): paul is not on
[18:03:32] TheRealColmagi (uuid: c98c1615-0764-41e1-848d-73152bfabe94): dis doggo escaping
[18:03:52] TheRealColmagi (uuid: c98c1615-0764-41e1-848d-73152bfabe94): o ye all ur animals did id
[18:03:53] TheRealColmagi (uuid: c98c1615-0764-41e1-848d-73152bfabe94): die
[18:03:59] PiranhaBoy (uuid: 068bfb61-fb8a-4553-8305-2af64537cadb): Lol ruo
[18:04:01] TheRealColmagi (uuid: c98c1615-0764-41e1-848d-73152bfabe94): idk how that ahppened tho
[18:04:11] TheRealColmagi (uuid: c98c1615-0764-41e1-848d-73152bfabe94): i gotta go eat lmao
[18:07:26] PiranhaBoy (uuid: 068bfb61-fb8a-4553-8305-2af64537cadb): t
[18:12:00] TheRealColmagi (uuid: c98c1615-0764-41e1-848d-73152bfabe94): imajew
[18:12:02] TheRealColmagi (uuid: c98c1615-0764-41e1-848d-73152bfabe94): im back fags
[18:12:17] TheRealColmagi (uuid: c98c1615-0764-41e1-848d-73152bfabe94): do u want me to remove this lava thing
[18:13:58] TheRealColmagi (uuid: c98c1615-0764-41e1-848d-73152bfabe94): hello n i g r o
[18:14:05] TheRealColmagi (uuid: c98c1615-0764-41e1-848d-73152bfabe94): are you alive faget
[18:14:12] TheRealColmagi (uuid: c98c1615-0764-41e1-848d-73152bfabe94): im gonna beat u up
[18:14:58] TheRealColmagi (uuid: c98c1615-0764-41e1-848d-73152bfabe94): le re
[18:20:39] TheRealColmagi (uuid: c98c1615-0764-41e1-848d-73152bfabe94): hello
[18:20:40] TheRealColmagi (uuid: c98c1615-0764-41e1-848d-73152bfabe94): jew
[18:20:58] iMine03 (uuid: 0f9d4172-c235-4bd2-9897-490c4a93ddfe): jewbert
[18:21:02] TheRealColmagi (uuid: c98c1615-0764-41e1-848d-73152bfabe94): hello my roommate
[18:21:10] iMine03 (uuid: 0f9d4172-c235-4bd2-9897-490c4a93ddfe): my horse is on the verandah
[18:21:17] TheRealColmagi (uuid: c98c1615-0764-41e1-848d-73152bfabe94): i haev to take a shit LOL
[18:24:17] iMine03 (uuid: 0f9d4172-c235-4bd2-9897-490c4a93ddfe): matjew
[18:24:21] bryantandpat (uuid: 7961a874-c35f-4f34-a0d1-37205c235291): what
[18:24:24] iMine03 (uuid: 0f9d4172-c235-4bd2-9897-490c4a93ddfe): my ass
[18:24:27] iMine03 (uuid: 0f9d4172-c235-4bd2-9897-490c4a93ddfe): look at my house
[18:24:31] bryantandpat (uuid: 7961a874-c35f-4f34-a0d1-37205c235291):  i wanna see the hous
[18:24:33] bryantandpat (uuid: 7961a874-c35f-4f34-a0d1-37205c235291): house
[18:24:46] iMine03 (uuid: 0f9d4172-c235-4bd2-9897-490c4a93ddfe): kk tpa
[18:25:27] iMine03 (uuid: 0f9d4172-c235-4bd2-9897-490c4a93ddfe): u can come in
[18:25:48] iMine03 (uuid: 0f9d4172-c235-4bd2-9897-490c4a93ddfe): read the s i g n s
[18:25:59] bryantandpat (uuid: 7961a874-c35f-4f34-a0d1-37205c235291): mhmm
[18:26:12] bryantandpat (uuid: 7961a874-c35f-4f34-a0d1-37205c235291):  whats the gold thing
[18:26:17] iMine03 (uuid: 0f9d4172-c235-4bd2-9897-490c4a93ddfe): it's a clock i think
[18:26:20] bryantandpat (uuid: 7961a874-c35f-4f34-a0d1-37205c235291): wtf
[18:26:23] bryantandpat (uuid: 7961a874-c35f-4f34-a0d1-37205c235291):  how do u use it
[18:26:28] iMine03 (uuid: 0f9d4172-c235-4bd2-9897-490c4a93ddfe): look at the time ez
[18:26:34] bryantandpat (uuid: 7961a874-c35f-4f34-a0d1-37205c235291): wot
[18:26:44] iMine03 (uuid: 0f9d4172-c235-4bd2-9897-490c4a93ddfe): i built all of this my damn self
[18:26:50] bryantandpat (uuid: 7961a874-c35f-4f34-a0d1-37205c235291): very nice ersong!
[18:27:00] iMine03 (uuid: 0f9d4172-c235-4bd2-9897-490c4a93ddfe): used a shit ton of money
[18:27:07] bryantandpat (uuid: 7961a874-c35f-4f34-a0d1-37205c235291):  jesoss the hosrse is gna fall
[18:27:37] bryantandpat (uuid: 7961a874-c35f-4f34-a0d1-37205c235291):  waht does the button do
[18:27:47] iMine03 (uuid: 0f9d4172-c235-4bd2-9897-490c4a93ddfe): kills u so dont press it :)
[18:27:51] bryantandpat (uuid: 7961a874-c35f-4f34-a0d1-37205c235291):  i cant
[18:31:55] iMine03 (uuid: 0f9d4172-c235-4bd2-9897-490c4a93ddfe): wait u should tame a horse
[18:32:02] bryantandpat (uuid: 7961a874-c35f-4f34-a0d1-37205c235291):  how do u
[18:32:04] iMine03 (uuid: 0f9d4172-c235-4bd2-9897-490c4a93ddfe): comere
[18:32:13] iMine03 (uuid: 0f9d4172-c235-4bd2-9897-490c4a93ddfe): so with an empty hand try to ride it
[18:32:17] iMine03 (uuid: 0f9d4172-c235-4bd2-9897-490c4a93ddfe): ride it until u can stay on
[18:32:18] bryantandpat (uuid: 7961a874-c35f-4f34-a0d1-37205c235291):  doesnt work
[18:32:22] iMine03 (uuid: 0f9d4172-c235-4bd2-9897-490c4a93ddfe): empty hand niggaa
[18:32:39] iMine03 (uuid: 0f9d4172-c235-4bd2-9897-490c4a93ddfe): again and again until u stay on
[18:32:51] bryantandpat (uuid: 7961a874-c35f-4f34-a0d1-37205c235291):  im on but nothings happening
[18:32:57] iMine03 (uuid: 0f9d4172-c235-4bd2-9897-490c4a93ddfe): kk try moving forward
[18:33:03] bryantandpat (uuid: 7961a874-c35f-4f34-a0d1-37205c235291):  doesnt work
[18:33:12] iMine03 (uuid: 0f9d4172-c235-4bd2-9897-490c4a93ddfe): u have to ride it until it accepts u
[18:33:17] bryantandpat (uuid: 7961a874-c35f-4f34-a0d1-37205c235291): oops lmao
[18:33:17] iMine03 (uuid: 0f9d4172-c235-4bd2-9897-490c4a93ddfe): asin it doesnt throw u off
[18:33:34] bryantandpat (uuid: 7961a874-c35f-4f34-a0d1-37205c235291): its not throwing me
[18:33:35] iMine03 (uuid: 0f9d4172-c235-4bd2-9897-490c4a93ddfe): suetwa
[18:33:38] iMine03 (uuid: 0f9d4172-c235-4bd2-9897-490c4a93ddfe): move forward?
[18:33:42] bryantandpat (uuid: 7961a874-c35f-4f34-a0d1-37205c235291):  cant
[18:33:49] iMine03 (uuid: 0f9d4172-c235-4bd2-9897-490c4a93ddfe): oh u need saddle
[18:34:02] iMine03 (uuid: 0f9d4172-c235-4bd2-9897-490c4a93ddfe): no worries
[18:34:02] bryantandpat (uuid: 7961a874-c35f-4f34-a0d1-37205c235291): ill tame one near my house
[18:39:33] TheRealColmagi (uuid: c98c1615-0764-41e1-848d-73152bfabe94): you little cockscueker
[18:40:57] TheRealColmagi (uuid: c98c1615-0764-41e1-848d-73152bfabe94): dis nigga been afk
[18:40:59] TheRealColmagi (uuid: c98c1615-0764-41e1-848d-73152bfabe94): for too long
[18:42:53] TheRealColmagi (uuid: c98c1615-0764-41e1-848d-73152bfabe94): nigger
[18:43:56] TheRealColmagi (uuid: c98c1615-0764-41e1-848d-73152bfabe94): dos vidonya
[18:44:01] TheRealColmagi (uuid: c98c1615-0764-41e1-848d-73152bfabe94): dos vidon nigger
[18:44:24] TheRealColmagi (uuid: c98c1615-0764-41e1-848d-73152bfabe94): whos a jew
[18:44:25] TheRealColmagi (uuid: c98c1615-0764-41e1-848d-73152bfabe94): ur a jew
[18:53:24] TheRealColmagi (uuid: c98c1615-0764-41e1-848d-73152bfabe94): jew
[18:53:28] ben_shapiro2020 (uuid: 893a6ed2-6228-4554-a52c-fbaed0f96c6e): mhm
[18:53:36] ben_shapiro2020 (uuid: 893a6ed2-6228-4554-a52c-fbaed0f96c6e): gimmie some cobwebs and tnt
[18:53:58] TheRealColmagi (uuid: c98c1615-0764-41e1-848d-73152bfabe94): cmere jwe
[18:54:19] ben_shapiro2020 (uuid: 893a6ed2-6228-4554-a52c-fbaed0f96c6e): sand
[18:54:22] TheRealColmagi (uuid: c98c1615-0764-41e1-848d-73152bfabe94): nigger
[18:54:30] ben_shapiro2020 (uuid: 893a6ed2-6228-4554-a52c-fbaed0f96c6e): 3 stacks
[18:54:33] TheRealColmagi (uuid: c98c1615-0764-41e1-848d-73152bfabe94): WTF
[18:54:34] ben_shapiro2020 (uuid: 893a6ed2-6228-4554-a52c-fbaed0f96c6e): nvrmd
[19:00:32] ben_shapiro2020 (uuid: 893a6ed2-6228-4554-a52c-fbaed0f96c6e): fuck
[20:03:33] JohnProdman (uuid: 4150cd4b-a415-4298-bdc7-c9e330b466cc): mhm
[20:03:36] JohnProdman (uuid: 4150cd4b-a415-4298-bdc7-c9e330b466cc): dead ass server
