[18:58:24] sharknanney (uuid: 2d5a5924-c383-46a7-8652-315fad32b6cd): yo
[18:58:32] ben_shapiro2020 (uuid: 893a6ed2-6228-4554-a52c-fbaed0f96c6e): hello
[18:58:44] sharknanney (uuid: 2d5a5924-c383-46a7-8652-315fad32b6cd): i think dereks gunna get on soon
[18:58:44] sharknanney (uuid: 2d5a5924-c383-46a7-8652-315fad32b6cd): ikd
[19:17:37] ben_shapiro2020 (uuid: 893a6ed2-6228-4554-a52c-fbaed0f96c6e): lmao
[19:17:42] sharknanney (uuid: 2d5a5924-c383-46a7-8652-315fad32b6cd): ?
[19:17:43] ben_shapiro2020 (uuid: 893a6ed2-6228-4554-a52c-fbaed0f96c6e): u need to claim ur land
[19:17:48] sharknanney (uuid: 2d5a5924-c383-46a7-8652-315fad32b6cd): bitch im not rich
[19:17:54] sharknanney (uuid: 2d5a5924-c383-46a7-8652-315fad32b6cd): bruh
[19:17:59] sharknanney (uuid: 2d5a5924-c383-46a7-8652-315fad32b6cd): i dont have enough claim blocks
[19:18:01] ben_shapiro2020 (uuid: 893a6ed2-6228-4554-a52c-fbaed0f96c6e): yw
[19:18:10] ben_shapiro2020 (uuid: 893a6ed2-6228-4554-a52c-fbaed0f96c6e): go from one corner to another
[19:18:30] sharknanney (uuid: 2d5a5924-c383-46a7-8652-315fad32b6cd):  i dont have enpough claim blocks
[19:18:42] ben_shapiro2020 (uuid: 893a6ed2-6228-4554-a52c-fbaed0f96c6e): how many bases do u have
[19:18:46] sharknanney (uuid: 2d5a5924-c383-46a7-8652-315fad32b6cd): 1
[19:18:50] sharknanney (uuid: 2d5a5924-c383-46a7-8652-315fad32b6cd):  1
[19:18:52] ben_shapiro2020 (uuid: 893a6ed2-6228-4554-a52c-fbaed0f96c6e): this it?
[19:18:55] sharknanney (uuid: 2d5a5924-c383-46a7-8652-315fad32b6cd): ye
[19:19:02] ben_shapiro2020 (uuid: 893a6ed2-6228-4554-a52c-fbaed0f96c6e): wtf ur wasting so much space
[19:19:10] sharknanney (uuid: 2d5a5924-c383-46a7-8652-315fad32b6cd): ye
[19:19:16] ben_shapiro2020 (uuid: 893a6ed2-6228-4554-a52c-fbaed0f96c6e): theres def enough to get 720
[19:19:31] ben_shapiro2020 (uuid: 893a6ed2-6228-4554-a52c-fbaed0f96c6e): try abandonallclaims first and then do it again
[19:19:38] sharknanney (uuid: 2d5a5924-c383-46a7-8652-315fad32b6cd): kk
[19:19:44] sharknanney (uuid: 2d5a5924-c383-46a7-8652-315fad32b6cd):  422 claim blocks
[19:19:55] ben_shapiro2020 (uuid: 893a6ed2-6228-4554-a52c-fbaed0f96c6e): do it from 1 corner to another
[19:20:01] ben_shapiro2020 (uuid: 893a6ed2-6228-4554-a52c-fbaed0f96c6e): ur prob wasting blocks
[19:20:16] ben_shapiro2020 (uuid: 893a6ed2-6228-4554-a52c-fbaed0f96c6e): thats too much
[19:20:26] ben_shapiro2020 (uuid: 893a6ed2-6228-4554-a52c-fbaed0f96c6e): like exactly 1 corner to another
[19:20:43] sharknanney (uuid: 2d5a5924-c383-46a7-8652-315fad32b6cd): o
[19:20:44] sharknanney (uuid: 2d5a5924-c383-46a7-8652-315fad32b6cd): kk
[19:20:45] sharknanney (uuid: 2d5a5924-c383-46a7-8652-315fad32b6cd): thx
[19:24:06] sharknanney (uuid: 2d5a5924-c383-46a7-8652-315fad32b6cd): brb
[19:26:44] sharknanney (uuid: 2d5a5924-c383-46a7-8652-315fad32b6cd): wut
[19:27:16] sharknanney (uuid: 2d5a5924-c383-46a7-8652-315fad32b6cd): who the fuck is this kid
[19:37:17] sharknanney (uuid: 2d5a5924-c383-46a7-8652-315fad32b6cd): yo
[20:29:26] sharknanney (uuid: 2d5a5924-c383-46a7-8652-315fad32b6cd): omg
[20:29:28] sharknanney (uuid: 2d5a5924-c383-46a7-8652-315fad32b6cd):  omg
[20:29:31] sharknanney (uuid: 2d5a5924-c383-46a7-8652-315fad32b6cd):  u little fucker
[20:35:33] sharknanney (uuid: 2d5a5924-c383-46a7-8652-315fad32b6cd): derek u on
[20:50:43] ben_shapiro2020 (uuid: 893a6ed2-6228-4554-a52c-fbaed0f96c6e): wtf
[20:50:47] ben_shapiro2020 (uuid: 893a6ed2-6228-4554-a52c-fbaed0f96c6e): csgo is f2p now
[20:50:57] sharknanney (uuid: 2d5a5924-c383-46a7-8652-315fad32b6cd):  yeah but single player
[20:50:59] sharknanney (uuid: 2d5a5924-c383-46a7-8652-315fad32b6cd):  onlly
[20:51:02] ben_shapiro2020 (uuid: 893a6ed2-6228-4554-a52c-fbaed0f96c6e): no full game
[20:51:05] sharknanney (uuid: 2d5a5924-c383-46a7-8652-315fad32b6cd):  ye
[20:51:07] ben_shapiro2020 (uuid: 893a6ed2-6228-4554-a52c-fbaed0f96c6e): and battle royale
[20:51:17] sharknanney (uuid: 2d5a5924-c383-46a7-8652-315fad32b6cd):  wait csgo has battle royale
[20:51:19] ben_shapiro2020 (uuid: 893a6ed2-6228-4554-a52c-fbaed0f96c6e): actual auts
[20:51:24] ben_shapiro2020 (uuid: 893a6ed2-6228-4554-a52c-fbaed0f96c6e): go check
[20:51:28] ben_shapiro2020 (uuid: 893a6ed2-6228-4554-a52c-fbaed0f96c6e): new update
[20:51:43] sharknanney (uuid: 2d5a5924-c383-46a7-8652-315fad32b6cd):  wait csgo like f2p? whole game?
[20:51:49] ben_shapiro2020 (uuid: 893a6ed2-6228-4554-a52c-fbaed0f96c6e): mhm
[20:51:55] sharknanney (uuid: 2d5a5924-c383-46a7-8652-315fad32b6cd):  wtf
[20:51:58] ben_shapiro2020 (uuid: 893a6ed2-6228-4554-a52c-fbaed0f96c6e): including comp mm
[20:52:03] sharknanney (uuid: 2d5a5924-c383-46a7-8652-315fad32b6cd):  wtf
[20:53:14] sharknanney (uuid: 2d5a5924-c383-46a7-8652-315fad32b6cd):  is derek on
[20:54:39] PiranhaBoy (uuid: 068bfb61-fb8a-4553-8305-2af64537cadb): 
[20:54:43] sharknanney (uuid: 2d5a5924-c383-46a7-8652-315fad32b6cd):  kys
[20:55:25] sharknanney (uuid: 2d5a5924-c383-46a7-8652-315fad32b6cd):  wanna see my base
[20:55:31] PiranhaBoy (uuid: 068bfb61-fb8a-4553-8305-2af64537cadb): i gtg
[20:55:35] sharknanney (uuid: 2d5a5924-c383-46a7-8652-315fad32b6cd):  wtf
[20:55:36] PiranhaBoy (uuid: 068bfb61-fb8a-4553-8305-2af64537cadb): eat dinner
[20:55:37] sharknanney (uuid: 2d5a5924-c383-46a7-8652-315fad32b6cd):  gay
[20:55:41] sharknanney (uuid: 2d5a5924-c383-46a7-8652-315fad32b6cd):  at 9 wtf
[21:11:27] PiranhaBoy (uuid: 068bfb61-fb8a-4553-8305-2af64537cadb): autism
[21:11:31] PiranhaBoy (uuid: 068bfb61-fb8a-4553-8305-2af64537cadb): aaron tp me
[21:11:46] PiranhaBoy (uuid: 068bfb61-fb8a-4553-8305-2af64537cadb): i mean me to you autsmo
[21:12:47] sharknanney (uuid: 2d5a5924-c383-46a7-8652-315fad32b6cd): wtf
[21:12:57] sharknanney (uuid: 2d5a5924-c383-46a7-8652-315fad32b6cd): what gay shit is that
[21:13:10] PiranhaBoy (uuid: 068bfb61-fb8a-4553-8305-2af64537cadb): my favorite enchant nibba
[21:13:52] PiranhaBoy (uuid: 068bfb61-fb8a-4553-8305-2af64537cadb): tools shit
[21:13:53] PiranhaBoy (uuid: 068bfb61-fb8a-4553-8305-2af64537cadb): shit
[21:13:55] PiranhaBoy (uuid: 068bfb61-fb8a-4553-8305-2af64537cadb): shit
[21:13:58] sharknanney (uuid: 2d5a5924-c383-46a7-8652-315fad32b6cd): tools wack
[21:15:54] sharknanney (uuid: 2d5a5924-c383-46a7-8652-315fad32b6cd): wtf
[21:16:05] sharknanney (uuid: 2d5a5924-c383-46a7-8652-315fad32b6cd): that was the unluckiest fall ever
[21:20:19] PiranhaBoy (uuid: 068bfb61-fb8a-4553-8305-2af64537cadb): mhm
[21:23:51] ben_shapiro2020 (uuid: 893a6ed2-6228-4554-a52c-fbaed0f96c6e): tp
[21:24:09] ben_shapiro2020 (uuid: 893a6ed2-6228-4554-a52c-fbaed0f96c6e): lmao not u
[21:24:14] ben_shapiro2020 (uuid: 893a6ed2-6228-4554-a52c-fbaed0f96c6e): isok though
[21:24:18] sharknanney (uuid: 2d5a5924-c383-46a7-8652-315fad32b6cd): its called baiting
[21:24:24] sharknanney (uuid: 2d5a5924-c383-46a7-8652-315fad32b6cd): when someone says tp in chat
[21:24:27] PiranhaBoy (uuid: 068bfb61-fb8a-4553-8305-2af64537cadb): is ben running for pres 2020
[21:24:32] ben_shapiro2020 (uuid: 893a6ed2-6228-4554-a52c-fbaed0f96c6e): i hope so
[21:24:32] sharknanney (uuid: 2d5a5924-c383-46a7-8652-315fad32b6cd): u tp so they say /tpaccept
[21:24:36] sharknanney (uuid: 2d5a5924-c383-46a7-8652-315fad32b6cd): then u klill thjem
[21:24:37] sharknanney (uuid: 2d5a5924-c383-46a7-8652-315fad32b6cd): and rai
[21:24:38] sharknanney (uuid: 2d5a5924-c383-46a7-8652-315fad32b6cd): d
[21:24:39] sharknanney (uuid: 2d5a5924-c383-46a7-8652-315fad32b6cd): ez
[21:24:40] sharknanney (uuid: 2d5a5924-c383-46a7-8652-315fad32b6cd): gg
[21:24:49] PiranhaBoy (uuid: 068bfb61-fb8a-4553-8305-2af64537cadb): alex give me 13 k
[21:24:52] ben_shapiro2020 (uuid: 893a6ed2-6228-4554-a52c-fbaed0f96c6e): no
[21:25:22] PiranhaBoy (uuid: 068bfb61-fb8a-4553-8305-2af64537cadb): alex gimme like 30 diamond blocks
[21:26:53] PiranhaBoy (uuid: 068bfb61-fb8a-4553-8305-2af64537cadb): alex plz gimme 13 k
[21:26:56] ben_shapiro2020 (uuid: 893a6ed2-6228-4554-a52c-fbaed0f96c6e): g2g
[21:33:15] sharknanney (uuid: 2d5a5924-c383-46a7-8652-315fad32b6cd): anyone have slime?
[21:33:17] sharknanney (uuid: 2d5a5924-c383-46a7-8652-315fad32b6cd):  JAMES
[21:33:24] sharknanney (uuid: 2d5a5924-c383-46a7-8652-315fad32b6cd):  gimme some slime plz
[21:33:25] sharknanney (uuid: 2d5a5924-c383-46a7-8652-315fad32b6cd): :)
[21:44:50] sharknanney (uuid: 2d5a5924-c383-46a7-8652-315fad32b6cd):  ima go now
[21:44:54] sharknanney (uuid: 2d5a5924-c383-46a7-8652-315fad32b6cd):  cyall nerds
