[22:20:36] Mrmapl3syrup (uuid: b3f11e18-ff16-45fe-85b7-bb69e73fb17c): lick my ass
[22:20:40] Mrmapl3syrup (uuid: b3f11e18-ff16-45fe-85b7-bb69e73fb17c): anus
[22:20:44] watermelonman53 (uuid: 26666a91-29a2-487f-bda5-16d4919282a0): dikshtbut
[22:20:44] TheRealColmagi (uuid: c98c1615-0764-41e1-848d-73152bfabe94): u r a negro
[22:21:06] TheRealColmagi (uuid: c98c1615-0764-41e1-848d-73152bfabe94): negros live in montenegro
[22:21:12] TheRealColmagi (uuid: c98c1615-0764-41e1-848d-73152bfabe94): where their knees can gor
[22:21:16] TheRealColmagi (uuid: c98c1615-0764-41e1-848d-73152bfabe94): grow
[22:21:21] TheRealColmagi (uuid: c98c1615-0764-41e1-848d-73152bfabe94): you bitch
[22:22:02] TheRealColmagi (uuid: c98c1615-0764-41e1-848d-73152bfabe94): cmere bitch
[22:22:08] TheRealColmagi (uuid: c98c1615-0764-41e1-848d-73152bfabe94): did u fucks steal bluegamers enchant table
[22:22:23] watermelonman53 (uuid: 26666a91-29a2-487f-bda5-16d4919282a0): we dont steal
[22:22:37] TheRealColmagi (uuid: c98c1615-0764-41e1-848d-73152bfabe94): maple ur faegt
[22:22:44] Mrmapl3syrup (uuid: b3f11e18-ff16-45fe-85b7-bb69e73fb17c): my sound wasnt working xd
[22:22:48] TheRealColmagi (uuid: c98c1615-0764-41e1-848d-73152bfabe94): fagoot
[22:23:14] Mrmapl3syrup (uuid: b3f11e18-ff16-45fe-85b7-bb69e73fb17c): wat
[22:23:29] Mrmapl3syrup (uuid: b3f11e18-ff16-45fe-85b7-bb69e73fb17c): y r am i fegoot
[22:23:33] TheRealColmagi (uuid: c98c1615-0764-41e1-848d-73152bfabe94): u fucks cant even reconstruct my home properly
[22:23:38] Mrmapl3syrup (uuid: b3f11e18-ff16-45fe-85b7-bb69e73fb17c): I didnt do shit
[22:23:59] watermelonman53 (uuid: 26666a91-29a2-487f-bda5-16d4919282a0): i fick it to the best of my ability
[22:24:13] TheRealColmagi (uuid: c98c1615-0764-41e1-848d-73152bfabe94): ill fick ur fucking rank on this server to the best of my ability
[22:25:03] TheRealColmagi (uuid: c98c1615-0764-41e1-848d-73152bfabe94): dun tuch my shit ever agn
[22:25:30] TheRealColmagi (uuid: c98c1615-0764-41e1-848d-73152bfabe94): you bitch
[22:25:33] Mrmapl3syrup (uuid: b3f11e18-ff16-45fe-85b7-bb69e73fb17c): ????
[22:26:10] TheRealColmagi (uuid: c98c1615-0764-41e1-848d-73152bfabe94): why the fuck r there chiCKENS in the neterh
[22:26:13] Mrmapl3syrup (uuid: b3f11e18-ff16-45fe-85b7-bb69e73fb17c): idfk
[22:26:33] TheRealColmagi (uuid: c98c1615-0764-41e1-848d-73152bfabe94): fagots
[22:26:40] TheRealColmagi (uuid: c98c1615-0764-41e1-848d-73152bfabe94): NIGGERS
[22:27:06] Mrmapl3syrup (uuid: b3f11e18-ff16-45fe-85b7-bb69e73fb17c): SOMEONE TOOK PEDRO
[22:27:16] Mrmapl3syrup (uuid: b3f11e18-ff16-45fe-85b7-bb69e73fb17c): AND FUCKED OVER MY SNOWMAN
[22:28:33] Mrmapl3syrup (uuid: b3f11e18-ff16-45fe-85b7-bb69e73fb17c): COLMAGI
[22:28:37] Mrmapl3syrup (uuid: b3f11e18-ff16-45fe-85b7-bb69e73fb17c): DID YOU RAPE MY SNOWMAN
[22:28:43] Mrmapl3syrup (uuid: b3f11e18-ff16-45fe-85b7-bb69e73fb17c): AND FUCK PEDRO???
[22:49:34] TheRealColmagi (uuid: c98c1615-0764-41e1-848d-73152bfabe94): no
[22:49:36] TheRealColmagi (uuid: c98c1615-0764-41e1-848d-73152bfabe94): y
[22:49:40] TheRealColmagi (uuid: c98c1615-0764-41e1-848d-73152bfabe94): u bitch i was afk
[22:49:58] Mrmapl3syrup (uuid: b3f11e18-ff16-45fe-85b7-bb69e73fb17c): huh
[23:45:17] Mrmapl3syrup (uuid: b3f11e18-ff16-45fe-85b7-bb69e73fb17c): COLMAGi
