[00:08:41] TheRealColmagi (uuid: c98c1615-0764-41e1-848d-73152bfabe94): damn youve been busy
[00:08:51] Blasttrooper55 (uuid: b1412f5f-1fd5-4bd5-8969-a350f15f2c32): this is theh strip mine
[00:09:12] Blasttrooper55 (uuid: b1412f5f-1fd5-4bd5-8969-a350f15f2c32): no diamonds :
[00:09:18] TheRealColmagi (uuid: c98c1615-0764-41e1-848d-73152bfabe94): rip
[00:09:21] Blasttrooper55 (uuid: b1412f5f-1fd5-4bd5-8969-a350f15f2c32): shit
[00:11:33] Blasttrooper55 (uuid: b1412f5f-1fd5-4bd5-8969-a350f15f2c32): why dont you make this mine obvious
[00:16:09] Blasttrooper55 (uuid: b1412f5f-1fd5-4bd5-8969-a350f15f2c32): lol i just found gold 2 seconds ago
[00:16:10] TheRealColmagi (uuid: c98c1615-0764-41e1-848d-73152bfabe94): finished english hw fuk yeahhhhhh
[00:16:12] TheRealColmagi (uuid: c98c1615-0764-41e1-848d-73152bfabe94): noice
[00:17:08] Blasttrooper55 (uuid: b1412f5f-1fd5-4bd5-8969-a350f15f2c32): Holy shit
[00:17:19] Blasttrooper55 (uuid: b1412f5f-1fd5-4bd5-8969-a350f15f2c32): look
[00:17:57] Blasttrooper55 (uuid: b1412f5f-1fd5-4bd5-8969-a350f15f2c32): or not
[00:20:21] TheRealColmagi (uuid: c98c1615-0764-41e1-848d-73152bfabe94): i bsed half of it
[00:20:24] Blasttrooper55 (uuid: b1412f5f-1fd5-4bd5-8969-a350f15f2c32): look
[00:20:31] TheRealColmagi (uuid: c98c1615-0764-41e1-848d-73152bfabe94): DAMN ICE
[00:20:32] TheRealColmagi (uuid: c98c1615-0764-41e1-848d-73152bfabe94): NICE
[00:20:37] TheRealColmagi (uuid: c98c1615-0764-41e1-848d-73152bfabe94): lol damn ice
[00:20:46] Blasttrooper55 (uuid: b1412f5f-1fd5-4bd5-8969-a350f15f2c32): I need to smelt an iron ingot first -_-
[00:21:01] Blasttrooper55 (uuid: b1412f5f-1fd5-4bd5-8969-a350f15f2c32): for achiev
[00:21:05] TheRealColmagi (uuid: c98c1615-0764-41e1-848d-73152bfabe94): k
[00:21:22] TheRealColmagi (uuid: c98c1615-0764-41e1-848d-73152bfabe94): im gonna go to the hub real quick
[00:21:25] Blasttrooper55 (uuid: b1412f5f-1fd5-4bd5-8969-a350f15f2c32): ok
[00:24:45] TheRealColmagi (uuid: c98c1615-0764-41e1-848d-73152bfabe94): nvm i am shit at building floating islands ill leave that to maple tmrw
[00:24:58] TheRealColmagi (uuid: c98c1615-0764-41e1-848d-73152bfabe94): im planning to add a factions server tmrw
[00:25:04] Blasttrooper55 (uuid: b1412f5f-1fd5-4bd5-8969-a350f15f2c32): oh cool
[00:25:06] TheRealColmagi (uuid: c98c1615-0764-41e1-848d-73152bfabe94): its gonna get competative up in here
[00:25:11] TheRealColmagi (uuid: c98c1615-0764-41e1-848d-73152bfabe94): since facs is like taking over ppls land
[00:25:17] Blasttrooper55 (uuid: b1412f5f-1fd5-4bd5-8969-a350f15f2c32): I have diamonds and iron now
[00:25:20] TheRealColmagi (uuid: c98c1615-0764-41e1-848d-73152bfabe94): goood shit
[00:25:47] TheRealColmagi (uuid: c98c1615-0764-41e1-848d-73152bfabe94): brb
[00:28:35] TheRealColmagi (uuid: c98c1615-0764-41e1-848d-73152bfabe94): wow
[00:28:44] Blasttrooper55 (uuid: b1412f5f-1fd5-4bd5-8969-a350f15f2c32): this isnt mine
[00:28:51] TheRealColmagi (uuid: c98c1615-0764-41e1-848d-73152bfabe94): oh yeah
[00:28:52] Blasttrooper55 (uuid: b1412f5f-1fd5-4bd5-8969-a350f15f2c32): idk who made it
[00:28:54] TheRealColmagi (uuid: c98c1615-0764-41e1-848d-73152bfabe94): my friend probably made it
[00:28:59] TheRealColmagi (uuid: c98c1615-0764-41e1-848d-73152bfabe94): who used to live in this house
[00:29:02] Blasttrooper55 (uuid: b1412f5f-1fd5-4bd5-8969-a350f15f2c32): oh lol
[00:29:12] TheRealColmagi (uuid: c98c1615-0764-41e1-848d-73152bfabe94): he was my admin but stepped down since he doesnt play mc anymore
[00:39:47] Blasttrooper55 (uuid: b1412f5f-1fd5-4bd5-8969-a350f15f2c32): where is this
[00:39:51] TheRealColmagi (uuid: c98c1615-0764-41e1-848d-73152bfabe94): idk
[00:41:38] Blasttrooper55 (uuid: b1412f5f-1fd5-4bd5-8969-a350f15f2c32): which is maple's house?
[00:41:44] TheRealColmagi (uuid: c98c1615-0764-41e1-848d-73152bfabe94): he dont have one i think
[00:41:51] TheRealColmagi (uuid: c98c1615-0764-41e1-848d-73152bfabe94): his old one is the blacksmith house
[00:42:01] Blasttrooper55 (uuid: b1412f5f-1fd5-4bd5-8969-a350f15f2c32): huh?
[00:42:11] TheRealColmagi (uuid: c98c1615-0764-41e1-848d-73152bfabe94): over here
[00:44:43] TheRealColmagi (uuid: c98c1615-0764-41e1-848d-73152bfabe94): u wanna see optivats village
[00:44:55] Blasttrooper55 (uuid: b1412f5f-1fd5-4bd5-8969-a350f15f2c32): sure
[00:45:03] TheRealColmagi (uuid: c98c1615-0764-41e1-848d-73152bfabe94): do /warp optivilalge
[00:45:06] TheRealColmagi (uuid: c98c1615-0764-41e1-848d-73152bfabe94): optivillage
[00:45:26] TheRealColmagi (uuid: c98c1615-0764-41e1-848d-73152bfabe94): this is a built village
[00:45:39] Blasttrooper55 (uuid: b1412f5f-1fd5-4bd5-8969-a350f15f2c32): is a he a mod?
[00:45:41] TheRealColmagi (uuid: c98c1615-0764-41e1-848d-73152bfabe94): its got a blaze spawner and enchant table
[00:45:46] TheRealColmagi (uuid: c98c1615-0764-41e1-848d-73152bfabe94): no he plays a lot
[00:45:56] Blasttrooper55 (uuid: b1412f5f-1fd5-4bd5-8969-a350f15f2c32): did he pay for his own village?
[00:45:59] TheRealColmagi (uuid: c98c1615-0764-41e1-848d-73152bfabe94): thats how he built all this
[00:46:00] TheRealColmagi (uuid: c98c1615-0764-41e1-848d-73152bfabe94): no
[00:46:02] TheRealColmagi (uuid: c98c1615-0764-41e1-848d-73152bfabe94): he just built it
[00:46:07] Blasttrooper55 (uuid: b1412f5f-1fd5-4bd5-8969-a350f15f2c32): ih
[00:46:08] Blasttrooper55 (uuid: b1412f5f-1fd5-4bd5-8969-a350f15f2c32): oh
[00:46:09] TheRealColmagi (uuid: c98c1615-0764-41e1-848d-73152bfabe94): claimed it and built it and manages it
[00:46:40] Blasttrooper55 (uuid: b1412f5f-1fd5-4bd5-8969-a350f15f2c32): cool
[00:47:16] TheRealColmagi (uuid: c98c1615-0764-41e1-848d-73152bfabe94): dont go in his house cmon
[00:47:17] Blasttrooper55 (uuid: b1412f5f-1fd5-4bd5-8969-a350f15f2c32): ?
[00:47:24] Blasttrooper55 (uuid: b1412f5f-1fd5-4bd5-8969-a350f15f2c32): I cant use anything
[00:47:30] TheRealColmagi (uuid: c98c1615-0764-41e1-848d-73152bfabe94): yeah its claimed
[00:47:49] TheRealColmagi (uuid: c98c1615-0764-41e1-848d-73152bfabe94): ill drop him a msg sayin his stuff is in the chest
[00:47:56] Blasttrooper55 (uuid: b1412f5f-1fd5-4bd5-8969-a350f15f2c32): why did he drop it
[00:48:30] TheRealColmagi (uuid: c98c1615-0764-41e1-848d-73152bfabe94): he combat logged
[00:48:34] TheRealColmagi (uuid: c98c1615-0764-41e1-848d-73152bfabe94): cuz he had to leave
[00:48:40] TheRealColmagi (uuid: c98c1615-0764-41e1-848d-73152bfabe94): lol do u ever sleep
[00:48:43] TheRealColmagi (uuid: c98c1615-0764-41e1-848d-73152bfabe94): its like 1
[00:49:04] Blasttrooper55 (uuid: b1412f5f-1fd5-4bd5-8969-a350f15f2c32): lol yes
[00:49:08] Blasttrooper55 (uuid: b1412f5f-1fd5-4bd5-8969-a350f15f2c32): dont you?
[00:49:23] TheRealColmagi (uuid: c98c1615-0764-41e1-848d-73152bfabe94): yeah so im waiting for u to wrap up ur shit so i can shut down the sevrer and sleep
[00:49:33] TheRealColmagi (uuid: c98c1615-0764-41e1-848d-73152bfabe94): my mom doesnt like it when i leave the computer on
[00:49:40] TheRealColmagi (uuid: c98c1615-0764-41e1-848d-73152bfabe94): says its a waste of energy
[00:49:42] TheRealColmagi (uuid: c98c1615-0764-41e1-848d-73152bfabe94): rip
[00:49:45] Blasttrooper55 (uuid: b1412f5f-1fd5-4bd5-8969-a350f15f2c32): lol rip
[00:50:03] TheRealColmagi (uuid: c98c1615-0764-41e1-848d-73152bfabe94): where did u die
[00:50:10] Blasttrooper55 (uuid: b1412f5f-1fd5-4bd5-8969-a350f15f2c32): lol
[00:50:17] TheRealColmagi (uuid: c98c1615-0764-41e1-848d-73152bfabe94): oh yeah put a ! before ur msgs to shout
[00:50:20] TheRealColmagi (uuid: c98c1615-0764-41e1-848d-73152bfabe94): we have a chat radius
[00:50:27] Blasttrooper55 (uuid: b1412f5f-1fd5-4bd5-8969-a350f15f2c32):  idk
[00:50:35] TheRealColmagi (uuid: c98c1615-0764-41e1-848d-73152bfabe94): its a global chat compared to the regular chat
[00:50:41] Blasttrooper55 (uuid: b1412f5f-1fd5-4bd5-8969-a350f15f2c32): ok
[00:50:43] TheRealColmagi (uuid: c98c1615-0764-41e1-848d-73152bfabe94): ?test
[00:50:54] TheRealColmagi (uuid: c98c1615-0764-41e1-848d-73152bfabe94): yeah question doesnt work
[00:51:27] Blasttrooper55 (uuid: b1412f5f-1fd5-4bd5-8969-a350f15f2c32): I was near the sign
[00:51:33] TheRealColmagi (uuid: c98c1615-0764-41e1-848d-73152bfabe94): where did u even die
[00:51:42] Blasttrooper55 (uuid: b1412f5f-1fd5-4bd5-8969-a350f15f2c32): like behind the sign
[00:51:51] TheRealColmagi (uuid: c98c1615-0764-41e1-848d-73152bfabe94): the first time
[00:51:53] TheRealColmagi (uuid: c98c1615-0764-41e1-848d-73152bfabe94): with ur drops
[00:51:55] Blasttrooper55 (uuid: b1412f5f-1fd5-4bd5-8969-a350f15f2c32): yeah
[00:51:59] TheRealColmagi (uuid: c98c1615-0764-41e1-848d-73152bfabe94): what sign
[00:52:02] Blasttrooper55 (uuid: b1412f5f-1fd5-4bd5-8969-a350f15f2c32): Ih
[00:52:06] Blasttrooper55 (uuid: b1412f5f-1fd5-4bd5-8969-a350f15f2c32): oh
[00:53:17] Blasttrooper55 (uuid: b1412f5f-1fd5-4bd5-8969-a350f15f2c32): ripI give up
[00:53:18] TheRealColmagi (uuid: c98c1615-0764-41e1-848d-73152bfabe94): cmon dude i gotta sleep
[00:53:35] Blasttrooper55 (uuid: b1412f5f-1fd5-4bd5-8969-a350f15f2c32): welp I just had a bow
[00:53:57] TheRealColmagi (uuid: c98c1615-0764-41e1-848d-73152bfabe94): u can play tmrw but i gotta sleep
[00:54:02] Blasttrooper55 (uuid: b1412f5f-1fd5-4bd5-8969-a350f15f2c32): lol ok
[00:54:04] Blasttrooper55 (uuid: b1412f5f-1fd5-4bd5-8969-a350f15f2c32): cya
[00:54:04] TheRealColmagi (uuid: c98c1615-0764-41e1-848d-73152bfabe94): cya
[15:54:20] TheRealColmagi (uuid: c98c1615-0764-41e1-848d-73152bfabe94): ayo
[15:54:23] Mrmapl3syrup (uuid: b3f11e18-ff16-45fe-85b7-bb69e73fb17c): yo
[15:54:29] Mrmapl3syrup (uuid: b3f11e18-ff16-45fe-85b7-bb69e73fb17c): join the discord
[15:54:29] TheRealColmagi (uuid: c98c1615-0764-41e1-848d-73152bfabe94): hub is lit fam
[15:54:37] Mrmapl3syrup (uuid: b3f11e18-ff16-45fe-85b7-bb69e73fb17c): ye
[15:54:57] Mrmapl3syrup (uuid: b3f11e18-ff16-45fe-85b7-bb69e73fb17c): My mom got a surgery and she is too hurt ti get it today
[15:55:01] Mrmapl3syrup (uuid: b3f11e18-ff16-45fe-85b7-bb69e73fb17c): and she has to head to work
[15:55:01] TheRealColmagi (uuid: c98c1615-0764-41e1-848d-73152bfabe94): k
[15:55:16] TheRealColmagi (uuid: c98c1615-0764-41e1-848d-73152bfabe94): hope she gets better
[15:55:18] Mrmapl3syrup (uuid: b3f11e18-ff16-45fe-85b7-bb69e73fb17c): because of the other person who works there having issues
[15:55:21] Mrmapl3syrup (uuid: b3f11e18-ff16-45fe-85b7-bb69e73fb17c): nope she is dead
[15:55:29] TheRealColmagi (uuid: c98c1615-0764-41e1-848d-73152bfabe94): riiiiiight
[15:55:33] Mrmapl3syrup (uuid: b3f11e18-ff16-45fe-85b7-bb69e73fb17c): she fell off a cliff into lava filled with lazer sharks
[15:55:38] Mrmapl3syrup (uuid: b3f11e18-ff16-45fe-85b7-bb69e73fb17c): ded
[15:55:49] Mrmapl3syrup (uuid: b3f11e18-ff16-45fe-85b7-bb69e73fb17c): She will srsly be fine tho
[15:55:52] TheRealColmagi (uuid: c98c1615-0764-41e1-848d-73152bfabe94): k
[15:55:58] Mrmapl3syrup (uuid: b3f11e18-ff16-45fe-85b7-bb69e73fb17c): She is just hurting alo
[15:55:59] Mrmapl3syrup (uuid: b3f11e18-ff16-45fe-85b7-bb69e73fb17c): t
[15:56:01] TheRealColmagi (uuid: c98c1615-0764-41e1-848d-73152bfabe94): lag
[15:56:08] Mrmapl3syrup (uuid: b3f11e18-ff16-45fe-85b7-bb69e73fb17c): so uh
[15:56:09] Mrmapl3syrup (uuid: b3f11e18-ff16-45fe-85b7-bb69e73fb17c): now what]
[15:56:12] TheRealColmagi (uuid: c98c1615-0764-41e1-848d-73152bfabe94): my mc was frozen lol
[15:56:17] TheRealColmagi (uuid: c98c1615-0764-41e1-848d-73152bfabe94): idk
[15:56:19] Mrmapl3syrup (uuid: b3f11e18-ff16-45fe-85b7-bb69e73fb17c): heyyhehe
[15:56:20] TheRealColmagi (uuid: c98c1615-0764-41e1-848d-73152bfabe94): factions?
[15:56:20] Mrmapl3syrup (uuid: b3f11e18-ff16-45fe-85b7-bb69e73fb17c): Say
[15:56:21] Mrmapl3syrup (uuid: b3f11e18-ff16-45fe-85b7-bb69e73fb17c): it
[15:56:23] Mrmapl3syrup (uuid: b3f11e18-ff16-45fe-85b7-bb69e73fb17c): out loud
[15:56:26] TheRealColmagi (uuid: c98c1615-0764-41e1-848d-73152bfabe94): no
[15:56:33] TheRealColmagi (uuid: c98c1615-0764-41e1-848d-73152bfabe94): i cant really talk either
[15:56:35] Mrmapl3syrup (uuid: b3f11e18-ff16-45fe-85b7-bb69e73fb17c): We would need a new world for it and even more plugins
[15:56:50] TheRealColmagi (uuid: c98c1615-0764-41e1-848d-73152bfabe94): im not gonna add disguises to facs
[15:56:57] TheRealColmagi (uuid: c98c1615-0764-41e1-848d-73152bfabe94): thats retarded
[15:57:00] Mrmapl3syrup (uuid: b3f11e18-ff16-45fe-85b7-bb69e73fb17c): yeah dont lol
[15:57:18] Mrmapl3syrup (uuid: b3f11e18-ff16-45fe-85b7-bb69e73fb17c): But, sure im up to getting a factions server up
[15:57:24] TheRealColmagi (uuid: c98c1615-0764-41e1-848d-73152bfabe94): who would u team with
[15:57:31] Mrmapl3syrup (uuid: b3f11e18-ff16-45fe-85b7-bb69e73fb17c): maybe you
[15:57:34] Mrmapl3syrup (uuid: b3f11e18-ff16-45fe-85b7-bb69e73fb17c): maybe shorty idk
[15:57:41] Mrmapl3syrup (uuid: b3f11e18-ff16-45fe-85b7-bb69e73fb17c): Might go solo
[15:57:41] TheRealColmagi (uuid: c98c1615-0764-41e1-848d-73152bfabe94): im technically not allowed to participate due to being opped
[15:57:47] TheRealColmagi (uuid: c98c1615-0764-41e1-848d-73152bfabe94): cant solo facs remember
[15:57:54] Mrmapl3syrup (uuid: b3f11e18-ff16-45fe-85b7-bb69e73fb17c): :C
[15:57:55] TheRealColmagi (uuid: c98c1615-0764-41e1-848d-73152bfabe94): facs is basically more ppl = more power to take over land
[15:58:08] TheRealColmagi (uuid: c98c1615-0764-41e1-848d-73152bfabe94): the bigger ur fac is
[15:58:11] TheRealColmagi (uuid: c98c1615-0764-41e1-848d-73152bfabe94): the eaiser it is to take land
[15:58:18] TheRealColmagi (uuid: c98c1615-0764-41e1-848d-73152bfabe94): like u cant take over land if u have less players i think
[15:58:31] Mrmapl3syrup (uuid: b3f11e18-ff16-45fe-85b7-bb69e73fb17c): Then I would probably just
[15:58:32] Mrmapl3syrup (uuid: b3f11e18-ff16-45fe-85b7-bb69e73fb17c): uh
[15:58:33] Mrmapl3syrup (uuid: b3f11e18-ff16-45fe-85b7-bb69e73fb17c): idk
[15:58:34] Mrmapl3syrup (uuid: b3f11e18-ff16-45fe-85b7-bb69e73fb17c): lol
[15:58:38] TheRealColmagi (uuid: c98c1615-0764-41e1-848d-73152bfabe94): and we cant have everyone in one team
[15:58:43] Mrmapl3syrup (uuid: b3f11e18-ff16-45fe-85b7-bb69e73fb17c): yea....
[15:58:45] TheRealColmagi (uuid: c98c1615-0764-41e1-848d-73152bfabe94): that defeats the whole purpose
[15:58:50] Mrmapl3syrup (uuid: b3f11e18-ff16-45fe-85b7-bb69e73fb17c): I dont think factions is a good idea tbh
[15:58:54] Mrmapl3syrup (uuid: b3f11e18-ff16-45fe-85b7-bb69e73fb17c): we dont have enough people
[15:58:59] TheRealColmagi (uuid: c98c1615-0764-41e1-848d-73152bfabe94): hm
[15:59:05] TheRealColmagi (uuid: c98c1615-0764-41e1-848d-73152bfabe94): just 2 teams is good enough
[15:59:11] TheRealColmagi (uuid: c98c1615-0764-41e1-848d-73152bfabe94): optivat and wendadon get on a lot
[15:59:18] TheRealColmagi (uuid: c98c1615-0764-41e1-848d-73152bfabe94): miniwaffles probably will as well
[15:59:20] TheRealColmagi (uuid: c98c1615-0764-41e1-848d-73152bfabe94): and u and shorty
[15:59:37] TheRealColmagi (uuid: c98c1615-0764-41e1-848d-73152bfabe94): maybe blasttrooper
[15:59:46] TheRealColmagi (uuid: c98c1615-0764-41e1-848d-73152bfabe94): and mini says hes gonna try to get his friends on
[15:59:49] TheRealColmagi (uuid: c98c1615-0764-41e1-848d-73152bfabe94): plus
[15:59:55] TheRealColmagi (uuid: c98c1615-0764-41e1-848d-73152bfabe94): facs is just so much more popular than survival
[16:00:01] Mrmapl3syrup (uuid: b3f11e18-ff16-45fe-85b7-bb69e73fb17c): ye
[16:00:06] TheRealColmagi (uuid: c98c1615-0764-41e1-848d-73152bfabe94): since it adds a more competetative environment
[16:00:10] TheRealColmagi (uuid: c98c1615-0764-41e1-848d-73152bfabe94): gives ppl like a reason to get on
[16:00:16] TheRealColmagi (uuid: c98c1615-0764-41e1-848d-73152bfabe94): even if its just mining resources for your fac
[16:00:18] Mrmapl3syrup (uuid: b3f11e18-ff16-45fe-85b7-bb69e73fb17c): I dont really like factions that much tho
[16:00:24] TheRealColmagi (uuid: c98c1615-0764-41e1-848d-73152bfabe94): now the only problem is kits
[16:00:24] Mrmapl3syrup (uuid: b3f11e18-ff16-45fe-85b7-bb69e73fb17c): I would prob just stick to survival lol
[16:00:25] TheRealColmagi (uuid: c98c1615-0764-41e1-848d-73152bfabe94): like
[16:00:32] TheRealColmagi (uuid: c98c1615-0764-41e1-848d-73152bfabe94): the legend kits are really op in facs
[16:00:39] TheRealColmagi (uuid: c98c1615-0764-41e1-848d-73152bfabe94): since u can spawn one every 2 days
[16:00:52] Mrmapl3syrup (uuid: b3f11e18-ff16-45fe-85b7-bb69e73fb17c): that is pretty much the same for every factions server
[16:00:52] TheRealColmagi (uuid: c98c1615-0764-41e1-848d-73152bfabe94): which would mean the fac with the highest ranked ppl will win
[16:00:56] TheRealColmagi (uuid: c98c1615-0764-41e1-848d-73152bfabe94): and i hate that
[16:01:01] Mrmapl3syrup (uuid: b3f11e18-ff16-45fe-85b7-bb69e73fb17c): All faction servers are like that
[16:01:09] TheRealColmagi (uuid: c98c1615-0764-41e1-848d-73152bfabe94): yeah but then it becomes p2w
[16:01:15] TheRealColmagi (uuid: c98c1615-0764-41e1-848d-73152bfabe94): u can do it in survival since survival is casual
[16:01:21] TheRealColmagi (uuid: c98c1615-0764-41e1-848d-73152bfabe94): but facs is all about killing ppl
[16:01:31] TheRealColmagi (uuid: c98c1615-0764-41e1-848d-73152bfabe94): im thinking less buffed kits
[16:01:41] TheRealColmagi (uuid: c98c1615-0764-41e1-848d-73152bfabe94): like prot 1 diamond for legend every 3 days
[16:01:49] Mrmapl3syrup (uuid: b3f11e18-ff16-45fe-85b7-bb69e73fb17c): every 3 days?...
[16:01:50] TheRealColmagi (uuid: c98c1615-0764-41e1-848d-73152bfabe94): or smthin
[16:01:52] Mrmapl3syrup (uuid: b3f11e18-ff16-45fe-85b7-bb69e73fb17c): d00d
[16:01:54] Mrmapl3syrup (uuid: b3f11e18-ff16-45fe-85b7-bb69e73fb17c): you can go mining
[16:01:55] TheRealColmagi (uuid: c98c1615-0764-41e1-848d-73152bfabe94): so its not op
[16:01:57] Mrmapl3syrup (uuid: b3f11e18-ff16-45fe-85b7-bb69e73fb17c): and get like
[16:02:00] TheRealColmagi (uuid: c98c1615-0764-41e1-848d-73152bfabe94): fine every 2 days
[16:02:02] Mrmapl3syrup (uuid: b3f11e18-ff16-45fe-85b7-bb69e73fb17c): a full set of diamond in one day
[16:02:06] TheRealColmagi (uuid: c98c1615-0764-41e1-848d-73152bfabe94): same as usual
[16:02:08] TheRealColmagi (uuid: c98c1615-0764-41e1-848d-73152bfabe94): no gapples
[16:02:09] Mrmapl3syrup (uuid: b3f11e18-ff16-45fe-85b7-bb69e73fb17c): and go to the end
[16:02:11] TheRealColmagi (uuid: c98c1615-0764-41e1-848d-73152bfabe94): since gapples are op
[16:02:16] Mrmapl3syrup (uuid: b3f11e18-ff16-45fe-85b7-bb69e73fb17c): and do all that nice shit
[16:02:22] TheRealColmagi (uuid: c98c1615-0764-41e1-848d-73152bfabe94): ill have to get a plugin
[16:02:39] TheRealColmagi (uuid: c98c1615-0764-41e1-848d-73152bfabe94): lol xd
[16:02:42] Mrmapl3syrup (uuid: b3f11e18-ff16-45fe-85b7-bb69e73fb17c): w0t
[16:02:53] TheRealColmagi (uuid: c98c1615-0764-41e1-848d-73152bfabe94): we could test run it
[16:02:54] TheRealColmagi (uuid: c98c1615-0764-41e1-848d-73152bfabe94): i guess
[16:03:03] Mrmapl3syrup (uuid: b3f11e18-ff16-45fe-85b7-bb69e73fb17c): I would rather not even be in a faction
[16:03:13] Mrmapl3syrup (uuid: b3f11e18-ff16-45fe-85b7-bb69e73fb17c): I would just help make it and manage it with you l0l
[16:03:17] Mrmapl3syrup (uuid: b3f11e18-ff16-45fe-85b7-bb69e73fb17c): like we did with the hub
[16:03:19] Mrmapl3syrup (uuid: b3f11e18-ff16-45fe-85b7-bb69e73fb17c): and thing
[16:03:19] TheRealColmagi (uuid: c98c1615-0764-41e1-848d-73152bfabe94): thats kinda the whole point of a mod
[16:03:25] TheRealColmagi (uuid: c98c1615-0764-41e1-848d-73152bfabe94): half play half manage
[16:03:40] Mrmapl3syrup (uuid: b3f11e18-ff16-45fe-85b7-bb69e73fb17c): Also shorty said today at school he could delete the whole village
[16:03:41] Mrmapl3syrup (uuid: b3f11e18-ff16-45fe-85b7-bb69e73fb17c): he would
[16:03:47] Mrmapl3syrup (uuid: b3f11e18-ff16-45fe-85b7-bb69e73fb17c): just to cause havoc
[16:03:47] Mrmapl3syrup (uuid: b3f11e18-ff16-45fe-85b7-bb69e73fb17c): now
[16:03:50] Mrmapl3syrup (uuid: b3f11e18-ff16-45fe-85b7-bb69e73fb17c): this is shorty
[16:03:53] Mrmapl3syrup (uuid: b3f11e18-ff16-45fe-85b7-bb69e73fb17c): I dont think he will
[16:03:58] TheRealColmagi (uuid: c98c1615-0764-41e1-848d-73152bfabe94): ill ban him just in case
[16:03:58] Mrmapl3syrup (uuid: b3f11e18-ff16-45fe-85b7-bb69e73fb17c): He lies a bunch so idk
[16:04:03] Mrmapl3syrup (uuid: b3f11e18-ff16-45fe-85b7-bb69e73fb17c): w o t
[16:04:09] Mrmapl3syrup (uuid: b3f11e18-ff16-45fe-85b7-bb69e73fb17c): dont ban him lOL
[16:04:16] Mrmapl3syrup (uuid: b3f11e18-ff16-45fe-85b7-bb69e73fb17c): just make a save
[16:04:19] TheRealColmagi (uuid: c98c1615-0764-41e1-848d-73152bfabe94): here
[16:04:22] TheRealColmagi (uuid: c98c1615-0764-41e1-848d-73152bfabe94): i put him back as legend
[16:04:26] TheRealColmagi (uuid: c98c1615-0764-41e1-848d-73152bfabe94): now he cant delete the vilalge
[16:04:36] Mrmapl3syrup (uuid: b3f11e18-ff16-45fe-85b7-bb69e73fb17c): did I buy mod tho?
[16:04:39] Mrmapl3syrup (uuid: b3f11e18-ff16-45fe-85b7-bb69e73fb17c): I dont think i did
[16:04:39] TheRealColmagi (uuid: c98c1615-0764-41e1-848d-73152bfabe94): since he has no ability to worldedit
[16:04:41] Mrmapl3syrup (uuid: b3f11e18-ff16-45fe-85b7-bb69e73fb17c): did I?
[16:04:44] TheRealColmagi (uuid: c98c1615-0764-41e1-848d-73152bfabe94): yeah u paid me 1 key
[16:04:46] Mrmapl3syrup (uuid: b3f11e18-ff16-45fe-85b7-bb69e73fb17c): o
[16:04:53] TheRealColmagi (uuid: c98c1615-0764-41e1-848d-73152bfabe94): its fine i would have promoted u anyways
[16:04:53] Mrmapl3syrup (uuid: b3f11e18-ff16-45fe-85b7-bb69e73fb17c): k e k
[16:05:13] Mrmapl3syrup (uuid: b3f11e18-ff16-45fe-85b7-bb69e73fb17c): anus
[16:05:15] Mrmapl3syrup (uuid: b3f11e18-ff16-45fe-85b7-bb69e73fb17c): beef
[16:05:17] TheRealColmagi (uuid: c98c1615-0764-41e1-848d-73152bfabe94): idk man maybe
[16:05:22] Mrmapl3syrup (uuid: b3f11e18-ff16-45fe-85b7-bb69e73fb17c): mayb wut
[16:05:28] TheRealColmagi (uuid: c98c1615-0764-41e1-848d-73152bfabe94): like facs or an
[16:05:29] TheRealColmagi (uuid: c98c1615-0764-41e1-848d-73152bfabe94): na
[16:05:40] Mrmapl3syrup (uuid: b3f11e18-ff16-45fe-85b7-bb69e73fb17c): I will try and think something else up
[16:05:45] TheRealColmagi (uuid: c98c1615-0764-41e1-848d-73152bfabe94): pls no creative build
[16:05:47] Mrmapl3syrup (uuid: b3f11e18-ff16-45fe-85b7-bb69e73fb17c): Maybe a pure economy server?
[16:05:51] TheRealColmagi (uuid: c98c1615-0764-41e1-848d-73152bfabe94): tf is that
[16:05:54] Mrmapl3syrup (uuid: b3f11e18-ff16-45fe-85b7-bb69e73fb17c): With plots and jobs and such
[16:05:55] TheRealColmagi (uuid: c98c1615-0764-41e1-848d-73152bfabe94): go for a more popular choice
[16:05:59] TheRealColmagi (uuid: c98c1615-0764-41e1-848d-73152bfabe94): like prisons
[16:06:00] Mrmapl3syrup (uuid: b3f11e18-ff16-45fe-85b7-bb69e73fb17c): hmm
[16:06:02] TheRealColmagi (uuid: c98c1615-0764-41e1-848d-73152bfabe94): actuially fuck prisons
[16:06:05] Mrmapl3syrup (uuid: b3f11e18-ff16-45fe-85b7-bb69e73fb17c): Prisons is fucking fun
[16:06:06] TheRealColmagi (uuid: c98c1615-0764-41e1-848d-73152bfabe94): takes too long
[16:06:12] TheRealColmagi (uuid: c98c1615-0764-41e1-848d-73152bfabe94): and not enough ppl
[16:06:15] Mrmapl3syrup (uuid: b3f11e18-ff16-45fe-85b7-bb69e73fb17c): yea
[16:06:18] Mrmapl3syrup (uuid: b3f11e18-ff16-45fe-85b7-bb69e73fb17c): hmm
[16:06:24] TheRealColmagi (uuid: c98c1615-0764-41e1-848d-73152bfabe94): brb takin a dump im gonna afk in hub since i LOVE THAT FUCKING PALCE AAAAAAAAAAAAAAAA
[16:06:31] Mrmapl3syrup (uuid: b3f11e18-ff16-45fe-85b7-bb69e73fb17c): we could organise a hungergames
[16:30:17] Mrmapl3syrup (uuid: b3f11e18-ff16-45fe-85b7-bb69e73fb17c): yo
[16:30:22] CamDog_447 (uuid: 1b4873bc-5938-46a6-b588-0968e244f24d): Hey
[16:30:51] CamDog_447 (uuid: 1b4873bc-5938-46a6-b588-0968e244f24d): Just wheat from the farm, I harvest it all, take a small bit, and whatever's in that mailbox anyone can have
[16:30:52] Mrmapl3syrup (uuid: b3f11e18-ff16-45fe-85b7-bb69e73fb17c): heck yea it is raining!
[16:30:57] CamDog_447 (uuid: 1b4873bc-5938-46a6-b588-0968e244f24d): Nice
[16:31:00] Mrmapl3syrup (uuid: b3f11e18-ff16-45fe-85b7-bb69e73fb17c): I have optifine so everything looks really nice
[16:31:06] CamDog_447 (uuid: 1b4873bc-5938-46a6-b588-0968e244f24d): Ah
[16:31:29] Mrmapl3syrup (uuid: b3f11e18-ff16-45fe-85b7-bb69e73fb17c): youve got mail
[16:31:38] Mrmapl3syrup (uuid: b3f11e18-ff16-45fe-85b7-bb69e73fb17c): :)
[16:31:41] CamDog_447 (uuid: 1b4873bc-5938-46a6-b588-0968e244f24d): Thanks... ?
[16:31:46] Mrmapl3syrup (uuid: b3f11e18-ff16-45fe-85b7-bb69e73fb17c): Check the name
[16:31:50] Mrmapl3syrup (uuid: b3f11e18-ff16-45fe-85b7-bb69e73fb17c): of the slime ball
[16:31:52] CamDog_447 (uuid: 1b4873bc-5938-46a6-b588-0968e244f24d): Already did
[16:31:55] CamDog_447 (uuid: 1b4873bc-5938-46a6-b588-0968e244f24d): Wish I didn't...
[16:31:56] Mrmapl3syrup (uuid: b3f11e18-ff16-45fe-85b7-bb69e73fb17c): Yourwelcome
[16:31:59] Mrmapl3syrup (uuid: b3f11e18-ff16-45fe-85b7-bb69e73fb17c): :)
[16:32:18] Mrmapl3syrup (uuid: b3f11e18-ff16-45fe-85b7-bb69e73fb17c): why do you not wear the armor l0l
[16:32:32] CamDog_447 (uuid: 1b4873bc-5938-46a6-b588-0968e244f24d): I just find it more casual without armor
[16:32:32] Mrmapl3syrup (uuid: b3f11e18-ff16-45fe-85b7-bb69e73fb17c): have some more
[16:32:45] Mrmapl3syrup (uuid: b3f11e18-ff16-45fe-85b7-bb69e73fb17c): aaaa
[16:32:52] Mrmapl3syrup (uuid: b3f11e18-ff16-45fe-85b7-bb69e73fb17c): OH SHIT
[16:33:01] Mrmapl3syrup (uuid: b3f11e18-ff16-45fe-85b7-bb69e73fb17c): nvm
[16:33:07] Mrmapl3syrup (uuid: b3f11e18-ff16-45fe-85b7-bb69e73fb17c): I thought something got struck by lightning
[16:33:10] CamDog_447 (uuid: 1b4873bc-5938-46a6-b588-0968e244f24d): Yea I heard that
[16:33:17] Mrmapl3syrup (uuid: b3f11e18-ff16-45fe-85b7-bb69e73fb17c): Then I realised greifing is off l0l
[16:33:18] CamDog_447 (uuid: 1b4873bc-5938-46a6-b588-0968e244f24d): Looks like everything's good
[16:33:23] Mrmapl3syrup (uuid: b3f11e18-ff16-45fe-85b7-bb69e73fb17c): like the little island at the hub?
[16:33:27] Mrmapl3syrup (uuid: b3f11e18-ff16-45fe-85b7-bb69e73fb17c): thats in the sky
[16:33:29] CamDog_447 (uuid: 1b4873bc-5938-46a6-b588-0968e244f24d): Ah yea
[16:33:33] Mrmapl3syrup (uuid: b3f11e18-ff16-45fe-85b7-bb69e73fb17c): oh yeah
[16:33:41] Optivat_YT (uuid: 061f9ad6-a6fb-45da-8990-73890f965939): where is my helmet....
[16:33:43] Mrmapl3syrup (uuid: b3f11e18-ff16-45fe-85b7-bb69e73fb17c): when you left u dropped all ur stuff
[16:33:44] Mrmapl3syrup (uuid: b3f11e18-ff16-45fe-85b7-bb69e73fb17c): lol idk
[16:33:52] Optivat_YT (uuid: 061f9ad6-a6fb-45da-8990-73890f965939): its gone
[16:33:57] Mrmapl3syrup (uuid: b3f11e18-ff16-45fe-85b7-bb69e73fb17c): lemme git u a helm
[16:33:57] CamDog_447 (uuid: 1b4873bc-5938-46a6-b588-0968e244f24d): Sorry man can't help you there
[16:33:58] Optivat_YT (uuid: 061f9ad6-a6fb-45da-8990-73890f965939): it had mending
[16:34:02] Optivat_YT (uuid: 061f9ad6-a6fb-45da-8990-73890f965939): port 4
[16:34:03] Mrmapl3syrup (uuid: b3f11e18-ff16-45fe-85b7-bb69e73fb17c): mending is shit
[16:34:05] Optivat_YT (uuid: 061f9ad6-a6fb-45da-8990-73890f965939): prot 4
[16:34:08] Mrmapl3syrup (uuid: b3f11e18-ff16-45fe-85b7-bb69e73fb17c): ?
[16:34:10] CamDog_447 (uuid: 1b4873bc-5938-46a6-b588-0968e244f24d): I've been offline all day
[16:34:10] Mrmapl3syrup (uuid: b3f11e18-ff16-45fe-85b7-bb69e73fb17c): o
[16:34:12] Mrmapl3syrup (uuid: b3f11e18-ff16-45fe-85b7-bb69e73fb17c): kk
[16:34:23] Optivat_YT (uuid: 061f9ad6-a6fb-45da-8990-73890f965939): protection 4, unbreaking 3, mending
[16:35:16] Mrmapl3syrup (uuid: b3f11e18-ff16-45fe-85b7-bb69e73fb17c): hi
[16:35:27] CamDog_447 (uuid: 1b4873bc-5938-46a6-b588-0968e244f24d): Yo
[16:35:28] Mrmapl3syrup (uuid: b3f11e18-ff16-45fe-85b7-bb69e73fb17c): having fun lol
[16:35:31] CamDog_447 (uuid: 1b4873bc-5938-46a6-b588-0968e244f24d): Yea
[16:35:35] Optivat_YT (uuid: 061f9ad6-a6fb-45da-8990-73890f965939): Wtf is the lightning noises
[16:35:40] CamDog_447 (uuid: 1b4873bc-5938-46a6-b588-0968e244f24d): Storm
[16:35:44] Mrmapl3syrup (uuid: b3f11e18-ff16-45fe-85b7-bb69e73fb17c): also once the factions server us started up wanna join my faction
[16:35:50] CamDog_447 (uuid: 1b4873bc-5938-46a6-b588-0968e244f24d): Sure
[16:35:50] Mrmapl3syrup (uuid: b3f11e18-ff16-45fe-85b7-bb69e73fb17c): use ! to chat global
[16:36:00] Mrmapl3syrup (uuid: b3f11e18-ff16-45fe-85b7-bb69e73fb17c): .! hi
[16:36:01] Mrmapl3syrup (uuid: b3f11e18-ff16-45fe-85b7-bb69e73fb17c): like that
[16:36:04] Mrmapl3syrup (uuid: b3f11e18-ff16-45fe-85b7-bb69e73fb17c): except no period
[16:36:06] CamDog_447 (uuid: 1b4873bc-5938-46a6-b588-0968e244f24d): I know
[16:36:08] Mrmapl3syrup (uuid: b3f11e18-ff16-45fe-85b7-bb69e73fb17c): o
[16:36:11] Optivat_YT (uuid: 061f9ad6-a6fb-45da-8990-73890f965939): waddup
[16:36:19] Optivat_YT (uuid: 061f9ad6-a6fb-45da-8990-73890f965939): what is calmagi doing?
[16:36:22] Mrmapl3syrup (uuid: b3f11e18-ff16-45fe-85b7-bb69e73fb17c): afk
[16:36:30] Optivat_YT (uuid: 061f9ad6-a6fb-45da-8990-73890f965939): k
[16:36:53] Mrmapl3syrup (uuid: b3f11e18-ff16-45fe-85b7-bb69e73fb17c): also it is a thunder storm rn
[16:37:00] Optivat_YT (uuid: 061f9ad6-a6fb-45da-8990-73890f965939): fuck
[16:37:12] Mrmapl3syrup (uuid: b3f11e18-ff16-45fe-85b7-bb69e73fb17c): wut
[16:37:18] Mrmapl3syrup (uuid: b3f11e18-ff16-45fe-85b7-bb69e73fb17c): wat
[16:37:34] Optivat_YT (uuid: 061f9ad6-a6fb-45da-8990-73890f965939): where the fuck are my 2 pickaxes
[16:37:45] Mrmapl3syrup (uuid: b3f11e18-ff16-45fe-85b7-bb69e73fb17c): lol idk
[16:37:57] Optivat_YT (uuid: 061f9ad6-a6fb-45da-8990-73890f965939): you didn't get everything didnt u...
[16:38:09] Mrmapl3syrup (uuid: b3f11e18-ff16-45fe-85b7-bb69e73fb17c): you have a pick in ur inventory xd
[16:38:19] Optivat_YT (uuid: 061f9ad6-a6fb-45da-8990-73890f965939): that is my silk touch
[16:38:32] Mrmapl3syrup (uuid: b3f11e18-ff16-45fe-85b7-bb69e73fb17c): just take that pick l0l
[16:38:35] Optivat_YT (uuid: 061f9ad6-a6fb-45da-8990-73890f965939): no
[16:38:36] Mrmapl3syrup (uuid: b3f11e18-ff16-45fe-85b7-bb69e73fb17c): also free shovel
[16:38:42] Mrmapl3syrup (uuid: b3f11e18-ff16-45fe-85b7-bb69e73fb17c): ok then what was on it
[16:38:49] Mrmapl3syrup (uuid: b3f11e18-ff16-45fe-85b7-bb69e73fb17c): Hey i didnt have to give you shit
[16:40:13] Mrmapl3syrup (uuid: b3f11e18-ff16-45fe-85b7-bb69e73fb17c): hi magi
[16:40:15] TheRealColmagi (uuid: c98c1615-0764-41e1-848d-73152bfabe94): oh hey
[16:40:20] TheRealColmagi (uuid: c98c1615-0764-41e1-848d-73152bfabe94): the ppls are gettin gon
[16:40:23] Mrmapl3syrup (uuid: b3f11e18-ff16-45fe-85b7-bb69e73fb17c): ye
[16:40:24] TheRealColmagi (uuid: c98c1615-0764-41e1-848d-73152bfabe94): goo000d shit
[16:40:25] Mrmapl3syrup (uuid: b3f11e18-ff16-45fe-85b7-bb69e73fb17c): like the island
[16:40:26] Optivat_YT (uuid: 061f9ad6-a6fb-45da-8990-73890f965939): yeet
[16:41:08] TheRealColmagi (uuid: c98c1615-0764-41e1-848d-73152bfabe94): eks de
[16:41:09] Mrmapl3syrup (uuid: b3f11e18-ff16-45fe-85b7-bb69e73fb17c): too square
[16:41:11] Mrmapl3syrup (uuid: b3f11e18-ff16-45fe-85b7-bb69e73fb17c): very
[16:41:15] Mrmapl3syrup (uuid: b3f11e18-ff16-45fe-85b7-bb69e73fb17c): f u n n y
[16:41:17] Mrmapl3syrup (uuid: b3f11e18-ff16-45fe-85b7-bb69e73fb17c): awww
[16:41:23] CamDog_447 (uuid: 1b4873bc-5938-46a6-b588-0968e244f24d): Hi
[16:41:23] TheRealColmagi (uuid: c98c1615-0764-41e1-848d-73152bfabe94): camfam
[16:42:00] Mrmapl3syrup (uuid: b3f11e18-ff16-45fe-85b7-bb69e73fb17c): also optivat got most of his stuff back
[16:42:06] Optivat_YT (uuid: 061f9ad6-a6fb-45da-8990-73890f965939): yep
[16:42:07] Mrmapl3syrup (uuid: b3f11e18-ff16-45fe-85b7-bb69e73fb17c): I gave him the other stuff he lost
[16:42:07] TheRealColmagi (uuid: c98c1615-0764-41e1-848d-73152bfabe94): good
[16:42:17] Mrmapl3syrup (uuid: b3f11e18-ff16-45fe-85b7-bb69e73fb17c): also a free shovel
[16:42:19] Optivat_YT (uuid: 061f9ad6-a6fb-45da-8990-73890f965939): Maple is a cool dude
[16:42:19] CamDog_447 (uuid: 1b4873bc-5938-46a6-b588-0968e244f24d): Hey guys, did someone live in this house before me?
[16:42:24] Mrmapl3syrup (uuid: b3f11e18-ff16-45fe-85b7-bb69e73fb17c): nope
[16:42:26] Optivat_YT (uuid: 061f9ad6-a6fb-45da-8990-73890f965939): which house?
[16:42:28] Mrmapl3syrup (uuid: b3f11e18-ff16-45fe-85b7-bb69e73fb17c): I just decorated it
[16:42:33] Optivat_YT (uuid: 061f9ad6-a6fb-45da-8990-73890f965939): oh
[16:42:36] CamDog_447 (uuid: 1b4873bc-5938-46a6-b588-0968e244f24d): I just found a cave or something down here
[16:42:40] Mrmapl3syrup (uuid: b3f11e18-ff16-45fe-85b7-bb69e73fb17c): oh woah
[16:42:49] Mrmapl3syrup (uuid: b3f11e18-ff16-45fe-85b7-bb69e73fb17c): oh dont mind this
[16:42:49] CamDog_447 (uuid: 1b4873bc-5938-46a6-b588-0968e244f24d): A player's definitely been here, glowstone in some spots
[16:42:51] TheRealColmagi (uuid: c98c1615-0764-41e1-848d-73152bfabe94): uh
[16:42:53] TheRealColmagi (uuid: c98c1615-0764-41e1-848d-73152bfabe94): tis is my
[16:42:54] Mrmapl3syrup (uuid: b3f11e18-ff16-45fe-85b7-bb69e73fb17c): this is just his meth lab
[16:42:57] TheRealColmagi (uuid: c98c1615-0764-41e1-848d-73152bfabe94): yeah
[16:43:01] TheRealColmagi (uuid: c98c1615-0764-41e1-848d-73152bfabe94): dont come down here
[16:43:08] Mrmapl3syrup (uuid: b3f11e18-ff16-45fe-85b7-bb69e73fb17c): dont break stuff there pls
[16:43:08] CamDog_447 (uuid: 1b4873bc-5938-46a6-b588-0968e244f24d): So your meth lab... is under my house?
[16:43:10] TheRealColmagi (uuid: c98c1615-0764-41e1-848d-73152bfabe94): or dig around it
[16:43:12] Mrmapl3syrup (uuid: b3f11e18-ff16-45fe-85b7-bb69e73fb17c): yeeeep
[16:43:22] CamDog_447 (uuid: 1b4873bc-5938-46a6-b588-0968e244f24d): Ok this was an accident
[16:44:11] CamDog_447 (uuid: 1b4873bc-5938-46a6-b588-0968e244f24d): 2 dirt please?
[16:44:17] CamDog_447 (uuid: 1b4873bc-5938-46a6-b588-0968e244f24d): thanks
[16:44:28] TheRealColmagi (uuid: c98c1615-0764-41e1-848d-73152bfabe94): whaoha
[16:44:39] Mrmapl3syrup (uuid: b3f11e18-ff16-45fe-85b7-bb69e73fb17c): Someone might have
[16:44:39] CamDog_447 (uuid: 1b4873bc-5938-46a6-b588-0968e244f24d): Well I guess that expansion downwards will have to wait
[16:44:57] Mrmapl3syrup (uuid: b3f11e18-ff16-45fe-85b7-bb69e73fb17c): why are you expanding tho
[16:45:11] CamDog_447 (uuid: 1b4873bc-5938-46a6-b588-0968e244f24d): Not really a good amount of space for storage
[16:45:15] CamDog_447 (uuid: 1b4873bc-5938-46a6-b588-0968e244f24d): Pretty much stuffed
[16:45:26] Mrmapl3syrup (uuid: b3f11e18-ff16-45fe-85b7-bb69e73fb17c): done
[16:45:29] CamDog_447 (uuid: 1b4873bc-5938-46a6-b588-0968e244f24d): Getting out some stuff to dump
[16:45:36] Mrmapl3syrup (uuid: b3f11e18-ff16-45fe-85b7-bb69e73fb17c): or just do this
[16:45:38] CamDog_447 (uuid: 1b4873bc-5938-46a6-b588-0968e244f24d): Guess that works for now
[16:45:42] TheRealColmagi (uuid: c98c1615-0764-41e1-848d-73152bfabe94): whers ur frands mini
[16:45:49] CamDog_447 (uuid: 1b4873bc-5938-46a6-b588-0968e244f24d): He's not on yet
[16:45:51] Mrmapl3syrup (uuid: b3f11e18-ff16-45fe-85b7-bb69e73fb17c): look
[16:45:54] TheRealColmagi (uuid: c98c1615-0764-41e1-848d-73152bfabe94): oh its 1 friend
[16:45:57] TheRealColmagi (uuid: c98c1615-0764-41e1-848d-73152bfabe94): i was like "wtf"
[16:46:05] Mrmapl3syrup (uuid: b3f11e18-ff16-45fe-85b7-bb69e73fb17c): loook
[16:46:10] TheRealColmagi (uuid: c98c1615-0764-41e1-848d-73152bfabe94): u kids want a facs server?
[16:46:16] TheRealColmagi (uuid: c98c1615-0764-41e1-848d-73152bfabe94): if u dont give me another suggestion
[16:46:18] Mrmapl3syrup (uuid: b3f11e18-ff16-45fe-85b7-bb69e73fb17c): more storage
[16:46:21] Mrmapl3syrup (uuid: b3f11e18-ff16-45fe-85b7-bb69e73fb17c): I have one
[16:46:23] CamDog_447 (uuid: 1b4873bc-5938-46a6-b588-0968e244f24d): Ok well thanks man
[16:46:25] Mrmapl3syrup (uuid: b3f11e18-ff16-45fe-85b7-bb69e73fb17c): A rpg like server
[16:46:32] CamDog_447 (uuid: 1b4873bc-5938-46a6-b588-0968e244f24d): I feel like an Idiot, not putting them in the floor
[16:46:35] Mrmapl3syrup (uuid: b3f11e18-ff16-45fe-85b7-bb69e73fb17c): with a leveling system and races
[16:46:35] TheRealColmagi (uuid: c98c1615-0764-41e1-848d-73152bfabe94): what mmorpg
[16:46:35] CamDog_447 (uuid: 1b4873bc-5938-46a6-b588-0968e244f24d): Ah
[16:46:38] TheRealColmagi (uuid: c98c1615-0764-41e1-848d-73152bfabe94): pretty sure that goes with facs
[16:46:40] CamDog_447 (uuid: 1b4873bc-5938-46a6-b588-0968e244f24d): You cant open it though
[16:46:42] Optivat_YT (uuid: 061f9ad6-a6fb-45da-8990-73890f965939): yea I guess
[16:46:46] TheRealColmagi (uuid: c98c1615-0764-41e1-848d-73152bfabe94): like all fac servers have mmorpg
[16:46:48] Mrmapl3syrup (uuid: b3f11e18-ff16-45fe-85b7-bb69e73fb17c): this is with like bosses
[16:46:49] CamDog_447 (uuid: 1b4873bc-5938-46a6-b588-0968e244f24d): Eh that works
[16:46:50] TheRealColmagi (uuid: c98c1615-0764-41e1-848d-73152bfabe94): its a core compnent
[16:46:55] Mrmapl3syrup (uuid: b3f11e18-ff16-45fe-85b7-bb69e73fb17c): and enemies
[16:47:00] Mrmapl3syrup (uuid: b3f11e18-ff16-45fe-85b7-bb69e73fb17c): and quests
[16:47:02] TheRealColmagi (uuid: c98c1615-0764-41e1-848d-73152bfabe94): thats more of like a singleplayer world
[16:47:10] TheRealColmagi (uuid: c98c1615-0764-41e1-848d-73152bfabe94): i cant exactly recreate wynncraft
[16:47:14] Mrmapl3syrup (uuid: b3f11e18-ff16-45fe-85b7-bb69e73fb17c): wut is tat
[16:47:18] TheRealColmagi (uuid: c98c1615-0764-41e1-848d-73152bfabe94): an rpg server
[16:47:21] Mrmapl3syrup (uuid: b3f11e18-ff16-45fe-85b7-bb69e73fb17c): ooo
[16:47:23] TheRealColmagi (uuid: c98c1615-0764-41e1-848d-73152bfabe94): with classes and bosses
[16:47:31] Mrmapl3syrup (uuid: b3f11e18-ff16-45fe-85b7-bb69e73fb17c): there are plugins for it l0l
[16:47:33] TheRealColmagi (uuid: c98c1615-0764-41e1-848d-73152bfabe94): and levels
[16:47:52] TheRealColmagi (uuid: c98c1615-0764-41e1-848d-73152bfabe94): yeah but id rather stick with facs then something thtas gonna spawn in a shit ton of entities and lag me
[16:47:58] Mrmapl3syrup (uuid: b3f11e18-ff16-45fe-85b7-bb69e73fb17c): ye
[16:48:03] Mrmapl3syrup (uuid: b3f11e18-ff16-45fe-85b7-bb69e73fb17c): it sounds good with me
[16:48:04] Optivat_YT (uuid: 061f9ad6-a6fb-45da-8990-73890f965939): where the fuck am I going I am just randomly mining
[16:48:09] TheRealColmagi (uuid: c98c1615-0764-41e1-848d-73152bfabe94): xd
[16:48:10] Mrmapl3syrup (uuid: b3f11e18-ff16-45fe-85b7-bb69e73fb17c): Facs sounds like a nice additiong
[16:48:16] TheRealColmagi (uuid: c98c1615-0764-41e1-848d-73152bfabe94): what do u think
[16:48:18] Mrmapl3syrup (uuid: b3f11e18-ff16-45fe-85b7-bb69e73fb17c): also optivat is in chat come on u two ples
[16:48:20] TheRealColmagi (uuid: c98c1615-0764-41e1-848d-73152bfabe94): mini
[16:48:30] CamDog_447 (uuid: 1b4873bc-5938-46a6-b588-0968e244f24d): mhm?
[16:48:37] TheRealColmagi (uuid: c98c1615-0764-41e1-848d-73152bfabe94): u think facs is a good idea
[16:48:44] CamDog_447 (uuid: 1b4873bc-5938-46a6-b588-0968e244f24d): I dont know
[16:48:44] Mrmapl3syrup (uuid: b3f11e18-ff16-45fe-85b7-bb69e73fb17c): lol I already asked him to join my faction and he said yes
[16:48:52] Mrmapl3syrup (uuid: b3f11e18-ff16-45fe-85b7-bb69e73fb17c): feelsgoodman
[16:48:55] TheRealColmagi (uuid: c98c1615-0764-41e1-848d-73152bfabe94): also from what ive heard creative worlds generate toxicity
[16:48:56] CamDog_447 (uuid: 1b4873bc-5938-46a6-b588-0968e244f24d): I've never really played factions before
[16:48:57] TheRealColmagi (uuid: c98c1615-0764-41e1-848d-73152bfabe94): like
[16:49:03] Mrmapl3syrup (uuid: b3f11e18-ff16-45fe-85b7-bb69e73fb17c): really...?
[16:49:03] TheRealColmagi (uuid: c98c1615-0764-41e1-848d-73152bfabe94): the server i used to go on
[16:49:07] TheRealColmagi (uuid: c98c1615-0764-41e1-848d-73152bfabe94): i played survival there
[16:49:14] Mrmapl3syrup (uuid: b3f11e18-ff16-45fe-85b7-bb69e73fb17c): Those are other servers
[16:49:17] TheRealColmagi (uuid: c98c1615-0764-41e1-848d-73152bfabe94): and ppl would talk about how cancer the creative server was
[16:49:28] Mrmapl3syrup (uuid: b3f11e18-ff16-45fe-85b7-bb69e73fb17c): That is because people role played there likely
[16:49:32] TheRealColmagi (uuid: c98c1615-0764-41e1-848d-73152bfabe94): i mean like
[16:49:36] TheRealColmagi (uuid: c98c1615-0764-41e1-848d-73152bfabe94): what else can u do in creative
[16:49:41] Mrmapl3syrup (uuid: b3f11e18-ff16-45fe-85b7-bb69e73fb17c): Build cool shit
[16:49:41] TheRealColmagi (uuid: c98c1615-0764-41e1-848d-73152bfabe94): other than build endless projects
[16:49:50] TheRealColmagi (uuid: c98c1615-0764-41e1-848d-73152bfabe94): ur bound to get bored and probably roleplay
[16:49:58] Mrmapl3syrup (uuid: b3f11e18-ff16-45fe-85b7-bb69e73fb17c): il be suckky me suck
[16:50:00] Mrmapl3syrup (uuid: b3f11e18-ff16-45fe-85b7-bb69e73fb17c): mc
[16:50:02] TheRealColmagi (uuid: c98c1615-0764-41e1-848d-73152bfabe94): no
[16:50:05] Mrmapl3syrup (uuid: b3f11e18-ff16-45fe-85b7-bb69e73fb17c): sucky mc
[16:50:09] Mrmapl3syrup (uuid: b3f11e18-ff16-45fe-85b7-bb69e73fb17c): also
[16:50:14] Mrmapl3syrup (uuid: b3f11e18-ff16-45fe-85b7-bb69e73fb17c): a wolf just killed a sheep ;-;
[16:50:16] Mrmapl3syrup (uuid: b3f11e18-ff16-45fe-85b7-bb69e73fb17c): DIE
[16:50:23] Mrmapl3syrup (uuid: b3f11e18-ff16-45fe-85b7-bb69e73fb17c): REEEE
[16:50:43] Mrmapl3syrup (uuid: b3f11e18-ff16-45fe-85b7-bb69e73fb17c): I used satanic powers to resurrect a sheep
[16:50:44] TheRealColmagi (uuid: c98c1615-0764-41e1-848d-73152bfabe94): with the facs server im gonna have to bump up my prices since ur essentially paying for ranks on 2 servers
[16:50:45] CamDog_447 (uuid: 1b4873bc-5938-46a6-b588-0968e244f24d): *Autistic Screeching*
[16:50:58] Mrmapl3syrup (uuid: b3f11e18-ff16-45fe-85b7-bb69e73fb17c): do I have to pay again or some dome shit l0l
[16:51:01] TheRealColmagi (uuid: c98c1615-0764-41e1-848d-73152bfabe94): no
[16:51:03] TheRealColmagi (uuid: c98c1615-0764-41e1-848d-73152bfabe94): u get luckjy
[16:51:03] Mrmapl3syrup (uuid: b3f11e18-ff16-45fe-85b7-bb69e73fb17c): yaaaay
[16:51:16] CamDog_447 (uuid: 1b4873bc-5938-46a6-b588-0968e244f24d): I'm an idiot, why am I not in the Discord?
[16:51:24] Mrmapl3syrup (uuid: b3f11e18-ff16-45fe-85b7-bb69e73fb17c): colmagi is also an idiot
[16:51:28] Mrmapl3syrup (uuid: b3f11e18-ff16-45fe-85b7-bb69e73fb17c): because he isnt in the discord
[16:51:32] Mrmapl3syrup (uuid: b3f11e18-ff16-45fe-85b7-bb69e73fb17c): also hi
[16:51:37] Mrmapl3syrup (uuid: b3f11e18-ff16-45fe-85b7-bb69e73fb17c): OPTIVAT SPEAK
[16:51:39] Mrmapl3syrup (uuid: b3f11e18-ff16-45fe-85b7-bb69e73fb17c): IN THE DISCORD
[16:51:41] Mrmapl3syrup (uuid: b3f11e18-ff16-45fe-85b7-bb69e73fb17c): REEEE
[16:51:57] Mrmapl3syrup (uuid: b3f11e18-ff16-45fe-85b7-bb69e73fb17c): oh just you wait
[16:52:01] Mrmapl3syrup (uuid: b3f11e18-ff16-45fe-85b7-bb69e73fb17c): tommorow
[16:52:06] Mrmapl3syrup (uuid: b3f11e18-ff16-45fe-85b7-bb69e73fb17c): you will hear my voice
[16:52:08] Mrmapl3syrup (uuid: b3f11e18-ff16-45fe-85b7-bb69e73fb17c): :^)
[16:52:14] Mrmapl3syrup (uuid: b3f11e18-ff16-45fe-85b7-bb69e73fb17c): and my reeeeeeeeeeeeeeeeEEEing
[16:52:15] Mrmapl3syrup (uuid: b3f11e18-ff16-45fe-85b7-bb69e73fb17c): ye
[16:52:21] TheRealColmagi (uuid: c98c1615-0764-41e1-848d-73152bfabe94): i bet its as screechy and sqeaky as ever
[16:52:22] Mrmapl3syrup (uuid: b3f11e18-ff16-45fe-85b7-bb69e73fb17c): that isnt a good thing
[16:52:27] TheRealColmagi (uuid: c98c1615-0764-41e1-848d-73152bfabe94): WENDADON IS ON
[16:52:28] Mrmapl3syrup (uuid: b3f11e18-ff16-45fe-85b7-bb69e73fb17c): fucking cancer
[16:52:38] Optivat_YT (uuid: 061f9ad6-a6fb-45da-8990-73890f965939): k
[16:53:09] TheRealColmagi (uuid: c98c1615-0764-41e1-848d-73152bfabe94): sup
[16:53:18] TheRealColmagi (uuid: c98c1615-0764-41e1-848d-73152bfabe94): hi
[16:53:22] SimplyTB (uuid: 3d711fae-64a0-41d0-a938-de4f880f4bd0): ¯\_(?)_/¯
[16:53:25] Mrmapl3syrup (uuid: b3f11e18-ff16-45fe-85b7-bb69e73fb17c): so many people today
[16:53:26] WendadonPlayz_YT (uuid: cb30c930-c6c8-450f-a5fe-80d4cc292106): is there anything else i can work on though? cuz im kinda getting bored
[16:53:27] TheRealColmagi (uuid: c98c1615-0764-41e1-848d-73152bfabe94): simply
[16:53:29] Mrmapl3syrup (uuid: b3f11e18-ff16-45fe-85b7-bb69e73fb17c): lemme get shorty
[16:53:32] TheRealColmagi (uuid: c98c1615-0764-41e1-848d-73152bfabe94): how u doin
[16:53:38] SimplyTB (uuid: 3d711fae-64a0-41d0-a938-de4f880f4bd0): ¯\_(?)_/¯
[16:53:48] TheRealColmagi (uuid: c98c1615-0764-41e1-848d-73152bfabe94): how u doin
[16:53:54] TheRealColmagi (uuid: c98c1615-0764-41e1-848d-73152bfabe94): we're planning to add a facs server
[16:54:01] SimplyTB (uuid: 3d711fae-64a0-41d0-a938-de4f880f4bd0): coo,
[16:54:14] Mrmapl3syrup (uuid: b3f11e18-ff16-45fe-85b7-bb69e73fb17c): aaaa
[16:54:48] SimplyTB (uuid: 3d711fae-64a0-41d0-a938-de4f880f4bd0): hmm
[16:54:52] TheRealColmagi (uuid: c98c1615-0764-41e1-848d-73152bfabe94): WHOS STUFF IS THIS
[16:54:55] Mrmapl3syrup (uuid: b3f11e18-ff16-45fe-85b7-bb69e73fb17c): not suspicous
[16:54:56] Optivat_YT (uuid: 061f9ad6-a6fb-45da-8990-73890f965939): MINe
[16:54:57] SimplyTB (uuid: 3d711fae-64a0-41d0-a938-de4f880f4bd0): hey
[16:55:00] WendadonPlayz_YT (uuid: cb30c930-c6c8-450f-a5fe-80d4cc292106): i wish i could do something helpful on this server :/
[16:55:02] TheRealColmagi (uuid: c98c1615-0764-41e1-848d-73152bfabe94): get it
[16:55:04] SimplyTB (uuid: 3d711fae-64a0-41d0-a938-de4f880f4bd0): that's not normal
[16:55:07] TheRealColmagi (uuid: c98c1615-0764-41e1-848d-73152bfabe94): were gonna make a facs server
[16:55:09] TheRealColmagi (uuid: c98c1615-0764-41e1-848d-73152bfabe94): if ur on
[16:55:14] WendadonPlayz_YT (uuid: cb30c930-c6c8-450f-a5fe-80d4cc292106): today?
[16:55:14] TheRealColmagi (uuid: c98c1615-0764-41e1-848d-73152bfabe94): u can help us build spawn
[16:55:16] SimplyTB (uuid: 3d711fae-64a0-41d0-a938-de4f880f4bd0): hmm
[16:55:18] Mrmapl3syrup (uuid: b3f11e18-ff16-45fe-85b7-bb69e73fb17c): yeah we have a disguise plugin for donors l0l
[16:55:31] TheRealColmagi (uuid: c98c1615-0764-41e1-848d-73152bfabe94): i picked up the exp srry
[16:55:36] Mrmapl3syrup (uuid: b3f11e18-ff16-45fe-85b7-bb69e73fb17c): i am opd sense i am a mod so I can change into basically anything
[16:55:42] WendadonPlayz_YT (uuid: cb30c930-c6c8-450f-a5fe-80d4cc292106): ur building factions today?
[16:55:44] SimplyTB (uuid: 3d711fae-64a0-41d0-a938-de4f880f4bd0): i was wondering why there was a enderdragon in front of me
[16:55:45] TheRealColmagi (uuid: c98c1615-0764-41e1-848d-73152bfabe94): maybe
[16:55:51] TheRealColmagi (uuid: c98c1615-0764-41e1-848d-73152bfabe94): if everyone wants a facs server
[16:55:58] TheRealColmagi (uuid: c98c1615-0764-41e1-848d-73152bfabe94): does everyone want a facs server as well
[16:56:02] WendadonPlayz_YT (uuid: cb30c930-c6c8-450f-a5fe-80d4cc292106): yeah
[16:56:08] Mrmapl3syrup (uuid: b3f11e18-ff16-45fe-85b7-bb69e73fb17c): anus
[16:56:15] TheRealColmagi (uuid: c98c1615-0764-41e1-848d-73152bfabe94): ill take that as a yes
[16:56:26] Mrmapl3syrup (uuid: b3f11e18-ff16-45fe-85b7-bb69e73fb17c): type !anus if u wanna be in my factiooon
[16:56:30] TheRealColmagi (uuid: c98c1615-0764-41e1-848d-73152bfabe94): LOL
[16:56:36] WendadonPlayz_YT (uuid: cb30c930-c6c8-450f-a5fe-80d4cc292106): no comment
[16:56:41] Mrmapl3syrup (uuid: b3f11e18-ff16-45fe-85b7-bb69e73fb17c): please
[16:56:44] Mrmapl3syrup (uuid: b3f11e18-ff16-45fe-85b7-bb69e73fb17c): i have no friends
[16:56:45] WendadonPlayz_YT (uuid: cb30c930-c6c8-450f-a5fe-80d4cc292106): but i do want to join
[16:56:52] Mrmapl3syrup (uuid: b3f11e18-ff16-45fe-85b7-bb69e73fb17c): oh
[16:56:53] Mrmapl3syrup (uuid: b3f11e18-ff16-45fe-85b7-bb69e73fb17c): yayyyy
[16:56:59] TheRealColmagi (uuid: c98c1615-0764-41e1-848d-73152bfabe94): i always assumed optiuvat and wendadon would do their own thing
[16:57:03] TheRealColmagi (uuid: c98c1615-0764-41e1-848d-73152bfabe94): while maple would make a facs
[16:57:08] Mrmapl3syrup (uuid: b3f11e18-ff16-45fe-85b7-bb69e73fb17c): anal
[16:57:08] Optivat_YT (uuid: 061f9ad6-a6fb-45da-8990-73890f965939): anus
[16:57:11] TheRealColmagi (uuid: c98c1615-0764-41e1-848d-73152bfabe94): and they would fight or some shit
[16:57:11] Optivat_YT (uuid: 061f9ad6-a6fb-45da-8990-73890f965939): anus
[16:57:18] WendadonPlayz_YT (uuid: cb30c930-c6c8-450f-a5fe-80d4cc292106): anus
[16:57:24] Mrmapl3syrup (uuid: b3f11e18-ff16-45fe-85b7-bb69e73fb17c): black anus beef
[16:57:32] Mrmapl3syrup (uuid: b3f11e18-ff16-45fe-85b7-bb69e73fb17c): get it
[16:57:33] TheRealColmagi (uuid: c98c1615-0764-41e1-848d-73152bfabe94): wtf
[16:57:35] Mrmapl3syrup (uuid: b3f11e18-ff16-45fe-85b7-bb69e73fb17c): cuz
[16:57:36] WendadonPlayz_YT (uuid: cb30c930-c6c8-450f-a5fe-80d4cc292106): nope
[16:57:38] Mrmapl3syrup (uuid: b3f11e18-ff16-45fe-85b7-bb69e73fb17c): black angus beef
[16:57:40] TheRealColmagi (uuid: c98c1615-0764-41e1-848d-73152bfabe94): watch ur mouth
[16:57:46] WendadonPlayz_YT (uuid: cb30c930-c6c8-450f-a5fe-80d4cc292106): i dont get it
[16:57:49] WendadonPlayz_YT (uuid: cb30c930-c6c8-450f-a5fe-80d4cc292106): so no comment
[16:57:55] Mrmapl3syrup (uuid: b3f11e18-ff16-45fe-85b7-bb69e73fb17c): black angus beef is a type of meat
[16:58:02] TheRealColmagi (uuid: c98c1615-0764-41e1-848d-73152bfabe94): this is a clean christian chat no swaering
[16:58:15] TheRealColmagi (uuid: c98c1615-0764-41e1-848d-73152bfabe94): xd just a prank br0
[16:58:31] Mrmapl3syrup (uuid: b3f11e18-ff16-45fe-85b7-bb69e73fb17c): take the normal one u normie
[16:58:39] TheRealColmagi (uuid: c98c1615-0764-41e1-848d-73152bfabe94): raosted
[16:58:41] Mrmapl3syrup (uuid: b3f11e18-ff16-45fe-85b7-bb69e73fb17c): LOL
[16:58:53] Mrmapl3syrup (uuid: b3f11e18-ff16-45fe-85b7-bb69e73fb17c): Colmagi made this all possible l0l
[16:59:09] Mrmapl3syrup (uuid: b3f11e18-ff16-45fe-85b7-bb69e73fb17c): 
[16:59:13] Mrmapl3syrup (uuid: b3f11e18-ff16-45fe-85b7-bb69e73fb17c): 
[16:59:14] Mrmapl3syrup (uuid: b3f11e18-ff16-45fe-85b7-bb69e73fb17c): 
[16:59:14] TheRealColmagi (uuid: c98c1615-0764-41e1-848d-73152bfabe94): 
[16:59:16] TheRealColmagi (uuid: c98c1615-0764-41e1-848d-73152bfabe94): 
[16:59:16] TheRealColmagi (uuid: c98c1615-0764-41e1-848d-73152bfabe94): 
[16:59:16] Mrmapl3syrup (uuid: b3f11e18-ff16-45fe-85b7-bb69e73fb17c): lol
[16:59:17] TheRealColmagi (uuid: c98c1615-0764-41e1-848d-73152bfabe94): 
[16:59:17] Optivat_YT (uuid: 061f9ad6-a6fb-45da-8990-73890f965939): :
[16:59:18] WendadonPlayz_YT (uuid: cb30c930-c6c8-450f-a5fe-80d4cc292106): :
[16:59:18] Optivat_YT (uuid: 061f9ad6-a6fb-45da-8990-73890f965939): :
[16:59:19] Optivat_YT (uuid: 061f9ad6-a6fb-45da-8990-73890f965939): :
[16:59:29] SimplyTB (uuid: 3d711fae-64a0-41d0-a938-de4f880f4bd0): ¯\_(?)_/¯
[16:59:34] TheRealColmagi (uuid: c98c1615-0764-41e1-848d-73152bfabe94): tb
[16:59:34] Mrmapl3syrup (uuid: b3f11e18-ff16-45fe-85b7-bb69e73fb17c): take its meat
[16:59:39] SimplyTB (uuid: 3d711fae-64a0-41d0-a938-de4f880f4bd0): hm
[16:59:41] TheRealColmagi (uuid: c98c1615-0764-41e1-848d-73152bfabe94): u put a ! before ur msgs to shout in global chat
[16:59:45] SimplyTB (uuid: 3d711fae-64a0-41d0-a938-de4f880f4bd0): og
[16:59:54] SimplyTB (uuid: 3d711fae-64a0-41d0-a938-de4f880f4bd0): ¯\_(?)_/¯
[16:59:55] Mrmapl3syrup (uuid: b3f11e18-ff16-45fe-85b7-bb69e73fb17c): butt is a bad word
[17:00:01] Mrmapl3syrup (uuid: b3f11e18-ff16-45fe-85b7-bb69e73fb17c): this is a christain server
[17:00:03] Mrmapl3syrup (uuid: b3f11e18-ff16-45fe-85b7-bb69e73fb17c): ur banned
[17:00:04] Mrmapl3syrup (uuid: b3f11e18-ff16-45fe-85b7-bb69e73fb17c): l 0 l
[17:00:06] Mrmapl3syrup (uuid: b3f11e18-ff16-45fe-85b7-bb69e73fb17c): ye
[17:00:20] Mrmapl3syrup (uuid: b3f11e18-ff16-45fe-85b7-bb69e73fb17c): I will try not to be cancer :(
[17:00:29] Mrmapl3syrup (uuid: b3f11e18-ff16-45fe-85b7-bb69e73fb17c): I just have a high pitched voice
[17:00:37] Mrmapl3syrup (uuid: b3f11e18-ff16-45fe-85b7-bb69e73fb17c): no where near as bad as gavins
[17:00:39] TheRealColmagi (uuid: c98c1615-0764-41e1-848d-73152bfabe94): just like gavin
[17:00:41] Mrmapl3syrup (uuid: b3f11e18-ff16-45fe-85b7-bb69e73fb17c): I am
[17:00:46] Mrmapl3syrup (uuid: b3f11e18-ff16-45fe-85b7-bb69e73fb17c): Im 13 l0l
[17:00:55] Mrmapl3syrup (uuid: b3f11e18-ff16-45fe-85b7-bb69e73fb17c): l 0 l
[17:01:10] Mrmapl3syrup (uuid: b3f11e18-ff16-45fe-85b7-bb69e73fb17c): i am just a normie
[17:01:21] SimplyTB (uuid: 3d711fae-64a0-41d0-a938-de4f880f4bd0): ¯\_(?)_/¯
[17:01:30] TheRealColmagi (uuid: c98c1615-0764-41e1-848d-73152bfabe94): simply stop spammin that
[17:01:50] TheRealColmagi (uuid: c98c1615-0764-41e1-848d-73152bfabe94): i like how my griefprevention mutes it for "gibberish"
[17:02:15] Mrmapl3syrup (uuid: b3f11e18-ff16-45fe-85b7-bb69e73fb17c): dont mind me
[17:02:36] Mrmapl3syrup (uuid: b3f11e18-ff16-45fe-85b7-bb69e73fb17c): no
[17:02:46] Mrmapl3syrup (uuid: b3f11e18-ff16-45fe-85b7-bb69e73fb17c): i will kill ur cows
[17:03:13] Mrmapl3syrup (uuid: b3f11e18-ff16-45fe-85b7-bb69e73fb17c): brb
[17:03:59] Mrmapl3syrup (uuid: b3f11e18-ff16-45fe-85b7-bb69e73fb17c): aaaa
[17:04:03] TheRealColmagi (uuid: c98c1615-0764-41e1-848d-73152bfabe94): wendadon
[17:04:08] TheRealColmagi (uuid: c98c1615-0764-41e1-848d-73152bfabe94): leave and reconnect in discord
[17:04:12] WendadonPlayz_YT (uuid: cb30c930-c6c8-450f-a5fe-80d4cc292106): ok
[17:04:40] Mrmapl3syrup (uuid: b3f11e18-ff16-45fe-85b7-bb69e73fb17c): worser
[17:04:42] Mrmapl3syrup (uuid: b3f11e18-ff16-45fe-85b7-bb69e73fb17c): is not a word
[17:04:52] Mrmapl3syrup (uuid: b3f11e18-ff16-45fe-85b7-bb69e73fb17c): get gud at grammar
[17:04:55] Mrmapl3syrup (uuid: b3f11e18-ff16-45fe-85b7-bb69e73fb17c): free succ
[17:04:57] WendadonPlayz_YT (uuid: cb30c930-c6c8-450f-a5fe-80d4cc292106): yeet
[17:05:07] Mrmapl3syrup (uuid: b3f11e18-ff16-45fe-85b7-bb69e73fb17c): I see someone collected my farm
[17:05:09] Mrmapl3syrup (uuid: b3f11e18-ff16-45fe-85b7-bb69e73fb17c): thing
[17:05:11] Mrmapl3syrup (uuid: b3f11e18-ff16-45fe-85b7-bb69e73fb17c): gj
[17:05:18] Mrmapl3syrup (uuid: b3f11e18-ff16-45fe-85b7-bb69e73fb17c): Someone actually uses it
[17:05:28] Mrmapl3syrup (uuid: b3f11e18-ff16-45fe-85b7-bb69e73fb17c): the one
[17:05:29] Mrmapl3syrup (uuid: b3f11e18-ff16-45fe-85b7-bb69e73fb17c): ye
[17:05:54] Mrmapl3syrup (uuid: b3f11e18-ff16-45fe-85b7-bb69e73fb17c): optivat isnt good at building
[17:06:01] WendadonPlayz_YT (uuid: cb30c930-c6c8-450f-a5fe-80d4cc292106): very true
[17:06:06] TheRealColmagi (uuid: c98c1615-0764-41e1-848d-73152bfabe94): rektel
[17:06:07] Mrmapl3syrup (uuid: b3f11e18-ff16-45fe-85b7-bb69e73fb17c): ROAsTED
[17:06:09] TheRealColmagi (uuid: c98c1615-0764-41e1-848d-73152bfabe94): frekt
[17:06:11] TheRealColmagi (uuid: c98c1615-0764-41e1-848d-73152bfabe94): rekt
[17:06:12] Mrmapl3syrup (uuid: b3f11e18-ff16-45fe-85b7-bb69e73fb17c): rectal
[17:06:51] Mrmapl3syrup (uuid: b3f11e18-ff16-45fe-85b7-bb69e73fb17c): i feel so hurt still
[17:06:54] WendadonPlayz_YT (uuid: cb30c930-c6c8-450f-a5fe-80d4cc292106): very true
[17:06:58] Mrmapl3syrup (uuid: b3f11e18-ff16-45fe-85b7-bb69e73fb17c): because blue destroyed the base :(
[17:07:02] WendadonPlayz_YT (uuid: cb30c930-c6c8-450f-a5fe-80d4cc292106): i
[17:07:10] TheRealColmagi (uuid: c98c1615-0764-41e1-848d-73152bfabe94): ? ??? ????? ????? ???????s????s ????? s??? ????? ???? ????s ??? s???? ????? ????? ??????? ????? ???? ?? ??? ????? ???? ?? ??? ??????? ?????????? ???? ?? ?????? ?s?????s???? ??? ???? ????? ?????? ??? ?????????? ??????s ?? ??? ???? ?????? ????s ??? ?????????
[17:07:20] TheRealColmagi (uuid: c98c1615-0764-41e1-848d-73152bfabe94): ? ??? ????? ????? ???????s????s ????? s??? ????? ???? ????s ??? s???? ????? ????? ??????? ????? ???? ?? ??? ????? ???? ?? ??? ??????? ?????????? ???? ?? ?????? ?s?????s???? ??? ???? ????? ?????? ??? ?????????? ??????s ?? ??? ???? ?????? ????s ??? ????????
[17:08:06] Mrmapl3syrup (uuid: b3f11e18-ff16-45fe-85b7-bb69e73fb17c): DUUUUUUUUUUUUUUUUUUUUUUUUUUUUDE DUDE DUDE DUDE DUDE DUDE DUDE DUDE FUCKING WEEEEEEEEED AHAHAHAHAHAHAHA DUDE!!!!!!!!!! WEED!!!!!!!!!!!! hits bong FUCKING DUUUUUUDE that WEEED like just...................DUDELMFFFFFAAAAAAOOOO i am so fucking HIGH on WEED rig
[17:08:10] Mrmapl3syrup (uuid: b3f11e18-ff16-45fe-85b7-bb69e73fb17c): DUUUUUUUUUUUUUUUUUUUUUUUUUUUUDE DUDE DUDE DUDE DUDE DUDE DUDE DUDE FUCKING WEEEEEEEEED AHAHAHAHAHAHAHA DUDE!!!!!!!!!! WEED!!!!!!!!!!!! hits bong FUCKING DUUUUUUDE that WEEED like just...................DUDELMFFFFFAAAAAAOOOO i am so fucking HIGH on WEED ri
[17:08:27] Mrmapl3syrup (uuid: b3f11e18-ff16-45fe-85b7-bb69e73fb17c): take it im not a pot head u normie
[17:08:43] Mrmapl3syrup (uuid: b3f11e18-ff16-45fe-85b7-bb69e73fb17c): Did you ever hear the tragedy of Donald Trump The Wise? I thought not. Its not a story the Democrats would tell you. Its a Republican legend. Donald Trump was a Dark President of the Republican Party, so tremendous and so wise he could use the executive
[17:09:20] Mrmapl3syrup (uuid: b3f11e18-ff16-45fe-85b7-bb69e73fb17c): executive branch to influence the taxpayers to create walls He had such a knowledge of the conservative side that he could even keep the ones who supported him from fact-checking his statements. The right side of the political spectrum is a pathway to ma
[17:09:41] Mrmapl3syrup (uuid: b3f11e18-ff16-45fe-85b7-bb69e73fb17c): many abilities some consider to be unnatural. He became so powerful the only thing he was afraid of was losing his power, which eventually, of course, he did. Unfortunately, he taught his apprentice everything he knew, then his apprentice shocked him for
[17:09:50] Mrmapl3syrup (uuid: b3f11e18-ff16-45fe-85b7-bb69e73fb17c):  for being gay. Ironic. He could save others from theocracy, but not himself.
[17:10:00] TheRealColmagi (uuid: c98c1615-0764-41e1-848d-73152bfabe94): WTF
[17:10:06] TheRealColmagi (uuid: c98c1615-0764-41e1-848d-73152bfabe94): maples a negro
[17:10:09] Mrmapl3syrup (uuid: b3f11e18-ff16-45fe-85b7-bb69e73fb17c): WOAH
[17:10:10] Mrmapl3syrup (uuid: b3f11e18-ff16-45fe-85b7-bb69e73fb17c): WOAHAHAH
[17:10:13] TheRealColmagi (uuid: c98c1615-0764-41e1-848d-73152bfabe94): KNEE GROW
[17:10:22] Mrmapl3syrup (uuid: b3f11e18-ff16-45fe-85b7-bb69e73fb17c): i will kick someone
[17:10:24] Mrmapl3syrup (uuid: b3f11e18-ff16-45fe-85b7-bb69e73fb17c): rn
[17:10:25] Mrmapl3syrup (uuid: b3f11e18-ff16-45fe-85b7-bb69e73fb17c): u normie
[17:10:34] Mrmapl3syrup (uuid: b3f11e18-ff16-45fe-85b7-bb69e73fb17c): LOL
[17:10:41] Mrmapl3syrup (uuid: b3f11e18-ff16-45fe-85b7-bb69e73fb17c): HE BANNED HIMSELF
[17:10:50] WendadonPlayz_YT (uuid: cb30c930-c6c8-450f-a5fe-80d4cc292106): LOL
[17:10:52] Mrmapl3syrup (uuid: b3f11e18-ff16-45fe-85b7-bb69e73fb17c): he used the console
[17:11:01] Mrmapl3syrup (uuid: b3f11e18-ff16-45fe-85b7-bb69e73fb17c): For the memes
[17:11:10] TheRealColmagi (uuid: c98c1615-0764-41e1-848d-73152bfabe94): im back motherfukers
[17:11:14] Mrmapl3syrup (uuid: b3f11e18-ff16-45fe-85b7-bb69e73fb17c): REEEEEEEEEEEEEEEEEEEEEEEEEEE
[17:11:17] WendadonPlayz_YT (uuid: cb30c930-c6c8-450f-a5fe-80d4cc292106): YEEET
[17:11:29] Mrmapl3syrup (uuid: b3f11e18-ff16-45fe-85b7-bb69e73fb17c): im gonna make people
[17:11:32] TheRealColmagi (uuid: c98c1615-0764-41e1-848d-73152bfabe94): wtf
[17:11:34] Mrmapl3syrup (uuid: b3f11e18-ff16-45fe-85b7-bb69e73fb17c): make a plantation
[17:11:38] Mrmapl3syrup (uuid: b3f11e18-ff16-45fe-85b7-bb69e73fb17c): and hire people
[17:11:45] Mrmapl3syrup (uuid: b3f11e18-ff16-45fe-85b7-bb69e73fb17c): and make them slaves
[17:12:00] Mrmapl3syrup (uuid: b3f11e18-ff16-45fe-85b7-bb69e73fb17c): you bet
[17:12:20] TheRealColmagi (uuid: c98c1615-0764-41e1-848d-73152bfabe94): maple stahp chetin
[17:12:24] Mrmapl3syrup (uuid: b3f11e18-ff16-45fe-85b7-bb69e73fb17c): no
[17:12:29] TheRealColmagi (uuid: c98c1615-0764-41e1-848d-73152bfabe94): ever since i gave u op
[17:12:36] TheRealColmagi (uuid: c98c1615-0764-41e1-848d-73152bfabe94): optivats
[17:12:42] TheRealColmagi (uuid: c98c1615-0764-41e1-848d-73152bfabe94): BURN IT DOWN
[17:12:44] TheRealColmagi (uuid: c98c1615-0764-41e1-848d-73152bfabe94): VILLAGE FIGHT
[17:12:48] Mrmapl3syrup (uuid: b3f11e18-ff16-45fe-85b7-bb69e73fb17c): I could do that before I got op lol
[17:12:50] TheRealColmagi (uuid: c98c1615-0764-41e1-848d-73152bfabe94): FACTIONS STARTS HERE
[17:13:12] WendadonPlayz_YT (uuid: cb30c930-c6c8-450f-a5fe-80d4cc292106): TO WAR!
[17:13:46] Mrmapl3syrup (uuid: b3f11e18-ff16-45fe-85b7-bb69e73fb17c): MY THING
[17:13:52] TheRealColmagi (uuid: c98c1615-0764-41e1-848d-73152bfabe94): xd
[17:14:01] TheRealColmagi (uuid: c98c1615-0764-41e1-848d-73152bfabe94): ur still missing some stuff
[17:14:17] TheRealColmagi (uuid: c98c1615-0764-41e1-848d-73152bfabe94): esp ur nuggy blade
[17:14:23] Mrmapl3syrup (uuid: b3f11e18-ff16-45fe-85b7-bb69e73fb17c): NO
[17:14:26] Mrmapl3syrup (uuid: b3f11e18-ff16-45fe-85b7-bb69e73fb17c): STOP
[17:14:28] Mrmapl3syrup (uuid: b3f11e18-ff16-45fe-85b7-bb69e73fb17c): GIVE IIIIT
[17:14:32] TheRealColmagi (uuid: c98c1615-0764-41e1-848d-73152bfabe94): just do /powertool to remove powertool
[17:14:35] Mrmapl3syrup (uuid: b3f11e18-ff16-45fe-85b7-bb69e73fb17c): I did
[17:14:38] Mrmapl3syrup (uuid: b3f11e18-ff16-45fe-85b7-bb69e73fb17c): l0l
[17:15:25] Mrmapl3syrup (uuid: b3f11e18-ff16-45fe-85b7-bb69e73fb17c): am I a rainbow sheep
[17:15:53] Mrmapl3syrup (uuid: b3f11e18-ff16-45fe-85b7-bb69e73fb17c): hi
[17:15:57] Mrmapl3syrup (uuid: b3f11e18-ff16-45fe-85b7-bb69e73fb17c): welcome to my humble abode
[17:16:01] Mrmapl3syrup (uuid: b3f11e18-ff16-45fe-85b7-bb69e73fb17c): im a sheep
[17:16:05] Mrmapl3syrup (uuid: b3f11e18-ff16-45fe-85b7-bb69e73fb17c): Come look
[17:16:14] Mrmapl3syrup (uuid: b3f11e18-ff16-45fe-85b7-bb69e73fb17c): come over here
[17:16:20] Mrmapl3syrup (uuid: b3f11e18-ff16-45fe-85b7-bb69e73fb17c): down here
[17:16:29] Mrmapl3syrup (uuid: b3f11e18-ff16-45fe-85b7-bb69e73fb17c): am I rainbow?
[17:16:37] Mrmapl3syrup (uuid: b3f11e18-ff16-45fe-85b7-bb69e73fb17c): rainbow colored
[17:16:38] Mrmapl3syrup (uuid: b3f11e18-ff16-45fe-85b7-bb69e73fb17c): ye
[17:16:43] Mrmapl3syrup (uuid: b3f11e18-ff16-45fe-85b7-bb69e73fb17c): I was the first to slay him
[17:16:48] Mrmapl3syrup (uuid: b3f11e18-ff16-45fe-85b7-bb69e73fb17c): am I grey
[17:17:13] Mrmapl3syrup (uuid: b3f11e18-ff16-45fe-85b7-bb69e73fb17c): I will be a green sheep
[17:17:19] Mrmapl3syrup (uuid: b3f11e18-ff16-45fe-85b7-bb69e73fb17c): actually blue
[17:17:44] Mrmapl3syrup (uuid: b3f11e18-ff16-45fe-85b7-bb69e73fb17c): ye
[17:17:48] Mrmapl3syrup (uuid: b3f11e18-ff16-45fe-85b7-bb69e73fb17c): come look around
[17:18:16] Mrmapl3syrup (uuid: b3f11e18-ff16-45fe-85b7-bb69e73fb17c): got a little thing
[17:18:20] Mrmapl3syrup (uuid: b3f11e18-ff16-45fe-85b7-bb69e73fb17c): and a guard tower
[17:18:48] Mrmapl3syrup (uuid: b3f11e18-ff16-45fe-85b7-bb69e73fb17c): lol
[17:18:54] Mrmapl3syrup (uuid: b3f11e18-ff16-45fe-85b7-bb69e73fb17c): i am sheep
[17:18:56] Mrmapl3syrup (uuid: b3f11e18-ff16-45fe-85b7-bb69e73fb17c): dont mind me
[17:19:03] Mrmapl3syrup (uuid: b3f11e18-ff16-45fe-85b7-bb69e73fb17c): not me
[17:22:15] Mrmapl3syrup (uuid: b3f11e18-ff16-45fe-85b7-bb69e73fb17c): The end is a dimension not space
[17:23:24] Mrmapl3syrup (uuid: b3f11e18-ff16-45fe-85b7-bb69e73fb17c): which wont bee meeee
[17:24:18] TheRealColmagi (uuid: c98c1615-0764-41e1-848d-73152bfabe94): where he go
[17:24:23] Mrmapl3syrup (uuid: b3f11e18-ff16-45fe-85b7-bb69e73fb17c): crashed mayb
[17:24:26] WendadonPlayz_YT (uuid: cb30c930-c6c8-450f-a5fe-80d4cc292106): he went somewhere
[17:24:30] TheRealColmagi (uuid: c98c1615-0764-41e1-848d-73152bfabe94): "flying is not allowed"
[17:24:30] WendadonPlayz_YT (uuid: cb30c930-c6c8-450f-a5fe-80d4cc292106): maybe his internet crashed
[17:24:32] TheRealColmagi (uuid: c98c1615-0764-41e1-848d-73152bfabe94): lol rip
[17:24:47] WendadonPlayz_YT (uuid: cb30c930-c6c8-450f-a5fe-80d4cc292106): i cant hear him
[17:27:11] Mrmapl3syrup (uuid: b3f11e18-ff16-45fe-85b7-bb69e73fb17c): magi
[17:27:19] Mrmapl3syrup (uuid: b3f11e18-ff16-45fe-85b7-bb69e73fb17c): you know how around spawn there was no grass
[17:27:23] TheRealColmagi (uuid: c98c1615-0764-41e1-848d-73152bfabe94): ya
[17:27:28] Mrmapl3syrup (uuid: b3f11e18-ff16-45fe-85b7-bb69e73fb17c): now there is
[17:27:31] Mrmapl3syrup (uuid: b3f11e18-ff16-45fe-85b7-bb69e73fb17c): :D
[17:27:40] TheRealColmagi (uuid: c98c1615-0764-41e1-848d-73152bfabe94): WOAWWWWWWWWWWWWWWWWWWWWWWWWWWWWWWWWWWWWWWWWWWWW
[17:27:44] Mrmapl3syrup (uuid: b3f11e18-ff16-45fe-85b7-bb69e73fb17c): because I just flew around with bone meal
[17:27:47] TheRealColmagi (uuid: c98c1615-0764-41e1-848d-73152bfabe94): sexy
[17:27:49] WendadonPlayz_YT (uuid: cb30c930-c6c8-450f-a5fe-80d4cc292106): lelz
[17:27:49] Mrmapl3syrup (uuid: b3f11e18-ff16-45fe-85b7-bb69e73fb17c): it took so long :(
[17:27:52] Mrmapl3syrup (uuid: b3f11e18-ff16-45fe-85b7-bb69e73fb17c): ik
[17:27:58] Mrmapl3syrup (uuid: b3f11e18-ff16-45fe-85b7-bb69e73fb17c): it doesnt look as artificial
[17:28:07] Mrmapl3syrup (uuid: b3f11e18-ff16-45fe-85b7-bb69e73fb17c): also hi I am a blue sheep
[17:28:12] Mrmapl3syrup (uuid: b3f11e18-ff16-45fe-85b7-bb69e73fb17c): Rest in pieces
[17:28:20] WendadonPlayz_YT (uuid: cb30c930-c6c8-450f-a5fe-80d4cc292106): hello darkness my old friend
[17:28:35] TheRealColmagi (uuid: c98c1615-0764-41e1-848d-73152bfabe94): IVE COME TO SOMETHING SOME THING SOMETHINGASKDALJYH
[17:29:03] WendadonPlayz_YT (uuid: cb30c930-c6c8-450f-a5fe-80d4cc292106): when u lose ur elytra
[17:29:11] WendadonPlayz_YT (uuid: cb30c930-c6c8-450f-a5fe-80d4cc292106): bad stuff happens
[17:29:11] TheRealColmagi (uuid: c98c1615-0764-41e1-848d-73152bfabe94): optivat has extras
[17:29:23] WendadonPlayz_YT (uuid: cb30c930-c6c8-450f-a5fe-80d4cc292106): i doubt he will gimme more xD
[17:29:44] WendadonPlayz_YT (uuid: cb30c930-c6c8-450f-a5fe-80d4cc292106): if he does, i doubt he'll give me more armour
[17:29:54] WendadonPlayz_YT (uuid: cb30c930-c6c8-450f-a5fe-80d4cc292106): since i died in lava with some of his armour
[17:30:01] WendadonPlayz_YT (uuid: cb30c930-c6c8-450f-a5fe-80d4cc292106): and fell in the void with some of his armour
[17:30:03] TheRealColmagi (uuid: c98c1615-0764-41e1-848d-73152bfabe94): awww rip
[17:30:04] WendadonPlayz_YT (uuid: cb30c930-c6c8-450f-a5fe-80d4cc292106): life sux
[17:30:24] CamDog_447 (uuid: 1b4873bc-5938-46a6-b588-0968e244f24d): Oh my god cool it with the lightning!
[17:30:29] TheRealColmagi (uuid: c98c1615-0764-41e1-848d-73152bfabe94): gdi maple
[17:30:34] Mrmapl3syrup (uuid: b3f11e18-ff16-45fe-85b7-bb69e73fb17c): i was saving hiiiim
[17:30:36] WendadonPlayz_YT (uuid: cb30c930-c6c8-450f-a5fe-80d4cc292106): can we start building faction lobby now?
[17:30:41] Mrmapl3syrup (uuid: b3f11e18-ff16-45fe-85b7-bb69e73fb17c): he was getting shrekt by munsters
[17:30:41] TheRealColmagi (uuid: c98c1615-0764-41e1-848d-73152bfabe94): yeah ill make a server
[17:30:44] WendadonPlayz_YT (uuid: cb30c930-c6c8-450f-a5fe-80d4cc292106): :D
[17:31:32] Mrmapl3syrup (uuid: b3f11e18-ff16-45fe-85b7-bb69e73fb17c): NO IT IS DAY
[17:31:33] Mrmapl3syrup (uuid: b3f11e18-ff16-45fe-85b7-bb69e73fb17c): lOL
[17:31:45] Mrmapl3syrup (uuid: b3f11e18-ff16-45fe-85b7-bb69e73fb17c): im raping a spider
[17:31:58] Mrmapl3syrup (uuid: b3f11e18-ff16-45fe-85b7-bb69e73fb17c): OH YEAH
[17:32:00] Mrmapl3syrup (uuid: b3f11e18-ff16-45fe-85b7-bb69e73fb17c): YOU LIKE THAT
[17:32:09] Mrmapl3syrup (uuid: b3f11e18-ff16-45fe-85b7-bb69e73fb17c): TASTE MY SNOWY BALLS
[17:34:11] Mrmapl3syrup (uuid: b3f11e18-ff16-45fe-85b7-bb69e73fb17c): we did not leave
[17:34:13] Mrmapl3syrup (uuid: b3f11e18-ff16-45fe-85b7-bb69e73fb17c): l0l
[17:34:17] Mrmapl3syrup (uuid: b3f11e18-ff16-45fe-85b7-bb69e73fb17c): we left to the lobby
[17:43:24] Mrmapl3syrup (uuid: b3f11e18-ff16-45fe-85b7-bb69e73fb17c): nope
[17:43:54] Mrmapl3syrup (uuid: b3f11e18-ff16-45fe-85b7-bb69e73fb17c): w0t
[17:44:00] Mrmapl3syrup (uuid: b3f11e18-ff16-45fe-85b7-bb69e73fb17c): no they dont
[17:44:10] Mrmapl3syrup (uuid: b3f11e18-ff16-45fe-85b7-bb69e73fb17c): they can spawn when u kill them
[17:44:57] Mrmapl3syrup (uuid: b3f11e18-ff16-45fe-85b7-bb69e73fb17c): rip
[17:45:16] Mrmapl3syrup (uuid: b3f11e18-ff16-45fe-85b7-bb69e73fb17c): oops
[17:45:32] Mrmapl3syrup (uuid: b3f11e18-ff16-45fe-85b7-bb69e73fb17c): heheheheh
[17:45:51] Mrmapl3syrup (uuid: b3f11e18-ff16-45fe-85b7-bb69e73fb17c): LOL
[17:46:04] Mrmapl3syrup (uuid: b3f11e18-ff16-45fe-85b7-bb69e73fb17c): LOLOL<OLOLOLLOOL
[17:46:06] Mrmapl3syrup (uuid: b3f11e18-ff16-45fe-85b7-bb69e73fb17c): HAHAHAH
[17:46:10] Mrmapl3syrup (uuid: b3f11e18-ff16-45fe-85b7-bb69e73fb17c): i want to die
[17:46:18] Mrmapl3syrup (uuid: b3f11e18-ff16-45fe-85b7-bb69e73fb17c): he is afk
[17:46:29] Mrmapl3syrup (uuid: b3f11e18-ff16-45fe-85b7-bb69e73fb17c): i can kill him rn if I want to
[17:46:43] Mrmapl3syrup (uuid: b3f11e18-ff16-45fe-85b7-bb69e73fb17c): but I would get in trouble
[17:46:45] Mrmapl3syrup (uuid: b3f11e18-ff16-45fe-85b7-bb69e73fb17c): l0l
[17:47:25] WendadonPlayz_YT (uuid: cb30c930-c6c8-450f-a5fe-80d4cc292106): ello
[17:47:25] Mrmapl3syrup (uuid: b3f11e18-ff16-45fe-85b7-bb69e73fb17c): i didnt do anything
[17:47:29] TheRealColmagi (uuid: c98c1615-0764-41e1-848d-73152bfabe94): whts this hmMMMMMM
[17:47:32] Mrmapl3syrup (uuid: b3f11e18-ff16-45fe-85b7-bb69e73fb17c): I just said I could kill him if I wanted to lol
[17:47:36] Mrmapl3syrup (uuid: b3f11e18-ff16-45fe-85b7-bb69e73fb17c): Sense I was afk
[17:48:04] Mrmapl3syrup (uuid: b3f11e18-ff16-45fe-85b7-bb69e73fb17c): nice bed
[17:48:05] Mrmapl3syrup (uuid: b3f11e18-ff16-45fe-85b7-bb69e73fb17c): wanna
[17:48:16] TheRealColmagi (uuid: c98c1615-0764-41e1-848d-73152bfabe94): fuzzy almost joined but he was running the wrong version
[17:48:20] Mrmapl3syrup (uuid: b3f11e18-ff16-45fe-85b7-bb69e73fb17c): why noot
[17:48:31] Mrmapl3syrup (uuid: b3f11e18-ff16-45fe-85b7-bb69e73fb17c): I was gonna make a steak dinner :(
[17:48:39] Mrmapl3syrup (uuid: b3f11e18-ff16-45fe-85b7-bb69e73fb17c): fine I guess u dont want steak
[17:48:49] Mrmapl3syrup (uuid: b3f11e18-ff16-45fe-85b7-bb69e73fb17c): weiner butt
[17:49:01] Mrmapl3syrup (uuid: b3f11e18-ff16-45fe-85b7-bb69e73fb17c): ima egg ur house
[17:49:38] Mrmapl3syrup (uuid: b3f11e18-ff16-45fe-85b7-bb69e73fb17c): im killing chickens I spawned by egging his house
[17:49:57] Mrmapl3syrup (uuid: b3f11e18-ff16-45fe-85b7-bb69e73fb17c): anal
[17:50:00] Mrmapl3syrup (uuid: b3f11e18-ff16-45fe-85b7-bb69e73fb17c): yes
[17:50:14] Mrmapl3syrup (uuid: b3f11e18-ff16-45fe-85b7-bb69e73fb17c): u wanna go to the end?
[17:50:18] Mrmapl3syrup (uuid: b3f11e18-ff16-45fe-85b7-bb69e73fb17c): why didnt u just say so
[17:50:24] TheRealColmagi (uuid: c98c1615-0764-41e1-848d-73152bfabe94): HEY RETARDS DO U WANT MMORPG ON FACS
[17:50:29] Mrmapl3syrup (uuid: b3f11e18-ff16-45fe-85b7-bb69e73fb17c): yes
[17:50:29] WendadonPlayz_YT (uuid: cb30c930-c6c8-450f-a5fe-80d4cc292106): YEET
[17:50:57] Mrmapl3syrup (uuid: b3f11e18-ff16-45fe-85b7-bb69e73fb17c): eat that real quick
[17:51:03] WendadonPlayz_YT (uuid: cb30c930-c6c8-450f-a5fe-80d4cc292106): ty
[17:51:10] TheRealColmagi (uuid: c98c1615-0764-41e1-848d-73152bfabe94): its mcmmo
[17:51:15] Mrmapl3syrup (uuid: b3f11e18-ff16-45fe-85b7-bb69e73fb17c): LOL
[17:51:19] TheRealColmagi (uuid: c98c1615-0764-41e1-848d-73152bfabe94): im shit
[17:52:14] Mrmapl3syrup (uuid: b3f11e18-ff16-45fe-85b7-bb69e73fb17c): lol
[17:52:43] Mrmapl3syrup (uuid: b3f11e18-ff16-45fe-85b7-bb69e73fb17c): have a chicken
[17:52:45] Mrmapl3syrup (uuid: b3f11e18-ff16-45fe-85b7-bb69e73fb17c): just for you
[17:53:04] Mrmapl3syrup (uuid: b3f11e18-ff16-45fe-85b7-bb69e73fb17c): Axes swing slower
[17:53:25] Mrmapl3syrup (uuid: b3f11e18-ff16-45fe-85b7-bb69e73fb17c): in ur house
[17:53:29] Mrmapl3syrup (uuid: b3f11e18-ff16-45fe-85b7-bb69e73fb17c): yeeep
[17:53:39] Mrmapl3syrup (uuid: b3f11e18-ff16-45fe-85b7-bb69e73fb17c): NO
[17:53:43] Mrmapl3syrup (uuid: b3f11e18-ff16-45fe-85b7-bb69e73fb17c): YOU MONSTER
[17:53:45] Mrmapl3syrup (uuid: b3f11e18-ff16-45fe-85b7-bb69e73fb17c): I WILL BAN YOU RN
[17:53:48] Mrmapl3syrup (uuid: b3f11e18-ff16-45fe-85b7-bb69e73fb17c): DONT YOU KILL HIM
[17:53:55] Mrmapl3syrup (uuid: b3f11e18-ff16-45fe-85b7-bb69e73fb17c): YOU
[17:53:56] Mrmapl3syrup (uuid: b3f11e18-ff16-45fe-85b7-bb69e73fb17c): MONSTER
[17:54:16] Mrmapl3syrup (uuid: b3f11e18-ff16-45fe-85b7-bb69e73fb17c): YOU DESERVE THIS
[17:54:29] Mrmapl3syrup (uuid: b3f11e18-ff16-45fe-85b7-bb69e73fb17c): he didnt drop anything
[17:54:32] Mrmapl3syrup (uuid: b3f11e18-ff16-45fe-85b7-bb69e73fb17c): and hes in his house
[17:54:52] Mrmapl3syrup (uuid: b3f11e18-ff16-45fe-85b7-bb69e73fb17c): he murdered my chicken
[17:55:11] Mrmapl3syrup (uuid: b3f11e18-ff16-45fe-85b7-bb69e73fb17c): FEED HIM NOW
[17:55:13] Mrmapl3syrup (uuid: b3f11e18-ff16-45fe-85b7-bb69e73fb17c): REEEEEEEEEEE
[17:55:23] TheRealColmagi (uuid: c98c1615-0764-41e1-848d-73152bfabe94): im gay
[17:55:27] Mrmapl3syrup (uuid: b3f11e18-ff16-45fe-85b7-bb69e73fb17c): colmagi do not touch that chicken
[17:55:28] Mrmapl3syrup (uuid: b3f11e18-ff16-45fe-85b7-bb69e73fb17c): lol
[17:55:47] Mrmapl3syrup (uuid: b3f11e18-ff16-45fe-85b7-bb69e73fb17c): YOU BETTER
[17:55:59] Mrmapl3syrup (uuid: b3f11e18-ff16-45fe-85b7-bb69e73fb17c): HE IS BIGGER :D
[17:56:18] Mrmapl3syrup (uuid: b3f11e18-ff16-45fe-85b7-bb69e73fb17c): sure
[17:57:10] Mrmapl3syrup (uuid: b3f11e18-ff16-45fe-85b7-bb69e73fb17c): if u touch these chickens
[17:57:12] Mrmapl3syrup (uuid: b3f11e18-ff16-45fe-85b7-bb69e73fb17c): i will rape you
[17:57:17] TheRealColmagi (uuid: c98c1615-0764-41e1-848d-73152bfabe94): yes daddy
[17:57:21] Mrmapl3syrup (uuid: b3f11e18-ff16-45fe-85b7-bb69e73fb17c): BABYS
[17:57:25] Mrmapl3syrup (uuid: b3f11e18-ff16-45fe-85b7-bb69e73fb17c): now kill one and take its meat
[17:57:37] Mrmapl3syrup (uuid: b3f11e18-ff16-45fe-85b7-bb69e73fb17c): GOT ONE
[17:57:39] Mrmapl3syrup (uuid: b3f11e18-ff16-45fe-85b7-bb69e73fb17c): shit
[17:57:49] TheRealColmagi (uuid: c98c1615-0764-41e1-848d-73152bfabe94): FREE ROBUX
[17:57:52] Mrmapl3syrup (uuid: b3f11e18-ff16-45fe-85b7-bb69e73fb17c): OH SHIT
[17:58:05] Mrmapl3syrup (uuid: b3f11e18-ff16-45fe-85b7-bb69e73fb17c): ye
[17:58:18] Mrmapl3syrup (uuid: b3f11e18-ff16-45fe-85b7-bb69e73fb17c): KILL HIM
[17:58:19] TheRealColmagi (uuid: c98c1615-0764-41e1-848d-73152bfabe94): AAAH
[17:58:35] Mrmapl3syrup (uuid: b3f11e18-ff16-45fe-85b7-bb69e73fb17c): GET OVER HERE
[17:58:49] Mrmapl3syrup (uuid: b3f11e18-ff16-45fe-85b7-bb69e73fb17c): DIE YOU FILTHY COMMIE
[17:58:50] TheRealColmagi (uuid: c98c1615-0764-41e1-848d-73152bfabe94): stop asshole
[17:59:06] Mrmapl3syrup (uuid: b3f11e18-ff16-45fe-85b7-bb69e73fb17c): he left
[18:00:01] TheRealColmagi (uuid: c98c1615-0764-41e1-848d-73152bfabe94): xd
[18:00:21] WendadonPlayz_YT (uuid: cb30c930-c6c8-450f-a5fe-80d4cc292106): colmagi r u on the call im too lazy to check :/
[18:01:11] TheRealColmagi (uuid: c98c1615-0764-41e1-848d-73152bfabe94): *dial up noises*
[18:03:43] TheRealColmagi (uuid: c98c1615-0764-41e1-848d-73152bfabe94): YO LISTEN UP
[18:03:46] TheRealColmagi (uuid: c98c1615-0764-41e1-848d-73152bfabe94): HERES A STORY
[18:03:52] TheRealColmagi (uuid: c98c1615-0764-41e1-848d-73152bfabe94): ABOUT A LITTLE GUY THAT LIVES IN A BLUE WORLD
[18:03:52] WendadonPlayz_YT (uuid: cb30c930-c6c8-450f-a5fe-80d4cc292106): the end
[18:03:59] TheRealColmagi (uuid: c98c1615-0764-41e1-848d-73152bfabe94): AND ALL DAY AND ALL NIGHT AND EVERYTHING HE SEES
[18:04:07] TheRealColmagi (uuid: c98c1615-0764-41e1-848d-73152bfabe94): IS JUST BLUE LIKE HIM INSIDE AND OUTSIDE
[18:04:12] TheRealColmagi (uuid: c98c1615-0764-41e1-848d-73152bfabe94): BLUE HIS HOUSE WITH A BLUE LITTLE WINDOW
[18:04:14] WendadonPlayz_YT (uuid: cb30c930-c6c8-450f-a5fe-80d4cc292106): and he pees
[18:04:21] TheRealColmagi (uuid: c98c1615-0764-41e1-848d-73152bfabe94): AND A BLUE CORVETTE AND EVERYTHING IS BLUE FOR HIM
[18:04:27] TheRealColmagi (uuid: c98c1615-0764-41e1-848d-73152bfabe94): AND HIMSELF, AND EVERYBODY AROUND
[18:04:31] WendadonPlayz_YT (uuid: cb30c930-c6c8-450f-a5fe-80d4cc292106): his name is also tim
[18:04:34] TheRealColmagi (uuid: c98c1615-0764-41e1-848d-73152bfabe94): CUZ HE AINT GOT NOBODY TO LISTEN
[18:04:43] TheRealColmagi (uuid: c98c1615-0764-41e1-848d-73152bfabe94): IM BLUE DA BA DE BA DE DAAAAAAIIIII
[18:04:46] WendadonPlayz_YT (uuid: cb30c930-c6c8-450f-a5fe-80d4cc292106): i dont know what to rhyme with listen
[18:05:48] TheRealColmagi (uuid: c98c1615-0764-41e1-848d-73152bfabe94): lemme smash
[18:07:57] TheRealColmagi (uuid: c98c1615-0764-41e1-848d-73152bfabe94): oh hi
[18:07:59] Olli_Kop (uuid: 26666a91-29a2-487f-bda5-16d4919282a0): wtf
[18:08:01] WendadonPlayz_YT (uuid: cb30c930-c6c8-450f-a5fe-80d4cc292106): hai
[18:08:03] TheRealColmagi (uuid: c98c1615-0764-41e1-848d-73152bfabe94): do u like the hub
[18:08:12] Olli_Kop (uuid: 26666a91-29a2-487f-bda5-16d4919282a0): its weird
[18:08:13] TheRealColmagi (uuid: c98c1615-0764-41e1-848d-73152bfabe94): WTF IS THIS
[18:08:19] TheRealColmagi (uuid: c98c1615-0764-41e1-848d-73152bfabe94): is this what u do all day wtf
[18:08:19] Olli_Kop (uuid: 26666a91-29a2-487f-bda5-16d4919282a0): kek
[18:08:48] TheRealColmagi (uuid: c98c1615-0764-41e1-848d-73152bfabe94): u like the hub?
[18:08:54] Olli_Kop (uuid: 26666a91-29a2-487f-bda5-16d4919282a0): its odd
[18:08:59] TheRealColmagi (uuid: c98c1615-0764-41e1-848d-73152bfabe94): its kool
[18:09:04] TheRealColmagi (uuid: c98c1615-0764-41e1-848d-73152bfabe94): we gon build facs spawn u wanna help
[18:09:04] Olli_Kop (uuid: 26666a91-29a2-487f-bda5-16d4919282a0): yea
[18:09:27] TheRealColmagi (uuid: c98c1615-0764-41e1-848d-73152bfabe94): HOLY SHIT
[18:09:29] TheRealColmagi (uuid: c98c1615-0764-41e1-848d-73152bfabe94): this is far away
[18:09:34] TheRealColmagi (uuid: c98c1615-0764-41e1-848d-73152bfabe94): -11k
[18:09:35] Olli_Kop (uuid: 26666a91-29a2-487f-bda5-16d4919282a0): yea
[18:09:54] Olli_Kop (uuid: 26666a91-29a2-487f-bda5-16d4919282a0): it has to be
[18:10:10] Olli_Kop (uuid: 26666a91-29a2-487f-bda5-16d4919282a0): i wouldnt do this close
[18:10:14] TheRealColmagi (uuid: c98c1615-0764-41e1-848d-73152bfabe94): yeah
[18:10:16] TheRealColmagi (uuid: c98c1615-0764-41e1-848d-73152bfabe94): kinda odd
[18:10:56] TheRealColmagi (uuid: c98c1615-0764-41e1-848d-73152bfabe94): when i boot up the factions server
[18:11:03] Olli_Kop (uuid: 26666a91-29a2-487f-bda5-16d4919282a0): ye
[18:11:05] TheRealColmagi (uuid: c98c1615-0764-41e1-848d-73152bfabe94): im gonna have to restart all the servers
[18:11:09] Olli_Kop (uuid: 26666a91-29a2-487f-bda5-16d4919282a0): ok
[18:11:14] TheRealColmagi (uuid: c98c1615-0764-41e1-848d-73152bfabe94): well at lesat the bungeecord one
[18:11:22] TheRealColmagi (uuid: c98c1615-0764-41e1-848d-73152bfabe94): which acts as a proxy so ur all getting disconnected
[18:11:31] Olli_Kop (uuid: 26666a91-29a2-487f-bda5-16d4919282a0): ok
[18:11:40] TheRealColmagi (uuid: c98c1615-0764-41e1-848d-73152bfabe94): well i gotta eat LOL
[18:11:45] TheRealColmagi (uuid: c98c1615-0764-41e1-848d-73152bfabe94): brb
[18:11:50] TheRealColmagi (uuid: c98c1615-0764-41e1-848d-73152bfabe94): maybe i can bring it up
[18:18:51] Mrmapl3syrup (uuid: b3f11e18-ff16-45fe-85b7-bb69e73fb17c): yo
[18:18:56] TheRealColmagi (uuid: c98c1615-0764-41e1-848d-73152bfabe94): ay
[18:19:10] Mrmapl3syrup (uuid: b3f11e18-ff16-45fe-85b7-bb69e73fb17c): I see water is on
[18:21:06] Mrmapl3syrup (uuid: b3f11e18-ff16-45fe-85b7-bb69e73fb17c): aloha magi
[18:21:13] TheRealColmagi (uuid: c98c1615-0764-41e1-848d-73152bfabe94): ay yo bitch
[18:21:18] Mrmapl3syrup (uuid: b3f11e18-ff16-45fe-85b7-bb69e73fb17c): We will keep our ranks
[18:21:31] Mrmapl3syrup (uuid: b3f11e18-ff16-45fe-85b7-bb69e73fb17c): He cant have one
[18:21:38] Mrmapl3syrup (uuid: b3f11e18-ff16-45fe-85b7-bb69e73fb17c): ye
[18:21:42] Mrmapl3syrup (uuid: b3f11e18-ff16-45fe-85b7-bb69e73fb17c): once it is maid
[18:21:53] Mrmapl3syrup (uuid: b3f11e18-ff16-45fe-85b7-bb69e73fb17c): made*
[18:22:04] Olli_Kop (uuid: 26666a91-29a2-487f-bda5-16d4919282a0): hi
[18:22:07] TheRealColmagi (uuid: c98c1615-0764-41e1-848d-73152bfabe94): ay yo
[18:22:07] Mrmapl3syrup (uuid: b3f11e18-ff16-45fe-85b7-bb69e73fb17c): wanker
[18:22:12] TheRealColmagi (uuid: c98c1615-0764-41e1-848d-73152bfabe94): see ya fags
[18:22:14] Mrmapl3syrup (uuid: b3f11e18-ff16-45fe-85b7-bb69e73fb17c): wanka
[18:22:30] Olli_Kop (uuid: 26666a91-29a2-487f-bda5-16d4919282a0): oh that was you
[18:22:33] Mrmapl3syrup (uuid: b3f11e18-ff16-45fe-85b7-bb69e73fb17c): am sheep
[18:22:38] Olli_Kop (uuid: 26666a91-29a2-487f-bda5-16d4919282a0): in the village
[18:22:49] Mrmapl3syrup (uuid: b3f11e18-ff16-45fe-85b7-bb69e73fb17c): anal
[18:53:39] Optivat_YT (uuid: 061f9ad6-a6fb-45da-8990-73890f965939): bd
[18:54:02] Optivat_YT (uuid: 061f9ad6-a6fb-45da-8990-73890f965939): adiiawdhp
[19:01:09] WendadonPlayz_YT (uuid: cb30c930-c6c8-450f-a5fe-80d4cc292106): I WANT TASKS
[21:00:55] PhadingFuzzy (uuid: 4150cd4b-a415-4298-bdc7-c9e330b466cc): oooo
[22:50:24] TheRealColmagi (uuid: c98c1615-0764-41e1-848d-73152bfabe94): hi im gay
