[18:53:29] iMine03 (uuid: 0f9d4172-c235-4bd2-9897-490c4a93ddfe): hey mtjew
[18:59:26] iMine03 (uuid: 0f9d4172-c235-4bd2-9897-490c4a93ddfe): matjew
[18:59:30] bryantandpat (uuid: 7961a874-c35f-4f34-a0d1-37205c235291):  what
[18:59:38] iMine03 (uuid: 0f9d4172-c235-4bd2-9897-490c4a93ddfe): im an autstiis keneegqr
[18:59:45] bryantandpat (uuid: 7961a874-c35f-4f34-a0d1-37205c235291): mhm
[18:59:56] bryantandpat (uuid: 7961a874-c35f-4f34-a0d1-37205c235291): wanna see the cows get raped
[19:00:01] iMine03 (uuid: 0f9d4172-c235-4bd2-9897-490c4a93ddfe): kk
[19:00:31] iMine03 (uuid: 0f9d4172-c235-4bd2-9897-490c4a93ddfe): holy
[19:01:20] iMine03 (uuid: 0f9d4172-c235-4bd2-9897-490c4a93ddfe): u wanna expand the pen
[19:01:43] bryantandpat (uuid: 7961a874-c35f-4f34-a0d1-37205c235291): nah
[19:02:15] bryantandpat (uuid: 7961a874-c35f-4f34-a0d1-37205c235291):  its big enough already
[20:11:05] TheRealColmagi (uuid: c98c1615-0764-41e1-848d-73152bfabe94): boom dickhead
[20:11:09] TheRealColmagi (uuid: c98c1615-0764-41e1-848d-73152bfabe94): now thats what i call
[20:11:13] TheRealColmagi (uuid: c98c1615-0764-41e1-848d-73152bfabe94): a fucking gamershot
[20:12:17] TheRealColmagi (uuid: c98c1615-0764-41e1-848d-73152bfabe94): u gay
[20:12:22] bryantandpat (uuid: 7961a874-c35f-4f34-a0d1-37205c235291): hello
[20:12:26] bryantandpat (uuid: 7961a874-c35f-4f34-a0d1-37205c235291):  goteeeemmemem
[20:19:21] Paul_Resmer (uuid: 7718f2d7-90cf-49d6-a1d9-8cf4d236ba82): hey u fucks
[20:19:24] TheRealColmagi (uuid: c98c1615-0764-41e1-848d-73152bfabe94): sup
[20:23:47] Paul_Resmer (uuid: 7718f2d7-90cf-49d6-a1d9-8cf4d236ba82): james
[20:23:51] TheRealColmagi (uuid: c98c1615-0764-41e1-848d-73152bfabe94): wat
[20:23:52] Paul_Resmer (uuid: 7718f2d7-90cf-49d6-a1d9-8cf4d236ba82): let us set more than 1 home
[20:24:14] TheRealColmagi (uuid: c98c1615-0764-41e1-848d-73152bfabe94): jesos
[20:24:16] Paul_Resmer (uuid: 7718f2d7-90cf-49d6-a1d9-8cf4d236ba82): can u
[20:29:55] Paul_Resmer (uuid: 7718f2d7-90cf-49d6-a1d9-8cf4d236ba82): did u make it
[20:29:57] Paul_Resmer (uuid: 7718f2d7-90cf-49d6-a1d9-8cf4d236ba82): or can u
[20:30:06] iMine03 (uuid: 0f9d4172-c235-4bd2-9897-490c4a93ddfe): new york times student journeys
[20:35:40] JohnProdman (uuid: 4150cd4b-a415-4298-bdc7-c9e330b466cc): Yeetimus
[20:35:47] JohnProdman (uuid: 4150cd4b-a415-4298-bdc7-c9e330b466cc): We built a bomb in robotics
[20:35:53] TheRealColmagi (uuid: c98c1615-0764-41e1-848d-73152bfabe94): allahu akbar
[20:38:22] JohnProdman (uuid: 4150cd4b-a415-4298-bdc7-c9e330b466cc): :c
[20:38:29] JohnProdman (uuid: 4150cd4b-a415-4298-bdc7-c9e330b466cc): ploxx
[20:40:03] JohnProdman (uuid: 4150cd4b-a415-4298-bdc7-c9e330b466cc): james
[20:40:04] JohnProdman (uuid: 4150cd4b-a415-4298-bdc7-c9e330b466cc): cmer
[20:40:09] JohnProdman (uuid: 4150cd4b-a415-4298-bdc7-c9e330b466cc): like my additions
[20:40:12] TheRealColmagi (uuid: c98c1615-0764-41e1-848d-73152bfabe94): ye
[20:40:13] JohnProdman (uuid: 4150cd4b-a415-4298-bdc7-c9e330b466cc): REEEE
[20:40:44] JohnProdman (uuid: 4150cd4b-a415-4298-bdc7-c9e330b466cc): Why cant i have creativbe
[20:42:24] TheRealColmagi (uuid: c98c1615-0764-41e1-848d-73152bfabe94): very nice base paul
[20:42:34] Paul_Resmer (uuid: 7718f2d7-90cf-49d6-a1d9-8cf4d236ba82): big gay
[20:42:42] TheRealColmagi (uuid: c98c1615-0764-41e1-848d-73152bfabe94): where is kevin yu
[20:42:42] Paul_Resmer (uuid: 7718f2d7-90cf-49d6-a1d9-8cf4d236ba82): can u get rid
[20:42:44] Paul_Resmer (uuid: 7718f2d7-90cf-49d6-a1d9-8cf4d236ba82): of this shit
[20:42:45] Paul_Resmer (uuid: 7718f2d7-90cf-49d6-a1d9-8cf4d236ba82): pls
[20:42:51] Paul_Resmer (uuid: 7718f2d7-90cf-49d6-a1d9-8cf4d236ba82): i gave deek back his stuff
[20:42:52] TheRealColmagi (uuid: c98c1615-0764-41e1-848d-73152bfabe94): what
[20:42:55] Paul_Resmer (uuid: 7718f2d7-90cf-49d6-a1d9-8cf4d236ba82): hes not on rn thp
[20:42:55] TheRealColmagi (uuid: c98c1615-0764-41e1-848d-73152bfabe94): oh the lava
[20:42:58] Paul_Resmer (uuid: 7718f2d7-90cf-49d6-a1d9-8cf4d236ba82): the lava
[20:43:01] Paul_Resmer (uuid: 7718f2d7-90cf-49d6-a1d9-8cf4d236ba82): or give me perm
[20:43:07] Paul_Resmer (uuid: 7718f2d7-90cf-49d6-a1d9-8cf4d236ba82): he said hell get rid of
[20:44:00] JohnProdman (uuid: 4150cd4b-a415-4298-bdc7-c9e330b466cc): REEE
[20:45:56] TheRealColmagi (uuid: c98c1615-0764-41e1-848d-73152bfabe94): lmao i think ur muted ian
[20:46:04] JohnProdman (uuid: 4150cd4b-a415-4298-bdc7-c9e330b466cc): non
[20:46:15] JohnProdman (uuid: 4150cd4b-a415-4298-bdc7-c9e330b466cc): how am i mooted
[20:46:17] JohnProdman (uuid: 4150cd4b-a415-4298-bdc7-c9e330b466cc): oh
[20:46:27] Paul_Resmer (uuid: 7718f2d7-90cf-49d6-a1d9-8cf4d236ba82): thx james
[20:46:31] TheRealColmagi (uuid: c98c1615-0764-41e1-848d-73152bfabe94): np
[20:46:33] Paul_Resmer (uuid: 7718f2d7-90cf-49d6-a1d9-8cf4d236ba82): sethome jk
[20:46:36] JohnProdman (uuid: 4150cd4b-a415-4298-bdc7-c9e330b466cc): Gim
[20:46:48] JohnProdman (uuid: 4150cd4b-a415-4298-bdc7-c9e330b466cc): I added /warp jewishmatt
[20:47:38] JohnProdman (uuid: 4150cd4b-a415-4298-bdc7-c9e330b466cc): james can u at least gimmie my stuff back
[20:47:44] TheRealColmagi (uuid: c98c1615-0764-41e1-848d-73152bfabe94): dafq happened
[20:47:54] JohnProdman (uuid: 4150cd4b-a415-4298-bdc7-c9e330b466cc): "Anti Spiderhack" happened
[20:48:00] TheRealColmagi (uuid: c98c1615-0764-41e1-848d-73152bfabe94): o ye a long time ago
[20:48:02] TheRealColmagi (uuid: c98c1615-0764-41e1-848d-73152bfabe94): what u lose
[20:48:02] JohnProdman (uuid: 4150cd4b-a415-4298-bdc7-c9e330b466cc): yea
[20:48:15] JohnProdman (uuid: 4150cd4b-a415-4298-bdc7-c9e330b466cc): Mending eff 5 unb 3 for 3 silk diamodn pcik
[20:48:22] JohnProdman (uuid: 4150cd4b-a415-4298-bdc7-c9e330b466cc): Diamond sword with op shits
[20:48:48] JohnProdman (uuid: 4150cd4b-a415-4298-bdc7-c9e330b466cc): It was like sharp 5 unb 3 fire asp 3 Sweeping edge whatever the max is
[20:48:57] JohnProdman (uuid: 4150cd4b-a415-4298-bdc7-c9e330b466cc): oh and knockback 3
[20:49:05] Paul_Resmer (uuid: 7718f2d7-90cf-49d6-a1d9-8cf4d236ba82): fire asp 3 knockback 3 btw
[20:49:12] TheRealColmagi (uuid: c98c1615-0764-41e1-848d-73152bfabe94): why would u put silk touch and fortune on the same pick
[20:49:21] JohnProdman (uuid: 4150cd4b-a415-4298-bdc7-c9e330b466cc): wait no that was my shovel
[20:49:25] JohnProdman (uuid: 4150cd4b-a415-4298-bdc7-c9e330b466cc): Shovel had silk not pick
[20:49:51] JohnProdman (uuid: 4150cd4b-a415-4298-bdc7-c9e330b466cc): All my armor had prot 5 unb 3 and my boots had frostwalker 2
[20:49:58] JohnProdman (uuid: 4150cd4b-a415-4298-bdc7-c9e330b466cc): And my boots were mending
[20:50:25] JohnProdman (uuid: 4150cd4b-a415-4298-bdc7-c9e330b466cc): And i think my chestplate had aqua affinity or smth the thing that makes u go fast
[20:50:30] JohnProdman (uuid: 4150cd4b-a415-4298-bdc7-c9e330b466cc): oh depth strider
[20:50:52] JohnProdman (uuid: 4150cd4b-a415-4298-bdc7-c9e330b466cc): Wait ur right here why am i shouting
[20:51:20] JohnProdman (uuid: 4150cd4b-a415-4298-bdc7-c9e330b466cc): Shovel with silk touch unb 3 eff 5
[20:51:57] TheRealColmagi (uuid: c98c1615-0764-41e1-848d-73152bfabe94): droppin em in the hopper
[20:51:58] JohnProdman (uuid: 4150cd4b-a415-4298-bdc7-c9e330b466cc): 10 observers a stack of redstone 34 sticky pistons 34 slime 40 repeaters 5 comparators
[20:53:17] TheRealColmagi (uuid: c98c1615-0764-41e1-848d-73152bfabe94): there u go
[20:53:21] JohnProdman (uuid: 4150cd4b-a415-4298-bdc7-c9e330b466cc): thanks
[20:53:22] JohnProdman (uuid: 4150cd4b-a415-4298-bdc7-c9e330b466cc): shobvel?>
[20:53:26] JohnProdman (uuid: 4150cd4b-a415-4298-bdc7-c9e330b466cc): waint nvm
[20:53:27] TheRealColmagi (uuid: c98c1615-0764-41e1-848d-73152bfabe94): its in there
[20:53:31] TheRealColmagi (uuid: c98c1615-0764-41e1-848d-73152bfabe94): somewhere
[20:53:38] JohnProdman (uuid: 4150cd4b-a415-4298-bdc7-c9e330b466cc): Thanks
[20:54:32] JohnProdman (uuid: 4150cd4b-a415-4298-bdc7-c9e330b466cc): Does verteran have shorter tp speeds?
[20:54:37] TheRealColmagi (uuid: c98c1615-0764-41e1-848d-73152bfabe94): no
[20:54:48] JohnProdman (uuid: 4150cd4b-a415-4298-bdc7-c9e330b466cc): Why does it sometimes tp in 3 seconds sometimes 2
[20:54:53] TheRealColmagi (uuid: c98c1615-0764-41e1-848d-73152bfabe94): idk then
[21:11:11] iMine03 (uuid: 0f9d4172-c235-4bd2-9897-490c4a93ddfe): r i p
[21:11:21] iMine03 (uuid: 0f9d4172-c235-4bd2-9897-490c4a93ddfe): lmfao
[21:11:26] iMine03 (uuid: 0f9d4172-c235-4bd2-9897-490c4a93ddfe): tried to fly
[21:43:41] TheRealColmagi (uuid: c98c1615-0764-41e1-848d-73152bfabe94): mhm
[21:43:46] JohnProdman (uuid: 4150cd4b-a415-4298-bdc7-c9e330b466cc): Thats cheap right
[21:43:53] TheRealColmagi (uuid: c98c1615-0764-41e1-848d-73152bfabe94): ye
[21:51:13] JohnProdman (uuid: 4150cd4b-a415-4298-bdc7-c9e330b466cc): am be fixing items for 50 Iron or Below, 100 for Diamond, and 150 Enchanted Diamond
[21:52:04] iMine03 (uuid: 0f9d4172-c235-4bd2-9897-490c4a93ddfe): very nice shovel
[21:52:13] iMine03 (uuid: 0f9d4172-c235-4bd2-9897-490c4a93ddfe): excellent condition iron shovel with mending :)
[21:59:33] JohnProdman (uuid: 4150cd4b-a415-4298-bdc7-c9e330b466cc): a
[22:04:15] Paul_Resmer (uuid: 7718f2d7-90cf-49d6-a1d9-8cf4d236ba82): wait deek
[22:04:26] Paul_Resmer (uuid: 7718f2d7-90cf-49d6-a1d9-8cf4d236ba82): disc
[22:08:55] Paul_Resmer (uuid: 7718f2d7-90cf-49d6-a1d9-8cf4d236ba82): deek hello?/
[22:09:16] Paul_Resmer (uuid: 7718f2d7-90cf-49d6-a1d9-8cf4d236ba82): wya head ass nigga
[22:09:19] Paul_Resmer (uuid: 7718f2d7-90cf-49d6-a1d9-8cf4d236ba82): wya head ass nigga
[22:12:38] TheRealColmagi (uuid: c98c1615-0764-41e1-848d-73152bfabe94): brb gonna take a piss
[22:12:44] JohnProdman (uuid: 4150cd4b-a415-4298-bdc7-c9e330b466cc): Can i join
[22:15:43] PiranhaBoy (uuid: 068bfb61-fb8a-4553-8305-2af64537cadb): 
[22:15:49] JohnProdman (uuid: 4150cd4b-a415-4298-bdc7-c9e330b466cc): I agree
[22:15:58] Paul_Resmer (uuid: 7718f2d7-90cf-49d6-a1d9-8cf4d236ba82): !why tf are u elite
[22:16:06] TheRealColmagi (uuid: c98c1615-0764-41e1-848d-73152bfabe94): he gave me hum notes
[22:16:14] JohnProdman (uuid: 4150cd4b-a415-4298-bdc7-c9e330b466cc): what did matthew do
[22:16:18] TheRealColmagi (uuid: c98c1615-0764-41e1-848d-73152bfabe94): also gave me hum notes
[22:16:25] JohnProdman (uuid: 4150cd4b-a415-4298-bdc7-c9e330b466cc): ill give u hum notes
[22:16:28] Paul_Resmer (uuid: 7718f2d7-90cf-49d6-a1d9-8cf4d236ba82): bid
[22:16:32] TheRealColmagi (uuid: c98c1615-0764-41e1-848d-73152bfabe94): lmao i dont trust u guys
[22:16:44] JohnProdman (uuid: 4150cd4b-a415-4298-bdc7-c9e330b466cc): WTF
[22:16:48] Paul_Resmer (uuid: 7718f2d7-90cf-49d6-a1d9-8cf4d236ba82): what does that role even do
[22:16:57] TheRealColmagi (uuid: c98c1615-0764-41e1-848d-73152bfabe94): u get some decent perks
[22:16:57] JohnProdman (uuid: 4150cd4b-a415-4298-bdc7-c9e330b466cc): Hoppers can colelct thru soul sand
[22:17:06] JohnProdman (uuid: 4150cd4b-a415-4298-bdc7-c9e330b466cc): revolutionary!
[22:34:46] Paul_Resmer (uuid: 7718f2d7-90cf-49d6-a1d9-8cf4d236ba82): ban tard auctions
[22:37:22] JohnProdman (uuid: 4150cd4b-a415-4298-bdc7-c9e330b466cc): mattju
[22:39:26] JohnProdman (uuid: 4150cd4b-a415-4298-bdc7-c9e330b466cc): james beating meat again
[22:43:17] JohnProdman (uuid: 4150cd4b-a415-4298-bdc7-c9e330b466cc): anyone have hoppers
[22:51:25] PiranhaBoy (uuid: 068bfb61-fb8a-4553-8305-2af64537cadb): tpaccept me
[22:56:33] TheRealColmagi (uuid: c98c1615-0764-41e1-848d-73152bfabe94): nice house
[23:01:48] PiranhaBoy (uuid: 068bfb61-fb8a-4553-8305-2af64537cadb): NIGGA
[23:01:59] PiranhaBoy (uuid: 068bfb61-fb8a-4553-8305-2af64537cadb): AMI IN JAMES YOUS ASS
[23:09:14] JohnProdman (uuid: 4150cd4b-a415-4298-bdc7-c9e330b466cc): derriek
[23:09:36] JohnProdman (uuid: 4150cd4b-a415-4298-bdc7-c9e330b466cc): ree
[23:10:45] JohnProdman (uuid: 4150cd4b-a415-4298-bdc7-c9e330b466cc): Hi jaym
[23:10:47] JohnProdman (uuid: 4150cd4b-a415-4298-bdc7-c9e330b466cc): I was afk
[23:10:48] TheRealColmagi (uuid: c98c1615-0764-41e1-848d-73152bfabe94): hello
[23:10:51] TheRealColmagi (uuid: c98c1615-0764-41e1-848d-73152bfabe94): i was on the facs server
[23:10:57] JohnProdman (uuid: 4150cd4b-a415-4298-bdc7-c9e330b466cc): its up?
[23:10:59] TheRealColmagi (uuid: c98c1615-0764-41e1-848d-73152bfabe94): ye
[23:11:01] JohnProdman (uuid: 4150cd4b-a415-4298-bdc7-c9e330b466cc): is everyone else there
[23:11:04] TheRealColmagi (uuid: c98c1615-0764-41e1-848d-73152bfabe94): no
[23:11:07] TheRealColmagi (uuid: c98c1615-0764-41e1-848d-73152bfabe94): they were but they left
[23:11:08] TheRealColmagi (uuid: c98c1615-0764-41e1-848d-73152bfabe94): its just us 3
[23:11:18] JohnProdman (uuid: 4150cd4b-a415-4298-bdc7-c9e330b466cc): Any notable plugins on facs?
[23:11:22] TheRealColmagi (uuid: c98c1615-0764-41e1-848d-73152bfabe94): mcmmo
[23:11:26] TheRealColmagi (uuid: c98c1615-0764-41e1-848d-73152bfabe94): facs plugin duh
[23:11:45] TheRealColmagi (uuid: c98c1615-0764-41e1-848d-73152bfabe94): i should get the pvp reverser
[23:11:49] TheRealColmagi (uuid: c98c1615-0764-41e1-848d-73152bfabe94): back to 1.8
[23:11:50] JohnProdman (uuid: 4150cd4b-a415-4298-bdc7-c9e330b466cc): wots that
[23:11:53] TheRealColmagi (uuid: c98c1615-0764-41e1-848d-73152bfabe94): on facs
[23:12:11] JohnProdman (uuid: 4150cd4b-a415-4298-bdc7-c9e330b466cc): Can u hear me running
[23:12:15] TheRealColmagi (uuid: c98c1615-0764-41e1-848d-73152bfabe94): dont have sound on
[23:12:18] JohnProdman (uuid: 4150cd4b-a415-4298-bdc7-c9e330b466cc): o
[23:19:56] JohnProdman (uuid: 4150cd4b-a415-4298-bdc7-c9e330b466cc): Would you like to be my patorn
[23:19:59] JohnProdman (uuid: 4150cd4b-a415-4298-bdc7-c9e330b466cc): Patron
[23:20:03] TheRealColmagi (uuid: c98c1615-0764-41e1-848d-73152bfabe94): support me on patreon
[23:20:17] TheRealColmagi (uuid: c98c1615-0764-41e1-848d-73152bfabe94): also wtf u mean by that
[23:20:24] JohnProdman (uuid: 4150cd4b-a415-4298-bdc7-c9e330b466cc): Supply me with stuf
[23:20:28] JohnProdman (uuid: 4150cd4b-a415-4298-bdc7-c9e330b466cc): for builds
[23:20:28] TheRealColmagi (uuid: c98c1615-0764-41e1-848d-73152bfabe94): wtf u makin
[23:21:49] TheRealColmagi (uuid: c98c1615-0764-41e1-848d-73152bfabe94): paul is cixot
[23:33:13] JohnProdman (uuid: 4150cd4b-a415-4298-bdc7-c9e330b466cc): ey
[23:33:18] JohnProdman (uuid: 4150cd4b-a415-4298-bdc7-c9e330b466cc): is mattjew#2
[23:33:19] JohnProdman (uuid: 4150cd4b-a415-4298-bdc7-c9e330b466cc): brb
[23:34:23] Matthew_Chang (uuid: 2e1a8f3a-caa7-471e-9459-a7563f97a10f): wot
[23:34:42] TheRealColmagi (uuid: c98c1615-0764-41e1-848d-73152bfabe94): wtf
[23:34:56] TheRealColmagi (uuid: c98c1615-0764-41e1-848d-73152bfabe94): holy ethan
[23:34:59] TheRealColmagi (uuid: c98c1615-0764-41e1-848d-73152bfabe94): is that ur fuckin username
[23:35:03] TheRealColmagi (uuid: c98c1615-0764-41e1-848d-73152bfabe94): matthew chang
[23:35:15] Matthew_Chang (uuid: 2e1a8f3a-caa7-471e-9459-a7563f97a10f): ye bruh u gave me the account
[23:35:18] TheRealColmagi (uuid: c98c1615-0764-41e1-848d-73152bfabe94): fk lmOA
[23:35:20] TheRealColmagi (uuid: c98c1615-0764-41e1-848d-73152bfabe94): LMAOOO
[23:35:28] TheRealColmagi (uuid: c98c1615-0764-41e1-848d-73152bfabe94): thats gonna be confusing af
[23:35:51] TheRealColmagi (uuid: c98c1615-0764-41e1-848d-73152bfabe94): actually lemme give u another one lmao
[23:36:02] Matthew_Chang (uuid: 2e1a8f3a-caa7-471e-9459-a7563f97a10f): aight kk
[23:38:32] JohnProdman (uuid: 4150cd4b-a415-4298-bdc7-c9e330b466cc): is that ethan?
[23:42:57] iMine03 (uuid: 0f9d4172-c235-4bd2-9897-490c4a93ddfe): yisong
[23:43:07] obbb (uuid: 91557728-9faf-4d92-8a52-894b13de7219): ye
[23:43:12] JohnProdman (uuid: 4150cd4b-a415-4298-bdc7-c9e330b466cc): whos obbb
[23:43:17] iMine03 (uuid: 0f9d4172-c235-4bd2-9897-490c4a93ddfe): yisongggg
[23:43:22] iMine03 (uuid: 0f9d4172-c235-4bd2-9897-490c4a93ddfe): tpaaccept
[23:43:24] iMine03 (uuid: 0f9d4172-c235-4bd2-9897-490c4a93ddfe): tpaccept
[23:43:53] iMine03 (uuid: 0f9d4172-c235-4bd2-9897-490c4a93ddfe): ill give u shit
[23:43:54] JohnProdman (uuid: 4150cd4b-a415-4298-bdc7-c9e330b466cc): Put a ! infront of what you are saying to say to world chat
[23:43:55] iMine03 (uuid: 0f9d4172-c235-4bd2-9897-490c4a93ddfe): no worries
[23:44:11] obbb (uuid: 91557728-9faf-4d92-8a52-894b13de7219):  UR MUM GAY
[23:44:15] JohnProdman (uuid: 4150cd4b-a415-4298-bdc7-c9e330b466cc): no u
[23:44:49] iMine03 (uuid: 0f9d4172-c235-4bd2-9897-490c4a93ddfe): yisong cmere
[23:45:42] iMine03 (uuid: 0f9d4172-c235-4bd2-9897-490c4a93ddfe): right click theses
[23:45:49] iMine03 (uuid: 0f9d4172-c235-4bd2-9897-490c4a93ddfe): point upwards
[23:46:04] obbb (uuid: 91557728-9faf-4d92-8a52-894b13de7219): ow
[23:46:04] iMine03 (uuid: 0f9d4172-c235-4bd2-9897-490c4a93ddfe): wait it's teleport
[23:46:09] iMine03 (uuid: 0f9d4172-c235-4bd2-9897-490c4a93ddfe): throw tem far away
[23:46:12] iMine03 (uuid: 0f9d4172-c235-4bd2-9897-490c4a93ddfe): right click
[23:46:17] JohnProdman (uuid: 4150cd4b-a415-4298-bdc7-c9e330b466cc): Who r u
[23:46:21] JohnProdman (uuid: 4150cd4b-a415-4298-bdc7-c9e330b466cc): etahn?
[23:46:39] iMine03 (uuid: 0f9d4172-c235-4bd2-9897-490c4a93ddfe): watch this
[23:47:01] iMine03 (uuid: 0f9d4172-c235-4bd2-9897-490c4a93ddfe): yisong?
[23:47:09] iMine03 (uuid: 0f9d4172-c235-4bd2-9897-490c4a93ddfe): kk look
[23:47:10] obbb (uuid: 91557728-9faf-4d92-8a52-894b13de7219): ye
[23:47:11] iMine03 (uuid: 0f9d4172-c235-4bd2-9897-490c4a93ddfe): im gonna fly
[23:47:12] JohnProdman (uuid: 4150cd4b-a415-4298-bdc7-c9e330b466cc): james are u watchign porn again
[23:47:24] iMine03 (uuid: 0f9d4172-c235-4bd2-9897-490c4a93ddfe): wait
[23:47:47] TheRealColmagi (uuid: c98c1615-0764-41e1-848d-73152bfabe94): WAIT OBBB
[23:47:51] TheRealColmagi (uuid: c98c1615-0764-41e1-848d-73152bfabe94): I KNOW THAT ACCOUNT
[23:47:57] iMine03 (uuid: 0f9d4172-c235-4bd2-9897-490c4a93ddfe): it's yisong
[23:47:58] TheRealColmagi (uuid: c98c1615-0764-41e1-848d-73152bfabe94): ye
[23:48:00] TheRealColmagi (uuid: c98c1615-0764-41e1-848d-73152bfabe94): BUT
[23:48:03] TheRealColmagi (uuid: c98c1615-0764-41e1-848d-73152bfabe94): i know the original owner
[23:48:06] iMine03 (uuid: 0f9d4172-c235-4bd2-9897-490c4a93ddfe): bruh
[23:48:07] obbb (uuid: 91557728-9faf-4d92-8a52-894b13de7219): damn just memorized that credit card number
[23:48:07] iMine03 (uuid: 0f9d4172-c235-4bd2-9897-490c4a93ddfe): cmere
[23:48:08] TheRealColmagi (uuid: c98c1615-0764-41e1-848d-73152bfabe94): he used to play with caleb park
[23:48:14] TheRealColmagi (uuid: c98c1615-0764-41e1-848d-73152bfabe94): i think its ben something
[23:48:15] TheRealColmagi (uuid: c98c1615-0764-41e1-848d-73152bfabe94): not ben ai
[23:48:18] iMine03 (uuid: 0f9d4172-c235-4bd2-9897-490c4a93ddfe): bruh
[23:48:20] TheRealColmagi (uuid: c98c1615-0764-41e1-848d-73152bfabe94): ben in calebs grade
[23:48:23] iMine03 (uuid: 0f9d4172-c235-4bd2-9897-490c4a93ddfe): here
[23:48:25] JohnProdman (uuid: 4150cd4b-a415-4298-bdc7-c9e330b466cc): HAHA Ben lard!
[23:48:32] JohnProdman (uuid: 4150cd4b-a415-4298-bdc7-c9e330b466cc): Benjamin Long Ai!
[23:48:33] iMine03 (uuid: 0f9d4172-c235-4bd2-9897-490c4a93ddfe): r u dumb
[23:48:35] iMine03 (uuid: 0f9d4172-c235-4bd2-9897-490c4a93ddfe): walk through
[23:48:53] obbb (uuid: 91557728-9faf-4d92-8a52-894b13de7219): nice
[23:49:19] obbb (uuid: 91557728-9faf-4d92-8a52-894b13de7219): great place to fap
[23:49:30] iMine03 (uuid: 0f9d4172-c235-4bd2-9897-490c4a93ddfe): mhm
[23:49:44] iMine03 (uuid: 0f9d4172-c235-4bd2-9897-490c4a93ddfe): im giving u good shit
[23:49:57] TheRealColmagi (uuid: c98c1615-0764-41e1-848d-73152bfabe94): no wasnt talkin bout him
[23:49:59] TheRealColmagi (uuid: c98c1615-0764-41e1-848d-73152bfabe94): yisong
[23:50:07] JohnProdman (uuid: 4150cd4b-a415-4298-bdc7-c9e330b466cc): its yisong?
[23:50:12] TheRealColmagi (uuid: c98c1615-0764-41e1-848d-73152bfabe94): congrats
[23:50:16] TheRealColmagi (uuid: c98c1615-0764-41e1-848d-73152bfabe94): say somethin in caht
[23:50:26] JohnProdman (uuid: 4150cd4b-a415-4298-bdc7-c9e330b466cc): Say im a nigga
[23:50:28] iMine03 (uuid: 0f9d4172-c235-4bd2-9897-490c4a93ddfe): watch me fly
[23:50:29] JohnProdman (uuid: 4150cd4b-a415-4298-bdc7-c9e330b466cc): Say im black
[23:50:41] iMine03 (uuid: 0f9d4172-c235-4bd2-9897-490c4a93ddfe): wtf
[23:50:43] iMine03 (uuid: 0f9d4172-c235-4bd2-9897-490c4a93ddfe): auts
[23:50:46] JohnProdman (uuid: 4150cd4b-a415-4298-bdc7-c9e330b466cc): Hit hes hitting on the ground
[23:50:49] JohnProdman (uuid: 4150cd4b-a415-4298-bdc7-c9e330b466cc): hes black confirmed
[23:51:08] JohnProdman (uuid: 4150cd4b-a415-4298-bdc7-c9e330b466cc): james can u help me with redstone if u know it
[23:51:59] obbb (uuid: 91557728-9faf-4d92-8a52-894b13de7219): ez
[23:52:59] iMine03 (uuid: 0f9d4172-c235-4bd2-9897-490c4a93ddfe): kk im gonna fly
[23:53:20] iMine03 (uuid: 0f9d4172-c235-4bd2-9897-490c4a93ddfe): bruh
[23:53:28] iMine03 (uuid: 0f9d4172-c235-4bd2-9897-490c4a93ddfe): kk
[23:53:38] iMine03 (uuid: 0f9d4172-c235-4bd2-9897-490c4a93ddfe): watch dis niggetr
[23:53:57] obbb (uuid: 91557728-9faf-4d92-8a52-894b13de7219): wtf
[23:54:19] iMine03 (uuid: 0f9d4172-c235-4bd2-9897-490c4a93ddfe): u have to have wings
[23:55:51] iMine03 (uuid: 0f9d4172-c235-4bd2-9897-490c4a93ddfe): yisong
[23:55:53] iMine03 (uuid: 0f9d4172-c235-4bd2-9897-490c4a93ddfe): u have a bow
[23:56:09] iMine03 (uuid: 0f9d4172-c235-4bd2-9897-490c4a93ddfe): did u get my bow
[23:56:42] iMine03 (uuid: 0f9d4172-c235-4bd2-9897-490c4a93ddfe): this si matjew's house
[23:56:55] JohnProdman (uuid: 4150cd4b-a415-4298-bdc7-c9e330b466cc): Hi
[23:56:59] JohnProdman (uuid: 4150cd4b-a415-4298-bdc7-c9e330b466cc): Is ian
[23:57:59] iMine03 (uuid: 0f9d4172-c235-4bd2-9897-490c4a93ddfe): look
[23:58:06] iMine03 (uuid: 0f9d4172-c235-4bd2-9897-490c4a93ddfe): upside down cow
[23:58:26] TheRealColmagi (uuid: c98c1615-0764-41e1-848d-73152bfabe94): yo
[23:58:34] TheRealColmagi (uuid: c98c1615-0764-41e1-848d-73152bfabe94): ethan say somethin in chat
[23:58:55] TheRealColmagi (uuid: c98c1615-0764-41e1-848d-73152bfabe94): do u even know how to speak in chat
[23:59:00] obbb (uuid: 91557728-9faf-4d92-8a52-894b13de7219): ye
[23:59:16] TheRealColmagi (uuid: c98c1615-0764-41e1-848d-73152bfabe94): as expert rank u can set ur own nickname
[23:59:27] TheRealColmagi (uuid: c98c1615-0764-41e1-848d-73152bfabe94): do /nick
[23:59:59] iMine03 (uuid: 0f9d4172-c235-4bd2-9897-490c4a93ddfe): wait
