[18:54:28] TheRealColmagi (uuid: c98c1615-0764-41e1-848d-73152bfabe94): hello again
[18:54:43] BowMaster_7 (uuid: 09906eb9-3bd7-461e-9aff-854e2d4b7835): hola
[18:54:51] TheRealColmagi (uuid: c98c1615-0764-41e1-848d-73152bfabe94): s p i c y meem
[18:55:12] TheRealColmagi (uuid: c98c1615-0764-41e1-848d-73152bfabe94): top kak
[18:55:44] BowMaster_7 (uuid: 09906eb9-3bd7-461e-9aff-854e2d4b7835): wait
[18:55:46] BowMaster_7 (uuid: 09906eb9-3bd7-461e-9aff-854e2d4b7835): one sec
[18:56:01] BowMaster_7 (uuid: 09906eb9-3bd7-461e-9aff-854e2d4b7835): sorry
[18:56:06] BowMaster_7 (uuid: 09906eb9-3bd7-461e-9aff-854e2d4b7835): needed to fix my mouse
[18:56:09] TheRealColmagi (uuid: c98c1615-0764-41e1-848d-73152bfabe94): kekkle
[18:56:19] TheRealColmagi (uuid: c98c1615-0764-41e1-848d-73152bfabe94): u can make ur own house n stuff
[18:56:41] BowMaster_7 (uuid: 09906eb9-3bd7-461e-9aff-854e2d4b7835): um
[18:56:48] BowMaster_7 (uuid: 09906eb9-3bd7-461e-9aff-854e2d4b7835): why cant i brake these blocks
[18:56:50] TheRealColmagi (uuid: c98c1615-0764-41e1-848d-73152bfabe94): btw do ! before ur words to shout
[18:56:52] TheRealColmagi (uuid: c98c1615-0764-41e1-848d-73152bfabe94): test
[18:56:56] TheRealColmagi (uuid: c98c1615-0764-41e1-848d-73152bfabe94): cuz spawn protection
[18:57:01] TheRealColmagi (uuid: c98c1615-0764-41e1-848d-73152bfabe94): cant have ppl breaking ur blocks around spawn
[18:57:06] BowMaster_7 (uuid: 09906eb9-3bd7-461e-9aff-854e2d4b7835): ahhh
[18:57:14] TheRealColmagi (uuid: c98c1615-0764-41e1-848d-73152bfabe94): would make the area ugly
[18:58:44] TheRealColmagi (uuid: c98c1615-0764-41e1-848d-73152bfabe94): sp00ked
[18:58:53] BowMaster_7 (uuid: 09906eb9-3bd7-461e-9aff-854e2d4b7835): what?
[18:58:55] TheRealColmagi (uuid: c98c1615-0764-41e1-848d-73152bfabe94): here im bored ill survival and play with u
[18:59:08] TheRealColmagi (uuid: c98c1615-0764-41e1-848d-73152bfabe94): no cheating xd
[18:59:09] BowMaster_7 (uuid: 09906eb9-3bd7-461e-9aff-854e2d4b7835): sexy
[18:59:20] BowMaster_7 (uuid: 09906eb9-3bd7-461e-9aff-854e2d4b7835): just tp to me
[18:59:25] BowMaster_7 (uuid: 09906eb9-3bd7-461e-9aff-854e2d4b7835): and then no more commands
[18:59:28] TheRealColmagi (uuid: c98c1615-0764-41e1-848d-73152bfabe94): im right here
[18:59:52] BowMaster_7 (uuid: 09906eb9-3bd7-461e-9aff-854e2d4b7835): ok
[18:59:58] BowMaster_7 (uuid: 09906eb9-3bd7-461e-9aff-854e2d4b7835): we can build here
[19:00:07] TheRealColmagi (uuid: c98c1615-0764-41e1-848d-73152bfabe94): ive actually had quite a few ppl on this server
[19:00:14] TheRealColmagi (uuid: c98c1615-0764-41e1-848d-73152bfabe94): if u do /baltop theres 4 pages
[19:00:42] TheRealColmagi (uuid: c98c1615-0764-41e1-848d-73152bfabe94): haha one of them is hubert
[19:00:43] BowMaster_7 (uuid: 09906eb9-3bd7-461e-9aff-854e2d4b7835): ima break all this dirt
[19:00:54] TheRealColmagi (uuid: c98c1615-0764-41e1-848d-73152bfabe94): s p i c y
[19:01:30] TheRealColmagi (uuid: c98c1615-0764-41e1-848d-73152bfabe94): s p i cccy
[19:01:36] TheRealColmagi (uuid: c98c1615-0764-41e1-848d-73152bfabe94): top dank
[19:01:40] TheRealColmagi (uuid: c98c1615-0764-41e1-848d-73152bfabe94): lets go kill cows
[19:01:48] BowMaster_7 (uuid: 09906eb9-3bd7-461e-9aff-854e2d4b7835): k
[19:01:52] BowMaster_7 (uuid: 09906eb9-3bd7-461e-9aff-854e2d4b7835): ill build the house
[19:02:45] TheRealColmagi (uuid: c98c1615-0764-41e1-848d-73152bfabe94): sheit nigga zombie
[19:02:45] BowMaster_7 (uuid: 09906eb9-3bd7-461e-9aff-854e2d4b7835): skeletons
[19:02:59] TheRealColmagi (uuid: c98c1615-0764-41e1-848d-73152bfabe94): where u at
[19:03:11] BowMaster_7 (uuid: 09906eb9-3bd7-461e-9aff-854e2d4b7835): idk
[19:03:15] BowMaster_7 (uuid: 09906eb9-3bd7-461e-9aff-854e2d4b7835): im so low
[19:03:38] BowMaster_7 (uuid: 09906eb9-3bd7-461e-9aff-854e2d4b7835): go to the lake
[19:03:40] TheRealColmagi (uuid: c98c1615-0764-41e1-848d-73152bfabe94): u cant spamhit anymore
[19:03:42] BowMaster_7 (uuid: 09906eb9-3bd7-461e-9aff-854e2d4b7835): and im on the edge
[19:03:43] TheRealColmagi (uuid: c98c1615-0764-41e1-848d-73152bfabe94): u gotta time attacks
[19:03:47] TheRealColmagi (uuid: c98c1615-0764-41e1-848d-73152bfabe94): no jitterclicking
[19:03:57] TheRealColmagi (uuid: c98c1615-0764-41e1-848d-73152bfabe94): ey
[19:04:44] TheRealColmagi (uuid: c98c1615-0764-41e1-848d-73152bfabe94): noice
[19:05:27] TheRealColmagi (uuid: c98c1615-0764-41e1-848d-73152bfabe94): i invited hubert he said sure but now hes gone wtf where he go
[19:05:34] BowMaster_7 (uuid: 09906eb9-3bd7-461e-9aff-854e2d4b7835): lmao
[19:05:52] TheRealColmagi (uuid: c98c1615-0764-41e1-848d-73152bfabe94): wot a jew
[19:06:13] TheRealColmagi (uuid: c98c1615-0764-41e1-848d-73152bfabe94): lmao
[19:06:16] BowMaster_7 (uuid: 09906eb9-3bd7-461e-9aff-854e2d4b7835): oi
[19:06:28] TheRealColmagi (uuid: c98c1615-0764-41e1-848d-73152bfabe94): just testing to see if pvp works
[19:07:21] TheRealColmagi (uuid: c98c1615-0764-41e1-848d-73152bfabe94): we gotta go mining nibba
[19:07:27] BowMaster_7 (uuid: 09906eb9-3bd7-461e-9aff-854e2d4b7835): u mine
[19:07:29] BowMaster_7 (uuid: 09906eb9-3bd7-461e-9aff-854e2d4b7835): ill make house
[19:07:34] TheRealColmagi (uuid: c98c1615-0764-41e1-848d-73152bfabe94): fine
[19:10:32] TheRealColmagi (uuid: c98c1615-0764-41e1-848d-73152bfabe94): oh look its day
[19:10:51] TheRealColmagi (uuid: c98c1615-0764-41e1-848d-73152bfabe94): oi
[19:11:13] TheRealColmagi (uuid: c98c1615-0764-41e1-848d-73152bfabe94): i think hubert baited me
[19:11:23] BowMaster_7 (uuid: 09906eb9-3bd7-461e-9aff-854e2d4b7835): lololololololololololol
[19:12:05] TheRealColmagi (uuid: c98c1615-0764-41e1-848d-73152bfabe94): take that wood
[19:12:19] BowMaster_7 (uuid: 09906eb9-3bd7-461e-9aff-854e2d4b7835): thx
[19:15:10] TheRealColmagi (uuid: c98c1615-0764-41e1-848d-73152bfabe94): oy
[19:15:15] BowMaster_7 (uuid: 09906eb9-3bd7-461e-9aff-854e2d4b7835): dayum
[19:15:21] TheRealColmagi (uuid: c98c1615-0764-41e1-848d-73152bfabe94): get ur ass over here
[19:15:29] TheRealColmagi (uuid: c98c1615-0764-41e1-848d-73152bfabe94): ey
[19:15:34] TheRealColmagi (uuid: c98c1615-0764-41e1-848d-73152bfabe94): thats arthur
[19:15:38] BowMaster_7 (uuid: 09906eb9-3bd7-461e-9aff-854e2d4b7835): oi
[19:15:48] BowMaster_7 (uuid: 09906eb9-3bd7-461e-9aff-854e2d4b7835): no messin the house up
[19:15:51] TheRealColmagi (uuid: c98c1615-0764-41e1-848d-73152bfabe94): how 2 be gay eks de
[19:15:58] TheRealColmagi (uuid: c98c1615-0764-41e1-848d-73152bfabe94): do ethan got mc
[19:16:11] BowMaster_7 (uuid: 09906eb9-3bd7-461e-9aff-854e2d4b7835): wait
[19:16:16] Hubert6194 (uuid: 1ae76006-6711-4e06-9e89-a7e9a547fbfd): idk
[19:16:17] BowMaster_7 (uuid: 09906eb9-3bd7-461e-9aff-854e2d4b7835): it said i tagged hubert
[19:16:17] Hubert6194 (uuid: 1ae76006-6711-4e06-9e89-a7e9a547fbfd): idk
[19:16:23] Hubert6194 (uuid: 1ae76006-6711-4e06-9e89-a7e9a547fbfd): ya u tagged me
[19:16:24] TheRealColmagi (uuid: c98c1615-0764-41e1-848d-73152bfabe94): that means u hit him
[19:16:24] Hubert6194 (uuid: 1ae76006-6711-4e06-9e89-a7e9a547fbfd): ouch
[19:16:39] BowMaster_7 (uuid: 09906eb9-3bd7-461e-9aff-854e2d4b7835): well now my shift key
[19:16:43] BowMaster_7 (uuid: 09906eb9-3bd7-461e-9aff-854e2d4b7835): is going crazy
[19:17:07] TheRealColmagi (uuid: c98c1615-0764-41e1-848d-73152bfabe94): WTF
[19:17:08] TheRealColmagi (uuid: c98c1615-0764-41e1-848d-73152bfabe94): R U DRUNK
[19:17:16] TheRealColmagi (uuid: c98c1615-0764-41e1-848d-73152bfabe94): look at this dood
[19:17:19] TheRealColmagi (uuid: c98c1615-0764-41e1-848d-73152bfabe94): w0t is this
[19:17:23] TheRealColmagi (uuid: c98c1615-0764-41e1-848d-73152bfabe94): arthur
[19:17:28] BowMaster_7 (uuid: 09906eb9-3bd7-461e-9aff-854e2d4b7835): que pasa
[19:17:39] Hubert6194 (uuid: 1ae76006-6711-4e06-9e89-a7e9a547fbfd): si
[19:17:50] Hubert6194 (uuid: 1ae76006-6711-4e06-9e89-a7e9a547fbfd): sabes que ya je vo rato mirandote
[19:17:56] TheRealColmagi (uuid: c98c1615-0764-41e1-848d-73152bfabe94): me llamo jeff
[19:17:58] TheRealColmagi (uuid: c98c1615-0764-41e1-848d-73152bfabe94): despacito
[19:17:58] Hubert6194 (uuid: 1ae76006-6711-4e06-9e89-a7e9a547fbfd): tengo que bailar contigo hoy
[19:18:03] Hubert6194 (uuid: 1ae76006-6711-4e06-9e89-a7e9a547fbfd): vi
[19:18:06] BowMaster_7 (uuid: 09906eb9-3bd7-461e-9aff-854e2d4b7835): wtf
[19:18:13] BowMaster_7 (uuid: 09906eb9-3bd7-461e-9aff-854e2d4b7835): what is this
[19:18:15] TheRealColmagi (uuid: c98c1615-0764-41e1-848d-73152bfabe94): Tú, tú eres el imán y yo soy el metalMe voy acercando y voy armando el planSólo con pensarlo se acelera el pulso (oh yeah)Ya, ya me está gustando más de lo normalTodos mis sentidos van pidiendo másEsto hay que tomarlo sin ningún apuro
[19:18:23] Hubert6194 (uuid: 1ae76006-6711-4e06-9e89-a7e9a547fbfd): wtf
[19:18:29] TheRealColmagi (uuid: c98c1615-0764-41e1-848d-73152bfabe94): despacito lyrics kak
[19:18:34] BowMaster_7 (uuid: 09906eb9-3bd7-461e-9aff-854e2d4b7835): we need better looking wood
[19:18:38] Hubert6194 (uuid: 1ae76006-6711-4e06-9e89-a7e9a547fbfd): yah
[19:18:38] TheRealColmagi (uuid: c98c1615-0764-41e1-848d-73152bfabe94): oak
[19:18:40] Hubert6194 (uuid: 1ae76006-6711-4e06-9e89-a7e9a547fbfd): oak
[19:18:41] TheRealColmagi (uuid: c98c1615-0764-41e1-848d-73152bfabe94): u start off with oak wood
[19:18:44] Hubert6194 (uuid: 1ae76006-6711-4e06-9e89-a7e9a547fbfd): birch looks ugly
[19:18:44] BowMaster_7 (uuid: 09906eb9-3bd7-461e-9aff-854e2d4b7835): these trees look sutupid
[19:18:46] TheRealColmagi (uuid: c98c1615-0764-41e1-848d-73152bfabe94): 16 of em
[19:18:50] TheRealColmagi (uuid: c98c1615-0764-41e1-848d-73152bfabe94): im gonna get some sand
[19:18:55] Hubert6194 (uuid: 1ae76006-6711-4e06-9e89-a7e9a547fbfd): wait
[19:18:58] TheRealColmagi (uuid: c98c1615-0764-41e1-848d-73152bfabe94): hubert skype call?
[19:19:00] Hubert6194 (uuid: 1ae76006-6711-4e06-9e89-a7e9a547fbfd): why are there no oak trees at all
[19:19:05] Hubert6194 (uuid: 1ae76006-6711-4e06-9e89-a7e9a547fbfd): i dont have a mic
[19:19:07] TheRealColmagi (uuid: c98c1615-0764-41e1-848d-73152bfabe94): cuz we in a birch forset niggggga
[19:19:55] TheRealColmagi (uuid: c98c1615-0764-41e1-848d-73152bfabe94): spi c
[19:20:04] TheRealColmagi (uuid: c98c1615-0764-41e1-848d-73152bfabe94): spy see
[19:20:09] TheRealColmagi (uuid: c98c1615-0764-41e1-848d-73152bfabe94): tai duo jiang you
[19:20:10] BowMaster_7 (uuid: 09906eb9-3bd7-461e-9aff-854e2d4b7835): all of u gimme ur oak wood
[19:20:19] BowMaster_7 (uuid: 09906eb9-3bd7-461e-9aff-854e2d4b7835): HUBERT
[19:20:24] BowMaster_7 (uuid: 09906eb9-3bd7-461e-9aff-854e2d4b7835): WTF IS THIS COBBLE
[19:20:30] Hubert6194 (uuid: 1ae76006-6711-4e06-9e89-a7e9a547fbfd): style
[19:20:31] TheRealColmagi (uuid: c98c1615-0764-41e1-848d-73152bfabe94): egdeeee
[19:20:32] Hubert6194 (uuid: 1ae76006-6711-4e06-9e89-a7e9a547fbfd): goteeem
[19:20:33] BowMaster_7 (uuid: 09906eb9-3bd7-461e-9aff-854e2d4b7835): no
[19:20:50] BowMaster_7 (uuid: 09906eb9-3bd7-461e-9aff-854e2d4b7835): make a farm
[19:20:52] BowMaster_7 (uuid: 09906eb9-3bd7-461e-9aff-854e2d4b7835): or a dock
[19:20:54] Hubert6194 (uuid: 1ae76006-6711-4e06-9e89-a7e9a547fbfd): ok
[19:20:58] Hubert6194 (uuid: 1ae76006-6711-4e06-9e89-a7e9a547fbfd): where do you want the farm to be
[19:21:06] TheRealColmagi (uuid: c98c1615-0764-41e1-848d-73152bfabe94): oooh
[19:21:12] BowMaster_7 (uuid: 09906eb9-3bd7-461e-9aff-854e2d4b7835): HERE
[19:21:18] BowMaster_7 (uuid: 09906eb9-3bd7-461e-9aff-854e2d4b7835): OOPS
[19:21:31] BowMaster_7 (uuid: 09906eb9-3bd7-461e-9aff-854e2d4b7835): WHAT IS THIS
[19:21:40] BowMaster_7 (uuid: 09906eb9-3bd7-461e-9aff-854e2d4b7835): MY CAPS LOCK IS ON
[19:21:46] BowMaster_7 (uuid: 09906eb9-3bd7-461e-9aff-854e2d4b7835): BUT ITS NOT SHOWING IT
[19:21:55] TheRealColmagi (uuid: c98c1615-0764-41e1-848d-73152bfabe94): use a hoe
[19:22:00] TheRealColmagi (uuid: c98c1615-0764-41e1-848d-73152bfabe94): we need bucket
[19:22:08] BowMaster_7 (uuid: 09906eb9-3bd7-461e-9aff-854e2d4b7835): james
[19:22:11] BowMaster_7 (uuid: 09906eb9-3bd7-461e-9aff-854e2d4b7835): gimme ur oak
[19:22:14] TheRealColmagi (uuid: c98c1615-0764-41e1-848d-73152bfabe94): already did
[19:22:20] BowMaster_7 (uuid: 09906eb9-3bd7-461e-9aff-854e2d4b7835): oh
[19:22:25] BowMaster_7 (uuid: 09906eb9-3bd7-461e-9aff-854e2d4b7835): HUBERT
[19:22:30] BowMaster_7 (uuid: 09906eb9-3bd7-461e-9aff-854e2d4b7835): gimme ur oak
[19:22:55] TheRealColmagi (uuid: c98c1615-0764-41e1-848d-73152bfabe94): where all the spiders at tho
[19:23:34] BowMaster_7 (uuid: 09906eb9-3bd7-461e-9aff-854e2d4b7835): oi
[19:23:37] TheRealColmagi (uuid: c98c1615-0764-41e1-848d-73152bfabe94): ya
[19:23:39] BowMaster_7 (uuid: 09906eb9-3bd7-461e-9aff-854e2d4b7835): i need that oak
[19:23:42] Hubert6194 (uuid: 1ae76006-6711-4e06-9e89-a7e9a547fbfd): k
[19:23:45] Hubert6194 (uuid: 1ae76006-6711-4e06-9e89-a7e9a547fbfd): u can have
[19:23:47] Hubert6194 (uuid: 1ae76006-6711-4e06-9e89-a7e9a547fbfd): i have birch
[19:23:50] BowMaster_7 (uuid: 09906eb9-3bd7-461e-9aff-854e2d4b7835): ok
[19:24:34] BowMaster_7 (uuid: 09906eb9-3bd7-461e-9aff-854e2d4b7835): is that all of it
[19:25:14] BowMaster_7 (uuid: 09906eb9-3bd7-461e-9aff-854e2d4b7835): thanks
[19:25:16] Hubert6194 (uuid: 1ae76006-6711-4e06-9e89-a7e9a547fbfd): np
[19:25:20] Hubert6194 (uuid: 1ae76006-6711-4e06-9e89-a7e9a547fbfd): where jaems at
[19:25:26] BowMaster_7 (uuid: 09906eb9-3bd7-461e-9aff-854e2d4b7835): idk
[19:25:53] TheRealColmagi (uuid: c98c1615-0764-41e1-848d-73152bfabe94): oi m8 let me back
[19:26:07] TheRealColmagi (uuid: c98c1615-0764-41e1-848d-73152bfabe94): thx
[19:26:09] BowMaster_7 (uuid: 09906eb9-3bd7-461e-9aff-854e2d4b7835): np
[19:26:12] TheRealColmagi (uuid: c98c1615-0764-41e1-848d-73152bfabe94): i found some strange plants
[19:26:15] TheRealColmagi (uuid: c98c1615-0764-41e1-848d-73152bfabe94): where my dye trader at
[19:26:26] TheRealColmagi (uuid: c98c1615-0764-41e1-848d-73152bfabe94): haha terraria reference so funny
[19:26:34] BowMaster_7 (uuid: 09906eb9-3bd7-461e-9aff-854e2d4b7835): mhm
[19:26:41] BowMaster_7 (uuid: 09906eb9-3bd7-461e-9aff-854e2d4b7835): better not kick me from this server too
[19:26:46] BowMaster_7 (uuid: 09906eb9-3bd7-461e-9aff-854e2d4b7835): how u make door
[19:26:46] TheRealColmagi (uuid: c98c1615-0764-41e1-848d-73152bfabe94): heres some oak wood
[19:26:50] Hubert6194 (uuid: 1ae76006-6711-4e06-9e89-a7e9a547fbfd): LOL
[19:26:53] TheRealColmagi (uuid: c98c1615-0764-41e1-848d-73152bfabe94): 6 planks
[19:26:56] Hubert6194 (uuid: 1ae76006-6711-4e06-9e89-a7e9a547fbfd): what happened on terraria
[19:26:59] TheRealColmagi (uuid: c98c1615-0764-41e1-848d-73152bfabe94): 2x3
[19:27:02] TheRealColmagi (uuid: c98c1615-0764-41e1-848d-73152bfabe94): 2x6
[19:27:05] TheRealColmagi (uuid: c98c1615-0764-41e1-848d-73152bfabe94): no wait
[19:27:07] TheRealColmagi (uuid: c98c1615-0764-41e1-848d-73152bfabe94): 2x3
[19:27:12] TheRealColmagi (uuid: c98c1615-0764-41e1-848d-73152bfabe94): i never passed pre alg srry
[19:27:13] BowMaster_7 (uuid: 09906eb9-3bd7-461e-9aff-854e2d4b7835): oops
[19:27:14] Hubert6194 (uuid: 1ae76006-6711-4e06-9e89-a7e9a547fbfd): wait give that oak to arthur
[19:27:18] TheRealColmagi (uuid: c98c1615-0764-41e1-848d-73152bfabe94): i did
[19:27:19] BowMaster_7 (uuid: 09906eb9-3bd7-461e-9aff-854e2d4b7835): i was using wood
[19:27:21] BowMaster_7 (uuid: 09906eb9-3bd7-461e-9aff-854e2d4b7835): not planks
[19:27:24] TheRealColmagi (uuid: c98c1615-0764-41e1-848d-73152bfabe94): aweteesum
[19:27:31] TheRealColmagi (uuid: c98c1615-0764-41e1-848d-73152bfabe94): arthur drained my ocean in terraria
[19:27:54] TheRealColmagi (uuid: c98c1615-0764-41e1-848d-73152bfabe94): mmm sexy
[19:28:00] Hubert6194 (uuid: 1ae76006-6711-4e06-9e89-a7e9a547fbfd): i looks bad with birch
[19:28:10] Hubert6194 (uuid: 1ae76006-6711-4e06-9e89-a7e9a547fbfd): wait stop
[19:28:11] BowMaster_7 (uuid: 09906eb9-3bd7-461e-9aff-854e2d4b7835): whaterver
[19:28:12] Hubert6194 (uuid: 1ae76006-6711-4e06-9e89-a7e9a547fbfd): we need water
[19:28:17] Hubert6194 (uuid: 1ae76006-6711-4e06-9e89-a7e9a547fbfd): bucket plsss
[19:28:20] TheRealColmagi (uuid: c98c1615-0764-41e1-848d-73152bfabe94): who took the iron
[19:28:25] Hubert6194 (uuid: 1ae76006-6711-4e06-9e89-a7e9a547fbfd): i did
[19:28:28] TheRealColmagi (uuid: c98c1615-0764-41e1-848d-73152bfabe94): make a bucket then
[19:28:32] Hubert6194 (uuid: 1ae76006-6711-4e06-9e89-a7e9a547fbfd): only 5
[19:28:38] TheRealColmagi (uuid: c98c1615-0764-41e1-848d-73152bfabe94): u only need 3 idioto
[19:28:47] Hubert6194 (uuid: 1ae76006-6711-4e06-9e89-a7e9a547fbfd): oh LMAOOOO GOTEEEEEEEEEEEEEEEEm
[19:29:02] TheRealColmagi (uuid: c98c1615-0764-41e1-848d-73152bfabe94): gonna go look for a cave kek
[19:29:07] BowMaster_7 (uuid: 09906eb9-3bd7-461e-9aff-854e2d4b7835): kk
[19:29:16] BowMaster_7 (uuid: 09906eb9-3bd7-461e-9aff-854e2d4b7835): if you find oak
[19:29:20] BowMaster_7 (uuid: 09906eb9-3bd7-461e-9aff-854e2d4b7835): keep it 4 me
[19:29:22] Hubert6194 (uuid: 1ae76006-6711-4e06-9e89-a7e9a547fbfd): tp us
[19:29:24] TheRealColmagi (uuid: c98c1615-0764-41e1-848d-73152bfabe94): aaaaaaaa
[19:29:27] Hubert6194 (uuid: 1ae76006-6711-4e06-9e89-a7e9a547fbfd): if u find oak
[19:29:32] TheRealColmagi (uuid: c98c1615-0764-41e1-848d-73152bfabe94): btw set a home here
[19:29:34] BowMaster_7 (uuid: 09906eb9-3bd7-461e-9aff-854e2d4b7835): no
[19:29:37] BowMaster_7 (uuid: 09906eb9-3bd7-461e-9aff-854e2d4b7835): we tp to him
[19:29:42] BowMaster_7 (uuid: 09906eb9-3bd7-461e-9aff-854e2d4b7835): or 1 of us
[19:29:49] TheRealColmagi (uuid: c98c1615-0764-41e1-848d-73152bfabe94): do /sethome so u can always come back via /home
[19:29:51] BowMaster_7 (uuid: 09906eb9-3bd7-461e-9aff-854e2d4b7835): so we dont loose the house or his oak place
[19:30:03] BowMaster_7 (uuid: 09906eb9-3bd7-461e-9aff-854e2d4b7835): k
[19:30:19] Hubert6194 (uuid: 1ae76006-6711-4e06-9e89-a7e9a547fbfd): man
[19:30:25] Hubert6194 (uuid: 1ae76006-6711-4e06-9e89-a7e9a547fbfd): worked so much on the farm now i feel mexican
[19:30:29] TheRealColmagi (uuid: c98c1615-0764-41e1-848d-73152bfabe94): kek
[19:30:52] TheRealColmagi (uuid: c98c1615-0764-41e1-848d-73152bfabe94): oh shit found those floating islands my friends built
[19:31:21] BowMaster_7 (uuid: 09906eb9-3bd7-461e-9aff-854e2d4b7835): NO
[19:31:25] Hubert6194 (uuid: 1ae76006-6711-4e06-9e89-a7e9a547fbfd): wot
[19:31:28] BowMaster_7 (uuid: 09906eb9-3bd7-461e-9aff-854e2d4b7835): its our sexy place
[19:31:31] Hubert6194 (uuid: 1ae76006-6711-4e06-9e89-a7e9a547fbfd): oh ok
[19:31:33] Hubert6194 (uuid: 1ae76006-6711-4e06-9e89-a7e9a547fbfd): gotcah
[19:31:38] BowMaster_7 (uuid: 09906eb9-3bd7-461e-9aff-854e2d4b7835): we can put glass on the bottom
[19:31:43] Hubert6194 (uuid: 1ae76006-6711-4e06-9e89-a7e9a547fbfd): oh ok
[19:31:45] Hubert6194 (uuid: 1ae76006-6711-4e06-9e89-a7e9a547fbfd): sex on the ocean
[19:32:16] BowMaster_7 (uuid: 09906eb9-3bd7-461e-9aff-854e2d4b7835): omg
[19:32:20] TheRealColmagi (uuid: c98c1615-0764-41e1-848d-73152bfabe94): hell yeah dont have to wake up for band camp tmrw
[19:32:25] BowMaster_7 (uuid: 09906eb9-3bd7-461e-9aff-854e2d4b7835): lolololollololololololololol
[19:32:29] TheRealColmagi (uuid: c98c1615-0764-41e1-848d-73152bfabe94): its at 5:30 pm
[19:32:37] TheRealColmagi (uuid: c98c1615-0764-41e1-848d-73152bfabe94): trading sleep for burning hot sun
[19:33:31] BowMaster_7 (uuid: 09906eb9-3bd7-461e-9aff-854e2d4b7835): boi
[19:33:55] BowMaster_7 (uuid: 09906eb9-3bd7-461e-9aff-854e2d4b7835): nah
[19:34:05] TheRealColmagi (uuid: c98c1615-0764-41e1-848d-73152bfabe94): this be a nice cave
[19:34:20] BowMaster_7 (uuid: 09906eb9-3bd7-461e-9aff-854e2d4b7835): dude
[19:34:24] BowMaster_7 (uuid: 09906eb9-3bd7-461e-9aff-854e2d4b7835): theres a squid
[19:34:27] BowMaster_7 (uuid: 09906eb9-3bd7-461e-9aff-854e2d4b7835): in our pool
[19:34:34] Hubert6194 (uuid: 1ae76006-6711-4e06-9e89-a7e9a547fbfd): lmaoo
[19:34:37] BowMaster_7 (uuid: 09906eb9-3bd7-461e-9aff-854e2d4b7835): wow
[19:34:37] Hubert6194 (uuid: 1ae76006-6711-4e06-9e89-a7e9a547fbfd): squids kool
[19:34:43] BowMaster_7 (uuid: 09906eb9-3bd7-461e-9aff-854e2d4b7835): ya animal killa
[19:34:43] Hubert6194 (uuid: 1ae76006-6711-4e06-9e89-a7e9a547fbfd): now i got inc sack
[19:34:46] Hubert6194 (uuid: 1ae76006-6711-4e06-9e89-a7e9a547fbfd): ;)
[19:35:33] TheRealColmagi (uuid: c98c1615-0764-41e1-848d-73152bfabe94): yo my invens full can someone tp over
[19:35:37] TheRealColmagi (uuid: c98c1615-0764-41e1-848d-73152bfabe94): take my shit and run back
[19:35:38] Hubert6194 (uuid: 1ae76006-6711-4e06-9e89-a7e9a547fbfd): wait so the sexy place is going to be half right
[19:35:45] Hubert6194 (uuid: 1ae76006-6711-4e06-9e89-a7e9a547fbfd): bro where are you
[19:35:48] BowMaster_7 (uuid: 09906eb9-3bd7-461e-9aff-854e2d4b7835): wait
[19:35:50] BowMaster_7 (uuid: 09906eb9-3bd7-461e-9aff-854e2d4b7835): idk yet
[19:36:10] Hubert6194 (uuid: 1ae76006-6711-4e06-9e89-a7e9a547fbfd): wait
[19:36:16] Hubert6194 (uuid: 1ae76006-6711-4e06-9e89-a7e9a547fbfd): my shits pretty full too
[19:36:20] TheRealColmagi (uuid: c98c1615-0764-41e1-848d-73152bfabe94): goddammit
[19:36:22] BowMaster_7 (uuid: 09906eb9-3bd7-461e-9aff-854e2d4b7835): james
[19:36:24] Hubert6194 (uuid: 1ae76006-6711-4e06-9e89-a7e9a547fbfd): wait
[19:36:24] BowMaster_7 (uuid: 09906eb9-3bd7-461e-9aff-854e2d4b7835): how u tp
[19:36:25] Hubert6194 (uuid: 1ae76006-6711-4e06-9e89-a7e9a547fbfd): wtf
[19:36:28] Hubert6194 (uuid: 1ae76006-6711-4e06-9e89-a7e9a547fbfd): how do i get back
[19:36:30] TheRealColmagi (uuid: c98c1615-0764-41e1-848d-73152bfabe94): do /tpa
[19:36:34] TheRealColmagi (uuid: c98c1615-0764-41e1-848d-73152bfabe94): then name of person
[19:36:45] TheRealColmagi (uuid: c98c1615-0764-41e1-848d-73152bfabe94): huberts already here
[19:36:49] BowMaster_7 (uuid: 09906eb9-3bd7-461e-9aff-854e2d4b7835): o
[19:36:51] BowMaster_7 (uuid: 09906eb9-3bd7-461e-9aff-854e2d4b7835): k
[19:36:52] TheRealColmagi (uuid: c98c1615-0764-41e1-848d-73152bfabe94): i cant hear u guys from this far away so u gotta shout
[19:37:01] TheRealColmagi (uuid: c98c1615-0764-41e1-848d-73152bfabe94): do ! before ur message to shout
[19:37:02] BowMaster_7 (uuid: 09906eb9-3bd7-461e-9aff-854e2d4b7835): OK!
[19:37:04] Hubert6194 (uuid: 1ae76006-6711-4e06-9e89-a7e9a547fbfd): lol
[19:37:09] BowMaster_7 (uuid: 09906eb9-3bd7-461e-9aff-854e2d4b7835): oops
[19:37:10] TheRealColmagi (uuid: c98c1615-0764-41e1-848d-73152bfabe94): before arthur
[19:37:12] TheRealColmagi (uuid: c98c1615-0764-41e1-848d-73152bfabe94): not after
[19:37:13] BowMaster_7 (uuid: 09906eb9-3bd7-461e-9aff-854e2d4b7835): OK
[19:37:15] Hubert6194 (uuid: 1ae76006-6711-4e06-9e89-a7e9a547fbfd): arthur accept pls
[19:37:18] TheRealColmagi (uuid: c98c1615-0764-41e1-848d-73152bfabe94): yeah
[19:37:30] Hubert6194 (uuid: 1ae76006-6711-4e06-9e89-a7e9a547fbfd): thanks m8
[19:37:32] BowMaster_7 (uuid: 09906eb9-3bd7-461e-9aff-854e2d4b7835): u got oak?
[19:38:16] TheRealColmagi (uuid: c98c1615-0764-41e1-848d-73152bfabe94): GG EZ ALREADY FOUND DIAMONDS
[19:38:31] BowMaster_7 (uuid: 09906eb9-3bd7-461e-9aff-854e2d4b7835): i need cobble
[19:38:53] BowMaster_7 (uuid: 09906eb9-3bd7-461e-9aff-854e2d4b7835): hubert
[19:39:00] BowMaster_7 (uuid: 09906eb9-3bd7-461e-9aff-854e2d4b7835): why cant i use any of these things
[19:39:10] BowMaster_7 (uuid: 09906eb9-3bd7-461e-9aff-854e2d4b7835): it says i dont have ur permission -_-
[19:39:19] TheRealColmagi (uuid: c98c1615-0764-41e1-848d-73152bfabe94): 5 diamonds
[19:39:33] TheRealColmagi (uuid: c98c1615-0764-41e1-848d-73152bfabe94): arthur u claimed block
[19:39:34] BowMaster_7 (uuid: 09906eb9-3bd7-461e-9aff-854e2d4b7835): HUBERT
[19:39:37] Hubert6194 (uuid: 1ae76006-6711-4e06-9e89-a7e9a547fbfd): yah
[19:39:43] TheRealColmagi (uuid: c98c1615-0764-41e1-848d-73152bfabe94): do /trust hubert6194 to allow him to use it
[19:39:44] BowMaster_7 (uuid: 09906eb9-3bd7-461e-9aff-854e2d4b7835): i cant use the chest
[19:39:45] BowMaster_7 (uuid: 09906eb9-3bd7-461e-9aff-854e2d4b7835): or
[19:39:55] TheRealColmagi (uuid: c98c1615-0764-41e1-848d-73152bfabe94): i think ur first chest placed is autoclaiming
[19:39:57] BowMaster_7 (uuid: 09906eb9-3bd7-461e-9aff-854e2d4b7835): yea hub
[19:40:04] Hubert6194 (uuid: 1ae76006-6711-4e06-9e89-a7e9a547fbfd): k trusted u
[19:40:11] BowMaster_7 (uuid: 09906eb9-3bd7-461e-9aff-854e2d4b7835): thx
[19:42:26] BowMaster_7 (uuid: 09906eb9-3bd7-461e-9aff-854e2d4b7835): hubert
[19:42:30] BowMaster_7 (uuid: 09906eb9-3bd7-461e-9aff-854e2d4b7835): can u fill this yp
[19:43:22] BowMaster_7 (uuid: 09906eb9-3bd7-461e-9aff-854e2d4b7835): hubert
[19:43:27] BowMaster_7 (uuid: 09906eb9-3bd7-461e-9aff-854e2d4b7835): can ya fill this yp
[19:43:27] Hubert6194 (uuid: 1ae76006-6711-4e06-9e89-a7e9a547fbfd): wot
[19:43:33] Hubert6194 (uuid: 1ae76006-6711-4e06-9e89-a7e9a547fbfd): whats yp
[19:43:41] BowMaster_7 (uuid: 09906eb9-3bd7-461e-9aff-854e2d4b7835): can u fill it with ur bucket
[19:45:09] TheRealColmagi (uuid: c98c1615-0764-41e1-848d-73152bfabe94): ok ive pretty much cleared this cave out
[19:45:16] TheRealColmagi (uuid: c98c1615-0764-41e1-848d-73152bfabe94): good stuff
[19:45:20] TheRealColmagi (uuid: c98c1615-0764-41e1-848d-73152bfabe94): 10 diamonds
[19:45:32] TheRealColmagi (uuid: c98c1615-0764-41e1-848d-73152bfabe94): hubert trust me
[19:45:43] Hubert6194 (uuid: 1ae76006-6711-4e06-9e89-a7e9a547fbfd): ok nice
[19:45:49] TheRealColmagi (uuid: c98c1615-0764-41e1-848d-73152bfabe94): cmon
[19:46:02] TheRealColmagi (uuid: c98c1615-0764-41e1-848d-73152bfabe94): hubert
[19:46:10] TheRealColmagi (uuid: c98c1615-0764-41e1-848d-73152bfabe94): if u dont ill just /ignoreclaims
[19:46:12] BowMaster_7 (uuid: 09906eb9-3bd7-461e-9aff-854e2d4b7835): here gimme the bucket so u can trust him adn improve the farm
[19:46:16] Hubert6194 (uuid: 1ae76006-6711-4e06-9e89-a7e9a547fbfd): wait what
[19:46:21] TheRealColmagi (uuid: c98c1615-0764-41e1-848d-73152bfabe94): trust me cmon
[19:46:25] BowMaster_7 (uuid: 09906eb9-3bd7-461e-9aff-854e2d4b7835): gimme the bucket
[19:46:26] TheRealColmagi (uuid: c98c1615-0764-41e1-848d-73152bfabe94): i need to build n shuit
[19:46:26] Hubert6194 (uuid: 1ae76006-6711-4e06-9e89-a7e9a547fbfd): oh ok
[19:46:28] BowMaster_7 (uuid: 09906eb9-3bd7-461e-9aff-854e2d4b7835): gracias
[19:46:38] TheRealColmagi (uuid: c98c1615-0764-41e1-848d-73152bfabe94): danke
[19:47:21] TheRealColmagi (uuid: c98c1615-0764-41e1-848d-73152bfabe94): hmm
[19:47:25] TheRealColmagi (uuid: c98c1615-0764-41e1-848d-73152bfabe94): enchantment table is 2 diamonds
[19:47:30] TheRealColmagi (uuid: c98c1615-0764-41e1-848d-73152bfabe94): so which one of u wants a diamond pick
[19:47:43] BowMaster_7 (uuid: 09906eb9-3bd7-461e-9aff-854e2d4b7835): id take a diamond shovel
[19:47:45] TheRealColmagi (uuid: c98c1615-0764-41e1-848d-73152bfabe94): lmao
[19:48:27] TheRealColmagi (uuid: c98c1615-0764-41e1-848d-73152bfabe94): i have 5 diamonds left over from a pick and ench table
[19:48:31] TheRealColmagi (uuid: c98c1615-0764-41e1-848d-73152bfabe94): so what should i do with em
[19:49:11] Hubert6194 (uuid: 1ae76006-6711-4e06-9e89-a7e9a547fbfd): anyone havfe any cobble stone?
[19:49:16] Hubert6194 (uuid: 1ae76006-6711-4e06-9e89-a7e9a547fbfd): i need a shovle
[19:49:17] TheRealColmagi (uuid: c98c1615-0764-41e1-848d-73152bfabe94): 32
[19:49:22] Hubert6194 (uuid: 1ae76006-6711-4e06-9e89-a7e9a547fbfd): thansk m8
[19:49:23] BowMaster_7 (uuid: 09906eb9-3bd7-461e-9aff-854e2d4b7835): dere ya go
[19:49:24] TheRealColmagi (uuid: c98c1615-0764-41e1-848d-73152bfabe94): we have a shit ton of iron
[19:49:27] TheRealColmagi (uuid: c98c1615-0764-41e1-848d-73152bfabe94): like more than a stack
[19:52:17] TheRealColmagi (uuid: c98c1615-0764-41e1-848d-73152bfabe94): make a sugarcane farm
[19:52:22] TheRealColmagi (uuid: c98c1615-0764-41e1-848d-73152bfabe94): we're gonna want books
[19:52:33] Hubert6194 (uuid: 1ae76006-6711-4e06-9e89-a7e9a547fbfd): s what im doin
[19:52:40] TheRealColmagi (uuid: c98c1615-0764-41e1-848d-73152bfabe94): LOL SKELE BATTLE
[19:52:56] BowMaster_7 (uuid: 09906eb9-3bd7-461e-9aff-854e2d4b7835): yo
[19:53:02] BowMaster_7 (uuid: 09906eb9-3bd7-461e-9aff-854e2d4b7835): who took mah glass
[19:53:13] TheRealColmagi (uuid: c98c1615-0764-41e1-848d-73152bfabe94): hubert
[19:53:18] TheRealColmagi (uuid: c98c1615-0764-41e1-848d-73152bfabe94): jump on tilled dirt to reset it
[19:53:34] Hubert6194 (uuid: 1ae76006-6711-4e06-9e89-a7e9a547fbfd): waittt
[19:53:41] Hubert6194 (uuid: 1ae76006-6711-4e06-9e89-a7e9a547fbfd): u can place sugar next to each other
[19:53:47] TheRealColmagi (uuid: c98c1615-0764-41e1-848d-73152bfabe94): has to be diagonal
[19:53:50] TheRealColmagi (uuid: c98c1615-0764-41e1-848d-73152bfabe94): no wait wtf
[19:53:52] TheRealColmagi (uuid: c98c1615-0764-41e1-848d-73152bfabe94): yeah u can
[19:54:00] TheRealColmagi (uuid: c98c1615-0764-41e1-848d-73152bfabe94): has to be next to water
[19:54:01] TheRealColmagi (uuid: c98c1615-0764-41e1-848d-73152bfabe94): tho
[19:54:02] Hubert6194 (uuid: 1ae76006-6711-4e06-9e89-a7e9a547fbfd): wait but it aint working the other way
[19:54:09] TheRealColmagi (uuid: c98c1615-0764-41e1-848d-73152bfabe94): has to be next to water dumbass xd
[19:54:13] Hubert6194 (uuid: 1ae76006-6711-4e06-9e89-a7e9a547fbfd): ohhh
[19:54:14] TheRealColmagi (uuid: c98c1615-0764-41e1-848d-73152bfabe94): aw fuck rain
[19:54:29] TheRealColmagi (uuid: c98c1615-0764-41e1-848d-73152bfabe94): wtf r u doing arthur lmao
[19:54:41] TheRealColmagi (uuid: c98c1615-0764-41e1-848d-73152bfabe94): u want me to make u some iron armor
[19:54:44] BowMaster_7 (uuid: 09906eb9-3bd7-461e-9aff-854e2d4b7835): we need glas
[19:54:49] BowMaster_7 (uuid: 09906eb9-3bd7-461e-9aff-854e2d4b7835): glass*
[19:54:50] BowMaster_7 (uuid: 09906eb9-3bd7-461e-9aff-854e2d4b7835): nah
[19:54:52] TheRealColmagi (uuid: c98c1615-0764-41e1-848d-73152bfabe94): oh yeah i took it
[19:54:54] TheRealColmagi (uuid: c98c1615-0764-41e1-848d-73152bfabe94): 16
[19:54:58] TheRealColmagi (uuid: c98c1615-0764-41e1-848d-73152bfabe94): my bw
[19:55:31] TheRealColmagi (uuid: c98c1615-0764-41e1-848d-73152bfabe94): im gonna go get some obisidan
[19:55:41] BowMaster_7 (uuid: 09906eb9-3bd7-461e-9aff-854e2d4b7835): nice farm hubertr
[19:55:44] Hubert6194 (uuid: 1ae76006-6711-4e06-9e89-a7e9a547fbfd): thx m8
[19:55:51] TheRealColmagi (uuid: c98c1615-0764-41e1-848d-73152bfabe94): holy shit mining slow af
[19:56:23] BowMaster_7 (uuid: 09906eb9-3bd7-461e-9aff-854e2d4b7835): need a bucket?
[19:56:26] TheRealColmagi (uuid: c98c1615-0764-41e1-848d-73152bfabe94): hubert u go to walkabout
[19:56:28] Hubert6194 (uuid: 1ae76006-6711-4e06-9e89-a7e9a547fbfd): i got one
[19:56:34] BowMaster_7 (uuid: 09906eb9-3bd7-461e-9aff-854e2d4b7835): k
[19:56:38] Hubert6194 (uuid: 1ae76006-6711-4e06-9e89-a7e9a547fbfd): walk about where
[19:56:41] TheRealColmagi (uuid: c98c1615-0764-41e1-848d-73152bfabe94): jasper
[19:56:48] Hubert6194 (uuid: 1ae76006-6711-4e06-9e89-a7e9a547fbfd): oh yeah i went
[19:56:52] Hubert6194 (uuid: 1ae76006-6711-4e06-9e89-a7e9a547fbfd): its gay though
[19:56:54] TheRealColmagi (uuid: c98c1615-0764-41e1-848d-73152bfabe94): i didnt see u lmao
[19:56:59] Hubert6194 (uuid: 1ae76006-6711-4e06-9e89-a7e9a547fbfd): cuz i didnt have my schedule
[19:57:04] Hubert6194 (uuid: 1ae76006-6711-4e06-9e89-a7e9a547fbfd): i went at like 11
[19:57:13] TheRealColmagi (uuid: c98c1615-0764-41e1-848d-73152bfabe94): as long as u dont have kite
[19:57:41] Hubert6194 (uuid: 1ae76006-6711-4e06-9e89-a7e9a547fbfd): nope dont have her
[19:57:54] TheRealColmagi (uuid: c98c1615-0764-41e1-848d-73152bfabe94): nice
[19:58:03] Hubert6194 (uuid: 1ae76006-6711-4e06-9e89-a7e9a547fbfd): wait what does she teach again?
[19:58:13] TheRealColmagi (uuid: c98c1615-0764-41e1-848d-73152bfabe94): uhhhhh bio
[19:58:22] TheRealColmagi (uuid: c98c1615-0764-41e1-848d-73152bfabe94): also u still gotta shout i can only see ur text via console lmao
[19:58:38] Hubert6194 (uuid: 1ae76006-6711-4e06-9e89-a7e9a547fbfd): oh sorry lol
[19:58:45] TheRealColmagi (uuid: c98c1615-0764-41e1-848d-73152bfabe94): home arthur
[19:58:58] TheRealColmagi (uuid: c98c1615-0764-41e1-848d-73152bfabe94): k enough for nether portal and ench tablwe
[19:59:04] Hubert6194 (uuid: 1ae76006-6711-4e06-9e89-a7e9a547fbfd): oh sweet
[19:59:05] Hubert6194 (uuid: 1ae76006-6711-4e06-9e89-a7e9a547fbfd): nether
[19:59:06] TheRealColmagi (uuid: c98c1615-0764-41e1-848d-73152bfabe94): we need a book
[19:59:17] Hubert6194 (uuid: 1ae76006-6711-4e06-9e89-a7e9a547fbfd): wait arthur should we make this even
[19:59:22] Hubert6194 (uuid: 1ae76006-6711-4e06-9e89-a7e9a547fbfd): like the dirt
[19:59:25] BowMaster_7 (uuid: 09906eb9-3bd7-461e-9aff-854e2d4b7835): nah
[19:59:27] Hubert6194 (uuid: 1ae76006-6711-4e06-9e89-a7e9a547fbfd): ok
[19:59:41] BowMaster_7 (uuid: 09906eb9-3bd7-461e-9aff-854e2d4b7835): AHAHAHHAHA
[19:59:44] BowMaster_7 (uuid: 09906eb9-3bd7-461e-9aff-854e2d4b7835): THE SQUID
[19:59:50] TheRealColmagi (uuid: c98c1615-0764-41e1-848d-73152bfabe94): oh a swamp biemo
[19:59:52] TheRealColmagi (uuid: c98c1615-0764-41e1-848d-73152bfabe94): biome
[20:00:00] BowMaster_7 (uuid: 09906eb9-3bd7-461e-9aff-854e2d4b7835): GIMME SOME OAK
[20:00:08] BowMaster_7 (uuid: 09906eb9-3bd7-461e-9aff-854e2d4b7835): gimme some oak
[20:00:55] TheRealColmagi (uuid: c98c1615-0764-41e1-848d-73152bfabe94): ill get oak
[20:01:57] Hubert6194 (uuid: 1ae76006-6711-4e06-9e89-a7e9a547fbfd): WAIT
[20:01:59] Hubert6194 (uuid: 1ae76006-6711-4e06-9e89-a7e9a547fbfd): HOLY
[20:02:08] Hubert6194 (uuid: 1ae76006-6711-4e06-9e89-a7e9a547fbfd): guys
[20:02:11] TheRealColmagi (uuid: c98c1615-0764-41e1-848d-73152bfabe94): what
[20:02:14] BowMaster_7 (uuid: 09906eb9-3bd7-461e-9aff-854e2d4b7835): what
[20:02:14] Hubert6194 (uuid: 1ae76006-6711-4e06-9e89-a7e9a547fbfd): idk man
[20:02:20] Hubert6194 (uuid: 1ae76006-6711-4e06-9e89-a7e9a547fbfd): it was pretty trippy
[20:02:23] BowMaster_7 (uuid: 09906eb9-3bd7-461e-9aff-854e2d4b7835): did u hear the creeper explode?
[20:02:28] TheRealColmagi (uuid: c98c1615-0764-41e1-848d-73152bfabe94): graphical glitch?
[20:02:29] Hubert6194 (uuid: 1ae76006-6711-4e06-9e89-a7e9a547fbfd): yeah i was fighitng it
[20:02:33] BowMaster_7 (uuid: 09906eb9-3bd7-461e-9aff-854e2d4b7835): lol
[20:02:40] Hubert6194 (uuid: 1ae76006-6711-4e06-9e89-a7e9a547fbfd): and it just exploded in the middle of our chests
[20:02:44] Hubert6194 (uuid: 1ae76006-6711-4e06-9e89-a7e9a547fbfd): but nothing broke
[20:02:46] Hubert6194 (uuid: 1ae76006-6711-4e06-9e89-a7e9a547fbfd): so idk
[20:02:53] TheRealColmagi (uuid: c98c1615-0764-41e1-848d-73152bfabe94): oh yeah creepers dont break blocks cuz griefprevention plugin
[20:02:59] Hubert6194 (uuid: 1ae76006-6711-4e06-9e89-a7e9a547fbfd): lmao lol
[20:03:21] TheRealColmagi (uuid: c98c1615-0764-41e1-848d-73152bfabe94): is 37 enough
[20:03:26] Hubert6194 (uuid: 1ae76006-6711-4e06-9e89-a7e9a547fbfd): 37 what
[20:03:28] BowMaster_7 (uuid: 09906eb9-3bd7-461e-9aff-854e2d4b7835): no
[20:03:29] TheRealColmagi (uuid: c98c1615-0764-41e1-848d-73152bfabe94): wood
[20:03:34] BowMaster_7 (uuid: 09906eb9-3bd7-461e-9aff-854e2d4b7835): get as much as possible
[20:03:38] Hubert6194 (uuid: 1ae76006-6711-4e06-9e89-a7e9a547fbfd): yah
[20:03:46] TheRealColmagi (uuid: c98c1615-0764-41e1-848d-73152bfabe94): shoulda made an iron axe
[20:03:51] Hubert6194 (uuid: 1ae76006-6711-4e06-9e89-a7e9a547fbfd): wait james tp me
[20:04:41] TheRealColmagi (uuid: c98c1615-0764-41e1-848d-73152bfabe94): u wanna get wood?
[20:04:53] TheRealColmagi (uuid: c98c1615-0764-41e1-848d-73152bfabe94): k ill head back to arthur
[20:04:59] TheRealColmagi (uuid: c98c1615-0764-41e1-848d-73152bfabe94): oi
[20:05:05] BowMaster_7 (uuid: 09906eb9-3bd7-461e-9aff-854e2d4b7835): like our dock
[20:05:06] TheRealColmagi (uuid: c98c1615-0764-41e1-848d-73152bfabe94): heres 61
[20:05:08] TheRealColmagi (uuid: c98c1615-0764-41e1-848d-73152bfabe94): wood
[20:05:11] BowMaster_7 (uuid: 09906eb9-3bd7-461e-9aff-854e2d4b7835): thx
[20:05:26] TheRealColmagi (uuid: c98c1615-0764-41e1-848d-73152bfabe94): thank fuck it stopped raining
[20:05:28] TheRealColmagi (uuid: c98c1615-0764-41e1-848d-73152bfabe94): brb piss break
[20:06:38] TheRealColmagi (uuid: c98c1615-0764-41e1-848d-73152bfabe94): back
[20:06:50] BowMaster_7 (uuid: 09906eb9-3bd7-461e-9aff-854e2d4b7835): sexy
[20:07:27] Hubert6194 (uuid: 1ae76006-6711-4e06-9e89-a7e9a547fbfd): arthur
[20:07:34] BowMaster_7 (uuid: 09906eb9-3bd7-461e-9aff-854e2d4b7835): yea
[20:07:42] Hubert6194 (uuid: 1ae76006-6711-4e06-9e89-a7e9a547fbfd): theres wood there
[20:07:43] TheRealColmagi (uuid: c98c1615-0764-41e1-848d-73152bfabe94): mmmm
[20:07:47] TheRealColmagi (uuid: c98c1615-0764-41e1-848d-73152bfabe94): ench table
[20:07:50] TheRealColmagi (uuid: c98c1615-0764-41e1-848d-73152bfabe94): saxy
[20:08:10] BowMaster_7 (uuid: 09906eb9-3bd7-461e-9aff-854e2d4b7835): thx
[20:08:49] Hubert6194 (uuid: 1ae76006-6711-4e06-9e89-a7e9a547fbfd): ay these lily pads sexy
[20:08:54] BowMaster_7 (uuid: 09906eb9-3bd7-461e-9aff-854e2d4b7835): ugh
[20:08:58] Hubert6194 (uuid: 1ae76006-6711-4e06-9e89-a7e9a547fbfd): wait how did i just get a lily pad
[20:09:03] TheRealColmagi (uuid: c98c1615-0764-41e1-848d-73152bfabe94): i broke one lol
[20:09:03] BowMaster_7 (uuid: 09906eb9-3bd7-461e-9aff-854e2d4b7835): we need more glass
[20:09:26] Hubert6194 (uuid: 1ae76006-6711-4e06-9e89-a7e9a547fbfd): yo james make that nether portal
[20:09:33] TheRealColmagi (uuid: c98c1615-0764-41e1-848d-73152bfabe94): wher
[20:09:36] Hubert6194 (uuid: 1ae76006-6711-4e06-9e89-a7e9a547fbfd): anywhere
[20:09:47] TheRealColmagi (uuid: c98c1615-0764-41e1-848d-73152bfabe94): we should finish the house first lol
[20:09:59] Hubert6194 (uuid: 1ae76006-6711-4e06-9e89-a7e9a547fbfd): we need stuff in the nether to finish the house
[20:10:32] TheRealColmagi (uuid: c98c1615-0764-41e1-848d-73152bfabe94): cant u guys do it urself
[20:10:38] Hubert6194 (uuid: 1ae76006-6711-4e06-9e89-a7e9a547fbfd): i dont got obisidian
[20:10:43] Hubert6194 (uuid: 1ae76006-6711-4e06-9e89-a7e9a547fbfd): oh wait
[20:10:44] TheRealColmagi (uuid: c98c1615-0764-41e1-848d-73152bfabe94): its in the chest
[20:10:47] Hubert6194 (uuid: 1ae76006-6711-4e06-9e89-a7e9a547fbfd): whered u get glowstone
[20:10:52] TheRealColmagi (uuid: c98c1615-0764-41e1-848d-73152bfabe94): witch
[20:10:55] Hubert6194 (uuid: 1ae76006-6711-4e06-9e89-a7e9a547fbfd): oo
[20:11:02] BowMaster_7 (uuid: 09906eb9-3bd7-461e-9aff-854e2d4b7835): wait
[20:11:06] BowMaster_7 (uuid: 09906eb9-3bd7-461e-9aff-854e2d4b7835): how do we tp home
[20:11:16] TheRealColmagi (uuid: c98c1615-0764-41e1-848d-73152bfabe94): ./home
[20:11:38] TheRealColmagi (uuid: c98c1615-0764-41e1-848d-73152bfabe94): hubert i think u have ur home set somewhere else
[20:11:45] Hubert6194 (uuid: 1ae76006-6711-4e06-9e89-a7e9a547fbfd): o shoot
[20:11:51] TheRealColmagi (uuid: c98c1615-0764-41e1-848d-73152bfabe94): do /delhome to delet
[20:12:39] BowMaster_7 (uuid: 09906eb9-3bd7-461e-9aff-854e2d4b7835): ok
[20:12:41] BowMaster_7 (uuid: 09906eb9-3bd7-461e-9aff-854e2d4b7835): brb
[20:12:43] BowMaster_7 (uuid: 09906eb9-3bd7-461e-9aff-854e2d4b7835): gotta eat
[20:12:44] TheRealColmagi (uuid: c98c1615-0764-41e1-848d-73152bfabe94): be sure to reset ur home
[20:12:50] TheRealColmagi (uuid: c98c1615-0764-41e1-848d-73152bfabe94): hubert
[20:12:50] Hubert6194 (uuid: 1ae76006-6711-4e06-9e89-a7e9a547fbfd): how do u do taht again
[20:12:54] TheRealColmagi (uuid: c98c1615-0764-41e1-848d-73152bfabe94): ./sethome
[20:13:01] Hubert6194 (uuid: 1ae76006-6711-4e06-9e89-a7e9a547fbfd): k got it
[20:13:26] BowMaster_7 (uuid: 09906eb9-3bd7-461e-9aff-854e2d4b7835): ill be back
[20:13:28] BowMaster_7 (uuid: 09906eb9-3bd7-461e-9aff-854e2d4b7835): gotta eat
[20:13:28] Hubert6194 (uuid: 1ae76006-6711-4e06-9e89-a7e9a547fbfd): kk
[20:13:29] TheRealColmagi (uuid: c98c1615-0764-41e1-848d-73152bfabe94): k
[20:13:51] TheRealColmagi (uuid: c98c1615-0764-41e1-848d-73152bfabe94): aaah i fucked this up ima creative real quick
[20:13:56] Hubert6194 (uuid: 1ae76006-6711-4e06-9e89-a7e9a547fbfd): wow haxer
[20:14:26] TheRealColmagi (uuid: c98c1615-0764-41e1-848d-73152bfabe94): LOL UR BRIDGE IS UNEVEN
[20:14:52] Hubert6194 (uuid: 1ae76006-6711-4e06-9e89-a7e9a547fbfd): wait where be the obsidian
[20:14:59] TheRealColmagi (uuid: c98c1615-0764-41e1-848d-73152bfabe94): there
[20:15:02] TheRealColmagi (uuid: c98c1615-0764-41e1-848d-73152bfabe94): come back
[20:15:09] Hubert6194 (uuid: 1ae76006-6711-4e06-9e89-a7e9a547fbfd): thx
[20:15:44] TheRealColmagi (uuid: c98c1615-0764-41e1-848d-73152bfabe94): there
[20:16:18] TheRealColmagi (uuid: c98c1615-0764-41e1-848d-73152bfabe94): u want a diamond pick
[20:16:35] TheRealColmagi (uuid: c98c1615-0764-41e1-848d-73152bfabe94): cuz i have 3 extra diamonds
[20:16:44] Hubert6194 (uuid: 1ae76006-6711-4e06-9e89-a7e9a547fbfd): nah i dont need one
[20:16:48] Hubert6194 (uuid: 1ae76006-6711-4e06-9e89-a7e9a547fbfd): save em
[20:18:20] TheRealColmagi (uuid: c98c1615-0764-41e1-848d-73152bfabe94): are we not gonna have wood floors lmfao
[20:18:24] Hubert6194 (uuid: 1ae76006-6711-4e06-9e89-a7e9a547fbfd): y not
[20:18:30] Hubert6194 (uuid: 1ae76006-6711-4e06-9e89-a7e9a547fbfd): i want em
[20:18:36] TheRealColmagi (uuid: c98c1615-0764-41e1-848d-73152bfabe94): dank
[20:18:48] Hubert6194 (uuid: 1ae76006-6711-4e06-9e89-a7e9a547fbfd): k
[20:18:49] Hubert6194 (uuid: 1ae76006-6711-4e06-9e89-a7e9a547fbfd): k
[20:18:50] Hubert6194 (uuid: 1ae76006-6711-4e06-9e89-a7e9a547fbfd): k
[20:18:51] Hubert6194 (uuid: 1ae76006-6711-4e06-9e89-a7e9a547fbfd): k
[20:18:51] Hubert6194 (uuid: 1ae76006-6711-4e06-9e89-a7e9a547fbfd): k
[20:19:01] TheRealColmagi (uuid: c98c1615-0764-41e1-848d-73152bfabe94): wtf
[20:19:09] TheRealColmagi (uuid: c98c1615-0764-41e1-848d-73152bfabe94): wat
[20:19:13] Hubert6194 (uuid: 1ae76006-6711-4e06-9e89-a7e9a547fbfd): idk i dced
[20:19:28] TheRealColmagi (uuid: c98c1615-0764-41e1-848d-73152bfabe94): LOL U GOT KICKED FOR SPAMMING "K"
[20:19:31] Hubert6194 (uuid: 1ae76006-6711-4e06-9e89-a7e9a547fbfd): yeah
[20:19:41] TheRealColmagi (uuid: c98c1615-0764-41e1-848d-73152bfabe94): dun spam
[20:19:50] TheRealColmagi (uuid: c98c1615-0764-41e1-848d-73152bfabe94): my antigrief plugin dont like that
[20:19:55] Hubert6194 (uuid: 1ae76006-6711-4e06-9e89-a7e9a547fbfd): wait my chunks are still rendering
[20:19:59] TheRealColmagi (uuid: c98c1615-0764-41e1-848d-73152bfabe94): rip
[20:19:59] Hubert6194 (uuid: 1ae76006-6711-4e06-9e89-a7e9a547fbfd): and i can see all the lava
[20:20:03] TheRealColmagi (uuid: c98c1615-0764-41e1-848d-73152bfabe94): NOCLIP HAXOR
[20:20:05] TheRealColmagi (uuid: c98c1615-0764-41e1-848d-73152bfabe94): INSTANT BAN
[20:20:08] Hubert6194 (uuid: 1ae76006-6711-4e06-9e89-a7e9a547fbfd): mhm
[20:20:22] TheRealColmagi (uuid: c98c1615-0764-41e1-848d-73152bfabe94): hold on ima check out something
[20:20:37] TheRealColmagi (uuid: c98c1615-0764-41e1-848d-73152bfabe94): oh its just a beacon
[20:21:08] TheRealColmagi (uuid: c98c1615-0764-41e1-848d-73152bfabe94): y tho
[20:21:15] Hubert6194 (uuid: 1ae76006-6711-4e06-9e89-a7e9a547fbfd): cuz i want my chunks to load
[20:21:19] TheRealColmagi (uuid: c98c1615-0764-41e1-848d-73152bfabe94): oh
[20:21:21] Hubert6194 (uuid: 1ae76006-6711-4e06-9e89-a7e9a547fbfd): it aint loadin for some reason
[20:21:31] TheRealColmagi (uuid: c98c1615-0764-41e1-848d-73152bfabe94): theres a command to reload chunks hold on
[20:21:31] Hubert6194 (uuid: 1ae76006-6711-4e06-9e89-a7e9a547fbfd): unless i break a block
[20:21:50] TheRealColmagi (uuid: c98c1615-0764-41e1-848d-73152bfabe94): its F3 + A
[20:21:59] Hubert6194 (uuid: 1ae76006-6711-4e06-9e89-a7e9a547fbfd): oh thanks
[20:22:03] TheRealColmagi (uuid: c98c1615-0764-41e1-848d-73152bfabe94): np
[20:22:06] Hubert6194 (uuid: 1ae76006-6711-4e06-9e89-a7e9a547fbfd): gotem
[20:22:20] TheRealColmagi (uuid: c98c1615-0764-41e1-848d-73152bfabe94): damn how long does it take for a white boi to eat dinner
[20:22:54] TheRealColmagi (uuid: c98c1615-0764-41e1-848d-73152bfabe94): gotta find some spiders
[20:22:57] Hubert6194 (uuid: 1ae76006-6711-4e06-9e89-a7e9a547fbfd): bruh mexicans cherish their food
[20:23:01] Hubert6194 (uuid: 1ae76006-6711-4e06-9e89-a7e9a547fbfd): cuz they dont get lots of it
[20:24:55] TheRealColmagi (uuid: c98c1615-0764-41e1-848d-73152bfabe94): where my spiders at wtf
[20:25:00] TheRealColmagi (uuid: c98c1615-0764-41e1-848d-73152bfabe94): gay
[20:25:17] TheRealColmagi (uuid: c98c1615-0764-41e1-848d-73152bfabe94): holy shit u used up almost all of my coal
[20:27:05] TheRealColmagi (uuid: c98c1615-0764-41e1-848d-73152bfabe94): i need a sheidl
[20:27:11] Hubert6194 (uuid: 1ae76006-6711-4e06-9e89-a7e9a547fbfd): meat shield
[20:27:42] TheRealColmagi (uuid: c98c1615-0764-41e1-848d-73152bfabe94): gotteeem bow
[20:28:13] TheRealColmagi (uuid: c98c1615-0764-41e1-848d-73152bfabe94): u nibbas gon need a bow to kill ghasts
[20:29:03] TheRealColmagi (uuid: c98c1615-0764-41e1-848d-73152bfabe94): hubert the poor mexican farmer
[20:29:07] TheRealColmagi (uuid: c98c1615-0764-41e1-848d-73152bfabe94): plants his crops
[20:29:08] Hubert6194 (uuid: 1ae76006-6711-4e06-9e89-a7e9a547fbfd): mmmhm
[20:29:27] TheRealColmagi (uuid: c98c1615-0764-41e1-848d-73152bfabe94): we have a fuck ton of seeds in the chest
[20:29:35] BowMaster_7 (uuid: 09906eb9-3bd7-461e-9aff-854e2d4b7835): im back
[20:29:40] TheRealColmagi (uuid: c98c1615-0764-41e1-848d-73152bfabe94): welcome back
[20:29:40] BowMaster_7 (uuid: 09906eb9-3bd7-461e-9aff-854e2d4b7835): sry it took so long
[20:29:44] TheRealColmagi (uuid: c98c1615-0764-41e1-848d-73152bfabe94): hi back im dad
[20:29:47] Hubert6194 (uuid: 1ae76006-6711-4e06-9e89-a7e9a547fbfd): LOL
[20:29:48] Hubert6194 (uuid: 1ae76006-6711-4e06-9e89-a7e9a547fbfd): mhm
[20:30:00] BowMaster_7 (uuid: 09906eb9-3bd7-461e-9aff-854e2d4b7835): had some sexy girls come over
[20:30:03] BowMaster_7 (uuid: 09906eb9-3bd7-461e-9aff-854e2d4b7835): ya know
[20:30:05] TheRealColmagi (uuid: c98c1615-0764-41e1-848d-73152bfabe94): haha vey funny
[20:30:05] BowMaster_7 (uuid: 09906eb9-3bd7-461e-9aff-854e2d4b7835): the works
[20:30:08] Hubert6194 (uuid: 1ae76006-6711-4e06-9e89-a7e9a547fbfd): bruh
[20:30:12] Hubert6194 (uuid: 1ae76006-6711-4e06-9e89-a7e9a547fbfd): u need them to come over?
[20:30:18] Hubert6194 (uuid: 1ae76006-6711-4e06-9e89-a7e9a547fbfd): i have strippers in my basement ready to go
[20:30:21] BowMaster_7 (uuid: 09906eb9-3bd7-461e-9aff-854e2d4b7835): didnt ask
[20:30:26] TheRealColmagi (uuid: c98c1615-0764-41e1-848d-73152bfabe94): i murder hookers in my basement
[20:30:31] Hubert6194 (uuid: 1ae76006-6711-4e06-9e89-a7e9a547fbfd): ooh ye
[20:30:38] TheRealColmagi (uuid: c98c1615-0764-41e1-848d-73152bfabe94): mmmm sugarcane xd
[20:30:43] TheRealColmagi (uuid: c98c1615-0764-41e1-848d-73152bfabe94): make an animal farm hubert
[20:30:50] TheRealColmagi (uuid: c98c1615-0764-41e1-848d-73152bfabe94): auschwitz cow edition
[20:31:01] TheRealColmagi (uuid: c98c1615-0764-41e1-848d-73152bfabe94): make a pen for em
[20:31:04] BowMaster_7 (uuid: 09906eb9-3bd7-461e-9aff-854e2d4b7835): lmao
[20:31:19] TheRealColmagi (uuid: c98c1615-0764-41e1-848d-73152bfabe94): u sure u dont want iron armor m8
[20:31:22] TheRealColmagi (uuid: c98c1615-0764-41e1-848d-73152bfabe94): were goin to nether
[20:31:32] BowMaster_7 (uuid: 09906eb9-3bd7-461e-9aff-854e2d4b7835): ima stay in the house
[20:31:37] BowMaster_7 (uuid: 09906eb9-3bd7-461e-9aff-854e2d4b7835): fix it uyp
[20:31:38] TheRealColmagi (uuid: c98c1615-0764-41e1-848d-73152bfabe94): bOi
[20:31:38] Hubert6194 (uuid: 1ae76006-6711-4e06-9e89-a7e9a547fbfd): arthur is house wife
[20:31:40] TheRealColmagi (uuid: c98c1615-0764-41e1-848d-73152bfabe94): hah
[20:31:44] BowMaster_7 (uuid: 09906eb9-3bd7-461e-9aff-854e2d4b7835): wait
[20:31:51] BowMaster_7 (uuid: 09906eb9-3bd7-461e-9aff-854e2d4b7835): how do i get this blcok
[20:31:54] BowMaster_7 (uuid: 09906eb9-3bd7-461e-9aff-854e2d4b7835): of my left hand
[20:31:55] TheRealColmagi (uuid: c98c1615-0764-41e1-848d-73152bfabe94): my friends have already beaten ender dragon tho
[20:32:00] TheRealColmagi (uuid: c98c1615-0764-41e1-848d-73152bfabe94): thats the shield slot
[20:32:03] TheRealColmagi (uuid: c98c1615-0764-41e1-848d-73152bfabe94): take it off
[20:32:05] BowMaster_7 (uuid: 09906eb9-3bd7-461e-9aff-854e2d4b7835): ncm
[20:32:09] Hubert6194 (uuid: 1ae76006-6711-4e06-9e89-a7e9a547fbfd): wait wot
[20:32:11] BowMaster_7 (uuid: 09906eb9-3bd7-461e-9aff-854e2d4b7835): wait
[20:32:13] BowMaster_7 (uuid: 09906eb9-3bd7-461e-9aff-854e2d4b7835): b4 u go
[20:32:16] Hubert6194 (uuid: 1ae76006-6711-4e06-9e89-a7e9a547fbfd): ur block just switched hands
[20:32:19] BowMaster_7 (uuid: 09906eb9-3bd7-461e-9aff-854e2d4b7835): gimme some more ocla
[20:32:19] TheRealColmagi (uuid: c98c1615-0764-41e1-848d-73152bfabe94): yeah
[20:32:21] BowMaster_7 (uuid: 09906eb9-3bd7-461e-9aff-854e2d4b7835): coal
[20:32:25] TheRealColmagi (uuid: c98c1615-0764-41e1-848d-73152bfabe94): we havent left yet nibba
[20:32:28] BowMaster_7 (uuid: 09906eb9-3bd7-461e-9aff-854e2d4b7835): ik
[20:32:30] TheRealColmagi (uuid: c98c1615-0764-41e1-848d-73152bfabe94): havent even built portal
[20:32:39] BowMaster_7 (uuid: 09906eb9-3bd7-461e-9aff-854e2d4b7835): still
[20:32:41] BowMaster_7 (uuid: 09906eb9-3bd7-461e-9aff-854e2d4b7835): need more coal
[20:33:19] TheRealColmagi (uuid: c98c1615-0764-41e1-848d-73152bfabe94): mmmm mmmm 88 questions of SAT grammar
[20:33:32] Hubert6194 (uuid: 1ae76006-6711-4e06-9e89-a7e9a547fbfd): ur too asian bro
[20:33:35] TheRealColmagi (uuid: c98c1615-0764-41e1-848d-73152bfabe94): crie
[20:34:02] TheRealColmagi (uuid: c98c1615-0764-41e1-848d-73152bfabe94): wobolodong
[20:35:02] TheRealColmagi (uuid: c98c1615-0764-41e1-848d-73152bfabe94): afk rip
[20:35:10] Hubert6194 (uuid: 1ae76006-6711-4e06-9e89-a7e9a547fbfd): wot m8
[20:36:45] BowMaster_7 (uuid: 09906eb9-3bd7-461e-9aff-854e2d4b7835): whatre ya doin
[20:36:50] Hubert6194 (uuid: 1ae76006-6711-4e06-9e89-a7e9a547fbfd): trying to get flint
[20:36:52] Hubert6194 (uuid: 1ae76006-6711-4e06-9e89-a7e9a547fbfd): for nether
[20:38:32] Hubert6194 (uuid: 1ae76006-6711-4e06-9e89-a7e9a547fbfd): GOTTEEM
[20:38:33] Hubert6194 (uuid: 1ae76006-6711-4e06-9e89-a7e9a547fbfd): got one
[20:39:06] BowMaster_7 (uuid: 09906eb9-3bd7-461e-9aff-854e2d4b7835): we're gonna have to fill this bakc uyp
[20:39:21] Hubert6194 (uuid: 1ae76006-6711-4e06-9e89-a7e9a547fbfd): yeah i got gravel
[20:39:25] BowMaster_7 (uuid: 09906eb9-3bd7-461e-9aff-854e2d4b7835): ok
[20:39:32] BowMaster_7 (uuid: 09906eb9-3bd7-461e-9aff-854e2d4b7835): put sant ontop
[20:39:35] BowMaster_7 (uuid: 09906eb9-3bd7-461e-9aff-854e2d4b7835): sand*
[20:39:38] Hubert6194 (uuid: 1ae76006-6711-4e06-9e89-a7e9a547fbfd): kk
[20:39:45] Hubert6194 (uuid: 1ae76006-6711-4e06-9e89-a7e9a547fbfd): ima make the protal in the house
[20:39:49] Hubert6194 (uuid: 1ae76006-6711-4e06-9e89-a7e9a547fbfd): is that fine?
[20:40:20] BowMaster_7 (uuid: 09906eb9-3bd7-461e-9aff-854e2d4b7835): we need more coal
[20:40:39] Hubert6194 (uuid: 1ae76006-6711-4e06-9e89-a7e9a547fbfd): FUUUUUUUUUUUUUUUUUUUUUUUUUUUUUUUUU
[20:40:43] Hubert6194 (uuid: 1ae76006-6711-4e06-9e89-a7e9a547fbfd): i miseeeed uppppp
[20:40:47] BowMaster_7 (uuid: 09906eb9-3bd7-461e-9aff-854e2d4b7835): what
[20:40:53] BowMaster_7 (uuid: 09906eb9-3bd7-461e-9aff-854e2d4b7835): omg
[20:40:55] BowMaster_7 (uuid: 09906eb9-3bd7-461e-9aff-854e2d4b7835): u idiot
[20:42:03] BowMaster_7 (uuid: 09906eb9-3bd7-461e-9aff-854e2d4b7835): wtf are you doing
[20:42:17] Hubert6194 (uuid: 1ae76006-6711-4e06-9e89-a7e9a547fbfd): WAIT
[20:42:20] Hubert6194 (uuid: 1ae76006-6711-4e06-9e89-a7e9a547fbfd): dont worry
[20:42:34] BowMaster_7 (uuid: 09906eb9-3bd7-461e-9aff-854e2d4b7835): NOT IN THE HOUSE
[20:42:42] Hubert6194 (uuid: 1ae76006-6711-4e06-9e89-a7e9a547fbfd): yah waitin for james
[20:42:48] BowMaster_7 (uuid: 09906eb9-3bd7-461e-9aff-854e2d4b7835): cuz then we get weird whisperes
[20:42:55] Hubert6194 (uuid: 1ae76006-6711-4e06-9e89-a7e9a547fbfd): k i need a diamond pick
[20:42:59] BowMaster_7 (uuid: 09906eb9-3bd7-461e-9aff-854e2d4b7835): ik
[20:43:18] BowMaster_7 (uuid: 09906eb9-3bd7-461e-9aff-854e2d4b7835): i forgot
[20:43:21] BowMaster_7 (uuid: 09906eb9-3bd7-461e-9aff-854e2d4b7835): can anything
[20:43:24] BowMaster_7 (uuid: 09906eb9-3bd7-461e-9aff-854e2d4b7835): not break glass
[20:43:33] Hubert6194 (uuid: 1ae76006-6711-4e06-9e89-a7e9a547fbfd): what do u mean
[20:43:36] BowMaster_7 (uuid: 09906eb9-3bd7-461e-9aff-854e2d4b7835): like
[20:43:39] BowMaster_7 (uuid: 09906eb9-3bd7-461e-9aff-854e2d4b7835): when u mine it
[20:43:43] BowMaster_7 (uuid: 09906eb9-3bd7-461e-9aff-854e2d4b7835): will it not break
[20:43:44] Hubert6194 (uuid: 1ae76006-6711-4e06-9e89-a7e9a547fbfd): no u wont get it back
[20:43:47] BowMaster_7 (uuid: 09906eb9-3bd7-461e-9aff-854e2d4b7835): ik that
[20:43:58] BowMaster_7 (uuid: 09906eb9-3bd7-461e-9aff-854e2d4b7835): but i thought there was something
[20:44:04] BowMaster_7 (uuid: 09906eb9-3bd7-461e-9aff-854e2d4b7835): to let you mine it
[20:44:10] Hubert6194 (uuid: 1ae76006-6711-4e06-9e89-a7e9a547fbfd): im not sure
[20:48:14] BowMaster_7 (uuid: 09906eb9-3bd7-461e-9aff-854e2d4b7835): hubert
[20:48:19] BowMaster_7 (uuid: 09906eb9-3bd7-461e-9aff-854e2d4b7835): we have 3 diamonds
[20:48:22] BowMaster_7 (uuid: 09906eb9-3bd7-461e-9aff-854e2d4b7835): we could make a pic
[20:48:27] Hubert6194 (uuid: 1ae76006-6711-4e06-9e89-a7e9a547fbfd): yeah
[20:48:31] Hubert6194 (uuid: 1ae76006-6711-4e06-9e89-a7e9a547fbfd): wanna?
[20:48:37] BowMaster_7 (uuid: 09906eb9-3bd7-461e-9aff-854e2d4b7835): hmmm
[20:48:45] BowMaster_7 (uuid: 09906eb9-3bd7-461e-9aff-854e2d4b7835): we kinda half to anyways
[20:48:50] BowMaster_7 (uuid: 09906eb9-3bd7-461e-9aff-854e2d4b7835): so why not
[20:48:53] Hubert6194 (uuid: 1ae76006-6711-4e06-9e89-a7e9a547fbfd): ok
[20:49:15] Hubert6194 (uuid: 1ae76006-6711-4e06-9e89-a7e9a547fbfd): i put it in the second chest
[20:49:23] BowMaster_7 (uuid: 09906eb9-3bd7-461e-9aff-854e2d4b7835): ok
[20:54:20] BowMaster_7 (uuid: 09906eb9-3bd7-461e-9aff-854e2d4b7835): put the obsidion in the chest
[20:56:52] Hubert6194 (uuid: 1ae76006-6711-4e06-9e89-a7e9a547fbfd): wot
[20:56:55] BowMaster_7 (uuid: 09906eb9-3bd7-461e-9aff-854e2d4b7835): idk
[20:56:55] Hubert6194 (uuid: 1ae76006-6711-4e06-9e89-a7e9a547fbfd): i didnt get anythin
[20:57:00] BowMaster_7 (uuid: 09906eb9-3bd7-461e-9aff-854e2d4b7835): ik
[20:57:03] BowMaster_7 (uuid: 09906eb9-3bd7-461e-9aff-854e2d4b7835): XD
[20:57:05] Hubert6194 (uuid: 1ae76006-6711-4e06-9e89-a7e9a547fbfd): D:
[20:57:44] BowMaster_7 (uuid: 09906eb9-3bd7-461e-9aff-854e2d4b7835): can u go get some coal
[20:57:51] Hubert6194 (uuid: 1ae76006-6711-4e06-9e89-a7e9a547fbfd): yea
[20:57:53] BowMaster_7 (uuid: 09906eb9-3bd7-461e-9aff-854e2d4b7835): thx
[20:57:56] BowMaster_7 (uuid: 09906eb9-3bd7-461e-9aff-854e2d4b7835): OOOHHH
[20:58:00] BowMaster_7 (uuid: 09906eb9-3bd7-461e-9aff-854e2d4b7835): you could build a mine
[20:58:02] Hubert6194 (uuid: 1ae76006-6711-4e06-9e89-a7e9a547fbfd): wait ima start a mine shaft
[20:58:06] Hubert6194 (uuid: 1ae76006-6711-4e06-9e89-a7e9a547fbfd): yeah thats what i was thinknin
[20:58:09] Hubert6194 (uuid: 1ae76006-6711-4e06-9e89-a7e9a547fbfd): ;)
[20:58:12] BowMaster_7 (uuid: 09906eb9-3bd7-461e-9aff-854e2d4b7835): Sexy
[20:58:17] Hubert6194 (uuid: 1ae76006-6711-4e06-9e89-a7e9a547fbfd): oh yes dady
[20:58:21] BowMaster_7 (uuid: 09906eb9-3bd7-461e-9aff-854e2d4b7835): XD
[21:06:10] Hubert6194 (uuid: 1ae76006-6711-4e06-9e89-a7e9a547fbfd): theres so much coal here
[21:06:25] BowMaster_7 (uuid: 09906eb9-3bd7-461e-9aff-854e2d4b7835): sexy
[21:12:28] BowMaster_7 (uuid: 09906eb9-3bd7-461e-9aff-854e2d4b7835): yo
[21:12:32] Hubert6194 (uuid: 1ae76006-6711-4e06-9e89-a7e9a547fbfd): yo
[21:12:38] BowMaster_7 (uuid: 09906eb9-3bd7-461e-9aff-854e2d4b7835): whered u start ur mine
[21:12:57] Hubert6194 (uuid: 1ae76006-6711-4e06-9e89-a7e9a547fbfd): ill show uw
[21:13:02] Hubert6194 (uuid: 1ae76006-6711-4e06-9e89-a7e9a547fbfd): go to the house
[21:13:07] BowMaster_7 (uuid: 09906eb9-3bd7-461e-9aff-854e2d4b7835): im watching u
[21:13:26] BowMaster_7 (uuid: 09906eb9-3bd7-461e-9aff-854e2d4b7835): wait
[21:13:28] BowMaster_7 (uuid: 09906eb9-3bd7-461e-9aff-854e2d4b7835): u disapeared
[21:13:48] BowMaster_7 (uuid: 09906eb9-3bd7-461e-9aff-854e2d4b7835): dayumn
[21:13:54] Hubert6194 (uuid: 1ae76006-6711-4e06-9e89-a7e9a547fbfd): quality :)
[21:14:04] BowMaster_7 (uuid: 09906eb9-3bd7-461e-9aff-854e2d4b7835): now
[21:14:09] BowMaster_7 (uuid: 09906eb9-3bd7-461e-9aff-854e2d4b7835): we just need to put staris
[21:14:12] Hubert6194 (uuid: 1ae76006-6711-4e06-9e89-a7e9a547fbfd): yeah
[21:14:14] BowMaster_7 (uuid: 09906eb9-3bd7-461e-9aff-854e2d4b7835): stairs
[21:14:19] Hubert6194 (uuid: 1ae76006-6711-4e06-9e89-a7e9a547fbfd): coobble or wooden
[21:14:22] BowMaster_7 (uuid: 09906eb9-3bd7-461e-9aff-854e2d4b7835): cobble
[21:14:24] Hubert6194 (uuid: 1ae76006-6711-4e06-9e89-a7e9a547fbfd): k
[21:14:24] BowMaster_7 (uuid: 09906eb9-3bd7-461e-9aff-854e2d4b7835): its easier
[21:21:32] BowMaster_7 (uuid: 09906eb9-3bd7-461e-9aff-854e2d4b7835): shoot
[21:21:36] BowMaster_7 (uuid: 09906eb9-3bd7-461e-9aff-854e2d4b7835): i ran out of oak
[21:21:40] Hubert6194 (uuid: 1ae76006-6711-4e06-9e89-a7e9a547fbfd): o lmao
[21:22:04] Hubert6194 (uuid: 1ae76006-6711-4e06-9e89-a7e9a547fbfd): argh
[21:22:07] Hubert6194 (uuid: 1ae76006-6711-4e06-9e89-a7e9a547fbfd): ima log out
[21:22:19] BowMaster_7 (uuid: 09906eb9-3bd7-461e-9aff-854e2d4b7835): whyyyy
[21:22:36] Hubert6194 (uuid: 1ae76006-6711-4e06-9e89-a7e9a547fbfd): DDDDDDD:
[21:22:41] Hubert6194 (uuid: 1ae76006-6711-4e06-9e89-a7e9a547fbfd): DDDDDDDDDDDD
[21:22:42] BowMaster_7 (uuid: 09906eb9-3bd7-461e-9aff-854e2d4b7835): :(
[21:22:49] Hubert6194 (uuid: 1ae76006-6711-4e06-9e89-a7e9a547fbfd): lol
[21:22:52] Hubert6194 (uuid: 1ae76006-6711-4e06-9e89-a7e9a547fbfd): ok cyaa
[21:22:57] BowMaster_7 (uuid: 09906eb9-3bd7-461e-9aff-854e2d4b7835): wait
[21:23:06] BowMaster_7 (uuid: 09906eb9-3bd7-461e-9aff-854e2d4b7835): when r u getting on tomrw
[21:23:12] Hubert6194 (uuid: 1ae76006-6711-4e06-9e89-a7e9a547fbfd): idk
[21:23:16] Hubert6194 (uuid: 1ae76006-6711-4e06-9e89-a7e9a547fbfd): im free the whole day
[21:23:19] BowMaster_7 (uuid: 09906eb9-3bd7-461e-9aff-854e2d4b7835): sexy
[21:23:20] Hubert6194 (uuid: 1ae76006-6711-4e06-9e89-a7e9a547fbfd): so whenever u guys want
[21:23:26] Hubert6194 (uuid: 1ae76006-6711-4e06-9e89-a7e9a547fbfd): ;)
[21:23:27] BowMaster_7 (uuid: 09906eb9-3bd7-461e-9aff-854e2d4b7835): ill prob just text u
[21:23:30] Hubert6194 (uuid: 1ae76006-6711-4e06-9e89-a7e9a547fbfd): ok
[21:23:32] BowMaster_7 (uuid: 09906eb9-3bd7-461e-9aff-854e2d4b7835): u have my number rihgt
[21:23:35] Hubert6194 (uuid: 1ae76006-6711-4e06-9e89-a7e9a547fbfd): where did james go anyway
[21:23:40] Hubert6194 (uuid: 1ae76006-6711-4e06-9e89-a7e9a547fbfd): ya i got ur number
[21:23:46] BowMaster_7 (uuid: 09906eb9-3bd7-461e-9aff-854e2d4b7835): his mom took his computer to do something
[21:23:48] BowMaster_7 (uuid: 09906eb9-3bd7-461e-9aff-854e2d4b7835): sexy
[21:23:49] Hubert6194 (uuid: 1ae76006-6711-4e06-9e89-a7e9a547fbfd): xD
[21:23:51] Hubert6194 (uuid: 1ae76006-6711-4e06-9e89-a7e9a547fbfd): k cya
[21:24:00] BowMaster_7 (uuid: 09906eb9-3bd7-461e-9aff-854e2d4b7835): cya
