[00:00:03] iMine03 (uuid: 0f9d4172-c235-4bd2-9897-490c4a93ddfe): we should fly in the nether
[00:01:04] TheRealColmagi (uuid: c98c1615-0764-41e1-848d-73152bfabe94): as expert u can clearinventory
[00:01:06] TheRealColmagi (uuid: c98c1615-0764-41e1-848d-73152bfabe94): u can suicide
[00:01:19] TheRealColmagi (uuid: c98c1615-0764-41e1-848d-73152bfabe94): u can do /trails to get trails
[00:01:28] iMine03 (uuid: 0f9d4172-c235-4bd2-9897-490c4a93ddfe): eafw
[00:01:34] iMine03 (uuid: 0f9d4172-c235-4bd2-9897-490c4a93ddfe): WTF
[00:01:34] TheRealColmagi (uuid: c98c1615-0764-41e1-848d-73152bfabe94): u can do /feed think
[00:02:35] TheRealColmagi (uuid: c98c1615-0764-41e1-848d-73152bfabe94): wait should it be §1Expert or §9Expert
[00:02:39] JohnProdman (uuid: 4150cd4b-a415-4298-bdc7-c9e330b466cc): 1st
[00:02:41] TheRealColmagi (uuid: c98c1615-0764-41e1-848d-73152bfabe94): kk
[00:10:54] TheRealColmagi (uuid: c98c1615-0764-41e1-848d-73152bfabe94): dont do anything hold on
[00:12:59] TheRealColmagi (uuid: c98c1615-0764-41e1-848d-73152bfabe94): ez made an elite kit
[00:13:02] TheRealColmagi (uuid: c98c1615-0764-41e1-848d-73152bfabe94): expert
[00:13:03] TheRealColmagi (uuid: c98c1615-0764-41e1-848d-73152bfabe94): fuck
[00:13:11] JohnProdman (uuid: 4150cd4b-a415-4298-bdc7-c9e330b466cc): Is it better than vet
[00:13:11] TheRealColmagi (uuid: c98c1615-0764-41e1-848d-73152bfabe94): keep haiving autism stirkes
[00:13:15] TheRealColmagi (uuid: c98c1615-0764-41e1-848d-73152bfabe94): ye no shit
[00:13:36] JohnProdman (uuid: 4150cd4b-a415-4298-bdc7-c9e330b466cc): ill make u a thing for it
[00:13:43] TheRealColmagi (uuid: c98c1615-0764-41e1-848d-73152bfabe94): mhm
[00:13:48] TheRealColmagi (uuid: c98c1615-0764-41e1-848d-73152bfabe94): its iron armor
[00:13:52] TheRealColmagi (uuid: c98c1615-0764-41e1-848d-73152bfabe94): i can just spawn one in for u
[00:13:56] TheRealColmagi (uuid: c98c1615-0764-41e1-848d-73152bfabe94): if u wanna look at it
[00:14:12] JohnProdman (uuid: 4150cd4b-a415-4298-bdc7-c9e330b466cc): non i want more homes
[00:14:12] TheRealColmagi (uuid: c98c1615-0764-41e1-848d-73152bfabe94): nigga
[00:14:18] TheRealColmagi (uuid: c98c1615-0764-41e1-848d-73152bfabe94): do /kit expert
[00:14:46] TheRealColmagi (uuid: c98c1615-0764-41e1-848d-73152bfabe94): try nopw
[00:15:47] TheRealColmagi (uuid: c98c1615-0764-41e1-848d-73152bfabe94): ye 8 of em
[00:16:20] TheRealColmagi (uuid: c98c1615-0764-41e1-848d-73152bfabe94): jeb bush for 2020
[00:16:25] TheRealColmagi (uuid: c98c1615-0764-41e1-848d-73152bfabe94): yisong i request u change ur nick
[00:16:28] TheRealColmagi (uuid: c98c1615-0764-41e1-848d-73152bfabe94): its just a bit racist
[00:17:27] JohnProdman (uuid: 4150cd4b-a415-4298-bdc7-c9e330b466cc): Wtf thats my old skin
[00:17:31] TheRealColmagi (uuid: c98c1615-0764-41e1-848d-73152bfabe94): LMAO
[00:18:04] TheRealColmagi (uuid: c98c1615-0764-41e1-848d-73152bfabe94): wait ethan
[00:18:06] TheRealColmagi (uuid: c98c1615-0764-41e1-848d-73152bfabe94): do /trails
[00:18:10] TheRealColmagi (uuid: c98c1615-0764-41e1-848d-73152bfabe94): u get some cool trails
[00:18:17] TheRealColmagi (uuid: c98c1615-0764-41e1-848d-73152bfabe94): HAHAHAHA
[00:18:47] TheRealColmagi (uuid: c98c1615-0764-41e1-848d-73152bfabe94): ethanu try it
[00:18:57] JohnProdman (uuid: 4150cd4b-a415-4298-bdc7-c9e330b466cc): ree
[00:19:00] JohnProdman (uuid: 4150cd4b-a415-4298-bdc7-c9e330b466cc): help me
[00:19:05] TheRealColmagi (uuid: c98c1615-0764-41e1-848d-73152bfabe94): do .trails nigga
[00:19:13] JohnProdman (uuid: 4150cd4b-a415-4298-bdc7-c9e330b466cc): jaems
[00:19:16] JohnProdman (uuid: 4150cd4b-a415-4298-bdc7-c9e330b466cc): giv idea
[00:19:29] TheRealColmagi (uuid: c98c1615-0764-41e1-848d-73152bfabe94): uh
[00:19:37] TheRealColmagi (uuid: c98c1615-0764-41e1-848d-73152bfabe94): build an elytra launching platform
[00:19:46] JohnProdman (uuid: 4150cd4b-a415-4298-bdc7-c9e330b466cc): non i need help with minecart
[00:20:07] TheRealColmagi (uuid: c98c1615-0764-41e1-848d-73152bfabe94): mhm
[00:20:08] JohnProdman (uuid: 4150cd4b-a415-4298-bdc7-c9e330b466cc): tp
[00:20:10] TheRealColmagi (uuid: c98c1615-0764-41e1-848d-73152bfabe94): shouldve bought it deadass
[00:20:12] TheRealColmagi (uuid: c98c1615-0764-41e1-848d-73152bfabe94): ian
[00:20:15] TheRealColmagi (uuid: c98c1615-0764-41e1-848d-73152bfabe94): u have /fix
[00:20:20] TheRealColmagi (uuid: c98c1615-0764-41e1-848d-73152bfabe94): u couldve bought it and fixed it
[00:20:24] JohnProdman (uuid: 4150cd4b-a415-4298-bdc7-c9e330b466cc): I have like 5 elytras
[00:20:27] TheRealColmagi (uuid: c98c1615-0764-41e1-848d-73152bfabe94): oh lMAO
[00:20:39] TheRealColmagi (uuid: c98c1615-0764-41e1-848d-73152bfabe94): MHM
[00:20:51] JohnProdman (uuid: 4150cd4b-a415-4298-bdc7-c9e330b466cc): tp to me james
[00:20:59] TheRealColmagi (uuid: c98c1615-0764-41e1-848d-73152bfabe94): ye
[00:21:00] JohnProdman (uuid: 4150cd4b-a415-4298-bdc7-c9e330b466cc): This thing giving me aids
[00:21:08] TheRealColmagi (uuid: c98c1615-0764-41e1-848d-73152bfabe94): i dunno jack shit about redstone
[00:21:13] JohnProdman (uuid: 4150cd4b-a415-4298-bdc7-c9e330b466cc): :c
[00:21:19] JohnProdman (uuid: 4150cd4b-a415-4298-bdc7-c9e330b466cc): This cartgoign too far
[00:21:25] TheRealColmagi (uuid: c98c1615-0764-41e1-848d-73152bfabe94): idk how to fix
[00:21:28] JohnProdman (uuid: 4150cd4b-a415-4298-bdc7-c9e330b466cc): Fuk me
[00:21:37] JohnProdman (uuid: 4150cd4b-a415-4298-bdc7-c9e330b466cc): REEE
[00:21:43] TheRealColmagi (uuid: c98c1615-0764-41e1-848d-73152bfabe94): o rip
[00:21:45] JohnProdman (uuid: 4150cd4b-a415-4298-bdc7-c9e330b466cc): It goes too far
[00:21:46] TheRealColmagi (uuid: c98c1615-0764-41e1-848d-73152bfabe94): ye i see what ur tryna do
[00:21:49] JohnProdman (uuid: 4150cd4b-a415-4298-bdc7-c9e330b466cc): it comes off the rails
[00:22:02] JohnProdman (uuid: 4150cd4b-a415-4298-bdc7-c9e330b466cc): because this comp isnt a block high
[00:22:38] TheRealColmagi (uuid: c98c1615-0764-41e1-848d-73152bfabe94): yall niggas ready to DIE
[00:22:58] JohnProdman (uuid: 4150cd4b-a415-4298-bdc7-c9e330b466cc): ima shoot up the jews
[00:24:14] JohnProdman (uuid: 4150cd4b-a415-4298-bdc7-c9e330b466cc): NUKE THE SERVER
[18:41:59] TheRealColmagi (uuid: c98c1615-0764-41e1-848d-73152bfabe94): hi im a jew
[18:42:12] TheRealColmagi (uuid: c98c1615-0764-41e1-848d-73152bfabe94): nigger u wanna pvp me
[18:42:14] TheRealColmagi (uuid: c98c1615-0764-41e1-848d-73152bfabe94): lets go cunt
[18:42:18] iMine03 (uuid: 0f9d4172-c235-4bd2-9897-490c4a93ddfe): jesos
[18:44:39] TheRealColmagi (uuid: c98c1615-0764-41e1-848d-73152bfabe94): wya jew
[18:44:56] iMine03 (uuid: 0f9d4172-c235-4bd2-9897-490c4a93ddfe): i wanna fly
[18:44:58] iMine03 (uuid: 0f9d4172-c235-4bd2-9897-490c4a93ddfe): hit or miss
[18:45:02] iMine03 (uuid: 0f9d4172-c235-4bd2-9897-490c4a93ddfe): i guess they never miss HUH
[18:47:36] iMine03 (uuid: 0f9d4172-c235-4bd2-9897-490c4a93ddfe): holy
[18:47:38] iMine03 (uuid: 0f9d4172-c235-4bd2-9897-490c4a93ddfe): james im on the moon
[18:47:57] iMine03 (uuid: 0f9d4172-c235-4bd2-9897-490c4a93ddfe): i flew up here
[18:49:40] iMine03 (uuid: 0f9d4172-c235-4bd2-9897-490c4a93ddfe): jame de jew
[18:49:49] TheRealColmagi (uuid: c98c1615-0764-41e1-848d-73152bfabe94): yes das my name nigga
[18:49:54] iMine03 (uuid: 0f9d4172-c235-4bd2-9897-490c4a93ddfe): i flew up to the moon
[18:50:05] TheRealColmagi (uuid: c98c1615-0764-41e1-848d-73152bfabe94): really now
[18:50:10] iMine03 (uuid: 0f9d4172-c235-4bd2-9897-490c4a93ddfe): then i flew down
[18:52:28] iMine03 (uuid: 0f9d4172-c235-4bd2-9897-490c4a93ddfe): we should all go end shit hunting tonight
[18:52:33] TheRealColmagi (uuid: c98c1615-0764-41e1-848d-73152bfabe94): sure
[18:52:37] iMine03 (uuid: 0f9d4172-c235-4bd2-9897-490c4a93ddfe): yisong and i gotta wake up tomorrow early for volunteering tho
[18:52:45] TheRealColmagi (uuid: c98c1615-0764-41e1-848d-73152bfabe94): o gay
[18:52:55] iMine03 (uuid: 0f9d4172-c235-4bd2-9897-490c4a93ddfe): mhm 6am thanksgiving day
[18:53:27] iMine03 (uuid: 0f9d4172-c235-4bd2-9897-490c4a93ddfe): come pick me up at 4am
[18:53:36] TheRealColmagi (uuid: c98c1615-0764-41e1-848d-73152bfabe94): mhm
[18:54:02] iMine03 (uuid: 0f9d4172-c235-4bd2-9897-490c4a93ddfe): im going up to the moon
[18:54:04] TheRealColmagi (uuid: c98c1615-0764-41e1-848d-73152bfabe94): kk
[18:55:21] iMine03 (uuid: 0f9d4172-c235-4bd2-9897-490c4a93ddfe): im here
[18:56:25] iMine03 (uuid: 0f9d4172-c235-4bd2-9897-490c4a93ddfe): gonna fly down
[18:57:15] iMine03 (uuid: 0f9d4172-c235-4bd2-9897-490c4a93ddfe): wai tthe moon is literally teh best launching pad
[18:57:21] iMine03 (uuid: 0f9d4172-c235-4bd2-9897-490c4a93ddfe): u can fly anywhere
[18:57:23] TheRealColmagi (uuid: c98c1615-0764-41e1-848d-73152bfabe94): u mean that netherrack shit in the sky
[18:57:29] iMine03 (uuid: 0f9d4172-c235-4bd2-9897-490c4a93ddfe): ye
[19:00:39] iMine03 (uuid: 0f9d4172-c235-4bd2-9897-490c4a93ddfe): hit or miss
[19:00:54] iMine03 (uuid: 0f9d4172-c235-4bd2-9897-490c4a93ddfe): wanna go to the end
[19:01:01] iMine03 (uuid: 0f9d4172-c235-4bd2-9897-490c4a93ddfe): or meet u at the moon
[19:01:05] TheRealColmagi (uuid: c98c1615-0764-41e1-848d-73152bfabe94): where everyone else
[19:01:24] TheRealColmagi (uuid: c98c1615-0764-41e1-848d-73152bfabe94): i got an idea
[19:01:27] TheRealColmagi (uuid: c98c1615-0764-41e1-848d-73152bfabe94): instead of a moon
[19:01:30] TheRealColmagi (uuid: c98c1615-0764-41e1-848d-73152bfabe94): we wait till ian gets on
[19:01:32] TheRealColmagi (uuid: c98c1615-0764-41e1-848d-73152bfabe94): give him creative
[19:01:38] TheRealColmagi (uuid: c98c1615-0764-41e1-848d-73152bfabe94): tell him to build us an elevator up
[19:01:43] TheRealColmagi (uuid: c98c1615-0764-41e1-848d-73152bfabe94): then we transform this into a launchpad
[19:01:57] TheRealColmagi (uuid: c98c1615-0764-41e1-848d-73152bfabe94): for now i gotta take a shit
[19:31:52] TheRealColmagi (uuid: c98c1615-0764-41e1-848d-73152bfabe94): these jews
[20:21:02] JohnProdman (uuid: 4150cd4b-a415-4298-bdc7-c9e330b466cc): yeetus
[20:21:04] TheRealColmagi (uuid: c98c1615-0764-41e1-848d-73152bfabe94): wup
[20:21:08] TheRealColmagi (uuid: c98c1615-0764-41e1-848d-73152bfabe94): sup
[20:21:25] TheRealColmagi (uuid: c98c1615-0764-41e1-848d-73152bfabe94): i require ur services
[20:21:34] TheRealColmagi (uuid: c98c1615-0764-41e1-848d-73152bfabe94): might take a long ass time
[20:21:43] JohnProdman (uuid: 4150cd4b-a415-4298-bdc7-c9e330b466cc): REEE
[20:21:53] JohnProdman (uuid: 4150cd4b-a415-4298-bdc7-c9e330b466cc): U know that minecart shit i built
[20:21:55] TheRealColmagi (uuid: c98c1615-0764-41e1-848d-73152bfabe94): ye
[20:21:59] JohnProdman (uuid: 4150cd4b-a415-4298-bdc7-c9e330b466cc): I could have used droppers
[20:22:01] JohnProdman (uuid: 4150cd4b-a415-4298-bdc7-c9e330b466cc): ima kms
[20:22:02] TheRealColmagi (uuid: c98c1615-0764-41e1-848d-73152bfabe94): LOL
[20:22:03] JohnProdman (uuid: 4150cd4b-a415-4298-bdc7-c9e330b466cc): what u need
[20:22:15] TheRealColmagi (uuid: c98c1615-0764-41e1-848d-73152bfabe94): r u good at elevators
[20:22:21] JohnProdman (uuid: 4150cd4b-a415-4298-bdc7-c9e330b466cc): Wym
[20:22:24] JohnProdman (uuid: 4150cd4b-a415-4298-bdc7-c9e330b466cc): The one i designed?
[20:22:28] TheRealColmagi (uuid: c98c1615-0764-41e1-848d-73152bfabe94): idk
[20:22:33] TheRealColmagi (uuid: c98c1615-0764-41e1-848d-73152bfabe94): just need an elevator
[20:22:34] TheRealColmagi (uuid: c98c1615-0764-41e1-848d-73152bfabe94): huge ass one
[20:22:35] JohnProdman (uuid: 4150cd4b-a415-4298-bdc7-c9e330b466cc): tp me and il ltake a look
[20:22:40] JohnProdman (uuid: 4150cd4b-a415-4298-bdc7-c9e330b466cc): oh yea i can make one
[20:22:43] TheRealColmagi (uuid: c98c1615-0764-41e1-848d-73152bfabe94): will give creative for u to build
[20:22:46] JohnProdman (uuid: 4150cd4b-a415-4298-bdc7-c9e330b466cc): Is the one i made fine
[20:22:51] TheRealColmagi (uuid: c98c1615-0764-41e1-848d-73152bfabe94): sure
[20:22:53] JohnProdman (uuid: 4150cd4b-a415-4298-bdc7-c9e330b466cc): The slime one
[20:22:55] JohnProdman (uuid: 4150cd4b-a415-4298-bdc7-c9e330b466cc): aight
[20:22:55] TheRealColmagi (uuid: c98c1615-0764-41e1-848d-73152bfabe94): its gonna be really tall
[20:23:13] JohnProdman (uuid: 4150cd4b-a415-4298-bdc7-c9e330b466cc): Im not gonna use realisitic
[20:23:15] TheRealColmagi (uuid: c98c1615-0764-41e1-848d-73152bfabe94): so this is basically the elytra launch platform
[20:23:16] JohnProdman (uuid: 4150cd4b-a415-4298-bdc7-c9e330b466cc): because it will be too slow
[20:23:25] TheRealColmagi (uuid: c98c1615-0764-41e1-848d-73152bfabe94): so i need an elevator all the way up here
[20:23:26] JohnProdman (uuid: 4150cd4b-a415-4298-bdc7-c9e330b466cc): where do u want entrance
[20:23:29] TheRealColmagi (uuid: c98c1615-0764-41e1-848d-73152bfabe94): hmm
[20:23:35] TheRealColmagi (uuid: c98c1615-0764-41e1-848d-73152bfabe94): here
[20:23:37] TheRealColmagi (uuid: c98c1615-0764-41e1-848d-73152bfabe94): middle
[20:25:02] TheRealColmagi (uuid: c98c1615-0764-41e1-848d-73152bfabe94): u afk
[20:25:05] TheRealColmagi (uuid: c98c1615-0764-41e1-848d-73152bfabe94): por que
[20:25:07] JohnProdman (uuid: 4150cd4b-a415-4298-bdc7-c9e330b466cc): Yes
[20:25:10] JohnProdman (uuid: 4150cd4b-a415-4298-bdc7-c9e330b466cc): my dad here
[20:25:10] TheRealColmagi (uuid: c98c1615-0764-41e1-848d-73152bfabe94): ah
[20:25:11] JohnProdman (uuid: 4150cd4b-a415-4298-bdc7-c9e330b466cc): ill brb
[20:27:22] JohnProdman (uuid: 4150cd4b-a415-4298-bdc7-c9e330b466cc): can i save inv
[20:27:27] TheRealColmagi (uuid: c98c1615-0764-41e1-848d-73152bfabe94): wat
[20:27:47] JohnProdman (uuid: 4150cd4b-a415-4298-bdc7-c9e330b466cc): Bc i need inv space
[20:27:51] TheRealColmagi (uuid: c98c1615-0764-41e1-848d-73152bfabe94): sure
[20:27:56] JohnProdman (uuid: 4150cd4b-a415-4298-bdc7-c9e330b466cc): how
[20:28:06] TheRealColmagi (uuid: c98c1615-0764-41e1-848d-73152bfabe94): put it in a chest
[20:28:11] JohnProdman (uuid: 4150cd4b-a415-4298-bdc7-c9e330b466cc): oh shit u rite
[20:28:15] TheRealColmagi (uuid: c98c1615-0764-41e1-848d-73152bfabe94): AUTS
[20:28:33] JohnProdman (uuid: 4150cd4b-a415-4298-bdc7-c9e330b466cc): wait
[20:28:35] JohnProdman (uuid: 4150cd4b-a415-4298-bdc7-c9e330b466cc): ur right above me
[20:28:37] JohnProdman (uuid: 4150cd4b-a415-4298-bdc7-c9e330b466cc): what the gays
[20:29:04] JohnProdman (uuid: 4150cd4b-a415-4298-bdc7-c9e330b466cc): elevator here?
[20:29:07] TheRealColmagi (uuid: c98c1615-0764-41e1-848d-73152bfabe94): ye
[20:29:12] JohnProdman (uuid: 4150cd4b-a415-4298-bdc7-c9e330b466cc): its 1 block
[20:29:17] TheRealColmagi (uuid: c98c1615-0764-41e1-848d-73152bfabe94): oh
[20:29:18] TheRealColmagi (uuid: c98c1615-0764-41e1-848d-73152bfabe94): uh
[20:29:27] JohnProdman (uuid: 4150cd4b-a415-4298-bdc7-c9e330b466cc): i mean i can probably make 2
[20:29:29] TheRealColmagi (uuid: c98c1615-0764-41e1-848d-73152bfabe94): ye
[20:29:30] TheRealColmagi (uuid: c98c1615-0764-41e1-848d-73152bfabe94): do it
[20:29:33] JohnProdman (uuid: 4150cd4b-a415-4298-bdc7-c9e330b466cc): But i have to make a design first
[20:29:42] TheRealColmagi (uuid: c98c1615-0764-41e1-848d-73152bfabe94): gay
[20:29:53] TheRealColmagi (uuid: c98c1615-0764-41e1-848d-73152bfabe94): u want me to make this damn thing a sphere
[20:29:59] TheRealColmagi (uuid: c98c1615-0764-41e1-848d-73152bfabe94): i can prob do that
[20:30:03] TheRealColmagi (uuid: c98c1615-0764-41e1-848d-73152bfabe94): make the shit 1 block entry
[20:30:10] TheRealColmagi (uuid: c98c1615-0764-41e1-848d-73152bfabe94): i can just make it a 1 block entry
[20:30:19] TheRealColmagi (uuid: c98c1615-0764-41e1-848d-73152bfabe94): expand side by 1
[20:30:22] TheRealColmagi (uuid: c98c1615-0764-41e1-848d-73152bfabe94): make it 11x11
[20:30:38] JohnProdman (uuid: 4150cd4b-a415-4298-bdc7-c9e330b466cc): sure
[20:30:54] TheRealColmagi (uuid: c98c1615-0764-41e1-848d-73152bfabe94): means id have to remake the house too haha
[20:31:06] JohnProdman (uuid: 4150cd4b-a415-4298-bdc7-c9e330b466cc): What if u had elevator on a corner
[20:31:13] TheRealColmagi (uuid: c98c1615-0764-41e1-848d-73152bfabe94): nah i need a 1 block anyways
[20:31:19] JohnProdman (uuid: 4150cd4b-a415-4298-bdc7-c9e330b466cc): kk
[20:31:23] TheRealColmagi (uuid: c98c1615-0764-41e1-848d-73152bfabe94): 2 block centers are annoying as hell to deal with
[20:31:32] JohnProdman (uuid: 4150cd4b-a415-4298-bdc7-c9e330b466cc): fuk forgot what i was ognna say
[20:32:07] JohnProdman (uuid: 4150cd4b-a415-4298-bdc7-c9e330b466cc): oh ye preferred block for elevator?
[20:32:10] TheRealColmagi (uuid: c98c1615-0764-41e1-848d-73152bfabe94): uh
[20:32:12] TheRealColmagi (uuid: c98c1615-0764-41e1-848d-73152bfabe94): wooden ig
[20:32:17] JohnProdman (uuid: 4150cd4b-a415-4298-bdc7-c9e330b466cc): Logs or planks
[20:32:22] JohnProdman (uuid: 4150cd4b-a415-4298-bdc7-c9e330b466cc): oor both
[20:32:24] TheRealColmagi (uuid: c98c1615-0764-41e1-848d-73152bfabe94): both
[20:32:31] TheRealColmagi (uuid: c98c1615-0764-41e1-848d-73152bfabe94): wait a bit
[20:32:53] JohnProdman (uuid: 4150cd4b-a415-4298-bdc7-c9e330b466cc): And uh i need a tyoe of block that sticky pistons cant move so cloices are obsidian or furnaces
[20:32:59] TheRealColmagi (uuid: c98c1615-0764-41e1-848d-73152bfabe94): obsidian
[20:33:54] TheRealColmagi (uuid: c98c1615-0764-41e1-848d-73152bfabe94): new centere here
[20:33:56] JohnProdman (uuid: 4150cd4b-a415-4298-bdc7-c9e330b466cc): Actually
[20:34:01] JohnProdman (uuid: 4150cd4b-a415-4298-bdc7-c9e330b466cc): jukebox?
[20:34:03] TheRealColmagi (uuid: c98c1615-0764-41e1-848d-73152bfabe94): o ye
[20:34:39] JohnProdman (uuid: 4150cd4b-a415-4298-bdc7-c9e330b466cc): can u give me op
[20:35:02] JohnProdman (uuid: 4150cd4b-a415-4298-bdc7-c9e330b466cc): can u give me op ima try a rotating command
[20:38:09] JohnProdman (uuid: 4150cd4b-a415-4298-bdc7-c9e330b466cc): is it ok if the elevator plays music
[20:38:15] TheRealColmagi (uuid: c98c1615-0764-41e1-848d-73152bfabe94): uh sure
[20:38:30] JohnProdman (uuid: 4150cd4b-a415-4298-bdc7-c9e330b466cc): noteblocks share textures with jukebox but it looks better on top
[20:38:33] JohnProdman (uuid: 4150cd4b-a415-4298-bdc7-c9e330b466cc): wait nvm its all good
[20:38:43] JohnProdman (uuid: 4150cd4b-a415-4298-bdc7-c9e330b466cc): can i do 1 abusive command
[20:38:50] TheRealColmagi (uuid: c98c1615-0764-41e1-848d-73152bfabe94): what
[20:38:51] JohnProdman (uuid: 4150cd4b-a415-4298-bdc7-c9e330b466cc): not even that abusive actually
[20:38:55] JohnProdman (uuid: 4150cd4b-a415-4298-bdc7-c9e330b466cc): teleport
[20:38:58] TheRealColmagi (uuid: c98c1615-0764-41e1-848d-73152bfabe94): sure
[20:42:19] TheRealColmagi (uuid: c98c1615-0764-41e1-848d-73152bfabe94): nigag why u got a claim here
[20:42:21] TheRealColmagi (uuid: c98c1615-0764-41e1-848d-73152bfabe94): oh shit
[20:42:25] TheRealColmagi (uuid: c98c1615-0764-41e1-848d-73152bfabe94): this is ur house lAO
[20:42:26] JohnProdman (uuid: 4150cd4b-a415-4298-bdc7-c9e330b466cc): Yeaaa
[20:42:35] JohnProdman (uuid: 4150cd4b-a415-4298-bdc7-c9e330b466cc): can u worldedit
[20:42:37] JohnProdman (uuid: 4150cd4b-a415-4298-bdc7-c9e330b466cc): this clunk
[20:42:37] TheRealColmagi (uuid: c98c1615-0764-41e1-848d-73152bfabe94): ye
[20:42:38] JohnProdman (uuid: 4150cd4b-a415-4298-bdc7-c9e330b466cc): and shift it
[20:42:46] TheRealColmagi (uuid: c98c1615-0764-41e1-848d-73152bfabe94): nani
[20:42:53] TheRealColmagi (uuid: c98c1615-0764-41e1-848d-73152bfabe94): u nignog
[20:42:55] JohnProdman (uuid: 4150cd4b-a415-4298-bdc7-c9e330b466cc): wait wgat
[20:43:01] JohnProdman (uuid: 4150cd4b-a415-4298-bdc7-c9e330b466cc): are there no animals?
[20:43:06] TheRealColmagi (uuid: c98c1615-0764-41e1-848d-73152bfabe94): stop fkin around
[20:43:09] TheRealColmagi (uuid: c98c1615-0764-41e1-848d-73152bfabe94): build this shit nigga
[20:48:05] JohnProdman (uuid: 4150cd4b-a415-4298-bdc7-c9e330b466cc): this center
[20:48:15] TheRealColmagi (uuid: c98c1615-0764-41e1-848d-73152bfabe94): ye
[20:52:04] JohnProdman (uuid: 4150cd4b-a415-4298-bdc7-c9e330b466cc): waiititiititt
[20:52:10] JohnProdman (uuid: 4150cd4b-a415-4298-bdc7-c9e330b466cc): did u update to 13
[20:52:13] TheRealColmagi (uuid: c98c1615-0764-41e1-848d-73152bfabe94): no
[20:52:38] JohnProdman (uuid: 4150cd4b-a415-4298-bdc7-c9e330b466cc): oops nvm
[20:52:47] TheRealColmagi (uuid: c98c1615-0764-41e1-848d-73152bfabe94): nigga i gave u op to build
[20:52:52] TheRealColmagi (uuid: c98c1615-0764-41e1-848d-73152bfabe94): fucking do it or i take it back
[20:52:52] JohnProdman (uuid: 4150cd4b-a415-4298-bdc7-c9e330b466cc): i am
[20:52:57] TheRealColmagi (uuid: c98c1615-0764-41e1-848d-73152bfabe94): where tf even are u
[20:52:57] JohnProdman (uuid: 4150cd4b-a415-4298-bdc7-c9e330b466cc): im down here nigga
[20:53:03] JohnProdman (uuid: 4150cd4b-a415-4298-bdc7-c9e330b466cc): starting fro mthe base?
[20:53:16] TheRealColmagi (uuid: c98c1615-0764-41e1-848d-73152bfabe94): o i c
[20:53:23] TheRealColmagi (uuid: c98c1615-0764-41e1-848d-73152bfabe94): my b
[20:53:43] JohnProdman (uuid: 4150cd4b-a415-4298-bdc7-c9e330b466cc): APPOLOGY NOT TAKEN REEE
[20:53:48] JohnProdman (uuid: 4150cd4b-a415-4298-bdc7-c9e330b466cc): oh shit no caps block!
[20:54:50] JohnProdman (uuid: 4150cd4b-a415-4298-bdc7-c9e330b466cc): brb reel quik
[20:59:03] TheRealColmagi (uuid: c98c1615-0764-41e1-848d-73152bfabe94): where are these autsitic fags
[20:59:22] TheRealColmagi (uuid: c98c1615-0764-41e1-848d-73152bfabe94): probably gonna move this down a little bit
[20:59:28] TheRealColmagi (uuid: c98c1615-0764-41e1-848d-73152bfabe94): damn height limit
[21:04:52] TheRealColmagi (uuid: c98c1615-0764-41e1-848d-73152bfabe94): nIGGA
[21:18:18] TheRealColmagi (uuid: c98c1615-0764-41e1-848d-73152bfabe94): hello
[21:18:21] bryantandpat (uuid: 7961a874-c35f-4f34-a0d1-37205c235291): hello
[21:22:21] bryantandpat (uuid: 7961a874-c35f-4f34-a0d1-37205c235291): NIGGA
[21:22:27] TheRealColmagi (uuid: c98c1615-0764-41e1-848d-73152bfabe94): wat
[21:22:44] bryantandpat (uuid: 7961a874-c35f-4f34-a0d1-37205c235291): creeper waiting right next to my portal
[21:22:47] TheRealColmagi (uuid: c98c1615-0764-41e1-848d-73152bfabe94): oof
[21:22:53] bryantandpat (uuid: 7961a874-c35f-4f34-a0d1-37205c235291): scared the shit outta me
[21:24:02] bryantandpat (uuid: 7961a874-c35f-4f34-a0d1-37205c235291):  james wtf
[21:24:07] bryantandpat (uuid: 7961a874-c35f-4f34-a0d1-37205c235291):  im levitating
[21:24:31] bryantandpat (uuid: 7961a874-c35f-4f34-a0d1-37205c235291): jesoss
[21:24:33] bryantandpat (uuid: 7961a874-c35f-4f34-a0d1-37205c235291):  wtf happened
[21:24:36] TheRealColmagi (uuid: c98c1615-0764-41e1-848d-73152bfabe94): idk
[21:38:31] JohnProdman (uuid: 4150cd4b-a415-4298-bdc7-c9e330b466cc): REEE
[21:40:30] TheRealColmagi (uuid: c98c1615-0764-41e1-848d-73152bfabe94): jesos this takin forever
[21:40:37] TheRealColmagi (uuid: c98c1615-0764-41e1-848d-73152bfabe94): hows ur end ian
[21:40:44] TheRealColmagi (uuid: c98c1615-0764-41e1-848d-73152bfabe94): nigggga
[21:40:45] bryantandpat (uuid: 7961a874-c35f-4f34-a0d1-37205c235291):  what u guys doing
[21:40:51] TheRealColmagi (uuid: c98c1615-0764-41e1-848d-73152bfabe94): buildin elyta launch platform
[21:40:57] TheRealColmagi (uuid: c98c1615-0764-41e1-848d-73152bfabe94): is this nigga afk
[21:41:00] JohnProdman (uuid: 4150cd4b-a415-4298-bdc7-c9e330b466cc): yea
[21:41:03] JohnProdman (uuid: 4150cd4b-a415-4298-bdc7-c9e330b466cc): my dads right here
[21:41:05] TheRealColmagi (uuid: c98c1615-0764-41e1-848d-73152bfabe94): oof
[21:41:06] JohnProdman (uuid: 4150cd4b-a415-4298-bdc7-c9e330b466cc): risking being here
[21:41:55] TheRealColmagi (uuid: c98c1615-0764-41e1-848d-73152bfabe94): my own design
[21:42:01] TheRealColmagi (uuid: c98c1615-0764-41e1-848d-73152bfabe94): steampunk inspired
[21:42:04] TheRealColmagi (uuid: c98c1615-0764-41e1-848d-73152bfabe94): but my build
[22:08:00] TheRealColmagi (uuid: c98c1615-0764-41e1-848d-73152bfabe94): sup nigga
[22:18:34] bryantandpat (uuid: 7961a874-c35f-4f34-a0d1-37205c235291): yisong harvest the wheat
[22:18:40] bryantandpat (uuid: 7961a874-c35f-4f34-a0d1-37205c235291):  ill give u bread
[22:21:26] TheRealColmagi (uuid: c98c1615-0764-41e1-848d-73152bfabe94): ALLAH
[22:22:16] TheRealColmagi (uuid: c98c1615-0764-41e1-848d-73152bfabe94): hello jews
[22:22:35] JohnProdman (uuid: 4150cd4b-a415-4298-bdc7-c9e330b466cc): matthew
[22:22:36] TheRealColmagi (uuid: c98c1615-0764-41e1-848d-73152bfabe94): bit buildin
[22:22:37] JohnProdman (uuid: 4150cd4b-a415-4298-bdc7-c9e330b466cc): eqip it
[22:22:38] bryantandpat (uuid: 7961a874-c35f-4f34-a0d1-37205c235291): what
[22:22:40] TheRealColmagi (uuid: c98c1615-0764-41e1-848d-73152bfabe94): git buildin
[22:22:46] bryantandpat (uuid: 7961a874-c35f-4f34-a0d1-37205c235291): WTF
[22:22:47] JohnProdman (uuid: 4150cd4b-a415-4298-bdc7-c9e330b466cc): i have to afk
[22:31:09] JohnProdman (uuid: 4150cd4b-a415-4298-bdc7-c9e330b466cc): James claim this
[22:31:29] TheRealColmagi (uuid: c98c1615-0764-41e1-848d-73152bfabe94): kk
[22:47:24] JohnProdman (uuid: 4150cd4b-a415-4298-bdc7-c9e330b466cc): JANES TGUS DESIGN OK
[22:47:35] TheRealColmagi (uuid: c98c1615-0764-41e1-848d-73152bfabe94): wat
[22:47:40] JohnProdman (uuid: 4150cd4b-a415-4298-bdc7-c9e330b466cc): IS THIS DESIGN OK
[22:47:51] TheRealColmagi (uuid: c98c1615-0764-41e1-848d-73152bfabe94): ye sure nigga
[22:50:08] TheRealColmagi (uuid: c98c1615-0764-41e1-848d-73152bfabe94): brb pissing
[22:51:35] TheRealColmagi (uuid: c98c1615-0764-41e1-848d-73152bfabe94): get jewed on
