[16:27:52] Ben68880147 (uuid: 78264d8b-ee36-4ea9-98c6-647d337aee40): tp me to you
[16:28:18] Ben68880147 (uuid: 78264d8b-ee36-4ea9-98c6-647d337aee40): k
[16:28:43] Ben68880147 (uuid: 78264d8b-ee36-4ea9-98c6-647d337aee40): i want you to do things to me you wouldnt do to a farm animal
[16:30:19] Ben68880147 (uuid: 78264d8b-ee36-4ea9-98c6-647d337aee40): gg
[16:30:39] Ben68880147 (uuid: 78264d8b-ee36-4ea9-98c6-647d337aee40): gonna see if my mic will work on my phone, brb
[16:31:24] TheRealColmagi (uuid: c98c1615-0764-41e1-848d-73152bfabe94): @HI
[16:31:25] TheRealColmagi (uuid: c98c1615-0764-41e1-848d-73152bfabe94): HI
[16:33:37] TheRealColmagi (uuid: c98c1615-0764-41e1-848d-73152bfabe94): if we get mini and optivat on
[16:33:40] TheRealColmagi (uuid: c98c1615-0764-41e1-848d-73152bfabe94): thats 6 ppl
[16:34:02] TheRealColmagi (uuid: c98c1615-0764-41e1-848d-73152bfabe94): iS THIS A TANK LOL
[16:57:30] TheRealColmagi (uuid: c98c1615-0764-41e1-848d-73152bfabe94): nothing
[16:57:53] TheRealColmagi (uuid: c98c1615-0764-41e1-848d-73152bfabe94): LOL
[16:58:34] TheRealColmagi (uuid: c98c1615-0764-41e1-848d-73152bfabe94): PICK A HOUSE
[16:59:13] TheRealColmagi (uuid: c98c1615-0764-41e1-848d-73152bfabe94): cuz he lives in the village
[16:59:26] TheRealColmagi (uuid: c98c1615-0764-41e1-848d-73152bfabe94): make a decision
[16:59:30] TheRealColmagi (uuid: c98c1615-0764-41e1-848d-73152bfabe94): live here or live alone
[16:59:54] TheRealColmagi (uuid: c98c1615-0764-41e1-848d-73152bfabe94): kk
[17:00:13] TheRealColmagi (uuid: c98c1615-0764-41e1-848d-73152bfabe94): here
[17:00:15] TheRealColmagi (uuid: c98c1615-0764-41e1-848d-73152bfabe94): u can use this one
[17:00:38] TheRealColmagi (uuid: c98c1615-0764-41e1-848d-73152bfabe94): feel fre to do whatever
[17:00:43] TheRealColmagi (uuid: c98c1615-0764-41e1-848d-73152bfabe94): but no stealing
[17:00:46] Ben68880147 (uuid: 78264d8b-ee36-4ea9-98c6-647d337aee40): k thanks
