[15:06:34] TheRealColmagi (uuid: c98c1615-0764-41e1-848d-73152bfabe94): sup degenerates
[15:06:41] Paul_Resmer (uuid: 7718f2d7-90cf-49d6-a1d9-8cf4d236ba82): kys
[15:06:43] TheRealColmagi (uuid: c98c1615-0764-41e1-848d-73152bfabe94): no u
[15:06:44] Paul_Resmer (uuid: 7718f2d7-90cf-49d6-a1d9-8cf4d236ba82): fuckhead
[15:07:17] Paul_Resmer (uuid: 7718f2d7-90cf-49d6-a1d9-8cf4d236ba82): whatever anitcheat u turned on keeps getting me fucked for enderpearls
[15:07:35] TheRealColmagi (uuid: c98c1615-0764-41e1-848d-73152bfabe94): well it stops alex and ian from flyhacking
[15:07:43] Paul_Resmer (uuid: 7718f2d7-90cf-49d6-a1d9-8cf4d236ba82): idk who they are
[15:24:51] Paul_Resmer (uuid: 7718f2d7-90cf-49d6-a1d9-8cf4d236ba82): gimme blaze rods
[15:24:55] Paul_Resmer (uuid: 7718f2d7-90cf-49d6-a1d9-8cf4d236ba82): where tf is the fortres
[15:24:57] TheRealColmagi (uuid: c98c1615-0764-41e1-848d-73152bfabe94): shop has em
[15:25:00] Paul_Resmer (uuid: 7718f2d7-90cf-49d6-a1d9-8cf4d236ba82): whers fortes
[15:25:04] Paul_Resmer (uuid: 7718f2d7-90cf-49d6-a1d9-8cf4d236ba82): o
[15:25:09] TheRealColmagi (uuid: c98c1615-0764-41e1-848d-73152bfabe94): this village also has a blaze spawner
[15:25:13] TheRealColmagi (uuid: c98c1615-0764-41e1-848d-73152bfabe94): optivat's village
[15:25:25] Paul_Resmer (uuid: 7718f2d7-90cf-49d6-a1d9-8cf4d236ba82): sounds gay
[15:25:27] Paul_Resmer (uuid: 7718f2d7-90cf-49d6-a1d9-8cf4d236ba82): like u
[15:25:30] TheRealColmagi (uuid: c98c1615-0764-41e1-848d-73152bfabe94): banned
[15:25:35] Paul_Resmer (uuid: 7718f2d7-90cf-49d6-a1d9-8cf4d236ba82): do it
[15:27:18] Paul_Resmer (uuid: 7718f2d7-90cf-49d6-a1d9-8cf4d236ba82): how do u popp chorus fruit
[15:27:24] TheRealColmagi (uuid: c98c1615-0764-41e1-848d-73152bfabe94): uh idk
[15:27:26] TheRealColmagi (uuid: c98c1615-0764-41e1-848d-73152bfabe94): never done it b4
[15:27:35] Paul_Resmer (uuid: 7718f2d7-90cf-49d6-a1d9-8cf4d236ba82): nvm smelt
[15:38:47] TheRealColmagi (uuid: c98c1615-0764-41e1-848d-73152bfabe94): ajc more like autism
[15:38:59] Paul_Resmer (uuid: 7718f2d7-90cf-49d6-a1d9-8cf4d236ba82): anonymouse
[15:39:07] Paul_Resmer (uuid: 7718f2d7-90cf-49d6-a1d9-8cf4d236ba82): inherently sounds gay
[15:39:11] TheRealColmagi (uuid: c98c1615-0764-41e1-848d-73152bfabe94): indeed
[16:06:42] TheRealColmagi (uuid: c98c1615-0764-41e1-848d-73152bfabe94): lmao
[16:06:45] TheRealColmagi (uuid: c98c1615-0764-41e1-848d-73152bfabe94): he arrives
[16:06:58] Hubert6194 (uuid: 1ae76006-6711-4e06-9e89-a7e9a547fbfd): finish fap quick b4 i cum over
[16:07:01] TheRealColmagi (uuid: c98c1615-0764-41e1-848d-73152bfabe94): mHM
[16:07:29] TheRealColmagi (uuid: c98c1615-0764-41e1-848d-73152bfabe94): nice nigga
[16:08:02] TheRealColmagi (uuid: c98c1615-0764-41e1-848d-73152bfabe94): its raining nice
[16:08:13] Hubert6194 (uuid: 1ae76006-6711-4e06-9e89-a7e9a547fbfd): can i cun
[16:08:17] TheRealColmagi (uuid: c98c1615-0764-41e1-848d-73152bfabe94): idk
[16:08:47] Paul_Resmer (uuid: 7718f2d7-90cf-49d6-a1d9-8cf4d236ba82): stop
[16:10:21] TheRealColmagi (uuid: c98c1615-0764-41e1-848d-73152bfabe94): attack on jewtan
[16:11:18] TheRealColmagi (uuid: c98c1615-0764-41e1-848d-73152bfabe94): i am rod reiss
[16:11:20] TheRealColmagi (uuid: c98c1615-0764-41e1-848d-73152bfabe94): allah
[16:12:50] TheRealColmagi (uuid: c98c1615-0764-41e1-848d-73152bfabe94): hello jewbot
[16:12:52] TheRealColmagi (uuid: c98c1615-0764-41e1-848d-73152bfabe94): nvm he left
[16:12:58] TheRealColmagi (uuid: c98c1615-0764-41e1-848d-73152bfabe94): hello jew
[16:14:29] TheRealColmagi (uuid: c98c1615-0764-41e1-848d-73152bfabe94): nice
[16:14:35] Hubert6194 (uuid: 1ae76006-6711-4e06-9e89-a7e9a547fbfd): is that kill aura
[16:15:34] TheRealColmagi (uuid: c98c1615-0764-41e1-848d-73152bfabe94): LMAO NIGGA
[16:15:37] Hubert6194 (uuid: 1ae76006-6711-4e06-9e89-a7e9a547fbfd): ay ez
[16:16:47] TheRealColmagi (uuid: c98c1615-0764-41e1-848d-73152bfabe94): LOL
[16:17:10] TheRealColmagi (uuid: c98c1615-0764-41e1-848d-73152bfabe94): nigger man
[16:17:12] TheRealColmagi (uuid: c98c1615-0764-41e1-848d-73152bfabe94): nigger man
[16:17:16] TheRealColmagi (uuid: c98c1615-0764-41e1-848d-73152bfabe94): does whatever a nigger can
[16:17:26] Hubert6194 (uuid: 1ae76006-6711-4e06-9e89-a7e9a547fbfd): can i cum
[16:17:35] TheRealColmagi (uuid: c98c1615-0764-41e1-848d-73152bfabe94): my moms sleeping LMAO
[16:17:42] Hubert6194 (uuid: 1ae76006-6711-4e06-9e89-a7e9a547fbfd): same for my dad
[16:18:35] Paul_Resmer (uuid: 7718f2d7-90cf-49d6-a1d9-8cf4d236ba82): u fucking niggers
[16:18:38] Paul_Resmer (uuid: 7718f2d7-90cf-49d6-a1d9-8cf4d236ba82): u fucking niggers
[16:18:43] Paul_Resmer (uuid: 7718f2d7-90cf-49d6-a1d9-8cf4d236ba82): made me burn my food
[16:19:23] TheRealColmagi (uuid: c98c1615-0764-41e1-848d-73152bfabe94): nice killaura
[16:35:58] Paul_Resmer (uuid: 7718f2d7-90cf-49d6-a1d9-8cf4d236ba82): nice gay
[16:36:06] Paul_Resmer (uuid: 7718f2d7-90cf-49d6-a1d9-8cf4d236ba82): LOLOL
[16:57:05] Paul_Resmer (uuid: 7718f2d7-90cf-49d6-a1d9-8cf4d236ba82): what is
[16:57:32] bigboi2016 (uuid: bddd595a-c3c6-47b5-b788-70d5b62550ff): does anyone have wings
[17:05:30] Mrmapl3syrup (uuid: b3f11e18-ff16-45fe-85b7-bb69e73fb17c): e
[17:11:15] bigboi2016 (uuid: bddd595a-c3c6-47b5-b788-70d5b62550ff): 1jesus
[17:11:17] bigboi2016 (uuid: bddd595a-c3c6-47b5-b788-70d5b62550ff): wtf
[17:19:28] bigboi2016 (uuid: bddd595a-c3c6-47b5-b788-70d5b62550ff): giv that
[17:19:33] Paul_Resmer (uuid: 7718f2d7-90cf-49d6-a1d9-8cf4d236ba82): wow mr ni
[17:19:47] Paul_Resmer (uuid: 7718f2d7-90cf-49d6-a1d9-8cf4d236ba82): enjoy ur flight
[17:19:55] bigboi2016 (uuid: bddd595a-c3c6-47b5-b788-70d5b62550ff): thank you
[17:27:11] iMine03 (uuid: 0f9d4172-c235-4bd2-9897-490c4a93ddfe): ew
[17:28:38] JohnProdman (uuid: 4150cd4b-a415-4298-bdc7-c9e330b466cc): CALL?
[17:29:44] JohnProdman (uuid: 4150cd4b-a415-4298-bdc7-c9e330b466cc): james i made an entirely new design just for u
[17:44:52] TheRealColmagi (uuid: c98c1615-0764-41e1-848d-73152bfabe94): i got auteeesmo
[17:44:59] JohnProdman (uuid: 4150cd4b-a415-4298-bdc7-c9e330b466cc): mo u
[17:45:00] JohnProdman (uuid: 4150cd4b-a415-4298-bdc7-c9e330b466cc): no u
[17:45:12] TheRealColmagi (uuid: c98c1615-0764-41e1-848d-73152bfabe94): is it done lmao
[17:45:17] JohnProdman (uuid: 4150cd4b-a415-4298-bdc7-c9e330b466cc): does it look done
[17:45:20] TheRealColmagi (uuid: c98c1615-0764-41e1-848d-73152bfabe94): no
[17:45:23] JohnProdman (uuid: 4150cd4b-a415-4298-bdc7-c9e330b466cc): exactly
[17:59:13] JohnProdman (uuid: 4150cd4b-a415-4298-bdc7-c9e330b466cc): elevators that extend that high are impractical and glitchy ill fiind a new solution
[17:59:20] JohnProdman (uuid: 4150cd4b-a415-4298-bdc7-c9e330b466cc): maybe ill put my observer elevator into use
[17:59:24] JohnProdman (uuid: 4150cd4b-a415-4298-bdc7-c9e330b466cc): slow but works
[18:01:15] Hubert6194 (uuid: 1ae76006-6711-4e06-9e89-a7e9a547fbfd): oops
[18:05:00] Hubert6194 (uuid: 1ae76006-6711-4e06-9e89-a7e9a547fbfd): james trust me
[18:12:55] iMine03 (uuid: 0f9d4172-c235-4bd2-9897-490c4a93ddfe): yisong
[18:14:18] iMine03 (uuid: 0f9d4172-c235-4bd2-9897-490c4a93ddfe): this is a launching platform
[18:18:33] iMine03 (uuid: 0f9d4172-c235-4bd2-9897-490c4a93ddfe): waefawefawefawefawefaw
[18:18:46] iMine03 (uuid: 0f9d4172-c235-4bd2-9897-490c4a93ddfe): wwww
[18:19:26] iMine03 (uuid: 0f9d4172-c235-4bd2-9897-490c4a93ddfe): ww
[18:28:47] iMine03 (uuid: 0f9d4172-c235-4bd2-9897-490c4a93ddfe): brb
[18:31:22] bigboi2016 (uuid: bddd595a-c3c6-47b5-b788-70d5b62550ff): ???
[18:31:30] TheRealColmagi (uuid: c98c1615-0764-41e1-848d-73152bfabe94): call me jew
[18:31:30] Hubert6194 (uuid: 1ae76006-6711-4e06-9e89-a7e9a547fbfd): oopsy daise
[18:31:34] TheRealColmagi (uuid: c98c1615-0764-41e1-848d-73152bfabe94): cuz im a jew
[18:31:47] TheRealColmagi (uuid: c98c1615-0764-41e1-848d-73152bfabe94): ALLAH
[18:31:58] TheRealColmagi (uuid: c98c1615-0764-41e1-848d-73152bfabe94): so how is everyone today
[18:32:22] Hubert6194 (uuid: 1ae76006-6711-4e06-9e89-a7e9a547fbfd): does anyone have a pickaxe
[18:32:30] TheRealColmagi (uuid: c98c1615-0764-41e1-848d-73152bfabe94): i have a jewaxe
[18:39:13] JohnProdman (uuid: 4150cd4b-a415-4298-bdc7-c9e330b466cc): james
[18:39:18] TheRealColmagi (uuid: c98c1615-0764-41e1-848d-73152bfabe94): ye
[18:39:26] JohnProdman (uuid: 4150cd4b-a415-4298-bdc7-c9e330b466cc): Slime elevator too glitchy u want me to use observers
[18:39:31] TheRealColmagi (uuid: c98c1615-0764-41e1-848d-73152bfabe94): sure?
[18:39:42] JohnProdman (uuid: 4150cd4b-a415-4298-bdc7-c9e330b466cc): lemme show u hot it looks
[18:39:45] JohnProdman (uuid: 4150cd4b-a415-4298-bdc7-c9e330b466cc): lemme built it
[18:40:07] JohnProdman (uuid: 4150cd4b-a415-4298-bdc7-c9e330b466cc): nigga
[18:40:09] JohnProdman (uuid: 4150cd4b-a415-4298-bdc7-c9e330b466cc): nibber
[18:40:11] TheRealColmagi (uuid: c98c1615-0764-41e1-848d-73152bfabe94): what
[18:40:12] JohnProdman (uuid: 4150cd4b-a415-4298-bdc7-c9e330b466cc): u claimed my place
[18:40:16] TheRealColmagi (uuid: c98c1615-0764-41e1-848d-73152bfabe94): no i didnt wtf
[18:40:20] JohnProdman (uuid: 4150cd4b-a415-4298-bdc7-c9e330b466cc): my old elevator
[18:40:24] TheRealColmagi (uuid: c98c1615-0764-41e1-848d-73152bfabe94): watchu talkin bout
[18:40:36] JohnProdman (uuid: 4150cd4b-a415-4298-bdc7-c9e330b466cc): i cant buuild
[18:40:41] TheRealColmagi (uuid: c98c1615-0764-41e1-848d-73152bfabe94): its claimed by u
[18:40:42] TheRealColmagi (uuid: c98c1615-0764-41e1-848d-73152bfabe94): wtf
[18:40:46] TheRealColmagi (uuid: c98c1615-0764-41e1-848d-73152bfabe94): o nvm
[18:40:48] JohnProdman (uuid: 4150cd4b-a415-4298-bdc7-c9e330b466cc): It says i dont have ur perms
[18:40:50] TheRealColmagi (uuid: c98c1615-0764-41e1-848d-73152bfabe94): there
[18:47:49] TheRealColmagi (uuid: c98c1615-0764-41e1-848d-73152bfabe94): hello bigboi
[18:47:53] bigboi2016 (uuid: bddd595a-c3c6-47b5-b788-70d5b62550ff): ello
[18:48:11] obbb (uuid: 91557728-9faf-4d92-8a52-894b13de7219): yo
[18:48:55] TheRealColmagi (uuid: c98c1615-0764-41e1-848d-73152bfabe94): guys
[18:48:58] TheRealColmagi (uuid: c98c1615-0764-41e1-848d-73152bfabe94): apparently im retarded
[18:49:03] JohnProdman (uuid: 4150cd4b-a415-4298-bdc7-c9e330b466cc): yea
[18:49:03] TheRealColmagi (uuid: c98c1615-0764-41e1-848d-73152bfabe94): u can repair an elytra
[18:49:05] TheRealColmagi (uuid: c98c1615-0764-41e1-848d-73152bfabe94): with leather
[18:49:08] JohnProdman (uuid: 4150cd4b-a415-4298-bdc7-c9e330b466cc): ur retard
[18:49:27] JohnProdman (uuid: 4150cd4b-a415-4298-bdc7-c9e330b466cc): hubert look
[18:49:31] Hubert6194 (uuid: 1ae76006-6711-4e06-9e89-a7e9a547fbfd): wtf
[18:49:32] Hubert6194 (uuid: 1ae76006-6711-4e06-9e89-a7e9a547fbfd): jesos
[18:49:50] JohnProdman (uuid: 4150cd4b-a415-4298-bdc7-c9e330b466cc): Hubert
[18:49:51] JohnProdman (uuid: 4150cd4b-a415-4298-bdc7-c9e330b466cc): look
[18:49:59] Hubert6194 (uuid: 1ae76006-6711-4e06-9e89-a7e9a547fbfd): where r u
[18:50:02] JohnProdman (uuid: 4150cd4b-a415-4298-bdc7-c9e330b466cc): wait
[18:51:14] Hubert6194 (uuid: 1ae76006-6711-4e06-9e89-a7e9a547fbfd): LOL
[18:51:15] Hubert6194 (uuid: 1ae76006-6711-4e06-9e89-a7e9a547fbfd): WTF
[18:51:36] Hubert6194 (uuid: 1ae76006-6711-4e06-9e89-a7e9a547fbfd): can it go through someones base
[18:51:45] JohnProdman (uuid: 4150cd4b-a415-4298-bdc7-c9e330b466cc): maybe
[18:51:49] JohnProdman (uuid: 4150cd4b-a415-4298-bdc7-c9e330b466cc): depends on orientation
[18:51:58] TheRealColmagi (uuid: c98c1615-0764-41e1-848d-73152bfabe94): dis ur new design
[18:52:00] JohnProdman (uuid: 4150cd4b-a415-4298-bdc7-c9e330b466cc): wait shit
[18:52:09] JohnProdman (uuid: 4150cd4b-a415-4298-bdc7-c9e330b466cc): pistons are blocked in some places idk why
[18:52:17] TheRealColmagi (uuid: c98c1615-0764-41e1-848d-73152bfabe94): why
[18:52:17] JohnProdman (uuid: 4150cd4b-a415-4298-bdc7-c9e330b466cc): it autobreak them
[18:52:21] JohnProdman (uuid: 4150cd4b-a415-4298-bdc7-c9e330b466cc): it happemned in my home
[18:52:24] JohnProdman (uuid: 4150cd4b-a415-4298-bdc7-c9e330b466cc): idk glitch zones?
[18:52:24] TheRealColmagi (uuid: c98c1615-0764-41e1-848d-73152bfabe94): hm
[18:52:32] JohnProdman (uuid: 4150cd4b-a415-4298-bdc7-c9e330b466cc): its pretty auts
[18:52:35] TheRealColmagi (uuid: c98c1615-0764-41e1-848d-73152bfabe94): we could just build a minecart system lmao
[18:52:44] JohnProdman (uuid: 4150cd4b-a415-4298-bdc7-c9e330b466cc): Im tryingto make it vertical but it doesnt work idk why
[18:52:50] JohnProdman (uuid: 4150cd4b-a415-4298-bdc7-c9e330b466cc): U rite
[18:52:50] TheRealColmagi (uuid: c98c1615-0764-41e1-848d-73152bfabe94): m i n e c a r t
[18:54:20] JohnProdman (uuid: 4150cd4b-a415-4298-bdc7-c9e330b466cc): wtf
[18:54:28] JohnProdman (uuid: 4150cd4b-a415-4298-bdc7-c9e330b466cc): oit didnt work
[18:54:29] JohnProdman (uuid: 4150cd4b-a415-4298-bdc7-c9e330b466cc): fuckl
[18:54:31] Hubert6194 (uuid: 1ae76006-6711-4e06-9e89-a7e9a547fbfd): mhm
[18:54:32] JohnProdman (uuid: 4150cd4b-a415-4298-bdc7-c9e330b466cc): cmere
[18:54:34] JohnProdman (uuid: 4150cd4b-a415-4298-bdc7-c9e330b466cc): stand here
[18:54:40] JohnProdman (uuid: 4150cd4b-a415-4298-bdc7-c9e330b466cc): mve
[18:54:42] JohnProdman (uuid: 4150cd4b-a415-4298-bdc7-c9e330b466cc): ill tell u whrer
[18:54:53] JohnProdman (uuid: 4150cd4b-a415-4298-bdc7-c9e330b466cc): here
[18:55:26] Hubert6194 (uuid: 1ae76006-6711-4e06-9e89-a7e9a547fbfd): jesos
[18:55:28] JohnProdman (uuid: 4150cd4b-a415-4298-bdc7-c9e330b466cc): have fun
[18:55:30] JohnProdman (uuid: 4150cd4b-a415-4298-bdc7-c9e330b466cc): u auts
[18:55:34] Hubert6194 (uuid: 1ae76006-6711-4e06-9e89-a7e9a547fbfd): i didn't move
[19:00:24] JohnProdman (uuid: 4150cd4b-a415-4298-bdc7-c9e330b466cc): james are there no fireworks
[19:00:37] bigboi2016 (uuid: bddd595a-c3c6-47b5-b788-70d5b62550ff): gunpowder + paper
[19:00:38] TheRealColmagi (uuid: c98c1615-0764-41e1-848d-73152bfabe94): wat
[19:00:40] TheRealColmagi (uuid: c98c1615-0764-41e1-848d-73152bfabe94): who tf
[19:00:44] TheRealColmagi (uuid: c98c1615-0764-41e1-848d-73152bfabe94): se tthe trees on fire
[19:05:35] TheRealColmagi (uuid: c98c1615-0764-41e1-848d-73152bfabe94): nice n
[19:08:58] TheRealColmagi (uuid: c98c1615-0764-41e1-848d-73152bfabe94): nigga
[19:09:01] TheRealColmagi (uuid: c98c1615-0764-41e1-848d-73152bfabe94): ur lagging my server out
[19:09:07] TheRealColmagi (uuid: c98c1615-0764-41e1-848d-73152bfabe94): wit this redstone
[19:09:08] JohnProdman (uuid: 4150cd4b-a415-4298-bdc7-c9e330b466cc): no lag
[19:09:20] JohnProdman (uuid: 4150cd4b-a415-4298-bdc7-c9e330b466cc): ok lets use minecarts
[19:09:28] TheRealColmagi (uuid: c98c1615-0764-41e1-848d-73152bfabe94): kk
[19:09:37] TheRealColmagi (uuid: c98c1615-0764-41e1-848d-73152bfabe94): dis mean i gott adelete ur entire elevator
[19:09:41] TheRealColmagi (uuid: c98c1615-0764-41e1-848d-73152bfabe94): auts
[19:10:31] JohnProdman (uuid: 4150cd4b-a415-4298-bdc7-c9e330b466cc): 2 hours wasted
[19:10:34] TheRealColmagi (uuid: c98c1615-0764-41e1-848d-73152bfabe94): rip
[19:11:09] TheRealColmagi (uuid: c98c1615-0764-41e1-848d-73152bfabe94): ok lets get that minecart system up shall we
[19:14:18] TheRealColmagi (uuid: c98c1615-0764-41e1-848d-73152bfabe94): lmao ian cmere
[19:15:09] TheRealColmagi (uuid: c98c1615-0764-41e1-848d-73152bfabe94): cmere
[19:15:15] TheRealColmagi (uuid: c98c1615-0764-41e1-848d-73152bfabe94): wigga
[19:18:31] JohnProdman (uuid: 4150cd4b-a415-4298-bdc7-c9e330b466cc): ree
[19:18:46] TheRealColmagi (uuid: c98c1615-0764-41e1-848d-73152bfabe94): idk how to do this
[19:18:50] JohnProdman (uuid: 4150cd4b-a415-4298-bdc7-c9e330b466cc): cpy and paste cunks on top of eachother
[19:18:50] TheRealColmagi (uuid: c98c1615-0764-41e1-848d-73152bfabe94): help
[19:18:56] JohnProdman (uuid: 4150cd4b-a415-4298-bdc7-c9e330b466cc): i haff brbr
[19:18:57] JohnProdman (uuid: 4150cd4b-a415-4298-bdc7-c9e330b466cc): dad came
[19:19:01] JohnProdman (uuid: 4150cd4b-a415-4298-bdc7-c9e330b466cc): i do later
[19:19:07] TheRealColmagi (uuid: c98c1615-0764-41e1-848d-73152bfabe94): kkk
[19:23:16] TheRealColmagi (uuid: c98c1615-0764-41e1-848d-73152bfabe94): I AM A TTIAN
[19:37:43] TheRealColmagi (uuid: c98c1615-0764-41e1-848d-73152bfabe94): HIT OR MSIS
[19:37:50] TheRealColmagi (uuid: c98c1615-0764-41e1-848d-73152bfabe94): I GUESS THEY NEVER MISS
[19:37:54] TheRealColmagi (uuid: c98c1615-0764-41e1-848d-73152bfabe94): §LHUH
[19:38:00] TheRealColmagi (uuid: c98c1615-0764-41e1-848d-73152bfabe94): YOU GOT A BOYFRIEND I BET HE DOESNT KISS YA
[19:38:06] TheRealColmagi (uuid: c98c1615-0764-41e1-848d-73152bfabe94): HE GON FIND ANOTHER GIRL AND HE WONT MISS YA
[19:38:15] TheRealColmagi (uuid: c98c1615-0764-41e1-848d-73152bfabe94): HE GON SKRRRT AND HIT THE DAB LIKE WHIZ KHALIFA
[19:38:28] TheRealColmagi (uuid: c98c1615-0764-41e1-848d-73152bfabe94): jew
[19:46:04] bigboi2016 (uuid: bddd595a-c3c6-47b5-b788-70d5b62550ff): warp endfarm
[19:54:01] bigboi2016 (uuid: bddd595a-c3c6-47b5-b788-70d5b62550ff): .
[19:54:06] bigboi2016 (uuid: bddd595a-c3c6-47b5-b788-70d5b62550ff): spawn
[19:54:14] bigboi2016 (uuid: bddd595a-c3c6-47b5-b788-70d5b62550ff): server broke
[19:54:16] bigboi2016 (uuid: bddd595a-c3c6-47b5-b788-70d5b62550ff): hello?
[19:54:17] bryantandpat (uuid: 7961a874-c35f-4f34-a0d1-37205c235291): rip
[19:54:23] iMine03 (uuid: 0f9d4172-c235-4bd2-9897-490c4a93ddfe): hi
[19:54:24] TheRealColmagi (uuid: c98c1615-0764-41e1-848d-73152bfabe94): HOLU
[19:54:28] TheRealColmagi (uuid: c98c1615-0764-41e1-848d-73152bfabe94): server broke wtf
[20:20:22] TheRealColmagi (uuid: c98c1615-0764-41e1-848d-73152bfabe94): sup jew
[20:20:24] Mrmapl3syrup (uuid: b3f11e18-ff16-45fe-85b7-bb69e73fb17c): ur jew
[20:20:28] TheRealColmagi (uuid: c98c1615-0764-41e1-848d-73152bfabe94): no u
[20:20:31] Mrmapl3syrup (uuid: b3f11e18-ff16-45fe-85b7-bb69e73fb17c): nay thee
[20:20:41] TheRealColmagi (uuid: c98c1615-0764-41e1-848d-73152bfabe94): u got me there
[20:20:51] Mrmapl3syrup (uuid: b3f11e18-ff16-45fe-85b7-bb69e73fb17c): my fuckin minecraft sensitivity is fucked
[20:20:52] bryantandpat (uuid: 7961a874-c35f-4f34-a0d1-37205c235291):  yo maple where do u live
[20:21:05] Mrmapl3syrup (uuid: b3f11e18-ff16-45fe-85b7-bb69e73fb17c): some place underground like 10k blocks out l0l
[20:21:12] bryantandpat (uuid: 7961a874-c35f-4f34-a0d1-37205c235291):  i mean irl
[20:21:15] Mrmapl3syrup (uuid: b3f11e18-ff16-45fe-85b7-bb69e73fb17c): o
[20:21:16] Mrmapl3syrup (uuid: b3f11e18-ff16-45fe-85b7-bb69e73fb17c): oklahoma
[20:21:17] bryantandpat (uuid: 7961a874-c35f-4f34-a0d1-37205c235291):  in texas?
[20:21:22] bryantandpat (uuid: 7961a874-c35f-4f34-a0d1-37205c235291): o
[20:21:42] Mrmapl3syrup (uuid: b3f11e18-ff16-45fe-85b7-bb69e73fb17c): mini texas except with god awful education
[20:21:47] Mrmapl3syrup (uuid: b3f11e18-ff16-45fe-85b7-bb69e73fb17c): ranked 49th btw
[20:21:55] bryantandpat (uuid: 7961a874-c35f-4f34-a0d1-37205c235291): rip
[20:22:00] TheRealColmagi (uuid: c98c1615-0764-41e1-848d-73152bfabe94): o ye i heard about that
[20:22:03] Mrmapl3syrup (uuid: b3f11e18-ff16-45fe-85b7-bb69e73fb17c): ya oklahoma is pretty gay
[20:22:07] TheRealColmagi (uuid: c98c1615-0764-41e1-848d-73152bfabe94): pick up bry
[20:22:16] Mrmapl3syrup (uuid: b3f11e18-ff16-45fe-85b7-bb69e73fb17c): we got a fucking anti vacc elected as our governor
[20:22:52] Mrmapl3syrup (uuid: b3f11e18-ff16-45fe-85b7-bb69e73fb17c): everyone who lives in the rural areas of oklahoma I swear are retarded
[20:23:12] Mrmapl3syrup (uuid: b3f11e18-ff16-45fe-85b7-bb69e73fb17c): only people who voted dem were in the major cities
[20:24:14] Mrmapl3syrup (uuid: b3f11e18-ff16-45fe-85b7-bb69e73fb17c): hi
[20:24:16] bigboi2016 (uuid: bddd595a-c3c6-47b5-b788-70d5b62550ff): henlo
[20:24:21] Mrmapl3syrup (uuid: b3f11e18-ff16-45fe-85b7-bb69e73fb17c): was just looking at ur house lul
[20:24:24] bigboi2016 (uuid: bddd595a-c3c6-47b5-b788-70d5b62550ff): mm
[20:24:28] bigboi2016 (uuid: bddd595a-c3c6-47b5-b788-70d5b62550ff): its a pipe maybe
[20:24:41] Mrmapl3syrup (uuid: b3f11e18-ff16-45fe-85b7-bb69e73fb17c): wtf is that in the sky
[20:24:52] TheRealColmagi (uuid: c98c1615-0764-41e1-848d-73152bfabe94): elytra launch platformt
[20:25:01] Mrmapl3syrup (uuid: b3f11e18-ff16-45fe-85b7-bb69e73fb17c): did u make it?
[20:25:07] TheRealColmagi (uuid: c98c1615-0764-41e1-848d-73152bfabe94): ye
[20:25:11] Mrmapl3syrup (uuid: b3f11e18-ff16-45fe-85b7-bb69e73fb17c): thought so lul
[20:25:50] Mrmapl3syrup (uuid: b3f11e18-ff16-45fe-85b7-bb69e73fb17c): jesus
[20:26:00] JohnProdman (uuid: 4150cd4b-a415-4298-bdc7-c9e330b466cc): no u
[20:26:08] Mrmapl3syrup (uuid: b3f11e18-ff16-45fe-85b7-bb69e73fb17c): finna yeet my mouse this sensitivity thing is getting annoying
[20:26:12] TheRealColmagi (uuid: c98c1615-0764-41e1-848d-73152bfabe94): holy
[20:26:16] TheRealColmagi (uuid: c98c1615-0764-41e1-848d-73152bfabe94): just look up how to fix
[20:26:21] Mrmapl3syrup (uuid: b3f11e18-ff16-45fe-85b7-bb69e73fb17c): i did
[20:26:28] TheRealColmagi (uuid: c98c1615-0764-41e1-848d-73152bfabe94): get new mouse x d
[20:26:32] Mrmapl3syrup (uuid: b3f11e18-ff16-45fe-85b7-bb69e73fb17c): its only
[20:26:33] Mrmapl3syrup (uuid: b3f11e18-ff16-45fe-85b7-bb69e73fb17c): minecraft
[20:26:36] TheRealColmagi (uuid: c98c1615-0764-41e1-848d-73152bfabe94): o rip
[20:26:47] bryantandpat (uuid: 7961a874-c35f-4f34-a0d1-37205c235291):  resume expedition niggs
[20:26:49] TheRealColmagi (uuid: c98c1615-0764-41e1-848d-73152bfabe94): yes
[20:27:02] JohnProdman (uuid: 4150cd4b-a415-4298-bdc7-c9e330b466cc): what expedition
[20:27:18] Mrmapl3syrup (uuid: b3f11e18-ff16-45fe-85b7-bb69e73fb17c): o did you get veteran
[20:27:27] JohnProdman (uuid: 4150cd4b-a415-4298-bdc7-c9e330b466cc): I have creative to help build
[20:27:35] Mrmapl3syrup (uuid: b3f11e18-ff16-45fe-85b7-bb69e73fb17c): oh lul
[20:27:47] Mrmapl3syrup (uuid: b3f11e18-ff16-45fe-85b7-bb69e73fb17c): LOL
[20:28:06] Mrmapl3syrup (uuid: b3f11e18-ff16-45fe-85b7-bb69e73fb17c): my ears
[20:28:29] Mrmapl3syrup (uuid: b3f11e18-ff16-45fe-85b7-bb69e73fb17c): spam a bunch
[20:28:56] Mrmapl3syrup (uuid: b3f11e18-ff16-45fe-85b7-bb69e73fb17c): LOL
[20:29:26] Mrmapl3syrup (uuid: b3f11e18-ff16-45fe-85b7-bb69e73fb17c): lol
[20:29:58] Mrmapl3syrup (uuid: b3f11e18-ff16-45fe-85b7-bb69e73fb17c): keep doin it reeee
[20:30:02] JohnProdman (uuid: 4150cd4b-a415-4298-bdc7-c9e330b466cc): wait look
[20:31:01] Mrmapl3syrup (uuid: b3f11e18-ff16-45fe-85b7-bb69e73fb17c): lol
[20:31:05] Mrmapl3syrup (uuid: b3f11e18-ff16-45fe-85b7-bb69e73fb17c): ur a failure
[20:31:24] Mrmapl3syrup (uuid: b3f11e18-ff16-45fe-85b7-bb69e73fb17c): o nvm
[20:31:51] Mrmapl3syrup (uuid: b3f11e18-ff16-45fe-85b7-bb69e73fb17c): wait this is pretty cool
[20:32:01] JohnProdman (uuid: 4150cd4b-a415-4298-bdc7-c9e330b466cc): can u give me a ton of money so i can claim
[20:32:15] Mrmapl3syrup (uuid: b3f11e18-ff16-45fe-85b7-bb69e73fb17c): i dont have a ton of money lol
[20:37:30] TheRealColmagi (uuid: c98c1615-0764-41e1-848d-73152bfabe94): 31st expedition into the end was a success
[20:37:39] TheRealColmagi (uuid: c98c1615-0764-41e1-848d-73152bfabe94): we have successfully looted 3 elytras
[20:38:17] Mrmapl3syrup (uuid: b3f11e18-ff16-45fe-85b7-bb69e73fb17c): im messing around with note blocks
[20:38:21] TheRealColmagi (uuid: c98c1615-0764-41e1-848d-73152bfabe94): nice
[20:38:40] iMine03 (uuid: 0f9d4172-c235-4bd2-9897-490c4a93ddfe): we
[20:38:46] Mrmapl3syrup (uuid: b3f11e18-ff16-45fe-85b7-bb69e73fb17c): wdym we
[20:38:50] TheRealColmagi (uuid: c98c1615-0764-41e1-848d-73152bfabe94): wot
[20:41:12] Mrmapl3syrup (uuid: b3f11e18-ff16-45fe-85b7-bb69e73fb17c): now it sounds cooler
[20:45:27] TheRealColmagi (uuid: c98c1615-0764-41e1-848d-73152bfabe94): survey crops
[20:45:29] TheRealColmagi (uuid: c98c1615-0764-41e1-848d-73152bfabe94): corps
[20:45:41] Mrmapl3syrup (uuid: b3f11e18-ff16-45fe-85b7-bb69e73fb17c): im gonna go do stuff with note blocks
[20:45:47] Mrmapl3syrup (uuid: b3f11e18-ff16-45fe-85b7-bb69e73fb17c): see u in like an hour or something unless I give up
[20:45:53] TheRealColmagi (uuid: c98c1615-0764-41e1-848d-73152bfabe94): ok
[21:05:05] Mrmapl3syrup (uuid: b3f11e18-ff16-45fe-85b7-bb69e73fb17c): hey colmagi
[21:05:10] Mrmapl3syrup (uuid: b3f11e18-ff16-45fe-85b7-bb69e73fb17c): tp to me or else u gay dab
[21:05:11] TheRealColmagi (uuid: c98c1615-0764-41e1-848d-73152bfabe94): ye
[21:05:13] TheRealColmagi (uuid: c98c1615-0764-41e1-848d-73152bfabe94): hold on
[21:05:21] Mrmapl3syrup (uuid: b3f11e18-ff16-45fe-85b7-bb69e73fb17c): hah ur gay
[21:06:29] Mrmapl3syrup (uuid: b3f11e18-ff16-45fe-85b7-bb69e73fb17c): hurry up gay
[21:07:19] Mrmapl3syrup (uuid: b3f11e18-ff16-45fe-85b7-bb69e73fb17c): REEEEEEEEE
[21:07:58] Mrmapl3syrup (uuid: b3f11e18-ff16-45fe-85b7-bb69e73fb17c): anyone wanna come look at my cool thing
[21:08:16] Mrmapl3syrup (uuid: b3f11e18-ff16-45fe-85b7-bb69e73fb17c): if u dont come look at it ur gay
[21:08:28] TheRealColmagi (uuid: c98c1615-0764-41e1-848d-73152bfabe94): tryna make a banner
[21:08:40] Mrmapl3syrup (uuid: b3f11e18-ff16-45fe-85b7-bb69e73fb17c): well banners r gay
[21:09:28] Mrmapl3syrup (uuid: b3f11e18-ff16-45fe-85b7-bb69e73fb17c): someone come look at my thing reeee
[21:09:34] bryantandpat (uuid: 7961a874-c35f-4f34-a0d1-37205c235291): fuck off
[21:09:37] Mrmapl3syrup (uuid: b3f11e18-ff16-45fe-85b7-bb69e73fb17c): fuck you
[21:09:44] Mrmapl3syrup (uuid: b3f11e18-ff16-45fe-85b7-bb69e73fb17c): ur gay
[21:09:50] bryantandpat (uuid: 7961a874-c35f-4f34-a0d1-37205c235291):  not u maple
[21:09:52] Mrmapl3syrup (uuid: b3f11e18-ff16-45fe-85b7-bb69e73fb17c): oh
[21:09:54] Mrmapl3syrup (uuid: b3f11e18-ff16-45fe-85b7-bb69e73fb17c): nvm
[21:09:57] Mrmapl3syrup (uuid: b3f11e18-ff16-45fe-85b7-bb69e73fb17c): ur still gay tho
[21:13:10] Mrmapl3syrup (uuid: b3f11e18-ff16-45fe-85b7-bb69e73fb17c): E
[21:14:59] Mrmapl3syrup (uuid: b3f11e18-ff16-45fe-85b7-bb69e73fb17c): ur pretty slow at making banners
[21:15:09] TheRealColmagi (uuid: c98c1615-0764-41e1-848d-73152bfabe94): i have concluded this design is impossible
[21:15:14] Mrmapl3syrup (uuid: b3f11e18-ff16-45fe-85b7-bb69e73fb17c): oof
[21:15:19] Mrmapl3syrup (uuid: b3f11e18-ff16-45fe-85b7-bb69e73fb17c): now quit being gay and tp
[21:15:20] Paul_Resmer (uuid: 7718f2d7-90cf-49d6-a1d9-8cf4d236ba82): tard
[21:15:28] TheRealColmagi (uuid: c98c1615-0764-41e1-848d-73152bfabe94): ok jew
[21:15:44] TheRealColmagi (uuid: c98c1615-0764-41e1-848d-73152bfabe94): very nice
[21:15:47] TheRealColmagi (uuid: c98c1615-0764-41e1-848d-73152bfabe94): make despacito 2 pls
[21:15:50] TheRealColmagi (uuid: c98c1615-0764-41e1-848d-73152bfabe94): personal reuqest
[21:15:54] Mrmapl3syrup (uuid: b3f11e18-ff16-45fe-85b7-bb69e73fb17c): im too lazy to finish it
[21:15:57] Mrmapl3syrup (uuid: b3f11e18-ff16-45fe-85b7-bb69e73fb17c): u fuckin
[21:16:00] Mrmapl3syrup (uuid: b3f11e18-ff16-45fe-85b7-bb69e73fb17c): hit a note block
[21:16:01] Mrmapl3syrup (uuid: b3f11e18-ff16-45fe-85b7-bb69e73fb17c): ima kms
[21:16:02] TheRealColmagi (uuid: c98c1615-0764-41e1-848d-73152bfabe94): oops
[21:16:20] TheRealColmagi (uuid: c98c1615-0764-41e1-848d-73152bfabe94): ez
[21:16:21] Mrmapl3syrup (uuid: b3f11e18-ff16-45fe-85b7-bb69e73fb17c): their
[21:16:22] Mrmapl3syrup (uuid: b3f11e18-ff16-45fe-85b7-bb69e73fb17c): ez clap
[21:16:29] TheRealColmagi (uuid: c98c1615-0764-41e1-848d-73152bfabe94): r u tone deaf
[21:16:31] TheRealColmagi (uuid: c98c1615-0764-41e1-848d-73152bfabe94): i just fixed ur thing
[21:16:35] Mrmapl3syrup (uuid: b3f11e18-ff16-45fe-85b7-bb69e73fb17c): i know
[21:16:38] TheRealColmagi (uuid: c98c1615-0764-41e1-848d-73152bfabe94): ur first 2 was slightly too low
[21:16:59] Mrmapl3syrup (uuid: b3f11e18-ff16-45fe-85b7-bb69e73fb17c): blame the fuckin forum poster
[21:17:04] Mrmapl3syrup (uuid: b3f11e18-ff16-45fe-85b7-bb69e73fb17c): i had to fix some already too lol
[21:17:32] TheRealColmagi (uuid: c98c1615-0764-41e1-848d-73152bfabe94): weanigger
[21:17:53] TheRealColmagi (uuid: c98c1615-0764-41e1-848d-73152bfabe94): paul would u like to join the survey corps
[21:18:01] TheRealColmagi (uuid: c98c1615-0764-41e1-848d-73152bfabe94): we fly around in elytras and die
[21:18:06] Mrmapl3syrup (uuid: b3f11e18-ff16-45fe-85b7-bb69e73fb17c): also yes im prob tone deaf dav
[21:18:08] Mrmapl3syrup (uuid: b3f11e18-ff16-45fe-85b7-bb69e73fb17c): dab
[21:18:26] Mrmapl3syrup (uuid: b3f11e18-ff16-45fe-85b7-bb69e73fb17c): but im not tone deaf enough to not be unable to play the viola oof
[21:18:29] TheRealColmagi (uuid: c98c1615-0764-41e1-848d-73152bfabe94): paul would u like to join the survey corps
[21:18:32] TheRealColmagi (uuid: c98c1615-0764-41e1-848d-73152bfabe94): we fly around in elytras and die
[21:18:43] Mrmapl3syrup (uuid: b3f11e18-ff16-45fe-85b7-bb69e73fb17c): able*
[21:18:43] bryantandpat (uuid: 7961a874-c35f-4f34-a0d1-37205c235291):  yo maple u play viola?
[21:18:45] Mrmapl3syrup (uuid: b3f11e18-ff16-45fe-85b7-bb69e73fb17c): yea
[21:18:53] bryantandpat (uuid: 7961a874-c35f-4f34-a0d1-37205c235291): damn
[21:19:01] TheRealColmagi (uuid: c98c1615-0764-41e1-848d-73152bfabe94): haha meme instrument
[21:19:02] Mrmapl3syrup (uuid: b3f11e18-ff16-45fe-85b7-bb69e73fb17c): ngl every viola sucks at my school
[21:19:22] bryantandpat (uuid: 7961a874-c35f-4f34-a0d1-37205c235291):  ye viola all state is so free
[21:19:32] Mrmapl3syrup (uuid: b3f11e18-ff16-45fe-85b7-bb69e73fb17c): except for like 3 people
[21:19:41] Mrmapl3syrup (uuid: b3f11e18-ff16-45fe-85b7-bb69e73fb17c): i dont even practice ever and i do better lol
[21:20:17] Mrmapl3syrup (uuid: b3f11e18-ff16-45fe-85b7-bb69e73fb17c): like only 2 of us even play some what loud
[21:20:23] Mrmapl3syrup (uuid: b3f11e18-ff16-45fe-85b7-bb69e73fb17c): so 99% of the time no one can even hear us LOL
[21:20:36] bryantandpat (uuid: 7961a874-c35f-4f34-a0d1-37205c235291): ez
[21:20:39] Mrmapl3syrup (uuid: b3f11e18-ff16-45fe-85b7-bb69e73fb17c): and we have 32 cellos
[21:20:45] bryantandpat (uuid: 7961a874-c35f-4f34-a0d1-37205c235291):  wtf
[21:20:48] bryantandpat (uuid: 7961a874-c35f-4f34-a0d1-37205c235291):  in one orch?
[21:20:56] Mrmapl3syrup (uuid: b3f11e18-ff16-45fe-85b7-bb69e73fb17c): we have like 3 classes dab
[21:21:07] Mrmapl3syrup (uuid: b3f11e18-ff16-45fe-85b7-bb69e73fb17c): but we went to some thingy where all 3 classes went
[21:21:21] Mrmapl3syrup (uuid: b3f11e18-ff16-45fe-85b7-bb69e73fb17c): one is string which is freshman year (me) then chamber then some other one lol
[21:21:30] Mrmapl3syrup (uuid: b3f11e18-ff16-45fe-85b7-bb69e73fb17c): and like all together we have a shit ton of cellos
[21:21:35] Mrmapl3syrup (uuid: b3f11e18-ff16-45fe-85b7-bb69e73fb17c): but we only have 8 violas LOL
[21:21:49] bryantandpat (uuid: 7961a874-c35f-4f34-a0d1-37205c235291): rip
[21:22:00] Mrmapl3syrup (uuid: b3f11e18-ff16-45fe-85b7-bb69e73fb17c): like 20 violins as well
[21:22:09] Mrmapl3syrup (uuid: b3f11e18-ff16-45fe-85b7-bb69e73fb17c): only 5 basses tho oof
[21:22:14] Mrmapl3syrup (uuid: b3f11e18-ff16-45fe-85b7-bb69e73fb17c): but i mean its a bass dab
[21:22:21] bryantandpat (uuid: 7961a874-c35f-4f34-a0d1-37205c235291): we have like 10
[21:22:25] Mrmapl3syrup (uuid: b3f11e18-ff16-45fe-85b7-bb69e73fb17c): oof
[21:22:31] Mrmapl3syrup (uuid: b3f11e18-ff16-45fe-85b7-bb69e73fb17c): wut do u play
[21:22:40] bryantandpat (uuid: 7961a874-c35f-4f34-a0d1-37205c235291): cello
[21:22:45] Mrmapl3syrup (uuid: b3f11e18-ff16-45fe-85b7-bb69e73fb17c): hah gay
[21:22:51] bryantandpat (uuid: 7961a874-c35f-4f34-a0d1-37205c235291): mhm
[21:23:05] bryantandpat (uuid: 7961a874-c35f-4f34-a0d1-37205c235291):  our first chair violist is actually god
[21:23:10] bryantandpat (uuid: 7961a874-c35f-4f34-a0d1-37205c235291):  1st chair all state in 9th grade
[21:23:21] Mrmapl3syrup (uuid: b3f11e18-ff16-45fe-85b7-bb69e73fb17c): we dont have chairs OOF
[21:23:24] Mrmapl3syrup (uuid: b3f11e18-ff16-45fe-85b7-bb69e73fb17c): because a few years ago
[21:23:28] Mrmapl3syrup (uuid: b3f11e18-ff16-45fe-85b7-bb69e73fb17c): some kid who was always first chair
[21:23:34] Mrmapl3syrup (uuid: b3f11e18-ff16-45fe-85b7-bb69e73fb17c): stopped practicing and got like 15th chair
[21:23:42] Mrmapl3syrup (uuid: b3f11e18-ff16-45fe-85b7-bb69e73fb17c): then had a huge tantrum LOL
[21:23:50] bryantandpat (uuid: 7961a874-c35f-4f34-a0d1-37205c235291):  do u guys do all region
[21:23:51] Mrmapl3syrup (uuid: b3f11e18-ff16-45fe-85b7-bb69e73fb17c): throwing stands and stuff oof
[21:23:55] Mrmapl3syrup (uuid: b3f11e18-ff16-45fe-85b7-bb69e73fb17c): all region?
[21:23:58] Mrmapl3syrup (uuid: b3f11e18-ff16-45fe-85b7-bb69e73fb17c): u mean all state
[21:24:05] bryantandpat (uuid: 7961a874-c35f-4f34-a0d1-37205c235291):  o u dont have region?
[21:24:09] Mrmapl3syrup (uuid: b3f11e18-ff16-45fe-85b7-bb69e73fb17c): dont think so
[21:24:27] bryantandpat (uuid: 7961a874-c35f-4f34-a0d1-37205c235291):  we have too many ppl in texas so we have to go thru region first
[21:24:32] Mrmapl3syrup (uuid: b3f11e18-ff16-45fe-85b7-bb69e73fb17c): does ur orchestra go on a special field trips?
[21:24:41] bryantandpat (uuid: 7961a874-c35f-4f34-a0d1-37205c235291):  ye but its expensive as fuck
[21:24:46] bryantandpat (uuid: 7961a874-c35f-4f34-a0d1-37205c235291):  $500
[21:24:51] Mrmapl3syrup (uuid: b3f11e18-ff16-45fe-85b7-bb69e73fb17c): only 500 LUL
[21:24:59] Mrmapl3syrup (uuid: b3f11e18-ff16-45fe-85b7-bb69e73fb17c): ours is like 1k something around that LOL
[21:25:01] Paul_Resmer (uuid: 7718f2d7-90cf-49d6-a1d9-8cf4d236ba82): wtf who are u autists
[21:25:01] bryantandpat (uuid: 7961a874-c35f-4f34-a0d1-37205c235291):  wtf
[21:25:04] Mrmapl3syrup (uuid: b3f11e18-ff16-45fe-85b7-bb69e73fb17c): we are going to chicago this year OOF
[21:25:09] Paul_Resmer (uuid: 7718f2d7-90cf-49d6-a1d9-8cf4d236ba82): stop trying to flex
[21:25:13] bryantandpat (uuid: 7961a874-c35f-4f34-a0d1-37205c235291):  jesos
[21:25:14] Paul_Resmer (uuid: 7718f2d7-90cf-49d6-a1d9-8cf4d236ba82): commit die
[21:25:18] bryantandpat (uuid: 7961a874-c35f-4f34-a0d1-37205c235291):  our orchs gay asf
[21:25:22] Mrmapl3syrup (uuid: b3f11e18-ff16-45fe-85b7-bb69e73fb17c): go commit toaster bath
[21:25:24] bryantandpat (uuid: 7961a874-c35f-4f34-a0d1-37205c235291):  moreno never spends money
[21:25:43] Paul_Resmer (uuid: 7718f2d7-90cf-49d6-a1d9-8cf4d236ba82): does anyone here even go to jasp
[21:25:47] Mrmapl3syrup (uuid: b3f11e18-ff16-45fe-85b7-bb69e73fb17c): like last thursday we got to meet some fiddle player from nashville
[21:25:51] bryantandpat (uuid: 7961a874-c35f-4f34-a0d1-37205c235291): i go to shepton
[21:25:52] Mrmapl3syrup (uuid: b3f11e18-ff16-45fe-85b7-bb69e73fb17c): who was like a god lol
[21:25:52] Paul_Resmer (uuid: 7718f2d7-90cf-49d6-a1d9-8cf4d236ba82): all of u should kys
[21:25:54] Paul_Resmer (uuid: 7718f2d7-90cf-49d6-a1d9-8cf4d236ba82): js
[21:25:55] Paul_Resmer (uuid: 7718f2d7-90cf-49d6-a1d9-8cf4d236ba82): btw
[21:25:58] Paul_Resmer (uuid: 7718f2d7-90cf-49d6-a1d9-8cf4d236ba82): not kidding
[21:26:00] Paul_Resmer (uuid: 7718f2d7-90cf-49d6-a1d9-8cf4d236ba82): srs
[21:26:10] Paul_Resmer (uuid: 7718f2d7-90cf-49d6-a1d9-8cf4d236ba82): honestly
[21:26:18] Paul_Resmer (uuid: 7718f2d7-90cf-49d6-a1d9-8cf4d236ba82): ur families probably wouldnt miss u
[21:26:25] Paul_Resmer (uuid: 7718f2d7-90cf-49d6-a1d9-8cf4d236ba82): i can c it now
[21:26:31] Paul_Resmer (uuid: 7718f2d7-90cf-49d6-a1d9-8cf4d236ba82): the year is 2030
[21:26:36] Mrmapl3syrup (uuid: b3f11e18-ff16-45fe-85b7-bb69e73fb17c): he apparently works with allen jackson
[21:26:47] Paul_Resmer (uuid: 7718f2d7-90cf-49d6-a1d9-8cf4d236ba82): u degenerates are all living on the streets
[21:26:55] Paul_Resmer (uuid: 7718f2d7-90cf-49d6-a1d9-8cf4d236ba82): homeless, its cold out so ur shivering
[21:26:59] Paul_Resmer (uuid: 7718f2d7-90cf-49d6-a1d9-8cf4d236ba82): addicted to crystal
[21:27:02] Mrmapl3syrup (uuid: b3f11e18-ff16-45fe-85b7-bb69e73fb17c): o yea his name was Ryan Joseph
[21:27:13] Paul_Resmer (uuid: 7718f2d7-90cf-49d6-a1d9-8cf4d236ba82): all u have is ur worthless fucking pc
[21:27:24] Mrmapl3syrup (uuid: b3f11e18-ff16-45fe-85b7-bb69e73fb17c): negro
[21:27:34] Paul_Resmer (uuid: 7718f2d7-90cf-49d6-a1d9-8cf4d236ba82): so u can play mc as u lay in a ditch waiting for the sweet release that death will grant
[21:27:37] Paul_Resmer (uuid: 7718f2d7-90cf-49d6-a1d9-8cf4d236ba82): and eventually
[21:27:39] Paul_Resmer (uuid: 7718f2d7-90cf-49d6-a1d9-8cf4d236ba82): ur mother
[21:27:44] Paul_Resmer (uuid: 7718f2d7-90cf-49d6-a1d9-8cf4d236ba82): will hear news
[21:27:49] Paul_Resmer (uuid: 7718f2d7-90cf-49d6-a1d9-8cf4d236ba82): of ur passing
[21:27:50] Paul_Resmer (uuid: 7718f2d7-90cf-49d6-a1d9-8cf4d236ba82): and shell
[21:27:52] Mrmapl3syrup (uuid: b3f11e18-ff16-45fe-85b7-bb69e73fb17c): LOL
[21:27:52] Paul_Resmer (uuid: 7718f2d7-90cf-49d6-a1d9-8cf4d236ba82): cry
[21:27:58] Paul_Resmer (uuid: 7718f2d7-90cf-49d6-a1d9-8cf4d236ba82): not bc ur dead
[21:28:10] Paul_Resmer (uuid: 7718f2d7-90cf-49d6-a1d9-8cf4d236ba82): but bc she wasted so much time raising a fucking degenerate like u
[21:28:24] Paul_Resmer (uuid: 7718f2d7-90cf-49d6-a1d9-8cf4d236ba82): thank u for coming to my ted talk
[21:28:34] Mrmapl3syrup (uuid: b3f11e18-ff16-45fe-85b7-bb69e73fb17c): thanks
[21:29:58] Mrmapl3syrup (uuid: b3f11e18-ff16-45fe-85b7-bb69e73fb17c): any nigs
[21:30:35] Mrmapl3syrup (uuid: b3f11e18-ff16-45fe-85b7-bb69e73fb17c): dab my sky islands are cooler
[21:30:41] TheRealColmagi (uuid: c98c1615-0764-41e1-848d-73152bfabe94): bet
[21:30:44] Mrmapl3syrup (uuid: b3f11e18-ff16-45fe-85b7-bb69e73fb17c): bet
[21:30:46] Mrmapl3syrup (uuid: b3f11e18-ff16-45fe-85b7-bb69e73fb17c):  B E T
[21:30:57] Mrmapl3syrup (uuid: b3f11e18-ff16-45fe-85b7-bb69e73fb17c): is urs multiple islands?
[21:31:03] Mrmapl3syrup (uuid: b3f11e18-ff16-45fe-85b7-bb69e73fb17c): does it have multiple homes?
[21:31:15] TheRealColmagi (uuid: c98c1615-0764-41e1-848d-73152bfabe94): mine is a motherfucking steampunk elytra launch platform
[21:31:21] Mrmapl3syrup (uuid: b3f11e18-ff16-45fe-85b7-bb69e73fb17c): gay
[21:31:31] Mrmapl3syrup (uuid: b3f11e18-ff16-45fe-85b7-bb69e73fb17c): does it have a windmill
[21:31:40] TheRealColmagi (uuid: c98c1615-0764-41e1-848d-73152bfabe94): its got 2 giant propellors
[21:31:43] TheRealColmagi (uuid: c98c1615-0764-41e1-848d-73152bfabe94): propellers
[21:31:52] Mrmapl3syrup (uuid: b3f11e18-ff16-45fe-85b7-bb69e73fb17c): does it have a ladder
[21:31:59] Mrmapl3syrup (uuid: b3f11e18-ff16-45fe-85b7-bb69e73fb17c): does it have a bridge
[21:32:04] Mrmapl3syrup (uuid: b3f11e18-ff16-45fe-85b7-bb69e73fb17c): does it have a cool tower
[21:37:54] Mrmapl3syrup (uuid: b3f11e18-ff16-45fe-85b7-bb69e73fb17c): ima yeet
[21:37:56] Mrmapl3syrup (uuid: b3f11e18-ff16-45fe-85b7-bb69e73fb17c): yeet
[21:45:53] Paul_Resmer (uuid: 7718f2d7-90cf-49d6-a1d9-8cf4d236ba82): campout deek
[21:45:55] Paul_Resmer (uuid: 7718f2d7-90cf-49d6-a1d9-8cf4d236ba82): :(
[21:45:59] Paul_Resmer (uuid: 7718f2d7-90cf-49d6-a1d9-8cf4d236ba82): D:
[21:46:02] Paul_Resmer (uuid: 7718f2d7-90cf-49d6-a1d9-8cf4d236ba82): :((
[21:46:07] TheRealColmagi (uuid: c98c1615-0764-41e1-848d-73152bfabe94): wtf
[21:46:31] Paul_Resmer (uuid: 7718f2d7-90cf-49d6-a1d9-8cf4d236ba82): D:)
[21:54:41] JohnProdman (uuid: 4150cd4b-a415-4298-bdc7-c9e330b466cc): is it done
[21:54:46] TheRealColmagi (uuid: c98c1615-0764-41e1-848d-73152bfabe94): is what done
[21:55:03] JohnProdman (uuid: 4150cd4b-a415-4298-bdc7-c9e330b466cc): whys it shifted
[21:55:14] TheRealColmagi (uuid: c98c1615-0764-41e1-848d-73152bfabe94): cuz u cant have a minecart go in a 1x1 space
[21:55:25] JohnProdman (uuid: 4150cd4b-a415-4298-bdc7-c9e330b466cc): it can in 3x3
[21:55:34] TheRealColmagi (uuid: c98c1615-0764-41e1-848d-73152bfabe94): yeah but then theres no floor in the house nibba
[21:55:37] JohnProdman (uuid: 4150cd4b-a415-4298-bdc7-c9e330b466cc): should have just made hole wider
[21:55:49] TheRealColmagi (uuid: c98c1615-0764-41e1-848d-73152bfabe94): bruh
[21:55:51] JohnProdman (uuid: 4150cd4b-a415-4298-bdc7-c9e330b466cc): how u move so fast
[21:55:51] TheRealColmagi (uuid: c98c1615-0764-41e1-848d-73152bfabe94): just do this
[21:56:25] JohnProdman (uuid: 4150cd4b-a415-4298-bdc7-c9e330b466cc): u can fit a 3x3 :c
[21:56:28] TheRealColmagi (uuid: c98c1615-0764-41e1-848d-73152bfabe94): hell no
[21:56:29] TheRealColmagi (uuid: c98c1615-0764-41e1-848d-73152bfabe94): just do that
[22:03:19] JohnProdman (uuid: 4150cd4b-a415-4298-bdc7-c9e330b466cc): james are u gonan world edit copy or do i manual labor it
[22:03:29] TheRealColmagi (uuid: c98c1615-0764-41e1-848d-73152bfabe94): idk if i can w/e it
[22:03:32] TheRealColmagi (uuid: c98c1615-0764-41e1-848d-73152bfabe94): u can try
[22:03:33] JohnProdman (uuid: 4150cd4b-a415-4298-bdc7-c9e330b466cc): then help me
[22:03:37] JohnProdman (uuid: 4150cd4b-a415-4298-bdc7-c9e330b466cc): or that
[22:03:38] TheRealColmagi (uuid: c98c1615-0764-41e1-848d-73152bfabe94): i opped u just w/e it
[22:04:21] JohnProdman (uuid: 4150cd4b-a415-4298-bdc7-c9e330b466cc): fuk me brb
[22:14:36] TheRealColmagi (uuid: c98c1615-0764-41e1-848d-73152bfabe94): ez
[22:14:38] TheRealColmagi (uuid: c98c1615-0764-41e1-848d-73152bfabe94): allah
[22:20:21] TheRealColmagi (uuid: c98c1615-0764-41e1-848d-73152bfabe94): allah
[22:31:27] TheRealColmagi (uuid: c98c1615-0764-41e1-848d-73152bfabe94): what a jew
[22:49:08] TheRealColmagi (uuid: c98c1615-0764-41e1-848d-73152bfabe94): jew
[23:00:56] Paul_Resmer (uuid: 7718f2d7-90cf-49d6-a1d9-8cf4d236ba82): im almost lvl 100
[23:00:59] Paul_Resmer (uuid: 7718f2d7-90cf-49d6-a1d9-8cf4d236ba82): :D
[23:01:18] Paul_Resmer (uuid: 7718f2d7-90cf-49d6-a1d9-8cf4d236ba82): this makes me so happy
[23:01:20] Paul_Resmer (uuid: 7718f2d7-90cf-49d6-a1d9-8cf4d236ba82): :D
[23:01:23] Paul_Resmer (uuid: 7718f2d7-90cf-49d6-a1d9-8cf4d236ba82): :D haha
[23:01:25] Paul_Resmer (uuid: 7718f2d7-90cf-49d6-a1d9-8cf4d236ba82): haha
[23:01:28] Paul_Resmer (uuid: 7718f2d7-90cf-49d6-a1d9-8cf4d236ba82): :D
[23:01:33] Paul_Resmer (uuid: 7718f2d7-90cf-49d6-a1d9-8cf4d236ba82): :D
[23:55:30] TheRealColmagi (uuid: c98c1615-0764-41e1-848d-73152bfabe94): aloha snackabar
