[10:38:57] TheRealColmagi (uuid: c98c1615-0764-41e1-848d-73152bfabe94): SHINZHOU WO SASAGEYO
[10:39:01] TheRealColmagi (uuid: c98c1615-0764-41e1-848d-73152bfabe94): ALLAHU AKBAR
[10:39:01] JohnProdman (uuid: 4150cd4b-a415-4298-bdc7-c9e330b466cc): no
[10:39:30] TheRealColmagi (uuid: c98c1615-0764-41e1-848d-73152bfabe94): knigger with a k
[10:39:37] JohnProdman (uuid: 4150cd4b-a415-4298-bdc7-c9e330b466cc): play csgo with me
[10:39:46] TheRealColmagi (uuid: c98c1615-0764-41e1-848d-73152bfabe94): i must take a shit brb
[10:50:10] JohnProdman (uuid: 4150cd4b-a415-4298-bdc7-c9e330b466cc): james
[11:06:51] TheRealColmagi (uuid: c98c1615-0764-41e1-848d-73152bfabe94): jew
[11:07:08] TheRealColmagi (uuid: c98c1615-0764-41e1-848d-73152bfabe94): nigga what r u doin
[11:19:32] JohnProdman (uuid: 4150cd4b-a415-4298-bdc7-c9e330b466cc): james
[11:19:41] JohnProdman (uuid: 4150cd4b-a415-4298-bdc7-c9e330b466cc): are jew
[11:19:58] TheRealColmagi (uuid: c98c1615-0764-41e1-848d-73152bfabe94): a boogie wit da hoodie
[11:20:12] JohnProdman (uuid: 4150cd4b-a415-4298-bdc7-c9e330b466cc): hop in a vc
[11:21:50] JohnProdman (uuid: 4150cd4b-a415-4298-bdc7-c9e330b466cc): james
[11:23:08] TheRealColmagi (uuid: c98c1615-0764-41e1-848d-73152bfabe94): nah cant talk
[11:23:18] JohnProdman (uuid: 4150cd4b-a415-4298-bdc7-c9e330b466cc): give opo
[11:23:20] JohnProdman (uuid: 4150cd4b-a415-4298-bdc7-c9e330b466cc): so i can we
[11:23:29] TheRealColmagi (uuid: c98c1615-0764-41e1-848d-73152bfabe94): nigger
[11:23:31] TheRealColmagi (uuid: c98c1615-0764-41e1-848d-73152bfabe94): ok
[11:23:36] TheRealColmagi (uuid: c98c1615-0764-41e1-848d-73152bfabe94): do we only
[11:27:09] JohnProdman (uuid: 4150cd4b-a415-4298-bdc7-c9e330b466cc): are u watchingme
[11:27:14] TheRealColmagi (uuid: c98c1615-0764-41e1-848d-73152bfabe94): wtf is in ur inven nigga
[11:27:23] JohnProdman (uuid: 4150cd4b-a415-4298-bdc7-c9e330b466cc): lol
[11:27:23] JohnProdman (uuid: 4150cd4b-a415-4298-bdc7-c9e330b466cc): idk
[11:27:31] JohnProdman (uuid: 4150cd4b-a415-4298-bdc7-c9e330b466cc): wait r u invis
[11:27:35] TheRealColmagi (uuid: c98c1615-0764-41e1-848d-73152bfabe94): im right here
[11:28:28] TheRealColmagi (uuid: c98c1615-0764-41e1-848d-73152bfabe94): th fuk nigga
[11:29:16] TheRealColmagi (uuid: c98c1615-0764-41e1-848d-73152bfabe94): wait
[11:29:18] TheRealColmagi (uuid: c98c1615-0764-41e1-848d-73152bfabe94): watch
[11:29:26] TheRealColmagi (uuid: c98c1615-0764-41e1-848d-73152bfabe94): oops that kinda fuked it up
[11:29:31] TheRealColmagi (uuid: c98c1615-0764-41e1-848d-73152bfabe94): theres a stack command
[11:29:38] TheRealColmagi (uuid: c98c1615-0764-41e1-848d-73152bfabe94): so that it will extend a perfect copy
[11:29:45] JohnProdman (uuid: 4150cd4b-a415-4298-bdc7-c9e330b466cc): oh shit
[11:29:46] TheRealColmagi (uuid: c98c1615-0764-41e1-848d-73152bfabe94): so u just gotta find a start and end point
[11:30:19] TheRealColmagi (uuid: c98c1615-0764-41e1-848d-73152bfabe94): wtf
[11:30:34] TheRealColmagi (uuid: c98c1615-0764-41e1-848d-73152bfabe94): nigggga wtf
[11:30:45] TheRealColmagi (uuid: c98c1615-0764-41e1-848d-73152bfabe94): ok whatever u do that
[11:31:53] TheRealColmagi (uuid: c98c1615-0764-41e1-848d-73152bfabe94): meme machine
[11:31:55] TheRealColmagi (uuid: c98c1615-0764-41e1-848d-73152bfabe94): meme machine
[11:31:59] TheRealColmagi (uuid: c98c1615-0764-41e1-848d-73152bfabe94): im a motherfucking meme machine
[11:32:09] TheRealColmagi (uuid: c98c1615-0764-41e1-848d-73152bfabe94): ALL UR RAILS ARE FUCKED UP NIGGA
[11:33:10] TheRealColmagi (uuid: c98c1615-0764-41e1-848d-73152bfabe94): NIGGA
[11:33:31] JohnProdman (uuid: 4150cd4b-a415-4298-bdc7-c9e330b466cc): isnt selection 2 points?
[11:33:35] TheRealColmagi (uuid: c98c1615-0764-41e1-848d-73152bfabe94): deadass
[11:33:38] TheRealColmagi (uuid: c98c1615-0764-41e1-848d-73152bfabe94): wtf u doin wigga
[11:33:46] TheRealColmagi (uuid: c98c1615-0764-41e1-848d-73152bfabe94): undo it
[11:34:57] JohnProdman (uuid: 4150cd4b-a415-4298-bdc7-c9e330b466cc): there we ogo
[11:35:10] JohnProdman (uuid: 4150cd4b-a415-4298-bdc7-c9e330b466cc): not rlly
[11:35:14] JohnProdman (uuid: 4150cd4b-a415-4298-bdc7-c9e330b466cc): wait its not me
[11:35:18] JohnProdman (uuid: 4150cd4b-a415-4298-bdc7-c9e330b466cc): worldedit buggy as jews
[11:35:43] TheRealColmagi (uuid: c98c1615-0764-41e1-848d-73152bfabe94): u suk at we
[11:37:44] JohnProdman (uuid: 4150cd4b-a415-4298-bdc7-c9e330b466cc): dp ot
[11:37:47] JohnProdman (uuid: 4150cd4b-a415-4298-bdc7-c9e330b466cc): do it
[12:10:16] TheRealColmagi (uuid: c98c1615-0764-41e1-848d-73152bfabe94): ok nigga
[12:47:15] JohnProdman (uuid: 4150cd4b-a415-4298-bdc7-c9e330b466cc): james ima play csgo i need cmd blok help later
[12:50:03] TheRealColmagi (uuid: c98c1615-0764-41e1-848d-73152bfabe94): autsmo
[12:50:20] JohnProdman (uuid: 4150cd4b-a415-4298-bdc7-c9e330b466cc): come
[12:50:32] JohnProdman (uuid: 4150cd4b-a415-4298-bdc7-c9e330b466cc): REEEE
[12:50:35] TheRealColmagi (uuid: c98c1615-0764-41e1-848d-73152bfabe94): brah
[12:50:37] TheRealColmagi (uuid: c98c1615-0764-41e1-848d-73152bfabe94): lag
[12:50:40] JohnProdman (uuid: 4150cd4b-a415-4298-bdc7-c9e330b466cc): its only u
[12:50:49] JohnProdman (uuid: 4150cd4b-a415-4298-bdc7-c9e330b466cc): wanna play csgo
[12:50:50] JohnProdman (uuid: 4150cd4b-a415-4298-bdc7-c9e330b466cc): am bored
[12:51:56] TheRealColmagi (uuid: c98c1615-0764-41e1-848d-73152bfabe94): no
[12:51:59] TheRealColmagi (uuid: c98c1615-0764-41e1-848d-73152bfabe94): have ehap
[12:52:00] JohnProdman (uuid: 4150cd4b-a415-4298-bdc7-c9e330b466cc): then help me
[12:56:01] JohnProdman (uuid: 4150cd4b-a415-4298-bdc7-c9e330b466cc): that one breaks it look
[12:56:07] TheRealColmagi (uuid: c98c1615-0764-41e1-848d-73152bfabe94): w0w
[12:56:10] JohnProdman (uuid: 4150cd4b-a415-4298-bdc7-c9e330b466cc): wait look
[12:56:26] JohnProdman (uuid: 4150cd4b-a415-4298-bdc7-c9e330b466cc): auto break
[12:56:35] TheRealColmagi (uuid: c98c1615-0764-41e1-848d-73152bfabe94): holy
[12:56:40] JohnProdman (uuid: 4150cd4b-a415-4298-bdc7-c9e330b466cc): shit
[12:56:42] JohnProdman (uuid: 4150cd4b-a415-4298-bdc7-c9e330b466cc): i lost it
[12:56:44] TheRealColmagi (uuid: c98c1615-0764-41e1-848d-73152bfabe94): can u get rid of this shit
[12:56:47] TheRealColmagi (uuid: c98c1615-0764-41e1-848d-73152bfabe94): redstone thing
[12:56:51] JohnProdman (uuid: 4150cd4b-a415-4298-bdc7-c9e330b466cc): wait
[12:56:57] JohnProdman (uuid: 4150cd4b-a415-4298-bdc7-c9e330b466cc): come
[12:57:01] TheRealColmagi (uuid: c98c1615-0764-41e1-848d-73152bfabe94): WTF
[12:57:11] TheRealColmagi (uuid: c98c1615-0764-41e1-848d-73152bfabe94): lmao not even effective
[12:57:28] JohnProdman (uuid: 4150cd4b-a415-4298-bdc7-c9e330b466cc): its hitting creepers
[12:57:32] JohnProdman (uuid: 4150cd4b-a415-4298-bdc7-c9e330b466cc): 1 dead
[12:58:37] JohnProdman (uuid: 4150cd4b-a415-4298-bdc7-c9e330b466cc): see
[12:58:39] JohnProdman (uuid: 4150cd4b-a415-4298-bdc7-c9e330b466cc): ur being saved
[12:59:02] JohnProdman (uuid: 4150cd4b-a415-4298-bdc7-c9e330b466cc): did u turn it off or out of ammo
[12:59:09] TheRealColmagi (uuid: c98c1615-0764-41e1-848d-73152bfabe94): ammo
[12:59:21] JohnProdman (uuid: 4150cd4b-a415-4298-bdc7-c9e330b466cc): can u make a command blcok that auto supplies minecarts
[12:59:33] JohnProdman (uuid: 4150cd4b-a415-4298-bdc7-c9e330b466cc): and a cmd block that break blocks in front of it
[12:59:34] TheRealColmagi (uuid: c98c1615-0764-41e1-848d-73152bfabe94): its nice redstone
[12:59:35] TheRealColmagi (uuid: c98c1615-0764-41e1-848d-73152bfabe94): but pls delete
[12:59:49] TheRealColmagi (uuid: c98c1615-0764-41e1-848d-73152bfabe94): this is an elytra launch platform
[12:59:51] TheRealColmagi (uuid: c98c1615-0764-41e1-848d-73152bfabe94): not a war machine
[13:00:12] JohnProdman (uuid: 4150cd4b-a415-4298-bdc7-c9e330b466cc): its not done because i dpont know cmd blok
[13:00:17] TheRealColmagi (uuid: c98c1615-0764-41e1-848d-73152bfabe94): look it up lol
