[11:42:06] BowMaster_7 (uuid: 09906eb9-3bd7-461e-9aff-854e2d4b7835): uthere
[11:48:01] BowMaster_7 (uuid: 09906eb9-3bd7-461e-9aff-854e2d4b7835): what
[11:48:02] TheRealColmagi (uuid: c98c1615-0764-41e1-848d-73152bfabe94): hi fagot
[11:48:05] BowMaster_7 (uuid: 09906eb9-3bd7-461e-9aff-854e2d4b7835): ello
[11:48:08] TheRealColmagi (uuid: c98c1615-0764-41e1-848d-73152bfabe94): add me to claim
[11:48:10] BowMaster_7 (uuid: 09906eb9-3bd7-461e-9aff-854e2d4b7835): help me get wood
[11:48:30] BowMaster_7 (uuid: 09906eb9-3bd7-461e-9aff-854e2d4b7835): tp to me
[11:50:12] BowMaster_7 (uuid: 09906eb9-3bd7-461e-9aff-854e2d4b7835): oi
[11:50:13] BowMaster_7 (uuid: 09906eb9-3bd7-461e-9aff-854e2d4b7835): james
[11:50:35] TheRealColmagi (uuid: c98c1615-0764-41e1-848d-73152bfabe94): faking psyonix
[11:50:42] BowMaster_7 (uuid: 09906eb9-3bd7-461e-9aff-854e2d4b7835): commere
[11:50:47] BowMaster_7 (uuid: 09906eb9-3bd7-461e-9aff-854e2d4b7835): and help me get wood
[11:50:49] TheRealColmagi (uuid: c98c1615-0764-41e1-848d-73152bfabe94): keeps putting me in the middle of games
[11:50:57] TheRealColmagi (uuid: c98c1615-0764-41e1-848d-73152bfabe94): im tryna play rocket league lmao
[11:51:00] BowMaster_7 (uuid: 09906eb9-3bd7-461e-9aff-854e2d4b7835): omg
[11:51:02] BowMaster_7 (uuid: 09906eb9-3bd7-461e-9aff-854e2d4b7835): no
[11:51:10] BowMaster_7 (uuid: 09906eb9-3bd7-461e-9aff-854e2d4b7835): no
[11:51:12] TheRealColmagi (uuid: c98c1615-0764-41e1-848d-73152bfabe94): psyonix is gay shit keeps putting me in the middle of games
[11:51:22] BowMaster_7 (uuid: 09906eb9-3bd7-461e-9aff-854e2d4b7835): dude
[11:51:25] TheRealColmagi (uuid: c98c1615-0764-41e1-848d-73152bfabe94): wot
[11:51:30] BowMaster_7 (uuid: 09906eb9-3bd7-461e-9aff-854e2d4b7835): does ur world even have a jungle
[11:51:35] TheRealColmagi (uuid: c98c1615-0764-41e1-848d-73152bfabe94): u gotta look for it
[11:51:39] BowMaster_7 (uuid: 09906eb9-3bd7-461e-9aff-854e2d4b7835): i searched for 3 hours yesterday
[11:51:43] TheRealColmagi (uuid: c98c1615-0764-41e1-848d-73152bfabe94): lmao
[11:51:45] BowMaster_7 (uuid: 09906eb9-3bd7-461e-9aff-854e2d4b7835): and i found nothing
[11:51:57] TheRealColmagi (uuid: c98c1615-0764-41e1-848d-73152bfabe94): ill look for one
[11:52:06] BowMaster_7 (uuid: 09906eb9-3bd7-461e-9aff-854e2d4b7835): gl
[11:52:20] BowMaster_7 (uuid: 09906eb9-3bd7-461e-9aff-854e2d4b7835): it crashed my game i got so far away
[11:55:46] TheRealColmagi (uuid: c98c1615-0764-41e1-848d-73152bfabe94): hmm now that i think of it theres no desert biome either
[11:55:48] TheRealColmagi (uuid: c98c1615-0764-41e1-848d-73152bfabe94): no wait
[11:55:51] BowMaster_7 (uuid: 09906eb9-3bd7-461e-9aff-854e2d4b7835): no
[11:55:52] TheRealColmagi (uuid: c98c1615-0764-41e1-848d-73152bfabe94): my friend found a desert biome
[11:55:53] BowMaster_7 (uuid: 09906eb9-3bd7-461e-9aff-854e2d4b7835):  i found one
[11:55:57] BowMaster_7 (uuid: 09906eb9-3bd7-461e-9aff-854e2d4b7835): 2 actually
[11:59:15] TheRealColmagi (uuid: c98c1615-0764-41e1-848d-73152bfabe94): oh yeah
[11:59:18] TheRealColmagi (uuid: c98c1615-0764-41e1-848d-73152bfabe94): do /warp walmart
[11:59:28] BowMaster_7 (uuid: 09906eb9-3bd7-461e-9aff-854e2d4b7835): lol
[11:59:30] BowMaster_7 (uuid: 09906eb9-3bd7-461e-9aff-854e2d4b7835): lol
[11:59:32] BowMaster_7 (uuid: 09906eb9-3bd7-461e-9aff-854e2d4b7835): what?
[11:59:33] TheRealColmagi (uuid: c98c1615-0764-41e1-848d-73152bfabe94): real quick do it
[11:59:36] BowMaster_7 (uuid: 09906eb9-3bd7-461e-9aff-854e2d4b7835): XD
[11:59:42] BowMaster_7 (uuid: 09906eb9-3bd7-461e-9aff-854e2d4b7835): u come to me then
[11:59:46] BowMaster_7 (uuid: 09906eb9-3bd7-461e-9aff-854e2d4b7835): and stay here
[11:59:49] BowMaster_7 (uuid: 09906eb9-3bd7-461e-9aff-854e2d4b7835): so i can tp back
[11:59:52] TheRealColmagi (uuid: c98c1615-0764-41e1-848d-73152bfabe94): ah thats lame hold on
[11:59:57] TheRealColmagi (uuid: c98c1615-0764-41e1-848d-73152bfabe94): ill set a home here so i can come back
[12:00:03] TheRealColmagi (uuid: c98c1615-0764-41e1-848d-73152bfabe94): k go to walmart
[12:00:22] TheRealColmagi (uuid: c98c1615-0764-41e1-848d-73152bfabe94): top kek
[12:00:25] BowMaster_7 (uuid: 09906eb9-3bd7-461e-9aff-854e2d4b7835): wt
[12:00:25] TheRealColmagi (uuid: c98c1615-0764-41e1-848d-73152bfabe94): forgot i built this
[12:01:19] BowMaster_7 (uuid: 09906eb9-3bd7-461e-9aff-854e2d4b7835): wtf is this
[12:01:21] TheRealColmagi (uuid: c98c1615-0764-41e1-848d-73152bfabe94): a mall
[12:01:24] BowMaster_7 (uuid: 09906eb9-3bd7-461e-9aff-854e2d4b7835): XD
[12:01:38] TheRealColmagi (uuid: c98c1615-0764-41e1-848d-73152bfabe94): i have an eco plugin and this was gonna be where i give out plots to ppl and ppl would warp in and out to trade wares
[12:01:46] TheRealColmagi (uuid: c98c1615-0764-41e1-848d-73152bfabe94): but u know nobody gets on except u and hubert and samuel xd
[12:01:53] BowMaster_7 (uuid: 09906eb9-3bd7-461e-9aff-854e2d4b7835): loil
[12:01:57] BowMaster_7 (uuid: 09906eb9-3bd7-461e-9aff-854e2d4b7835): and maple
[12:02:02] BowMaster_7 (uuid: 09906eb9-3bd7-461e-9aff-854e2d4b7835): ery once in a while
[12:02:11] TheRealColmagi (uuid: c98c1615-0764-41e1-848d-73152bfabe94): btw if u do /warp market u could probably buy wood instead of looking for it lol
[12:02:47] TheRealColmagi (uuid: c98c1615-0764-41e1-848d-73152bfabe94): right here
[12:02:50] TheRealColmagi (uuid: c98c1615-0764-41e1-848d-73152bfabe94): 16 oak logs for 32
[12:03:02] BowMaster_7 (uuid: 09906eb9-3bd7-461e-9aff-854e2d4b7835): im a poor farmer
[12:03:04] TheRealColmagi (uuid: c98c1615-0764-41e1-848d-73152bfabe94): eks de
[12:03:06] BowMaster_7 (uuid: 09906eb9-3bd7-461e-9aff-854e2d4b7835): i aint got no money
[12:03:09] TheRealColmagi (uuid: c98c1615-0764-41e1-848d-73152bfabe94): sell shit
[12:03:13] TheRealColmagi (uuid: c98c1615-0764-41e1-848d-73152bfabe94): 16 cobble for 16
[12:03:21] TheRealColmagi (uuid: c98c1615-0764-41e1-848d-73152bfabe94): to leave do /spawn
[12:03:34] TheRealColmagi (uuid: c98c1615-0764-41e1-848d-73152bfabe94): this is the spawn area btw
[12:03:47] BowMaster_7 (uuid: 09906eb9-3bd7-461e-9aff-854e2d4b7835): what was the tp to go to the forest where i was
[12:03:48] TheRealColmagi (uuid: c98c1615-0764-41e1-848d-73152bfabe94): now ur back here
[12:03:49] BowMaster_7 (uuid: 09906eb9-3bd7-461e-9aff-854e2d4b7835): oh
[12:03:51] BowMaster_7 (uuid: 09906eb9-3bd7-461e-9aff-854e2d4b7835): lol
[12:03:52] BowMaster_7 (uuid: 09906eb9-3bd7-461e-9aff-854e2d4b7835): thx
[12:03:55] TheRealColmagi (uuid: c98c1615-0764-41e1-848d-73152bfabe94): k cya
[12:03:59] BowMaster_7 (uuid: 09906eb9-3bd7-461e-9aff-854e2d4b7835): ?
[12:04:03] TheRealColmagi (uuid: c98c1615-0764-41e1-848d-73152bfabe94): im goin back to da house
[12:04:05] BowMaster_7 (uuid: 09906eb9-3bd7-461e-9aff-854e2d4b7835): where u going
[12:04:08] BowMaster_7 (uuid: 09906eb9-3bd7-461e-9aff-854e2d4b7835): oh ok
[12:04:14] BowMaster_7 (uuid: 09906eb9-3bd7-461e-9aff-854e2d4b7835): i thought u were gonna leav
[12:04:20] TheRealColmagi (uuid: c98c1615-0764-41e1-848d-73152bfabe94): also have drawing class in 30 min lmao
[12:04:27] BowMaster_7 (uuid: 09906eb9-3bd7-461e-9aff-854e2d4b7835): ugh
[12:04:33] BowMaster_7 (uuid: 09906eb9-3bd7-461e-9aff-854e2d4b7835): when will u beb ack
[12:04:35] TheRealColmagi (uuid: c98c1615-0764-41e1-848d-73152bfabe94): like 2
[12:04:42] BowMaster_7 (uuid: 09906eb9-3bd7-461e-9aff-854e2d4b7835): -_-
[12:04:42] TheRealColmagi (uuid: c98c1615-0764-41e1-848d-73152bfabe94): hubert will probably get on
[12:04:50] BowMaster_7 (uuid: 09906eb9-3bd7-461e-9aff-854e2d4b7835): oh and i don thave my phone
[12:04:57] BowMaster_7 (uuid: 09906eb9-3bd7-461e-9aff-854e2d4b7835): so texting me wont work
[12:05:00] TheRealColmagi (uuid: c98c1615-0764-41e1-848d-73152bfabe94): oh thats why u never get my msgs
[12:05:05] BowMaster_7 (uuid: 09906eb9-3bd7-461e-9aff-854e2d4b7835): yea
[12:05:07] BowMaster_7 (uuid: 09906eb9-3bd7-461e-9aff-854e2d4b7835): yea
[12:05:09] TheRealColmagi (uuid: c98c1615-0764-41e1-848d-73152bfabe94): i beat crescendo in 10 attempts yesterday
[12:05:14] TheRealColmagi (uuid: c98c1615-0764-41e1-848d-73152bfabe94): dont know why i couldnt beat it before
[12:05:14] BowMaster_7 (uuid: 09906eb9-3bd7-461e-9aff-854e2d4b7835): ll
[12:05:24] TheRealColmagi (uuid: c98c1615-0764-41e1-848d-73152bfabe94): also only 4 ppl have beat the top 3 demons
[12:05:34] BowMaster_7 (uuid: 09906eb9-3bd7-461e-9aff-854e2d4b7835): SUNIX
[12:05:49] TheRealColmagi (uuid: c98c1615-0764-41e1-848d-73152bfabe94): sunix, rampage, kevtom, and diamondsplash
[12:06:03] TheRealColmagi (uuid: c98c1615-0764-41e1-848d-73152bfabe94): i couldnt play yesterday cuz i was picking up my brother from austin
[12:06:04] BowMaster_7 (uuid: 09906eb9-3bd7-461e-9aff-854e2d4b7835): idek who rampage or diamondsplash are
[12:06:15] BowMaster_7 (uuid: 09906eb9-3bd7-461e-9aff-854e2d4b7835): idek who rampage or diamondsplash are
[12:06:17] TheRealColmagi (uuid: c98c1615-0764-41e1-848d-73152bfabe94): y dont u have ur phone eh
[12:06:21] TheRealColmagi (uuid: c98c1615-0764-41e1-848d-73152bfabe94): bad boy
[12:06:28] BowMaster_7 (uuid: 09906eb9-3bd7-461e-9aff-854e2d4b7835): got in trouble
[12:06:40] TheRealColmagi (uuid: c98c1615-0764-41e1-848d-73152bfabe94): delinquent
[12:06:48] TheRealColmagi (uuid: c98c1615-0764-41e1-848d-73152bfabe94): k well i gotta eat then leave xd
[18:42:23] TheRealColmagi (uuid: c98c1615-0764-41e1-848d-73152bfabe94): eks de
[18:42:36] BowMaster_7 (uuid: 09906eb9-3bd7-461e-9aff-854e2d4b7835): oi
[18:42:41] BowMaster_7 (uuid: 09906eb9-3bd7-461e-9aff-854e2d4b7835): finally
[18:42:43] TheRealColmagi (uuid: c98c1615-0764-41e1-848d-73152bfabe94): yeah m8
[18:42:48] TheRealColmagi (uuid: c98c1615-0764-41e1-848d-73152bfabe94): yeeeeeeeeeeeeee m8
[18:42:59] BowMaster_7 (uuid: 09906eb9-3bd7-461e-9aff-854e2d4b7835): help me with this tavern
[18:43:08] TheRealColmagi (uuid: c98c1615-0764-41e1-848d-73152bfabe94): whats a tavern
[18:43:33] TheRealColmagi (uuid: c98c1615-0764-41e1-848d-73152bfabe94): w0t the fuk is this
[18:44:12] BowMaster_7 (uuid: 09906eb9-3bd7-461e-9aff-854e2d4b7835): a tavern
[18:45:20] TheRealColmagi (uuid: c98c1615-0764-41e1-848d-73152bfabe94): xd
[18:45:25] TheRealColmagi (uuid: c98c1615-0764-41e1-848d-73152bfabe94): more like gay xd
[18:45:26] BowMaster_7 (uuid: 09906eb9-3bd7-461e-9aff-854e2d4b7835): can u lemme fly
[18:45:28] BowMaster_7 (uuid: 09906eb9-3bd7-461e-9aff-854e2d4b7835): this is annoyg
[18:45:39] BowMaster_7 (uuid: 09906eb9-3bd7-461e-9aff-854e2d4b7835): i have to walk up 24/7
[18:45:47] TheRealColmagi (uuid: c98c1615-0764-41e1-848d-73152bfabe94): u must struggle
[18:45:51] BowMaster_7 (uuid: 09906eb9-3bd7-461e-9aff-854e2d4b7835): su
[18:45:52] TheRealColmagi (uuid: c98c1615-0764-41e1-848d-73152bfabe94): being miserable builds character
[18:46:00] BowMaster_7 (uuid: 09906eb9-3bd7-461e-9aff-854e2d4b7835): god damn it
[18:46:11] TheRealColmagi (uuid: c98c1615-0764-41e1-848d-73152bfabe94): calvin, go do something you hate! being miserable builds character!
[18:46:22] BowMaster_7 (uuid: 09906eb9-3bd7-461e-9aff-854e2d4b7835): lemme fly
[18:48:18] TheRealColmagi (uuid: c98c1615-0764-41e1-848d-73152bfabe94): spi ce meme
[18:48:48] TheRealColmagi (uuid: c98c1615-0764-41e1-848d-73152bfabe94): do u get that reference
[18:49:01] BowMaster_7 (uuid: 09906eb9-3bd7-461e-9aff-854e2d4b7835): lemme fly
[18:49:10] TheRealColmagi (uuid: c98c1615-0764-41e1-848d-73152bfabe94): ill decorate it but u must build it exdeeeeeeeeeeeeeeeeeeeeeEEEEE
[18:49:18] BowMaster_7 (uuid: 09906eb9-3bd7-461e-9aff-854e2d4b7835): IM TREYING
[18:49:20] TheRealColmagi (uuid: c98c1615-0764-41e1-848d-73152bfabe94): its like gd
[18:49:23] BowMaster_7 (uuid: 09906eb9-3bd7-461e-9aff-854e2d4b7835): But i cant FLY
[18:49:29] TheRealColmagi (uuid: c98c1615-0764-41e1-848d-73152bfabe94): u layout ill decor and verify cuz im good
[18:49:39] TheRealColmagi (uuid: c98c1615-0764-41e1-848d-73152bfabe94): knobbelboi
[18:49:41] BowMaster_7 (uuid: 09906eb9-3bd7-461e-9aff-854e2d4b7835): i verify dumb
[18:49:43] BowMaster_7 (uuid: 09906eb9-3bd7-461e-9aff-854e2d4b7835): butt
[18:49:55] TheRealColmagi (uuid: c98c1615-0764-41e1-848d-73152bfabe94): thats no way to talk to someone ur trying to get something from now is it xd
[18:50:04] BowMaster_7 (uuid: 09906eb9-3bd7-461e-9aff-854e2d4b7835): ur
[18:50:06] BowMaster_7 (uuid: 09906eb9-3bd7-461e-9aff-854e2d4b7835): a
[18:50:08] BowMaster_7 (uuid: 09906eb9-3bd7-461e-9aff-854e2d4b7835): f a g
[18:50:08] TheRealColmagi (uuid: c98c1615-0764-41e1-848d-73152bfabe94): nigger
[18:50:22] TheRealColmagi (uuid: c98c1615-0764-41e1-848d-73152bfabe94): if hubert were talking he would've said nigger lmao
[18:50:30] BowMaster_7 (uuid: 09906eb9-3bd7-461e-9aff-854e2d4b7835): fish and gertrude
[18:51:17] TheRealColmagi (uuid: c98c1615-0764-41e1-848d-73152bfabe94): trust me fagot
[18:51:19] TheRealColmagi (uuid: c98c1615-0764-41e1-848d-73152bfabe94): i cant do shit
[18:51:31] BowMaster_7 (uuid: 09906eb9-3bd7-461e-9aff-854e2d4b7835): then lemme fly
[18:51:32] TheRealColmagi (uuid: c98c1615-0764-41e1-848d-73152bfabe94): nig nog
[18:51:37] TheRealColmagi (uuid: c98c1615-0764-41e1-848d-73152bfabe94): k dont trust me then faget
[18:51:41] TheRealColmagi (uuid: c98c1615-0764-41e1-848d-73152bfabe94): ill just ignore claims
[18:51:46] BowMaster_7 (uuid: 09906eb9-3bd7-461e-9aff-854e2d4b7835): o
[18:51:53] BowMaster_7 (uuid: 09906eb9-3bd7-461e-9aff-854e2d4b7835): i thought u mean building
[18:51:57] BowMaster_7 (uuid: 09906eb9-3bd7-461e-9aff-854e2d4b7835): wtf
[18:52:11] TheRealColmagi (uuid: c98c1615-0764-41e1-848d-73152bfabe94): p r a n k e d
[18:52:38] BowMaster_7 (uuid: 09906eb9-3bd7-461e-9aff-854e2d4b7835): this is more like a barn
[18:52:40] TheRealColmagi (uuid: c98c1615-0764-41e1-848d-73152bfabe94): yeah m8
[18:52:46] BowMaster_7 (uuid: 09906eb9-3bd7-461e-9aff-854e2d4b7835): nobody cares
[18:52:53] BowMaster_7 (uuid: 09906eb9-3bd7-461e-9aff-854e2d4b7835): its a tavern now
[18:52:56] TheRealColmagi (uuid: c98c1615-0764-41e1-848d-73152bfabe94): how the fuck u get to second floor in this building LOL
[18:53:03] BowMaster_7 (uuid: 09906eb9-3bd7-461e-9aff-854e2d4b7835): LEMME FLY
[18:53:13] TheRealColmagi (uuid: c98c1615-0764-41e1-848d-73152bfabe94): theres no stairs wtf
[18:53:18] TheRealColmagi (uuid: c98c1615-0764-41e1-848d-73152bfabe94): nvm
[18:53:21] TheRealColmagi (uuid: c98c1615-0764-41e1-848d-73152bfabe94): found them
[18:53:25] BowMaster_7 (uuid: 09906eb9-3bd7-461e-9aff-854e2d4b7835): i havent built stairs yet
[18:53:32] BowMaster_7 (uuid: 09906eb9-3bd7-461e-9aff-854e2d4b7835): thank youuuuuuuuuuuuuuuuuuuuuuuuuuuuu
[18:53:35] TheRealColmagi (uuid: c98c1615-0764-41e1-848d-73152bfabe94): LOL
[18:53:48] TheRealColmagi (uuid: c98c1615-0764-41e1-848d-73152bfabe94): ur names now nigger hahahahahaha
[18:53:52] BowMaster_7 (uuid: 09906eb9-3bd7-461e-9aff-854e2d4b7835): mhmj
[18:53:52] TheRealColmagi (uuid: c98c1615-0764-41e1-848d-73152bfabe94): funny meme
[18:53:56] BowMaster_7 (uuid: 09906eb9-3bd7-461e-9aff-854e2d4b7835): boi
[18:53:57] BowMaster_7 (uuid: 09906eb9-3bd7-461e-9aff-854e2d4b7835): no
[18:54:18] BowMaster_7 (uuid: 09906eb9-3bd7-461e-9aff-854e2d4b7835): cuz my dad walks in ery once in a while
[18:54:24] TheRealColmagi (uuid: c98c1615-0764-41e1-848d-73152bfabe94): its k i changed it back
[18:54:29] BowMaster_7 (uuid: 09906eb9-3bd7-461e-9aff-854e2d4b7835): ,k,
[18:54:54] TheRealColmagi (uuid: c98c1615-0764-41e1-848d-73152bfabe94): huehuehue
[18:55:01] TheRealColmagi (uuid: c98c1615-0764-41e1-848d-73152bfabe94): wtffffffffffff my name isnt red
[18:55:09] TheRealColmagi (uuid: c98c1615-0764-41e1-848d-73152bfabe94): o yeah
[18:55:14] TheRealColmagi (uuid: c98c1615-0764-41e1-848d-73152bfabe94): wtf
[18:55:15] BowMaster_7 (uuid: 09906eb9-3bd7-461e-9aff-854e2d4b7835): u should make me an admin
[18:55:16] TheRealColmagi (uuid: c98c1615-0764-41e1-848d-73152bfabe94): there
[18:55:17] BowMaster_7 (uuid: 09906eb9-3bd7-461e-9aff-854e2d4b7835): and hube
[18:55:27] TheRealColmagi (uuid: c98c1615-0764-41e1-848d-73152bfabe94): nigga theres no use for admins its not like nobody gets on
[18:55:39] BowMaster_7 (uuid: 09906eb9-3bd7-461e-9aff-854e2d4b7835): maple has admin
[18:55:45] BowMaster_7 (uuid: 09906eb9-3bd7-461e-9aff-854e2d4b7835): we play more than him
[18:55:45] TheRealColmagi (uuid: c98c1615-0764-41e1-848d-73152bfabe94): and he never gets on lol
[18:55:53] TheRealColmagi (uuid: c98c1615-0764-41e1-848d-73152bfabe94): i have no need for admins
[18:56:08] TheRealColmagi (uuid: c98c1615-0764-41e1-848d-73152bfabe94): that was just his rank b4, when ppl actually played
[18:56:57] TheRealColmagi (uuid: c98c1615-0764-41e1-848d-73152bfabe94): tiem to play dragon city with david pARK
[18:57:03] BowMaster_7 (uuid: 09906eb9-3bd7-461e-9aff-854e2d4b7835): no
[18:57:07] BowMaster_7 (uuid: 09906eb9-3bd7-461e-9aff-854e2d4b7835): help me
[18:57:11] BowMaster_7 (uuid: 09906eb9-3bd7-461e-9aff-854e2d4b7835): with this
[19:06:53] TheRealColmagi (uuid: c98c1615-0764-41e1-848d-73152bfabe94): my nibba
[19:07:11] TheRealColmagi (uuid: c98c1615-0764-41e1-848d-73152bfabe94): ima shoot u outta the air
[19:07:15] BowMaster_7 (uuid: 09906eb9-3bd7-461e-9aff-854e2d4b7835): no
[19:09:04] TheRealColmagi (uuid: c98c1615-0764-41e1-848d-73152bfabe94): get out skelenigga
[19:09:15] BowMaster_7 (uuid: 09906eb9-3bd7-461e-9aff-854e2d4b7835): damn
[19:09:20] BowMaster_7 (uuid: 09906eb9-3bd7-461e-9aff-854e2d4b7835): this place is way too big
[19:09:22] BowMaster_7 (uuid: 09906eb9-3bd7-461e-9aff-854e2d4b7835): XXD
[19:10:14] BowMaster_7 (uuid: 09906eb9-3bd7-461e-9aff-854e2d4b7835): lamoooooooooooo
[19:10:25] TheRealColmagi (uuid: c98c1615-0764-41e1-848d-73152bfabe94): haha fuk
[19:10:32] BowMaster_7 (uuid: 09906eb9-3bd7-461e-9aff-854e2d4b7835): wjered u die
[19:10:45] TheRealColmagi (uuid: c98c1615-0764-41e1-848d-73152bfabe94): i got my shit back nigga
[19:10:49] BowMaster_7 (uuid: 09906eb9-3bd7-461e-9aff-854e2d4b7835): ik
[19:11:28] BowMaster_7 (uuid: 09906eb9-3bd7-461e-9aff-854e2d4b7835): stahp
[19:11:31] BowMaster_7 (uuid: 09906eb9-3bd7-461e-9aff-854e2d4b7835): so loud
[19:11:42] BowMaster_7 (uuid: 09906eb9-3bd7-461e-9aff-854e2d4b7835): how should i cap these off
[19:11:48] BowMaster_7 (uuid: 09906eb9-3bd7-461e-9aff-854e2d4b7835): hames
[19:12:07] BowMaster_7 (uuid: 09906eb9-3bd7-461e-9aff-854e2d4b7835): hehehe
[19:12:15] BowMaster_7 (uuid: 09906eb9-3bd7-461e-9aff-854e2d4b7835): i was gonna give it to u
[19:12:15] TheRealColmagi (uuid: c98c1615-0764-41e1-848d-73152bfabe94): ill take that back
[19:12:37] BowMaster_7 (uuid: 09906eb9-3bd7-461e-9aff-854e2d4b7835): commere
[19:12:42] BowMaster_7 (uuid: 09906eb9-3bd7-461e-9aff-854e2d4b7835): and i need ur expertese
[19:12:49] BowMaster_7 (uuid: 09906eb9-3bd7-461e-9aff-854e2d4b7835): to tell me how i should cap these ends off
[19:13:01] TheRealColmagi (uuid: c98c1615-0764-41e1-848d-73152bfabe94): wot
[19:13:07] BowMaster_7 (uuid: 09906eb9-3bd7-461e-9aff-854e2d4b7835): how should i cap this
[19:13:12] TheRealColmagi (uuid: c98c1615-0764-41e1-848d-73152bfabe94): the same as the house
[19:13:21] BowMaster_7 (uuid: 09906eb9-3bd7-461e-9aff-854e2d4b7835): no
[19:13:21] BowMaster_7 (uuid: 09906eb9-3bd7-461e-9aff-854e2d4b7835): ew
[19:13:36] TheRealColmagi (uuid: c98c1615-0764-41e1-848d-73152bfabe94): dunno mate im an interior decorator, not the best at building
[19:14:08] TheRealColmagi (uuid: c98c1615-0764-41e1-848d-73152bfabe94): bom
[19:14:12] BowMaster_7 (uuid: 09906eb9-3bd7-461e-9aff-854e2d4b7835): lmaooooooooooooooooooooooooooooooooooooooooooooooooooooooooooooooooooooooooooooooo
[19:14:25] TheRealColmagi (uuid: c98c1615-0764-41e1-848d-73152bfabe94): im off to become a wizard
[19:19:05] TheRealColmagi (uuid: c98c1615-0764-41e1-848d-73152bfabe94): sham nigga
[19:19:38] TheRealColmagi (uuid: c98c1615-0764-41e1-848d-73152bfabe94): oh no baby what is u doin
[19:20:14] BowMaster_7 (uuid: 09906eb9-3bd7-461e-9aff-854e2d4b7835): i gtg
[19:20:16] TheRealColmagi (uuid: c98c1615-0764-41e1-848d-73152bfabe94): cya
[19:20:18] BowMaster_7 (uuid: 09906eb9-3bd7-461e-9aff-854e2d4b7835): ill be back later
[19:20:23] BowMaster_7 (uuid: 09906eb9-3bd7-461e-9aff-854e2d4b7835): gotta eat dinner
[19:20:29] TheRealColmagi (uuid: c98c1615-0764-41e1-848d-73152bfabe94): k ill be goin on a walk LOL
[19:35:30] BowMaster_7 (uuid: 09906eb9-3bd7-461e-9aff-854e2d4b7835): i be back
[20:43:17] BowMaster_7 (uuid: 09906eb9-3bd7-461e-9aff-854e2d4b7835): ello
[20:43:45] BowMaster_7 (uuid: 09906eb9-3bd7-461e-9aff-854e2d4b7835): mlg noscope
[20:52:19] BowMaster_7 (uuid: 09906eb9-3bd7-461e-9aff-854e2d4b7835): oi
[20:52:21] BowMaster_7 (uuid: 09906eb9-3bd7-461e-9aff-854e2d4b7835): ello
[20:52:22] BowMaster_7 (uuid: 09906eb9-3bd7-461e-9aff-854e2d4b7835): james
[20:52:24] BowMaster_7 (uuid: 09906eb9-3bd7-461e-9aff-854e2d4b7835): u there
[20:52:30] BowMaster_7 (uuid: 09906eb9-3bd7-461e-9aff-854e2d4b7835): spam message pop up now
[20:52:38] BowMaster_7 (uuid: 09906eb9-3bd7-461e-9aff-854e2d4b7835): nowwwwwwwwwwwwww
[20:54:25] TheRealColmagi (uuid: c98c1615-0764-41e1-848d-73152bfabe94): my name jeff
[20:54:34] BowMaster_7 (uuid: 09906eb9-3bd7-461e-9aff-854e2d4b7835): finally
[20:54:34] TheRealColmagi (uuid: c98c1615-0764-41e1-848d-73152bfabe94): ello blazers
[20:54:36] TheRealColmagi (uuid: c98c1615-0764-41e1-848d-73152bfabe94): nfkrz here
[20:54:43] BowMaster_7 (uuid: 09906eb9-3bd7-461e-9aff-854e2d4b7835): get hubert on
[20:54:47] TheRealColmagi (uuid: c98c1615-0764-41e1-848d-73152bfabe94): idk where he is
[20:55:02] BowMaster_7 (uuid: 09906eb9-3bd7-461e-9aff-854e2d4b7835): hes playing clash royale
[20:55:05] TheRealColmagi (uuid: c98c1615-0764-41e1-848d-73152bfabe94): rly
[20:55:09] BowMaster_7 (uuid: 09906eb9-3bd7-461e-9aff-854e2d4b7835): yea
[20:55:35] TheRealColmagi (uuid: c98c1615-0764-41e1-848d-73152bfabe94): hes not responding
[20:55:47] BowMaster_7 (uuid: 09906eb9-3bd7-461e-9aff-854e2d4b7835): prop cuz hes in a match
[20:55:51] TheRealColmagi (uuid: c98c1615-0764-41e1-848d-73152bfabe94): heh
[20:56:00] TheRealColmagi (uuid: c98c1615-0764-41e1-848d-73152bfabe94): he has messenger tho he probably got a popup
[20:56:06] BowMaster_7 (uuid: 09906eb9-3bd7-461e-9aff-854e2d4b7835): yea
[20:56:13] TheRealColmagi (uuid: c98c1615-0764-41e1-848d-73152bfabe94): i probably ruined his game LOL
[20:56:23] BowMaster_7 (uuid: 09906eb9-3bd7-461e-9aff-854e2d4b7835): nah
[20:56:24] TheRealColmagi (uuid: c98c1615-0764-41e1-848d-73152bfabe94): hes gonna message me back saying "nigger"
[20:56:26] BowMaster_7 (uuid: 09906eb9-3bd7-461e-9aff-854e2d4b7835): only if u spam
[20:58:55] BowMaster_7 (uuid: 09906eb9-3bd7-461e-9aff-854e2d4b7835): james
[20:58:58] BowMaster_7 (uuid: 09906eb9-3bd7-461e-9aff-854e2d4b7835): i gotta go
[20:59:07] BowMaster_7 (uuid: 09906eb9-3bd7-461e-9aff-854e2d4b7835): but u need to decorate the bottom floor
[20:59:11] BowMaster_7 (uuid: 09906eb9-3bd7-461e-9aff-854e2d4b7835): make a huge bar
[20:59:18] BowMaster_7 (uuid: 09906eb9-3bd7-461e-9aff-854e2d4b7835): and tables
[20:59:20] BowMaster_7 (uuid: 09906eb9-3bd7-461e-9aff-854e2d4b7835): and a kitchen
[20:59:22] BowMaster_7 (uuid: 09906eb9-3bd7-461e-9aff-854e2d4b7835): kkkkkk
[20:59:25] BowMaster_7 (uuid: 09906eb9-3bd7-461e-9aff-854e2d4b7835): sexy
[20:59:29] BowMaster_7 (uuid: 09906eb9-3bd7-461e-9aff-854e2d4b7835): see ya
[21:00:33] TheRealColmagi (uuid: c98c1615-0764-41e1-848d-73152bfabe94): kuk
[23:09:20] TheRealColmagi (uuid: c98c1615-0764-41e1-848d-73152bfabe94): WHAT THE FUCK
[23:09:22] TheRealColmagi (uuid: c98c1615-0764-41e1-848d-73152bfabe94): WE WENT IN A CIRCLE
[23:11:17] TheRealColmagi (uuid: c98c1615-0764-41e1-848d-73152bfabe94): haha "reforge"
[23:11:35] TheRealColmagi (uuid: c98c1615-0764-41e1-848d-73152bfabe94): spi see meme
