[10:41:32] TheRealColmagi (uuid: c98c1615-0764-41e1-848d-73152bfabe94): hi
[10:42:43] TheRealColmagi (uuid: c98c1615-0764-41e1-848d-73152bfabe94): hi
[10:47:10] TheRealColmagi (uuid: c98c1615-0764-41e1-848d-73152bfabe94): hi
[10:49:04] TheRealColmagi (uuid: c98c1615-0764-41e1-848d-73152bfabe94): hi
[10:58:09] TheRealColmagi (uuid: c98c1615-0764-41e1-848d-73152bfabe94): hi
[10:59:44] TheRealColmagi (uuid: c98c1615-0764-41e1-848d-73152bfabe94): hi
[11:51:45] TheRealColmagi (uuid: c98c1615-0764-41e1-848d-73152bfabe94): hi
[11:52:05] TheRealColmagi (uuid: c98c1615-0764-41e1-848d-73152bfabe94): hi
[11:53:57] TheRealColmagi (uuid: c98c1615-0764-41e1-848d-73152bfabe94): oui
[11:54:06] TheRealColmagi (uuid: c98c1615-0764-41e1-848d-73152bfabe94): xd
[11:54:07] TheRealColmagi (uuid: c98c1615-0764-41e1-848d-73152bfabe94): xd
[11:54:08] TheRealColmagi (uuid: c98c1615-0764-41e1-848d-73152bfabe94): xd
[11:58:43] TheRealColmagi (uuid: c98c1615-0764-41e1-848d-73152bfabe94): wat
[12:38:50] PhadingFuzzy (uuid: 4150cd4b-a415-4298-bdc7-c9e330b466cc): im just wasting tim
[12:38:52] PhadingFuzzy (uuid: 4150cd4b-a415-4298-bdc7-c9e330b466cc): time
[12:38:59] PhadingFuzzy (uuid: 4150cd4b-a415-4298-bdc7-c9e330b466cc): I want hi to setup a slimefun server
[12:39:01] PhadingFuzzy (uuid: 4150cd4b-a415-4298-bdc7-c9e330b466cc): hima
[12:39:10] Mrmapl3syrup (uuid: b3f11e18-ff16-45fe-85b7-bb69e73fb17c): he might
[12:39:13] Mrmapl3syrup (uuid: b3f11e18-ff16-45fe-85b7-bb69e73fb17c): idk
[12:39:17] PhadingFuzzy (uuid: 4150cd4b-a415-4298-bdc7-c9e330b466cc): Yea he said he would
[12:39:22] PhadingFuzzy (uuid: 4150cd4b-a415-4298-bdc7-c9e330b466cc): butz its a plugin
[12:39:23] Mrmapl3syrup (uuid: b3f11e18-ff16-45fe-85b7-bb69e73fb17c): our other two places could really be anything
[12:39:25] PhadingFuzzy (uuid: 4150cd4b-a415-4298-bdc7-c9e330b466cc): Cuz
[12:39:37] PhadingFuzzy (uuid: 4150cd4b-a415-4298-bdc7-c9e330b466cc): 0.0 Spammy shit condom land?
[12:39:47] Mrmapl3syrup (uuid: b3f11e18-ff16-45fe-85b7-bb69e73fb17c): sounds good with me
[13:04:25] Optivat_YT (uuid: 061f9ad6-a6fb-45da-8990-73890f965939): dada
[15:35:25] TheRealColmagi (uuid: c98c1615-0764-41e1-848d-73152bfabe94): TES
[15:35:27] TheRealColmagi (uuid: c98c1615-0764-41e1-848d-73152bfabe94): T
[16:00:04] TheRealColmagi (uuid: c98c1615-0764-41e1-848d-73152bfabe94): heloo again
[16:01:41] TheRealColmagi (uuid: c98c1615-0764-41e1-848d-73152bfabe94): pls
[18:00:06] LauraLindberg (uuid: 544241b6-a3c3-4321-b599-011130693359): NIGGA
[20:02:17] Immaproshooter (uuid: fdb31302-defe-4a92-b60e-bedcf729e5aa): Hello
[20:19:28] TheRealColmagi (uuid: c98c1615-0764-41e1-848d-73152bfabe94): neegro
[20:44:14] TheRealColmagi (uuid: c98c1615-0764-41e1-848d-73152bfabe94): JEW CANT HIDE FROM ME BITCH
[20:46:11] Mrmapl3syrup (uuid: b3f11e18-ff16-45fe-85b7-bb69e73fb17c): huh
[20:46:25] Mrmapl3syrup (uuid: b3f11e18-ff16-45fe-85b7-bb69e73fb17c): also shorty was wanting a computer he gave me back because he is mad
[20:46:27] Mrmapl3syrup (uuid: b3f11e18-ff16-45fe-85b7-bb69e73fb17c): and it is shit
[20:46:29] Mrmapl3syrup (uuid: b3f11e18-ff16-45fe-85b7-bb69e73fb17c): l o l
[20:46:32] Mrmapl3syrup (uuid: b3f11e18-ff16-45fe-85b7-bb69e73fb17c): it is so dumb
[20:46:51] Mrmapl3syrup (uuid: b3f11e18-ff16-45fe-85b7-bb69e73fb17c): like I got you kicked from a minecraft server and now you are wanting me to go to hell
[20:46:53] Mrmapl3syrup (uuid: b3f11e18-ff16-45fe-85b7-bb69e73fb17c): like wut
[20:47:06] Mrmapl3syrup (uuid: b3f11e18-ff16-45fe-85b7-bb69e73fb17c): it t i l t s me
[20:47:11] Mrmapl3syrup (uuid: b3f11e18-ff16-45fe-85b7-bb69e73fb17c): hello
[20:47:14] Mrmapl3syrup (uuid: b3f11e18-ff16-45fe-85b7-bb69e73fb17c): r u live
[20:47:18] Mrmapl3syrup (uuid: b3f11e18-ff16-45fe-85b7-bb69e73fb17c):  :C
[20:48:57] Mrmapl3syrup (uuid: b3f11e18-ff16-45fe-85b7-bb69e73fb17c): are youl iving
[20:48:59] Mrmapl3syrup (uuid: b3f11e18-ff16-45fe-85b7-bb69e73fb17c): HELLO
[20:49:00] Mrmapl3syrup (uuid: b3f11e18-ff16-45fe-85b7-bb69e73fb17c): REEEE
[21:18:14] TheRealColmagi (uuid: c98c1615-0764-41e1-848d-73152bfabe94): gay
