[14:51:12] TheBlueGamer0 (uuid: 654713d4-034f-41ff-acad-c3b9ced485de): heyo
[14:51:16] masteroftheepics (uuid: 4150cd4b-a415-4298-bdc7-c9e330b466cc): ay
[14:51:29] TheBlueGamer0 (uuid: 654713d4-034f-41ff-acad-c3b9ced485de): we have some questions
[14:51:31] masteroftheepics (uuid: 4150cd4b-a415-4298-bdc7-c9e330b466cc): ,....
[14:51:34] TheRealColmagi (uuid: c98c1615-0764-41e1-848d-73152bfabe94): fuzz u do this shit
[14:51:35] masteroftheepics (uuid: 4150cd4b-a415-4298-bdc7-c9e330b466cc): he found my room
[14:51:38] masteroftheepics (uuid: 4150cd4b-a415-4298-bdc7-c9e330b466cc): yea
[14:51:43] TheRealColmagi (uuid: c98c1615-0764-41e1-848d-73152bfabe94): yeah
[14:51:43] masteroftheepics (uuid: 4150cd4b-a415-4298-bdc7-c9e330b466cc): i built that a long time ago
[14:51:47] TheBlueGamer0 (uuid: 654713d4-034f-41ff-acad-c3b9ced485de): someone greifed the fountain and sole the egg
[14:51:47] masteroftheepics (uuid: 4150cd4b-a415-4298-bdc7-c9e330b466cc): the irst day
[14:51:51] masteroftheepics (uuid: 4150cd4b-a415-4298-bdc7-c9e330b466cc): ?
[14:51:52] TheRealColmagi (uuid: c98c1615-0764-41e1-848d-73152bfabe94): u do this shit
[14:51:55] masteroftheepics (uuid: 4150cd4b-a415-4298-bdc7-c9e330b466cc): wym
[14:52:10] TheRealColmagi (uuid: c98c1615-0764-41e1-848d-73152bfabe94): u griefed the fountain and the egg was stolen
[14:52:14] TheRealColmagi (uuid: c98c1615-0764-41e1-848d-73152bfabe94): who was it
[14:52:17] masteroftheepics (uuid: 4150cd4b-a415-4298-bdc7-c9e330b466cc): ?
[14:52:19] masteroftheepics (uuid: 4150cd4b-a415-4298-bdc7-c9e330b466cc): Wym
[14:52:25] masteroftheepics (uuid: 4150cd4b-a415-4298-bdc7-c9e330b466cc): The egg is here
[14:52:31] TheRealColmagi (uuid: c98c1615-0764-41e1-848d-73152bfabe94): we spawned a new one in
[14:52:37] masteroftheepics (uuid: 4150cd4b-a415-4298-bdc7-c9e330b466cc): plus, i dont know how to mine a egg...
[14:52:57] TheBlueGamer0 (uuid: 654713d4-034f-41ff-acad-c3b9ced485de): i have nly seen this secret room once, and that was tday
[14:53:04] masteroftheepics (uuid: 4150cd4b-a415-4298-bdc7-c9e330b466cc): yee
[14:53:15] TheBlueGamer0 (uuid: 654713d4-034f-41ff-acad-c3b9ced485de): plus there was ice from a frost walker enchant, and we know that you have that
[14:53:18] masteroftheepics (uuid: 4150cd4b-a415-4298-bdc7-c9e330b466cc): i built it before u waned me
[14:53:24] TheRealColmagi (uuid: c98c1615-0764-41e1-848d-73152bfabe94): that might have been me
[14:53:24] masteroftheepics (uuid: 4150cd4b-a415-4298-bdc7-c9e330b466cc): on where?
[14:53:30] TheBlueGamer0 (uuid: 654713d4-034f-41ff-acad-c3b9ced485de): the water, duh
[14:53:37] masteroftheepics (uuid: 4150cd4b-a415-4298-bdc7-c9e330b466cc): oh i have my boots off
[14:53:40] TheBlueGamer0 (uuid: 654713d4-034f-41ff-acad-c3b9ced485de): around the dock
[14:53:47] masteroftheepics (uuid: 4150cd4b-a415-4298-bdc7-c9e330b466cc): ?
[14:53:50] masteroftheepics (uuid: 4150cd4b-a415-4298-bdc7-c9e330b466cc): today?
[14:53:59] masteroftheepics (uuid: 4150cd4b-a415-4298-bdc7-c9e330b466cc): I havent played for like 3 days on here
[14:54:00] TheRealColmagi (uuid: c98c1615-0764-41e1-848d-73152bfabe94): ima check the logs
[14:54:42] TheBlueGamer0 (uuid: 654713d4-034f-41ff-acad-c3b9ced485de): nice aim
[14:54:46] masteroftheepics (uuid: 4150cd4b-a415-4298-bdc7-c9e330b466cc): shuddup
[14:54:53] masteroftheepics (uuid: 4150cd4b-a415-4298-bdc7-c9e330b466cc): i stated playing less than a moth ago
[14:54:59] TheBlueGamer0 (uuid: 654713d4-034f-41ff-acad-c3b9ced485de): oh.
[14:55:02] masteroftheepics (uuid: 4150cd4b-a415-4298-bdc7-c9e330b466cc): xD
[14:55:08] masteroftheepics (uuid: 4150cd4b-a415-4298-bdc7-c9e330b466cc): I dont know anything bout this game
[14:55:38] TheRealColmagi (uuid: c98c1615-0764-41e1-848d-73152bfabe94): someone griefed the village
[14:55:44] masteroftheepics (uuid: 4150cd4b-a415-4298-bdc7-c9e330b466cc): how?
[14:55:46] TheRealColmagi (uuid: c98c1615-0764-41e1-848d-73152bfabe94): fuzzys house is almost destroyed
[14:55:50] TheRealColmagi (uuid: c98c1615-0764-41e1-848d-73152bfabe94): looks like a fire tbh
[14:55:57] masteroftheepics (uuid: 4150cd4b-a415-4298-bdc7-c9e330b466cc): !!!
[14:55:57] TheRealColmagi (uuid: c98c1615-0764-41e1-848d-73152bfabe94): marks bridge is down too
[14:56:03] TheRealColmagi (uuid: c98c1615-0764-41e1-848d-73152bfabe94): def fire
[14:56:15] masteroftheepics (uuid: 4150cd4b-a415-4298-bdc7-c9e330b466cc): ?
[14:56:20] masteroftheepics (uuid: 4150cd4b-a415-4298-bdc7-c9e330b466cc): oh shit
[14:56:22] TheRealColmagi (uuid: c98c1615-0764-41e1-848d-73152bfabe94): looks awfully like fire damage
[14:56:27] TheRealColmagi (uuid: c98c1615-0764-41e1-848d-73152bfabe94): mostly wood gone
[14:56:38] TheRealColmagi (uuid: c98c1615-0764-41e1-848d-73152bfabe94): the bridge is down
[14:56:39] masteroftheepics (uuid: 4150cd4b-a415-4298-bdc7-c9e330b466cc): they dint go here
[14:56:48] TheRealColmagi (uuid: c98c1615-0764-41e1-848d-73152bfabe94): wtf
[14:56:55] TheRealColmagi (uuid: c98c1615-0764-41e1-848d-73152bfabe94): holy shit the docks
[14:56:58] TheRealColmagi (uuid: c98c1615-0764-41e1-848d-73152bfabe94): creeper or tnt
[14:56:59] masteroftheepics (uuid: 4150cd4b-a415-4298-bdc7-c9e330b466cc): dafaq
[14:57:06] masteroftheepics (uuid: 4150cd4b-a415-4298-bdc7-c9e330b466cc): ...
[14:57:08] TheRealColmagi (uuid: c98c1615-0764-41e1-848d-73152bfabe94): dah
[14:57:10] TheRealColmagi (uuid: c98c1615-0764-41e1-848d-73152bfabe94): dafuq
[14:57:10] masteroftheepics (uuid: 4150cd4b-a415-4298-bdc7-c9e330b466cc): i dont have tnt
[14:57:31] masteroftheepics (uuid: 4150cd4b-a415-4298-bdc7-c9e330b466cc): i dont think creeper basts are that big...
[14:57:34] masteroftheepics (uuid: 4150cd4b-a415-4298-bdc7-c9e330b466cc): blasts
[14:58:11] masteroftheepics (uuid: 4150cd4b-a415-4298-bdc7-c9e330b466cc): did u enter my mine
[14:58:19] TheRealColmagi (uuid: c98c1615-0764-41e1-848d-73152bfabe94): looks like the same damage from the treehouse
[14:58:20] TheRealColmagi (uuid: c98c1615-0764-41e1-848d-73152bfabe94): fire
[14:58:22] masteroftheepics (uuid: 4150cd4b-a415-4298-bdc7-c9e330b466cc): door is open
[14:58:40] masteroftheepics (uuid: 4150cd4b-a415-4298-bdc7-c9e330b466cc): who do u think bured the treehouse
[14:58:46] TheRealColmagi (uuid: c98c1615-0764-41e1-848d-73152bfabe94): jordan
[14:58:56] masteroftheepics (uuid: 4150cd4b-a415-4298-bdc7-c9e330b466cc): do u think he would burn the village too
[14:59:13] masteroftheepics (uuid: 4150cd4b-a415-4298-bdc7-c9e330b466cc): wait
[14:59:16] masteroftheepics (uuid: 4150cd4b-a415-4298-bdc7-c9e330b466cc): did u check maple's house
[14:59:49] TheRealColmagi (uuid: c98c1615-0764-41e1-848d-73152bfabe94): their chests are all gone wtf?
[14:59:50] masteroftheepics (uuid: 4150cd4b-a415-4298-bdc7-c9e330b466cc): doors gone?
[14:59:53] TheRealColmagi (uuid: c98c1615-0764-41e1-848d-73152bfabe94): they move out?
[14:59:56] masteroftheepics (uuid: 4150cd4b-a415-4298-bdc7-c9e330b466cc): did they move?
[15:00:00] TheRealColmagi (uuid: c98c1615-0764-41e1-848d-73152bfabe94): wtf
[15:00:08] masteroftheepics (uuid: 4150cd4b-a415-4298-bdc7-c9e330b466cc): check if the pawners there
[15:00:13] TheRealColmagi (uuid: c98c1615-0764-41e1-848d-73152bfabe94): HOW DID THEY GET SO MANY MOB SPAWNERS
[15:00:15] masteroftheepics (uuid: 4150cd4b-a415-4298-bdc7-c9e330b466cc): its still there
[15:00:16] TheRealColmagi (uuid: c98c1615-0764-41e1-848d-73152bfabe94): THEY DONT HAVE THAT MONEY
[15:00:26] masteroftheepics (uuid: 4150cd4b-a415-4298-bdc7-c9e330b466cc): theres one
[15:00:36] TheRealColmagi (uuid: c98c1615-0764-41e1-848d-73152bfabe94): theres 9
[15:00:38] masteroftheepics (uuid: 4150cd4b-a415-4298-bdc7-c9e330b466cc): cmere
[15:00:55] masteroftheepics (uuid: 4150cd4b-a415-4298-bdc7-c9e330b466cc): lookie
[15:01:01] masteroftheepics (uuid: 4150cd4b-a415-4298-bdc7-c9e330b466cc): oh
[15:01:18] masteroftheepics (uuid: 4150cd4b-a415-4298-bdc7-c9e330b466cc): yea
[15:01:20] masteroftheepics (uuid: 4150cd4b-a415-4298-bdc7-c9e330b466cc): quite a lot
[15:02:14] masteroftheepics (uuid: 4150cd4b-a415-4298-bdc7-c9e330b466cc): oh did u check their secret room
[15:02:23] TheRealColmagi (uuid: c98c1615-0764-41e1-848d-73152bfabe94): no wtf
[15:02:27] TheRealColmagi (uuid: c98c1615-0764-41e1-848d-73152bfabe94): was this you?
[15:02:31] masteroftheepics (uuid: 4150cd4b-a415-4298-bdc7-c9e330b466cc): ?
[15:02:34] TheRealColmagi (uuid: c98c1615-0764-41e1-848d-73152bfabe94): cuz u seem to know a lot about WHAT TO CHECK
[15:02:41] masteroftheepics (uuid: 4150cd4b-a415-4298-bdc7-c9e330b466cc): I came to their house
[15:02:45] masteroftheepics (uuid: 4150cd4b-a415-4298-bdc7-c9e330b466cc): To buy enchanted books
[15:02:52] masteroftheepics (uuid: 4150cd4b-a415-4298-bdc7-c9e330b466cc): And thats where they store em
[15:02:59] TheBlueGamer0 (uuid: 654713d4-034f-41ff-acad-c3b9ced485de): they dont have any...
[15:03:03] masteroftheepics (uuid: 4150cd4b-a415-4298-bdc7-c9e330b466cc): cmere
[15:03:04] TheRealColmagi (uuid: c98c1615-0764-41e1-848d-73152bfabe94): was this you
[15:03:07] masteroftheepics (uuid: 4150cd4b-a415-4298-bdc7-c9e330b466cc): no
[15:03:19] masteroftheepics (uuid: 4150cd4b-a415-4298-bdc7-c9e330b466cc): wtf
[15:03:26] masteroftheepics (uuid: 4150cd4b-a415-4298-bdc7-c9e330b466cc): wait
[15:03:30] TheBlueGamer0 (uuid: 654713d4-034f-41ff-acad-c3b9ced485de): ?
[15:03:36] masteroftheepics (uuid: 4150cd4b-a415-4298-bdc7-c9e330b466cc): .. theres coal here --_-
[15:03:46] TheBlueGamer0 (uuid: 654713d4-034f-41ff-acad-c3b9ced485de): and
[15:03:54] TheRealColmagi (uuid: c98c1615-0764-41e1-848d-73152bfabe94): they still got everything here
[15:04:27] masteroftheepics (uuid: 4150cd4b-a415-4298-bdc7-c9e330b466cc): what other buildings are there
[15:04:32] masteroftheepics (uuid: 4150cd4b-a415-4298-bdc7-c9e330b466cc): did u check my house
[15:05:24] TheRealColmagi (uuid: c98c1615-0764-41e1-848d-73152bfabe94): THEYRE MINING OUT MY IRON BLOCKS IN THE METH LAB
[15:06:07] masteroftheepics (uuid: 4150cd4b-a415-4298-bdc7-c9e330b466cc): i fell
[15:06:07] TheRealColmagi (uuid: c98c1615-0764-41e1-848d-73152bfabe94): i just realized how much iron they stole
[15:06:29] masteroftheepics (uuid: 4150cd4b-a415-4298-bdc7-c9e330b466cc): thnx
[15:06:42] TheRealColmagi (uuid: c98c1615-0764-41e1-848d-73152bfabe94): look at this
[15:06:47] TheRealColmagi (uuid: c98c1615-0764-41e1-848d-73152bfabe94): thats a shitton of iron
[15:06:51] masteroftheepics (uuid: 4150cd4b-a415-4298-bdc7-c9e330b466cc): ?
[15:06:52] masteroftheepics (uuid: 4150cd4b-a415-4298-bdc7-c9e330b466cc): where
[15:06:53] TheRealColmagi (uuid: c98c1615-0764-41e1-848d-73152bfabe94): the original staircase was this
[15:07:06] TheRealColmagi (uuid: c98c1615-0764-41e1-848d-73152bfabe94): jesus
[15:07:35] masteroftheepics (uuid: 4150cd4b-a415-4298-bdc7-c9e330b466cc): did u just protect it
[15:07:49] masteroftheepics (uuid: 4150cd4b-a415-4298-bdc7-c9e330b466cc): Did u just protect it
[15:09:49] masteroftheepics (uuid: 4150cd4b-a415-4298-bdc7-c9e330b466cc): uh
[15:09:58] masteroftheepics (uuid: 4150cd4b-a415-4298-bdc7-c9e330b466cc): Ay is this also griefed
[15:10:08] TheRealColmagi (uuid: c98c1615-0764-41e1-848d-73152bfabe94): what
[15:10:08] masteroftheepics (uuid: 4150cd4b-a415-4298-bdc7-c9e330b466cc): Big chunk of dirt missing
[15:10:16] masteroftheepics (uuid: 4150cd4b-a415-4298-bdc7-c9e330b466cc): And the farm is fucked
[15:12:02] TheRealColmagi (uuid: c98c1615-0764-41e1-848d-73152bfabe94): HOLY SHIT
[15:12:07] TheRealColmagi (uuid: c98c1615-0764-41e1-848d-73152bfabe94): I FOUND THE GUYS WEAPON
[15:12:13] TheRealColmagi (uuid: c98c1615-0764-41e1-848d-73152bfabe94): THE SHOVEL NAME "MY FIRST WEAPON"
[15:12:19] TheRealColmagi (uuid: c98c1615-0764-41e1-848d-73152bfabe94): THAT BADMANER LOST
[15:12:21] masteroftheepics (uuid: 4150cd4b-a415-4298-bdc7-c9e330b466cc): Where?
[15:12:24] masteroftheepics (uuid: 4150cd4b-a415-4298-bdc7-c9e330b466cc): Where
[15:12:36] masteroftheepics (uuid: 4150cd4b-a415-4298-bdc7-c9e330b466cc): Whereeeee
[15:12:40] masteroftheepics (uuid: 4150cd4b-a415-4298-bdc7-c9e330b466cc): Who had it
[15:12:44] TheRealColmagi (uuid: c98c1615-0764-41e1-848d-73152bfabe94): idk
[15:12:51] TheRealColmagi (uuid: c98c1615-0764-41e1-848d-73152bfabe94): random glass srtucture in the ocean
[15:12:53] masteroftheepics (uuid: 4150cd4b-a415-4298-bdc7-c9e330b466cc): Where did u fing it
[15:12:55] masteroftheepics (uuid: 4150cd4b-a415-4298-bdc7-c9e330b466cc): ...
[15:13:06] TheBlueGamer0 (uuid: 654713d4-034f-41ff-acad-c3b9ced485de): its nea the base
[15:13:08] masteroftheepics (uuid: 4150cd4b-a415-4298-bdc7-c9e330b466cc): Wait
[15:13:13] masteroftheepics (uuid: 4150cd4b-a415-4298-bdc7-c9e330b466cc): Bad built that i think
[15:13:25] masteroftheepics (uuid: 4150cd4b-a415-4298-bdc7-c9e330b466cc): I remember cuz i almost drowned him
[15:13:34] masteroftheepics (uuid: 4150cd4b-a415-4298-bdc7-c9e330b466cc): And he was there a shit long time and i was wondering how
[15:13:38] TheBlueGamer0 (uuid: 654713d4-034f-41ff-acad-c3b9ced485de): lol
[15:14:16] TheBlueGamer0 (uuid: 654713d4-034f-41ff-acad-c3b9ced485de): his house was destroyed too
[15:14:25] TheBlueGamer0 (uuid: 654713d4-034f-41ff-acad-c3b9ced485de): @his house was destroyed too
[15:14:32] TheBlueGamer0 (uuid: 654713d4-034f-41ff-acad-c3b9ced485de): his house was destroyed too
[15:14:39] masteroftheepics (uuid: 4150cd4b-a415-4298-bdc7-c9e330b466cc): bad's?
[15:14:43] TheBlueGamer0 (uuid: 654713d4-034f-41ff-acad-c3b9ced485de): yeah
[15:14:48] masteroftheepics (uuid: 4150cd4b-a415-4298-bdc7-c9e330b466cc): But he lives with me...
[15:15:29] TheBlueGamer0 (uuid: 654713d4-034f-41ff-acad-c3b9ced485de): like in the village
[15:15:36] masteroftheepics (uuid: 4150cd4b-a415-4298-bdc7-c9e330b466cc): thats also mine
[15:15:42] masteroftheepics (uuid: 4150cd4b-a415-4298-bdc7-c9e330b466cc): And i already saw :(
[15:15:44] TheBlueGamer0 (uuid: 654713d4-034f-41ff-acad-c3b9ced485de): the mod village or the normal village
[15:15:48] TheBlueGamer0 (uuid: 654713d4-034f-41ff-acad-c3b9ced485de): oh
[15:15:50] masteroftheepics (uuid: 4150cd4b-a415-4298-bdc7-c9e330b466cc): Both
[15:15:51] TheBlueGamer0 (uuid: 654713d4-034f-41ff-acad-c3b9ced485de): nvm
[15:16:50] TheRealColmagi (uuid: c98c1615-0764-41e1-848d-73152bfabe94): wtf
[15:16:56] masteroftheepics (uuid: 4150cd4b-a415-4298-bdc7-c9e330b466cc): what now
[15:17:26] masteroftheepics (uuid: 4150cd4b-a415-4298-bdc7-c9e330b466cc): I found aglitch
[15:17:33] masteroftheepics (uuid: 4150cd4b-a415-4298-bdc7-c9e330b466cc): TO have 1 fishing rod have 2 bobbers
[15:18:23] TheRealColmagi (uuid: c98c1615-0764-41e1-848d-73152bfabe94): wtf how could this happen
[15:18:30] masteroftheepics (uuid: 4150cd4b-a415-4298-bdc7-c9e330b466cc): what
[15:18:34] TheRealColmagi (uuid: c98c1615-0764-41e1-848d-73152bfabe94): there was no source of fire
[15:18:38] TheRealColmagi (uuid: c98c1615-0764-41e1-848d-73152bfabe94): the village
[15:18:47] masteroftheepics (uuid: 4150cd4b-a415-4298-bdc7-c9e330b466cc): Wym like lava?
[15:19:08] TheRealColmagi (uuid: c98c1615-0764-41e1-848d-73152bfabe94): yeah there was no source that could have set it off
[15:19:11] TheRealColmagi (uuid: c98c1615-0764-41e1-848d-73152bfabe94): so someone did this
[15:19:46] TheRealColmagi (uuid: c98c1615-0764-41e1-848d-73152bfabe94): fuzzy
[15:19:49] masteroftheepics (uuid: 4150cd4b-a415-4298-bdc7-c9e330b466cc): mhm
[15:19:54] TheRealColmagi (uuid: c98c1615-0764-41e1-848d-73152bfabe94): were u on last time the server was up
[15:20:05] masteroftheepics (uuid: 4150cd4b-a415-4298-bdc7-c9e330b466cc): uh if that was like 3 days ago, then yes
[15:20:11] masteroftheepics (uuid: 4150cd4b-a415-4298-bdc7-c9e330b466cc): That time i asked for u to put it on
[15:20:33] TheRealColmagi (uuid: c98c1615-0764-41e1-848d-73152bfabe94): ok
[15:20:38] TheRealColmagi (uuid: c98c1615-0764-41e1-848d-73152bfabe94): then nobody stole ur acc and got on
[15:20:39] masteroftheepics (uuid: 4150cd4b-a415-4298-bdc7-c9e330b466cc): Was that the last time?
[15:21:11] TheRealColmagi (uuid: c98c1615-0764-41e1-848d-73152bfabe94): did you do this
[15:21:14] masteroftheepics (uuid: 4150cd4b-a415-4298-bdc7-c9e330b466cc): no
[15:21:20] TheRealColmagi (uuid: c98c1615-0764-41e1-848d-73152bfabe94): theres no other explanation
[15:21:23] TheRealColmagi (uuid: c98c1615-0764-41e1-848d-73152bfabe94): no fire source
[15:21:26] TheRealColmagi (uuid: c98c1615-0764-41e1-848d-73152bfabe94): nobody else on
[15:21:34] masteroftheepics (uuid: 4150cd4b-a415-4298-bdc7-c9e330b466cc): ...
[15:21:35] TheRealColmagi (uuid: c98c1615-0764-41e1-848d-73152bfabe94): last time i was on the village was fine
[15:21:39] TheRealColmagi (uuid: c98c1615-0764-41e1-848d-73152bfabe94): then i got off and u were left
[15:21:41] masteroftheepics (uuid: 4150cd4b-a415-4298-bdc7-c9e330b466cc): Same
[15:22:08] TheRealColmagi (uuid: c98c1615-0764-41e1-848d-73152bfabe94): blues door is gone
[15:22:16] masteroftheepics (uuid: 4150cd4b-a415-4298-bdc7-c9e330b466cc): Im bored.. gonna play on a diff server
