[22:50:54] Hubert6194 (uuid: 1ae76006-6711-4e06-9e89-a7e9a547fbfd): who the fk is server
[22:51:14] Hubert6194 (uuid: 1ae76006-6711-4e06-9e89-a7e9a547fbfd): why are u server
[22:51:33] Hubert6194 (uuid: 1ae76006-6711-4e06-9e89-a7e9a547fbfd): and also who killed all the fucking chickens
[22:51:43] TheRealColmagi (uuid: c98c1615-0764-41e1-848d-73152bfabe94): WASSUP NIGGAS
[22:52:09] TheRealColmagi (uuid: c98c1615-0764-41e1-848d-73152bfabe94): idk m8 maybe arthur killed em
[22:52:38] TheRealColmagi (uuid: c98c1615-0764-41e1-848d-73152bfabe94): nigag make dia armor
[22:52:42] Hubert6194 (uuid: 1ae76006-6711-4e06-9e89-a7e9a547fbfd): k
[22:52:42] TheRealColmagi (uuid: c98c1615-0764-41e1-848d-73152bfabe94): we got like 2 stacks
[22:52:50] TheRealColmagi (uuid: c98c1615-0764-41e1-848d-73152bfabe94): samuel and i weent mining again yesterday
[22:52:55] TheRealColmagi (uuid: c98c1615-0764-41e1-848d-73152bfabe94): we usually do it at this time kekle
[22:53:04] Hubert6194 (uuid: 1ae76006-6711-4e06-9e89-a7e9a547fbfd): take off your pants take off your panties
[22:53:07] TheRealColmagi (uuid: c98c1615-0764-41e1-848d-73152bfabe94): yes
[22:53:16] TheRealColmagi (uuid: c98c1615-0764-41e1-848d-73152bfabe94): hubert u shouldve stayed in band
[22:53:19] Hubert6194 (uuid: 1ae76006-6711-4e06-9e89-a7e9a547fbfd): why
[22:53:24] TheRealColmagi (uuid: c98c1615-0764-41e1-848d-73152bfabe94): robinson girls are t h i c c
[22:53:27] Hubert6194 (uuid: 1ae76006-6711-4e06-9e89-a7e9a547fbfd): mhm
[22:53:29] Hubert6194 (uuid: 1ae76006-6711-4e06-9e89-a7e9a547fbfd): sure
[22:53:32] TheRealColmagi (uuid: c98c1615-0764-41e1-848d-73152bfabe94): flute section
[22:53:33] Hubert6194 (uuid: 1ae76006-6711-4e06-9e89-a7e9a547fbfd): who do you like
[22:53:34] TheRealColmagi (uuid: c98c1615-0764-41e1-848d-73152bfabe94): only section
[22:53:37] Hubert6194 (uuid: 1ae76006-6711-4e06-9e89-a7e9a547fbfd): oh i see ofc ;)
[22:53:39] TheRealColmagi (uuid: c98c1615-0764-41e1-848d-73152bfabe94): rest is pretty shit
[22:53:43] TheRealColmagi (uuid: c98c1615-0764-41e1-848d-73152bfabe94): notice i said robinson fuckhead
[22:53:45] TheRealColmagi (uuid: c98c1615-0764-41e1-848d-73152bfabe94): not rice
[22:53:50] Hubert6194 (uuid: 1ae76006-6711-4e06-9e89-a7e9a547fbfd): mmmmmmhm
[22:54:00] TheRealColmagi (uuid: c98c1615-0764-41e1-848d-73152bfabe94): u bet
[22:54:20] TheRealColmagi (uuid: c98c1615-0764-41e1-848d-73152bfabe94): spic
[22:54:48] TheRealColmagi (uuid: c98c1615-0764-41e1-848d-73152bfabe94): kek
[22:55:16] TheRealColmagi (uuid: c98c1615-0764-41e1-848d-73152bfabe94): hubert u got a mic
[22:55:22] Hubert6194 (uuid: 1ae76006-6711-4e06-9e89-a7e9a547fbfd): no
[22:55:23] TheRealColmagi (uuid: c98c1615-0764-41e1-848d-73152bfabe94): wtf
[22:55:27] TheRealColmagi (uuid: c98c1615-0764-41e1-848d-73152bfabe94): u always called with us tho
[22:55:30] TheRealColmagi (uuid: c98c1615-0764-41e1-848d-73152bfabe94): do u use phone?
[22:55:32] Hubert6194 (uuid: 1ae76006-6711-4e06-9e89-a7e9a547fbfd): wot
[22:55:34] TheRealColmagi (uuid: c98c1615-0764-41e1-848d-73152bfabe94): on skype
[22:55:35] Hubert6194 (uuid: 1ae76006-6711-4e06-9e89-a7e9a547fbfd): ok
[22:55:36] TheRealColmagi (uuid: c98c1615-0764-41e1-848d-73152bfabe94): u and ethan
[22:55:37] Hubert6194 (uuid: 1ae76006-6711-4e06-9e89-a7e9a547fbfd): on skype?
[22:55:37] Hubert6194 (uuid: 1ae76006-6711-4e06-9e89-a7e9a547fbfd): k
[22:56:06] TheRealColmagi (uuid: c98c1615-0764-41e1-848d-73152bfabe94): lets call on skype then nigga
[22:56:12] Hubert6194 (uuid: 1ae76006-6711-4e06-9e89-a7e9a547fbfd): im bout to sleep anyway
[22:56:16] Hubert6194 (uuid: 1ae76006-6711-4e06-9e89-a7e9a547fbfd): gotta get up early tmrw
[22:56:27] TheRealColmagi (uuid: c98c1615-0764-41e1-848d-73152bfabe94): y u gonna walk around jasper nigga
[22:56:34] Hubert6194 (uuid: 1ae76006-6711-4e06-9e89-a7e9a547fbfd): wot?
[22:56:38] TheRealColmagi (uuid: c98c1615-0764-41e1-848d-73152bfabe94): cuz thats tmrw
[22:56:38] Hubert6194 (uuid: 1ae76006-6711-4e06-9e89-a7e9a547fbfd): UTD
[22:56:41] TheRealColmagi (uuid: c98c1615-0764-41e1-848d-73152bfabe94): oh gay ha
[22:56:54] TheRealColmagi (uuid: c98c1615-0764-41e1-848d-73152bfabe94): n3rd
[22:57:00] Hubert6194 (uuid: 1ae76006-6711-4e06-9e89-a7e9a547fbfd): ye D:
[22:57:25] TheRealColmagi (uuid: c98c1615-0764-41e1-848d-73152bfabe94): flute section fine af hahahaha
[22:57:28] Hubert6194 (uuid: 1ae76006-6711-4e06-9e89-a7e9a547fbfd): why
[22:57:34] Hubert6194 (uuid: 1ae76006-6711-4e06-9e89-a7e9a547fbfd): who are you crushing on now
[22:57:38] TheRealColmagi (uuid: c98c1615-0764-41e1-848d-73152bfabe94): mostly sophmores tho
[22:57:43] TheRealColmagi (uuid: c98c1615-0764-41e1-848d-73152bfabe94): i didnt say crushing i said they fine
[22:58:05] Hubert6194 (uuid: 1ae76006-6711-4e06-9e89-a7e9a547fbfd): w0t
[22:58:16] TheRealColmagi (uuid: c98c1615-0764-41e1-848d-73152bfabe94): u dont have to have a crush on someone to say they fine
[22:58:18] TheRealColmagi (uuid: c98c1615-0764-41e1-848d-73152bfabe94): af
[22:58:20] TheRealColmagi (uuid: c98c1615-0764-41e1-848d-73152bfabe94): u cuc
[22:58:22] Hubert6194 (uuid: 1ae76006-6711-4e06-9e89-a7e9a547fbfd): who
[22:58:26] TheRealColmagi (uuid: c98c1615-0764-41e1-848d-73152bfabe94): idk their names nigga
[22:58:29] Hubert6194 (uuid: 1ae76006-6711-4e06-9e89-a7e9a547fbfd): .....
[22:59:57] TheRealColmagi (uuid: c98c1615-0764-41e1-848d-73152bfabe94): mrs senteny tho tho
[22:59:58] TheRealColmagi (uuid: c98c1615-0764-41e1-848d-73152bfabe94): thot
[23:00:01] Hubert6194 (uuid: 1ae76006-6711-4e06-9e89-a7e9a547fbfd): wtf
[23:00:05] Hubert6194 (uuid: 1ae76006-6711-4e06-9e89-a7e9a547fbfd): u think shes hot??
[23:00:05] TheRealColmagi (uuid: c98c1615-0764-41e1-848d-73152bfabe94): might not be worth cuz shes crazy
[23:00:07] TheRealColmagi (uuid: c98c1615-0764-41e1-848d-73152bfabe94): no
[23:00:09] Hubert6194 (uuid: 1ae76006-6711-4e06-9e89-a7e9a547fbfd): oh
[23:00:24] Hubert6194 (uuid: 1ae76006-6711-4e06-9e89-a7e9a547fbfd): how is she at being head director
[23:00:27] TheRealColmagi (uuid: c98c1615-0764-41e1-848d-73152bfabe94): trade t h i c c for marching band camp making you die
[23:00:31] TheRealColmagi (uuid: c98c1615-0764-41e1-848d-73152bfabe94): ehhhhhh
[23:00:32] TheRealColmagi (uuid: c98c1615-0764-41e1-848d-73152bfabe94): idk
[23:00:39] TheRealColmagi (uuid: c98c1615-0764-41e1-848d-73152bfabe94): shes determined to make us good so she works us hard
[23:00:45] TheRealColmagi (uuid: c98c1615-0764-41e1-848d-73152bfabe94): guess shes sick of jasper marching being shit
[23:00:52] TheRealColmagi (uuid: c98c1615-0764-41e1-848d-73152bfabe94): and now that digbys gone
[23:01:15] TheRealColmagi (uuid: c98c1615-0764-41e1-848d-73152bfabe94): PHILLIP DIDNT PASS OFF
[23:01:44] Hubert6194 (uuid: 1ae76006-6711-4e06-9e89-a7e9a547fbfd): hai
[23:01:48] TheRealColmagi (uuid: c98c1615-0764-41e1-848d-73152bfabe94): wot
[23:03:19] Hubert6194 (uuid: 1ae76006-6711-4e06-9e89-a7e9a547fbfd): gotta sleep
[23:03:22] Hubert6194 (uuid: 1ae76006-6711-4e06-9e89-a7e9a547fbfd): cya guys
[23:12:33] TheRealColmagi (uuid: c98c1615-0764-41e1-848d-73152bfabe94): kneee grow
[23:17:46] TheRealColmagi (uuid: c98c1615-0764-41e1-848d-73152bfabe94): spyicy
[23:19:34] TheRealColmagi (uuid: c98c1615-0764-41e1-848d-73152bfabe94): michael chen just said yes daddy
[23:23:23] TheRealColmagi (uuid: c98c1615-0764-41e1-848d-73152bfabe94): yes repopulate
[23:23:27] TheRealColmagi (uuid: c98c1615-0764-41e1-848d-73152bfabe94): like i would with some of the flutes
[23:31:20] TheRealColmagi (uuid: c98c1615-0764-41e1-848d-73152bfabe94): bruh
