[18:19:43] watermelonman53 (uuid: 26666a91-29a2-487f-bda5-16d4919282a0): hi
[18:27:42] Optivat_YT (uuid: 061f9ad6-a6fb-45da-8990-73890f965939): hi
[18:27:48] Optivat_YT (uuid: 061f9ad6-a6fb-45da-8990-73890f965939): Hi everyone
[18:28:07] watermelonman53 (uuid: 26666a91-29a2-487f-bda5-16d4919282a0): i will sell you the god pickaxe
[18:28:15] Optivat_YT (uuid: 061f9ad6-a6fb-45da-8990-73890f965939): who
[18:28:19] watermelonman53 (uuid: 26666a91-29a2-487f-bda5-16d4919282a0): me
[18:28:22] Optivat_YT (uuid: 061f9ad6-a6fb-45da-8990-73890f965939): ?
[18:28:26] watermelonman53 (uuid: 26666a91-29a2-487f-bda5-16d4919282a0): you
[18:28:31] Optivat_YT (uuid: 061f9ad6-a6fb-45da-8990-73890f965939): how much
[18:28:49] watermelonman53 (uuid: 26666a91-29a2-487f-bda5-16d4919282a0): what are you willing to pay
[18:28:58] Optivat_YT (uuid: 061f9ad6-a6fb-45da-8990-73890f965939): 25k
[18:29:20] watermelonman53 (uuid: 26666a91-29a2-487f-bda5-16d4919282a0): all i need is 15k
[18:29:23] Optivat_YT (uuid: 061f9ad6-a6fb-45da-8990-73890f965939): k
[18:29:29] Optivat_YT (uuid: 061f9ad6-a6fb-45da-8990-73890f965939): uhhhh do I do /pay
[18:29:34] watermelonman53 (uuid: 26666a91-29a2-487f-bda5-16d4919282a0): idk
[18:29:40] Optivat_YT (uuid: 061f9ad6-a6fb-45da-8990-73890f965939): yea
[18:29:48] Optivat_YT (uuid: 061f9ad6-a6fb-45da-8990-73890f965939): give me the pickaxe I will do /pay
[18:30:06] Optivat_YT (uuid: 061f9ad6-a6fb-45da-8990-73890f965939): did it
[18:30:08] Optivat_YT (uuid: 061f9ad6-a6fb-45da-8990-73890f965939): u get it
[18:30:14] Optivat_YT (uuid: 061f9ad6-a6fb-45da-8990-73890f965939): U SCAMMER
[18:30:16] watermelonman53 (uuid: 26666a91-29a2-487f-bda5-16d4919282a0): yes
[18:30:21] watermelonman53 (uuid: 26666a91-29a2-487f-bda5-16d4919282a0): lol
[18:30:43] Optivat_YT (uuid: 061f9ad6-a6fb-45da-8990-73890f965939): oh k
[18:31:30] watermelonman53 (uuid: 26666a91-29a2-487f-bda5-16d4919282a0): hey
[18:31:56] Optivat_YT (uuid: 061f9ad6-a6fb-45da-8990-73890f965939): yea
[18:32:26] watermelonman53 (uuid: 26666a91-29a2-487f-bda5-16d4919282a0): how bout thi
[18:32:30] watermelonman53 (uuid: 26666a91-29a2-487f-bda5-16d4919282a0): this
[18:32:39] Optivat_YT (uuid: 061f9ad6-a6fb-45da-8990-73890f965939): wtf is dat
[18:32:53] watermelonman53 (uuid: 26666a91-29a2-487f-bda5-16d4919282a0): totem of undieing
[18:32:57] Optivat_YT (uuid: 061f9ad6-a6fb-45da-8990-73890f965939): k
[18:33:08] Optivat_YT (uuid: 061f9ad6-a6fb-45da-8990-73890f965939): how much
[18:33:17] watermelonman53 (uuid: 26666a91-29a2-487f-bda5-16d4919282a0): you hold it in your off hand
[18:33:21] Optivat_YT (uuid: 061f9ad6-a6fb-45da-8990-73890f965939): nvm I dont want it
[18:33:25] watermelonman53 (uuid: 26666a91-29a2-487f-bda5-16d4919282a0): and dont die
[18:57:53] PhadingFuzzy (uuid: 4150cd4b-a415-4298-bdc7-c9e330b466cc): hey wendadon
[18:58:02] WendadonPlayz_YT (uuid: cb30c930-c6c8-450f-a5fe-80d4cc292106): hi?
[18:58:11] Optivat_YT (uuid: 061f9ad6-a6fb-45da-8990-73890f965939): Hi Idk who u are
[18:58:18] WendadonPlayz_YT (uuid: cb30c930-c6c8-450f-a5fe-80d4cc292106): how do u know me
[18:58:24] PhadingFuzzy (uuid: 4150cd4b-a415-4298-bdc7-c9e330b466cc): im in the discord
[18:58:37] Optivat_YT (uuid: 061f9ad6-a6fb-45da-8990-73890f965939): ????
[18:58:38] WendadonPlayz_YT (uuid: cb30c930-c6c8-450f-a5fe-80d4cc292106): no u arent
[18:58:44] PhadingFuzzy (uuid: 4150cd4b-a415-4298-bdc7-c9e330b466cc): Wut
[18:59:04] WendadonPlayz_YT (uuid: cb30c930-c6c8-450f-a5fe-80d4cc292106): me and Optivat_YT r in a private discord
[19:05:24] TheRealColmagi (uuid: c98c1615-0764-41e1-848d-73152bfabe94): hello hello
[19:05:27] WendadonPlayz_YT (uuid: cb30c930-c6c8-450f-a5fe-80d4cc292106): hai
[19:05:30] PhadingFuzzy (uuid: 4150cd4b-a415-4298-bdc7-c9e330b466cc): hai
[19:05:43] TheRealColmagi (uuid: c98c1615-0764-41e1-848d-73152bfabe94): oh yeah if u want to shout just put a ! before what you want to say
[19:05:49] WendadonPlayz_YT (uuid: cb30c930-c6c8-450f-a5fe-80d4cc292106): :D
[19:05:53] TheRealColmagi (uuid: c98c1615-0764-41e1-848d-73152bfabe94): yeah like that
[19:05:54] PhadingFuzzy (uuid: 4150cd4b-a415-4298-bdc7-c9e330b466cc): Can u make welcome messages
[19:05:58] TheRealColmagi (uuid: c98c1615-0764-41e1-848d-73152bfabe94): for what
[19:06:05] PhadingFuzzy (uuid: 4150cd4b-a415-4298-bdc7-c9e330b466cc): To tell people to put !
[19:06:15] Optivat_YT (uuid: 061f9ad6-a6fb-45da-8990-73890f965939): hi
[19:06:15] TheRealColmagi (uuid: c98c1615-0764-41e1-848d-73152bfabe94): eh i might as well just make like a website
[19:06:20] TheRealColmagi (uuid: c98c1615-0764-41e1-848d-73152bfabe94): hi op
[19:06:22] Optivat_YT (uuid: 061f9ad6-a6fb-45da-8990-73890f965939): A new person is here
[19:06:23] WendadonPlayz_YT (uuid: cb30c930-c6c8-450f-a5fe-80d4cc292106): PhadingFuzzy how do u know me again?
[19:06:28] TheRealColmagi (uuid: c98c1615-0764-41e1-848d-73152bfabe94): yeah i can see
[19:06:29] PhadingFuzzy (uuid: 4150cd4b-a415-4298-bdc7-c9e330b466cc): I dont xD
[19:06:33] Optivat_YT (uuid: 061f9ad6-a6fb-45da-8990-73890f965939): WendadonPlayz_YT
[19:06:48] TheRealColmagi (uuid: c98c1615-0764-41e1-848d-73152bfabe94): so what r u up to op
[19:06:57] Optivat_YT (uuid: 061f9ad6-a6fb-45da-8990-73890f965939): nothing much
[19:07:05] WendadonPlayz_YT (uuid: cb30c930-c6c8-450f-a5fe-80d4cc292106): he is helping me with getting ahead
[19:07:06] Optivat_YT (uuid: 061f9ad6-a6fb-45da-8990-73890f965939): are u able to get on the discord???
[19:07:11] TheRealColmagi (uuid: c98c1615-0764-41e1-848d-73152bfabe94): me?
[19:07:18] Optivat_YT (uuid: 061f9ad6-a6fb-45da-8990-73890f965939): all of you
[19:07:24] PhadingFuzzy (uuid: 4150cd4b-a415-4298-bdc7-c9e330b466cc): not a chance
[19:07:38] TheRealColmagi (uuid: c98c1615-0764-41e1-848d-73152bfabe94): i thought u guys were on a private discord
[19:07:39] PhadingFuzzy (uuid: 4150cd4b-a415-4298-bdc7-c9e330b466cc): Unless suddenly, my parents dissappeared
[19:07:58] TheRealColmagi (uuid: c98c1615-0764-41e1-848d-73152bfabe94): op
[19:08:03] TheRealColmagi (uuid: c98c1615-0764-41e1-848d-73152bfabe94): part of ur shop is not claimed
[19:08:03] Optivat_YT (uuid: 061f9ad6-a6fb-45da-8990-73890f965939): sup
[19:08:13] TheRealColmagi (uuid: c98c1615-0764-41e1-848d-73152bfabe94): oh wait nvm
[19:08:21] TheRealColmagi (uuid: c98c1615-0764-41e1-848d-73152bfabe94): but half of ur shop is in another claim
[19:08:25] TheRealColmagi (uuid: c98c1615-0764-41e1-848d-73152bfabe94): and thats weird
[19:08:30] Optivat_YT (uuid: 061f9ad6-a6fb-45da-8990-73890f965939): ik
[19:08:30] TheRealColmagi (uuid: c98c1615-0764-41e1-848d-73152bfabe94): cuz if ur gonna rent a house
[19:08:33] Optivat_YT (uuid: 061f9ad6-a6fb-45da-8990-73890f965939): ik
[19:08:34] TheRealColmagi (uuid: c98c1615-0764-41e1-848d-73152bfabe94): ur gonna have to trust someone
[19:08:40] Optivat_YT (uuid: 061f9ad6-a6fb-45da-8990-73890f965939): ik
[19:08:41] Optivat_YT (uuid: 061f9ad6-a6fb-45da-8990-73890f965939): ik
[19:08:45] TheRealColmagi (uuid: c98c1615-0764-41e1-848d-73152bfabe94): and that claim also includes ur shop
[19:08:49] WendadonPlayz_YT (uuid: cb30c930-c6c8-450f-a5fe-80d4cc292106): i dont mind if u join the discord, if my good friend optivat wants it, then im fine with it
[19:08:51] TheRealColmagi (uuid: c98c1615-0764-41e1-848d-73152bfabe94): so ur gonna rent ur shop out as well?
[19:08:59] WendadonPlayz_YT (uuid: cb30c930-c6c8-450f-a5fe-80d4cc292106): op why cant i hear u on discord
[19:09:02] TheRealColmagi (uuid: c98c1615-0764-41e1-848d-73152bfabe94): yo wheres maple
[19:09:11] PhadingFuzzy (uuid: 4150cd4b-a415-4298-bdc7-c9e330b466cc): Le lost his syrup
[19:09:11] Optivat_YT (uuid: 061f9ad6-a6fb-45da-8990-73890f965939): na
[19:09:16] TheRealColmagi (uuid: c98c1615-0764-41e1-848d-73152bfabe94): actually no thats a bad idea since fuzzy hates him
[19:09:20] PhadingFuzzy (uuid: 4150cd4b-a415-4298-bdc7-c9e330b466cc): ye
[19:09:25] WendadonPlayz_YT (uuid: cb30c930-c6c8-450f-a5fe-80d4cc292106): ok
[19:09:27] TheRealColmagi (uuid: c98c1615-0764-41e1-848d-73152bfabe94): and i swear every time they are on together fuzzy dies
[19:09:32] PhadingFuzzy (uuid: 4150cd4b-a415-4298-bdc7-c9e330b466cc): :3
[19:09:37] TheRealColmagi (uuid: c98c1615-0764-41e1-848d-73152bfabe94): well thats cuz u killed his llamas
[19:09:41] PhadingFuzzy (uuid: 4150cd4b-a415-4298-bdc7-c9e330b466cc): And a few llamas, am i righ
[19:09:45] PhadingFuzzy (uuid: 4150cd4b-a415-4298-bdc7-c9e330b466cc): xD yea
[19:09:48] TheRealColmagi (uuid: c98c1615-0764-41e1-848d-73152bfabe94): so if u stop provoking maple, maybe you wont die
[19:09:56] TheRealColmagi (uuid: c98c1615-0764-41e1-848d-73152bfabe94): oh yeah about the kits
[19:09:59] PhadingFuzzy (uuid: 4150cd4b-a415-4298-bdc7-c9e330b466cc): Dream on :P
[19:10:05] TheRealColmagi (uuid: c98c1615-0764-41e1-848d-73152bfabe94): op im gonna work on them but they take forever to make
[19:10:18] TheRealColmagi (uuid: c98c1615-0764-41e1-848d-73152bfabe94): ill do veteran first since its ur highest rank
[19:10:21] TheRealColmagi (uuid: c98c1615-0764-41e1-848d-73152bfabe94): and then ill do elite
[19:10:24] Optivat_YT (uuid: 061f9ad6-a6fb-45da-8990-73890f965939): k
[19:10:42] TheRealColmagi (uuid: c98c1615-0764-41e1-848d-73152bfabe94): nice job bringing new people to the server
[19:10:46] TheRealColmagi (uuid: c98c1615-0764-41e1-848d-73152bfabe94): its always nice to see new names
[19:10:50] Optivat_YT (uuid: 061f9ad6-a6fb-45da-8990-73890f965939): thx
[19:12:11] PhadingFuzzy (uuid: 4150cd4b-a415-4298-bdc7-c9e330b466cc): When you are finally short on dirt....
[19:12:34] TheRealColmagi (uuid: c98c1615-0764-41e1-848d-73152bfabe94): buy more from the shop lol
[19:12:39] PhadingFuzzy (uuid: 4150cd4b-a415-4298-bdc7-c9e330b466cc): xD
[19:12:51] PhadingFuzzy (uuid: 4150cd4b-a415-4298-bdc7-c9e330b466cc): Nvm looks like maple made me a dirt dick in my chests
[19:12:53] TheRealColmagi (uuid: c98c1615-0764-41e1-848d-73152bfabe94): hey water y dont u set up a warp at ur shop and show the ppl around
[19:13:05] TheRealColmagi (uuid: c98c1615-0764-41e1-848d-73152bfabe94): advertise that ur cheaper than spawn
[19:13:07] TheRealColmagi (uuid: c98c1615-0764-41e1-848d-73152bfabe94): cuz its true
[19:13:12] watermelonman53 (uuid: 26666a91-29a2-487f-bda5-16d4919282a0): no :<
[19:13:13] WendadonPlayz_YT (uuid: cb30c930-c6c8-450f-a5fe-80d4cc292106): lel
[19:13:15] WendadonPlayz_YT (uuid: cb30c930-c6c8-450f-a5fe-80d4cc292106): lel
[19:13:30] Optivat_YT (uuid: 061f9ad6-a6fb-45da-8990-73890f965939): ffffff
[19:13:33] Optivat_YT (uuid: 061f9ad6-a6fb-45da-8990-73890f965939): uhhhh
[19:13:34] TheRealColmagi (uuid: c98c1615-0764-41e1-848d-73152bfabe94): ok
[19:13:49] TheRealColmagi (uuid: c98c1615-0764-41e1-848d-73152bfabe94): how much do u guys think claimblocks should be worth
[19:13:51] Optivat_YT (uuid: 061f9ad6-a6fb-45da-8990-73890f965939): I cant delete warps but I can make them
[19:13:57] TheRealColmagi (uuid: c98c1615-0764-41e1-848d-73152bfabe94): yeah thats the point
[19:13:58] PhadingFuzzy (uuid: 4150cd4b-a415-4298-bdc7-c9e330b466cc): 50?
[19:14:03] TheRealColmagi (uuid: c98c1615-0764-41e1-848d-73152bfabe94): cuz if u can delete warps
[19:14:06] TheRealColmagi (uuid: c98c1615-0764-41e1-848d-73152bfabe94): then you can delete any warp
[19:14:07] PhadingFuzzy (uuid: 4150cd4b-a415-4298-bdc7-c9e330b466cc): But u need more ways to earn money
[19:14:10] Optivat_YT (uuid: 061f9ad6-a6fb-45da-8990-73890f965939): ohhh
[19:14:14] TheRealColmagi (uuid: c98c1615-0764-41e1-848d-73152bfabe94): and thats bad cuz then u can delete spawn or something
[19:14:14] PhadingFuzzy (uuid: 4150cd4b-a415-4298-bdc7-c9e330b466cc): Like killing mobs
[19:14:18] Optivat_YT (uuid: 061f9ad6-a6fb-45da-8990-73890f965939): can u delete Optivat_YT's Warp
[19:14:24] TheRealColmagi (uuid: c98c1615-0764-41e1-848d-73152bfabe94): kk
[19:14:34] TheRealColmagi (uuid: c98c1615-0764-41e1-848d-73152bfabe94): yeah if u need help deleting a warp just ask me or maple when we're on
[19:14:53] TheRealColmagi (uuid: c98c1615-0764-41e1-848d-73152bfabe94): u wanna keep optivillage?
[19:14:53] PhadingFuzzy (uuid: 4150cd4b-a415-4298-bdc7-c9e330b466cc): U mean deleting a claim
[19:14:56] Optivat_YT (uuid: 061f9ad6-a6fb-45da-8990-73890f965939): yea
[19:14:57] TheRealColmagi (uuid: c98c1615-0764-41e1-848d-73152bfabe94): no warp
[19:15:02] TheRealColmagi (uuid: c98c1615-0764-41e1-848d-73152bfabe94): u can delete claims urself
[19:15:09] PhadingFuzzy (uuid: 4150cd4b-a415-4298-bdc7-c9e330b466cc): K so ur not talking to me
[19:15:25] WendadonPlayz_YT (uuid: cb30c930-c6c8-450f-a5fe-80d4cc292106): im bored
[19:15:31] TheRealColmagi (uuid: c98c1615-0764-41e1-848d-73152bfabe94): should claimblocks be worth 50
[19:15:31] WendadonPlayz_YT (uuid: cb30c930-c6c8-450f-a5fe-80d4cc292106): i want something to do
[19:15:37] TheRealColmagi (uuid: c98c1615-0764-41e1-848d-73152bfabe94): build
[19:15:41] Optivat_YT (uuid: 061f9ad6-a6fb-45da-8990-73890f965939): yea
[19:15:42] WendadonPlayz_YT (uuid: cb30c930-c6c8-450f-a5fe-80d4cc292106): k
[19:15:44] WendadonPlayz_YT (uuid: cb30c930-c6c8-450f-a5fe-80d4cc292106): k
[19:15:52] TheRealColmagi (uuid: c98c1615-0764-41e1-848d-73152bfabe94): what u want water
[19:15:59] TheRealColmagi (uuid: c98c1615-0764-41e1-848d-73152bfabe94): oh thx
[19:16:09] TheRealColmagi (uuid: c98c1615-0764-41e1-848d-73152bfabe94): danks again
[19:16:42] TheRealColmagi (uuid: c98c1615-0764-41e1-848d-73152bfabe94): u guys should put up lamps
[19:16:46] PhadingFuzzy (uuid: 4150cd4b-a415-4298-bdc7-c9e330b466cc): Explosive hits?
[19:16:51] TheRealColmagi (uuid: c98c1615-0764-41e1-848d-73152bfabe94): wat
[19:17:01] PhadingFuzzy (uuid: 4150cd4b-a415-4298-bdc7-c9e330b466cc): When i hit mobs, a explosion occurs
[19:17:19] PhadingFuzzy (uuid: 4150cd4b-a415-4298-bdc7-c9e330b466cc): And they drop a ton of xp
[19:17:33] watermelonman53 (uuid: 26666a91-29a2-487f-bda5-16d4919282a0): sell op
[19:17:42] WendadonPlayz_YT (uuid: cb30c930-c6c8-450f-a5fe-80d4cc292106): im not good at building
[19:17:50] WendadonPlayz_YT (uuid: cb30c930-c6c8-450f-a5fe-80d4cc292106): u should see my survival world xD
[19:18:05] watermelonman53 (uuid: 26666a91-29a2-487f-bda5-16d4919282a0): i want op
[19:18:12] TheRealColmagi (uuid: c98c1615-0764-41e1-848d-73152bfabe94): water wtf
[19:18:17] TheRealColmagi (uuid: c98c1615-0764-41e1-848d-73152bfabe94): op is well op
[19:18:17] watermelonman53 (uuid: 26666a91-29a2-487f-bda5-16d4919282a0): wut
[19:18:26] WendadonPlayz_YT (uuid: cb30c930-c6c8-450f-a5fe-80d4cc292106): Colmagi true
[19:18:30] TheRealColmagi (uuid: c98c1615-0764-41e1-848d-73152bfabe94): nicen
[19:18:32] TheRealColmagi (uuid: c98c1615-0764-41e1-848d-73152bfabe94): nien
[19:18:33] WendadonPlayz_YT (uuid: cb30c930-c6c8-450f-a5fe-80d4cc292106): xD
[19:18:36] PhadingFuzzy (uuid: 4150cd4b-a415-4298-bdc7-c9e330b466cc): Tp james
[19:18:52] PhadingFuzzy (uuid: 4150cd4b-a415-4298-bdc7-c9e330b466cc): see
[19:18:54] PhadingFuzzy (uuid: 4150cd4b-a415-4298-bdc7-c9e330b466cc): explosive hits
[19:18:56] TheRealColmagi (uuid: c98c1615-0764-41e1-848d-73152bfabe94): ur claims kinda small
[19:18:59] PhadingFuzzy (uuid: 4150cd4b-a415-4298-bdc7-c9e330b466cc): yea
[19:19:02] PhadingFuzzy (uuid: 4150cd4b-a415-4298-bdc7-c9e330b466cc): i cant afford
[19:19:02] TheRealColmagi (uuid: c98c1615-0764-41e1-848d-73152bfabe94): explosive wat
[19:19:07] PhadingFuzzy (uuid: 4150cd4b-a415-4298-bdc7-c9e330b466cc): hits
[19:19:09] PhadingFuzzy (uuid: 4150cd4b-a415-4298-bdc7-c9e330b466cc): when i hit a mob
[19:19:10] TheRealColmagi (uuid: c98c1615-0764-41e1-848d-73152bfabe94): well if u keep playing u get claim blocks
[19:19:27] TheRealColmagi (uuid: c98c1615-0764-41e1-848d-73152bfabe94): the longer you play the more claim blocks you accumulate
[19:19:36] watermelonman53 (uuid: 26666a91-29a2-487f-bda5-16d4919282a0): op
[19:19:59] TheRealColmagi (uuid: c98c1615-0764-41e1-848d-73152bfabe94): i gave u a diamond
[19:20:04] watermelonman53 (uuid: 26666a91-29a2-487f-bda5-16d4919282a0): hey
[19:20:05] WendadonPlayz_YT (uuid: cb30c930-c6c8-450f-a5fe-80d4cc292106): any1 wanna help me build something majestic
[19:20:21] TheRealColmagi (uuid: c98c1615-0764-41e1-848d-73152bfabe94): i gave u a fishing rod too
[19:20:22] PhadingFuzzy (uuid: 4150cd4b-a415-4298-bdc7-c9e330b466cc): Can u get 1.11.0 when u can plez
[19:20:27] PhadingFuzzy (uuid: 4150cd4b-a415-4298-bdc7-c9e330b466cc): I hate switching versions
[19:20:30] PhadingFuzzy (uuid: 4150cd4b-a415-4298-bdc7-c9e330b466cc): thnx
[19:20:34] TheRealColmagi (uuid: c98c1615-0764-41e1-848d-73152bfabe94): idek how to do that
[19:20:37] TheRealColmagi (uuid: c98c1615-0764-41e1-848d-73152bfabe94): like is there a plugin
[19:20:39] PhadingFuzzy (uuid: 4150cd4b-a415-4298-bdc7-c9e330b466cc): No
[19:20:48] PhadingFuzzy (uuid: 4150cd4b-a415-4298-bdc7-c9e330b466cc): Servers can run ultiple versions, right?
[19:20:51] TheRealColmagi (uuid: c98c1615-0764-41e1-848d-73152bfabe94): idk
[19:20:53] TheRealColmagi (uuid: c98c1615-0764-41e1-848d-73152bfabe94): can they
[19:20:58] WendadonPlayz_YT (uuid: cb30c930-c6c8-450f-a5fe-80d4cc292106): no? ok :(
[19:21:02] PhadingFuzzy (uuid: 4150cd4b-a415-4298-bdc7-c9e330b466cc): Thats how all the oher servers do it
[19:21:03] TheRealColmagi (uuid: c98c1615-0764-41e1-848d-73152bfabe94): its raining diamonds on you
[19:21:06] WendadonPlayz_YT (uuid: cb30c930-c6c8-450f-a5fe-80d4cc292106): #ForeverAlone
[19:21:10] TheRealColmagi (uuid: c98c1615-0764-41e1-848d-73152bfabe94): shorty u wanna help wendadon
[19:21:28] watermelonman53 (uuid: 26666a91-29a2-487f-bda5-16d4919282a0): can i have world edit
[19:21:42] TheRealColmagi (uuid: c98c1615-0764-41e1-848d-73152bfabe94): hmm
[19:21:46] TheRealColmagi (uuid: c98c1615-0764-41e1-848d-73152bfabe94): worldedit commands to legends
[19:21:48] WendadonPlayz_YT (uuid: cb30c930-c6c8-450f-a5fe-80d4cc292106): Colmagi when i did /kit starter it said that the kit is improperly designed
[19:21:50] TheRealColmagi (uuid: c98c1615-0764-41e1-848d-73152bfabe94): would make it
[19:21:52] TheRealColmagi (uuid: c98c1615-0764-41e1-848d-73152bfabe94): wat
[19:21:53] PhadingFuzzy (uuid: 4150cd4b-a415-4298-bdc7-c9e330b466cc): James
[19:21:54] WendadonPlayz_YT (uuid: cb30c930-c6c8-450f-a5fe-80d4cc292106): idk what that means
[19:21:58] TheRealColmagi (uuid: c98c1615-0764-41e1-848d-73152bfabe94): did i fuk it up somehow
[19:22:01] PhadingFuzzy (uuid: 4150cd4b-a415-4298-bdc7-c9e330b466cc): when are u gonna change the proice
[19:22:02] PhadingFuzzy (uuid: 4150cd4b-a415-4298-bdc7-c9e330b466cc): price
[19:22:02] TheRealColmagi (uuid: c98c1615-0764-41e1-848d-73152bfabe94): brb checking
[19:22:08] PhadingFuzzy (uuid: 4150cd4b-a415-4298-bdc7-c9e330b466cc): I need to buy em
[19:22:13] TheRealColmagi (uuid: c98c1615-0764-41e1-848d-73152bfabe94): ill do all ur requests rn
[19:22:17] TheRealColmagi (uuid: c98c1615-0764-41e1-848d-73152bfabe94): one plugin reload
[19:22:57] watermelonman53 (uuid: 26666a91-29a2-487f-bda5-16d4919282a0): shhh
[19:24:12] TheRealColmagi (uuid: c98c1615-0764-41e1-848d-73152bfabe94): ok
[19:24:15] TheRealColmagi (uuid: c98c1615-0764-41e1-848d-73152bfabe94): about to reload
[19:24:19] TheRealColmagi (uuid: c98c1615-0764-41e1-848d-73152bfabe94): you will experience some lag
[19:24:24] WendadonPlayz_YT (uuid: cb30c930-c6c8-450f-a5fe-80d4cc292106): k
[19:24:27] TheRealColmagi (uuid: c98c1615-0764-41e1-848d-73152bfabe94): just dont do anything plugin related
[19:24:39] TheRealColmagi (uuid: c98c1615-0764-41e1-848d-73152bfabe94): there
[19:24:47] TheRealColmagi (uuid: c98c1615-0764-41e1-848d-73152bfabe94): kit starter works now
[19:24:53] TheRealColmagi (uuid: c98c1615-0764-41e1-848d-73152bfabe94): and it gives u a golden shovel
[19:24:54] TheRealColmagi (uuid: c98c1615-0764-41e1-848d-73152bfabe94): good
[19:25:16] PhadingFuzzy (uuid: 4150cd4b-a415-4298-bdc7-c9e330b466cc): wow
[19:25:23] PhadingFuzzy (uuid: 4150cd4b-a415-4298-bdc7-c9e330b466cc): still cant afford to claim it all xD
[19:25:28] PhadingFuzzy (uuid: 4150cd4b-a415-4298-bdc7-c9e330b466cc): i need 25000
[19:25:30] TheRealColmagi (uuid: c98c1615-0764-41e1-848d-73152bfabe94): claimblocks are now 25 dollars each
[19:25:35] PhadingFuzzy (uuid: 4150cd4b-a415-4298-bdc7-c9e330b466cc): Gonna take a while
[19:25:39] TheRealColmagi (uuid: c98c1615-0764-41e1-848d-73152bfabe94): instead of 100 lol
[19:25:45] WendadonPlayz_YT (uuid: cb30c930-c6c8-450f-a5fe-80d4cc292106): lol kk
[19:25:58] TheRealColmagi (uuid: c98c1615-0764-41e1-848d-73152bfabe94): so op
[19:26:05] TheRealColmagi (uuid: c98c1615-0764-41e1-848d-73152bfabe94): whoops didnt mean to shout
[19:26:05] watermelonman53 (uuid: 26666a91-29a2-487f-bda5-16d4919282a0): ye
[19:26:06] TheRealColmagi (uuid: c98c1615-0764-41e1-848d-73152bfabe94): so op
[19:26:36] Optivat_YT (uuid: 061f9ad6-a6fb-45da-8990-73890f965939): colmagi plz move
[19:26:39] PhadingFuzzy (uuid: 4150cd4b-a415-4298-bdc7-c9e330b466cc): wait...
[19:26:44] TheRealColmagi (uuid: c98c1615-0764-41e1-848d-73152bfabe94): would u be fine with iron armor and tools and some food and diamonds for kit vet
[19:26:46] PhadingFuzzy (uuid: 4150cd4b-a415-4298-bdc7-c9e330b466cc): u turned off mob block dmg?
[19:26:56] TheRealColmagi (uuid: c98c1615-0764-41e1-848d-73152bfabe94): cuz im planning to do that
[19:26:56] Optivat_YT (uuid: 061f9ad6-a6fb-45da-8990-73890f965939): ....
[19:27:42] TheRealColmagi (uuid: c98c1615-0764-41e1-848d-73152bfabe94): since there are still 2 more ranks until legend
[19:27:45] TheRealColmagi (uuid: c98c1615-0764-41e1-848d-73152bfabe94): my logic is
[19:27:52] Optivat_YT (uuid: 061f9ad6-a6fb-45da-8990-73890f965939): iron armor enchanted with prot 1 2 cakes iron tools with 2 effiency 16 bread and a legendary diamond
[19:27:54] TheRealColmagi (uuid: c98c1615-0764-41e1-848d-73152bfabe94): leather armor for starter and elite
[19:28:04] TheRealColmagi (uuid: c98c1615-0764-41e1-848d-73152bfabe94): iron for vet and expert
[19:28:10] TheRealColmagi (uuid: c98c1615-0764-41e1-848d-73152bfabe94): diamond for master and legend
[19:28:16] Optivat_YT (uuid: 061f9ad6-a6fb-45da-8990-73890f965939): k
[19:28:20] TheRealColmagi (uuid: c98c1615-0764-41e1-848d-73152bfabe94): obvs the upper tiers wil have better enchants
[19:28:27] TheRealColmagi (uuid: c98c1615-0764-41e1-848d-73152bfabe94): like legend armor is almost op
[19:28:33] TheRealColmagi (uuid: c98c1615-0764-41e1-848d-73152bfabe94): while i think master will only have prot 1
[19:28:53] TheRealColmagi (uuid: c98c1615-0764-41e1-848d-73152bfabe94): oh yeah u get a fancy bow
[19:28:54] Optivat_YT (uuid: 061f9ad6-a6fb-45da-8990-73890f965939): also plz let vetran have 32 oak wood and 64 stone
[19:28:57] TheRealColmagi (uuid: c98c1615-0764-41e1-848d-73152bfabe94): no
[19:29:03] PhadingFuzzy (uuid: 4150cd4b-a415-4298-bdc7-c9e330b466cc): gtg eat bai
[19:29:03] TheRealColmagi (uuid: c98c1615-0764-41e1-848d-73152bfabe94): im gonna create a wood kit
[19:29:07] Optivat_YT (uuid: 061f9ad6-a6fb-45da-8990-73890f965939): :(
[19:29:08] TheRealColmagi (uuid: c98c1615-0764-41e1-848d-73152bfabe94): 64 of each log
[19:29:12] TheRealColmagi (uuid: c98c1615-0764-41e1-848d-73152bfabe94): used by elite and up
[19:29:13] Optivat_YT (uuid: 061f9ad6-a6fb-45da-8990-73890f965939): L)
[19:29:15] Optivat_YT (uuid: 061f9ad6-a6fb-45da-8990-73890f965939): :)
[19:29:16] TheRealColmagi (uuid: c98c1615-0764-41e1-848d-73152bfabe94): so good enough
[19:29:18] Optivat_YT (uuid: 061f9ad6-a6fb-45da-8990-73890f965939): :(
[19:29:27] TheRealColmagi (uuid: c98c1615-0764-41e1-848d-73152bfabe94): recharge might be like 2 hrs since its just wood
[19:29:41] TheRealColmagi (uuid: c98c1615-0764-41e1-848d-73152bfabe94): maybe 5 cuz 2 is abuseable
[19:29:43] TheRealColmagi (uuid: c98c1615-0764-41e1-848d-73152bfabe94): 6 hrs
[19:29:45] TheRealColmagi (uuid: c98c1615-0764-41e1-848d-73152bfabe94): 4 times a day
[19:30:19] TheRealColmagi (uuid: c98c1615-0764-41e1-848d-73152bfabe94): well ima code me some kits brb
[19:30:25] TheRealColmagi (uuid: c98c1615-0764-41e1-848d-73152bfabe94): try not to burn the server down
[19:30:32] watermelonman53 (uuid: 26666a91-29a2-487f-bda5-16d4919282a0): fine
[19:30:32] TheRealColmagi (uuid: c98c1615-0764-41e1-848d-73152bfabe94): oh yeah have u shown ur friend the spawn
[19:30:34] Optivat_YT (uuid: 061f9ad6-a6fb-45da-8990-73890f965939): k
[19:30:47] Optivat_YT (uuid: 061f9ad6-a6fb-45da-8990-73890f965939): he has to go either way lol
[19:30:57] Optivat_YT (uuid: 061f9ad6-a6fb-45da-8990-73890f965939): nvm
[19:46:11] PhadingFuzzy (uuid: 4150cd4b-a415-4298-bdc7-c9e330b466cc): U need a server picture
[19:46:20] PhadingFuzzy (uuid: 4150cd4b-a415-4298-bdc7-c9e330b466cc): And u need advertisement
[19:46:40] watermelonman53 (uuid: 26666a91-29a2-487f-bda5-16d4919282a0): mak it night
[19:50:30] TheRealColmagi (uuid: c98c1615-0764-41e1-848d-73152bfabe94): ok i think im about done with vet and wood
[19:50:40] TheRealColmagi (uuid: c98c1615-0764-41e1-848d-73152bfabe94): gonna reload dont do anyhting plugin related
[19:50:47] PhadingFuzzy (uuid: 4150cd4b-a415-4298-bdc7-c9e330b466cc): huh
[19:51:01] Optivat_YT (uuid: 061f9ad6-a6fb-45da-8990-73890f965939): lag
[19:51:06] TheRealColmagi (uuid: c98c1615-0764-41e1-848d-73152bfabe94): yeah
[19:51:09] TheRealColmagi (uuid: c98c1615-0764-41e1-848d-73152bfabe94): the reload causes lag
[19:51:10] Optivat_YT (uuid: 061f9ad6-a6fb-45da-8990-73890f965939): Cant claim
[19:51:22] PhadingFuzzy (uuid: 4150cd4b-a415-4298-bdc7-c9e330b466cc): yea
[19:51:27] PhadingFuzzy (uuid: 4150cd4b-a415-4298-bdc7-c9e330b466cc): A lot of lag ur causing
[19:51:32] Optivat_YT (uuid: 061f9ad6-a6fb-45da-8990-73890f965939): shhh
[19:51:34] PhadingFuzzy (uuid: 4150cd4b-a415-4298-bdc7-c9e330b466cc): Im scared
[19:51:40] WendadonPlayz_YT (uuid: cb30c930-c6c8-450f-a5fe-80d4cc292106): god help us all
[19:51:43] TheRealColmagi (uuid: c98c1615-0764-41e1-848d-73152bfabe94): if it crashes REJOIN
[19:51:44] PhadingFuzzy (uuid: 4150cd4b-a415-4298-bdc7-c9e330b466cc): Enderman, skeleton, 2 creepers
[19:52:50] PhadingFuzzy (uuid: 4150cd4b-a415-4298-bdc7-c9e330b466cc): can u halp
[19:52:51] TheRealColmagi (uuid: c98c1615-0764-41e1-848d-73152bfabe94): huh
[19:52:54] PhadingFuzzy (uuid: 4150cd4b-a415-4298-bdc7-c9e330b466cc): Can u halp
[19:52:57] PhadingFuzzy (uuid: 4150cd4b-a415-4298-bdc7-c9e330b466cc): Kill the enderman
[19:53:20] TheRealColmagi (uuid: c98c1615-0764-41e1-848d-73152bfabe94): it looks fine
[19:53:22] Optivat_YT (uuid: 061f9ad6-a6fb-45da-8990-73890f965939): I need cobwev
[19:53:27] TheRealColmagi (uuid: c98c1615-0764-41e1-848d-73152bfabe94): SHIT
[19:53:32] Optivat_YT (uuid: 061f9ad6-a6fb-45da-8990-73890f965939): web*
[19:53:32] PhadingFuzzy (uuid: 4150cd4b-a415-4298-bdc7-c9e330b466cc): What did u change
[19:53:36] TheRealColmagi (uuid: c98c1615-0764-41e1-848d-73152bfabe94): one of the kit vet items is the wrong boot lOL
[19:53:53] PhadingFuzzy (uuid: 4150cd4b-a415-4298-bdc7-c9e330b466cc): HOLY SH
[19:53:59] PhadingFuzzy (uuid: 4150cd4b-a415-4298-bdc7-c9e330b466cc): I baredly escaped
[19:54:02] PhadingFuzzy (uuid: 4150cd4b-a415-4298-bdc7-c9e330b466cc): with /home
[19:54:06] PhadingFuzzy (uuid: 4150cd4b-a415-4298-bdc7-c9e330b466cc): With /home
[19:54:34] PhadingFuzzy (uuid: 4150cd4b-a415-4298-bdc7-c9e330b466cc): What did u change
[19:54:42] TheRealColmagi (uuid: c98c1615-0764-41e1-848d-73152bfabe94): added some kits
[19:54:51] TheRealColmagi (uuid: c98c1615-0764-41e1-848d-73152bfabe94): there
[19:54:52] PhadingFuzzy (uuid: 4150cd4b-a415-4298-bdc7-c9e330b466cc): For reanked people?
[19:54:55] PhadingFuzzy (uuid: 4150cd4b-a415-4298-bdc7-c9e330b466cc): Ranked
[19:54:56] TheRealColmagi (uuid: c98c1615-0764-41e1-848d-73152bfabe94): try kit vet op
[19:55:06] Optivat_YT (uuid: 061f9ad6-a6fb-45da-8990-73890f965939): did that alread
[19:55:08] TheRealColmagi (uuid: c98c1615-0764-41e1-848d-73152bfabe94): oh damn the steak is glitched
[19:55:16] TheRealColmagi (uuid: c98c1615-0764-41e1-848d-73152bfabe94): are the boots right
[19:55:58] TheRealColmagi (uuid: c98c1615-0764-41e1-848d-73152bfabe94): alright everything looks in order
[19:56:12] PhadingFuzzy (uuid: 4150cd4b-a415-4298-bdc7-c9e330b466cc): Except for a enderman in a cave
[19:56:59] TheRealColmagi (uuid: c98c1615-0764-41e1-848d-73152bfabe94): first one to say 24jkj4h7j7 gets a free veteran kit
[19:57:01] watermelonman53 (uuid: 26666a91-29a2-487f-bda5-16d4919282a0): can you make it so i can have more than 3 homes
[19:57:11] PhadingFuzzy (uuid: 4150cd4b-a415-4298-bdc7-c9e330b466cc): 24jkj4h7j7
[19:57:11] TheRealColmagi (uuid: c98c1615-0764-41e1-848d-73152bfabe94): wtf i thought u could make a lot more than 3
[19:57:14] PhadingFuzzy (uuid: 4150cd4b-a415-4298-bdc7-c9e330b466cc): 24jkj4h7j7
[19:57:15] watermelonman53 (uuid: 26666a91-29a2-487f-bda5-16d4919282a0): no
[19:57:16] Optivat_YT (uuid: 061f9ad6-a6fb-45da-8990-73890f965939): 24jkj4h7j7
[19:57:18] PhadingFuzzy (uuid: 4150cd4b-a415-4298-bdc7-c9e330b466cc): 24jkj4h7j7
[19:57:25] PhadingFuzzy (uuid: 4150cd4b-a415-4298-bdc7-c9e330b466cc): lel i said it without shout
[19:57:25] TheRealColmagi (uuid: c98c1615-0764-41e1-848d-73152bfabe94): good job
[19:57:36] TheRealColmagi (uuid: c98c1615-0764-41e1-848d-73152bfabe94): oh yeah fuzzy technically wins
[19:57:53] PhadingFuzzy (uuid: 4150cd4b-a415-4298-bdc7-c9e330b466cc): shanks
[19:57:56] TheRealColmagi (uuid: c98c1615-0764-41e1-848d-73152bfabe94): np
[20:00:05] TheRealColmagi (uuid: c98c1615-0764-41e1-848d-73152bfabe94): oh shit i gotta edit the config for that
[20:00:10] PhadingFuzzy (uuid: 4150cd4b-a415-4298-bdc7-c9e330b466cc): For?
[20:00:12] TheRealColmagi (uuid: c98c1615-0764-41e1-848d-73152bfabe94): thanks for telling me shorty i didnt even know
[20:00:16] PhadingFuzzy (uuid: 4150cd4b-a415-4298-bdc7-c9e330b466cc): oh
[20:00:17] TheRealColmagi (uuid: c98c1615-0764-41e1-848d-73152bfabe94): you cant set more than 3 homes
[20:00:22] TheRealColmagi (uuid: c98c1615-0764-41e1-848d-73152bfabe94): if u have a rank
[20:01:21] PhadingFuzzy (uuid: 4150cd4b-a415-4298-bdc7-c9e330b466cc): Dude
[20:01:27] PhadingFuzzy (uuid: 4150cd4b-a415-4298-bdc7-c9e330b466cc): Why are there so many mobs
[20:01:38] PhadingFuzzy (uuid: 4150cd4b-a415-4298-bdc7-c9e330b466cc): And te annoying slowing skeleton
[20:01:39] watermelonman53 (uuid: 26666a91-29a2-487f-bda5-16d4919282a0): its night
[20:01:40] WendadonPlayz_YT (uuid: cb30c930-c6c8-450f-a5fe-80d4cc292106): idk
[20:01:43] PhadingFuzzy (uuid: 4150cd4b-a415-4298-bdc7-c9e330b466cc): And endermen
[20:02:01] PhadingFuzzy (uuid: 4150cd4b-a415-4298-bdc7-c9e330b466cc): Da hell a spider despawned
[20:02:11] PhadingFuzzy (uuid: 4150cd4b-a415-4298-bdc7-c9e330b466cc): U using kill comms?
[20:03:08] TheRealColmagi (uuid: c98c1615-0764-41e1-848d-73152bfabe94): another reload
[20:03:11] PhadingFuzzy (uuid: 4150cd4b-a415-4298-bdc7-c9e330b466cc): Dude
[20:03:14] PhadingFuzzy (uuid: 4150cd4b-a415-4298-bdc7-c9e330b466cc): Im gonna die
[20:03:14] Optivat_YT (uuid: 061f9ad6-a6fb-45da-8990-73890f965939): lag lol
[20:03:16] TheRealColmagi (uuid: c98c1615-0764-41e1-848d-73152bfabe94): since watermelon told me of a bug
[20:03:26] PhadingFuzzy (uuid: 4150cd4b-a415-4298-bdc7-c9e330b466cc): A zombie froze in midair while i was attacking him
[20:03:28] TheRealColmagi (uuid: c98c1615-0764-41e1-848d-73152bfabe94): we might crash again LOL
[20:03:32] TheRealColmagi (uuid: c98c1615-0764-41e1-848d-73152bfabe94): sorry everyone
[20:03:35] TheRealColmagi (uuid: c98c1615-0764-41e1-848d-73152bfabe94): but beta testing is hard
[20:04:50] TheRealColmagi (uuid: c98c1615-0764-41e1-848d-73152bfabe94): ok back again
[20:04:52] TheRealColmagi (uuid: c98c1615-0764-41e1-848d-73152bfabe94): goddam
[20:04:56] PhadingFuzzy (uuid: 4150cd4b-a415-4298-bdc7-c9e330b466cc): Predicted
[20:05:08] TheRealColmagi (uuid: c98c1615-0764-41e1-848d-73152bfabe94): wait till shorty gets on and ill see how many homes he can set
[20:05:09] TheRealColmagi (uuid: c98c1615-0764-41e1-848d-73152bfabe94): shorty
[20:05:12] TheRealColmagi (uuid: c98c1615-0764-41e1-848d-73152bfabe94): can u set more than 3
[20:05:34] watermelonman53 (uuid: 26666a91-29a2-487f-bda5-16d4919282a0): ye
[20:05:37] TheRealColmagi (uuid: c98c1615-0764-41e1-848d-73152bfabe94): gud
[20:05:52] TheRealColmagi (uuid: c98c1615-0764-41e1-848d-73152bfabe94): op wheres ur friend
[20:05:58] Optivat_YT (uuid: 061f9ad6-a6fb-45da-8990-73890f965939): he gtg
[20:06:07] PhadingFuzzy (uuid: 4150cd4b-a415-4298-bdc7-c9e330b466cc): Goddamit
[20:06:10] PhadingFuzzy (uuid: 4150cd4b-a415-4298-bdc7-c9e330b466cc): Why so many mobs
[20:06:24] TheRealColmagi (uuid: c98c1615-0764-41e1-848d-73152bfabe94): dammit
[20:06:36] TheRealColmagi (uuid: c98c1615-0764-41e1-848d-73152bfabe94): tell him im sorry for crashing the server so much
[20:06:40] TheRealColmagi (uuid: c98c1615-0764-41e1-848d-73152bfabe94): lol
[20:06:47] TheRealColmagi (uuid: c98c1615-0764-41e1-848d-73152bfabe94): dahell
[20:06:51] Optivat_YT (uuid: 061f9ad6-a6fb-45da-8990-73890f965939): np
[20:06:52] TheRealColmagi (uuid: c98c1615-0764-41e1-848d-73152bfabe94): how u get urself into this situation
[20:07:00] TheRealColmagi (uuid: c98c1615-0764-41e1-848d-73152bfabe94): also use the iron sword
[20:07:04] PhadingFuzzy (uuid: 4150cd4b-a415-4298-bdc7-c9e330b466cc): Im looking for andnesite
[20:07:10] TheRealColmagi (uuid: c98c1615-0764-41e1-848d-73152bfabe94): iron sword
[20:07:13] TheRealColmagi (uuid: c98c1615-0764-41e1-848d-73152bfabe94): is better than stone
[20:07:16] PhadingFuzzy (uuid: 4150cd4b-a415-4298-bdc7-c9e330b466cc): ik
[20:07:19] PhadingFuzzy (uuid: 4150cd4b-a415-4298-bdc7-c9e330b466cc): but this is free
[20:07:21] PhadingFuzzy (uuid: 4150cd4b-a415-4298-bdc7-c9e330b466cc): and im asin
[20:07:23] PhadingFuzzy (uuid: 4150cd4b-a415-4298-bdc7-c9e330b466cc): asian
[20:07:24] TheRealColmagi (uuid: c98c1615-0764-41e1-848d-73152bfabe94): lol fine
[20:08:34] PhadingFuzzy (uuid: 4150cd4b-a415-4298-bdc7-c9e330b466cc): If any of you guys encounter one of those recaptcha things, heres a tip
[20:08:41] TheRealColmagi (uuid: c98c1615-0764-41e1-848d-73152bfabe94): lmao wtf
[20:08:44] TheRealColmagi (uuid: c98c1615-0764-41e1-848d-73152bfabe94): should i make a website
[20:08:49] TheRealColmagi (uuid: c98c1615-0764-41e1-848d-73152bfabe94): like on enjin
[20:08:57] PhadingFuzzy (uuid: 4150cd4b-a415-4298-bdc7-c9e330b466cc): Move your mouse a ton and spam because it looks for bots
[20:09:07] PhadingFuzzy (uuid: 4150cd4b-a415-4298-bdc7-c9e330b466cc): Do that right after clicking thr box
[20:09:12] PhadingFuzzy (uuid: 4150cd4b-a415-4298-bdc7-c9e330b466cc): And scroll a ton
[20:09:26] PhadingFuzzy (uuid: 4150cd4b-a415-4298-bdc7-c9e330b466cc): That way, u dont have to answer the questions
[20:11:38] TheRealColmagi (uuid: c98c1615-0764-41e1-848d-73152bfabe94): thsucc
[20:11:45] Optivat_YT (uuid: 061f9ad6-a6fb-45da-8990-73890f965939): one of the best builds that I have ever done
[20:11:51] TheRealColmagi (uuid: c98c1615-0764-41e1-848d-73152bfabe94): waow
[20:11:54] TheRealColmagi (uuid: c98c1615-0764-41e1-848d-73152bfabe94): nice bridge
[20:11:59] Optivat_YT (uuid: 061f9ad6-a6fb-45da-8990-73890f965939): thx
[20:12:03] TheRealColmagi (uuid: c98c1615-0764-41e1-848d-73152bfabe94): cuz the wood kit amirite
[20:12:08] Optivat_YT (uuid: 061f9ad6-a6fb-45da-8990-73890f965939): ikr
[20:12:11] TheRealColmagi (uuid: c98c1615-0764-41e1-848d-73152bfabe94): ur expanding the village quite a bit
[20:12:11] Optivat_YT (uuid: 061f9ad6-a6fb-45da-8990-73890f965939): I used it
[20:12:15] Optivat_YT (uuid: 061f9ad6-a6fb-45da-8990-73890f965939): ik
[20:12:36] TheRealColmagi (uuid: c98c1615-0764-41e1-848d-73152bfabe94): ooooh
[20:12:37] TheRealColmagi (uuid: c98c1615-0764-41e1-848d-73152bfabe94): umm
[20:12:41] Optivat_YT (uuid: 061f9ad6-a6fb-45da-8990-73890f965939): I feel like this server is going to get a lot of players eventually if we keep spreading it
[20:12:45] TheRealColmagi (uuid: c98c1615-0764-41e1-848d-73152bfabe94): if pulse doesnt get on tell me and i can delete his claim
[20:12:48] TheRealColmagi (uuid: c98c1615-0764-41e1-848d-73152bfabe94): like right here
[20:12:51] TheRealColmagi (uuid: c98c1615-0764-41e1-848d-73152bfabe94): unless he trusted you
[20:13:07] Optivat_YT (uuid: 061f9ad6-a6fb-45da-8990-73890f965939): he didnt trust me
[20:13:10] TheRealColmagi (uuid: c98c1615-0764-41e1-848d-73152bfabe94): oh welp
[20:13:18] Optivat_YT (uuid: 061f9ad6-a6fb-45da-8990-73890f965939): dont destroy his build plz
[20:13:19] TheRealColmagi (uuid: c98c1615-0764-41e1-848d-73152bfabe94): i cant do anything since it hasnt been that long
[20:16:29] PhadingFuzzy (uuid: 4150cd4b-a415-4298-bdc7-c9e330b466cc): Do any of you have the problem when you move your mouse, the game suddenly becomes sensitive and you do a 180
[20:16:37] Optivat_YT (uuid: 061f9ad6-a6fb-45da-8990-73890f965939): no
[20:16:39] Optivat_YT (uuid: 061f9ad6-a6fb-45da-8990-73890f965939): no
[20:17:55] PhadingFuzzy (uuid: 4150cd4b-a415-4298-bdc7-c9e330b466cc): Dude
[20:18:01] TheRealColmagi (uuid: c98c1615-0764-41e1-848d-73152bfabe94): wat
[20:18:04] PhadingFuzzy (uuid: 4150cd4b-a415-4298-bdc7-c9e330b466cc): Why does the game never turn dark
[20:18:08] TheRealColmagi (uuid: c98c1615-0764-41e1-848d-73152bfabe94): it does
[20:18:13] PhadingFuzzy (uuid: 4150cd4b-a415-4298-bdc7-c9e330b466cc): I was in a cave and it was like day
[20:18:15] TheRealColmagi (uuid: c98c1615-0764-41e1-848d-73152bfabe94): its about to be night
[20:18:22] PhadingFuzzy (uuid: 4150cd4b-a415-4298-bdc7-c9e330b466cc): This has happened for a while
[20:18:40] PhadingFuzzy (uuid: 4150cd4b-a415-4298-bdc7-c9e330b466cc): No matter where I am, the ground looks like its in the daytime
[20:18:53] TheRealColmagi (uuid: c98c1615-0764-41e1-848d-73152bfabe94): Rapid Interstellar Objects Greatly Resemvbling Luminous Spheres of Plasma
[20:19:01] TheRealColmagi (uuid: c98c1615-0764-41e1-848d-73152bfabe94): where
[20:19:02] TheRealColmagi (uuid: c98c1615-0764-41e1-848d-73152bfabe94): i dun see it
[20:19:07] PhadingFuzzy (uuid: 4150cd4b-a415-4298-bdc7-c9e330b466cc): dun see what
[20:19:27] PhadingFuzzy (uuid: 4150cd4b-a415-4298-bdc7-c9e330b466cc): find a dark cave
[20:19:31] TheRealColmagi (uuid: c98c1615-0764-41e1-848d-73152bfabe94): like the gorund looks like its in the daytime
[20:19:31] PhadingFuzzy (uuid: 4150cd4b-a415-4298-bdc7-c9e330b466cc): and tp me to u
[20:19:38] TheRealColmagi (uuid: c98c1615-0764-41e1-848d-73152bfabe94): cuz it looks like that near the docks/village
[20:19:42] TheRealColmagi (uuid: c98c1615-0764-41e1-848d-73152bfabe94): and it pisses me off
[20:19:47] PhadingFuzzy (uuid: 4150cd4b-a415-4298-bdc7-c9e330b466cc): wait
[20:19:48] PhadingFuzzy (uuid: 4150cd4b-a415-4298-bdc7-c9e330b466cc): come
[20:20:24] PhadingFuzzy (uuid: 4150cd4b-a415-4298-bdc7-c9e330b466cc): is it dark here
[20:20:27] TheRealColmagi (uuid: c98c1615-0764-41e1-848d-73152bfabe94): yes
[20:20:29] PhadingFuzzy (uuid: 4150cd4b-a415-4298-bdc7-c9e330b466cc): wtf
[20:20:32] PhadingFuzzy (uuid: 4150cd4b-a415-4298-bdc7-c9e330b466cc): Its bright
[20:20:34] PhadingFuzzy (uuid: 4150cd4b-a415-4298-bdc7-c9e330b466cc): Like day for me
[20:20:35] TheRealColmagi (uuid: c98c1615-0764-41e1-848d-73152bfabe94): it might be a gltich on ur side
[20:20:38] PhadingFuzzy (uuid: 4150cd4b-a415-4298-bdc7-c9e330b466cc): yea
[20:20:44] PhadingFuzzy (uuid: 4150cd4b-a415-4298-bdc7-c9e330b466cc): its like this on other servers too
[20:20:45] TheRealColmagi (uuid: c98c1615-0764-41e1-848d-73152bfabe94): i guess the village light glitch is on my side too
[20:20:51] PhadingFuzzy (uuid: 4150cd4b-a415-4298-bdc7-c9e330b466cc): cool
[20:20:53] TheRealColmagi (uuid: c98c1615-0764-41e1-848d-73152bfabe94): also sometimes the village lights dont work
[20:20:56] PhadingFuzzy (uuid: 4150cd4b-a415-4298-bdc7-c9e330b466cc): this is dank
[20:20:56] TheRealColmagi (uuid: c98c1615-0764-41e1-848d-73152bfabe94): like the redstone lamps
[20:20:58] Optivat_YT (uuid: 061f9ad6-a6fb-45da-8990-73890f965939): I gtg I got to do hw
[20:21:01] TheRealColmagi (uuid: c98c1615-0764-41e1-848d-73152bfabe94): k have fun
[20:21:02] PhadingFuzzy (uuid: 4150cd4b-a415-4298-bdc7-c9e330b466cc): Bai
[20:21:02] TheRealColmagi (uuid: c98c1615-0764-41e1-848d-73152bfabe94): lol
[20:21:04] TheRealColmagi (uuid: c98c1615-0764-41e1-848d-73152bfabe94): see ya
[20:21:09] PhadingFuzzy (uuid: 4150cd4b-a415-4298-bdc7-c9e330b466cc): So i dont need torches
[20:21:15] TheRealColmagi (uuid: c98c1615-0764-41e1-848d-73152bfabe94): no
[20:21:19] Optivat_YT (uuid: 061f9ad6-a6fb-45da-8990-73890f965939): this bridge is one of my best creations
[20:21:19] PhadingFuzzy (uuid: 4150cd4b-a415-4298-bdc7-c9e330b466cc): xD
[20:21:19] TheRealColmagi (uuid: c98c1615-0764-41e1-848d-73152bfabe94): it prevents mob spawns
[20:21:24] PhadingFuzzy (uuid: 4150cd4b-a415-4298-bdc7-c9e330b466cc): oh yea
[20:21:27] TheRealColmagi (uuid: c98c1615-0764-41e1-848d-73152bfabe94): as it is still dark
[20:21:34] Optivat_YT (uuid: 061f9ad6-a6fb-45da-8990-73890f965939): it is beatiful
[20:21:38] PhadingFuzzy (uuid: 4150cd4b-a415-4298-bdc7-c9e330b466cc): ue
[20:21:40] TheRealColmagi (uuid: c98c1615-0764-41e1-848d-73152bfabe94): yes
[20:21:43] TheRealColmagi (uuid: c98c1615-0764-41e1-848d-73152bfabe94): gud job
[20:21:57] Optivat_YT (uuid: 061f9ad6-a6fb-45da-8990-73890f965939): Can I get admin when I am done with the village
[20:22:03] PhadingFuzzy (uuid: 4150cd4b-a415-4298-bdc7-c9e330b466cc): Guys, what update did the annoying slow-arrow skeletons come
[20:22:05] Optivat_YT (uuid: 061f9ad6-a6fb-45da-8990-73890f965939): because then I can be a tourist
[20:22:05] TheRealColmagi (uuid: c98c1615-0764-41e1-848d-73152bfabe94): wtf
[20:23:07] TheRealColmagi (uuid: c98c1615-0764-41e1-848d-73152bfabe94): ur paths are too far spread apart
[20:23:14] Optivat_YT (uuid: 061f9ad6-a6fb-45da-8990-73890f965939): oh :(
[20:23:15] TheRealColmagi (uuid: c98c1615-0764-41e1-848d-73152bfabe94): grass should be barely present
[20:23:35] Optivat_YT (uuid: 061f9ad6-a6fb-45da-8990-73890f965939): k nice too know that now
[20:23:39] TheRealColmagi (uuid: c98c1615-0764-41e1-848d-73152bfabe94): ya
[20:24:02] Optivat_YT (uuid: 061f9ad6-a6fb-45da-8990-73890f965939): I gtg for reals
[20:24:27] PhadingFuzzy (uuid: 4150cd4b-a415-4298-bdc7-c9e330b466cc): james
[20:24:29] PhadingFuzzy (uuid: 4150cd4b-a415-4298-bdc7-c9e330b466cc): Can u tune
[20:24:42] PhadingFuzzy (uuid: 4150cd4b-a415-4298-bdc7-c9e330b466cc): mob spawn down
[20:25:23] TheRealColmagi (uuid: c98c1615-0764-41e1-848d-73152bfabe94): idk
[20:25:28] TheRealColmagi (uuid: c98c1615-0764-41e1-848d-73152bfabe94): how to do that
[20:25:34] PhadingFuzzy (uuid: 4150cd4b-a415-4298-bdc7-c9e330b466cc): In config?
[20:25:41] TheRealColmagi (uuid: c98c1615-0764-41e1-848d-73152bfabe94): hell man not everything is in the configs
[20:25:48] TheRealColmagi (uuid: c98c1615-0764-41e1-848d-73152bfabe94): mob spawning is really specific
[20:26:17] watermelonman53 (uuid: 26666a91-29a2-487f-bda5-16d4919282a0): naahhhh
[20:26:27] PhadingFuzzy (uuid: 4150cd4b-a415-4298-bdc7-c9e330b466cc): gtg bye
[20:26:32] TheRealColmagi (uuid: c98c1615-0764-41e1-848d-73152bfabe94): ok well damn
[20:26:36] TheRealColmagi (uuid: c98c1615-0764-41e1-848d-73152bfabe94): looks like we alone again
[20:26:48] watermelonman53 (uuid: 26666a91-29a2-487f-bda5-16d4919282a0): m8 i was giving him diamonds
[20:26:54] watermelonman53 (uuid: 26666a91-29a2-487f-bda5-16d4919282a0): i dont hate him
[20:26:57] TheRealColmagi (uuid: c98c1615-0764-41e1-848d-73152bfabe94): yeah but i think he'd be happier with a rank
[20:27:09] TheRealColmagi (uuid: c98c1615-0764-41e1-848d-73152bfabe94): since he was admin of my old unturned server and he ran it pretty sell
[20:27:13] watermelonman53 (uuid: 26666a91-29a2-487f-bda5-16d4919282a0): elite is lowest
[20:27:15] TheRealColmagi (uuid: c98c1615-0764-41e1-848d-73152bfabe94): yeah
[20:27:20] TheRealColmagi (uuid: c98c1615-0764-41e1-848d-73152bfabe94): i think he'd be fine with any rank
[20:27:21] watermelonman53 (uuid: 26666a91-29a2-487f-bda5-16d4919282a0): ok
[20:27:29] TheRealColmagi (uuid: c98c1615-0764-41e1-848d-73152bfabe94): ill wait till he gets back on tho
[20:27:30] watermelonman53 (uuid: 26666a91-29a2-487f-bda5-16d4919282a0): is gud idea
[20:27:37] TheRealColmagi (uuid: c98c1615-0764-41e1-848d-73152bfabe94): just hope maple doesnt do some dumb shit
[20:28:08] watermelonman53 (uuid: 26666a91-29a2-487f-bda5-16d4919282a0): you know maple does dumb shit sometimes right
[20:29:44] TheRealColmagi (uuid: c98c1615-0764-41e1-848d-73152bfabe94): yeah
[20:29:52] TheRealColmagi (uuid: c98c1615-0764-41e1-848d-73152bfabe94): i mean like the killing was justified
[20:29:58] TheRealColmagi (uuid: c98c1615-0764-41e1-848d-73152bfabe94): you dont just kill someone's llamas
[20:30:02] watermelonman53 (uuid: 26666a91-29a2-487f-bda5-16d4919282a0): ye\
[20:30:10] TheRealColmagi (uuid: c98c1615-0764-41e1-848d-73152bfabe94): but i hope he doesnt go and tick maple off so hard that he bans him or somethin
[20:30:46] watermelonman53 (uuid: 26666a91-29a2-487f-bda5-16d4919282a0): im trying to find my concentration camp
[20:31:19] TheRealColmagi (uuid: c98c1615-0764-41e1-848d-73152bfabe94): still trying to recruit ppl
[20:31:48] watermelonman53 (uuid: 26666a91-29a2-487f-bda5-16d4919282a0): the best way to do that is advertisement
[20:31:55] TheRealColmagi (uuid: c98c1615-0764-41e1-848d-73152bfabe94): im doin my friends first
[20:31:58] TheRealColmagi (uuid: c98c1615-0764-41e1-848d-73152bfabe94): cuz its less awkward
[20:32:06] watermelonman53 (uuid: 26666a91-29a2-487f-bda5-16d4919282a0): ye
[20:32:31] TheRealColmagi (uuid: c98c1615-0764-41e1-848d-73152bfabe94): should i make a website
[20:32:34] TheRealColmagi (uuid: c98c1615-0764-41e1-848d-73152bfabe94): i mean like ive done it before
[20:32:38] watermelonman53 (uuid: 26666a91-29a2-487f-bda5-16d4919282a0): up to u
[20:32:51] TheRealColmagi (uuid: c98c1615-0764-41e1-848d-73152bfabe94): and it would be real useful to just direct ppl to it when they're like "wtf do ranks do"
[20:39:50] TheRealColmagi (uuid: c98c1615-0764-41e1-848d-73152bfabe94): talking to my old lichcraft buddies
[20:40:01] TheRealColmagi (uuid: c98c1615-0764-41e1-848d-73152bfabe94): none of them are on but i hope at least a few get the message and hop on the server
[20:40:04] watermelonman53 (uuid: 26666a91-29a2-487f-bda5-16d4919282a0): haha
[20:42:13] TheRealColmagi (uuid: c98c1615-0764-41e1-848d-73152bfabe94): well fuk
[20:42:21] TheRealColmagi (uuid: c98c1615-0764-41e1-848d-73152bfabe94): i have no idea how to make an enjin site
[20:42:26] watermelonman53 (uuid: 26666a91-29a2-487f-bda5-16d4919282a0): wat
[20:42:32] watermelonman53 (uuid: 26666a91-29a2-487f-bda5-16d4919282a0): oj
[20:42:35] watermelonman53 (uuid: 26666a91-29a2-487f-bda5-16d4919282a0): oh
[20:43:18] TheRealColmagi (uuid: c98c1615-0764-41e1-848d-73152bfabe94): brb testing somethin
[20:43:47] TheRealColmagi (uuid: c98c1615-0764-41e1-848d-73152bfabe94): yep
[20:43:50] TheRealColmagi (uuid: c98c1615-0764-41e1-848d-73152bfabe94): still banned for advert
[20:43:56] TheRealColmagi (uuid: c98c1615-0764-41e1-848d-73152bfabe94): cuz i told my friend the ip of this server
[20:44:04] TheRealColmagi (uuid: c98c1615-0764-41e1-848d-73152bfabe94): like a year ago
[20:44:14] watermelonman53 (uuid: 26666a91-29a2-487f-bda5-16d4919282a0): NEET
[20:44:19] TheRealColmagi (uuid: c98c1615-0764-41e1-848d-73152bfabe94): neato burrito
[20:44:19] watermelonman53 (uuid: 26666a91-29a2-487f-bda5-16d4919282a0): caps
[20:44:41] watermelonman53 (uuid: 26666a91-29a2-487f-bda5-16d4919282a0): cant find my camp
[20:45:35] watermelonman53 (uuid: 26666a91-29a2-487f-bda5-16d4919282a0): u ned moods
[20:45:39] TheRealColmagi (uuid: c98c1615-0764-41e1-848d-73152bfabe94): no
[20:45:45] watermelonman53 (uuid: 26666a91-29a2-487f-bda5-16d4919282a0): y\
[20:45:46] TheRealColmagi (uuid: c98c1615-0764-41e1-848d-73152bfabe94): mods r laggy
[20:45:53] watermelonman53 (uuid: 26666a91-29a2-487f-bda5-16d4919282a0): tru
[20:45:54] TheRealColmagi (uuid: c98c1615-0764-41e1-848d-73152bfabe94): we almost died with a magic plugin
[20:46:07] watermelonman53 (uuid: 26666a91-29a2-487f-bda5-16d4919282a0): get better computer
[20:46:11] TheRealColmagi (uuid: c98c1615-0764-41e1-848d-73152bfabe94): riiight
[20:46:16] TheRealColmagi (uuid: c98c1615-0764-41e1-848d-73152bfabe94): maybe if u gave me donations
[20:46:19] watermelonman53 (uuid: 26666a91-29a2-487f-bda5-16d4919282a0): neeeeed beeeef
[20:46:24] TheRealColmagi (uuid: c98c1615-0764-41e1-848d-73152bfabe94): i could afford that shit
[20:46:55] watermelonman53 (uuid: 26666a91-29a2-487f-bda5-16d4919282a0): all you would need is a better prosecer
[20:47:02] TheRealColmagi (uuid: c98c1615-0764-41e1-848d-73152bfabe94): heheheheh and better internet
[20:47:03] watermelonman53 (uuid: 26666a91-29a2-487f-bda5-16d4919282a0): i r bad spell
[20:47:37] watermelonman53 (uuid: 26666a91-29a2-487f-bda5-16d4919282a0): tp to me
[20:47:48] TheRealColmagi (uuid: c98c1615-0764-41e1-848d-73152bfabe94): su c c
[20:47:55] watermelonman53 (uuid: 26666a91-29a2-487f-bda5-16d4919282a0): this is my hole
[20:48:00] TheRealColmagi (uuid: c98c1615-0764-41e1-848d-73152bfabe94): it has a dick in it
[20:48:12] watermelonman53 (uuid: 26666a91-29a2-487f-bda5-16d4919282a0): i have a dick in my hole
[20:48:17] watermelonman53 (uuid: 26666a91-29a2-487f-bda5-16d4919282a0): ...
[20:48:23] TheRealColmagi (uuid: c98c1615-0764-41e1-848d-73152bfabe94): pussy
[20:48:49] TheRealColmagi (uuid: c98c1615-0764-41e1-848d-73152bfabe94): s u c c c cc c c cc
[20:50:56] TheRealColmagi (uuid: c98c1615-0764-41e1-848d-73152bfabe94): balls
[20:54:39] watermelonman53 (uuid: 26666a91-29a2-487f-bda5-16d4919282a0): can has creative for 1 min
[20:55:05] watermelonman53 (uuid: 26666a91-29a2-487f-bda5-16d4919282a0): thanks
[20:59:07] TheRealColmagi (uuid: c98c1615-0764-41e1-848d-73152bfabe94): oh shit
[20:59:10] TheRealColmagi (uuid: c98c1615-0764-41e1-848d-73152bfabe94): damn son where u find this
[20:59:11] watermelonman53 (uuid: 26666a91-29a2-487f-bda5-16d4919282a0): hi
[21:00:26] TheRealColmagi (uuid: c98c1615-0764-41e1-848d-73152bfabe94): turn off god ffs
[21:04:47] TheRealColmagi (uuid: c98c1615-0764-41e1-848d-73152bfabe94): ezx
[21:05:01] TheRealColmagi (uuid: c98c1615-0764-41e1-848d-73152bfabe94): ezx
[21:07:12] TheRealColmagi (uuid: c98c1615-0764-41e1-848d-73152bfabe94): shit nigga we lagged out
[21:07:21] watermelonman53 (uuid: 26666a91-29a2-487f-bda5-16d4919282a0): kill all mobs
[21:07:42] watermelonman53 (uuid: 26666a91-29a2-487f-bda5-16d4919282a0): thanks
[21:08:26] TheRealColmagi (uuid: c98c1615-0764-41e1-848d-73152bfabe94): HOLY SHIT
[21:08:31] TheRealColmagi (uuid: c98c1615-0764-41e1-848d-73152bfabe94): I DRAINED THE OCEAN
[21:08:43] TheRealColmagi (uuid: c98c1615-0764-41e1-848d-73152bfabe94): CHECK IT
[21:08:54] watermelonman53 (uuid: 26666a91-29a2-487f-bda5-16d4919282a0): hahahah
[21:08:58] TheRealColmagi (uuid: c98c1615-0764-41e1-848d-73152bfabe94): DAYUMMMMM
[21:09:05] watermelonman53 (uuid: 26666a91-29a2-487f-bda5-16d4919282a0): this is far enough away
[21:09:13] watermelonman53 (uuid: 26666a91-29a2-487f-bda5-16d4919282a0): no one will know
[21:09:17] TheRealColmagi (uuid: c98c1615-0764-41e1-848d-73152bfabe94): lol
[21:09:29] watermelonman53 (uuid: 26666a91-29a2-487f-bda5-16d4919282a0): new house
[21:09:33] TheRealColmagi (uuid: c98c1615-0764-41e1-848d-73152bfabe94): lOL
[21:09:49] watermelonman53 (uuid: 26666a91-29a2-487f-bda5-16d4919282a0): with a large paddio
[21:09:52] TheRealColmagi (uuid: c98c1615-0764-41e1-848d-73152bfabe94): gravel pits
[21:10:12] PhadingFuzzy (uuid: 4150cd4b-a415-4298-bdc7-c9e330b466cc): Connected with MineChat
[21:10:14] TheRealColmagi (uuid: c98c1615-0764-41e1-848d-73152bfabe94): hello again
[21:10:23] PhadingFuzzy (uuid: 4150cd4b-a415-4298-bdc7-c9e330b466cc): t!tp me to u
[21:10:27] TheRealColmagi (uuid: c98c1615-0764-41e1-848d-73152bfabe94): hi
[21:10:50] PhadingFuzzy (uuid: 4150cd4b-a415-4298-bdc7-c9e330b466cc): tp me to u
[21:10:54] TheRealColmagi (uuid: c98c1615-0764-41e1-848d-73152bfabe94): im right here
[21:10:57] PhadingFuzzy (uuid: 4150cd4b-a415-4298-bdc7-c9e330b466cc): before i die
[21:11:07] PhadingFuzzy (uuid: 4150cd4b-a415-4298-bdc7-c9e330b466cc): k im connected on mobile
[21:11:12] TheRealColmagi (uuid: c98c1615-0764-41e1-848d-73152bfabe94): wtf
[21:11:17] PhadingFuzzy (uuid: 4150cd4b-a415-4298-bdc7-c9e330b466cc): so idk whats happenin
[21:11:40] TheRealColmagi (uuid: c98c1615-0764-41e1-848d-73152bfabe94): there
[21:11:44] TheRealColmagi (uuid: c98c1615-0764-41e1-848d-73152bfabe94): ur just on a ledge
[21:11:45] PhadingFuzzy (uuid: 4150cd4b-a415-4298-bdc7-c9e330b466cc): thbx
[21:11:48] PhadingFuzzy (uuid: 4150cd4b-a415-4298-bdc7-c9e330b466cc): lel
[21:11:49] PhadingFuzzy (uuid: 4150cd4b-a415-4298-bdc7-c9e330b466cc): ok
[21:11:56] PhadingFuzzy (uuid: 4150cd4b-a415-4298-bdc7-c9e330b466cc): idk why im here
[21:11:58] PhadingFuzzy (uuid: 4150cd4b-a415-4298-bdc7-c9e330b466cc): byee
[21:12:14] TheRealColmagi (uuid: c98c1615-0764-41e1-848d-73152bfabe94): LOL
[21:12:20] TheRealColmagi (uuid: c98c1615-0764-41e1-848d-73152bfabe94): jewbo
[21:12:25] TheRealColmagi (uuid: c98c1615-0764-41e1-848d-73152bfabe94): ill give him some free andesite
[21:14:10] watermelonman53 (uuid: 26666a91-29a2-487f-bda5-16d4919282a0): thanks
[21:14:20] TheRealColmagi (uuid: c98c1615-0764-41e1-848d-73152bfabe94): np
[21:32:29] TheRealColmagi (uuid: c98c1615-0764-41e1-848d-73152bfabe94): ops got a fine village
[21:32:37] TheRealColmagi (uuid: c98c1615-0764-41e1-848d-73152bfabe94): gud shit
[21:32:43] watermelonman53 (uuid: 26666a91-29a2-487f-bda5-16d4919282a0): thanks
[21:42:10] TheRealColmagi (uuid: c98c1615-0764-41e1-848d-73152bfabe94): god suc c c
[21:47:15] watermelonman53 (uuid: 26666a91-29a2-487f-bda5-16d4919282a0): i just did somting im proud of
[21:47:44] watermelonman53 (uuid: 26666a91-29a2-487f-bda5-16d4919282a0): i found maple on roblox roleplaying as aweeb
[21:49:17] TheRealColmagi (uuid: c98c1615-0764-41e1-848d-73152bfabe94): LOL
[21:49:19] TheRealColmagi (uuid: c98c1615-0764-41e1-848d-73152bfabe94): omfg
[21:49:22] TheRealColmagi (uuid: c98c1615-0764-41e1-848d-73152bfabe94): LOOOOOOOL
[21:49:25] TheRealColmagi (uuid: c98c1615-0764-41e1-848d-73152bfabe94): WHAT A FAGJEW
[21:50:02] watermelonman53 (uuid: 26666a91-29a2-487f-bda5-16d4919282a0): he hasnt been responding so i though i'd bring the message to him
[21:50:06] TheRealColmagi (uuid: c98c1615-0764-41e1-848d-73152bfabe94): LOL
[21:50:30] watermelonman53 (uuid: 26666a91-29a2-487f-bda5-16d4919282a0): this house is garbo
[21:50:33] TheRealColmagi (uuid: c98c1615-0764-41e1-848d-73152bfabe94): same
[21:51:06] TheRealColmagi (uuid: c98c1615-0764-41e1-848d-73152bfabe94): KKK
[21:51:22] watermelonman53 (uuid: 26666a91-29a2-487f-bda5-16d4919282a0): mobey huge
[21:51:28] TheRealColmagi (uuid: c98c1615-0764-41e1-848d-73152bfabe94): moby COCK
[21:52:36] TheRealColmagi (uuid: c98c1615-0764-41e1-848d-73152bfabe94): diksuck
[21:58:04] TheRealColmagi (uuid: c98c1615-0764-41e1-848d-73152bfabe94): nicker fagola
[21:58:47] TheRealColmagi (uuid: c98c1615-0764-41e1-848d-73152bfabe94): oh yES DADDY
[22:01:17] TheRealColmagi (uuid: c98c1615-0764-41e1-848d-73152bfabe94): really nigga
[22:01:24] watermelonman53 (uuid: 26666a91-29a2-487f-bda5-16d4919282a0): yes
[22:01:33] TheRealColmagi (uuid: c98c1615-0764-41e1-848d-73152bfabe94): fucface
[22:01:49] TheRealColmagi (uuid: c98c1615-0764-41e1-848d-73152bfabe94): pvp in the arena fagt
[22:01:53] TheRealColmagi (uuid: c98c1615-0764-41e1-848d-73152bfabe94): kit vet
[22:02:09] TheRealColmagi (uuid: c98c1615-0764-41e1-848d-73152bfabe94): kit veteran
[22:03:17] TheRealColmagi (uuid: c98c1615-0764-41e1-848d-73152bfabe94): eks de
[22:03:37] TheRealColmagi (uuid: c98c1615-0764-41e1-848d-73152bfabe94): cmere fagola
[22:03:39] watermelonman53 (uuid: 26666a91-29a2-487f-bda5-16d4919282a0): tak me out of crea
[22:03:57] TheRealColmagi (uuid: c98c1615-0764-41e1-848d-73152bfabe94): wtf
[22:04:06] watermelonman53 (uuid: 26666a91-29a2-487f-bda5-16d4919282a0): it was god
[22:04:30] TheRealColmagi (uuid: c98c1615-0764-41e1-848d-73152bfabe94): fucking lava
[22:04:32] TheRealColmagi (uuid: c98c1615-0764-41e1-848d-73152bfabe94): fuck
[22:04:44] watermelonman53 (uuid: 26666a91-29a2-487f-bda5-16d4919282a0): strats
[22:04:51] TheRealColmagi (uuid: c98c1615-0764-41e1-848d-73152bfabe94): fight me fuk
[22:05:34] TheRealColmagi (uuid: c98c1615-0764-41e1-848d-73152bfabe94): yay
[22:06:05] TheRealColmagi (uuid: c98c1615-0764-41e1-848d-73152bfabe94): jews
[22:06:07] TheRealColmagi (uuid: c98c1615-0764-41e1-848d-73152bfabe94): come for jew
[22:06:11] watermelonman53 (uuid: 26666a91-29a2-487f-bda5-16d4919282a0): didnt realize it came with a bow
[22:06:15] TheRealColmagi (uuid: c98c1615-0764-41e1-848d-73152bfabe94): lol
[22:08:04] TheRealColmagi (uuid: c98c1615-0764-41e1-848d-73152bfabe94): fuck you maple
[22:08:11] TheRealColmagi (uuid: c98c1615-0764-41e1-848d-73152bfabe94): im hiring bluegamer to remake this arena
[22:08:17] TheRealColmagi (uuid: c98c1615-0764-41e1-848d-73152bfabe94): holy jesus the lava is so fucking retarded
[22:08:19] watermelonman53 (uuid: 26666a91-29a2-487f-bda5-16d4919282a0): lol
[22:08:57] watermelonman53 (uuid: 26666a91-29a2-487f-bda5-16d4919282a0): i say it is fair game
[22:09:02] TheRealColmagi (uuid: c98c1615-0764-41e1-848d-73152bfabe94): i say its retarded
[22:09:06] TheRealColmagi (uuid: c98c1615-0764-41e1-848d-73152bfabe94): pvp arenas shouldnt have this shit
[22:09:13] watermelonman53 (uuid: 26666a91-29a2-487f-bda5-16d4919282a0): @you dont pay attention to whats around you
[22:09:19] TheRealColmagi (uuid: c98c1615-0764-41e1-848d-73152bfabe94): fuck off
[22:09:29] TheRealColmagi (uuid: c98c1615-0764-41e1-848d-73152bfabe94): im getting blue to remaking it
[22:09:34] TheRealColmagi (uuid: c98c1615-0764-41e1-848d-73152bfabe94): to reamke it
[22:09:34] watermelonman53 (uuid: 26666a91-29a2-487f-bda5-16d4919282a0): that and your aim sucks
[22:11:11] TheRealColmagi (uuid: c98c1615-0764-41e1-848d-73152bfabe94): fuk koff
[22:11:26] TheRealColmagi (uuid: c98c1615-0764-41e1-848d-73152bfabe94): WHY AREHTERE RAINBOW SHEEP
[22:11:35] watermelonman53 (uuid: 26666a91-29a2-487f-bda5-16d4919282a0): lolo
[22:13:48] watermelonman53 (uuid: 26666a91-29a2-487f-bda5-16d4919282a0): you tp ed me to spawn
[22:14:09] TheRealColmagi (uuid: c98c1615-0764-41e1-848d-73152bfabe94): yes
[22:14:20] watermelonman53 (uuid: 26666a91-29a2-487f-bda5-16d4919282a0): y
[22:14:32] TheRealColmagi (uuid: c98c1615-0764-41e1-848d-73152bfabe94): felt like it
[22:14:38] watermelonman53 (uuid: 26666a91-29a2-487f-bda5-16d4919282a0): o
[22:18:57] TheRealColmagi (uuid: c98c1615-0764-41e1-848d-73152bfabe94): damn i wish someone else would ge ton
[22:19:13] watermelonman53 (uuid: 26666a91-29a2-487f-bda5-16d4919282a0): is my company unpleasent
[22:19:23] TheRealColmagi (uuid: c98c1615-0764-41e1-848d-73152bfabe94): no
[22:19:27] TheRealColmagi (uuid: c98c1615-0764-41e1-848d-73152bfabe94): extra company would be nice tho
[22:24:06] watermelonman53 (uuid: 26666a91-29a2-487f-bda5-16d4919282a0): whet ar you doinmg
[22:24:12] TheRealColmagi (uuid: c98c1615-0764-41e1-848d-73152bfabe94): literally nithing
[22:28:30] watermelonman53 (uuid: 26666a91-29a2-487f-bda5-16d4919282a0): fucking normie
[22:30:32] watermelonman53 (uuid: 26666a91-29a2-487f-bda5-16d4919282a0): waaaallllllll
[22:30:35] watermelonman53 (uuid: 26666a91-29a2-487f-bda5-16d4919282a0): bye
[22:30:43] TheRealColmagi (uuid: c98c1615-0764-41e1-848d-73152bfabe94): k fagt
[22:48:08] Optivat_YT (uuid: 061f9ad6-a6fb-45da-8990-73890f965939):  I am the only one on the server
[22:49:47] TheBlueGamer0 (uuid: 654713d4-034f-41ff-acad-c3b9ced485de): hello
[22:49:53] Optivat_YT (uuid: 061f9ad6-a6fb-45da-8990-73890f965939): hello
[22:50:57] TheRealColmagi (uuid: c98c1615-0764-41e1-848d-73152bfabe94): im here u fuks
[22:51:03] TheBlueGamer0 (uuid: 654713d4-034f-41ff-acad-c3b9ced485de): hi
[22:51:06] TheRealColmagi (uuid: c98c1615-0764-41e1-848d-73152bfabe94): "im the only one on the server"
[22:51:09] TheRealColmagi (uuid: c98c1615-0764-41e1-848d-73152bfabe94): hehehehehehheh kekekekek
[22:51:10] Optivat_YT (uuid: 061f9ad6-a6fb-45da-8990-73890f965939): jesus f'in crist
[22:51:17] TheRealColmagi (uuid: c98c1615-0764-41e1-848d-73152bfabe94): so blue
[22:51:20] TheRealColmagi (uuid: c98c1615-0764-41e1-848d-73152bfabe94): hows admin
[22:51:23] TheRealColmagi (uuid: c98c1615-0764-41e1-848d-73152bfabe94): no aboose
[22:51:26] TheBlueGamer0 (uuid: 654713d4-034f-41ff-acad-c3b9ced485de): k
[22:51:28] TheRealColmagi (uuid: c98c1615-0764-41e1-848d-73152bfabe94): oh
[22:51:30] TheRealColmagi (uuid: c98c1615-0764-41e1-848d-73152bfabe94): shit
[22:51:33] TheRealColmagi (uuid: c98c1615-0764-41e1-848d-73152bfabe94): there was a spider lookin at me
[22:51:36] TheBlueGamer0 (uuid: 654713d4-034f-41ff-acad-c3b9ced485de): its great, i get to just continue building
[22:51:39] TheRealColmagi (uuid: c98c1615-0764-41e1-848d-73152bfabe94): i thought blue was disguised as it
[22:51:50] TheRealColmagi (uuid: c98c1615-0764-41e1-848d-73152bfabe94): and then i hit it and realized it was an actual spider
[22:52:06] TheRealColmagi (uuid: c98c1615-0764-41e1-848d-73152bfabe94): oh yes daddy
[22:52:14] TheBlueGamer0 (uuid: 654713d4-034f-41ff-acad-c3b9ced485de): k
[22:52:41] TheRealColmagi (uuid: c98c1615-0764-41e1-848d-73152bfabe94): i gotta take a shower
[22:53:53] Optivat_YT (uuid: 061f9ad6-a6fb-45da-8990-73890f965939): y u leave chat
[22:56:34] TheRealColmagi (uuid: c98c1615-0764-41e1-848d-73152bfabe94): LOLLLLLLLLLL
[22:57:56] TheBlueGamer0 (uuid: 654713d4-034f-41ff-acad-c3b9ced485de): im not muted
[22:58:02] TheBlueGamer0 (uuid: 654713d4-034f-41ff-acad-c3b9ced485de): its on your end
[22:58:10] TheBlueGamer0 (uuid: 654713d4-034f-41ff-acad-c3b9ced485de): so unmute me
[23:36:18] TheRealColmagi (uuid: c98c1615-0764-41e1-848d-73152bfabe94): HA
