[12:05:23] TheRealColmagi (uuid: c98c1615-0764-41e1-848d-73152bfabe94): best wall na
[12:59:40] TheRealColmagi (uuid: c98c1615-0764-41e1-848d-73152bfabe94): oh my god
[13:24:17] TheRealColmagi (uuid: c98c1615-0764-41e1-848d-73152bfabe94): wtf yo
[13:41:01] TheRealColmagi (uuid: c98c1615-0764-41e1-848d-73152bfabe94): homosexuality is a crime
[15:23:33] TheRealColmagi (uuid: c98c1615-0764-41e1-848d-73152bfabe94): aha
[15:23:34] BowMaster_7 (uuid: 09906eb9-3bd7-461e-9aff-854e2d4b7835): omg bro we did so much
[15:23:36] TheRealColmagi (uuid: c98c1615-0764-41e1-848d-73152bfabe94): yes
[15:23:49] BowMaster_7 (uuid: 09906eb9-3bd7-461e-9aff-854e2d4b7835): i never realized how big it was
[15:23:50] BowMaster_7 (uuid: 09906eb9-3bd7-461e-9aff-854e2d4b7835): till now
[15:23:54] TheRealColmagi (uuid: c98c1615-0764-41e1-848d-73152bfabe94): i forgot as well
[15:24:27] BowMaster_7 (uuid: 09906eb9-3bd7-461e-9aff-854e2d4b7835): lol
[15:24:35] BowMaster_7 (uuid: 09906eb9-3bd7-461e-9aff-854e2d4b7835): xgood lord
[15:24:39] TheRealColmagi (uuid: c98c1615-0764-41e1-848d-73152bfabe94): its full lmao
[15:25:15] BowMaster_7 (uuid: 09906eb9-3bd7-461e-9aff-854e2d4b7835): creeper\
[15:25:17] BowMaster_7 (uuid: 09906eb9-3bd7-461e-9aff-854e2d4b7835): rm
[15:25:19] TheRealColmagi (uuid: c98c1615-0764-41e1-848d-73152bfabe94): where
[15:25:28] TheRealColmagi (uuid: c98c1615-0764-41e1-848d-73152bfabe94): eggsde
[15:25:38] TheRealColmagi (uuid: c98c1615-0764-41e1-848d-73152bfabe94): wait did u dye ur hair red
[15:25:48] BowMaster_7 (uuid: 09906eb9-3bd7-461e-9aff-854e2d4b7835): wdym
[15:25:51] TheRealColmagi (uuid: c98c1615-0764-41e1-848d-73152bfabe94): thats what ethan and hubert told me
[15:26:01] BowMaster_7 (uuid: 09906eb9-3bd7-461e-9aff-854e2d4b7835): uh for a little bit
[15:26:04] TheRealColmagi (uuid: c98c1615-0764-41e1-848d-73152bfabe94): lmao
[15:26:16] BowMaster_7 (uuid: 09906eb9-3bd7-461e-9aff-854e2d4b7835): yeah it was pretty cool not gonna lie
[15:26:32] TheRealColmagi (uuid: c98c1615-0764-41e1-848d-73152bfabe94): y dont u have a fb yet my dude
[15:26:39] BowMaster_7 (uuid: 09906eb9-3bd7-461e-9aff-854e2d4b7835): ?
[15:26:42] TheRealColmagi (uuid: c98c1615-0764-41e1-848d-73152bfabe94): facebook
[15:26:46] BowMaster_7 (uuid: 09906eb9-3bd7-461e-9aff-854e2d4b7835): oh yeah
[15:26:48] BowMaster_7 (uuid: 09906eb9-3bd7-461e-9aff-854e2d4b7835): paretns
[15:26:51] TheRealColmagi (uuid: c98c1615-0764-41e1-848d-73152bfabe94): oof
[15:26:58] BowMaster_7 (uuid: 09906eb9-3bd7-461e-9aff-854e2d4b7835): i can prob get one now if i actually wanted one
[15:27:01] TheRealColmagi (uuid: c98c1615-0764-41e1-848d-73152bfabe94): well ur like 14 now
[15:27:07] TheRealColmagi (uuid: c98c1615-0764-41e1-848d-73152bfabe94): u have to be 13 to make one
[15:27:11] BowMaster_7 (uuid: 09906eb9-3bd7-461e-9aff-854e2d4b7835): they still dont want me to have one
[15:27:17] BowMaster_7 (uuid: 09906eb9-3bd7-461e-9aff-854e2d4b7835): they dont like social media
[15:27:17] TheRealColmagi (uuid: c98c1615-0764-41e1-848d-73152bfabe94): oof
[15:27:27] TheRealColmagi (uuid: c98c1615-0764-41e1-848d-73152bfabe94): it helps a lot with jasper cuz ppl post notes
[15:27:43] BowMaster_7 (uuid: 09906eb9-3bd7-461e-9aff-854e2d4b7835): yeah
[15:27:46] BowMaster_7 (uuid: 09906eb9-3bd7-461e-9aff-854e2d4b7835): i may get one
[15:27:52] TheRealColmagi (uuid: c98c1615-0764-41e1-848d-73152bfabe94): lmao
[15:28:12] TheRealColmagi (uuid: c98c1615-0764-41e1-848d-73152bfabe94): i would add u to my fb group chat with all our friends but ur parents might see that ive named it
[15:28:15] TheRealColmagi (uuid: c98c1615-0764-41e1-848d-73152bfabe94): "concentration camp"
[15:28:24] BowMaster_7 (uuid: 09906eb9-3bd7-461e-9aff-854e2d4b7835): omg
[15:28:27] BowMaster_7 (uuid: 09906eb9-3bd7-461e-9aff-854e2d4b7835): XD
[15:28:50] TheRealColmagi (uuid: c98c1615-0764-41e1-848d-73152bfabe94): u never finished that barn thingy in the back
[15:29:08] TheRealColmagi (uuid: c98c1615-0764-41e1-848d-73152bfabe94): or is it a church idk
[15:29:09] BowMaster_7 (uuid: 09906eb9-3bd7-461e-9aff-854e2d4b7835): it was a tavern lol
[15:29:12] TheRealColmagi (uuid: c98c1615-0764-41e1-848d-73152bfabe94): o yeah
[15:29:30] TheRealColmagi (uuid: c98c1615-0764-41e1-848d-73152bfabe94): oops
[15:29:35] BowMaster_7 (uuid: 09906eb9-3bd7-461e-9aff-854e2d4b7835): lol
[15:29:44] BowMaster_7 (uuid: 09906eb9-3bd7-461e-9aff-854e2d4b7835): we can finish it
[15:29:51] BowMaster_7 (uuid: 09906eb9-3bd7-461e-9aff-854e2d4b7835): i jsut dont have enough wood
[15:30:05] TheRealColmagi (uuid: c98c1615-0764-41e1-848d-73152bfabe94): i just gave u creative
[15:30:10] BowMaster_7 (uuid: 09906eb9-3bd7-461e-9aff-854e2d4b7835): oh dayum
[15:30:49] BowMaster_7 (uuid: 09906eb9-3bd7-461e-9aff-854e2d4b7835): how do i let you open that chest
[15:30:50] TheRealColmagi (uuid: c98c1615-0764-41e1-848d-73152bfabe94): FUCK
[15:30:51] BowMaster_7 (uuid: 09906eb9-3bd7-461e-9aff-854e2d4b7835): oh lol
[15:30:52] TheRealColmagi (uuid: c98c1615-0764-41e1-848d-73152bfabe94): wrong key
[15:31:04] TheRealColmagi (uuid: c98c1615-0764-41e1-848d-73152bfabe94): its k i ignored claims
[15:31:12] BowMaster_7 (uuid: 09906eb9-3bd7-461e-9aff-854e2d4b7835): llol
[15:31:48] TheRealColmagi (uuid: c98c1615-0764-41e1-848d-73152bfabe94): dammit all my games sprint with shift and crouch with ctrl
[15:31:57] TheRealColmagi (uuid: c98c1615-0764-41e1-848d-73152bfabe94): lemme change that in keybinds
[15:31:59] BowMaster_7 (uuid: 09906eb9-3bd7-461e-9aff-854e2d4b7835): i put f
[15:32:02] BowMaster_7 (uuid: 09906eb9-3bd7-461e-9aff-854e2d4b7835): for my spring
[15:32:05] BowMaster_7 (uuid: 09906eb9-3bd7-461e-9aff-854e2d4b7835): sprijt
[15:32:20] TheRealColmagi (uuid: c98c1615-0764-41e1-848d-73152bfabe94): lol
[15:32:28] TheRealColmagi (uuid: c98c1615-0764-41e1-848d-73152bfabe94): payday 2 its shift to run and ctrl to crouch
[15:32:39] BowMaster_7 (uuid: 09906eb9-3bd7-461e-9aff-854e2d4b7835): thats what most games use
[15:32:47] TheRealColmagi (uuid: c98c1615-0764-41e1-848d-73152bfabe94): yeah
[15:33:31] BowMaster_7 (uuid: 09906eb9-3bd7-461e-9aff-854e2d4b7835): how are we gonna do this
[15:33:33] TheRealColmagi (uuid: c98c1615-0764-41e1-848d-73152bfabe94): idk
[15:33:41] BowMaster_7 (uuid: 09906eb9-3bd7-461e-9aff-854e2d4b7835): i have no idea cuz these rooms are tinyu
[15:34:21] TheRealColmagi (uuid: c98c1615-0764-41e1-848d-73152bfabe94): are these supposed to be like
[15:34:24] TheRealColmagi (uuid: c98c1615-0764-41e1-848d-73152bfabe94): hotel rooms lol
[15:34:36] BowMaster_7 (uuid: 09906eb9-3bd7-461e-9aff-854e2d4b7835): yeah
[15:34:40] TheRealColmagi (uuid: c98c1615-0764-41e1-848d-73152bfabe94): i see
[15:34:41] BowMaster_7 (uuid: 09906eb9-3bd7-461e-9aff-854e2d4b7835): tavern rooms
[15:34:52] TheRealColmagi (uuid: c98c1615-0764-41e1-848d-73152bfabe94): yeah id say a bit small
[15:34:56] BowMaster_7 (uuid: 09906eb9-3bd7-461e-9aff-854e2d4b7835): super small
[15:35:05] BowMaster_7 (uuid: 09906eb9-3bd7-461e-9aff-854e2d4b7835): but thats the point gotta be old fashioned
[15:35:08] BowMaster_7 (uuid: 09906eb9-3bd7-461e-9aff-854e2d4b7835): and tiny
[15:35:13] TheRealColmagi (uuid: c98c1615-0764-41e1-848d-73152bfabe94): yeah we can just make tiny rooms
[15:36:25] BowMaster_7 (uuid: 09906eb9-3bd7-461e-9aff-854e2d4b7835): ehh
[15:36:27] TheRealColmagi (uuid: c98c1615-0764-41e1-848d-73152bfabe94): haha so much for privacy
[15:36:28] BowMaster_7 (uuid: 09906eb9-3bd7-461e-9aff-854e2d4b7835): thats ok
[15:36:45] BowMaster_7 (uuid: 09906eb9-3bd7-461e-9aff-854e2d4b7835): better
[15:36:56] TheRealColmagi (uuid: c98c1615-0764-41e1-848d-73152bfabe94): bruh
[15:37:04] BowMaster_7 (uuid: 09906eb9-3bd7-461e-9aff-854e2d4b7835): lol my b
[15:37:23] TheRealColmagi (uuid: c98c1615-0764-41e1-848d-73152bfabe94): hmm
[15:38:15] TheRealColmagi (uuid: c98c1615-0764-41e1-848d-73152bfabe94): whats this supposed to be
[15:38:17] BowMaster_7 (uuid: 09906eb9-3bd7-461e-9aff-854e2d4b7835): looks nice
[15:38:19] BowMaster_7 (uuid: 09906eb9-3bd7-461e-9aff-854e2d4b7835): idk a matt
[15:38:22] BowMaster_7 (uuid: 09906eb9-3bd7-461e-9aff-854e2d4b7835): mat
[15:38:25] TheRealColmagi (uuid: c98c1615-0764-41e1-848d-73152bfabe94): o ok
[15:38:54] TheRealColmagi (uuid: c98c1615-0764-41e1-848d-73152bfabe94): boi
[15:40:43] BowMaster_7 (uuid: 09906eb9-3bd7-461e-9aff-854e2d4b7835): this actually looks nice
[15:40:46] TheRealColmagi (uuid: c98c1615-0764-41e1-848d-73152bfabe94): i agree
[15:42:16] BowMaster_7 (uuid: 09906eb9-3bd7-461e-9aff-854e2d4b7835): wait no
[15:42:20] TheRealColmagi (uuid: c98c1615-0764-41e1-848d-73152bfabe94): keep the color
[15:42:41] TheRealColmagi (uuid: c98c1615-0764-41e1-848d-73152bfabe94): eh
[15:42:45] BowMaster_7 (uuid: 09906eb9-3bd7-461e-9aff-854e2d4b7835): yeah iffy
[15:43:13] BowMaster_7 (uuid: 09906eb9-3bd7-461e-9aff-854e2d4b7835): thats good
[15:43:22] BowMaster_7 (uuid: 09906eb9-3bd7-461e-9aff-854e2d4b7835): wait
[15:43:24] BowMaster_7 (uuid: 09906eb9-3bd7-461e-9aff-854e2d4b7835): how bout fences
[15:43:29] BowMaster_7 (uuid: 09906eb9-3bd7-461e-9aff-854e2d4b7835): instead of stairs
[15:43:31] TheRealColmagi (uuid: c98c1615-0764-41e1-848d-73152bfabe94): hold on
[15:44:03] TheRealColmagi (uuid: c98c1615-0764-41e1-848d-73152bfabe94): haha paneling
[15:44:16] BowMaster_7 (uuid: 09906eb9-3bd7-461e-9aff-854e2d4b7835): which one is better
[15:44:17] TheRealColmagi (uuid: c98c1615-0764-41e1-848d-73152bfabe94): look at this haha
[15:44:19] BowMaster_7 (uuid: 09906eb9-3bd7-461e-9aff-854e2d4b7835): in ur opinoin
[15:44:27] BowMaster_7 (uuid: 09906eb9-3bd7-461e-9aff-854e2d4b7835): lol dang
[15:44:37] TheRealColmagi (uuid: c98c1615-0764-41e1-848d-73152bfabe94): id rather have a mix
[15:44:44] BowMaster_7 (uuid: 09906eb9-3bd7-461e-9aff-854e2d4b7835): ok
[15:45:29] BowMaster_7 (uuid: 09906eb9-3bd7-461e-9aff-854e2d4b7835): fences
[15:45:31] BowMaster_7 (uuid: 09906eb9-3bd7-461e-9aff-854e2d4b7835): on bvottome
[15:45:34] BowMaster_7 (uuid: 09906eb9-3bd7-461e-9aff-854e2d4b7835): bottom
[15:45:40] BowMaster_7 (uuid: 09906eb9-3bd7-461e-9aff-854e2d4b7835): wait
[15:45:43] BowMaster_7 (uuid: 09906eb9-3bd7-461e-9aff-854e2d4b7835): no top fences
[15:45:47] BowMaster_7 (uuid: 09906eb9-3bd7-461e-9aff-854e2d4b7835): bottom wood
[15:46:04] BowMaster_7 (uuid: 09906eb9-3bd7-461e-9aff-854e2d4b7835): too much wood imo
[15:46:10] TheRealColmagi (uuid: c98c1615-0764-41e1-848d-73152bfabe94): wot
[15:46:16] TheRealColmagi (uuid: c98c1615-0764-41e1-848d-73152bfabe94): u want glass
[15:46:18] BowMaster_7 (uuid: 09906eb9-3bd7-461e-9aff-854e2d4b7835): no like
[15:46:24] BowMaster_7 (uuid: 09906eb9-3bd7-461e-9aff-854e2d4b7835): the bottom doesnt fit
[15:46:29] BowMaster_7 (uuid: 09906eb9-3bd7-461e-9aff-854e2d4b7835): lollllllll
[15:46:38] TheRealColmagi (uuid: c98c1615-0764-41e1-848d-73152bfabe94): uh
[15:46:43] BowMaster_7 (uuid: 09906eb9-3bd7-461e-9aff-854e2d4b7835): wait
[15:46:53] BowMaster_7 (uuid: 09906eb9-3bd7-461e-9aff-854e2d4b7835): not bad
[15:47:47] TheRealColmagi (uuid: c98c1615-0764-41e1-848d-73152bfabe94): wat
[15:48:11] TheRealColmagi (uuid: c98c1615-0764-41e1-848d-73152bfabe94): what about the bottom
[15:48:24] BowMaster_7 (uuid: 09906eb9-3bd7-461e-9aff-854e2d4b7835): tavern
[15:48:34] BowMaster_7 (uuid: 09906eb9-3bd7-461e-9aff-854e2d4b7835): theres gotta be a bar
[15:48:36] BowMaster_7 (uuid: 09906eb9-3bd7-461e-9aff-854e2d4b7835): and seating
[15:48:39] BowMaster_7 (uuid: 09906eb9-3bd7-461e-9aff-854e2d4b7835): plus fireplace
[15:53:45] BowMaster_7 (uuid: 09906eb9-3bd7-461e-9aff-854e2d4b7835): this looks nice
[15:53:50] TheRealColmagi (uuid: c98c1615-0764-41e1-848d-73152bfabe94): yes
[15:54:55] BowMaster_7 (uuid: 09906eb9-3bd7-461e-9aff-854e2d4b7835): one sec brb
[15:54:59] TheRealColmagi (uuid: c98c1615-0764-41e1-848d-73152bfabe94): ok
[15:55:01] BowMaster_7 (uuid: 09906eb9-3bd7-461e-9aff-854e2d4b7835): gotta talk to my mom
[15:57:10] BowMaster_7 (uuid: 09906eb9-3bd7-461e-9aff-854e2d4b7835): ok im back
[15:57:16] TheRealColmagi (uuid: c98c1615-0764-41e1-848d-73152bfabe94): welcome back
[15:57:41] TheRealColmagi (uuid: c98c1615-0764-41e1-848d-73152bfabe94): lol
[15:57:44] BowMaster_7 (uuid: 09906eb9-3bd7-461e-9aff-854e2d4b7835): what the
[15:57:45] BowMaster_7 (uuid: 09906eb9-3bd7-461e-9aff-854e2d4b7835): lag
[15:59:33] BowMaster_7 (uuid: 09906eb9-3bd7-461e-9aff-854e2d4b7835): one sec again lol
[15:59:36] TheRealColmagi (uuid: c98c1615-0764-41e1-848d-73152bfabe94): k
[16:01:02] BowMaster_7 (uuid: 09906eb9-3bd7-461e-9aff-854e2d4b7835): soy backo
[16:01:04] TheRealColmagi (uuid: c98c1615-0764-41e1-848d-73152bfabe94): ok
[16:01:21] BowMaster_7 (uuid: 09906eb9-3bd7-461e-9aff-854e2d4b7835): how are we gonna do this canopy
[16:01:32] TheRealColmagi (uuid: c98c1615-0764-41e1-848d-73152bfabe94): wat
[16:01:47] BowMaster_7 (uuid: 09906eb9-3bd7-461e-9aff-854e2d4b7835): what block type
[16:01:51] BowMaster_7 (uuid: 09906eb9-3bd7-461e-9aff-854e2d4b7835): complements oak woood
[16:02:09] TheRealColmagi (uuid: c98c1615-0764-41e1-848d-73152bfabe94): idk
[16:04:50] TheRealColmagi (uuid: c98c1615-0764-41e1-848d-73152bfabe94): this did not go the way i thought it would
[16:05:09] TheRealColmagi (uuid: c98c1615-0764-41e1-848d-73152bfabe94): can i outline it in cobblwe
[16:05:13] BowMaster_7 (uuid: 09906eb9-3bd7-461e-9aff-854e2d4b7835): yea
[16:05:16] BowMaster_7 (uuid: 09906eb9-3bd7-461e-9aff-854e2d4b7835): looks nice
[16:09:30] TheRealColmagi (uuid: c98c1615-0764-41e1-848d-73152bfabe94): oh yeah for what complements oak wood
[16:09:40] TheRealColmagi (uuid: c98c1615-0764-41e1-848d-73152bfabe94): id say polished andesite
[16:10:11] BowMaster_7 (uuid: 09906eb9-3bd7-461e-9aff-854e2d4b7835): well we cant put that here so i just used more oak
[16:12:06] TheRealColmagi (uuid: c98c1615-0764-41e1-848d-73152bfabe94): well i gotta go down to the rec for badminton in like
[16:12:07] TheRealColmagi (uuid: c98c1615-0764-41e1-848d-73152bfabe94): 20 min
[16:12:10] TheRealColmagi (uuid: c98c1615-0764-41e1-848d-73152bfabe94): so yeah
[16:12:14] BowMaster_7 (uuid: 09906eb9-3bd7-461e-9aff-854e2d4b7835): ok
[16:12:20] TheRealColmagi (uuid: c98c1615-0764-41e1-848d-73152bfabe94): ill leave the server up
[16:12:22] TheRealColmagi (uuid: c98c1615-0764-41e1-848d-73152bfabe94): brb
[16:12:24] BowMaster_7 (uuid: 09906eb9-3bd7-461e-9aff-854e2d4b7835): ok
[16:14:16] TheRealColmagi (uuid: c98c1615-0764-41e1-848d-73152bfabe94): back
[16:14:19] BowMaster_7 (uuid: 09906eb9-3bd7-461e-9aff-854e2d4b7835): lol
[16:15:05] TheRealColmagi (uuid: c98c1615-0764-41e1-848d-73152bfabe94): u should pave some roads boi
[16:15:10] TheRealColmagi (uuid: c98c1615-0764-41e1-848d-73152bfabe94): connect these buildings
[16:15:13] BowMaster_7 (uuid: 09906eb9-3bd7-461e-9aff-854e2d4b7835): i suck at it
[16:16:59] TheRealColmagi (uuid: c98c1615-0764-41e1-848d-73152bfabe94): at
[16:17:01] TheRealColmagi (uuid: c98c1615-0764-41e1-848d-73152bfabe94): wat
[16:18:59] TheRealColmagi (uuid: c98c1615-0764-41e1-848d-73152bfabe94): i shall add my own addition to this
[16:19:05] BowMaster_7 (uuid: 09906eb9-3bd7-461e-9aff-854e2d4b7835): ok
[16:19:07] TheRealColmagi (uuid: c98c1615-0764-41e1-848d-73152bfabe94): we must flatten some forests
[16:19:11] BowMaster_7 (uuid: 09906eb9-3bd7-461e-9aff-854e2d4b7835): i agree
[16:19:16] TheRealColmagi (uuid: c98c1615-0764-41e1-848d-73152bfabe94): so that i may build a majewstic house
[16:19:22] BowMaster_7 (uuid: 09906eb9-3bd7-461e-9aff-854e2d4b7835): lol
[16:19:57] TheRealColmagi (uuid: c98c1615-0764-41e1-848d-73152bfabe94): crikey
[16:25:18] TheRealColmagi (uuid: c98c1615-0764-41e1-848d-73152bfabe94): u still here?
[16:25:20] BowMaster_7 (uuid: 09906eb9-3bd7-461e-9aff-854e2d4b7835): yea
[16:25:22] TheRealColmagi (uuid: c98c1615-0764-41e1-848d-73152bfabe94): kk
[16:30:39] BowMaster_7 (uuid: 09906eb9-3bd7-461e-9aff-854e2d4b7835): ooooohhh baby
[16:30:56] TheRealColmagi (uuid: c98c1615-0764-41e1-848d-73152bfabe94): helol
[16:31:01] BowMaster_7 (uuid: 09906eb9-3bd7-461e-9aff-854e2d4b7835): looks sexy
[16:31:07] BowMaster_7 (uuid: 09906eb9-3bd7-461e-9aff-854e2d4b7835): you should make me an admin
[16:31:08] TheRealColmagi (uuid: c98c1615-0764-41e1-848d-73152bfabe94): i agree
[16:31:09] TheRealColmagi (uuid: c98c1615-0764-41e1-848d-73152bfabe94): eggsde
[16:31:16] TheRealColmagi (uuid: c98c1615-0764-41e1-848d-73152bfabe94): i forgot how to do that stuff lol
[16:31:21] BowMaster_7 (uuid: 09906eb9-3bd7-461e-9aff-854e2d4b7835): lolllllllllllllll
[16:33:47] TheRealColmagi (uuid: c98c1615-0764-41e1-848d-73152bfabe94): ok i gtg go to the rec
[16:33:50] TheRealColmagi (uuid: c98c1615-0764-41e1-848d-73152bfabe94): cya
[16:33:54] BowMaster_7 (uuid: 09906eb9-3bd7-461e-9aff-854e2d4b7835): ok cya
[18:15:52] TheRealColmagi (uuid: c98c1615-0764-41e1-848d-73152bfabe94): i HAVE RETURNED
[18:15:55] TheRealColmagi (uuid: c98c1615-0764-41e1-848d-73152bfabe94): hello
[18:16:12] TheRealColmagi (uuid: c98c1615-0764-41e1-848d-73152bfabe94): ah it seems he is afk
[18:16:19] TheRealColmagi (uuid: c98c1615-0764-41e1-848d-73152bfabe94): nutty
[18:28:14] TheRealColmagi (uuid: c98c1615-0764-41e1-848d-73152bfabe94): ey man
[18:51:38] TheRealColmagi (uuid: c98c1615-0764-41e1-848d-73152bfabe94): jesus
[19:00:00] TheRealColmagi (uuid: c98c1615-0764-41e1-848d-73152bfabe94): whoops
[19:54:06] TheRealColmagi (uuid: c98c1615-0764-41e1-848d-73152bfabe94): aha
[19:54:08] TheRealColmagi (uuid: c98c1615-0764-41e1-848d-73152bfabe94): i have returned
[19:54:36] TheRealColmagi (uuid: c98c1615-0764-41e1-848d-73152bfabe94): hello
[19:54:39] BowMaster_7 (uuid: 09906eb9-3bd7-461e-9aff-854e2d4b7835): ello
[19:54:51] TheRealColmagi (uuid: c98c1615-0764-41e1-848d-73152bfabe94): what re you building here
[19:54:55] BowMaster_7 (uuid: 09906eb9-3bd7-461e-9aff-854e2d4b7835): no idea
[19:55:00] TheRealColmagi (uuid: c98c1615-0764-41e1-848d-73152bfabe94): kk lol
[19:55:22] BowMaster_7 (uuid: 09906eb9-3bd7-461e-9aff-854e2d4b7835): can you help me fill this in
[19:55:44] BowMaster_7 (uuid: 09906eb9-3bd7-461e-9aff-854e2d4b7835): damn
[19:55:47] TheRealColmagi (uuid: c98c1615-0764-41e1-848d-73152bfabe94): worldedit
[19:55:53] BowMaster_7 (uuid: 09906eb9-3bd7-461e-9aff-854e2d4b7835): noice
[19:57:06] BowMaster_7 (uuid: 09906eb9-3bd7-461e-9aff-854e2d4b7835): after youre done with this can you finish decorating the tavern
[19:57:09] TheRealColmagi (uuid: c98c1615-0764-41e1-848d-73152bfabe94): kk
[19:57:09] BowMaster_7 (uuid: 09906eb9-3bd7-461e-9aff-854e2d4b7835): its mostly done
[20:02:27] BowMaster_7 (uuid: 09906eb9-3bd7-461e-9aff-854e2d4b7835): ur balcony is gay
[20:02:30] TheRealColmagi (uuid: c98c1615-0764-41e1-848d-73152bfabe94): no u
[20:02:32] BowMaster_7 (uuid: 09906eb9-3bd7-461e-9aff-854e2d4b7835): you cant fly in
[20:02:36] TheRealColmagi (uuid: c98c1615-0764-41e1-848d-73152bfabe94): well yeah
[20:02:44] TheRealColmagi (uuid: c98c1615-0764-41e1-848d-73152bfabe94): ur not supposed to jump off balconys
[20:04:12] TheRealColmagi (uuid: c98c1615-0764-41e1-848d-73152bfabe94): bruh
[20:04:15] TheRealColmagi (uuid: c98c1615-0764-41e1-848d-73152bfabe94): dont put in windows
[20:04:19] TheRealColmagi (uuid: c98c1615-0764-41e1-848d-73152bfabe94): i have limited space as it is
[20:04:25] BowMaster_7 (uuid: 09906eb9-3bd7-461e-9aff-854e2d4b7835): wwwait what
[20:04:56] BowMaster_7 (uuid: 09906eb9-3bd7-461e-9aff-854e2d4b7835): oh teh window on the third floor
[20:05:01] BowMaster_7 (uuid: 09906eb9-3bd7-461e-9aff-854e2d4b7835): sorry it looked to white
[20:05:04] BowMaster_7 (uuid: 09906eb9-3bd7-461e-9aff-854e2d4b7835): ill chagne it back
[20:05:08] TheRealColmagi (uuid: c98c1615-0764-41e1-848d-73152bfabe94): yeah
[20:14:42] BowMaster_7 (uuid: 09906eb9-3bd7-461e-9aff-854e2d4b7835): I gotta go eat
[20:14:49] BowMaster_7 (uuid: 09906eb9-3bd7-461e-9aff-854e2d4b7835): ill be back later
[20:14:54] TheRealColmagi (uuid: c98c1615-0764-41e1-848d-73152bfabe94): k
[20:14:58] BowMaster_7 (uuid: 09906eb9-3bd7-461e-9aff-854e2d4b7835): made a little thingy here
[20:15:01] BowMaster_7 (uuid: 09906eb9-3bd7-461e-9aff-854e2d4b7835): adios
[20:15:03] TheRealColmagi (uuid: c98c1615-0764-41e1-848d-73152bfabe94): alright
[20:15:04] TheRealColmagi (uuid: c98c1615-0764-41e1-848d-73152bfabe94): cya
[20:15:35] TheRealColmagi (uuid: c98c1615-0764-41e1-848d-73152bfabe94): oops
[21:15:25] TheRealColmagi (uuid: c98c1615-0764-41e1-848d-73152bfabe94): ey
[21:15:28] TheRealColmagi (uuid: c98c1615-0764-41e1-848d-73152bfabe94): r u back
[21:30:40] TheRealColmagi (uuid: c98c1615-0764-41e1-848d-73152bfabe94): eggsde
[21:38:43] TheRealColmagi (uuid: c98c1615-0764-41e1-848d-73152bfabe94): somebodys gayyyyyyyyy
[21:46:06] TheRealColmagi (uuid: c98c1615-0764-41e1-848d-73152bfabe94): me llamo jeff
[21:46:16] TheRealColmagi (uuid: c98c1615-0764-41e1-848d-73152bfabe94): square up THOT
[21:49:54] TheRealColmagi (uuid: c98c1615-0764-41e1-848d-73152bfabe94): kjews
[21:53:17] TheRealColmagi (uuid: c98c1615-0764-41e1-848d-73152bfabe94): eggsde
[22:03:56] TheRealColmagi (uuid: c98c1615-0764-41e1-848d-73152bfabe94): cmon man
[22:09:21] TheRealColmagi (uuid: c98c1615-0764-41e1-848d-73152bfabe94): boi
[22:14:58] BowMaster_7 (uuid: 09906eb9-3bd7-461e-9aff-854e2d4b7835): yo
[22:15:01] BowMaster_7 (uuid: 09906eb9-3bd7-461e-9aff-854e2d4b7835): im back
[22:16:28] TheRealColmagi (uuid: c98c1615-0764-41e1-848d-73152bfabe94): ey
[22:16:32] BowMaster_7 (uuid: 09906eb9-3bd7-461e-9aff-854e2d4b7835): wassup
[22:16:35] TheRealColmagi (uuid: c98c1615-0764-41e1-848d-73152bfabe94): not much
[22:16:39] TheRealColmagi (uuid: c98c1615-0764-41e1-848d-73152bfabe94): ethan said he might get on
[22:16:42] TheRealColmagi (uuid: c98c1615-0764-41e1-848d-73152bfabe94): on huberts account
[22:16:48] BowMaster_7 (uuid: 09906eb9-3bd7-461e-9aff-854e2d4b7835): I wont have my phone tomorrow so youre gonna have to use discord
[22:16:51] BowMaster_7 (uuid: 09906eb9-3bd7-461e-9aff-854e2d4b7835): ayyyyyyyyyyyyyyyyy
[22:16:54] BowMaster_7 (uuid: 09906eb9-3bd7-461e-9aff-854e2d4b7835): get himon
[22:16:56] TheRealColmagi (uuid: c98c1615-0764-41e1-848d-73152bfabe94): what even is ur discord
[22:17:01] BowMaster_7 (uuid: 09906eb9-3bd7-461e-9aff-854e2d4b7835): you have it remember
[22:17:04] TheRealColmagi (uuid: c98c1615-0764-41e1-848d-73152bfabe94): have i called u before
[22:17:08] BowMaster_7 (uuid: 09906eb9-3bd7-461e-9aff-854e2d4b7835): ur always on filthy anime
[22:17:10] TheRealColmagi (uuid: c98c1615-0764-41e1-848d-73152bfabe94): o yeah
[22:17:10] BowMaster_7 (uuid: 09906eb9-3bd7-461e-9aff-854e2d4b7835): or chrome
[22:17:18] TheRealColmagi (uuid: c98c1615-0764-41e1-848d-73152bfabe94): i renamed chrome to that
[22:17:24] BowMaster_7 (uuid: 09906eb9-3bd7-461e-9aff-854e2d4b7835): lol
[22:17:47] BowMaster_7 (uuid: 09906eb9-3bd7-461e-9aff-854e2d4b7835): lol cant enter your house
[22:17:52] BowMaster_7 (uuid: 09906eb9-3bd7-461e-9aff-854e2d4b7835): wanna see ur kitchen
[22:17:56] BowMaster_7 (uuid: 09906eb9-3bd7-461e-9aff-854e2d4b7835): u did some cool stuff tehre
[22:18:06] TheRealColmagi (uuid: c98c1615-0764-41e1-848d-73152bfabe94): whats ur thing called
[22:18:10] TheRealColmagi (uuid: c98c1615-0764-41e1-848d-73152bfabe94): username
[22:18:13] BowMaster_7 (uuid: 09906eb9-3bd7-461e-9aff-854e2d4b7835): one sec
[22:18:15] BowMaster_7 (uuid: 09906eb9-3bd7-461e-9aff-854e2d4b7835): i fortgot
[22:18:37] BowMaster_7 (uuid: 09906eb9-3bd7-461e-9aff-854e2d4b7835): im wiked
[22:18:37] TheRealColmagi (uuid: c98c1615-0764-41e1-848d-73152bfabe94): oof
[22:18:40] TheRealColmagi (uuid: c98c1615-0764-41e1-848d-73152bfabe94): oh yeah
[22:18:42] TheRealColmagi (uuid: c98c1615-0764-41e1-848d-73152bfabe94): its just
[22:18:43] TheRealColmagi (uuid: c98c1615-0764-41e1-848d-73152bfabe94): wiked
[22:18:45] TheRealColmagi (uuid: c98c1615-0764-41e1-848d-73152bfabe94): right
[22:18:47] BowMaster_7 (uuid: 09906eb9-3bd7-461e-9aff-854e2d4b7835): yeah
[22:19:06] TheRealColmagi (uuid: c98c1615-0764-41e1-848d-73152bfabe94): ok yeah
[22:20:36] BowMaster_7 (uuid: 09906eb9-3bd7-461e-9aff-854e2d4b7835): here use the server for now
[22:20:40] TheRealColmagi (uuid: c98c1615-0764-41e1-848d-73152bfabe94): wat
[22:20:41] BowMaster_7 (uuid: 09906eb9-3bd7-461e-9aff-854e2d4b7835): just use discord tomorrow
[22:20:47] TheRealColmagi (uuid: c98c1615-0764-41e1-848d-73152bfabe94): o ok
[22:21:20] BowMaster_7 (uuid: 09906eb9-3bd7-461e-9aff-854e2d4b7835): ok so u finished the tavern
[22:21:23] TheRealColmagi (uuid: c98c1615-0764-41e1-848d-73152bfabe94): yeah
[22:21:41] TheRealColmagi (uuid: c98c1615-0764-41e1-848d-73152bfabe94): wot is this supposed to be
[22:21:45] BowMaster_7 (uuid: 09906eb9-3bd7-461e-9aff-854e2d4b7835): fire pit
[22:21:48] TheRealColmagi (uuid: c98c1615-0764-41e1-848d-73152bfabe94): i see
[22:21:57] TheRealColmagi (uuid: c98c1615-0764-41e1-848d-73152bfabe94): what r u roasting in this fire pit
[22:22:07] BowMaster_7 (uuid: 09906eb9-3bd7-461e-9aff-854e2d4b7835): put a pig in the middle XD
[22:22:13] TheRealColmagi (uuid: c98c1615-0764-41e1-848d-73152bfabe94): kek
[22:22:33] BowMaster_7 (uuid: 09906eb9-3bd7-461e-9aff-854e2d4b7835): AHAHAAHA i was thinking the same thing
[22:22:38] BowMaster_7 (uuid: 09906eb9-3bd7-461e-9aff-854e2d4b7835): barrier blocks lollllllllll
[22:22:48] TheRealColmagi (uuid: c98c1615-0764-41e1-848d-73152bfabe94): eggsde
[22:22:50] BowMaster_7 (uuid: 09906eb9-3bd7-461e-9aff-854e2d4b7835): thats amazing
[22:23:42] TheRealColmagi (uuid: c98c1615-0764-41e1-848d-73152bfabe94): hmm what is this village missing
[22:23:57] TheRealColmagi (uuid: c98c1615-0764-41e1-848d-73152bfabe94): what r u building here
[22:24:01] BowMaster_7 (uuid: 09906eb9-3bd7-461e-9aff-854e2d4b7835): no idea tbh
[22:24:04] BowMaster_7 (uuid: 09906eb9-3bd7-461e-9aff-854e2d4b7835): just wanted something huge
[22:24:05] TheRealColmagi (uuid: c98c1615-0764-41e1-848d-73152bfabe94): eggsde
[22:24:09] TheRealColmagi (uuid: c98c1615-0764-41e1-848d-73152bfabe94): hmm
[22:24:10] BowMaster_7 (uuid: 09906eb9-3bd7-461e-9aff-854e2d4b7835): any ideas
[22:24:18] TheRealColmagi (uuid: c98c1615-0764-41e1-848d-73152bfabe94): maybe a town hall or a church
[22:24:22] TheRealColmagi (uuid: c98c1615-0764-41e1-848d-73152bfabe94): both can be p big
[22:24:27] BowMaster_7 (uuid: 09906eb9-3bd7-461e-9aff-854e2d4b7835): yeah
[22:24:34] TheRealColmagi (uuid: c98c1615-0764-41e1-848d-73152bfabe94): brb gonna use bathroom
[22:24:36] BowMaster_7 (uuid: 09906eb9-3bd7-461e-9aff-854e2d4b7835): kk
[22:25:58] TheRealColmagi (uuid: c98c1615-0764-41e1-848d-73152bfabe94): back
[22:26:11] BowMaster_7 (uuid: 09906eb9-3bd7-461e-9aff-854e2d4b7835): wait before we do the huge thing
[22:26:20] BowMaster_7 (uuid: 09906eb9-3bd7-461e-9aff-854e2d4b7835): what can we add on top of this building
[22:26:25] TheRealColmagi (uuid: c98c1615-0764-41e1-848d-73152bfabe94): idk
[22:26:51] TheRealColmagi (uuid: c98c1615-0764-41e1-848d-73152bfabe94): why do u need to add anything lols
[22:26:59] BowMaster_7 (uuid: 09906eb9-3bd7-461e-9aff-854e2d4b7835): too flat
[22:27:04] TheRealColmagi (uuid: c98c1615-0764-41e1-848d-73152bfabe94): maybe a roof
[22:27:07] TheRealColmagi (uuid: c98c1615-0764-41e1-848d-73152bfabe94): im good at that
[22:27:13] TheRealColmagi (uuid: c98c1615-0764-41e1-848d-73152bfabe94): a proper roof
[22:27:13] BowMaster_7 (uuid: 09906eb9-3bd7-461e-9aff-854e2d4b7835): its already two stories
[22:27:19] TheRealColmagi (uuid: c98c1615-0764-41e1-848d-73152bfabe94): like an attic thing
[22:27:22] TheRealColmagi (uuid: c98c1615-0764-41e1-848d-73152bfabe94): like my house
[22:27:35] BowMaster_7 (uuid: 09906eb9-3bd7-461e-9aff-854e2d4b7835): you cant really fit stairs in
[22:27:39] BowMaster_7 (uuid: 09906eb9-3bd7-461e-9aff-854e2d4b7835): too small already
[22:28:13] TheRealColmagi (uuid: c98c1615-0764-41e1-848d-73152bfabe94): hmm
[22:30:35] TheRealColmagi (uuid: c98c1615-0764-41e1-848d-73152bfabe94): idk
[22:30:41] BowMaster_7 (uuid: 09906eb9-3bd7-461e-9aff-854e2d4b7835): skylight XD
[22:30:52] TheRealColmagi (uuid: c98c1615-0764-41e1-848d-73152bfabe94): its fine
[22:31:05] BowMaster_7 (uuid: 09906eb9-3bd7-461e-9aff-854e2d4b7835): oh shooot
[22:31:10] BowMaster_7 (uuid: 09906eb9-3bd7-461e-9aff-854e2d4b7835): my b
[22:31:13] TheRealColmagi (uuid: c98c1615-0764-41e1-848d-73152bfabe94): boi
[22:32:01] BowMaster_7 (uuid: 09906eb9-3bd7-461e-9aff-854e2d4b7835): looks funny from the front lol
[22:32:06] TheRealColmagi (uuid: c98c1615-0764-41e1-848d-73152bfabe94): oof
[22:32:07] BowMaster_7 (uuid: 09906eb9-3bd7-461e-9aff-854e2d4b7835): but its fine
[22:32:10] TheRealColmagi (uuid: c98c1615-0764-41e1-848d-73152bfabe94): haha
[22:32:12] BowMaster_7 (uuid: 09906eb9-3bd7-461e-9aff-854e2d4b7835): pretty cool tbh
[22:32:29] TheRealColmagi (uuid: c98c1615-0764-41e1-848d-73152bfabe94): prolly cuz its not symmetrical
[22:32:33] BowMaster_7 (uuid: 09906eb9-3bd7-461e-9aff-854e2d4b7835): yea
[22:32:46] BowMaster_7 (uuid: 09906eb9-3bd7-461e-9aff-854e2d4b7835): wanna make it symmetrical?
[22:32:47] TheRealColmagi (uuid: c98c1615-0764-41e1-848d-73152bfabe94): nah
[22:32:48] TheRealColmagi (uuid: c98c1615-0764-41e1-848d-73152bfabe94): its fine
[22:32:50] BowMaster_7 (uuid: 09906eb9-3bd7-461e-9aff-854e2d4b7835): k
[22:33:04] BowMaster_7 (uuid: 09906eb9-3bd7-461e-9aff-854e2d4b7835): time for the big papa now
[22:33:07] TheRealColmagi (uuid: c98c1615-0764-41e1-848d-73152bfabe94): oof
[22:33:21] BowMaster_7 (uuid: 09906eb9-3bd7-461e-9aff-854e2d4b7835): wanna make a market
[22:33:24] TheRealColmagi (uuid: c98c1615-0764-41e1-848d-73152bfabe94): oo yeah
[22:33:27] TheRealColmagi (uuid: c98c1615-0764-41e1-848d-73152bfabe94): that would be cool
[22:33:29] BowMaster_7 (uuid: 09906eb9-3bd7-461e-9aff-854e2d4b7835): and on the right
[22:33:30] TheRealColmagi (uuid: c98c1615-0764-41e1-848d-73152bfabe94): but its not big enough
[22:33:34] BowMaster_7 (uuid: 09906eb9-3bd7-461e-9aff-854e2d4b7835): a huge town hall
[22:33:36] TheRealColmagi (uuid: c98c1615-0764-41e1-848d-73152bfabe94): the space we have to work with
[22:33:44] BowMaster_7 (uuid: 09906eb9-3bd7-461e-9aff-854e2d4b7835): we can make it bigger
[22:33:51] BowMaster_7 (uuid: 09906eb9-3bd7-461e-9aff-854e2d4b7835): you have world edit
[22:33:54] BowMaster_7 (uuid: 09906eb9-3bd7-461e-9aff-854e2d4b7835): just clear the trees
[22:34:05] BowMaster_7 (uuid: 09906eb9-3bd7-461e-9aff-854e2d4b7835): and then we'll be fine
[22:34:12] TheRealColmagi (uuid: c98c1615-0764-41e1-848d-73152bfabe94): what kind of market are you trying to make
[22:34:15] BowMaster_7 (uuid: 09906eb9-3bd7-461e-9aff-854e2d4b7835): hmm
[22:34:16] TheRealColmagi (uuid: c98c1615-0764-41e1-848d-73152bfabe94): like an open market
[22:34:19] BowMaster_7 (uuid: 09906eb9-3bd7-461e-9aff-854e2d4b7835): yeah
[22:34:24] TheRealColmagi (uuid: c98c1615-0764-41e1-848d-73152bfabe94): with individual stalls and stuff
[22:34:24] BowMaster_7 (uuid: 09906eb9-3bd7-461e-9aff-854e2d4b7835): old fashioned
[22:34:26] BowMaster_7 (uuid: 09906eb9-3bd7-461e-9aff-854e2d4b7835): yep
[22:34:29] TheRealColmagi (uuid: c98c1615-0764-41e1-848d-73152bfabe94): or
[22:34:32] BowMaster_7 (uuid: 09906eb9-3bd7-461e-9aff-854e2d4b7835): and all the stuff is outside
[22:34:34] TheRealColmagi (uuid: c98c1615-0764-41e1-848d-73152bfabe94): you could /warp walmart
[22:34:38] BowMaster_7 (uuid: 09906eb9-3bd7-461e-9aff-854e2d4b7835): no
[22:34:39] BowMaster_7 (uuid: 09906eb9-3bd7-461e-9aff-854e2d4b7835): XD
[22:34:41] TheRealColmagi (uuid: c98c1615-0764-41e1-848d-73152bfabe94): do it
[22:34:43] TheRealColmagi (uuid: c98c1615-0764-41e1-848d-73152bfabe94): its cool
[22:34:48] BowMaster_7 (uuid: 09906eb9-3bd7-461e-9aff-854e2d4b7835): ive been there before
[22:34:51] TheRealColmagi (uuid: c98c1615-0764-41e1-848d-73152bfabe94): yeah
[22:34:56] TheRealColmagi (uuid: c98c1615-0764-41e1-848d-73152bfabe94): i forgot about it until today
[22:35:03] TheRealColmagi (uuid: c98c1615-0764-41e1-848d-73152bfabe94): i was like "oh yeah i built this"
[22:35:15] BowMaster_7 (uuid: 09906eb9-3bd7-461e-9aff-854e2d4b7835): so big
[22:35:16] BowMaster_7 (uuid: 09906eb9-3bd7-461e-9aff-854e2d4b7835): holy
[22:35:26] TheRealColmagi (uuid: c98c1615-0764-41e1-848d-73152bfabe94): we never got people to actually set up shop though lol oof
[22:36:31] BowMaster_7 (uuid: 09906eb9-3bd7-461e-9aff-854e2d4b7835): wait]
[22:36:34] TheRealColmagi (uuid: c98c1615-0764-41e1-848d-73152bfabe94): w0t
[22:36:40] BowMaster_7 (uuid: 09906eb9-3bd7-461e-9aff-854e2d4b7835): how do i set a diff spawn
[22:36:45] TheRealColmagi (uuid: c98c1615-0764-41e1-848d-73152bfabe94): for home?
[22:36:47] BowMaster_7 (uuid: 09906eb9-3bd7-461e-9aff-854e2d4b7835): yea
[22:36:50] TheRealColmagi (uuid: c98c1615-0764-41e1-848d-73152bfabe94): do /delhome
[22:37:57] BowMaster_7 (uuid: 09906eb9-3bd7-461e-9aff-854e2d4b7835): wanna make this a doc
[22:38:01] TheRealColmagi (uuid: c98c1615-0764-41e1-848d-73152bfabe94): aha
[22:38:03] TheRealColmagi (uuid: c98c1615-0764-41e1-848d-73152bfabe94): i already have a dock
[22:38:08] BowMaster_7 (uuid: 09906eb9-3bd7-461e-9aff-854e2d4b7835): where
[22:38:16] TheRealColmagi (uuid: c98c1615-0764-41e1-848d-73152bfabe94): hold on
[22:38:33] TheRealColmagi (uuid: c98c1615-0764-41e1-848d-73152bfabe94): over here
[22:38:35] TheRealColmagi (uuid: c98c1615-0764-41e1-848d-73152bfabe94): in my village
[22:38:41] BowMaster_7 (uuid: 09906eb9-3bd7-461e-9aff-854e2d4b7835): yo copy this
[22:38:44] TheRealColmagi (uuid: c98c1615-0764-41e1-848d-73152bfabe94): bruh
[22:38:44] BowMaster_7 (uuid: 09906eb9-3bd7-461e-9aff-854e2d4b7835): and put it over there
[22:38:49] TheRealColmagi (uuid: c98c1615-0764-41e1-848d-73152bfabe94): w/e is laggy as fuck
[22:38:54] TheRealColmagi (uuid: c98c1615-0764-41e1-848d-73152bfabe94): also part of the boat is underwater
[22:39:04] TheRealColmagi (uuid: c98c1615-0764-41e1-848d-73152bfabe94): i dunno if i can copy it without making a huge mess
[22:39:33] TheRealColmagi (uuid: c98c1615-0764-41e1-848d-73152bfabe94): lmao wtf
[22:39:37] TheRealColmagi (uuid: c98c1615-0764-41e1-848d-73152bfabe94): fire doesnt spread
[22:39:54] BowMaster_7 (uuid: 09906eb9-3bd7-461e-9aff-854e2d4b7835): oh oops
[22:40:01] TheRealColmagi (uuid: c98c1615-0764-41e1-848d-73152bfabe94): this is a relic
[22:40:03] TheRealColmagi (uuid: c98c1615-0764-41e1-848d-73152bfabe94): of a previous time
[22:40:04] BowMaster_7 (uuid: 09906eb9-3bd7-461e-9aff-854e2d4b7835): i put it out cuz i thougth an accident hapend
[22:40:09] TheRealColmagi (uuid: c98c1615-0764-41e1-848d-73152bfabe94): i built a giant treehouse
[22:40:14] TheRealColmagi (uuid: c98c1615-0764-41e1-848d-73152bfabe94): and one day it burned down
[22:40:20] TheRealColmagi (uuid: c98c1615-0764-41e1-848d-73152bfabe94): and nobody knew who did it but we all suspected this guy
[22:40:43] BowMaster_7 (uuid: 09906eb9-3bd7-461e-9aff-854e2d4b7835): lol
[22:40:51] BowMaster_7 (uuid: 09906eb9-3bd7-461e-9aff-854e2d4b7835): ok but can you copy this dock
[22:40:54] TheRealColmagi (uuid: c98c1615-0764-41e1-848d-73152bfabe94): i cant
[22:40:57] BowMaster_7 (uuid: 09906eb9-3bd7-461e-9aff-854e2d4b7835): why not
[22:40:58] TheRealColmagi (uuid: c98c1615-0764-41e1-848d-73152bfabe94): part of the boat is underwater
[22:41:03] BowMaster_7 (uuid: 09906eb9-3bd7-461e-9aff-854e2d4b7835): ah]
[22:41:10] BowMaster_7 (uuid: 09906eb9-3bd7-461e-9aff-854e2d4b7835): we can remake that tho
[22:41:10] TheRealColmagi (uuid: c98c1615-0764-41e1-848d-73152bfabe94): it would fuck up everything by bringing over the water
[22:41:19] TheRealColmagi (uuid: c98c1615-0764-41e1-848d-73152bfabe94): and also part of the stuff under the dock
[22:41:39] TheRealColmagi (uuid: c98c1615-0764-41e1-848d-73152bfabe94): w/e only selects in rectangles
[22:41:43] BowMaster_7 (uuid: 09906eb9-3bd7-461e-9aff-854e2d4b7835): hhere how bout you copy this stuff
[22:41:53] BowMaster_7 (uuid: 09906eb9-3bd7-461e-9aff-854e2d4b7835): then bring it somewhere random
[22:42:02] BowMaster_7 (uuid: 09906eb9-3bd7-461e-9aff-854e2d4b7835): then we fix it all up
[22:42:05] BowMaster_7 (uuid: 09906eb9-3bd7-461e-9aff-854e2d4b7835): and paste it home
[22:42:05] TheRealColmagi (uuid: c98c1615-0764-41e1-848d-73152bfabe94): i mean like i can just look up the tutorial i used to make this
[22:42:08] TheRealColmagi (uuid: c98c1615-0764-41e1-848d-73152bfabe94): and rebuild it elsewhere
[22:42:13] BowMaster_7 (uuid: 09906eb9-3bd7-461e-9aff-854e2d4b7835): too long
[22:42:21] BowMaster_7 (uuid: 09906eb9-3bd7-461e-9aff-854e2d4b7835): if you just like repaste it in the air
[22:42:23] TheRealColmagi (uuid: c98c1615-0764-41e1-848d-73152bfabe94): how bout we make our own version of a dock
[22:42:27] BowMaster_7 (uuid: 09906eb9-3bd7-461e-9aff-854e2d4b7835): we can take all the water out
[22:42:41] BowMaster_7 (uuid: 09906eb9-3bd7-461e-9aff-854e2d4b7835): ok
[22:42:42] TheRealColmagi (uuid: c98c1615-0764-41e1-848d-73152bfabe94): also w/e is inaccurate when pasting
[22:42:53] TheRealColmagi (uuid: c98c1615-0764-41e1-848d-73152bfabe94): usually takes 10 tries to paste it into the correct spot
[22:43:04] BowMaster_7 (uuid: 09906eb9-3bd7-461e-9aff-854e2d4b7835): ok then we'll do it the old fashioned way
[22:43:06] TheRealColmagi (uuid: c98c1615-0764-41e1-848d-73152bfabe94): or more depending on how big the thing is
[22:43:12] TheRealColmagi (uuid: c98c1615-0764-41e1-848d-73152bfabe94): eggsde
[22:43:51] BowMaster_7 (uuid: 09906eb9-3bd7-461e-9aff-854e2d4b7835): can youmake the water deeper over there
[22:44:22] BowMaster_7 (uuid: 09906eb9-3bd7-461e-9aff-854e2d4b7835): ?
[22:44:34] TheRealColmagi (uuid: c98c1615-0764-41e1-848d-73152bfabe94): wat
[22:44:46] BowMaster_7 (uuid: 09906eb9-3bd7-461e-9aff-854e2d4b7835): can you make the water deeper over there
[22:44:54] TheRealColmagi (uuid: c98c1615-0764-41e1-848d-73152bfabe94): uh
[22:44:55] BowMaster_7 (uuid: 09906eb9-3bd7-461e-9aff-854e2d4b7835): like way deeper
[22:45:00] BowMaster_7 (uuid: 09906eb9-3bd7-461e-9aff-854e2d4b7835): doesnt have to be pretty
[22:47:21] TheRealColmagi (uuid: c98c1615-0764-41e1-848d-73152bfabe94): i mean i can just get rid of this little island thing
[22:47:31] TheRealColmagi (uuid: c98c1615-0764-41e1-848d-73152bfabe94): that would leave u a big space for a dock
[22:47:46] BowMaster_7 (uuid: 09906eb9-3bd7-461e-9aff-854e2d4b7835): uh i was thinking the doc would be tehre
[22:47:52] TheRealColmagi (uuid: c98c1615-0764-41e1-848d-73152bfabe94): wtf
[22:47:54] TheRealColmagi (uuid: c98c1615-0764-41e1-848d-73152bfabe94): tiny dock
[22:47:59] BowMaster_7 (uuid: 09906eb9-3bd7-461e-9aff-854e2d4b7835): no like
[22:48:02] BowMaster_7 (uuid: 09906eb9-3bd7-461e-9aff-854e2d4b7835): wed make it longer
[22:48:12] BowMaster_7 (uuid: 09906eb9-3bd7-461e-9aff-854e2d4b7835): along the sides
[22:48:16] TheRealColmagi (uuid: c98c1615-0764-41e1-848d-73152bfabe94): well why not just make it wooden then
[22:48:26] TheRealColmagi (uuid: c98c1615-0764-41e1-848d-73152bfabe94): just delete the island and make a wooden dock
[22:48:31] BowMaster_7 (uuid: 09906eb9-3bd7-461e-9aff-854e2d4b7835): ehh ok
[22:48:34] BowMaster_7 (uuid: 09906eb9-3bd7-461e-9aff-854e2d4b7835): why not
[22:48:56] TheRealColmagi (uuid: c98c1615-0764-41e1-848d-73152bfabe94): fock
[22:49:03] TheRealColmagi (uuid: c98c1615-0764-41e1-848d-73152bfabe94): there
[22:49:19] BowMaster_7 (uuid: 09906eb9-3bd7-461e-9aff-854e2d4b7835): lol that looks funny XD
[22:49:31] BowMaster_7 (uuid: 09906eb9-3bd7-461e-9aff-854e2d4b7835): gosh dang it
[22:49:38] BowMaster_7 (uuid: 09906eb9-3bd7-461e-9aff-854e2d4b7835): my parents are making me go to bed
[22:49:40] TheRealColmagi (uuid: c98c1615-0764-41e1-848d-73152bfabe94): oof
[22:49:44] TheRealColmagi (uuid: c98c1615-0764-41e1-848d-73152bfabe94): its so early though
[22:49:46] BowMaster_7 (uuid: 09906eb9-3bd7-461e-9aff-854e2d4b7835): ik
[22:49:49] BowMaster_7 (uuid: 09906eb9-3bd7-461e-9aff-854e2d4b7835): i dont know why
[22:50:18] TheRealColmagi (uuid: c98c1615-0764-41e1-848d-73152bfabe94): lag
[22:50:19] TheRealColmagi (uuid: c98c1615-0764-41e1-848d-73152bfabe94): wtf
[22:50:30] BowMaster_7 (uuid: 09906eb9-3bd7-461e-9aff-854e2d4b7835): one sec brb
[22:50:48] TheRealColmagi (uuid: c98c1615-0764-41e1-848d-73152bfabe94): wheres ethan luo
[22:53:59] BowMaster_7 (uuid: 09906eb9-3bd7-461e-9aff-854e2d4b7835): ok my parents are literally yelling at me so hard
[22:54:02] TheRealColmagi (uuid: c98c1615-0764-41e1-848d-73152bfabe94): oof
[22:54:03] BowMaster_7 (uuid: 09906eb9-3bd7-461e-9aff-854e2d4b7835): i gotta go
[22:54:07] TheRealColmagi (uuid: c98c1615-0764-41e1-848d-73152bfabe94): kk cya
[22:54:09] BowMaster_7 (uuid: 09906eb9-3bd7-461e-9aff-854e2d4b7835): when u wake up?
[22:54:13] TheRealColmagi (uuid: c98c1615-0764-41e1-848d-73152bfabe94): idk
[22:54:16] TheRealColmagi (uuid: c98c1615-0764-41e1-848d-73152bfabe94): haha like 10 am
[22:54:21] BowMaster_7 (uuid: 09906eb9-3bd7-461e-9aff-854e2d4b7835): cuz if you leave the server up
[22:54:26] BowMaster_7 (uuid: 09906eb9-3bd7-461e-9aff-854e2d4b7835): ill build
[22:54:28] TheRealColmagi (uuid: c98c1615-0764-41e1-848d-73152bfabe94): yeah i probably will
[22:54:31] BowMaster_7 (uuid: 09906eb9-3bd7-461e-9aff-854e2d4b7835): just message me on discord
[22:54:35] TheRealColmagi (uuid: c98c1615-0764-41e1-848d-73152bfabe94): kk
[22:54:39] BowMaster_7 (uuid: 09906eb9-3bd7-461e-9aff-854e2d4b7835): cuz i wont have my phone
[22:54:43] TheRealColmagi (uuid: c98c1615-0764-41e1-848d-73152bfabe94): alright
[22:54:43] BowMaster_7 (uuid: 09906eb9-3bd7-461e-9aff-854e2d4b7835): adios
[22:54:45] TheRealColmagi (uuid: c98c1615-0764-41e1-848d-73152bfabe94): bya
[22:54:48] TheRealColmagi (uuid: c98c1615-0764-41e1-848d-73152bfabe94): bye
[23:43:44] TheRealColmagi (uuid: c98c1615-0764-41e1-848d-73152bfabe94): hubert used to play with us
[23:43:47] TheRealColmagi (uuid: c98c1615-0764-41e1-848d-73152bfabe94): this is our village
[23:44:13] Hubert6194 (uuid: 1ae76006-6711-4e06-9e89-a7e9a547fbfd): i c
[23:44:15] TheRealColmagi (uuid: c98c1615-0764-41e1-848d-73152bfabe94): i see
[23:44:34] TheRealColmagi (uuid: c98c1615-0764-41e1-848d-73152bfabe94): lmao
[23:45:14] TheRealColmagi (uuid: c98c1615-0764-41e1-848d-73152bfabe94): da jia
[23:46:47] TheRealColmagi (uuid: c98c1615-0764-41e1-848d-73152bfabe94): dis my home
[23:48:42] TheRealColmagi (uuid: c98c1615-0764-41e1-848d-73152bfabe94): do u even know how to play this game lmao
[23:48:49] Hubert6194 (uuid: 1ae76006-6711-4e06-9e89-a7e9a547fbfd): nope
[23:48:51] TheRealColmagi (uuid: c98c1615-0764-41e1-848d-73152bfabe94): eggsde
[23:49:22] Hubert6194 (uuid: 1ae76006-6711-4e06-9e89-a7e9a547fbfd): wut me suppose to do
[23:49:26] TheRealColmagi (uuid: c98c1615-0764-41e1-848d-73152bfabe94): idk
[23:49:34] TheRealColmagi (uuid: c98c1615-0764-41e1-848d-73152bfabe94): u were gonna help us build but arthur had to go
[23:49:59] Hubert6194 (uuid: 1ae76006-6711-4e06-9e89-a7e9a547fbfd): kk
[23:50:06] TheRealColmagi (uuid: c98c1615-0764-41e1-848d-73152bfabe94): u wanna make ur own house or something
[23:50:15] Hubert6194 (uuid: 1ae76006-6711-4e06-9e89-a7e9a547fbfd): ye
[23:50:18] TheRealColmagi (uuid: c98c1615-0764-41e1-848d-73152bfabe94): k cmere
[23:50:27] TheRealColmagi (uuid: c98c1615-0764-41e1-848d-73152bfabe94): i just gave u creative
[23:50:32] TheRealColmagi (uuid: c98c1615-0764-41e1-848d-73152bfabe94): u now have access to every item in the game
[23:50:34] TheRealColmagi (uuid: c98c1615-0764-41e1-848d-73152bfabe94): press r
[23:50:36] TheRealColmagi (uuid: c98c1615-0764-41e1-848d-73152bfabe94): pres e
[23:50:37] TheRealColmagi (uuid: c98c1615-0764-41e1-848d-73152bfabe94): e
[23:50:40] TheRealColmagi (uuid: c98c1615-0764-41e1-848d-73152bfabe94): to use ur inventory
[23:50:44] Hubert6194 (uuid: 1ae76006-6711-4e06-9e89-a7e9a547fbfd): ic
[23:50:50] TheRealColmagi (uuid: c98c1615-0764-41e1-848d-73152bfabe94): double tap space to fly
[23:50:52] Hubert6194 (uuid: 1ae76006-6711-4e06-9e89-a7e9a547fbfd): where do i build
[23:50:58] TheRealColmagi (uuid: c98c1615-0764-41e1-848d-73152bfabe94): cmere ill find u somehwere
[23:51:26] TheRealColmagi (uuid: c98c1615-0764-41e1-848d-73152bfabe94): hmm
[23:51:41] TheRealColmagi (uuid: c98c1615-0764-41e1-848d-73152bfabe94): maybe behind my house
[23:52:09] TheRealColmagi (uuid: c98c1615-0764-41e1-848d-73152bfabe94): there
[23:52:32] TheRealColmagi (uuid: c98c1615-0764-41e1-848d-73152bfabe94): u get beachside house
[23:52:36] TheRealColmagi (uuid: c98c1615-0764-41e1-848d-73152bfabe94): good property value
[23:52:55] Hubert6194 (uuid: 1ae76006-6711-4e06-9e89-a7e9a547fbfd): how do i fall down again
[23:53:01] TheRealColmagi (uuid: c98c1615-0764-41e1-848d-73152bfabe94): double tap space
[23:53:06] TheRealColmagi (uuid: c98c1615-0764-41e1-848d-73152bfabe94): to exit flying
[23:53:10] TheRealColmagi (uuid: c98c1615-0764-41e1-848d-73152bfabe94): or press shift to go down
[23:53:17] TheRealColmagi (uuid: c98c1615-0764-41e1-848d-73152bfabe94): lmao
[23:54:04] TheRealColmagi (uuid: c98c1615-0764-41e1-848d-73152bfabe94): do u know how to place down blocks my dude
[23:54:08] TheRealColmagi (uuid: c98c1615-0764-41e1-848d-73152bfabe94): right click
[23:54:09] Hubert6194 (uuid: 1ae76006-6711-4e06-9e89-a7e9a547fbfd): ye
[23:54:28] Hubert6194 (uuid: 1ae76006-6711-4e06-9e89-a7e9a547fbfd): finding the good blocks
[23:56:31] TheRealColmagi (uuid: c98c1615-0764-41e1-848d-73152bfabe94): aight
[23:56:42] Hubert6194 (uuid: 1ae76006-6711-4e06-9e89-a7e9a547fbfd): ye ez
[23:58:01] Hubert6194 (uuid: 1ae76006-6711-4e06-9e89-a7e9a547fbfd): yo how to fill da space
[23:59:01] TheRealColmagi (uuid: c98c1615-0764-41e1-848d-73152bfabe94): wat
[23:59:09] TheRealColmagi (uuid: c98c1615-0764-41e1-848d-73152bfabe94): u gotta build dat shiet
[23:59:25] Hubert6194 (uuid: 1ae76006-6711-4e06-9e89-a7e9a547fbfd): half bricks leave a space tho
[23:59:29] TheRealColmagi (uuid: c98c1615-0764-41e1-848d-73152bfabe94): oh u cant do that
[23:59:35] TheRealColmagi (uuid: c98c1615-0764-41e1-848d-73152bfabe94): u can stack slabs
[23:59:45] TheRealColmagi (uuid: c98c1615-0764-41e1-848d-73152bfabe94): one on top of each other
[23:59:52] TheRealColmagi (uuid: c98c1615-0764-41e1-848d-73152bfabe94): cant put blocks directly on slabs though
