[21:47:49] TheRealColmagi (uuid: c98c1615-0764-41e1-848d-73152bfabe94): oi
[21:47:50] huntthequest (uuid: 1698de61-dec9-439f-8fc8-de0940b4bd90): ayyyyyyyyyyyyyyyyyyyyyyyyyyyyyyyyyyyyyyyyyyyyyyyyyyyyyyyyyy
[21:48:02] TheRealColmagi (uuid: c98c1615-0764-41e1-848d-73152bfabe94): how the chickens
[21:48:07] TheRealColmagi (uuid: c98c1615-0764-41e1-848d-73152bfabe94): damn
[21:48:12] TheRealColmagi (uuid: c98c1615-0764-41e1-848d-73152bfabe94): thats a lotta eggos
[21:48:20] huntthequest (uuid: 1698de61-dec9-439f-8fc8-de0940b4bd90): now I'm going ot make loads of cke
[21:48:34] TheRealColmagi (uuid: c98c1615-0764-41e1-848d-73152bfabe94): i gotta take a dump
[21:56:11] TheRealColmagi (uuid: c98c1615-0764-41e1-848d-73152bfabe94): ima back
[21:56:21] TheRealColmagi (uuid: c98c1615-0764-41e1-848d-73152bfabe94): lets call
[21:56:32] TheRealColmagi (uuid: c98c1615-0764-41e1-848d-73152bfabe94): hi jew
[21:56:36] Hubert6194 (uuid: 1ae76006-6711-4e06-9e89-a7e9a547fbfd): nigga
[21:56:38] Hubert6194 (uuid: 1ae76006-6711-4e06-9e89-a7e9a547fbfd): yo
[21:57:03] TheRealColmagi (uuid: c98c1615-0764-41e1-848d-73152bfabe94): yo come check out the chickens
[21:57:14] TheRealColmagi (uuid: c98c1615-0764-41e1-848d-73152bfabe94): some fine ass chickesn
[21:57:34] Hubert6194 (uuid: 1ae76006-6711-4e06-9e89-a7e9a547fbfd): yeah is saw that b4
[21:57:35] TheRealColmagi (uuid: c98c1615-0764-41e1-848d-73152bfabe94): where u even at
[21:57:35] Hubert6194 (uuid: 1ae76006-6711-4e06-9e89-a7e9a547fbfd): nj
[21:57:45] TheRealColmagi (uuid: c98c1615-0764-41e1-848d-73152bfabe94): u like my quartz plating
[21:57:49] TheRealColmagi (uuid: c98c1615-0764-41e1-848d-73152bfabe94): on my hoppers
[21:57:51] TheRealColmagi (uuid: c98c1615-0764-41e1-848d-73152bfabe94): very compact
[21:57:53] Hubert6194 (uuid: 1ae76006-6711-4e06-9e89-a7e9a547fbfd): ye
[21:57:58] Hubert6194 (uuid: 1ae76006-6711-4e06-9e89-a7e9a547fbfd): the thing is kinda ugly
[21:58:01] Hubert6194 (uuid: 1ae76006-6711-4e06-9e89-a7e9a547fbfd): like the little arm
[21:58:07] TheRealColmagi (uuid: c98c1615-0764-41e1-848d-73152bfabe94): ur moms a little ugly
[21:59:24] TheRealColmagi (uuid: c98c1615-0764-41e1-848d-73152bfabe94): should i have made the arm straight instead of kinda diagonal lol
[21:59:39] TheRealColmagi (uuid: c98c1615-0764-41e1-848d-73152bfabe94): chicken abuse xd
[21:59:47] Hubert6194 (uuid: 1ae76006-6711-4e06-9e89-a7e9a547fbfd): lwl
[22:01:52] TheRealColmagi (uuid: c98c1615-0764-41e1-848d-73152bfabe94): instant jew
[22:03:01] TheRealColmagi (uuid: c98c1615-0764-41e1-848d-73152bfabe94): fuck that
[22:03:03] Hubert6194 (uuid: 1ae76006-6711-4e06-9e89-a7e9a547fbfd): wtf
[22:03:05] Hubert6194 (uuid: 1ae76006-6711-4e06-9e89-a7e9a547fbfd): u pussy
[22:03:13] TheRealColmagi (uuid: c98c1615-0764-41e1-848d-73152bfabe94): i just wanted to do some bow glitches and he gets triggerd
[22:03:15] TheRealColmagi (uuid: c98c1615-0764-41e1-848d-73152bfabe94): fucking sjw
[22:05:02] Hubert6194 (uuid: 1ae76006-6711-4e06-9e89-a7e9a547fbfd): whats the lie?
[22:05:06] TheRealColmagi (uuid: c98c1615-0764-41e1-848d-73152bfabe94): portal reference
[22:05:10] Hubert6194 (uuid: 1ae76006-6711-4e06-9e89-a7e9a547fbfd): ?
[22:08:33] TheRealColmagi (uuid: c98c1615-0764-41e1-848d-73152bfabe94): brb
[22:09:45] huntthequest (uuid: 1698de61-dec9-439f-8fc8-de0940b4bd90): i made some fancy food
[22:09:49] Hubert6194 (uuid: 1ae76006-6711-4e06-9e89-a7e9a547fbfd): ayy
[22:09:51] Hubert6194 (uuid: 1ae76006-6711-4e06-9e89-a7e9a547fbfd): what
[22:09:57] TheRealColmagi (uuid: c98c1615-0764-41e1-848d-73152bfabe94): jews
[22:09:58] huntthequest (uuid: 1698de61-dec9-439f-8fc8-de0940b4bd90): loads of cake
[22:10:05] Hubert6194 (uuid: 1ae76006-6711-4e06-9e89-a7e9a547fbfd): ay nice
[22:10:49] TheRealColmagi (uuid: c98c1615-0764-41e1-848d-73152bfabe94): bread eez gud
[22:10:51] TheRealColmagi (uuid: c98c1615-0764-41e1-848d-73152bfabe94): ay boss
[22:10:58] Hubert6194 (uuid: 1ae76006-6711-4e06-9e89-a7e9a547fbfd): who tf is that
[22:11:08] TheRealColmagi (uuid: c98c1615-0764-41e1-848d-73152bfabe94): an old player of the server
[22:11:12] Hubert6194 (uuid: 1ae76006-6711-4e06-9e89-a7e9a547fbfd): oh ok
[22:11:13] TheRealColmagi (uuid: c98c1615-0764-41e1-848d-73152bfabe94): wus good nigga
[22:11:23] Deeesco (uuid: 587d0daa-1557-408a-b721-6a28b691a838): Hey mr
[22:11:30] Deeesco (uuid: 587d0daa-1557-408a-b721-6a28b691a838): You shouldnt be saying those words
[22:11:33] TheRealColmagi (uuid: c98c1615-0764-41e1-848d-73152bfabe94): n i g
[22:11:43] Deeesco (uuid: 587d0daa-1557-408a-b721-6a28b691a838): Your not even black
[22:11:47] TheRealColmagi (uuid: c98c1615-0764-41e1-848d-73152bfabe94): how do u know
[22:11:52] Deeesco (uuid: 587d0daa-1557-408a-b721-6a28b691a838): Your chinese
[22:11:57] TheRealColmagi (uuid: c98c1615-0764-41e1-848d-73152bfabe94): how do u know
[22:12:04] Deeesco (uuid: 587d0daa-1557-408a-b721-6a28b691a838): Bruh i know where you live
[22:12:07] TheRealColmagi (uuid: c98c1615-0764-41e1-848d-73152bfabe94): no u dont xd
[22:12:11] Deeesco (uuid: 587d0daa-1557-408a-b721-6a28b691a838): xD
[22:12:27] TheRealColmagi (uuid: c98c1615-0764-41e1-848d-73152bfabe94): well ima head back to my house
[22:12:30] TheRealColmagi (uuid: c98c1615-0764-41e1-848d-73152bfabe94): cya
[22:12:34] Deeesco (uuid: 587d0daa-1557-408a-b721-6a28b691a838): Nooo
[22:12:37] Deeesco (uuid: 587d0daa-1557-408a-b721-6a28b691a838): Tp me
[22:12:41] Deeesco (uuid: 587d0daa-1557-408a-b721-6a28b691a838): And rank
[22:12:44] Deeesco (uuid: 587d0daa-1557-408a-b721-6a28b691a838): Highest rank
[22:12:45] TheRealColmagi (uuid: c98c1615-0764-41e1-848d-73152bfabe94): c u c k
[22:13:10] Deeesco (uuid: 587d0daa-1557-408a-b721-6a28b691a838): Hello
[22:13:28] Deeesco (uuid: 587d0daa-1557-408a-b721-6a28b691a838): Aight nvm imma go
[22:13:34] Deeesco (uuid: 587d0daa-1557-408a-b721-6a28b691a838): Minecraft is boring xD
[22:13:57] TheRealColmagi (uuid: c98c1615-0764-41e1-848d-73152bfabe94): watch this
[22:15:13] Hubert6194 (uuid: 1ae76006-6711-4e06-9e89-a7e9a547fbfd): james
[22:15:19] TheRealColmagi (uuid: c98c1615-0764-41e1-848d-73152bfabe94): ya
[22:15:24] Hubert6194 (uuid: 1ae76006-6711-4e06-9e89-a7e9a547fbfd): can i have some jungle tree saplings
[22:15:38] TheRealColmagi (uuid: c98c1615-0764-41e1-848d-73152bfabe94): yeah jungle is like the 1 biome me or arthur cant find
[22:15:40] Hubert6194 (uuid: 1ae76006-6711-4e06-9e89-a7e9a547fbfd): because arthur and i each searched for like 30 mins and we couldnt find a fucking jungle biome
[22:15:44] Hubert6194 (uuid: 1ae76006-6711-4e06-9e89-a7e9a547fbfd): YEAH
[22:15:46] Hubert6194 (uuid: 1ae76006-6711-4e06-9e89-a7e9a547fbfd): WTF
[22:15:51] TheRealColmagi (uuid: c98c1615-0764-41e1-848d-73152bfabe94): all worlds have all the biomes
[22:15:56] TheRealColmagi (uuid: c98c1615-0764-41e1-848d-73152bfabe94): so maybe we're just shit
[22:15:59] Hubert6194 (uuid: 1ae76006-6711-4e06-9e89-a7e9a547fbfd): k
[22:16:03] Hubert6194 (uuid: 1ae76006-6711-4e06-9e89-a7e9a547fbfd): well give me the saplings
[22:16:09] TheRealColmagi (uuid: c98c1615-0764-41e1-848d-73152bfabe94): na thats cheating
[22:16:13] TheRealColmagi (uuid: c98c1615-0764-41e1-848d-73152bfabe94): ill look and try to find one
[22:16:14] Hubert6194 (uuid: 1ae76006-6711-4e06-9e89-a7e9a547fbfd): WTF
[22:16:16] Hubert6194 (uuid: 1ae76006-6711-4e06-9e89-a7e9a547fbfd): ok
[22:16:20] Hubert6194 (uuid: 1ae76006-6711-4e06-9e89-a7e9a547fbfd): ok well gl
[22:16:54] TheRealColmagi (uuid: c98c1615-0764-41e1-848d-73152bfabe94): lol found mesa jesus
[22:17:12] TheRealColmagi (uuid: c98c1615-0764-41e1-848d-73152bfabe94): git ur stained clay
[22:17:34] TheRealColmagi (uuid: c98c1615-0764-41e1-848d-73152bfabe94): wow
[22:17:41] TheRealColmagi (uuid: c98c1615-0764-41e1-848d-73152bfabe94): abandoned mineshaft spawned on the surface
[22:17:51] TheRealColmagi (uuid: c98c1615-0764-41e1-848d-73152bfabe94): in some mesa things
[22:21:23] TheRealColmagi (uuid: c98c1615-0764-41e1-848d-73152bfabe94): lol found some llamas
[22:21:30] Hubert6194 (uuid: 1ae76006-6711-4e06-9e89-a7e9a547fbfd): noice
[22:26:18] TheRealColmagi (uuid: c98c1615-0764-41e1-848d-73152bfabe94): i have found 2 acacia biomes and 2 desert temples and like 5 villages but no jungle biomes
[22:26:21] TheRealColmagi (uuid: c98c1615-0764-41e1-848d-73152bfabe94): in the words of evan li:
[22:26:24] TheRealColmagi (uuid: c98c1615-0764-41e1-848d-73152bfabe94): wut de????
[22:26:33] Hubert6194 (uuid: 1ae76006-6711-4e06-9e89-a7e9a547fbfd): yeah so just give me the saplings
[22:29:53] TheRealColmagi (uuid: c98c1615-0764-41e1-848d-73152bfabe94): my fps is liek zero fuck
[22:30:22] TheRealColmagi (uuid: c98c1615-0764-41e1-848d-73152bfabe94): 5k blocks out andmy servers lagging me
[22:30:46] TheRealColmagi (uuid: c98c1615-0764-41e1-848d-73152bfabe94): yeah fuck that
[22:30:53] TheRealColmagi (uuid: c98c1615-0764-41e1-848d-73152bfabe94): 5k blocks out either direction
[22:31:03] TheRealColmagi (uuid: c98c1615-0764-41e1-848d-73152bfabe94): dont lose it
[22:31:06] Hubert6194 (uuid: 1ae76006-6711-4e06-9e89-a7e9a547fbfd): ayyyy ty m8
[22:31:08] TheRealColmagi (uuid: c98c1615-0764-41e1-848d-73152bfabe94): np
[22:31:10] TheRealColmagi (uuid: c98c1615-0764-41e1-848d-73152bfabe94): fuck this seed
[22:31:16] TheRealColmagi (uuid: c98c1615-0764-41e1-848d-73152bfabe94): no jungles wtf
[22:54:17] TheRealColmagi (uuid: c98c1615-0764-41e1-848d-73152bfabe94): WHERE DID ALL THE CHICKENS GO
[22:54:40] TheRealColmagi (uuid: c98c1615-0764-41e1-848d-73152bfabe94): HUBERT U C U C K
[22:59:47] huntthequest (uuid: 1698de61-dec9-439f-8fc8-de0940b4bd90): 2 1/2 stakc sof steak
[22:59:50] huntthequest (uuid: 1698de61-dec9-439f-8fc8-de0940b4bd90): TWO AND A HALF
[22:59:55] huntthequest (uuid: 1698de61-dec9-439f-8fc8-de0940b4bd90): ALL CAPS
[22:59:57] TheRealColmagi (uuid: c98c1615-0764-41e1-848d-73152bfabe94): IM VEGAN AND THAT TRIGGERS ME
[23:00:02] TheRealColmagi (uuid: c98c1615-0764-41e1-848d-73152bfabe94): INHUMANE TREATMENT
[23:07:37] TheRealColmagi (uuid: c98c1615-0764-41e1-848d-73152bfabe94): dildo faggins
[23:12:05] TheRealColmagi (uuid: c98c1615-0764-41e1-848d-73152bfabe94): what a bro
[23:13:57] TheRealColmagi (uuid: c98c1615-0764-41e1-848d-73152bfabe94): jefry
[23:16:37] TheRealColmagi (uuid: c98c1615-0764-41e1-848d-73152bfabe94): to fuck his hookers hahahaha
