[00:00:01] JohnProdman (uuid: 4150cd4b-a415-4298-bdc7-c9e330b466cc): gtg
[00:00:29] JohnProdman (uuid: 4150cd4b-a415-4298-bdc7-c9e330b466cc): ree
[00:03:53] iMine03 (uuid: 0f9d4172-c235-4bd2-9897-490c4a93ddfe): o shit
[00:03:56] bryantandpat (uuid: 7961a874-c35f-4f34-a0d1-37205c235291): fuck
[00:04:01] iMine03 (uuid: 0f9d4172-c235-4bd2-9897-490c4a93ddfe): LOL
[00:04:04] iMine03 (uuid: 0f9d4172-c235-4bd2-9897-490c4a93ddfe): they're teleporting to u
[00:04:09] bryantandpat (uuid: 7961a874-c35f-4f34-a0d1-37205c235291): shit
[00:04:42] bryantandpat (uuid: 7961a874-c35f-4f34-a0d1-37205c235291): shit i thnk they kileld the endermite
[00:04:46] bryantandpat (uuid: 7961a874-c35f-4f34-a0d1-37205c235291):  fuck
[00:04:56] bryantandpat (uuid: 7961a874-c35f-4f34-a0d1-37205c235291):  i didnt break anything tho
[00:05:17] bryantandpat (uuid: 7961a874-c35f-4f34-a0d1-37205c235291): srry
[00:05:17] iMine03 (uuid: 0f9d4172-c235-4bd2-9897-490c4a93ddfe): nigget jesus
[00:07:45] iMine03 (uuid: 0f9d4172-c235-4bd2-9897-490c4a93ddfe): srry
[00:08:01] iMine03 (uuid: 0f9d4172-c235-4bd2-9897-490c4a93ddfe): lmao i dare u to drop down from here
[00:08:04] iMine03 (uuid: 0f9d4172-c235-4bd2-9897-490c4a93ddfe): into the pit
[00:08:59] iMine03 (uuid: 0f9d4172-c235-4bd2-9897-490c4a93ddfe): NIGGA JESUS
[00:09:00] bryantandpat (uuid: 7961a874-c35f-4f34-a0d1-37205c235291): shit mb
[00:09:01] iMine03 (uuid: 0f9d4172-c235-4bd2-9897-490c4a93ddfe): HOLY
[00:09:03] iMine03 (uuid: 0f9d4172-c235-4bd2-9897-490c4a93ddfe): AUTS
[00:09:12] bryantandpat (uuid: 7961a874-c35f-4f34-a0d1-37205c235291):  i was trying to kill the enderman
[00:09:19] iMine03 (uuid: 0f9d4172-c235-4bd2-9897-490c4a93ddfe): MHM RIGTH NEXT TO ME
[00:09:26] bryantandpat (uuid: 7961a874-c35f-4f34-a0d1-37205c235291):  it was right behind u
[00:09:30] bryantandpat (uuid: 7961a874-c35f-4f34-a0d1-37205c235291):  in the minecart
[00:09:35] iMine03 (uuid: 0f9d4172-c235-4bd2-9897-490c4a93ddfe): nigget u auts
[00:10:25] bryantandpat (uuid: 7961a874-c35f-4f34-a0d1-37205c235291): gtg cya
[18:03:44] TheRealColmagi (uuid: c98c1615-0764-41e1-848d-73152bfabe94): ima jew
[18:04:42] TheRealColmagi (uuid: c98c1615-0764-41e1-848d-73152bfabe94): allah
[18:04:42] iMine03 (uuid: 0f9d4172-c235-4bd2-9897-490c4a93ddfe): nigget
[18:05:09] TheRealColmagi (uuid: c98c1615-0764-41e1-848d-73152bfabe94): have u been to the elytra launch platform
[18:05:13] TheRealColmagi (uuid: c98c1615-0764-41e1-848d-73152bfabe94): i forgot
[18:05:28] PiranhaBoy (uuid: 068bfb61-fb8a-4553-8305-2af64537cadb): gimme ten mins
[18:06:07] bryantandpat (uuid: 7961a874-c35f-4f34-a0d1-37205c235291): tf
[18:06:30] bryantandpat (uuid: 7961a874-c35f-4f34-a0d1-37205c235291): where these nigs coming from
[18:06:54] TheRealColmagi (uuid: c98c1615-0764-41e1-848d-73152bfabe94): btw arthur says he has mc on his macbook
[18:06:57] TheRealColmagi (uuid: c98c1615-0764-41e1-848d-73152bfabe94): so he could play with us
[18:08:48] TheRealColmagi (uuid: c98c1615-0764-41e1-848d-73152bfabe94): whhere ian
[18:09:17] TheRealColmagi (uuid: c98c1615-0764-41e1-848d-73152bfabe94): jaw
[18:09:20] TheRealColmagi (uuid: c98c1615-0764-41e1-848d-73152bfabe94): jew
[18:13:08] TheRealColmagi (uuid: c98c1615-0764-41e1-848d-73152bfabe94): wtf
[18:13:10] TheRealColmagi (uuid: c98c1615-0764-41e1-848d-73152bfabe94): wheres my horse nigga
[18:13:13] bryantandpat (uuid: 7961a874-c35f-4f34-a0d1-37205c235291): in here
[18:13:26] TheRealColmagi (uuid: c98c1615-0764-41e1-848d-73152bfabe94): why the fuc
[18:13:31] bryantandpat (uuid: 7961a874-c35f-4f34-a0d1-37205c235291): idk
[18:13:37] bryantandpat (uuid: 7961a874-c35f-4f34-a0d1-37205c235291): just found it here
[18:14:21] TheRealColmagi (uuid: c98c1615-0764-41e1-848d-73152bfabe94): my horse is now named lightning mcquiston
[18:14:27] bryantandpat (uuid: 7961a874-c35f-4f34-a0d1-37205c235291): ima name mine markus moore
[18:14:31] TheRealColmagi (uuid: c98c1615-0764-41e1-848d-73152bfabe94): a wise choice
[18:14:46] bryantandpat (uuid: 7961a874-c35f-4f34-a0d1-37205c235291): actually i dont wanna ride moore
[18:14:52] TheRealColmagi (uuid: c98c1615-0764-41e1-848d-73152bfabe94): yes that would be gay
[18:15:07] TheRealColmagi (uuid: c98c1615-0764-41e1-848d-73152bfabe94): dis nigga
[18:15:57] bryantandpat (uuid: 7961a874-c35f-4f34-a0d1-37205c235291): ersong the netheracks here
[18:16:01] bryantandpat (uuid: 7961a874-c35f-4f34-a0d1-37205c235291): i mean netherwart
[18:16:09] TheRealColmagi (uuid: c98c1615-0764-41e1-848d-73152bfabe94): lul gotta eat
[18:16:25] iMine03 (uuid: 0f9d4172-c235-4bd2-9897-490c4a93ddfe): matjew help me expand yisong's house
[18:16:30] bryantandpat (uuid: 7961a874-c35f-4f34-a0d1-37205c235291): kk
[18:16:38] iMine03 (uuid: 0f9d4172-c235-4bd2-9897-490c4a93ddfe): lets fly there
[18:16:47] iMine03 (uuid: 0f9d4172-c235-4bd2-9897-490c4a93ddfe): wait or we could go by horse
[18:17:00] bryantandpat (uuid: 7961a874-c35f-4f34-a0d1-37205c235291): kk
[18:17:03] iMine03 (uuid: 0f9d4172-c235-4bd2-9897-490c4a93ddfe): horse or elytra
[18:17:06] bryantandpat (uuid: 7961a874-c35f-4f34-a0d1-37205c235291): horse
[18:17:09] iMine03 (uuid: 0f9d4172-c235-4bd2-9897-490c4a93ddfe): kk
[18:17:35] iMine03 (uuid: 0f9d4172-c235-4bd2-9897-490c4a93ddfe): kk lets go
[18:17:44] iMine03 (uuid: 0f9d4172-c235-4bd2-9897-490c4a93ddfe): it shall be an epic journey
[18:18:00] bryantandpat (uuid: 7961a874-c35f-4f34-a0d1-37205c235291): mhm just like the oddysey
[18:18:22] iMine03 (uuid: 0f9d4172-c235-4bd2-9897-490c4a93ddfe): LOL SHIT
[18:18:33] iMine03 (uuid: 0f9d4172-c235-4bd2-9897-490c4a93ddfe): my horse is at one and a half hearts
[18:18:37] bryantandpat (uuid: 7961a874-c35f-4f34-a0d1-37205c235291): rip
[18:18:58] iMine03 (uuid: 0f9d4172-c235-4bd2-9897-490c4a93ddfe): bruh come back
[18:19:43] iMine03 (uuid: 0f9d4172-c235-4bd2-9897-490c4a93ddfe): nigget
[18:19:52] iMine03 (uuid: 0f9d4172-c235-4bd2-9897-490c4a93ddfe): where u go
[18:19:53] bryantandpat (uuid: 7961a874-c35f-4f34-a0d1-37205c235291): whered u go
[18:20:11] iMine03 (uuid: 0f9d4172-c235-4bd2-9897-490c4a93ddfe): o shit
[18:20:37] bryantandpat (uuid: 7961a874-c35f-4f34-a0d1-37205c235291): what happens if u ride into lava
[18:20:46] iMine03 (uuid: 0f9d4172-c235-4bd2-9897-490c4a93ddfe): u die
[18:21:31] iMine03 (uuid: 0f9d4172-c235-4bd2-9897-490c4a93ddfe): lmao there it is
[18:21:38] iMine03 (uuid: 0f9d4172-c235-4bd2-9897-490c4a93ddfe): easily discernable cuz of the giant ass wall i built
[18:24:38] bryantandpat (uuid: 7961a874-c35f-4f34-a0d1-37205c235291): ez trapped him
[18:25:56] bryantandpat (uuid: 7961a874-c35f-4f34-a0d1-37205c235291): wait look
[18:26:01] bryantandpat (uuid: 7961a874-c35f-4f34-a0d1-37205c235291): its hitting thru the wall
[18:26:13] iMine03 (uuid: 0f9d4172-c235-4bd2-9897-490c4a93ddfe): LOL
[18:26:18] bryantandpat (uuid: 7961a874-c35f-4f34-a0d1-37205c235291): here
[18:26:19] iMine03 (uuid: 0f9d4172-c235-4bd2-9897-490c4a93ddfe): WTF
[18:27:05] PiranhaBoy (uuid: 068bfb61-fb8a-4553-8305-2af64537cadb): wtf
[18:27:07] iMine03 (uuid: 0f9d4172-c235-4bd2-9897-490c4a93ddfe): this is yisong's house
[18:27:10] PiranhaBoy (uuid: 068bfb61-fb8a-4553-8305-2af64537cadb): i jumped and i hurt it
[18:27:13] PiranhaBoy (uuid: 068bfb61-fb8a-4553-8305-2af64537cadb): lets raid it
[18:27:18] iMine03 (uuid: 0f9d4172-c235-4bd2-9897-490c4a93ddfe): nigget no
[18:27:21] iMine03 (uuid: 0f9d4172-c235-4bd2-9897-490c4a93ddfe): we're helping build
[18:27:29] iMine03 (uuid: 0f9d4172-c235-4bd2-9897-490c4a93ddfe): black man can't build himself
[18:27:29] PiranhaBoy (uuid: 068bfb61-fb8a-4553-8305-2af64537cadb): k i claimed it
[18:27:37] iMine03 (uuid: 0f9d4172-c235-4bd2-9897-490c4a93ddfe): nigge jesus
[18:27:42] iMine03 (uuid: 0f9d4172-c235-4bd2-9897-490c4a93ddfe): actually retarded
[18:27:45] iMine03 (uuid: 0f9d4172-c235-4bd2-9897-490c4a93ddfe): im building
[18:27:49] PiranhaBoy (uuid: 068bfb61-fb8a-4553-8305-2af64537cadb): k i claimed it
[18:28:37] PiranhaBoy (uuid: 068bfb61-fb8a-4553-8305-2af64537cadb): wtf is yisongs house
[18:28:47] PiranhaBoy (uuid: 068bfb61-fb8a-4553-8305-2af64537cadb): long sex dungeon for jessji
[18:28:47] iMine03 (uuid: 0f9d4172-c235-4bd2-9897-490c4a93ddfe): big nigg
[18:28:52] bryantandpat (uuid: 7961a874-c35f-4f34-a0d1-37205c235291): holy
[18:29:00] bryantandpat (uuid: 7961a874-c35f-4f34-a0d1-37205c235291):  there r these skeletons that give slowness
[18:29:03] bryantandpat (uuid: 7961a874-c35f-4f34-a0d1-37205c235291):  dont kill them
[18:29:09] bryantandpat (uuid: 7961a874-c35f-4f34-a0d1-37205c235291): theyre cool
[18:29:39] PiranhaBoy (uuid: 068bfb61-fb8a-4553-8305-2af64537cadb): matjew
[18:31:38] iMine03 (uuid: 0f9d4172-c235-4bd2-9897-490c4a93ddfe): i should've never tped u here faggot
[18:31:41] PiranhaBoy (uuid: 068bfb61-fb8a-4553-8305-2af64537cadb): shit whats ethans name
[18:31:45] PiranhaBoy (uuid: 068bfb61-fb8a-4553-8305-2af64537cadb): i gotta trust him
[18:31:46] iMine03 (uuid: 0f9d4172-c235-4bd2-9897-490c4a93ddfe): should've never tped nigget
[18:31:52] iMine03 (uuid: 0f9d4172-c235-4bd2-9897-490c4a93ddfe): obbb
[18:31:54] iMine03 (uuid: 0f9d4172-c235-4bd2-9897-490c4a93ddfe): i think
[18:31:59] PiranhaBoy (uuid: 068bfb61-fb8a-4553-8305-2af64537cadb): okkk
[18:33:06] PiranhaBoy (uuid: 068bfb61-fb8a-4553-8305-2af64537cadb): wheres the elytra platform
[18:33:17] bryantandpat (uuid: 7961a874-c35f-4f34-a0d1-37205c235291): do /warp elytralaunch
[18:34:08] PiranhaBoy (uuid: 068bfb61-fb8a-4553-8305-2af64537cadb): james gimme perms to this palce
[18:35:52] PiranhaBoy (uuid: 068bfb61-fb8a-4553-8305-2af64537cadb): wanna get jemas
[18:35:57] PiranhaBoy (uuid: 068bfb61-fb8a-4553-8305-2af64537cadb): and do some end coty
[18:36:03] iMine03 (uuid: 0f9d4172-c235-4bd2-9897-490c4a93ddfe): ye
[18:36:16] PiranhaBoy (uuid: 068bfb61-fb8a-4553-8305-2af64537cadb): james
[18:36:42] bryantandpat (uuid: 7961a874-c35f-4f34-a0d1-37205c235291): jesus erons
[18:36:46] bryantandpat (uuid: 7961a874-c35f-4f34-a0d1-37205c235291): how do i get back
[18:37:27] bryantandpat (uuid: 7961a874-c35f-4f34-a0d1-37205c235291): nigg
[18:37:30] bryantandpat (uuid: 7961a874-c35f-4f34-a0d1-37205c235291):  with the horse
[18:37:40] iMine03 (uuid: 0f9d4172-c235-4bd2-9897-490c4a93ddfe): oh
[18:40:40] TheRealColmagi (uuid: c98c1615-0764-41e1-848d-73152bfabe94): ersong
[18:40:45] TheRealColmagi (uuid: c98c1615-0764-41e1-848d-73152bfabe94): when we volunteering
[18:40:52] iMine03 (uuid: 0f9d4172-c235-4bd2-9897-490c4a93ddfe): tomorrow 9-12
[18:41:00] TheRealColmagi (uuid: c98c1615-0764-41e1-848d-73152bfabe94): kkk
[18:41:12] TheRealColmagi (uuid: c98c1615-0764-41e1-848d-73152bfabe94): carpool?
[18:41:18] iMine03 (uuid: 0f9d4172-c235-4bd2-9897-490c4a93ddfe): how
[18:41:28] iMine03 (uuid: 0f9d4172-c235-4bd2-9897-490c4a93ddfe): u can come to my house at like 8:30 ig
[18:41:29] TheRealColmagi (uuid: c98c1615-0764-41e1-848d-73152bfabe94): o wait yeah oops
[18:41:57] iMine03 (uuid: 0f9d4172-c235-4bd2-9897-490c4a93ddfe): but i mean u can come to my house but at that point u can basically walk there
[18:42:05] TheRealColmagi (uuid: c98c1615-0764-41e1-848d-73152bfabe94): o ye
[18:42:11] iMine03 (uuid: 0f9d4172-c235-4bd2-9897-490c4a93ddfe): up to u
[18:42:12] TheRealColmagi (uuid: c98c1615-0764-41e1-848d-73152bfabe94): nigga
[18:42:16] TheRealColmagi (uuid: c98c1615-0764-41e1-848d-73152bfabe94): gave u persm
[18:42:24] bryantandpat (uuid: 7961a874-c35f-4f34-a0d1-37205c235291): bum bum
[18:42:30] bryantandpat (uuid: 7961a874-c35f-4f34-a0d1-37205c235291): ez splash potions
[18:42:32] TheRealColmagi (uuid: c98c1615-0764-41e1-848d-73152bfabe94): e
[18:42:35] TheRealColmagi (uuid: c98c1615-0764-41e1-848d-73152bfabe94): z
[18:43:27] iMine03 (uuid: 0f9d4172-c235-4bd2-9897-490c4a93ddfe): holy
[18:43:32] iMine03 (uuid: 0f9d4172-c235-4bd2-9897-490c4a93ddfe): how do u make splash potions
[18:43:32] TheRealColmagi (uuid: c98c1615-0764-41e1-848d-73152bfabe94): wot
[18:43:33] bryantandpat (uuid: 7961a874-c35f-4f34-a0d1-37205c235291): how did alex get so rich
[18:43:41] bryantandpat (uuid: 7961a874-c35f-4f34-a0d1-37205c235291):  put gunpowder on regular potions
[18:43:41] TheRealColmagi (uuid: c98c1615-0764-41e1-848d-73152bfabe94): gunpowder duh
[18:43:47] iMine03 (uuid: 0f9d4172-c235-4bd2-9897-490c4a93ddfe): oh kk
[18:44:05] bryantandpat (uuid: 7961a874-c35f-4f34-a0d1-37205c235291): dont touch the cocaine chest
[18:44:07] TheRealColmagi (uuid: c98c1615-0764-41e1-848d-73152bfabe94): abeans fapping
[18:44:22] TheRealColmagi (uuid: c98c1615-0764-41e1-848d-73152bfabe94): nice sign fegrek
[18:44:41] iMine03 (uuid: 0f9d4172-c235-4bd2-9897-490c4a93ddfe): fegrek claimed yisong's house
[18:44:45] TheRealColmagi (uuid: c98c1615-0764-41e1-848d-73152bfabe94): wtf
[18:45:01] PiranhaBoy (uuid: 068bfb61-fb8a-4553-8305-2af64537cadb): LETS DO END CITY NIGGAS
[18:45:08] PiranhaBoy (uuid: 068bfb61-fb8a-4553-8305-2af64537cadb): ENDCITIES NIGA
[18:45:11] TheRealColmagi (uuid: c98c1615-0764-41e1-848d-73152bfabe94): ez
[18:45:13] TheRealColmagi (uuid: c98c1615-0764-41e1-848d-73152bfabe94): got resupply xd
[18:45:19] iMine03 (uuid: 0f9d4172-c235-4bd2-9897-490c4a93ddfe): kk lets go
[18:45:32] TheRealColmagi (uuid: c98c1615-0764-41e1-848d-73152bfabe94): lag?
[18:45:38] iMine03 (uuid: 0f9d4172-c235-4bd2-9897-490c4a93ddfe): r
[18:45:42] TheRealColmagi (uuid: c98c1615-0764-41e1-848d-73152bfabe94): i dropped my sword
[18:45:43] TheRealColmagi (uuid: c98c1615-0764-41e1-848d-73152bfabe94): its gone
[18:45:50] TheRealColmagi (uuid: c98c1615-0764-41e1-848d-73152bfabe94): nvm was just invis
[18:46:11] TheRealColmagi (uuid: c98c1615-0764-41e1-848d-73152bfabe94): most end cities are already fookin looted mate
[18:46:13] TheRealColmagi (uuid: c98c1615-0764-41e1-848d-73152bfabe94): not mayn left
[18:46:39] TheRealColmagi (uuid: c98c1615-0764-41e1-848d-73152bfabe94): whos coming
[18:46:52] TheRealColmagi (uuid: c98c1615-0764-41e1-848d-73152bfabe94): meet at elytralaunch
[18:47:04] bryantandpat (uuid: 7961a874-c35f-4f34-a0d1-37205c235291): almost time to eat
[18:47:06] bryantandpat (uuid: 7961a874-c35f-4f34-a0d1-37205c235291):  i can join after
[18:48:08] TheRealColmagi (uuid: c98c1615-0764-41e1-848d-73152bfabe94): u auts wanna call
[18:49:15] TheRealColmagi (uuid: c98c1615-0764-41e1-848d-73152bfabe94): r we callin or what
[18:49:18] iMine03 (uuid: 0f9d4172-c235-4bd2-9897-490c4a93ddfe): can't sorry
[18:49:19] bryantandpat (uuid: 7961a874-c35f-4f34-a0d1-37205c235291): bruh wtf is this water
[18:49:23] bryantandpat (uuid: 7961a874-c35f-4f34-a0d1-37205c235291): james pls fix
[18:49:26] TheRealColmagi (uuid: c98c1615-0764-41e1-848d-73152bfabe94): ye idk nigga
[18:49:47] TheRealColmagi (uuid: c98c1615-0764-41e1-848d-73152bfabe94): wtf jewbot doin
[18:50:32] TheRealColmagi (uuid: c98c1615-0764-41e1-848d-73152bfabe94): abean more like a nigger
[18:50:57] TheRealColmagi (uuid: c98c1615-0764-41e1-848d-73152bfabe94): wtf
[18:51:00] TheRealColmagi (uuid: c98c1615-0764-41e1-848d-73152bfabe94): mouse broke
[18:51:31] TheRealColmagi (uuid: c98c1615-0764-41e1-848d-73152bfabe94): this shit literally just doesnt work
[18:52:10] TheRealColmagi (uuid: c98c1615-0764-41e1-848d-73152bfabe94): holy
[18:52:15] TheRealColmagi (uuid: c98c1615-0764-41e1-848d-73152bfabe94): my mouse is dead
[18:54:45] TheRealColmagi (uuid: c98c1615-0764-41e1-848d-73152bfabe94): o ez
[18:54:49] TheRealColmagi (uuid: c98c1615-0764-41e1-848d-73152bfabe94): old mouse worls
[18:56:22] TheRealColmagi (uuid: c98c1615-0764-41e1-848d-73152bfabe94): ez
[18:57:02] TheRealColmagi (uuid: c98c1615-0764-41e1-848d-73152bfabe94): gotem
[18:57:04] TheRealColmagi (uuid: c98c1615-0764-41e1-848d-73152bfabe94): old mouse is bacl
[18:57:35] TheRealColmagi (uuid: c98c1615-0764-41e1-848d-73152bfabe94): lil jew
[18:57:40] TheRealColmagi (uuid: c98c1615-0764-41e1-848d-73152bfabe94): lil jew
[18:57:57] PiranhaBoy (uuid: 068bfb61-fb8a-4553-8305-2af64537cadb): WHERE THE FUCK
[18:58:00] PiranhaBoy (uuid: 068bfb61-fb8a-4553-8305-2af64537cadb): ARE THE DISPENSERS
[18:58:03] PiranhaBoy (uuid: 068bfb61-fb8a-4553-8305-2af64537cadb): AND DROPPERS
[18:58:08] TheRealColmagi (uuid: c98c1615-0764-41e1-848d-73152bfabe94): up ur ass
[18:58:13] TheRealColmagi (uuid: c98c1615-0764-41e1-848d-73152bfabe94): make em urself
[18:58:14] PiranhaBoy (uuid: 068bfb61-fb8a-4553-8305-2af64537cadb): home
[18:59:12] TheRealColmagi (uuid: c98c1615-0764-41e1-848d-73152bfabe94): jew
[18:59:30] TheRealColmagi (uuid: c98c1615-0764-41e1-848d-73152bfabe94): niggas tryna look good in the moonlight
[19:00:22] TheRealColmagi (uuid: c98c1615-0764-41e1-848d-73152bfabe94): allah
[19:01:15] TheRealColmagi (uuid: c98c1615-0764-41e1-848d-73152bfabe94): spotlight
[19:01:16] TheRealColmagi (uuid: c98c1615-0764-41e1-848d-73152bfabe94): UH
[19:01:19] TheRealColmagi (uuid: c98c1615-0764-41e1-848d-73152bfabe94): moonlight
[19:01:21] TheRealColmagi (uuid: c98c1615-0764-41e1-848d-73152bfabe94): UH
[19:01:25] TheRealColmagi (uuid: c98c1615-0764-41e1-848d-73152bfabe94): nigga why you trippin
[19:01:29] TheRealColmagi (uuid: c98c1615-0764-41e1-848d-73152bfabe94): get your mood right
[19:01:30] TheRealColmagi (uuid: c98c1615-0764-41e1-848d-73152bfabe94): UH
[19:02:26] TheRealColmagi (uuid: c98c1615-0764-41e1-848d-73152bfabe94): yeET
[19:05:36] iMine03 (uuid: 0f9d4172-c235-4bd2-9897-490c4a93ddfe): when she starts moanin but u realize that it's mark moore
[19:05:45] TheRealColmagi (uuid: c98c1615-0764-41e1-848d-73152bfabe94): FUCK
[19:09:46] TheRealColmagi (uuid: c98c1615-0764-41e1-848d-73152bfabe94): nice
[19:09:51] iMine03 (uuid: 0f9d4172-c235-4bd2-9897-490c4a93ddfe): NIGGAET JESUS
[19:09:53] iMine03 (uuid: 0f9d4172-c235-4bd2-9897-490c4a93ddfe): HOW
[19:09:57] iMine03 (uuid: 0f9d4172-c235-4bd2-9897-490c4a93ddfe): IT WAS A SPIDER
[19:09:58] iMine03 (uuid: 0f9d4172-c235-4bd2-9897-490c4a93ddfe): AGAIN
[19:10:06] iMine03 (uuid: 0f9d4172-c235-4bd2-9897-490c4a93ddfe): climbed up yisong's wall
[19:10:38] TheRealColmagi (uuid: c98c1615-0764-41e1-848d-73152bfabe94): there
[19:15:36] TheRealColmagi (uuid: c98c1615-0764-41e1-848d-73152bfabe94): aha
[19:15:46] bryantandpat (uuid: 7961a874-c35f-4f34-a0d1-37205c235291): hello
[19:16:03] bryantandpat (uuid: 7961a874-c35f-4f34-a0d1-37205c235291): u guys still at end city?
[19:16:03] TheRealColmagi (uuid: c98c1615-0764-41e1-848d-73152bfabe94): suh
[19:16:08] TheRealColmagi (uuid: c98c1615-0764-41e1-848d-73152bfabe94): we havent even left
[19:16:13] bryantandpat (uuid: 7961a874-c35f-4f34-a0d1-37205c235291): jesos
[19:16:17] TheRealColmagi (uuid: c98c1615-0764-41e1-848d-73152bfabe94): dunno what fegreskd oin
[19:18:14] TheRealColmagi (uuid: c98c1615-0764-41e1-848d-73152bfabe94): wait look
[19:18:29] PiranhaBoy (uuid: 068bfb61-fb8a-4553-8305-2af64537cadb): james give me 35 sheep egs
[19:18:40] TheRealColmagi (uuid: c98c1615-0764-41e1-848d-73152bfabe94): do i look weidrd when o di that
[19:18:43] TheRealColmagi (uuid: c98c1615-0764-41e1-848d-73152bfabe94): i do that
[19:18:47] iMine03 (uuid: 0f9d4172-c235-4bd2-9897-490c4a93ddfe): nah
[19:18:50] TheRealColmagi (uuid: c98c1615-0764-41e1-848d-73152bfabe94): oh
[19:18:52] TheRealColmagi (uuid: c98c1615-0764-41e1-848d-73152bfabe94): what for
[19:18:56] PiranhaBoy (uuid: 068bfb61-fb8a-4553-8305-2af64537cadb): james shhep farm
[19:18:58] PiranhaBoy (uuid: 068bfb61-fb8a-4553-8305-2af64537cadb): jk 40
[19:18:58] bryantandpat (uuid: 7961a874-c35f-4f34-a0d1-37205c235291): 
[19:19:03] bryantandpat (uuid: 7961a874-c35f-4f34-a0d1-37205c235291): 
[19:19:04] bryantandpat (uuid: 7961a874-c35f-4f34-a0d1-37205c235291): 
[19:19:05] bryantandpat (uuid: 7961a874-c35f-4f34-a0d1-37205c235291): 
[19:19:14] iMine03 (uuid: 0f9d4172-c235-4bd2-9897-490c4a93ddfe): oops
[19:19:39] bryantandpat (uuid: 7961a874-c35f-4f34-a0d1-37205c235291): james can u get slimefun over the break
[19:19:44] TheRealColmagi (uuid: c98c1615-0764-41e1-848d-73152bfabe94): wtf
[19:19:47] iMine03 (uuid: 0f9d4172-c235-4bd2-9897-490c4a93ddfe): im wasting so many rockets getting back up there
[19:19:48] TheRealColmagi (uuid: c98c1615-0764-41e1-848d-73152bfabe94): what are u
[19:19:50] TheRealColmagi (uuid: c98c1615-0764-41e1-848d-73152bfabe94): ian zhang
[19:19:57] bryantandpat (uuid: 7961a874-c35f-4f34-a0d1-37205c235291):  bruh it adds jetpacks
[19:19:59] PiranhaBoy (uuid: 068bfb61-fb8a-4553-8305-2af64537cadb): james give eme em
[19:20:01] TheRealColmagi (uuid: c98c1615-0764-41e1-848d-73152bfabe94): we have elytras
[19:20:01] bryantandpat (uuid: 7961a874-c35f-4f34-a0d1-37205c235291):  and slime boots
[19:20:07] bryantandpat (uuid: 7961a874-c35f-4f34-a0d1-37205c235291):  and custom crafts
[19:20:17] TheRealColmagi (uuid: c98c1615-0764-41e1-848d-73152bfabe94): what
[19:20:33] PiranhaBoy (uuid: 068bfb61-fb8a-4553-8305-2af64537cadb): put twenty up here
[19:20:36] PiranhaBoy (uuid: 068bfb61-fb8a-4553-8305-2af64537cadb): twenty down there
[19:21:21] TheRealColmagi (uuid: c98c1615-0764-41e1-848d-73152bfabe94): theres 20
[19:21:28] PiranhaBoy (uuid: 068bfb61-fb8a-4553-8305-2af64537cadb): twenty more
[19:21:37] PiranhaBoy (uuid: 068bfb61-fb8a-4553-8305-2af64537cadb): its gna break if you dont have 40 ish
[19:21:44] TheRealColmagi (uuid: c98c1615-0764-41e1-848d-73152bfabe94): there
[19:21:52] TheRealColmagi (uuid: c98c1615-0764-41e1-848d-73152bfabe94): looks like animal abuse
[19:22:25] TheRealColmagi (uuid: c98c1615-0764-41e1-848d-73152bfabe94): lmao
[19:22:28] PiranhaBoy (uuid: 068bfb61-fb8a-4553-8305-2af64537cadb): how many you put
[19:22:30] TheRealColmagi (uuid: c98c1615-0764-41e1-848d-73152bfabe94): 40
[19:22:39] TheRealColmagi (uuid: c98c1615-0764-41e1-848d-73152bfabe94): theyre not goin up the water
[19:22:46] TheRealColmagi (uuid: c98c1615-0764-41e1-848d-73152bfabe94): auts
[19:23:11] PiranhaBoy (uuid: 068bfb61-fb8a-4553-8305-2af64537cadb): why cant the fucking blimg
[19:24:59] PiranhaBoy (uuid: 068bfb61-fb8a-4553-8305-2af64537cadb): whats wrong with em
[19:25:05] TheRealColmagi (uuid: c98c1615-0764-41e1-848d-73152bfabe94): they auts
[19:25:25] TheRealColmagi (uuid: c98c1615-0764-41e1-848d-73152bfabe94): its working now
[19:27:02] PiranhaBoy (uuid: 068bfb61-fb8a-4553-8305-2af64537cadb): nigga stop
[19:28:23] PiranhaBoy (uuid: 068bfb61-fb8a-4553-8305-2af64537cadb): ez
[19:28:26] TheRealColmagi (uuid: c98c1615-0764-41e1-848d-73152bfabe94): ez
[19:28:30] PiranhaBoy (uuid: 068bfb61-fb8a-4553-8305-2af64537cadb): i shoudl make it bigger
[19:28:33] TheRealColmagi (uuid: c98c1615-0764-41e1-848d-73152bfabe94): no
[19:29:09] PiranhaBoy (uuid: 068bfb61-fb8a-4553-8305-2af64537cadb): put 3 more in
[19:29:15] TheRealColmagi (uuid: c98c1615-0764-41e1-848d-73152bfabe94): gdi
[19:29:16] PiranhaBoy (uuid: 068bfb61-fb8a-4553-8305-2af64537cadb): too much open space for them to moce
[19:29:21] PiranhaBoy (uuid: 068bfb61-fb8a-4553-8305-2af64537cadb): they need to be like the niggers
[19:31:13] PiranhaBoy (uuid: 068bfb61-fb8a-4553-8305-2af64537cadb): i messed something up
[19:31:16] PiranhaBoy (uuid: 068bfb61-fb8a-4553-8305-2af64537cadb): kill em all
[19:31:34] PiranhaBoy (uuid: 068bfb61-fb8a-4553-8305-2af64537cadb): jk
[19:31:44] PiranhaBoy (uuid: 068bfb61-fb8a-4553-8305-2af64537cadb): james i need like 5 more
[19:32:50] PiranhaBoy (uuid: 068bfb61-fb8a-4553-8305-2af64537cadb): james help
[19:32:57] PiranhaBoy (uuid: 068bfb61-fb8a-4553-8305-2af64537cadb): kill em all and then slowly put in 40
[19:34:16] PiranhaBoy (uuid: 068bfb61-fb8a-4553-8305-2af64537cadb): james
[19:34:18] PiranhaBoy (uuid: 068bfb61-fb8a-4553-8305-2af64537cadb): james
[19:34:43] PiranhaBoy (uuid: 068bfb61-fb8a-4553-8305-2af64537cadb): james
[19:34:45] PiranhaBoy (uuid: 068bfb61-fb8a-4553-8305-2af64537cadb): nigger
[19:35:27] PiranhaBoy (uuid: 068bfb61-fb8a-4553-8305-2af64537cadb): james
[19:37:10] PiranhaBoy (uuid: 068bfb61-fb8a-4553-8305-2af64537cadb): WHERE ARE YOU JAMEs
[19:37:14] PiranhaBoy (uuid: 068bfb61-fb8a-4553-8305-2af64537cadb): niga
[19:39:11] PiranhaBoy (uuid: 068bfb61-fb8a-4553-8305-2af64537cadb): matjew ethan what you doing
[19:39:21] bryantandpat (uuid: 7961a874-c35f-4f34-a0d1-37205c235291):  building stuff
[19:39:24] iMine03 (uuid: 0f9d4172-c235-4bd2-9897-490c4a93ddfe): let's go fight some niggersw
[19:42:29] iMine03 (uuid: 0f9d4172-c235-4bd2-9897-490c4a93ddfe): what are these for
[19:42:42] bryantandpat (uuid: 7961a874-c35f-4f34-a0d1-37205c235291):  gna try to trap zombie villagers in them
[19:42:50] bryantandpat (uuid: 7961a874-c35f-4f34-a0d1-37205c235291): so i can cure them and make vilalger farm
[19:43:12] iMine03 (uuid: 0f9d4172-c235-4bd2-9897-490c4a93ddfe): how to cure em
[19:43:16] PiranhaBoy (uuid: 068bfb61-fb8a-4553-8305-2af64537cadb): lemme help
[19:43:20] bryantandpat (uuid: 7961a874-c35f-4f34-a0d1-37205c235291): golden apple and splash pot of weakness
[19:44:19] PiranhaBoy (uuid: 068bfb61-fb8a-4553-8305-2af64537cadb): where you doing it
[19:44:29] bryantandpat (uuid: 7961a874-c35f-4f34-a0d1-37205c235291): doing what
[19:44:37] iMine03 (uuid: 0f9d4172-c235-4bd2-9897-490c4a93ddfe): sex
[19:44:44] PiranhaBoy (uuid: 068bfb61-fb8a-4553-8305-2af64537cadb): villager
[19:44:55] bryantandpat (uuid: 7961a874-c35f-4f34-a0d1-37205c235291): over there
[19:45:45] PiranhaBoy (uuid: 068bfb61-fb8a-4553-8305-2af64537cadb): james can you give me access to pauls shit
[19:45:53] PiranhaBoy (uuid: 068bfb61-fb8a-4553-8305-2af64537cadb): cause he has claim over my villagers
[19:46:05] PiranhaBoy (uuid: 068bfb61-fb8a-4553-8305-2af64537cadb): and i wanna give em to matjew to make villager farm
[19:46:14] bryantandpat (uuid: 7961a874-c35f-4f34-a0d1-37205c235291):  i think hes afk
[19:46:32] PiranhaBoy (uuid: 068bfb61-fb8a-4553-8305-2af64537cadb): ye no shit hes fapping or smth
[19:46:40] PiranhaBoy (uuid: 068bfb61-fb8a-4553-8305-2af64537cadb): i have three here
[19:46:47] bryantandpat (uuid: 7961a874-c35f-4f34-a0d1-37205c235291): where
[19:47:00] PiranhaBoy (uuid: 068bfb61-fb8a-4553-8305-2af64537cadb): underground dungeon
[19:47:06] bryantandpat (uuid: 7961a874-c35f-4f34-a0d1-37205c235291): o
[19:47:09] PiranhaBoy (uuid: 068bfb61-fb8a-4553-8305-2af64537cadb): but paul has claim on it
[19:47:15] PiranhaBoy (uuid: 068bfb61-fb8a-4553-8305-2af64537cadb): and i cant open it
[19:49:53] bryantandpat (uuid: 7961a874-c35f-4f34-a0d1-37205c235291): dont kill him
[19:51:31] PiranhaBoy (uuid: 068bfb61-fb8a-4553-8305-2af64537cadb): comehere
[19:51:41] bryantandpat (uuid: 7961a874-c35f-4f34-a0d1-37205c235291): fuck
[19:51:46] PiranhaBoy (uuid: 068bfb61-fb8a-4553-8305-2af64537cadb): timeset night
[19:52:59] PiranhaBoy (uuid: 068bfb61-fb8a-4553-8305-2af64537cadb): k you walk him in here
[19:53:07] PiranhaBoy (uuid: 068bfb61-fb8a-4553-8305-2af64537cadb): i close gate behind him
[19:53:12] PiranhaBoy (uuid: 068bfb61-fb8a-4553-8305-2af64537cadb): you close gate when you walk out
[19:53:15] bryantandpat (uuid: 7961a874-c35f-4f34-a0d1-37205c235291): kk
[19:53:38] PiranhaBoy (uuid: 068bfb61-fb8a-4553-8305-2af64537cadb): make the villager breeder rn
[19:53:52] PiranhaBoy (uuid: 068bfb61-fb8a-4553-8305-2af64537cadb): ik how to do it
[19:53:57] bryantandpat (uuid: 7961a874-c35f-4f34-a0d1-37205c235291): kk
[19:54:00] PiranhaBoy (uuid: 068bfb61-fb8a-4553-8305-2af64537cadb): where tho
[19:55:06] PiranhaBoy (uuid: 068bfb61-fb8a-4553-8305-2af64537cadb): where you want it
[19:55:11] bryantandpat (uuid: 7961a874-c35f-4f34-a0d1-37205c235291): prob here
[19:55:11] PiranhaBoy (uuid: 068bfb61-fb8a-4553-8305-2af64537cadb): its a 10x10 box
[19:55:58] PiranhaBoy (uuid: 068bfb61-fb8a-4553-8305-2af64537cadb): gimme build permission
[19:56:05] bryantandpat (uuid: 7961a874-c35f-4f34-a0d1-37205c235291): kk
[19:56:16] PiranhaBoy (uuid: 068bfb61-fb8a-4553-8305-2af64537cadb): also need a shit ton of wood
[19:58:16] bryantandpat (uuid: 7961a874-c35f-4f34-a0d1-37205c235291):  wait what r u making
[19:58:23] PiranhaBoy (uuid: 068bfb61-fb8a-4553-8305-2af64537cadb): villager breeder
[19:58:33] bryantandpat (uuid: 7961a874-c35f-4f34-a0d1-37205c235291):  like a wooden box here?
[19:58:38] PiranhaBoy (uuid: 068bfb61-fb8a-4553-8305-2af64537cadb): can i get like 30 fence
[19:58:41] bryantandpat (uuid: 7961a874-c35f-4f34-a0d1-37205c235291): kk
[19:58:43] PiranhaBoy (uuid: 068bfb61-fb8a-4553-8305-2af64537cadb): its kinda weird
[19:58:51] PiranhaBoy (uuid: 068bfb61-fb8a-4553-8305-2af64537cadb): just fence this box
[19:59:56] PiranhaBoy (uuid: 068bfb61-fb8a-4553-8305-2af64537cadb): stop hitting me cant build in pvp
[20:00:10] PiranhaBoy (uuid: 068bfb61-fb8a-4553-8305-2af64537cadb): nah
[20:00:14] bryantandpat (uuid: 7961a874-c35f-4f34-a0d1-37205c235291): oops
[20:00:16] PiranhaBoy (uuid: 068bfb61-fb8a-4553-8305-2af64537cadb): just outer border
[20:00:42] PiranhaBoy (uuid: 068bfb61-fb8a-4553-8305-2af64537cadb): can you make me a ho
[20:02:22] PiranhaBoy (uuid: 068bfb61-fb8a-4553-8305-2af64537cadb): drop down a torch and 6 doors plz
[20:03:23] PiranhaBoy (uuid: 068bfb61-fb8a-4553-8305-2af64537cadb): another torch actually
[20:03:28] PiranhaBoy (uuid: 068bfb61-fb8a-4553-8305-2af64537cadb): too dark
[20:03:57] PiranhaBoy (uuid: 068bfb61-fb8a-4553-8305-2af64537cadb): four ladders
[20:04:01] PiranhaBoy (uuid: 068bfb61-fb8a-4553-8305-2af64537cadb): to get up
[20:04:46] PiranhaBoy (uuid: 068bfb61-fb8a-4553-8305-2af64537cadb): water in this hole
[20:05:00] PiranhaBoy (uuid: 068bfb61-fb8a-4553-8305-2af64537cadb): and 3 trap doors to cover the 1 x 3 hole
[20:05:18] PiranhaBoy (uuid: 068bfb61-fb8a-4553-8305-2af64537cadb): oops i made it ice
[20:05:36] PiranhaBoy (uuid: 068bfb61-fb8a-4553-8305-2af64537cadb): how the thre by three
[20:05:52] PiranhaBoy (uuid: 068bfb61-fb8a-4553-8305-2af64537cadb): and use carots
[20:06:27] PiranhaBoy (uuid: 068bfb61-fb8a-4553-8305-2af64537cadb): torch it up
[20:06:40] PiranhaBoy (uuid: 068bfb61-fb8a-4553-8305-2af64537cadb): on top of fence gates
[20:07:27] PiranhaBoy (uuid: 068bfb61-fb8a-4553-8305-2af64537cadb): gimme another bucket
[20:07:31] PiranhaBoy (uuid: 068bfb61-fb8a-4553-8305-2af64537cadb): of water
[20:08:28] PiranhaBoy (uuid: 068bfb61-fb8a-4553-8305-2af64537cadb): go get the villager
[20:08:31] PiranhaBoy (uuid: 068bfb61-fb8a-4553-8305-2af64537cadb): zombie
[20:08:37] bryantandpat (uuid: 7961a874-c35f-4f34-a0d1-37205c235291):  i dont have him yet
[20:08:45] PiranhaBoy (uuid: 068bfb61-fb8a-4553-8305-2af64537cadb): i mean start finding one
[20:08:48] bryantandpat (uuid: 7961a874-c35f-4f34-a0d1-37205c235291): kk
[20:08:48] PiranhaBoy (uuid: 068bfb61-fb8a-4553-8305-2af64537cadb): to turn him
[20:10:23] PiranhaBoy (uuid: 068bfb61-fb8a-4553-8305-2af64537cadb): yo can you place a shit ton of trap doors
[20:10:27] PiranhaBoy (uuid: 068bfb61-fb8a-4553-8305-2af64537cadb): or just gimme wood
[20:11:08] PiranhaBoy (uuid: 068bfb61-fb8a-4553-8305-2af64537cadb): i took ur wood
[20:11:12] bryantandpat (uuid: 7961a874-c35f-4f34-a0d1-37205c235291): kk
[20:17:29] PiranhaBoy (uuid: 068bfb61-fb8a-4553-8305-2af64537cadb): we gotta get three villagers
[20:17:38] bryantandpat (uuid: 7961a874-c35f-4f34-a0d1-37205c235291): ye ill look for them
[20:18:49] PiranhaBoy (uuid: 068bfb61-fb8a-4553-8305-2af64537cadb): WE can get the three from my village
[20:18:56] PiranhaBoy (uuid: 068bfb61-fb8a-4553-8305-2af64537cadb): or ask james to spawn three
[20:18:57] bryantandpat (uuid: 7961a874-c35f-4f34-a0d1-37205c235291): how do we bring them tho
[20:19:05] PiranhaBoy (uuid: 068bfb61-fb8a-4553-8305-2af64537cadb): rail cart idk
[20:19:09] bryantandpat (uuid: 7961a874-c35f-4f34-a0d1-37205c235291): kk
[20:20:19] bryantandpat (uuid: 7961a874-c35f-4f34-a0d1-37205c235291):  i have 2 stacks
[20:23:01] bryantandpat (uuid: 7961a874-c35f-4f34-a0d1-37205c235291): fuck outa rails
[20:24:20] PiranhaBoy (uuid: 068bfb61-fb8a-4553-8305-2af64537cadb): idk cause i cant even access themt
[20:24:26] bryantandpat (uuid: 7961a874-c35f-4f34-a0d1-37205c235291): ?
[20:24:30] PiranhaBoy (uuid: 068bfb61-fb8a-4553-8305-2af64537cadb): paul hasnt shared me
[20:24:34] bryantandpat (uuid: 7961a874-c35f-4f34-a0d1-37205c235291):  o rip
[20:28:04] PiranhaBoy (uuid: 068bfb61-fb8a-4553-8305-2af64537cadb): james you goota expand ur market
[20:29:01] PiranhaBoy (uuid: 068bfb61-fb8a-4553-8305-2af64537cadb): dont destroy the rail once we finish it
[20:29:09] bryantandpat (uuid: 7961a874-c35f-4f34-a0d1-37205c235291): kk
[20:29:16] bryantandpat (uuid: 7961a874-c35f-4f34-a0d1-37205c235291): kk
[20:29:23] PiranhaBoy (uuid: 068bfb61-fb8a-4553-8305-2af64537cadb): still need it to ship villagers out to a hole or smth
[20:31:08] PiranhaBoy (uuid: 068bfb61-fb8a-4553-8305-2af64537cadb): wtf i put james in a box like an hour ago
[20:31:46] bryantandpat (uuid: 7961a874-c35f-4f34-a0d1-37205c235291): wtf why is the cow upside down
[20:31:52] PiranhaBoy (uuid: 068bfb61-fb8a-4553-8305-2af64537cadb): he named it
[20:31:58] PiranhaBoy (uuid: 068bfb61-fb8a-4553-8305-2af64537cadb): easter egg name tag thing
[20:32:09] bryantandpat (uuid: 7961a874-c35f-4f34-a0d1-37205c235291): jesos its stuck
[20:32:52] bryantandpat (uuid: 7961a874-c35f-4f34-a0d1-37205c235291): where r the villagers
[20:32:57] PiranhaBoy (uuid: 068bfb61-fb8a-4553-8305-2af64537cadb): down here
[20:33:14] PiranhaBoy (uuid: 068bfb61-fb8a-4553-8305-2af64537cadb): come in my house
[20:33:21] bryantandpat (uuid: 7961a874-c35f-4f34-a0d1-37205c235291): o
[20:33:42] PiranhaBoy (uuid: 068bfb61-fb8a-4553-8305-2af64537cadb): wxcept nigger paul has access
[20:33:52] PiranhaBoy (uuid: 068bfb61-fb8a-4553-8305-2af64537cadb): we can build through here
[20:33:59] PiranhaBoy (uuid: 068bfb61-fb8a-4553-8305-2af64537cadb): and then a diagnal up
[20:34:14] PiranhaBoy (uuid: 068bfb61-fb8a-4553-8305-2af64537cadb): but we need power rail
[20:34:44] bryantandpat (uuid: 7961a874-c35f-4f34-a0d1-37205c235291):  how r we gna get the villagers out tho
[20:34:47] bryantandpat (uuid: 7961a874-c35f-4f34-a0d1-37205c235291): if theyre in pauls claim
[20:35:01] PiranhaBoy (uuid: 068bfb61-fb8a-4553-8305-2af64537cadb): i texted paul to give me permision
[20:35:08] bryantandpat (uuid: 7961a874-c35f-4f34-a0d1-37205c235291): kk
[20:36:36] PiranhaBoy (uuid: 068bfb61-fb8a-4553-8305-2af64537cadb): jesos hes afk
[20:37:15] PiranhaBoy (uuid: 068bfb61-fb8a-4553-8305-2af64537cadb): do you guys have tnt
[20:37:23] PiranhaBoy (uuid: 068bfb61-fb8a-4553-8305-2af64537cadb): lets try exploding it
[20:37:24] bryantandpat (uuid: 7961a874-c35f-4f34-a0d1-37205c235291): tnt doesnt work anymore
[20:37:30] PiranhaBoy (uuid: 068bfb61-fb8a-4553-8305-2af64537cadb): kk
[20:37:32] bryantandpat (uuid: 7961a874-c35f-4f34-a0d1-37205c235291):  james disabled it
[20:42:29] PiranhaBoy (uuid: 068bfb61-fb8a-4553-8305-2af64537cadb): k i build a stair thing up
[20:42:48] PiranhaBoy (uuid: 068bfb61-fb8a-4553-8305-2af64537cadb): can they go up 2x2 blocks
[20:43:02] bryantandpat (uuid: 7961a874-c35f-4f34-a0d1-37205c235291): i think
[20:43:27] bryantandpat (uuid: 7961a874-c35f-4f34-a0d1-37205c235291):  wait they cant
[20:43:36] PiranhaBoy (uuid: 068bfb61-fb8a-4553-8305-2af64537cadb): shiet ok ill make it three
[20:43:42] PiranhaBoy (uuid: 068bfb61-fb8a-4553-8305-2af64537cadb): we need a shit tone of powered rail
[20:43:48] PiranhaBoy (uuid: 068bfb61-fb8a-4553-8305-2af64537cadb): to push them up the elevator
[20:43:52] bryantandpat (uuid: 7961a874-c35f-4f34-a0d1-37205c235291): we can just pus hthe villagers
[20:44:04] PiranhaBoy (uuid: 068bfb61-fb8a-4553-8305-2af64537cadb): not up an elevator
[20:44:15] bryantandpat (uuid: 7961a874-c35f-4f34-a0d1-37205c235291): o shit
[20:44:19] bryantandpat (uuid: 7961a874-c35f-4f34-a0d1-37205c235291):  =i have 30
[20:44:59] PiranhaBoy (uuid: 068bfb61-fb8a-4553-8305-2af64537cadb): that should be good
[20:46:44] bryantandpat (uuid: 7961a874-c35f-4f34-a0d1-37205c235291):  ez building the persian royal road
[20:47:00] PiranhaBoy (uuid: 068bfb61-fb8a-4553-8305-2af64537cadb): ok mr 95
[20:47:16] bryantandpat (uuid: 7961a874-c35f-4f34-a0d1-37205c235291): mhm
[20:48:28] PiranhaBoy (uuid: 068bfb61-fb8a-4553-8305-2af64537cadb): wait
[20:48:32] PiranhaBoy (uuid: 068bfb61-fb8a-4553-8305-2af64537cadb): do it like this
[20:51:54] PiranhaBoy (uuid: 068bfb61-fb8a-4553-8305-2af64537cadb): finish it
[20:52:00] bryantandpat (uuid: 7961a874-c35f-4f34-a0d1-37205c235291): cant
[20:52:04] bryantandpat (uuid: 7961a874-c35f-4f34-a0d1-37205c235291):  it goes into pauls thing
[20:52:08] PiranhaBoy (uuid: 068bfb61-fb8a-4553-8305-2af64537cadb): shit yea ok
[20:52:30] PiranhaBoy (uuid: 068bfb61-fb8a-4553-8305-2af64537cadb): get powered rail
[20:54:17] PiranhaBoy (uuid: 068bfb61-fb8a-4553-8305-2af64537cadb): i got redston torches
[20:57:22] PiranhaBoy (uuid: 068bfb61-fb8a-4553-8305-2af64537cadb): Gimme powered rail
[20:58:05] bryantandpat (uuid: 7961a874-c35f-4f34-a0d1-37205c235291): here
[20:58:17] bryantandpat (uuid: 7961a874-c35f-4f34-a0d1-37205c235291): is that enough
[20:58:26] PiranhaBoy (uuid: 068bfb61-fb8a-4553-8305-2af64537cadb): ye
[20:59:30] PiranhaBoy (uuid: 068bfb61-fb8a-4553-8305-2af64537cadb): ersong get down here
[20:59:35] PiranhaBoy (uuid: 068bfb61-fb8a-4553-8305-2af64537cadb): bring ur go cart
[20:59:49] PiranhaBoy (uuid: 068bfb61-fb8a-4553-8305-2af64537cadb): see if you can go all the wayup
[21:00:13] iMine03 (uuid: 0f9d4172-c235-4bd2-9897-490c4a93ddfe): ye\
[21:06:54] PiranhaBoy (uuid: 068bfb61-fb8a-4553-8305-2af64537cadb): NINGGER
[21:07:00] PiranhaBoy (uuid: 068bfb61-fb8a-4553-8305-2af64537cadb): GET MY MINE CARFT
[21:08:11] PiranhaBoy (uuid: 068bfb61-fb8a-4553-8305-2af64537cadb): see if you can go without holdng the w key
[21:08:29] iMine03 (uuid: 0f9d4172-c235-4bd2-9897-490c4a93ddfe): put more near the lake
[21:09:13] obbb (uuid: 91557728-9faf-4d92-8a52-894b13de7219): bruhhhh
[21:09:27] obbb (uuid: 91557728-9faf-4d92-8a52-894b13de7219): i was flying then tryed typing and crashed
[21:09:53] PiranhaBoy (uuid: 068bfb61-fb8a-4553-8305-2af64537cadb): find a zombie villager
[21:10:14] iMine03 (uuid: 0f9d4172-c235-4bd2-9897-490c4a93ddfe): cmere
[21:10:54] PiranhaBoy (uuid: 068bfb61-fb8a-4553-8305-2af64537cadb): did you get the minecart
[21:11:00] iMine03 (uuid: 0f9d4172-c235-4bd2-9897-490c4a93ddfe): o shit it works
[21:11:07] iMine03 (uuid: 0f9d4172-c235-4bd2-9897-490c4a93ddfe): wait nvm
[21:11:11] iMine03 (uuid: 0f9d4172-c235-4bd2-9897-490c4a93ddfe): need some powered rails over here
[21:11:14] PiranhaBoy (uuid: 068bfb61-fb8a-4553-8305-2af64537cadb): gimme my minecart
[21:11:15] PiranhaBoy (uuid: 068bfb61-fb8a-4553-8305-2af64537cadb): k
[21:11:42] iMine03 (uuid: 0f9d4172-c235-4bd2-9897-490c4a93ddfe): LOL
[21:11:46] iMine03 (uuid: 0f9d4172-c235-4bd2-9897-490c4a93ddfe): the spider's in the minecart
[21:11:56] PiranhaBoy (uuid: 068bfb61-fb8a-4553-8305-2af64537cadb): Wtf where
[21:12:03] iMine03 (uuid: 0f9d4172-c235-4bd2-9897-490c4a93ddfe): just killed it
[21:12:24] iMine03 (uuid: 0f9d4172-c235-4bd2-9897-490c4a93ddfe): more rails here
[21:12:45] iMine03 (uuid: 0f9d4172-c235-4bd2-9897-490c4a93ddfe): bruh here
[21:12:56] PiranhaBoy (uuid: 068bfb61-fb8a-4553-8305-2af64537cadb): wait
[21:12:57] PiranhaBoy (uuid: 068bfb61-fb8a-4553-8305-2af64537cadb): cmere
[21:12:58] iMine03 (uuid: 0f9d4172-c235-4bd2-9897-490c4a93ddfe): no before that
[21:13:01] PiranhaBoy (uuid: 068bfb61-fb8a-4553-8305-2af64537cadb): need sticks
[21:13:03] iMine03 (uuid: 0f9d4172-c235-4bd2-9897-490c4a93ddfe): it can't make it up the hill
[21:13:15] PiranhaBoy (uuid: 068bfb61-fb8a-4553-8305-2af64537cadb): i already put one there
[21:13:22] PiranhaBoy (uuid: 068bfb61-fb8a-4553-8305-2af64537cadb): gimme ood
[21:13:28] obbb (uuid: 91557728-9faf-4d92-8a52-894b13de7219): how do i get off this shit
[21:13:29] iMine03 (uuid: 0f9d4172-c235-4bd2-9897-490c4a93ddfe): bruh put it before that
[21:13:33] PiranhaBoy (uuid: 068bfb61-fb8a-4553-8305-2af64537cadb): shift autism
[21:13:42] iMine03 (uuid: 0f9d4172-c235-4bd2-9897-490c4a93ddfe): srry
[21:13:46] PiranhaBoy (uuid: 068bfb61-fb8a-4553-8305-2af64537cadb): why tf do you look like a furry
[21:13:53] PiranhaBoy (uuid: 068bfb61-fb8a-4553-8305-2af64537cadb): gimme wood
[21:14:07] iMine03 (uuid: 0f9d4172-c235-4bd2-9897-490c4a93ddfe): r u auts just do /kit wood
[21:14:19] PiranhaBoy (uuid: 068bfb61-fb8a-4553-8305-2af64537cadb): HOLY
[21:14:21] PiranhaBoy (uuid: 068bfb61-fb8a-4553-8305-2af64537cadb): BUSTED
[21:14:24] iMine03 (uuid: 0f9d4172-c235-4bd2-9897-490c4a93ddfe): autism
[21:14:35] iMine03 (uuid: 0f9d4172-c235-4bd2-9897-490c4a93ddfe): yisonnnngg accept
[21:14:40] PiranhaBoy (uuid: 068bfb61-fb8a-4553-8305-2af64537cadb): wait
[21:14:44] PiranhaBoy (uuid: 068bfb61-fb8a-4553-8305-2af64537cadb): gimme my minecart bak
[21:14:44] obbb (uuid: 91557728-9faf-4d92-8a52-894b13de7219): what is this horse
[21:15:21] PiranhaBoy (uuid: 068bfb61-fb8a-4553-8305-2af64537cadb): gimme
[21:16:03] PiranhaBoy (uuid: 068bfb61-fb8a-4553-8305-2af64537cadb): wehre tf am i
[21:17:16] PiranhaBoy (uuid: 068bfb61-fb8a-4553-8305-2af64537cadb): where mathew
[21:17:20] PiranhaBoy (uuid: 068bfb61-fb8a-4553-8305-2af64537cadb): you guys in call?
[21:17:32] bryantandpat (uuid: 7961a874-c35f-4f34-a0d1-37205c235291): what call
[21:17:37] PiranhaBoy (uuid: 068bfb61-fb8a-4553-8305-2af64537cadb): @wanna call
[21:17:46] bryantandpat (uuid: 7961a874-c35f-4f34-a0d1-37205c235291): have to sleep soon
[21:17:49] bryantandpat (uuid: 7961a874-c35f-4f34-a0d1-37205c235291): parents making me
[21:17:53] PiranhaBoy (uuid: 068bfb61-fb8a-4553-8305-2af64537cadb): wtf where you going tmr
[21:17:58] bryantandpat (uuid: 7961a874-c35f-4f34-a0d1-37205c235291): nowhere lmao
[21:18:06] PiranhaBoy (uuid: 068bfb61-fb8a-4553-8305-2af64537cadb): what type of autism your parents have
[21:18:12] bryantandpat (uuid: 7961a874-c35f-4f34-a0d1-37205c235291): same one moore has
[21:18:19] PiranhaBoy (uuid: 068bfb61-fb8a-4553-8305-2af64537cadb): all of em then
[21:19:50] iMine03 (uuid: 0f9d4172-c235-4bd2-9897-490c4a93ddfe): wait look at this
[21:19:55] iMine03 (uuid: 0f9d4172-c235-4bd2-9897-490c4a93ddfe): look at the name
[21:20:05] PiranhaBoy (uuid: 068bfb61-fb8a-4553-8305-2af64537cadb): lighting mcquiston?
[21:20:50] iMine03 (uuid: 0f9d4172-c235-4bd2-9897-490c4a93ddfe): kk i need it
[21:21:29] PiranhaBoy (uuid: 068bfb61-fb8a-4553-8305-2af64537cadb): does the elyctra tower have a warp
[21:21:33] iMine03 (uuid: 0f9d4172-c235-4bd2-9897-490c4a93ddfe): yes
[21:21:37] bryantandpat (uuid: 7961a874-c35f-4f34-a0d1-37205c235291):  do /warp elytralaunch
[21:22:17] obbb (uuid: 91557728-9faf-4d92-8a52-894b13de7219): y can not drop items in pvp combat wtf
[21:23:53] PiranhaBoy (uuid: 068bfb61-fb8a-4553-8305-2af64537cadb): wanna raid end cities
[21:23:57] bryantandpat (uuid: 7961a874-c35f-4f34-a0d1-37205c235291): kk
[21:24:04] PiranhaBoy (uuid: 068bfb61-fb8a-4553-8305-2af64537cadb): take some firs works from elytra tower
[21:24:33] PiranhaBoy (uuid: 068bfb61-fb8a-4553-8305-2af64537cadb): how oftern can i do /kit wood
[21:24:40] bryantandpat (uuid: 7961a874-c35f-4f34-a0d1-37205c235291): i think once every 24 hrs
[21:24:48] bryantandpat (uuid: 7961a874-c35f-4f34-a0d1-37205c235291): o shit yisongs on
[21:25:02] obbb (uuid: 91557728-9faf-4d92-8a52-894b13de7219): my horseeee!!!!!
[21:25:31] iMine03 (uuid: 0f9d4172-c235-4bd2-9897-490c4a93ddfe): let's all build yisong a penis house
[21:25:41] PiranhaBoy (uuid: 068bfb61-fb8a-4553-8305-2af64537cadb): nigga my house is already the penis house
[21:26:57] PiranhaBoy (uuid: 068bfb61-fb8a-4553-8305-2af64537cadb): ez\
[21:27:04] PiranhaBoy (uuid: 068bfb61-fb8a-4553-8305-2af64537cadb): found arrow of slowness
[21:27:17] PiranhaBoy (uuid: 068bfb61-fb8a-4553-8305-2af64537cadb): lets do end cities
[21:27:18] PiranhaBoy (uuid: 068bfb61-fb8a-4553-8305-2af64537cadb): calll
[21:28:22] PiranhaBoy (uuid: 068bfb61-fb8a-4553-8305-2af64537cadb): water
[21:28:26] PiranhaBoy (uuid: 068bfb61-fb8a-4553-8305-2af64537cadb): autst
[21:28:34] iMine03 (uuid: 0f9d4172-c235-4bd2-9897-490c4a93ddfe): o shit
[21:28:38] PiranhaBoy (uuid: 068bfb61-fb8a-4553-8305-2af64537cadb): ur autistic
[21:28:43] PiranhaBoy (uuid: 068bfb61-fb8a-4553-8305-2af64537cadb): nithing happened
[21:29:05] PiranhaBoy (uuid: 068bfb61-fb8a-4553-8305-2af64537cadb): find a new one
[21:29:59] iMine03 (uuid: 0f9d4172-c235-4bd2-9897-490c4a93ddfe): brb
[21:34:07] TheRealColmagi (uuid: c98c1615-0764-41e1-848d-73152bfabe94): u jews
[21:34:07] bryantandpat (uuid: 7961a874-c35f-4f34-a0d1-37205c235291): holy shit
[21:34:09] TheRealColmagi (uuid: c98c1615-0764-41e1-848d-73152bfabe94): i take a nap
[21:34:10] bryantandpat (uuid: 7961a874-c35f-4f34-a0d1-37205c235291): hes finally back
[21:34:11] PiranhaBoy (uuid: 068bfb61-fb8a-4553-8305-2af64537cadb): james spawn me 40 cows
[21:34:15] TheRealColmagi (uuid: c98c1615-0764-41e1-848d-73152bfabe94): and u fags just go and block me in
[21:34:22] PiranhaBoy (uuid: 068bfb61-fb8a-4553-8305-2af64537cadb): and give me permission to paul resmers land
[21:34:28] PiranhaBoy (uuid: 068bfb61-fb8a-4553-8305-2af64537cadb): so i can get the villagers
[21:34:56] TheRealColmagi (uuid: c98c1615-0764-41e1-848d-73152bfabe94): derek did u claim yisongs house
[21:35:00] TheRealColmagi (uuid: c98c1615-0764-41e1-848d-73152bfabe94): wb nigga
[21:35:05] PiranhaBoy (uuid: 068bfb61-fb8a-4553-8305-2af64537cadb): i gave him acces
[21:35:49] TheRealColmagi (uuid: c98c1615-0764-41e1-848d-73152bfabe94): wait holy
[21:35:50] TheRealColmagi (uuid: c98c1615-0764-41e1-848d-73152bfabe94): nigga
[21:36:00] TheRealColmagi (uuid: c98c1615-0764-41e1-848d-73152bfabe94): whyd u let him build so close if u had villagers there
[21:36:21] TheRealColmagi (uuid: c98c1615-0764-41e1-848d-73152bfabe94): ethan where is it
[21:36:28] TheRealColmagi (uuid: c98c1615-0764-41e1-848d-73152bfabe94): the volunteer thing
[21:36:33] TheRealColmagi (uuid: c98c1615-0764-41e1-848d-73152bfabe94): tnrw
[21:36:49] TheRealColmagi (uuid: c98c1615-0764-41e1-848d-73152bfabe94): ay nigga
[21:37:08] TheRealColmagi (uuid: c98c1615-0764-41e1-848d-73152bfabe94): respond
[21:37:34] TheRealColmagi (uuid: c98c1615-0764-41e1-848d-73152bfabe94): where is it jew
[21:37:56] TheRealColmagi (uuid: c98c1615-0764-41e1-848d-73152bfabe94): where IS IT
[21:37:57] PiranhaBoy (uuid: 068bfb61-fb8a-4553-8305-2af64537cadb): ersong stop using lava
[21:43:03] bryantandpat (uuid: 7961a874-c35f-4f34-a0d1-37205c235291): holy shit minecart works
[21:43:04] bryantandpat (uuid: 7961a874-c35f-4f34-a0d1-37205c235291): ez
[21:57:25] TheRealColmagi (uuid: c98c1615-0764-41e1-848d-73152bfabe94): ur first villager is comin
[21:57:28] TheRealColmagi (uuid: c98c1615-0764-41e1-848d-73152bfabe94): got him out
[21:57:32] bryantandpat (uuid: 7961a874-c35f-4f34-a0d1-37205c235291): hell ye
[21:57:37] TheRealColmagi (uuid: c98c1615-0764-41e1-848d-73152bfabe94): his name is frank
[21:57:40] TheRealColmagi (uuid: c98c1615-0764-41e1-848d-73152bfabe94): as in anne frank
[21:57:44] bryantandpat (uuid: 7961a874-c35f-4f34-a0d1-37205c235291): mhm
[21:58:47] PiranhaBoy (uuid: 068bfb61-fb8a-4553-8305-2af64537cadb): k heres ur stuff
[21:58:47] TheRealColmagi (uuid: c98c1615-0764-41e1-848d-73152bfabe94): you died cuz combat log
[21:58:55] TheRealColmagi (uuid: c98c1615-0764-41e1-848d-73152bfabe94): if u log out while tagged in pvp u automatically die
[21:59:08] bryantandpat (uuid: 7961a874-c35f-4f34-a0d1-37205c235291): wtf
[21:59:14] bryantandpat (uuid: 7961a874-c35f-4f34-a0d1-37205c235291):  i wasnt in pvp
[21:59:19] TheRealColmagi (uuid: c98c1615-0764-41e1-848d-73152bfabe94): derek hit u
[21:59:22] PiranhaBoy (uuid: 068bfb61-fb8a-4553-8305-2af64537cadb): i hit you to move you
[21:59:23] bryantandpat (uuid: 7961a874-c35f-4f34-a0d1-37205c235291): jesos
[22:02:14] TheRealColmagi (uuid: c98c1615-0764-41e1-848d-73152bfabe94): matjew
[22:02:17] TheRealColmagi (uuid: c98c1615-0764-41e1-848d-73152bfabe94): ur second jew is here
[22:02:23] bryantandpat (uuid: 7961a874-c35f-4f34-a0d1-37205c235291): franks stuck
[22:02:27] bryantandpat (uuid: 7961a874-c35f-4f34-a0d1-37205c235291):  can u get him out
[22:02:30] TheRealColmagi (uuid: c98c1615-0764-41e1-848d-73152bfabe94): wtf
[22:02:35] TheRealColmagi (uuid: c98c1615-0764-41e1-848d-73152bfabe94): how r u guys so autistic
[22:03:01] TheRealColmagi (uuid: c98c1615-0764-41e1-848d-73152bfabe94): move
[22:03:09] TheRealColmagi (uuid: c98c1615-0764-41e1-848d-73152bfabe94): where u tryna get him
[22:03:13] bryantandpat (uuid: 7961a874-c35f-4f34-a0d1-37205c235291): into the pen
[22:03:19] bryantandpat (uuid: 7961a874-c35f-4f34-a0d1-37205c235291): shit is derek afk
[22:03:20] TheRealColmagi (uuid: c98c1615-0764-41e1-848d-73152bfabe94): this damn thing
[22:03:26] bryantandpat (uuid: 7961a874-c35f-4f34-a0d1-37205c235291): ye
[22:03:43] TheRealColmagi (uuid: c98c1615-0764-41e1-848d-73152bfabe94): there
[22:04:29] TheRealColmagi (uuid: c98c1615-0764-41e1-848d-73152bfabe94): ye derek afk
[22:04:35] bryantandpat (uuid: 7961a874-c35f-4f34-a0d1-37205c235291): rip
[22:04:46] TheRealColmagi (uuid: c98c1615-0764-41e1-848d-73152bfabe94): nigga are u gonna get him out of the minecart
[22:05:14] TheRealColmagi (uuid: c98c1615-0764-41e1-848d-73152bfabe94): auts
[22:05:15] bryantandpat (uuid: 7961a874-c35f-4f34-a0d1-37205c235291): JESOS
[22:05:43] TheRealColmagi (uuid: c98c1615-0764-41e1-848d-73152bfabe94): time to get the next one
[22:08:37] bryantandpat (uuid: 7961a874-c35f-4f34-a0d1-37205c235291): bruh wtf
[22:08:42] bryantandpat (uuid: 7961a874-c35f-4f34-a0d1-37205c235291): vilalgers disappeared
[22:08:45] TheRealColmagi (uuid: c98c1615-0764-41e1-848d-73152bfabe94): wtf
[22:08:47] TheRealColmagi (uuid: c98c1615-0764-41e1-848d-73152bfabe94): no way
[22:08:49] bryantandpat (uuid: 7961a874-c35f-4f34-a0d1-37205c235291): wait nvm
[22:08:56] bryantandpat (uuid: 7961a874-c35f-4f34-a0d1-37205c235291):  i hear them but i dont see em
[22:09:46] bryantandpat (uuid: 7961a874-c35f-4f34-a0d1-37205c235291):  i theyre in the hole
[22:09:46] TheRealColmagi (uuid: c98c1615-0764-41e1-848d-73152bfabe94): next villager is here
[22:09:57] bryantandpat (uuid: 7961a874-c35f-4f34-a0d1-37205c235291): r they suposed to be there
[22:10:04] TheRealColmagi (uuid: c98c1615-0764-41e1-848d-73152bfabe94): NIGGA THEyre down here
[22:10:08] bryantandpat (uuid: 7961a874-c35f-4f34-a0d1-37205c235291):  ye ik
[22:10:21] TheRealColmagi (uuid: c98c1615-0764-41e1-848d-73152bfabe94): ur next fapper is here
[22:10:24] TheRealColmagi (uuid: c98c1615-0764-41e1-848d-73152bfabe94): the last villager is green tho
[22:10:35] bryantandpat (uuid: 7961a874-c35f-4f34-a0d1-37205c235291):  i only need 3 i think
[22:10:38] TheRealColmagi (uuid: c98c1615-0764-41e1-848d-73152bfabe94): kk
[22:11:25] TheRealColmagi (uuid: c98c1615-0764-41e1-848d-73152bfabe94): nice job
[22:11:30] bryantandpat (uuid: 7961a874-c35f-4f34-a0d1-37205c235291): wait
[22:11:32] bryantandpat (uuid: 7961a874-c35f-4f34-a0d1-37205c235291):  fuck
[22:11:34] TheRealColmagi (uuid: c98c1615-0764-41e1-848d-73152bfabe94): at least the angry particles mean this is somewhat recognized as a village
[22:11:38] bryantandpat (uuid: 7961a874-c35f-4f34-a0d1-37205c235291):  the brown one should be up here
[22:11:41] TheRealColmagi (uuid: c98c1615-0764-41e1-848d-73152bfabe94): AUTS
[22:12:18] TheRealColmagi (uuid: c98c1615-0764-41e1-848d-73152bfabe94): where my horse
[22:16:11] bryantandpat (uuid: 7961a874-c35f-4f34-a0d1-37205c235291): fuck offff
[22:16:17] TheRealColmagi (uuid: c98c1615-0764-41e1-848d-73152bfabe94): wat
[22:16:23] bryantandpat (uuid: 7961a874-c35f-4f34-a0d1-37205c235291):  theyre not smashing
[22:16:29] TheRealColmagi (uuid: c98c1615-0764-41e1-848d-73152bfabe94): villager breeding program
[22:16:36] bryantandpat (uuid: 7961a874-c35f-4f34-a0d1-37205c235291): derek knows how to do it
[22:16:43] bryantandpat (uuid: 7961a874-c35f-4f34-a0d1-37205c235291): can u ask him to
[22:16:45] bryantandpat (uuid: 7961a874-c35f-4f34-a0d1-37205c235291):  i gtg
[22:16:49] TheRealColmagi (uuid: c98c1615-0764-41e1-848d-73152bfabe94): hes afk
[22:16:54] bryantandpat (uuid: 7961a874-c35f-4f34-a0d1-37205c235291): if hes comes back
[22:16:57] TheRealColmagi (uuid: c98c1615-0764-41e1-848d-73152bfabe94): kk
[22:17:04] bryantandpat (uuid: 7961a874-c35f-4f34-a0d1-37205c235291): kk thx
[22:20:42] iMine03 (uuid: 0f9d4172-c235-4bd2-9897-490c4a93ddfe): brb
[22:21:26] TheRealColmagi (uuid: c98c1615-0764-41e1-848d-73152bfabe94): wtf
[22:22:20] TheRealColmagi (uuid: c98c1615-0764-41e1-848d-73152bfabe94): i dont see smashing
[22:25:37] TheRealColmagi (uuid: c98c1615-0764-41e1-848d-73152bfabe94): lmao
[22:28:15] bryantandpat (uuid: 7961a874-c35f-4f34-a0d1-37205c235291): im actually ersong u know
[22:28:22] TheRealColmagi (uuid: c98c1615-0764-41e1-848d-73152bfabe94): wtf
[22:48:18] JohnProdman (uuid: 4150cd4b-a415-4298-bdc7-c9e330b466cc): james
[22:59:37] Paul_Resmer (uuid: 7718f2d7-90cf-49d6-a1d9-8cf4d236ba82): look at thesi sheeps
[22:59:42] Paul_Resmer (uuid: 7718f2d7-90cf-49d6-a1d9-8cf4d236ba82): lo
