[00:02:56] TheRealColmagi (uuid: c98c1615-0764-41e1-848d-73152bfabe94): eggsde
[00:08:27] TheRealColmagi (uuid: c98c1615-0764-41e1-848d-73152bfabe94): brah
[00:08:44] Hubert6194 (uuid: 1ae76006-6711-4e06-9e89-a7e9a547fbfd): ye
[00:19:22] TheRealColmagi (uuid: c98c1615-0764-41e1-848d-73152bfabe94): wow!
[00:19:27] TheRealColmagi (uuid: c98c1615-0764-41e1-848d-73152bfabe94): 10/10 very impressivo
[00:19:41] TheRealColmagi (uuid: c98c1615-0764-41e1-848d-73152bfabe94): i couldnt have done it better myself
[00:19:43] Hubert6194 (uuid: 1ae76006-6711-4e06-9e89-a7e9a547fbfd): ye men im amaing
[00:21:36] TheRealColmagi (uuid: c98c1615-0764-41e1-848d-73152bfabe94): ok sorry mate
[00:21:42] TheRealColmagi (uuid: c98c1615-0764-41e1-848d-73152bfabe94): gotta go to sleep and shut down the ol server
[00:21:46] TheRealColmagi (uuid: c98c1615-0764-41e1-848d-73152bfabe94): u do this tmrw
[00:21:54] Hubert6194 (uuid: 1ae76006-6711-4e06-9e89-a7e9a547fbfd): aight kk
[00:21:58] Hubert6194 (uuid: 1ae76006-6711-4e06-9e89-a7e9a547fbfd): cya
[00:21:59] TheRealColmagi (uuid: c98c1615-0764-41e1-848d-73152bfabe94): kk cya
[11:42:51] BowMaster_7 (uuid: 09906eb9-3bd7-461e-9aff-854e2d4b7835): wassup
[11:42:53] TheRealColmagi (uuid: c98c1615-0764-41e1-848d-73152bfabe94): ay
[11:42:55] TheRealColmagi (uuid: c98c1615-0764-41e1-848d-73152bfabe94): how u doin
[11:42:58] BowMaster_7 (uuid: 09906eb9-3bd7-461e-9aff-854e2d4b7835): my bad woke up later than i wanted to
[11:43:03] TheRealColmagi (uuid: c98c1615-0764-41e1-848d-73152bfabe94): its k
[11:43:14] TheRealColmagi (uuid: c98c1615-0764-41e1-848d-73152bfabe94): are the fireballs skipping for you
[11:43:15] BowMaster_7 (uuid: 09906eb9-3bd7-461e-9aff-854e2d4b7835): looks grreat
[11:43:17] TheRealColmagi (uuid: c98c1615-0764-41e1-848d-73152bfabe94): like it jumps
[11:43:24] BowMaster_7 (uuid: 09906eb9-3bd7-461e-9aff-854e2d4b7835): no
[11:43:26] BowMaster_7 (uuid: 09906eb9-3bd7-461e-9aff-854e2d4b7835): well
[11:43:28] BowMaster_7 (uuid: 09906eb9-3bd7-461e-9aff-854e2d4b7835): kinda
[11:43:30] TheRealColmagi (uuid: c98c1615-0764-41e1-848d-73152bfabe94): yaeh
[11:43:31] BowMaster_7 (uuid: 09906eb9-3bd7-461e-9aff-854e2d4b7835): not anymoer
[11:43:53] TheRealColmagi (uuid: c98c1615-0764-41e1-848d-73152bfabe94): oh shit
[11:43:56] BowMaster_7 (uuid: 09906eb9-3bd7-461e-9aff-854e2d4b7835): wut
[11:44:01] TheRealColmagi (uuid: c98c1615-0764-41e1-848d-73152bfabe94): i just lost my shit
[11:44:06] BowMaster_7 (uuid: 09906eb9-3bd7-461e-9aff-854e2d4b7835): lol
[11:44:07] BowMaster_7 (uuid: 09906eb9-3bd7-461e-9aff-854e2d4b7835): how
[11:44:11] TheRealColmagi (uuid: c98c1615-0764-41e1-848d-73152bfabe94): its k i have backups
[11:44:15] TheRealColmagi (uuid: c98c1615-0764-41e1-848d-73152bfabe94): i blew myself up
[11:44:21] BowMaster_7 (uuid: 09906eb9-3bd7-461e-9aff-854e2d4b7835): how XD
[11:44:26] BowMaster_7 (uuid: 09906eb9-3bd7-461e-9aff-854e2d4b7835): ur in creative
[11:44:31] TheRealColmagi (uuid: c98c1615-0764-41e1-848d-73152bfabe94): made it survival
[11:44:37] TheRealColmagi (uuid: c98c1615-0764-41e1-848d-73152bfabe94): wanted to see how powerful it was
[11:44:38] BowMaster_7 (uuid: 09906eb9-3bd7-461e-9aff-854e2d4b7835): omg
[11:44:45] BowMaster_7 (uuid: 09906eb9-3bd7-461e-9aff-854e2d4b7835): where were u
[11:44:48] TheRealColmagi (uuid: c98c1615-0764-41e1-848d-73152bfabe94): here
[11:45:09] TheRealColmagi (uuid: c98c1615-0764-41e1-848d-73152bfabe94): lmao
[11:45:13] BowMaster_7 (uuid: 09906eb9-3bd7-461e-9aff-854e2d4b7835): lol turn it off im lagging
[11:45:53] TheRealColmagi (uuid: c98c1615-0764-41e1-848d-73152bfabe94): oops
[11:46:01] BowMaster_7 (uuid: 09906eb9-3bd7-461e-9aff-854e2d4b7835): what
[11:46:41] TheRealColmagi (uuid: c98c1615-0764-41e1-848d-73152bfabe94): there
[11:47:01] BowMaster_7 (uuid: 09906eb9-3bd7-461e-9aff-854e2d4b7835): do we need the repeaters
[11:47:09] TheRealColmagi (uuid: c98c1615-0764-41e1-848d-73152bfabe94): no
[11:47:12] BowMaster_7 (uuid: 09906eb9-3bd7-461e-9aff-854e2d4b7835): k
[11:47:16] TheRealColmagi (uuid: c98c1615-0764-41e1-848d-73152bfabe94): pew pew
[11:47:26] BowMaster_7 (uuid: 09906eb9-3bd7-461e-9aff-854e2d4b7835): watchtowere here
[11:47:27] TheRealColmagi (uuid: c98c1615-0764-41e1-848d-73152bfabe94): now we have naval defense
[11:51:03] TheRealColmagi (uuid: c98c1615-0764-41e1-848d-73152bfabe94): ey man u can decorate that big building over there
[11:51:06] TheRealColmagi (uuid: c98c1615-0764-41e1-848d-73152bfabe94): i havent put anything in it
[11:51:14] TheRealColmagi (uuid: c98c1615-0764-41e1-848d-73152bfabe94): im guessing its a town hall
[11:51:15] BowMaster_7 (uuid: 09906eb9-3bd7-461e-9aff-854e2d4b7835): ok
[11:51:16] BowMaster_7 (uuid: 09906eb9-3bd7-461e-9aff-854e2d4b7835): yeah
[11:51:19] BowMaster_7 (uuid: 09906eb9-3bd7-461e-9aff-854e2d4b7835): looks like one
[11:51:24] TheRealColmagi (uuid: c98c1615-0764-41e1-848d-73152bfabe94): yeah big ol building
[11:51:27] BowMaster_7 (uuid: 09906eb9-3bd7-461e-9aff-854e2d4b7835): lemme finish making this island
[11:51:30] TheRealColmagi (uuid: c98c1615-0764-41e1-848d-73152bfabe94): kk
[11:51:33] BowMaster_7 (uuid: 09906eb9-3bd7-461e-9aff-854e2d4b7835): then ill join u
[11:51:52] TheRealColmagi (uuid: c98c1615-0764-41e1-848d-73152bfabe94): ethan got on yesterday
[11:51:57] TheRealColmagi (uuid: c98c1615-0764-41e1-848d-73152bfabe94): heres his house
[11:51:58] BowMaster_7 (uuid: 09906eb9-3bd7-461e-9aff-854e2d4b7835): ayyy
[11:51:59] TheRealColmagi (uuid: c98c1615-0764-41e1-848d-73152bfabe94): not done
[11:52:05] BowMaster_7 (uuid: 09906eb9-3bd7-461e-9aff-854e2d4b7835): lol
[11:52:15] TheRealColmagi (uuid: c98c1615-0764-41e1-848d-73152bfabe94): our pig is gone
[11:52:26] BowMaster_7 (uuid: 09906eb9-3bd7-461e-9aff-854e2d4b7835): wow
[11:52:27] BowMaster_7 (uuid: 09906eb9-3bd7-461e-9aff-854e2d4b7835): how
[11:52:29] TheRealColmagi (uuid: c98c1615-0764-41e1-848d-73152bfabe94): idk
[11:58:09] BowMaster_7 (uuid: 09906eb9-3bd7-461e-9aff-854e2d4b7835): the heck
[11:58:13] TheRealColmagi (uuid: c98c1615-0764-41e1-848d-73152bfabe94): idk
[11:59:24] BowMaster_7 (uuid: 09906eb9-3bd7-461e-9aff-854e2d4b7835): dayum
[11:59:25] BowMaster_7 (uuid: 09906eb9-3bd7-461e-9aff-854e2d4b7835): nice
[11:59:37] TheRealColmagi (uuid: c98c1615-0764-41e1-848d-73152bfabe94): secondary cannon
[11:59:41] TheRealColmagi (uuid: c98c1615-0764-41e1-848d-73152bfabe94): in case they make it past the front lines
[11:59:44] TheRealColmagi (uuid: c98c1615-0764-41e1-848d-73152bfabe94): my dude
[11:59:49] TheRealColmagi (uuid: c98c1615-0764-41e1-848d-73152bfabe94): id love to do some command block tick set thing
[11:59:56] TheRealColmagi (uuid: c98c1615-0764-41e1-848d-73152bfabe94): where we fight endless waves of decked out zombies
[11:59:59] TheRealColmagi (uuid: c98c1615-0764-41e1-848d-73152bfabe94): and we can use these ballistas
[12:00:24] TheRealColmagi (uuid: c98c1615-0764-41e1-848d-73152bfabe94): only problem is if their pathfinding is good enough
[12:00:35] BowMaster_7 (uuid: 09906eb9-3bd7-461e-9aff-854e2d4b7835): lol
[12:00:42] TheRealColmagi (uuid: c98c1615-0764-41e1-848d-73152bfabe94): i mean we could just put villagers down
[12:00:49] BowMaster_7 (uuid: 09906eb9-3bd7-461e-9aff-854e2d4b7835): XD
[12:01:07] TheRealColmagi (uuid: c98c1615-0764-41e1-848d-73152bfabe94): and we could put down some iron golems
[12:01:13] BowMaster_7 (uuid: 09906eb9-3bd7-461e-9aff-854e2d4b7835): yea
[12:01:39] TheRealColmagi (uuid: c98c1615-0764-41e1-848d-73152bfabe94): lit
[12:01:43] TheRealColmagi (uuid: c98c1615-0764-41e1-848d-73152bfabe94): lemme go to the bathroom
[12:03:43] BowMaster_7 (uuid: 09906eb9-3bd7-461e-9aff-854e2d4b7835): omg i gotta go
[12:03:46] TheRealColmagi (uuid: c98c1615-0764-41e1-848d-73152bfabe94): oof
[12:03:58] BowMaster_7 (uuid: 09906eb9-3bd7-461e-9aff-854e2d4b7835): jessu my parents are saying i play too much technolgy
[12:04:01] BowMaster_7 (uuid: 09906eb9-3bd7-461e-9aff-854e2d4b7835): cya
[12:04:01] TheRealColmagi (uuid: c98c1615-0764-41e1-848d-73152bfabe94): mfw
[12:04:03] TheRealColmagi (uuid: c98c1615-0764-41e1-848d-73152bfabe94): cya
[12:04:06] BowMaster_7 (uuid: 09906eb9-3bd7-461e-9aff-854e2d4b7835): ecxacly
[12:50:53] TheRealColmagi (uuid: c98c1615-0764-41e1-848d-73152bfabe94): ALLAH AKBAR
[13:40:15] TheRealColmagi (uuid: c98c1615-0764-41e1-848d-73152bfabe94): hi
[14:40:06] TheRealColmagi (uuid: c98c1615-0764-41e1-848d-73152bfabe94): hi
[14:40:10] BowMaster_7 (uuid: 09906eb9-3bd7-461e-9aff-854e2d4b7835): ello
[14:40:34] BowMaster_7 (uuid: 09906eb9-3bd7-461e-9aff-854e2d4b7835): im only gonna be on for like 5 minutes cuz my moms taking me to barns and nobels :/
[14:40:36] BowMaster_7 (uuid: 09906eb9-3bd7-461e-9aff-854e2d4b7835): but
[14:40:37] TheRealColmagi (uuid: c98c1615-0764-41e1-848d-73152bfabe94): kk
[14:40:39] BowMaster_7 (uuid: 09906eb9-3bd7-461e-9aff-854e2d4b7835): ill be on after that
[14:40:41] BowMaster_7 (uuid: 09906eb9-3bd7-461e-9aff-854e2d4b7835): for a long time
[14:40:45] TheRealColmagi (uuid: c98c1615-0764-41e1-848d-73152bfabe94): nice
[14:41:00] BowMaster_7 (uuid: 09906eb9-3bd7-461e-9aff-854e2d4b7835): ok lol leavin g now
[14:41:04] TheRealColmagi (uuid: c98c1615-0764-41e1-848d-73152bfabe94): kk cya
[14:41:06] BowMaster_7 (uuid: 09906eb9-3bd7-461e-9aff-854e2d4b7835): ill be back in like 15 minutes
[14:41:08] BowMaster_7 (uuid: 09906eb9-3bd7-461e-9aff-854e2d4b7835): cya
[14:41:08] TheRealColmagi (uuid: c98c1615-0764-41e1-848d-73152bfabe94): kk
[14:41:10] TheRealColmagi (uuid: c98c1615-0764-41e1-848d-73152bfabe94): cya
[15:07:52] TheRealColmagi (uuid: c98c1615-0764-41e1-848d-73152bfabe94): eggsde
[15:32:32] BowMaster_7 (uuid: 09906eb9-3bd7-461e-9aff-854e2d4b7835): ello
[15:32:33] BowMaster_7 (uuid: 09906eb9-3bd7-461e-9aff-854e2d4b7835): soy back
[15:32:33] TheRealColmagi (uuid: c98c1615-0764-41e1-848d-73152bfabe94): hi
[15:32:44] BowMaster_7 (uuid: 09906eb9-3bd7-461e-9aff-854e2d4b7835): damn whats going on here
[15:32:49] TheRealColmagi (uuid: c98c1615-0764-41e1-848d-73152bfabe94): idk
[15:32:54] TheRealColmagi (uuid: c98c1615-0764-41e1-848d-73152bfabe94): trying to work some stuff out
[15:33:08] BowMaster_7 (uuid: 09906eb9-3bd7-461e-9aff-854e2d4b7835): ok
[15:33:33] TheRealColmagi (uuid: c98c1615-0764-41e1-848d-73152bfabe94): lmao best pvp
[15:33:55] BowMaster_7 (uuid: 09906eb9-3bd7-461e-9aff-854e2d4b7835): lol
[15:34:11] BowMaster_7 (uuid: 09906eb9-3bd7-461e-9aff-854e2d4b7835): thats awesome
[15:35:23] TheRealColmagi (uuid: c98c1615-0764-41e1-848d-73152bfabe94): wtf
[15:35:46] TheRealColmagi (uuid: c98c1615-0764-41e1-848d-73152bfabe94): he doesnt spawn in the right place
[15:36:27] TheRealColmagi (uuid: c98c1615-0764-41e1-848d-73152bfabe94): WTF
[15:36:32] TheRealColmagi (uuid: c98c1615-0764-41e1-848d-73152bfabe94): im trying to update his spawnpoint
[15:36:34] TheRealColmagi (uuid: c98c1615-0764-41e1-848d-73152bfabe94): but it wont work
[15:36:55] BowMaster_7 (uuid: 09906eb9-3bd7-461e-9aff-854e2d4b7835): thats not my expertise lol
[15:36:59] BowMaster_7 (uuid: 09906eb9-3bd7-461e-9aff-854e2d4b7835): so i cant help u there XD
[15:38:01] TheRealColmagi (uuid: c98c1615-0764-41e1-848d-73152bfabe94): goddammit
[15:38:04] TheRealColmagi (uuid: c98c1615-0764-41e1-848d-73152bfabe94): this is super hard without mods
[15:38:09] TheRealColmagi (uuid: c98c1615-0764-41e1-848d-73152bfabe94): plugins can only do so much
[15:39:04] TheRealColmagi (uuid: c98c1615-0764-41e1-848d-73152bfabe94): im probably gonna just uninstall this
[15:40:17] TheRealColmagi (uuid: c98c1615-0764-41e1-848d-73152bfabe94): documentaiton is garbage
[15:40:24] TheRealColmagi (uuid: c98c1615-0764-41e1-848d-73152bfabe94): doesnt help me in the slightest
[15:41:42] TheRealColmagi (uuid: c98c1615-0764-41e1-848d-73152bfabe94): dammit
[15:41:46] TheRealColmagi (uuid: c98c1615-0764-41e1-848d-73152bfabe94): i remember this cool mod i had
[15:41:52] TheRealColmagi (uuid: c98c1615-0764-41e1-848d-73152bfabe94): where u could just lay down tons of these npc dudes
[15:41:55] TheRealColmagi (uuid: c98c1615-0764-41e1-848d-73152bfabe94): and have em duke it out
[15:42:01] BowMaster_7 (uuid: 09906eb9-3bd7-461e-9aff-854e2d4b7835): lol
[15:42:02] TheRealColmagi (uuid: c98c1615-0764-41e1-848d-73152bfabe94): but its a mod, not a plugin
[15:46:49] TheRealColmagi (uuid: c98c1615-0764-41e1-848d-73152bfabe94): jesussss
[15:52:36] TheRealColmagi (uuid: c98c1615-0764-41e1-848d-73152bfabe94): i wonder if i can add traits
[15:52:43] BowMaster_7 (uuid: 09906eb9-3bd7-461e-9aff-854e2d4b7835): wdym
[15:52:44] TheRealColmagi (uuid: c98c1615-0764-41e1-848d-73152bfabe94): like pre program some stuff in then spam make some dudes
[15:52:48] TheRealColmagi (uuid: c98c1615-0764-41e1-848d-73152bfabe94): so they can fight
[15:52:54] BowMaster_7 (uuid: 09906eb9-3bd7-461e-9aff-854e2d4b7835): oh
[15:54:18] TheRealColmagi (uuid: c98c1615-0764-41e1-848d-73152bfabe94): holy shit is it that hard
[15:54:25] TheRealColmagi (uuid: c98c1615-0764-41e1-848d-73152bfabe94): they dont have support for this kind of stuff
[15:54:31] BowMaster_7 (uuid: 09906eb9-3bd7-461e-9aff-854e2d4b7835): lol
[15:54:58] TheRealColmagi (uuid: c98c1615-0764-41e1-848d-73152bfabe94): ugh
[15:55:05] TheRealColmagi (uuid: c98c1615-0764-41e1-848d-73152bfabe94): if only the zombies attacked npcs
[15:55:09] TheRealColmagi (uuid: c98c1615-0764-41e1-848d-73152bfabe94): this would be so much easier
[15:55:13] TheRealColmagi (uuid: c98c1615-0764-41e1-848d-73152bfabe94): but apparently they done
[15:55:14] BowMaster_7 (uuid: 09906eb9-3bd7-461e-9aff-854e2d4b7835): XD
[15:55:15] TheRealColmagi (uuid: c98c1615-0764-41e1-848d-73152bfabe94): dont
[15:55:25] BowMaster_7 (uuid: 09906eb9-3bd7-461e-9aff-854e2d4b7835): they attack villagers tho right
[15:55:28] TheRealColmagi (uuid: c98c1615-0764-41e1-848d-73152bfabe94): yeah
[15:55:37] BowMaster_7 (uuid: 09906eb9-3bd7-461e-9aff-854e2d4b7835): k
[15:57:45] BowMaster_7 (uuid: 09906eb9-3bd7-461e-9aff-854e2d4b7835): dammit
[15:58:13] TheRealColmagi (uuid: c98c1615-0764-41e1-848d-73152bfabe94): oh nvm
[15:58:15] TheRealColmagi (uuid: c98c1615-0764-41e1-848d-73152bfabe94): they are damaged
[15:58:39] TheRealColmagi (uuid: c98c1615-0764-41e1-848d-73152bfabe94): thats nice
[15:58:53] TheRealColmagi (uuid: c98c1615-0764-41e1-848d-73152bfabe94): they're damn good fighters too
[15:58:57] TheRealColmagi (uuid: c98c1615-0764-41e1-848d-73152bfabe94): i might spread some out around the area
[15:59:13] BowMaster_7 (uuid: 09906eb9-3bd7-461e-9aff-854e2d4b7835): do it
[15:59:38] TheRealColmagi (uuid: c98c1615-0764-41e1-848d-73152bfabe94): i wish you could copy and paste
[15:59:43] TheRealColmagi (uuid: c98c1615-0764-41e1-848d-73152bfabe94): now i have to do this over and over again
[15:59:45] BowMaster_7 (uuid: 09906eb9-3bd7-461e-9aff-854e2d4b7835): you cnat
[15:59:49] BowMaster_7 (uuid: 09906eb9-3bd7-461e-9aff-854e2d4b7835): cant?
[15:59:52] TheRealColmagi (uuid: c98c1615-0764-41e1-848d-73152bfabe94): nope
[15:59:55] BowMaster_7 (uuid: 09906eb9-3bd7-461e-9aff-854e2d4b7835): thats dumb
[16:02:28] TheRealColmagi (uuid: c98c1615-0764-41e1-848d-73152bfabe94): some basic guards
[16:07:14] BowMaster_7 (uuid: 09906eb9-3bd7-461e-9aff-854e2d4b7835): how do i tp to you
[16:07:20] TheRealColmagi (uuid: c98c1615-0764-41e1-848d-73152bfabe94): uh
[16:07:31] BowMaster_7 (uuid: 09906eb9-3bd7-461e-9aff-854e2d4b7835): why hello there zelda
[16:07:36] TheRealColmagi (uuid: c98c1615-0764-41e1-848d-73152bfabe94): bruh
[16:07:43] BowMaster_7 (uuid: 09906eb9-3bd7-461e-9aff-854e2d4b7835): XD
[16:09:52] TheRealColmagi (uuid: c98c1615-0764-41e1-848d-73152bfabe94): ok u ready
[16:09:56] TheRealColmagi (uuid: c98c1615-0764-41e1-848d-73152bfabe94): well u bui;ld
[16:10:01] TheRealColmagi (uuid: c98c1615-0764-41e1-848d-73152bfabe94): ill test this out
[16:10:05] BowMaster_7 (uuid: 09906eb9-3bd7-461e-9aff-854e2d4b7835): k
[16:11:17] TheRealColmagi (uuid: c98c1615-0764-41e1-848d-73152bfabe94): holy hell
[16:11:21] TheRealColmagi (uuid: c98c1615-0764-41e1-848d-73152bfabe94): knights suck
[16:11:22] BowMaster_7 (uuid: 09906eb9-3bd7-461e-9aff-854e2d4b7835): what
[16:11:28] BowMaster_7 (uuid: 09906eb9-3bd7-461e-9aff-854e2d4b7835): you mean zelda
[16:11:28] TheRealColmagi (uuid: c98c1615-0764-41e1-848d-73152bfabe94): trna get them the guard me
[16:11:55] TheRealColmagi (uuid: c98c1615-0764-41e1-848d-73152bfabe94): this givin me some fallen kingdom vibes
[16:12:48] TheRealColmagi (uuid: c98c1615-0764-41e1-848d-73152bfabe94): damn
[16:12:48] BowMaster_7 (uuid: 09906eb9-3bd7-461e-9aff-854e2d4b7835): bruhj
[16:12:53] BowMaster_7 (uuid: 09906eb9-3bd7-461e-9aff-854e2d4b7835): theyre marching over
[16:12:57] BowMaster_7 (uuid: 09906eb9-3bd7-461e-9aff-854e2d4b7835): from the river
[16:13:00] TheRealColmagi (uuid: c98c1615-0764-41e1-848d-73152bfabe94): yeah
[16:13:03] TheRealColmagi (uuid: c98c1615-0764-41e1-848d-73152bfabe94): they invading the rice paddies
[16:13:04] BowMaster_7 (uuid: 09906eb9-3bd7-461e-9aff-854e2d4b7835): oh wait
[16:13:07] BowMaster_7 (uuid: 09906eb9-3bd7-461e-9aff-854e2d4b7835): those are zombies
[16:13:34] BowMaster_7 (uuid: 09906eb9-3bd7-461e-9aff-854e2d4b7835): mage needs more damage
[16:13:34] TheRealColmagi (uuid: c98c1615-0764-41e1-848d-73152bfabe94): shit
[16:13:41] BowMaster_7 (uuid: 09906eb9-3bd7-461e-9aff-854e2d4b7835): yo stop it XD
[16:13:46] TheRealColmagi (uuid: c98c1615-0764-41e1-848d-73152bfabe94): its ok cuz respawn lol
[16:13:49] BowMaster_7 (uuid: 09906eb9-3bd7-461e-9aff-854e2d4b7835): so many
[16:14:57] BowMaster_7 (uuid: 09906eb9-3bd7-461e-9aff-854e2d4b7835): i finished the watch tower
[16:15:20] TheRealColmagi (uuid: c98c1615-0764-41e1-848d-73152bfabe94): i thought we had more guards
[16:15:55] TheRealColmagi (uuid: c98c1615-0764-41e1-848d-73152bfabe94): do they get stuck in water
[16:15:59] BowMaster_7 (uuid: 09906eb9-3bd7-461e-9aff-854e2d4b7835): omg
[16:16:09] BowMaster_7 (uuid: 09906eb9-3bd7-461e-9aff-854e2d4b7835): i was sapmming a diamond sword at a zombie
[16:16:15] BowMaster_7 (uuid: 09906eb9-3bd7-461e-9aff-854e2d4b7835): and it took like 30 hits to kill it
[16:16:17] BowMaster_7 (uuid: 09906eb9-3bd7-461e-9aff-854e2d4b7835): their so op
[16:16:20] TheRealColmagi (uuid: c98c1615-0764-41e1-848d-73152bfabe94): WTF
[16:16:23] TheRealColmagi (uuid: c98c1615-0764-41e1-848d-73152bfabe94): guard attacking mage
[16:16:51] TheRealColmagi (uuid: c98c1615-0764-41e1-848d-73152bfabe94): fight my loyal knights
[16:16:52] TheRealColmagi (uuid: c98c1615-0764-41e1-848d-73152bfabe94): kill them
[16:17:27] TheRealColmagi (uuid: c98c1615-0764-41e1-848d-73152bfabe94): lol tahts epic
[16:18:16] BowMaster_7 (uuid: 09906eb9-3bd7-461e-9aff-854e2d4b7835): lol you should get ethan on
[16:18:19] TheRealColmagi (uuid: c98c1615-0764-41e1-848d-73152bfabe94): yeah
[16:18:57] TheRealColmagi (uuid: c98c1615-0764-41e1-848d-73152bfabe94): get rid of the dudes in the water
[16:22:50] TheRealColmagi (uuid: c98c1615-0764-41e1-848d-73152bfabe94): i think we should just not allow ppl in the water lol
[16:22:54] TheRealColmagi (uuid: c98c1615-0764-41e1-848d-73152bfabe94): put a fence around it
[16:22:54] BowMaster_7 (uuid: 09906eb9-3bd7-461e-9aff-854e2d4b7835): yea
[16:23:00] TheRealColmagi (uuid: c98c1615-0764-41e1-848d-73152bfabe94): damn sexy guard tower
[16:23:08] BowMaster_7 (uuid: 09906eb9-3bd7-461e-9aff-854e2d4b7835): gravias
[16:25:56] TheRealColmagi (uuid: c98c1615-0764-41e1-848d-73152bfabe94): holy shit they're accurate as hell
[16:26:11] BowMaster_7 (uuid: 09906eb9-3bd7-461e-9aff-854e2d4b7835): what is
[16:26:35] TheRealColmagi (uuid: c98c1615-0764-41e1-848d-73152bfabe94): uh oh
[16:26:43] BowMaster_7 (uuid: 09906eb9-3bd7-461e-9aff-854e2d4b7835): lol
[16:27:36] TheRealColmagi (uuid: c98c1615-0764-41e1-848d-73152bfabe94): wait a minute
[16:31:12] BowMaster_7 (uuid: 09906eb9-3bd7-461e-9aff-854e2d4b7835): can you make it night
[16:31:22] BowMaster_7 (uuid: 09906eb9-3bd7-461e-9aff-854e2d4b7835): wanna test out the lighting
[16:32:26] BowMaster_7 (uuid: 09906eb9-3bd7-461e-9aff-854e2d4b7835): can you make it night
[16:32:27] TheRealColmagi (uuid: c98c1615-0764-41e1-848d-73152bfabe94): sure
[16:32:38] BowMaster_7 (uuid: 09906eb9-3bd7-461e-9aff-854e2d4b7835): ok perfect
[16:32:41] BowMaster_7 (uuid: 09906eb9-3bd7-461e-9aff-854e2d4b7835): the watchtower
[16:32:44] BowMaster_7 (uuid: 09906eb9-3bd7-461e-9aff-854e2d4b7835): is now complete
[16:32:52] BowMaster_7 (uuid: 09906eb9-3bd7-461e-9aff-854e2d4b7835): you should put some archers up here
[16:34:18] TheRealColmagi (uuid: c98c1615-0764-41e1-848d-73152bfabe94): second wave time
[16:35:13] TheRealColmagi (uuid: c98c1615-0764-41e1-848d-73152bfabe94): ooh they comin
[16:35:26] BowMaster_7 (uuid: 09906eb9-3bd7-461e-9aff-854e2d4b7835): lol theres no anvils in the house
[16:35:41] TheRealColmagi (uuid: c98c1615-0764-41e1-848d-73152bfabe94): shiet man
[16:35:49] BowMaster_7 (uuid: 09906eb9-3bd7-461e-9aff-854e2d4b7835): what
[16:35:59] TheRealColmagi (uuid: c98c1615-0764-41e1-848d-73152bfabe94): das a lot of em
[16:36:25] TheRealColmagi (uuid: c98c1615-0764-41e1-848d-73152bfabe94): guards do a good job
[16:36:26] BowMaster_7 (uuid: 09906eb9-3bd7-461e-9aff-854e2d4b7835): good lord
[16:36:27] TheRealColmagi (uuid: c98c1615-0764-41e1-848d-73152bfabe94): fending em off
[16:36:43] TheRealColmagi (uuid: c98c1615-0764-41e1-848d-73152bfabe94): guard down
[16:37:38] TheRealColmagi (uuid: c98c1615-0764-41e1-848d-73152bfabe94): oo damn
[16:37:40] TheRealColmagi (uuid: c98c1615-0764-41e1-848d-73152bfabe94): they comin down
[16:38:04] TheRealColmagi (uuid: c98c1615-0764-41e1-848d-73152bfabe94): hehe xd
[16:38:32] TheRealColmagi (uuid: c98c1615-0764-41e1-848d-73152bfabe94): damn cant even get past the gaurds
[16:39:28] TheRealColmagi (uuid: c98c1615-0764-41e1-848d-73152bfabe94): OOF
[16:39:42] TheRealColmagi (uuid: c98c1615-0764-41e1-848d-73152bfabe94): i think
[16:39:46] TheRealColmagi (uuid: c98c1615-0764-41e1-848d-73152bfabe94): we should up the spawn
[16:39:50] BowMaster_7 (uuid: 09906eb9-3bd7-461e-9aff-854e2d4b7835): nbo
[16:39:54] BowMaster_7 (uuid: 09906eb9-3bd7-461e-9aff-854e2d4b7835): ima lag
[16:39:57] BowMaster_7 (uuid: 09906eb9-3bd7-461e-9aff-854e2d4b7835): sooooo hard XD
[16:40:04] TheRealColmagi (uuid: c98c1615-0764-41e1-848d-73152bfabe94): u already lag p hard
[16:41:01] TheRealColmagi (uuid: c98c1615-0764-41e1-848d-73152bfabe94): mfw ai pathfinding
[16:42:18] BowMaster_7 (uuid: 09906eb9-3bd7-461e-9aff-854e2d4b7835): how
[16:42:23] BowMaster_7 (uuid: 09906eb9-3bd7-461e-9aff-854e2d4b7835): did he get up there
[16:43:06] BowMaster_7 (uuid: 09906eb9-3bd7-461e-9aff-854e2d4b7835): omg the lag
[16:43:28] TheRealColmagi (uuid: c98c1615-0764-41e1-848d-73152bfabe94): this is where the fun begins
[16:44:10] TheRealColmagi (uuid: c98c1615-0764-41e1-848d-73152bfabe94): lol off
[16:44:13] TheRealColmagi (uuid: c98c1615-0764-41e1-848d-73152bfabe94): oof
[16:44:31] TheRealColmagi (uuid: c98c1615-0764-41e1-848d-73152bfabe94): NOW WE TAKE IT BACK
[16:44:42] TheRealColmagi (uuid: c98c1615-0764-41e1-848d-73152bfabe94): SHIT
[16:44:46] BowMaster_7 (uuid: 09906eb9-3bd7-461e-9aff-854e2d4b7835): what
[16:44:50] TheRealColmagi (uuid: c98c1615-0764-41e1-848d-73152bfabe94): the bridge is over run
[16:45:16] BowMaster_7 (uuid: 09906eb9-3bd7-461e-9aff-854e2d4b7835): can you give me an op sword
[16:45:22] BowMaster_7 (uuid: 09906eb9-3bd7-461e-9aff-854e2d4b7835): so i can like one shot thses guys
[16:46:22] BowMaster_7 (uuid: 09906eb9-3bd7-461e-9aff-854e2d4b7835): how do i unprotect myself from pvp
[16:46:27] TheRealColmagi (uuid: c98c1615-0764-41e1-848d-73152bfabe94): thast a bug
[16:46:33] TheRealColmagi (uuid: c98c1615-0764-41e1-848d-73152bfabe94): i can set u back to survival
[16:46:36] BowMaster_7 (uuid: 09906eb9-3bd7-461e-9aff-854e2d4b7835): mah
[16:46:45] BowMaster_7 (uuid: 09906eb9-3bd7-461e-9aff-854e2d4b7835): can you make me adminn
[16:47:00] BowMaster_7 (uuid: 09906eb9-3bd7-461e-9aff-854e2d4b7835): ayyyyyyyy
[16:47:11] BowMaster_7 (uuid: 09906eb9-3bd7-461e-9aff-854e2d4b7835): ayyy
[16:47:27] TheRealColmagi (uuid: c98c1615-0764-41e1-848d-73152bfabe94): useless guards
[16:47:33] BowMaster_7 (uuid: 09906eb9-3bd7-461e-9aff-854e2d4b7835): you made them too weak
[16:47:35] TheRealColmagi (uuid: c98c1615-0764-41e1-848d-73152bfabe94): i say we need a new invasion point
[16:47:36] BowMaster_7 (uuid: 09906eb9-3bd7-461e-9aff-854e2d4b7835): or c
[16:47:46] BowMaster_7 (uuid: 09906eb9-3bd7-461e-9aff-854e2d4b7835): too many monsters
[16:47:46] TheRealColmagi (uuid: c98c1615-0764-41e1-848d-73152bfabe94): no they're strong
[16:47:48] TheRealColmagi (uuid: c98c1615-0764-41e1-848d-73152bfabe94): but retarded
[16:48:58] BowMaster_7 (uuid: 09906eb9-3bd7-461e-9aff-854e2d4b7835): merchang XD
[16:49:07] BowMaster_7 (uuid: 09906eb9-3bd7-461e-9aff-854e2d4b7835): needs eyes
[16:50:06] BowMaster_7 (uuid: 09906eb9-3bd7-461e-9aff-854e2d4b7835): you should put some archers in the watchtower
[16:50:16] TheRealColmagi (uuid: c98c1615-0764-41e1-848d-73152bfabe94): im unsure if they can hit
[16:50:20] TheRealColmagi (uuid: c98c1615-0764-41e1-848d-73152bfabe94): from that far
[16:50:37] BowMaster_7 (uuid: 09906eb9-3bd7-461e-9aff-854e2d4b7835): wait james
[16:50:43] BowMaster_7 (uuid: 09906eb9-3bd7-461e-9aff-854e2d4b7835): i think i ran over some redstone
[16:50:44] TheRealColmagi (uuid: c98c1615-0764-41e1-848d-73152bfabe94): yeah
[16:50:47] BowMaster_7 (uuid: 09906eb9-3bd7-461e-9aff-854e2d4b7835): over here
[16:50:50] TheRealColmagi (uuid: c98c1615-0764-41e1-848d-73152bfabe94): no i reased it
[16:50:51] TheRealColmagi (uuid: c98c1615-0764-41e1-848d-73152bfabe94): erased
[16:50:53] TheRealColmagi (uuid: c98c1615-0764-41e1-848d-73152bfabe94): to break the loop
[16:50:54] BowMaster_7 (uuid: 09906eb9-3bd7-461e-9aff-854e2d4b7835): ah k
[16:51:07] BowMaster_7 (uuid: 09906eb9-3bd7-461e-9aff-854e2d4b7835): one sec
[16:52:33] BowMaster_7 (uuid: 09906eb9-3bd7-461e-9aff-854e2d4b7835): k im back
[16:52:39] TheRealColmagi (uuid: c98c1615-0764-41e1-848d-73152bfabe94): highly inaccurate
[16:52:41] TheRealColmagi (uuid: c98c1615-0764-41e1-848d-73152bfabe94): but they can shoot lol
[16:52:49] BowMaster_7 (uuid: 09906eb9-3bd7-461e-9aff-854e2d4b7835): i gotta leave in like 45ish minutes
[16:52:51] TheRealColmagi (uuid: c98c1615-0764-41e1-848d-73152bfabe94): kk
[16:52:55] BowMaster_7 (uuid: 09906eb9-3bd7-461e-9aff-854e2d4b7835): going to a fancy restaurant
[16:53:15] BowMaster_7 (uuid: 09906eb9-3bd7-461e-9aff-854e2d4b7835): damn
[16:53:16] TheRealColmagi (uuid: c98c1615-0764-41e1-848d-73152bfabe94): damn
[16:53:17] BowMaster_7 (uuid: 09906eb9-3bd7-461e-9aff-854e2d4b7835): so accurate
[16:53:24] TheRealColmagi (uuid: c98c1615-0764-41e1-848d-73152bfabe94): yeah his accuracy is set to 100
[16:53:29] BowMaster_7 (uuid: 09906eb9-3bd7-461e-9aff-854e2d4b7835): lollllllll
[16:53:36] TheRealColmagi (uuid: c98c1615-0764-41e1-848d-73152bfabe94): range 150
[16:53:41] TheRealColmagi (uuid: c98c1615-0764-41e1-848d-73152bfabe94): snipes literally anything
[16:53:44] BowMaster_7 (uuid: 09906eb9-3bd7-461e-9aff-854e2d4b7835): give him 175
[16:53:49] BowMaster_7 (uuid: 09906eb9-3bd7-461e-9aff-854e2d4b7835): he needs to be op
[16:53:52] TheRealColmagi (uuid: c98c1615-0764-41e1-848d-73152bfabe94): uh
[16:53:57] BowMaster_7 (uuid: 09906eb9-3bd7-461e-9aff-854e2d4b7835): and tehre should be 2 on both floors
[16:54:00] TheRealColmagi (uuid: c98c1615-0764-41e1-848d-73152bfabe94): range 175
[16:54:06] BowMaster_7 (uuid: 09906eb9-3bd7-461e-9aff-854e2d4b7835): i made it huge for a reason
[16:54:06] TheRealColmagi (uuid: c98c1615-0764-41e1-848d-73152bfabe94): there
[16:54:34] TheRealColmagi (uuid: c98c1615-0764-41e1-848d-73152bfabe94): max range 199
[16:54:44] BowMaster_7 (uuid: 09906eb9-3bd7-461e-9aff-854e2d4b7835): lmao do it Xd
[16:54:53] TheRealColmagi (uuid: c98c1615-0764-41e1-848d-73152bfabe94): i did
[16:54:59] BowMaster_7 (uuid: 09906eb9-3bd7-461e-9aff-854e2d4b7835): hahaaa
[16:55:16] TheRealColmagi (uuid: c98c1615-0764-41e1-848d-73152bfabe94): max range 175
[16:55:21] TheRealColmagi (uuid: c98c1615-0764-41e1-848d-73152bfabe94): wtf
[16:55:22] TheRealColmagi (uuid: c98c1615-0764-41e1-848d-73152bfabe94): fuck
[16:56:01] BowMaster_7 (uuid: 09906eb9-3bd7-461e-9aff-854e2d4b7835): yo our pigs gone
[16:56:04] TheRealColmagi (uuid: c98c1615-0764-41e1-848d-73152bfabe94): oof
[16:56:21] TheRealColmagi (uuid: c98c1615-0764-41e1-848d-73152bfabe94): lmao so much retaliation
[16:56:21] BowMaster_7 (uuid: 09906eb9-3bd7-461e-9aff-854e2d4b7835): there hes bcak
[16:58:20] BowMaster_7 (uuid: 09906eb9-3bd7-461e-9aff-854e2d4b7835): should i build a bridge to the watchtower
[16:58:24] TheRealColmagi (uuid: c98c1615-0764-41e1-848d-73152bfabe94): uh
[16:58:25] TheRealColmagi (uuid: c98c1615-0764-41e1-848d-73152bfabe94): idk
[16:58:30] BowMaster_7 (uuid: 09906eb9-3bd7-461e-9aff-854e2d4b7835): or a doc
[16:58:32] TheRealColmagi (uuid: c98c1615-0764-41e1-848d-73152bfabe94): i kind of want a bridge to the mainland
[16:58:35] TheRealColmagi (uuid: c98c1615-0764-41e1-848d-73152bfabe94): so we have 2 bridges
[16:58:35] BowMaster_7 (uuid: 09906eb9-3bd7-461e-9aff-854e2d4b7835): dock
[16:58:37] TheRealColmagi (uuid: c98c1615-0764-41e1-848d-73152bfabe94): and not like
[16:58:44] TheRealColmagi (uuid: c98c1615-0764-41e1-848d-73152bfabe94): 1 tiny skybridge
[16:58:47] BowMaster_7 (uuid: 09906eb9-3bd7-461e-9aff-854e2d4b7835): ok
[16:58:50] BowMaster_7 (uuid: 09906eb9-3bd7-461e-9aff-854e2d4b7835): we can do that
[16:58:58] TheRealColmagi (uuid: c98c1615-0764-41e1-848d-73152bfabe94): gotta block off the rice fields
[16:59:01] TheRealColmagi (uuid: c98c1615-0764-41e1-848d-73152bfabe94): so ppl dont get in the water
[16:59:10] TheRealColmagi (uuid: c98c1615-0764-41e1-848d-73152bfabe94): ffs
[16:59:12] TheRealColmagi (uuid: c98c1615-0764-41e1-848d-73152bfabe94): im in pvp combat
[16:59:23] BowMaster_7 (uuid: 09906eb9-3bd7-461e-9aff-854e2d4b7835): lol
[17:00:33] TheRealColmagi (uuid: c98c1615-0764-41e1-848d-73152bfabe94): where is the bridge even gonna be
[17:00:42] BowMaster_7 (uuid: 09906eb9-3bd7-461e-9aff-854e2d4b7835): a tinyt one
[17:00:43] TheRealColmagi (uuid: c98c1615-0764-41e1-848d-73152bfabe94): maybe off this inset
[17:00:44] BowMaster_7 (uuid: 09906eb9-3bd7-461e-9aff-854e2d4b7835): right here
[17:00:47] TheRealColmagi (uuid: c98c1615-0764-41e1-848d-73152bfabe94): just a diagonal one here
[17:00:53] BowMaster_7 (uuid: 09906eb9-3bd7-461e-9aff-854e2d4b7835): oh yea
[17:05:27] TheRealColmagi (uuid: c98c1615-0764-41e1-848d-73152bfabe94): r u ok
[17:05:36] BowMaster_7 (uuid: 09906eb9-3bd7-461e-9aff-854e2d4b7835): wdym lol
[17:05:45] TheRealColmagi (uuid: c98c1615-0764-41e1-848d-73152bfabe94): ur just jumping on and off a lilypad
[17:05:55] BowMaster_7 (uuid: 09906eb9-3bd7-461e-9aff-854e2d4b7835): yea
[17:06:01] TheRealColmagi (uuid: c98c1615-0764-41e1-848d-73152bfabe94): dont u have a bridge to build
[17:06:07] BowMaster_7 (uuid: 09906eb9-3bd7-461e-9aff-854e2d4b7835): lol
[17:14:09] TheRealColmagi (uuid: c98c1615-0764-41e1-848d-73152bfabe94): clear
[17:19:25] TheRealColmagi (uuid: c98c1615-0764-41e1-848d-73152bfabe94): clear
[17:20:07] TheRealColmagi (uuid: c98c1615-0764-41e1-848d-73152bfabe94): oo fancy
[17:20:18] TheRealColmagi (uuid: c98c1615-0764-41e1-848d-73152bfabe94): lmao its right over ethans house though
[17:20:21] BowMaster_7 (uuid: 09906eb9-3bd7-461e-9aff-854e2d4b7835): ik
[17:20:30] BowMaster_7 (uuid: 09906eb9-3bd7-461e-9aff-854e2d4b7835): can you move his house a little XD
[17:20:35] TheRealColmagi (uuid: c98c1615-0764-41e1-848d-73152bfabe94): hmm
[17:20:40] BowMaster_7 (uuid: 09906eb9-3bd7-461e-9aff-854e2d4b7835): its a rectangle
[17:20:56] BowMaster_7 (uuid: 09906eb9-3bd7-461e-9aff-854e2d4b7835): one sec
[17:20:57] BowMaster_7 (uuid: 09906eb9-3bd7-461e-9aff-854e2d4b7835): brb
[17:21:47] TheRealColmagi (uuid: c98c1615-0764-41e1-848d-73152bfabe94): is that enough?
[17:21:59] TheRealColmagi (uuid: c98c1615-0764-41e1-848d-73152bfabe94): is that enough?
[17:22:05] TheRealColmagi (uuid: c98c1615-0764-41e1-848d-73152bfabe94): there
[17:22:52] BowMaster_7 (uuid: 09906eb9-3bd7-461e-9aff-854e2d4b7835): ok im back
[17:22:54] TheRealColmagi (uuid: c98c1615-0764-41e1-848d-73152bfabe94): i moved it
[17:22:59] BowMaster_7 (uuid: 09906eb9-3bd7-461e-9aff-854e2d4b7835): that looks like its wenough
[17:23:06] TheRealColmagi (uuid: c98c1615-0764-41e1-848d-73152bfabe94): ok
[17:25:17] BowMaster_7 (uuid: 09906eb9-3bd7-461e-9aff-854e2d4b7835): ok boom
[17:25:20] TheRealColmagi (uuid: c98c1615-0764-41e1-848d-73152bfabe94): boom boom
[17:25:22] BowMaster_7 (uuid: 09906eb9-3bd7-461e-9aff-854e2d4b7835): bridge is done
[17:25:26] TheRealColmagi (uuid: c98c1615-0764-41e1-848d-73152bfabe94): nice
[17:25:33] TheRealColmagi (uuid: c98c1615-0764-41e1-848d-73152bfabe94): now the horde will probably invade throught there
[17:25:43] BowMaster_7 (uuid: 09906eb9-3bd7-461e-9aff-854e2d4b7835): didnt think itd come out that nice tbh
[17:25:51] TheRealColmagi (uuid: c98c1615-0764-41e1-848d-73152bfabe94): lol
[17:25:53] TheRealColmagi (uuid: c98c1615-0764-41e1-848d-73152bfabe94): have faith
[17:25:56] BowMaster_7 (uuid: 09906eb9-3bd7-461e-9aff-854e2d4b7835): XD
[17:25:56] TheRealColmagi (uuid: c98c1615-0764-41e1-848d-73152bfabe94): u are good builder
[17:26:02] BowMaster_7 (uuid: 09906eb9-3bd7-461e-9aff-854e2d4b7835): gracias
[17:26:05] TheRealColmagi (uuid: c98c1615-0764-41e1-848d-73152bfabe94): where should the second invasion point be
[17:26:17] TheRealColmagi (uuid: c98c1615-0764-41e1-848d-73152bfabe94): probably the forest ngl
[17:26:18] BowMaster_7 (uuid: 09906eb9-3bd7-461e-9aff-854e2d4b7835): we can make this tiny bridge builder
[17:27:46] TheRealColmagi (uuid: c98c1615-0764-41e1-848d-73152bfabe94): ok lets set it to night
[17:27:49] TheRealColmagi (uuid: c98c1615-0764-41e1-848d-73152bfabe94): and rek some nerds
[17:27:50] BowMaster_7 (uuid: 09906eb9-3bd7-461e-9aff-854e2d4b7835): wait
[17:27:55] BowMaster_7 (uuid: 09906eb9-3bd7-461e-9aff-854e2d4b7835): lemme fixz the bridge
[17:27:58] TheRealColmagi (uuid: c98c1615-0764-41e1-848d-73152bfabe94): k
[17:28:51] TheRealColmagi (uuid: c98c1615-0764-41e1-848d-73152bfabe94): ngl i cant find my guards
[17:29:05] BowMaster_7 (uuid: 09906eb9-3bd7-461e-9aff-854e2d4b7835): lol
[17:29:07] BowMaster_7 (uuid: 09906eb9-3bd7-461e-9aff-854e2d4b7835): make new ones
[17:29:24] BowMaster_7 (uuid: 09906eb9-3bd7-461e-9aff-854e2d4b7835): ok bridge is done
[17:29:28] TheRealColmagi (uuid: c98c1615-0764-41e1-848d-73152bfabe94): ok
[17:29:43] TheRealColmagi (uuid: c98c1615-0764-41e1-848d-73152bfabe94): should i increase respawn time
[17:29:49] BowMaster_7 (uuid: 09906eb9-3bd7-461e-9aff-854e2d4b7835): yeah
[17:29:50] BowMaster_7 (uuid: 09906eb9-3bd7-461e-9aff-854e2d4b7835): wait
[17:29:55] BowMaster_7 (uuid: 09906eb9-3bd7-461e-9aff-854e2d4b7835): for which npcs
[17:29:59] TheRealColmagi (uuid: c98c1615-0764-41e1-848d-73152bfabe94): all of em
[17:30:02] TheRealColmagi (uuid: c98c1615-0764-41e1-848d-73152bfabe94): rn its a 5 second respawn
[17:30:03] TheRealColmagi (uuid: c98c1615-0764-41e1-848d-73152bfabe94): too easy
[17:30:10] BowMaster_7 (uuid: 09906eb9-3bd7-461e-9aff-854e2d4b7835): ehh wait are we fighting too
[17:30:13] TheRealColmagi (uuid: c98c1615-0764-41e1-848d-73152bfabe94): yeah
[17:30:18] BowMaster_7 (uuid: 09906eb9-3bd7-461e-9aff-854e2d4b7835): then yeah
[17:30:19] TheRealColmagi (uuid: c98c1615-0764-41e1-848d-73152bfabe94): they need time to push through the knights
[17:30:34] BowMaster_7 (uuid: 09906eb9-3bd7-461e-9aff-854e2d4b7835): when we're done
[17:30:42] BowMaster_7 (uuid: 09906eb9-3bd7-461e-9aff-854e2d4b7835): we can put a cover on the bridge
[17:30:56] BowMaster_7 (uuid: 09906eb9-3bd7-461e-9aff-854e2d4b7835): that'd look sick if we did it rught
[17:30:57] TheRealColmagi (uuid: c98c1615-0764-41e1-848d-73152bfabe94): gonna have to reload
[17:31:00] TheRealColmagi (uuid: c98c1615-0764-41e1-848d-73152bfabe94): plugins
[17:31:08] BowMaster_7 (uuid: 09906eb9-3bd7-461e-9aff-854e2d4b7835): ok\
[17:31:27] TheRealColmagi (uuid: c98c1615-0764-41e1-848d-73152bfabe94): ok lets begin
[17:31:30] BowMaster_7 (uuid: 09906eb9-3bd7-461e-9aff-854e2d4b7835): ait
[17:31:30] TheRealColmagi (uuid: c98c1615-0764-41e1-848d-73152bfabe94): do u have ur gear
[17:31:31] BowMaster_7 (uuid: 09906eb9-3bd7-461e-9aff-854e2d4b7835): wait
[17:31:34] BowMaster_7 (uuid: 09906eb9-3bd7-461e-9aff-854e2d4b7835): i need my aromor
[17:31:38] TheRealColmagi (uuid: c98c1615-0764-41e1-848d-73152bfabe94): if u want starter gear just do /kit legend
[17:32:08] BowMaster_7 (uuid: 09906eb9-3bd7-461e-9aff-854e2d4b7835): lol
[17:32:16] BowMaster_7 (uuid: 09906eb9-3bd7-461e-9aff-854e2d4b7835): why are my apples screwed up
[17:32:20] TheRealColmagi (uuid: c98c1615-0764-41e1-848d-73152bfabe94): uh
[17:32:24] TheRealColmagi (uuid: c98c1615-0764-41e1-848d-73152bfabe94): doesnt matter
[17:32:25] BowMaster_7 (uuid: 09906eb9-3bd7-461e-9aff-854e2d4b7835): lokk
[17:32:27] BowMaster_7 (uuid: 09906eb9-3bd7-461e-9aff-854e2d4b7835): look
[17:32:29] BowMaster_7 (uuid: 09906eb9-3bd7-461e-9aff-854e2d4b7835): im dying
[17:32:30] TheRealColmagi (uuid: c98c1615-0764-41e1-848d-73152bfabe94): ik
[17:32:46] BowMaster_7 (uuid: 09906eb9-3bd7-461e-9aff-854e2d4b7835): ok
[17:32:49] BowMaster_7 (uuid: 09906eb9-3bd7-461e-9aff-854e2d4b7835): lemme get my bow
[17:33:04] TheRealColmagi (uuid: c98c1615-0764-41e1-848d-73152bfabe94): defenses are amped up
[17:33:13] BowMaster_7 (uuid: 09906eb9-3bd7-461e-9aff-854e2d4b7835): ok im ready
[17:33:18] TheRealColmagi (uuid: c98c1615-0764-41e1-848d-73152bfabe94): lets go
[17:33:20] TheRealColmagi (uuid: c98c1615-0764-41e1-848d-73152bfabe94): go to sruvival
[17:33:26] BowMaster_7 (uuid: 09906eb9-3bd7-461e-9aff-854e2d4b7835): i9 am
[17:33:31] TheRealColmagi (uuid: c98c1615-0764-41e1-848d-73152bfabe94): k
[17:33:47] BowMaster_7 (uuid: 09906eb9-3bd7-461e-9aff-854e2d4b7835): wait
[17:33:52] BowMaster_7 (uuid: 09906eb9-3bd7-461e-9aff-854e2d4b7835): ok
[17:33:52] TheRealColmagi (uuid: c98c1615-0764-41e1-848d-73152bfabe94): what
[17:33:57] BowMaster_7 (uuid: 09906eb9-3bd7-461e-9aff-854e2d4b7835): we good
[17:34:04] BowMaster_7 (uuid: 09906eb9-3bd7-461e-9aff-854e2d4b7835): i may have to leave soon
[17:34:07] TheRealColmagi (uuid: c98c1615-0764-41e1-848d-73152bfabe94): oof
[17:34:11] BowMaster_7 (uuid: 09906eb9-3bd7-461e-9aff-854e2d4b7835): lets start
[17:34:47] BowMaster_7 (uuid: 09906eb9-3bd7-461e-9aff-854e2d4b7835): wait
[17:34:51] BowMaster_7 (uuid: 09906eb9-3bd7-461e-9aff-854e2d4b7835): how can i turn my pvp on
[17:35:26] BowMaster_7 (uuid: 09906eb9-3bd7-461e-9aff-854e2d4b7835): nvm
[17:35:43] TheRealColmagi (uuid: c98c1615-0764-41e1-848d-73152bfabe94): could use a hand
[17:35:55] BowMaster_7 (uuid: 09906eb9-3bd7-461e-9aff-854e2d4b7835): same
[17:37:51] TheRealColmagi (uuid: c98c1615-0764-41e1-848d-73152bfabe94): oof
[17:38:12] TheRealColmagi (uuid: c98c1615-0764-41e1-848d-73152bfabe94): fighitng the frong lines
[17:38:20] BowMaster_7 (uuid: 09906eb9-3bd7-461e-9aff-854e2d4b7835): gotta go
[17:38:22] BowMaster_7 (uuid: 09906eb9-3bd7-461e-9aff-854e2d4b7835): sorry
[17:38:24] BowMaster_7 (uuid: 09906eb9-3bd7-461e-9aff-854e2d4b7835): cya
[17:38:29] TheRealColmagi (uuid: c98c1615-0764-41e1-848d-73152bfabe94): cya
[17:41:38] BowMaster_7 (uuid: 09906eb9-3bd7-461e-9aff-854e2d4b7835): ok im back for a little
[17:41:52] TheRealColmagi (uuid: c98c1615-0764-41e1-848d-73152bfabe94): hi
[17:41:56] TheRealColmagi (uuid: c98c1615-0764-41e1-848d-73152bfabe94): i ended
[17:41:56] BowMaster_7 (uuid: 09906eb9-3bd7-461e-9aff-854e2d4b7835): ello
[17:41:57] TheRealColmagi (uuid: c98c1615-0764-41e1-848d-73152bfabe94): the thing
[17:41:57] BowMaster_7 (uuid: 09906eb9-3bd7-461e-9aff-854e2d4b7835): ok
[17:42:02] TheRealColmagi (uuid: c98c1615-0764-41e1-848d-73152bfabe94): hmm
[17:42:05] BowMaster_7 (uuid: 09906eb9-3bd7-461e-9aff-854e2d4b7835): i only have like 5 to 10 minutes
[17:42:06] TheRealColmagi (uuid: c98c1615-0764-41e1-848d-73152bfabe94): would u say we were successful
[17:42:14] TheRealColmagi (uuid: c98c1615-0764-41e1-848d-73152bfabe94): oh lets finish the bridge then
[17:42:15] BowMaster_7 (uuid: 09906eb9-3bd7-461e-9aff-854e2d4b7835): yeah
[17:44:19] TheRealColmagi (uuid: c98c1615-0764-41e1-848d-73152bfabe94): idk respawn times still seem too short
[17:44:36] BowMaster_7 (uuid: 09906eb9-3bd7-461e-9aff-854e2d4b7835): well i was getting extremely abused by those zombies XD
[17:48:01] TheRealColmagi (uuid: c98c1615-0764-41e1-848d-73152bfabe94): offhand
[17:49:14] BowMaster_7 (uuid: 09906eb9-3bd7-461e-9aff-854e2d4b7835): ok the bridge is pretty much done
[17:49:17] TheRealColmagi (uuid: c98c1615-0764-41e1-848d-73152bfabe94): kk
[17:49:25] BowMaster_7 (uuid: 09906eb9-3bd7-461e-9aff-854e2d4b7835): i gotta gor n
[17:49:28] TheRealColmagi (uuid: c98c1615-0764-41e1-848d-73152bfabe94): kk cya
[17:49:29] BowMaster_7 (uuid: 09906eb9-3bd7-461e-9aff-854e2d4b7835): cya
[17:53:51] TheRealColmagi (uuid: c98c1615-0764-41e1-848d-73152bfabe94): OOF
[17:58:03] TheRealColmagi (uuid: c98c1615-0764-41e1-848d-73152bfabe94): erekt
[17:58:22] TheRealColmagi (uuid: c98c1615-0764-41e1-848d-73152bfabe94): lets speed up the process shall we
[17:59:04] TheRealColmagi (uuid: c98c1615-0764-41e1-848d-73152bfabe94): lets see
[17:59:06] TheRealColmagi (uuid: c98c1615-0764-41e1-848d-73152bfabe94): if they are overrun
[20:02:11] TheRealColmagi (uuid: c98c1615-0764-41e1-848d-73152bfabe94): I HAVE RETURNED
[20:50:42] TheRealColmagi (uuid: c98c1615-0764-41e1-848d-73152bfabe94): the ultimate horde is approaching
[20:57:48] TheRealColmagi (uuid: c98c1615-0764-41e1-848d-73152bfabe94): "/npc mount --onnpc ID
[21:06:23] TheRealColmagi (uuid: c98c1615-0764-41e1-848d-73152bfabe94): bruh
[21:06:28] TheRealColmagi (uuid: c98c1615-0764-41e1-848d-73152bfabe94): if u do this u cant put anything down
[21:06:47] Hubert6194 (uuid: 1ae76006-6711-4e06-9e89-a7e9a547fbfd): oh yeah
[21:08:12] TheRealColmagi (uuid: c98c1615-0764-41e1-848d-73152bfabe94): oor
[21:08:12] Hubert6194 (uuid: 1ae76006-6711-4e06-9e89-a7e9a547fbfd): who is horse
[21:08:14] TheRealColmagi (uuid: c98c1615-0764-41e1-848d-73152bfabe94): oof
[21:08:20] TheRealColmagi (uuid: c98c1615-0764-41e1-848d-73152bfabe94): just osme plugins
[21:08:26] TheRealColmagi (uuid: c98c1615-0764-41e1-848d-73152bfabe94): everyones getting cucked
[21:15:17] TheRealColmagi (uuid: c98c1615-0764-41e1-848d-73152bfabe94): here they come
[21:15:49] TheRealColmagi (uuid: c98c1615-0764-41e1-848d-73152bfabe94): wtf
[21:15:55] TheRealColmagi (uuid: c98c1615-0764-41e1-848d-73152bfabe94): where did the knights go
[21:16:05] Hubert6194 (uuid: 1ae76006-6711-4e06-9e89-a7e9a547fbfd): ded
[21:16:08] TheRealColmagi (uuid: c98c1615-0764-41e1-848d-73152bfabe94): eggsde
[21:16:38] Hubert6194 (uuid: 1ae76006-6711-4e06-9e89-a7e9a547fbfd): ay the weather is like ours
[21:16:41] TheRealColmagi (uuid: c98c1615-0764-41e1-848d-73152bfabe94): eggsde
[21:19:53] TheRealColmagi (uuid: c98c1615-0764-41e1-848d-73152bfabe94): offhand
[21:20:29] TheRealColmagi (uuid: c98c1615-0764-41e1-848d-73152bfabe94): offhand
[21:21:48] TheRealColmagi (uuid: c98c1615-0764-41e1-848d-73152bfabe94): oops
[21:26:48] TheRealColmagi (uuid: c98c1615-0764-41e1-848d-73152bfabe94): xrange 10
[21:27:25] TheRealColmagi (uuid: c98c1615-0764-41e1-848d-73152bfabe94): xrange 10
[21:27:44] TheRealColmagi (uuid: c98c1615-0764-41e1-848d-73152bfabe94): xrange 10
[21:27:50] TheRealColmagi (uuid: c98c1615-0764-41e1-848d-73152bfabe94): xrange 10
[21:27:51] TheRealColmagi (uuid: c98c1615-0764-41e1-848d-73152bfabe94): oops
[21:28:03] TheRealColmagi (uuid: c98c1615-0764-41e1-848d-73152bfabe94): xrange 10
[21:28:07] TheRealColmagi (uuid: c98c1615-0764-41e1-848d-73152bfabe94): oops LOL
[21:28:40] TheRealColmagi (uuid: c98c1615-0764-41e1-848d-73152bfabe94): xrange 10
[21:28:56] TheRealColmagi (uuid: c98c1615-0764-41e1-848d-73152bfabe94): xrange 10
[22:08:08] BowMaster_7 (uuid: 09906eb9-3bd7-461e-9aff-854e2d4b7835): holy
[22:08:50] BowMaster_7 (uuid: 09906eb9-3bd7-461e-9aff-854e2d4b7835): what is thisi
[22:09:44] BowMaster_7 (uuid: 09906eb9-3bd7-461e-9aff-854e2d4b7835): theh heck
[22:09:49] BowMaster_7 (uuid: 09906eb9-3bd7-461e-9aff-854e2d4b7835): helooooooooooooooooo
[22:12:54] BowMaster_7 (uuid: 09906eb9-3bd7-461e-9aff-854e2d4b7835): dude
[22:12:58] BowMaster_7 (uuid: 09906eb9-3bd7-461e-9aff-854e2d4b7835): what are u doing
[22:13:09] TheRealColmagi (uuid: c98c1615-0764-41e1-848d-73152bfabe94): my friend is using my computer
[22:13:57] BowMaster_7 (uuid: 09906eb9-3bd7-461e-9aff-854e2d4b7835): well whats he doing
[22:16:18] TheRealColmagi (uuid: c98c1615-0764-41e1-848d-73152bfabe94): ok i am back
[22:16:22] TheRealColmagi (uuid: c98c1615-0764-41e1-848d-73152bfabe94): he just wanted to build a house
[22:16:29] BowMaster_7 (uuid: 09906eb9-3bd7-461e-9aff-854e2d4b7835): ok but this water
[22:16:32] BowMaster_7 (uuid: 09906eb9-3bd7-461e-9aff-854e2d4b7835): has to go]
[22:16:35] TheRealColmagi (uuid: c98c1615-0764-41e1-848d-73152bfabe94): lol ill get rid of it
[22:19:47] TheRealColmagi (uuid: c98c1615-0764-41e1-848d-73152bfabe94): xrange 5
[22:20:30] TheRealColmagi (uuid: c98c1615-0764-41e1-848d-73152bfabe94): xrange 5
[22:20:56] TheRealColmagi (uuid: c98c1615-0764-41e1-848d-73152bfabe94): npc wandering is retarded
[22:21:05] BowMaster_7 (uuid: 09906eb9-3bd7-461e-9aff-854e2d4b7835): lol
[22:21:35] BowMaster_7 (uuid: 09906eb9-3bd7-461e-9aff-854e2d4b7835): yo
[22:21:39] TheRealColmagi (uuid: c98c1615-0764-41e1-848d-73152bfabe94): what
[22:21:44] BowMaster_7 (uuid: 09906eb9-3bd7-461e-9aff-854e2d4b7835): could you maek me an 8 by 8 here
[22:21:47] BowMaster_7 (uuid: 09906eb9-3bd7-461e-9aff-854e2d4b7835): of grass
[22:21:47] TheRealColmagi (uuid: c98c1615-0764-41e1-848d-73152bfabe94): wat
[22:21:49] TheRealColmagi (uuid: c98c1615-0764-41e1-848d-73152bfabe94): uh ok
[22:21:58] BowMaster_7 (uuid: 09906eb9-3bd7-461e-9aff-854e2d4b7835): maybe 10 by 10
[22:22:24] TheRealColmagi (uuid: c98c1615-0764-41e1-848d-73152bfabe94): wait
[22:22:54] BowMaster_7 (uuid: 09906eb9-3bd7-461e-9aff-854e2d4b7835): gracias
[22:23:30] TheRealColmagi (uuid: c98c1615-0764-41e1-848d-73152bfabe94): shit
[22:23:37] TheRealColmagi (uuid: c98c1615-0764-41e1-848d-73152bfabe94): we appear to be missing a guard and archer
[22:23:51] BowMaster_7 (uuid: 09906eb9-3bd7-461e-9aff-854e2d4b7835): lol
[22:23:58] BowMaster_7 (uuid: 09906eb9-3bd7-461e-9aff-854e2d4b7835): whered they run off to
[22:26:02] TheRealColmagi (uuid: c98c1615-0764-41e1-848d-73152bfabe94): xrange 5
[22:26:06] TheRealColmagi (uuid: c98c1615-0764-41e1-848d-73152bfabe94): yrange 5
[22:39:45] TheRealColmagi (uuid: c98c1615-0764-41e1-848d-73152bfabe94): clear
[22:42:45] TheRealColmagi (uuid: c98c1615-0764-41e1-848d-73152bfabe94): ok lets boot this up
[22:42:50] TheRealColmagi (uuid: c98c1615-0764-41e1-848d-73152bfabe94): anpother guard tower LOL
[22:42:53] BowMaster_7 (uuid: 09906eb9-3bd7-461e-9aff-854e2d4b7835): no
[22:42:56] TheRealColmagi (uuid: c98c1615-0764-41e1-848d-73152bfabe94): o ok
[22:42:56] BowMaster_7 (uuid: 09906eb9-3bd7-461e-9aff-854e2d4b7835): lighthouse
[22:43:01] TheRealColmagi (uuid: c98c1615-0764-41e1-848d-73152bfabe94): i see
[22:43:22] TheRealColmagi (uuid: c98c1615-0764-41e1-848d-73152bfabe94): its time to start the horde invsaion
[22:43:29] BowMaster_7 (uuid: 09906eb9-3bd7-461e-9aff-854e2d4b7835): lemme finsih tis
[22:43:32] TheRealColmagi (uuid: c98c1615-0764-41e1-848d-73152bfabe94): too late
[22:43:33] BowMaster_7 (uuid: 09906eb9-3bd7-461e-9aff-854e2d4b7835): you start it
[22:43:35] BowMaster_7 (uuid: 09906eb9-3bd7-461e-9aff-854e2d4b7835): ill join later
[22:43:37] TheRealColmagi (uuid: c98c1615-0764-41e1-848d-73152bfabe94): the horde does not wait
[22:44:29] TheRealColmagi (uuid: c98c1615-0764-41e1-848d-73152bfabe94): oof
[22:44:41] TheRealColmagi (uuid: c98c1615-0764-41e1-848d-73152bfabe94): OOF
[22:47:38] TheRealColmagi (uuid: c98c1615-0764-41e1-848d-73152bfabe94): wow
[22:47:43] TheRealColmagi (uuid: c98c1615-0764-41e1-848d-73152bfabe94): 2 pronged invasion
[22:47:53] TheRealColmagi (uuid: c98c1615-0764-41e1-848d-73152bfabe94): here they come
[22:49:20] BowMaster_7 (uuid: 09906eb9-3bd7-461e-9aff-854e2d4b7835): do you know how to make firepots
[22:49:40] TheRealColmagi (uuid: c98c1615-0764-41e1-848d-73152bfabe94): wow
[22:49:43] TheRealColmagi (uuid: c98c1615-0764-41e1-848d-73152bfabe94): defenders suck ass
[22:50:05] TheRealColmagi (uuid: c98c1615-0764-41e1-848d-73152bfabe94): cant even do their jobs
[22:50:06] BowMaster_7 (uuid: 09906eb9-3bd7-461e-9aff-854e2d4b7835): ?????????????
[22:50:22] BowMaster_7 (uuid: 09906eb9-3bd7-461e-9aff-854e2d4b7835): do you know how to make firepots?
[22:50:27] TheRealColmagi (uuid: c98c1615-0764-41e1-848d-73152bfabe94): wat
[22:50:39] BowMaster_7 (uuid: 09906eb9-3bd7-461e-9aff-854e2d4b7835): i take that as a no
[22:51:19] TheRealColmagi (uuid: c98c1615-0764-41e1-848d-73152bfabe94): we gonna need more guards
[22:52:26] BowMaster_7 (uuid: 09906eb9-3bd7-461e-9aff-854e2d4b7835): yo commere
[22:52:45] TheRealColmagi (uuid: c98c1615-0764-41e1-848d-73152bfabe94): wot
[22:52:56] BowMaster_7 (uuid: 09906eb9-3bd7-461e-9aff-854e2d4b7835): how can i make this bright
[22:53:00] BowMaster_7 (uuid: 09906eb9-3bd7-461e-9aff-854e2d4b7835): like fire
[22:53:00] TheRealColmagi (uuid: c98c1615-0764-41e1-848d-73152bfabe94): uh
[22:53:03] TheRealColmagi (uuid: c98c1615-0764-41e1-848d-73152bfabe94): wat
[22:53:05] BowMaster_7 (uuid: 09906eb9-3bd7-461e-9aff-854e2d4b7835): or glowstone
[22:53:09] BowMaster_7 (uuid: 09906eb9-3bd7-461e-9aff-854e2d4b7835): like idek
[22:53:13] BowMaster_7 (uuid: 09906eb9-3bd7-461e-9aff-854e2d4b7835): itd catch on fire
[22:53:23] TheRealColmagi (uuid: c98c1615-0764-41e1-848d-73152bfabe94): thats about as bright as u can get
[22:58:11] TheRealColmagi (uuid: c98c1615-0764-41e1-848d-73152bfabe94): clear
[22:58:39] TheRealColmagi (uuid: c98c1615-0764-41e1-848d-73152bfabe94): clear
[23:04:01] TheRealColmagi (uuid: c98c1615-0764-41e1-848d-73152bfabe94): eggsde
[23:04:06] TheRealColmagi (uuid: c98c1615-0764-41e1-848d-73152bfabe94): OOF
[23:04:09] TheRealColmagi (uuid: c98c1615-0764-41e1-848d-73152bfabe94): rip
[23:04:21] TheRealColmagi (uuid: c98c1615-0764-41e1-848d-73152bfabe94): damn sentinel
[23:04:27] TheRealColmagi (uuid: c98c1615-0764-41e1-848d-73152bfabe94): keepen em at bay with the bow skill
[23:04:48] TheRealColmagi (uuid: c98c1615-0764-41e1-848d-73152bfabe94): oof
[23:05:49] TheRealColmagi (uuid: c98c1615-0764-41e1-848d-73152bfabe94): top kek
[23:06:35] TheRealColmagi (uuid: c98c1615-0764-41e1-848d-73152bfabe94): oof
[23:06:41] TheRealColmagi (uuid: c98c1615-0764-41e1-848d-73152bfabe94): friendly fire
[23:06:55] TheRealColmagi (uuid: c98c1615-0764-41e1-848d-73152bfabe94): we gotta up the spawn rate
[23:07:01] BowMaster_7 (uuid: 09906eb9-3bd7-461e-9aff-854e2d4b7835): omg no
[23:07:07] BowMaster_7 (uuid: 09906eb9-3bd7-461e-9aff-854e2d4b7835): thers already so many
[23:07:09] TheRealColmagi (uuid: c98c1615-0764-41e1-848d-73152bfabe94): nah
[23:07:13] TheRealColmagi (uuid: c98c1615-0764-41e1-848d-73152bfabe94): sentinel kills em all
[23:07:14] TheRealColmagi (uuid: c98c1615-0764-41e1-848d-73152bfabe94): great bow
[23:07:43] TheRealColmagi (uuid: c98c1615-0764-41e1-848d-73152bfabe94): the knights and the executioner
[23:07:49] TheRealColmagi (uuid: c98c1615-0764-41e1-848d-73152bfabe94): run twice as fast and attack tiwse as fast
[23:07:53] TheRealColmagi (uuid: c98c1615-0764-41e1-848d-73152bfabe94): they do a good job
[23:09:35] TheRealColmagi (uuid: c98c1615-0764-41e1-848d-73152bfabe94): lol
[23:09:41] TheRealColmagi (uuid: c98c1615-0764-41e1-848d-73152bfabe94): time to up the spawn rate
[23:09:55] TheRealColmagi (uuid: c98c1615-0764-41e1-848d-73152bfabe94): here we go
[23:09:59] TheRealColmagi (uuid: c98c1615-0764-41e1-848d-73152bfabe94): its time to see
[23:10:07] TheRealColmagi (uuid: c98c1615-0764-41e1-848d-73152bfabe94): how good our defenses truly are
[23:11:07] BowMaster_7 (uuid: 09906eb9-3bd7-461e-9aff-854e2d4b7835): yo decorate the top of the lighthouse for me
[23:11:09] BowMaster_7 (uuid: 09906eb9-3bd7-461e-9aff-854e2d4b7835): its not big
[23:11:10] TheRealColmagi (uuid: c98c1615-0764-41e1-848d-73152bfabe94): lmao wat
[23:11:20] TheRealColmagi (uuid: c98c1615-0764-41e1-848d-73152bfabe94): damn the knights die
[23:11:30] BowMaster_7 (uuid: 09906eb9-3bd7-461e-9aff-854e2d4b7835): wait
[23:11:38] TheRealColmagi (uuid: c98c1615-0764-41e1-848d-73152bfabe94): its p even with the sentinels
[23:11:38] TheRealColmagi (uuid: c98c1615-0764-41e1-848d-73152bfabe94): op
[23:11:39] BowMaster_7 (uuid: 09906eb9-3bd7-461e-9aff-854e2d4b7835): why are some highlighted
[23:11:42] TheRealColmagi (uuid: c98c1615-0764-41e1-848d-73152bfabe94): its the spy
[23:11:47] TheRealColmagi (uuid: c98c1615-0764-41e1-848d-73152bfabe94): he highlights them to make it easier to find them
[23:11:52] BowMaster_7 (uuid: 09906eb9-3bd7-461e-9aff-854e2d4b7835): ohok
[23:11:54] TheRealColmagi (uuid: c98c1615-0764-41e1-848d-73152bfabe94): see hes got a zombie head
[23:11:58] TheRealColmagi (uuid: c98c1615-0764-41e1-848d-73152bfabe94): they dont target him
[23:12:11] TheRealColmagi (uuid: c98c1615-0764-41e1-848d-73152bfabe94): look at that
[23:12:59] BowMaster_7 (uuid: 09906eb9-3bd7-461e-9aff-854e2d4b7835): can u decorate my lighthouse
[23:13:02] BowMaster_7 (uuid: 09906eb9-3bd7-461e-9aff-854e2d4b7835): just the top
[23:13:03] TheRealColmagi (uuid: c98c1615-0764-41e1-848d-73152bfabe94): wat
[23:13:06] BowMaster_7 (uuid: 09906eb9-3bd7-461e-9aff-854e2d4b7835): i did everything else
[23:13:14] TheRealColmagi (uuid: c98c1615-0764-41e1-848d-73152bfabe94): how do i decorate it lol
[23:13:24] BowMaster_7 (uuid: 09906eb9-3bd7-461e-9aff-854e2d4b7835): idk
[23:13:28] BowMaster_7 (uuid: 09906eb9-3bd7-461e-9aff-854e2d4b7835): thats why i asked u
[23:13:31] TheRealColmagi (uuid: c98c1615-0764-41e1-848d-73152bfabe94): idk either
[23:13:36] TheRealColmagi (uuid: c98c1615-0764-41e1-848d-73152bfabe94): i dont build lighthouses
[23:14:14] TheRealColmagi (uuid: c98c1615-0764-41e1-848d-73152bfabe94): oh shit
[23:14:18] TheRealColmagi (uuid: c98c1615-0764-41e1-848d-73152bfabe94): theyre breaking through
[23:15:20] TheRealColmagi (uuid: c98c1615-0764-41e1-848d-73152bfabe94): clear
[23:17:08] TheRealColmagi (uuid: c98c1615-0764-41e1-848d-73152bfabe94): OOF
[23:17:21] TheRealColmagi (uuid: c98c1615-0764-41e1-848d-73152bfabe94): ya this is nice
[23:18:06] TheRealColmagi (uuid: c98c1615-0764-41e1-848d-73152bfabe94): clear
[23:18:25] TheRealColmagi (uuid: c98c1615-0764-41e1-848d-73152bfabe94): the horde stops when it turns day
[23:18:32] TheRealColmagi (uuid: c98c1615-0764-41e1-848d-73152bfabe94): theyve still got a long way to go
[23:19:38] BowMaster_7 (uuid: 09906eb9-3bd7-461e-9aff-854e2d4b7835): lol theyre only going on the bridge
[23:19:41] TheRealColmagi (uuid: c98c1615-0764-41e1-848d-73152bfabe94): yeah
[23:19:43] TheRealColmagi (uuid: c98c1615-0764-41e1-848d-73152bfabe94): aggro
[23:19:55] TheRealColmagi (uuid: c98c1615-0764-41e1-848d-73152bfabe94): lets see if i can get some over here
[23:20:01] TheRealColmagi (uuid: c98c1615-0764-41e1-848d-73152bfabe94): yep here they come
[23:20:31] TheRealColmagi (uuid: c98c1615-0764-41e1-848d-73152bfabe94): guards actually really suck
[23:20:38] TheRealColmagi (uuid: c98c1615-0764-41e1-848d-73152bfabe94): its the knight and executioner that actually does stuff
[23:20:46] TheRealColmagi (uuid: c98c1615-0764-41e1-848d-73152bfabe94): its almost day
[23:20:57] TheRealColmagi (uuid: c98c1615-0764-41e1-848d-73152bfabe94): ey
[23:22:55] BowMaster_7 (uuid: 09906eb9-3bd7-461e-9aff-854e2d4b7835): yo why is the sentinel attacking me
[23:23:01] TheRealColmagi (uuid: c98c1615-0764-41e1-848d-73152bfabe94): probably cuz u attacked it
[23:23:07] TheRealColmagi (uuid: c98c1615-0764-41e1-848d-73152bfabe94): LOL OOF
[23:23:12] TheRealColmagi (uuid: c98c1615-0764-41e1-848d-73152bfabe94): since ur not the owner
[23:23:16] TheRealColmagi (uuid: c98c1615-0764-41e1-848d-73152bfabe94): u gotta watch out for friendlyfire
[23:23:18] BowMaster_7 (uuid: 09906eb9-3bd7-461e-9aff-854e2d4b7835): dang that things op
[23:23:28] TheRealColmagi (uuid: c98c1615-0764-41e1-848d-73152bfabe94): here i killed it
[23:23:32] BowMaster_7 (uuid: 09906eb9-3bd7-461e-9aff-854e2d4b7835): thakns
[23:23:49] TheRealColmagi (uuid: c98c1615-0764-41e1-848d-73152bfabe94): i think ill put a sentinel in the front as well
[23:24:06] TheRealColmagi (uuid: c98c1615-0764-41e1-848d-73152bfabe94): just like how knights are upgraded guards
[23:24:10] TheRealColmagi (uuid: c98c1615-0764-41e1-848d-73152bfabe94): sentinels are upgraded archers
[23:24:21] BowMaster_7 (uuid: 09906eb9-3bd7-461e-9aff-854e2d4b7835): we need a super op op gyy
[23:24:25] TheRealColmagi (uuid: c98c1615-0764-41e1-848d-73152bfabe94): the executioner
[23:24:25] BowMaster_7 (uuid: 09906eb9-3bd7-461e-9aff-854e2d4b7835): guy
[23:24:27] TheRealColmagi (uuid: c98c1615-0764-41e1-848d-73152bfabe94): runs at double speed
[23:24:30] TheRealColmagi (uuid: c98c1615-0764-41e1-848d-73152bfabe94): sharp 5 axe
[23:24:35] TheRealColmagi (uuid: c98c1615-0764-41e1-848d-73152bfabe94): attacks twice as fast
[23:24:44] BowMaster_7 (uuid: 09906eb9-3bd7-461e-9aff-854e2d4b7835): oh lol
[23:24:47] TheRealColmagi (uuid: c98c1615-0764-41e1-848d-73152bfabe94): i thiink his helmet broike
[23:24:53] TheRealColmagi (uuid: c98c1615-0764-41e1-848d-73152bfabe94): he had prot 4
[23:25:09] BowMaster_7 (uuid: 09906eb9-3bd7-461e-9aff-854e2d4b7835): can you copy the watchtower over
[23:25:13] BowMaster_7 (uuid: 09906eb9-3bd7-461e-9aff-854e2d4b7835): so we have two
[23:25:25] TheRealColmagi (uuid: c98c1615-0764-41e1-848d-73152bfabe94): nvm its buugged
[23:25:28] TheRealColmagi (uuid: c98c1615-0764-41e1-848d-73152bfabe94): what
[23:25:31] TheRealColmagi (uuid: c98c1615-0764-41e1-848d-73152bfabe94): where
[23:25:38] BowMaster_7 (uuid: 09906eb9-3bd7-461e-9aff-854e2d4b7835): doesnt matter specifically
[23:25:44] BowMaster_7 (uuid: 09906eb9-3bd7-461e-9aff-854e2d4b7835): just somewher over to the left
[23:25:50] BowMaster_7 (uuid: 09906eb9-3bd7-461e-9aff-854e2d4b7835): just so we ccan have two
[23:25:58] BowMaster_7 (uuid: 09906eb9-3bd7-461e-9aff-854e2d4b7835): i meant right
[23:26:08] BowMaster_7 (uuid: 09906eb9-3bd7-461e-9aff-854e2d4b7835): like over here
[23:27:20] BowMaster_7 (uuid: 09906eb9-3bd7-461e-9aff-854e2d4b7835): over water
[23:27:26] BowMaster_7 (uuid: 09906eb9-3bd7-461e-9aff-854e2d4b7835): ok then
[23:27:29] TheRealColmagi (uuid: c98c1615-0764-41e1-848d-73152bfabe94): why not right there
[23:27:31] TheRealColmagi (uuid: c98c1615-0764-41e1-848d-73152bfabe94): good coverage
[23:27:33] BowMaster_7 (uuid: 09906eb9-3bd7-461e-9aff-854e2d4b7835): can you put why by me too
[23:27:43] BowMaster_7 (uuid: 09906eb9-3bd7-461e-9aff-854e2d4b7835): put one
[23:28:08] BowMaster_7 (uuid: 09906eb9-3bd7-461e-9aff-854e2d4b7835): i can fix it
[23:32:04] TheRealColmagi (uuid: c98c1615-0764-41e1-848d-73152bfabe94): ill put a sentinel on top
[23:33:41] TheRealColmagi (uuid: c98c1615-0764-41e1-848d-73152bfabe94): shiet is the range not good nough
[23:34:57] TheRealColmagi (uuid: c98c1615-0764-41e1-848d-73152bfabe94): nice bridge
[23:37:02] BowMaster_7 (uuid: 09906eb9-3bd7-461e-9aff-854e2d4b7835): damn
[23:37:11] BowMaster_7 (uuid: 09906eb9-3bd7-461e-9aff-854e2d4b7835): dude this place is sick
[23:37:14] TheRealColmagi (uuid: c98c1615-0764-41e1-848d-73152bfabe94): yeah
[23:37:16] TheRealColmagi (uuid: c98c1615-0764-41e1-848d-73152bfabe94): yeah
[23:37:34] BowMaster_7 (uuid: 09906eb9-3bd7-461e-9aff-854e2d4b7835): ok im gonna go to bed now
[23:37:37] TheRealColmagi (uuid: c98c1615-0764-41e1-848d-73152bfabe94): kk cya
[23:37:39] BowMaster_7 (uuid: 09906eb9-3bd7-461e-9aff-854e2d4b7835): im gettin tired
[23:37:41] BowMaster_7 (uuid: 09906eb9-3bd7-461e-9aff-854e2d4b7835): cya
[23:38:21] TheRealColmagi (uuid: c98c1615-0764-41e1-848d-73152bfabe94): bTHE HORDE RISES AGAIN
[23:38:30] TheRealColmagi (uuid: c98c1615-0764-41e1-848d-73152bfabe94): but thsi time
[23:38:33] TheRealColmagi (uuid: c98c1615-0764-41e1-848d-73152bfabe94): they are prepared
[23:39:05] TheRealColmagi (uuid: c98c1615-0764-41e1-848d-73152bfabe94): uh oh
[23:39:28] TheRealColmagi (uuid: c98c1615-0764-41e1-848d-73152bfabe94): theyve already made it across the bridge!
[23:39:36] TheRealColmagi (uuid: c98c1615-0764-41e1-848d-73152bfabe94): oh balls
[23:40:25] TheRealColmagi (uuid: c98c1615-0764-41e1-848d-73152bfabe94): jesus
