[12:27:41] PiranhaBoy (uuid: 068bfb61-fb8a-4553-8305-2af64537cadb): oh shit
[12:27:45] PiranhaBoy (uuid: 068bfb61-fb8a-4553-8305-2af64537cadb): i think its happening
[12:27:57] PiranhaBoy (uuid: 068bfb61-fb8a-4553-8305-2af64537cadb): one of em has hearts
[12:28:22] PiranhaBoy (uuid: 068bfb61-fb8a-4553-8305-2af64537cadb): jk had
[12:29:16] bryantandpat (uuid: 7961a874-c35f-4f34-a0d1-37205c235291): o shit
[12:29:17] PiranhaBoy (uuid: 068bfb61-fb8a-4553-8305-2af64537cadb): see
[12:29:20] bryantandpat (uuid: 7961a874-c35f-4f34-a0d1-37205c235291):  r they doing it
[12:29:24] PiranhaBoy (uuid: 068bfb61-fb8a-4553-8305-2af64537cadb): the other one had hearts last time
[12:29:31] bryantandpat (uuid: 7961a874-c35f-4f34-a0d1-37205c235291): how do u give them hearts
[12:29:33] PiranhaBoy (uuid: 068bfb61-fb8a-4553-8305-2af64537cadb): they gotta do it at same time
[12:29:49] PiranhaBoy (uuid: 068bfb61-fb8a-4553-8305-2af64537cadb): idk they do it when the village is low population
[12:30:02] PiranhaBoy (uuid: 068bfb61-fb8a-4553-8305-2af64537cadb): and it thinks it has low cause theres only 1 villager down there
[12:30:12] PiranhaBoy (uuid: 068bfb61-fb8a-4553-8305-2af64537cadb): and give em carrots
[12:30:15] bryantandpat (uuid: 7961a874-c35f-4f34-a0d1-37205c235291): so do u just wait here until they both do it
[12:30:27] PiranhaBoy (uuid: 068bfb61-fb8a-4553-8305-2af64537cadb): yea
[12:30:30] bryantandpat (uuid: 7961a874-c35f-4f34-a0d1-37205c235291): kk
[12:30:34] PiranhaBoy (uuid: 068bfb61-fb8a-4553-8305-2af64537cadb): said it takes like 8 minutes
[12:31:32] PiranhaBoy (uuid: 068bfb61-fb8a-4553-8305-2af64537cadb): i found a villager who gives sharp 4 book
[12:31:42] bryantandpat (uuid: 7961a874-c35f-4f34-a0d1-37205c235291): jesos
[12:31:49] PiranhaBoy (uuid: 068bfb61-fb8a-4553-8305-2af64537cadb): but its like 3000 bloacks out
[12:32:15] PiranhaBoy (uuid: 068bfb61-fb8a-4553-8305-2af64537cadb): wtf is this
[12:32:19] bryantandpat (uuid: 7961a874-c35f-4f34-a0d1-37205c235291): gna make afk pool
[12:32:27] bryantandpat (uuid: 7961a874-c35f-4f34-a0d1-37205c235291): so i dont get kicked
[12:33:20] PiranhaBoy (uuid: 068bfb61-fb8a-4553-8305-2af64537cadb): i wanna make creeper farm but i dont have cats
[12:33:25] PiranhaBoy (uuid: 068bfb61-fb8a-4553-8305-2af64537cadb): @do you know if theres a jungle
[12:33:35] bryantandpat (uuid: 7961a874-c35f-4f34-a0d1-37205c235291): how do u get cats
[12:33:36] PiranhaBoy (uuid: 068bfb61-fb8a-4553-8305-2af64537cadb): do you know if theres a jg
[12:33:46] bryantandpat (uuid: 7961a874-c35f-4f34-a0d1-37205c235291): idk
[12:34:31] PiranhaBoy (uuid: 068bfb61-fb8a-4553-8305-2af64537cadb): theyre doing it
[12:34:52] PiranhaBoy (uuid: 068bfb61-fb8a-4553-8305-2af64537cadb): theres three now
[12:34:58] bryantandpat (uuid: 7961a874-c35f-4f34-a0d1-37205c235291): ezz
[12:35:30] PiranhaBoy (uuid: 068bfb61-fb8a-4553-8305-2af64537cadb): lets make a sugeracne farm
[12:35:36] PiranhaBoy (uuid: 068bfb61-fb8a-4553-8305-2af64537cadb): for emeralds
[12:35:39] bryantandpat (uuid: 7961a874-c35f-4f34-a0d1-37205c235291): how
[12:35:51] PiranhaBoy (uuid: 068bfb61-fb8a-4553-8305-2af64537cadb): jk it takes a shit ton of pistons
[12:35:54] bryantandpat (uuid: 7961a874-c35f-4f34-a0d1-37205c235291): o trade with villagers?
[12:35:59] PiranhaBoy (uuid: 068bfb61-fb8a-4553-8305-2af64537cadb): get james for resouces
[12:36:02] bryantandpat (uuid: 7961a874-c35f-4f34-a0d1-37205c235291): i think ians making one over there
[12:36:14] bryantandpat (uuid: 7961a874-c35f-4f34-a0d1-37205c235291): its tiny tho
[12:36:39] PiranhaBoy (uuid: 068bfb61-fb8a-4553-8305-2af64537cadb): small aff tho
[12:36:44] bryantandpat (uuid: 7961a874-c35f-4f34-a0d1-37205c235291): ye
[12:52:00] TheRealColmagi (uuid: c98c1615-0764-41e1-848d-73152bfabe94): i got AUTS
[12:52:07] TheRealColmagi (uuid: c98c1615-0764-41e1-848d-73152bfabe94): ez whataburger
[12:52:09] TheRealColmagi (uuid: c98c1615-0764-41e1-848d-73152bfabe94): whata nigger
[12:52:10] PiranhaBoy (uuid: 068bfb61-fb8a-4553-8305-2af64537cadb): j
[12:52:18] TheRealColmagi (uuid: c98c1615-0764-41e1-848d-73152bfabe94): for jew
[12:52:19] PiranhaBoy (uuid: 068bfb61-fb8a-4553-8305-2af64537cadb): ima afk 5 mins gotta eat
[12:52:58] iMine03 (uuid: 0f9d4172-c235-4bd2-9897-490c4a93ddfe): holy yisong's dick is so tall now the clouds r moving through it
[12:53:18] TheRealColmagi (uuid: c98c1615-0764-41e1-848d-73152bfabe94): wtf nigga
[12:53:33] iMine03 (uuid: 0f9d4172-c235-4bd2-9897-490c4a93ddfe): ay teleport me up there
[12:53:51] TheRealColmagi (uuid: c98c1615-0764-41e1-848d-73152bfabe94): dis nigga in afk fountain
[12:53:52] iMine03 (uuid: 0f9d4172-c235-4bd2-9897-490c4a93ddfe): ez time to start building again
[12:54:11] TheRealColmagi (uuid: c98c1615-0764-41e1-848d-73152bfabe94): jewwwssss
[12:54:22] TheRealColmagi (uuid: c98c1615-0764-41e1-848d-73152bfabe94): OH SHIT
[12:54:27] TheRealColmagi (uuid: c98c1615-0764-41e1-848d-73152bfabe94): VILLAGERS JUST MADE A BABY
[12:54:32] TheRealColmagi (uuid: c98c1615-0764-41e1-848d-73152bfabe94): holy shit
[12:54:35] TheRealColmagi (uuid: c98c1615-0764-41e1-848d-73152bfabe94): HOLY SHIT
[12:54:38] TheRealColmagi (uuid: c98c1615-0764-41e1-848d-73152bfabe94): ITS PORN
[12:54:42] TheRealColmagi (uuid: c98c1615-0764-41e1-848d-73152bfabe94): DEREK IT WORKED
[12:54:53] TheRealColmagi (uuid: c98c1615-0764-41e1-848d-73152bfabe94): the 2 white ngigas made another white nigga
[12:55:00] TheRealColmagi (uuid: c98c1615-0764-41e1-848d-73152bfabe94): THEY DID IT AGAIN
[12:55:02] TheRealColmagi (uuid: c98c1615-0764-41e1-848d-73152bfabe94): @WTF
[12:55:04] TheRealColmagi (uuid: c98c1615-0764-41e1-848d-73152bfabe94): WTF
[12:55:22] TheRealColmagi (uuid: c98c1615-0764-41e1-848d-73152bfabe94): wack
[12:56:25] TheRealColmagi (uuid: c98c1615-0764-41e1-848d-73152bfabe94): ez
[12:56:34] TheRealColmagi (uuid: c98c1615-0764-41e1-848d-73152bfabe94): deez niggas
[12:56:38] TheRealColmagi (uuid: c98c1615-0764-41e1-848d-73152bfabe94): smashing hard
[12:57:29] TheRealColmagi (uuid: c98c1615-0764-41e1-848d-73152bfabe94): nigga they smashed
[12:57:31] TheRealColmagi (uuid: c98c1615-0764-41e1-848d-73152bfabe94): u see that shit
[12:57:34] bryantandpat (uuid: 7961a874-c35f-4f34-a0d1-37205c235291): ye ez
[12:58:25] TheRealColmagi (uuid: c98c1615-0764-41e1-848d-73152bfabe94): nigba
[13:01:04] TheRealColmagi (uuid: c98c1615-0764-41e1-848d-73152bfabe94): goon squead
[13:01:40] TheRealColmagi (uuid: c98c1615-0764-41e1-848d-73152bfabe94): wtf
[13:01:52] TheRealColmagi (uuid: c98c1615-0764-41e1-848d-73152bfabe94): are these niggas going to lunch
[13:12:02] TheRealColmagi (uuid: c98c1615-0764-41e1-848d-73152bfabe94): the incredible fella
[13:12:14] iMine03 (uuid: 0f9d4172-c235-4bd2-9897-490c4a93ddfe): ran out of wood
[13:15:48] iMine03 (uuid: 0f9d4172-c235-4bd2-9897-490c4a93ddfe): nigget jesos
[13:15:50] TheRealColmagi (uuid: c98c1615-0764-41e1-848d-73152bfabe94): nigga WOT
[13:16:01] iMine03 (uuid: 0f9d4172-c235-4bd2-9897-490c4a93ddfe): there were like 5 plus a skeleton and i was trapped
[13:16:06] iMine03 (uuid: 0f9d4172-c235-4bd2-9897-490c4a93ddfe): nigget help
[13:16:12] TheRealColmagi (uuid: c98c1615-0764-41e1-848d-73152bfabe94): where did u die
[13:16:18] iMine03 (uuid: 0f9d4172-c235-4bd2-9897-490c4a93ddfe): in a cave
[13:16:28] TheRealColmagi (uuid: c98c1615-0764-41e1-848d-73152bfabe94): niga idk where u died
[13:16:38] iMine03 (uuid: 0f9d4172-c235-4bd2-9897-490c4a93ddfe): gimme fly for a sec lemme find the place
[13:17:45] iMine03 (uuid: 0f9d4172-c235-4bd2-9897-490c4a93ddfe): wtf
[13:18:18] iMine03 (uuid: 0f9d4172-c235-4bd2-9897-490c4a93ddfe): it's one of thee caves
[13:18:31] iMine03 (uuid: 0f9d4172-c235-4bd2-9897-490c4a93ddfe): found it
[13:19:25] TheRealColmagi (uuid: c98c1615-0764-41e1-848d-73152bfabe94): nice
[13:20:20] iMine03 (uuid: 0f9d4172-c235-4bd2-9897-490c4a93ddfe): come mine w me nigg
[13:22:12] iMine03 (uuid: 0f9d4172-c235-4bd2-9897-490c4a93ddfe): shit pick broke
[13:22:36] iMine03 (uuid: 0f9d4172-c235-4bd2-9897-490c4a93ddfe): nvm
[13:22:39] iMine03 (uuid: 0f9d4172-c235-4bd2-9897-490c4a93ddfe): got new one
[13:22:42] TheRealColmagi (uuid: c98c1615-0764-41e1-848d-73152bfabe94): nice
[13:26:49] TheRealColmagi (uuid: c98c1615-0764-41e1-848d-73152bfabe94): ez
[13:27:54] bryantandpat (uuid: 7961a874-c35f-4f34-a0d1-37205c235291): what
[13:29:30] TheRealColmagi (uuid: c98c1615-0764-41e1-848d-73152bfabe94): lag
[13:29:32] bryantandpat (uuid: 7961a874-c35f-4f34-a0d1-37205c235291): holy fuck
[13:30:08] iMine03 (uuid: 0f9d4172-c235-4bd2-9897-490c4a93ddfe): jesusstop streaming 4k porn james
[13:30:12] TheRealColmagi (uuid: c98c1615-0764-41e1-848d-73152bfabe94): mhm
[13:32:14] bryantandpat (uuid: 7961a874-c35f-4f34-a0d1-37205c235291): jesos
[13:32:23] bryantandpat (uuid: 7961a874-c35f-4f34-a0d1-37205c235291): how dou get pigmen to stop chasing u
[13:34:32] iMine03 (uuid: 0f9d4172-c235-4bd2-9897-490c4a93ddfe): shit
[13:34:37] iMine03 (uuid: 0f9d4172-c235-4bd2-9897-490c4a93ddfe): my second pik broke
[13:36:56] TheRealColmagi (uuid: c98c1615-0764-41e1-848d-73152bfabe94): fk this mining shit
[13:37:11] bryantandpat (uuid: 7961a874-c35f-4f34-a0d1-37205c235291):  what u guys doing
[13:37:13] TheRealColmagi (uuid: c98c1615-0764-41e1-848d-73152bfabe94): where u want me to stick the shit i mined
[13:37:35] iMine03 (uuid: 0f9d4172-c235-4bd2-9897-490c4a93ddfe): here gimme
[13:37:42] TheRealColmagi (uuid: c98c1615-0764-41e1-848d-73152bfabe94): wtf
[13:37:44] TheRealColmagi (uuid: c98c1615-0764-41e1-848d-73152bfabe94): u takin this base back
[13:37:54] iMine03 (uuid: 0f9d4172-c235-4bd2-9897-490c4a93ddfe): just put it in a chest
[13:38:15] TheRealColmagi (uuid: c98c1615-0764-41e1-848d-73152bfabe94): remember gunpowder good
[13:38:17] TheRealColmagi (uuid: c98c1615-0764-41e1-848d-73152bfabe94): makes fireworks
[13:38:33] bryantandpat (uuid: 7961a874-c35f-4f34-a0d1-37205c235291): nig accept
[13:38:35] TheRealColmagi (uuid: c98c1615-0764-41e1-848d-73152bfabe94): dayunm gotta take a fat shit
[13:52:59] bryantandpat (uuid: 7961a874-c35f-4f34-a0d1-37205c235291): idk just found it
[13:53:39] bryantandpat (uuid: 7961a874-c35f-4f34-a0d1-37205c235291): holy shit
[13:53:43] bryantandpat (uuid: 7961a874-c35f-4f34-a0d1-37205c235291): its a black beacon
[13:57:26] TheRealColmagi (uuid: c98c1615-0764-41e1-848d-73152bfabe94): ayo arthur says hes tryna fix his computer to get on
[13:57:40] TheRealColmagi (uuid: c98c1615-0764-41e1-848d-73152bfabe94): ay
[13:58:06] bryantandpat (uuid: 7961a874-c35f-4f34-a0d1-37205c235291): whats this
[14:05:25] PiranhaBoy (uuid: 068bfb61-fb8a-4553-8305-2af64537cadb): yo
[14:05:30] TheRealColmagi (uuid: c98c1615-0764-41e1-848d-73152bfabe94): wat
[14:05:31] PiranhaBoy (uuid: 068bfb61-fb8a-4553-8305-2af64537cadb): lets call and play
[14:05:35] TheRealColmagi (uuid: c98c1615-0764-41e1-848d-73152bfabe94): ok
[14:06:13] bryantandpat (uuid: 7961a874-c35f-4f34-a0d1-37205c235291): auts
[14:06:17] TheRealColmagi (uuid: c98c1615-0764-41e1-848d-73152bfabe94): gotem
[14:06:22] bryantandpat (uuid: 7961a874-c35f-4f34-a0d1-37205c235291): elytra keeps glitching
[14:07:28] iMine03 (uuid: 0f9d4172-c235-4bd2-9897-490c4a93ddfe): nigget dafuq
[14:07:30] iMine03 (uuid: 0f9d4172-c235-4bd2-9897-490c4a93ddfe): james
[14:07:38] iMine03 (uuid: 0f9d4172-c235-4bd2-9897-490c4a93ddfe): everytime i build here it removes a block instead
[14:16:46] TheRealColmagi (uuid: c98c1615-0764-41e1-848d-73152bfabe94): nice
[14:17:06] bigboi2016 (uuid: bddd595a-c3c6-47b5-b788-70d5b62550ff): how to tp them to u
[14:17:19] iMine03 (uuid: 0f9d4172-c235-4bd2-9897-490c4a93ddfe): ?
[14:17:29] bigboi2016 (uuid: bddd595a-c3c6-47b5-b788-70d5b62550ff): how to tp them to u
[14:17:41] bigboi2016 (uuid: bddd595a-c3c6-47b5-b788-70d5b62550ff): where my porkchops
[14:18:02] bigboi2016 (uuid: bddd595a-c3c6-47b5-b788-70d5b62550ff): and what is this
[14:18:09] bigboi2016 (uuid: bddd595a-c3c6-47b5-b788-70d5b62550ff): how u fly
[14:18:32] TheRealColmagi (uuid: c98c1615-0764-41e1-848d-73152bfabe94): prime autism
[14:18:39] bryantandpat (uuid: 7961a874-c35f-4f34-a0d1-37205c235291): holy shit
[14:18:40] bigboi2016 (uuid: bddd595a-c3c6-47b5-b788-70d5b62550ff): ethan tf
[14:18:44] bigboi2016 (uuid: bddd595a-c3c6-47b5-b788-70d5b62550ff): asnwer me
[14:18:46] iMine03 (uuid: 0f9d4172-c235-4bd2-9897-490c4a93ddfe): what
[14:18:48] bryantandpat (uuid: 7961a874-c35f-4f34-a0d1-37205c235291): villlagers making babies faster than rabbits
[14:18:50] bigboi2016 (uuid: bddd595a-c3c6-47b5-b788-70d5b62550ff): how u fly
[14:18:54] bigboi2016 (uuid: bddd595a-c3c6-47b5-b788-70d5b62550ff): elite?
[14:19:04] bigboi2016 (uuid: bddd595a-c3c6-47b5-b788-70d5b62550ff): also what command to tp someone to your location
[14:19:07] bigboi2016 (uuid: bddd595a-c3c6-47b5-b788-70d5b62550ff): ALRIT
[14:19:16] bigboi2016 (uuid: bddd595a-c3c6-47b5-b788-70d5b62550ff): what command to tp someone to your location
[14:19:17] bigboi2016 (uuid: bddd595a-c3c6-47b5-b788-70d5b62550ff): what command to tp someone to your location
[14:19:26] iMine03 (uuid: 0f9d4172-c235-4bd2-9897-490c4a93ddfe): it's /tpahere
[14:19:36] bigboi2016 (uuid: bddd595a-c3c6-47b5-b788-70d5b62550ff): bruh this part isnt even claimed
[14:19:40] bigboi2016 (uuid: bddd595a-c3c6-47b5-b788-70d5b62550ff): shit
[14:20:01] TheRealColmagi (uuid: c98c1615-0764-41e1-848d-73152bfabe94): wtf
[14:22:41] bigboi2016 (uuid: bddd595a-c3c6-47b5-b788-70d5b62550ff): henlo
[14:22:41] TheRealColmagi (uuid: c98c1615-0764-41e1-848d-73152bfabe94): u spooky
[14:22:44] bigboi2016 (uuid: bddd595a-c3c6-47b5-b788-70d5b62550ff): thank you
[14:33:46] bryantandpat (uuid: 7961a874-c35f-4f34-a0d1-37205c235291): i dont think its working anymore
[14:33:54] bryantandpat (uuid: 7961a874-c35f-4f34-a0d1-37205c235291):  the guys not opening and closing the doors
[14:34:08] PiranhaBoy (uuid: 068bfb61-fb8a-4553-8305-2af64537cadb): shoot
[14:34:10] PiranhaBoy (uuid: 068bfb61-fb8a-4553-8305-2af64537cadb): i did that i think
[14:34:17] bryantandpat (uuid: 7961a874-c35f-4f34-a0d1-37205c235291): wait what happened
[14:34:25] PiranhaBoy (uuid: 068bfb61-fb8a-4553-8305-2af64537cadb): i put the other villagers too close
[14:35:18] bryantandpat (uuid: 7961a874-c35f-4f34-a0d1-37205c235291): o
[14:35:29] bigboi2016 (uuid: bddd595a-c3c6-47b5-b788-70d5b62550ff): HElP
[14:35:32] bryantandpat (uuid: 7961a874-c35f-4f34-a0d1-37205c235291): fuck
[14:35:35] bryantandpat (uuid: 7961a874-c35f-4f34-a0d1-37205c235291):  james
[14:35:37] bryantandpat (uuid: 7961a874-c35f-4f34-a0d1-37205c235291): help
[14:35:38] PiranhaBoy (uuid: 068bfb61-fb8a-4553-8305-2af64537cadb): gimme some torches
[14:36:06] bigboi2016 (uuid: bddd595a-c3c6-47b5-b788-70d5b62550ff): jesus
[14:37:18] TheRealColmagi (uuid: c98c1615-0764-41e1-848d-73152bfabe94): wtf
[14:40:08] TheRealColmagi (uuid: c98c1615-0764-41e1-848d-73152bfabe94): wtf
[14:40:15] TheRealColmagi (uuid: c98c1615-0764-41e1-848d-73152bfabe94): everyone has abandoned me
[14:40:20] bigboi2016 (uuid: bddd595a-c3c6-47b5-b788-70d5b62550ff): whered they go
[14:40:48] TheRealColmagi (uuid: c98c1615-0764-41e1-848d-73152bfabe94): idk
[14:43:57] PiranhaBoy (uuid: 068bfb61-fb8a-4553-8305-2af64537cadb): alex can you give me permission to ur house
[14:44:02] PiranhaBoy (uuid: 068bfb61-fb8a-4553-8305-2af64537cadb): i need to build under it
[14:51:01] TheRealColmagi (uuid: c98c1615-0764-41e1-848d-73152bfabe94): AAAAAAAAAAAA
[14:58:43] TheRealColmagi (uuid: c98c1615-0764-41e1-848d-73152bfabe94): did ur internetberak
[14:58:47] TheRealColmagi (uuid: c98c1615-0764-41e1-848d-73152bfabe94): u left call
[14:59:45] TheRealColmagi (uuid: c98c1615-0764-41e1-848d-73152bfabe94): fireworks are flares
[14:59:49] TheRealColmagi (uuid: c98c1615-0764-41e1-848d-73152bfabe94): just like in attack on ttian!
[15:00:00] TheRealColmagi (uuid: c98c1615-0764-41e1-848d-73152bfabe94): hehe xd
[15:01:33] PiranhaBoy (uuid: 068bfb61-fb8a-4553-8305-2af64537cadb): time set day nigga
[15:01:37] PiranhaBoy (uuid: 068bfb61-fb8a-4553-8305-2af64537cadb): time sat day
[15:01:57] PiranhaBoy (uuid: 068bfb61-fb8a-4553-8305-2af64537cadb): get a OT MOD
[15:02:01] PiranhaBoy (uuid: 068bfb61-fb8a-4553-8305-2af64537cadb): aot
[15:03:23] TheRealColmagi (uuid: c98c1615-0764-41e1-848d-73152bfabe94): no aot mods
[15:03:32] PiranhaBoy (uuid: 068bfb61-fb8a-4553-8305-2af64537cadb): time set day then
[15:03:32] TheRealColmagi (uuid: c98c1615-0764-41e1-848d-73152bfabe94): one adds 3dmg but doesnt work
[15:03:41] TheRealColmagi (uuid: c98c1615-0764-41e1-848d-73152bfabe94): the otherone is way outdated
[15:06:53] PiranhaBoy (uuid: 068bfb61-fb8a-4553-8305-2af64537cadb): fucking mvoe
[15:06:59] PiranhaBoy (uuid: 068bfb61-fb8a-4553-8305-2af64537cadb): get out
[15:08:44] TheRealColmagi (uuid: c98c1615-0764-41e1-848d-73152bfabe94): gay
[15:10:36] TheRealColmagi (uuid: c98c1615-0764-41e1-848d-73152bfabe94): ez
[15:15:08] PiranhaBoy (uuid: 068bfb61-fb8a-4553-8305-2af64537cadb): time set day nigga
[15:26:48] PiranhaBoy (uuid: 068bfb61-fb8a-4553-8305-2af64537cadb): ntime set day
[16:26:26] bryantandpat (uuid: 7961a874-c35f-4f34-a0d1-37205c235291): what u doing james
[16:51:51] TheRealColmagi (uuid: c98c1615-0764-41e1-848d-73152bfabe94): wtf
[16:51:56] bryantandpat (uuid: 7961a874-c35f-4f34-a0d1-37205c235291): what
[16:52:04] bryantandpat (uuid: 7961a874-c35f-4f34-a0d1-37205c235291): james do u not sell soulsand
[16:52:08] TheRealColmagi (uuid: c98c1615-0764-41e1-848d-73152bfabe94): no
[16:52:13] bryantandpat (uuid: 7961a874-c35f-4f34-a0d1-37205c235291): jesos why not
[16:52:15] TheRealColmagi (uuid: c98c1615-0764-41e1-848d-73152bfabe94): idk
[16:53:08] bryantandpat (uuid: 7961a874-c35f-4f34-a0d1-37205c235291): ez found a shit ton
[17:07:14] bryantandpat (uuid: 7961a874-c35f-4f34-a0d1-37205c235291): shit
[17:35:50] bryantandpat (uuid: 7961a874-c35f-4f34-a0d1-37205c235291): bruh
[17:35:54] bryantandpat (uuid: 7961a874-c35f-4f34-a0d1-37205c235291): wtf happened
[17:36:02] iMine03 (uuid: 0f9d4172-c235-4bd2-9897-490c4a93ddfe): ???
[17:36:07] bryantandpat (uuid: 7961a874-c35f-4f34-a0d1-37205c235291):  the villagers r gone
[17:36:12] bryantandpat (uuid: 7961a874-c35f-4f34-a0d1-37205c235291):  and theres a fucking baby villager
[17:36:15] iMine03 (uuid: 0f9d4172-c235-4bd2-9897-490c4a93ddfe): nigget i literally just logged on
[17:48:44] bryantandpat (uuid: 7961a874-c35f-4f34-a0d1-37205c235291): holy did u open the fence gate
[17:48:53] iMine03 (uuid: 0f9d4172-c235-4bd2-9897-490c4a93ddfe): yeah just now to get out
[17:48:58] iMine03 (uuid: 0f9d4172-c235-4bd2-9897-490c4a93ddfe): litearlly a second ago
[17:49:29] bryantandpat (uuid: 7961a874-c35f-4f34-a0d1-37205c235291): ian help
[17:49:30] JohnProdman (uuid: 4150cd4b-a415-4298-bdc7-c9e330b466cc): SLIMEFUN
[17:49:33] JohnProdman (uuid: 4150cd4b-a415-4298-bdc7-c9e330b466cc): please
[17:49:35] bryantandpat (uuid: 7961a874-c35f-4f34-a0d1-37205c235291):  my villagers died
[17:49:38] JohnProdman (uuid: 4150cd4b-a415-4298-bdc7-c9e330b466cc): NOOO
[17:49:41] JohnProdman (uuid: 4150cd4b-a415-4298-bdc7-c9e330b466cc): U didnt add
[17:49:51] bryantandpat (uuid: 7961a874-c35f-4f34-a0d1-37205c235291): wait ersong was the baby a regular zombie
[17:49:59] iiBethanyii (uuid: 017ec225-2727-4d08-b15d-c5d9f307a55c): ur villagers wat
[17:50:02] iMine03 (uuid: 0f9d4172-c235-4bd2-9897-490c4a93ddfe): no it was villager zombie
[17:50:06] bryantandpat (uuid: 7961a874-c35f-4f34-a0d1-37205c235291): holy fuck
[17:50:09] iiBethanyii (uuid: 017ec225-2727-4d08-b15d-c5d9f307a55c): use the village
[17:50:16] bryantandpat (uuid: 7961a874-c35f-4f34-a0d1-37205c235291):  that means a zombie got in somehow
[17:50:18] iiBethanyii (uuid: 017ec225-2727-4d08-b15d-c5d9f307a55c): use the village
[17:50:25] bryantandpat (uuid: 7961a874-c35f-4f34-a0d1-37205c235291):  wait everything was blocked off tho
[17:50:30] bryantandpat (uuid: 7961a874-c35f-4f34-a0d1-37205c235291):  and i had torches everywhere
[17:50:31] iiBethanyii (uuid: 017ec225-2727-4d08-b15d-c5d9f307a55c): maybe
[17:50:36] iiBethanyii (uuid: 017ec225-2727-4d08-b15d-c5d9f307a55c): a zombie SpAwnEd in there
[17:50:42] JohnProdman (uuid: 4150cd4b-a415-4298-bdc7-c9e330b466cc): hmmm
[17:50:45] JohnProdman (uuid: 4150cd4b-a415-4298-bdc7-c9e330b466cc): ya think
[17:50:45] bryantandpat (uuid: 7961a874-c35f-4f34-a0d1-37205c235291): bruh do u see how many torches there r
[17:50:47] bryantandpat (uuid: 7961a874-c35f-4f34-a0d1-37205c235291):  no way
[17:51:31] JohnProdman (uuid: 4150cd4b-a415-4298-bdc7-c9e330b466cc): u like the cane i planted
[17:52:00] bryantandpat (uuid: 7961a874-c35f-4f34-a0d1-37205c235291): wait holy shit i know how
[17:52:09] JohnProdman (uuid: 4150cd4b-a415-4298-bdc7-c9e330b466cc): fel ldown hole
[17:52:19] bryantandpat (uuid: 7961a874-c35f-4f34-a0d1-37205c235291): they went off the cow pen and landed on the fence
[17:52:22] bryantandpat (uuid: 7961a874-c35f-4f34-a0d1-37205c235291):  and then climbed in
[17:52:28] bryantandpat (uuid: 7961a874-c35f-4f34-a0d1-37205c235291): auteeessssssmooooooo
[17:52:31] iMine03 (uuid: 0f9d4172-c235-4bd2-9897-490c4a93ddfe): mhm
[17:52:37] bryantandpat (uuid: 7961a874-c35f-4f34-a0d1-37205c235291): legit i just tried it
[17:52:39] bryantandpat (uuid: 7961a874-c35f-4f34-a0d1-37205c235291):  it works
[17:52:55] JohnProdman (uuid: 4150cd4b-a415-4298-bdc7-c9e330b466cc): can u get there without jumping
[17:53:02] bryantandpat (uuid: 7961a874-c35f-4f34-a0d1-37205c235291): ye
[17:53:07] JohnProdman (uuid: 4150cd4b-a415-4298-bdc7-c9e330b466cc): yea thats porbably it
[17:53:08] JohnProdman (uuid: 4150cd4b-a415-4298-bdc7-c9e330b466cc): james
[17:53:10] bryantandpat (uuid: 7961a874-c35f-4f34-a0d1-37205c235291): fuck me in the ass
[17:53:33] bryantandpat (uuid: 7961a874-c35f-4f34-a0d1-37205c235291): holy auts
[17:53:39] bryantandpat (uuid: 7961a874-c35f-4f34-a0d1-37205c235291): ima build a glass dome around it
[17:54:11] bryantandpat (uuid: 7961a874-c35f-4f34-a0d1-37205c235291): ian wtf
[17:54:15] bryantandpat (uuid: 7961a874-c35f-4f34-a0d1-37205c235291):  happened to the farm
[17:54:19] bryantandpat (uuid: 7961a874-c35f-4f34-a0d1-37205c235291):  its frozen
[17:54:25] JohnProdman (uuid: 4150cd4b-a415-4298-bdc7-c9e330b466cc): thats me
[17:54:27] JohnProdman (uuid: 4150cd4b-a415-4298-bdc7-c9e330b466cc): frost walker
[17:54:37] bryantandpat (uuid: 7961a874-c35f-4f34-a0d1-37205c235291): o
[17:55:14] iiBethanyii (uuid: 017ec225-2727-4d08-b15d-c5d9f307a55c): ree
[17:55:18] JohnProdman (uuid: 4150cd4b-a415-4298-bdc7-c9e330b466cc): fuck off
[17:56:15] JohnProdman (uuid: 4150cd4b-a415-4298-bdc7-c9e330b466cc): matthew
[17:56:18] bryantandpat (uuid: 7961a874-c35f-4f34-a0d1-37205c235291): what
[17:56:25] JohnProdman (uuid: 4150cd4b-a415-4298-bdc7-c9e330b466cc): if we can pool together 200000 we will be rich
[17:56:28] bryantandpat (uuid: 7961a874-c35f-4f34-a0d1-37205c235291): why
[17:56:31] JohnProdman (uuid: 4150cd4b-a415-4298-bdc7-c9e330b466cc): i can make a creeper farm
[17:56:36] bryantandpat (uuid: 7961a874-c35f-4f34-a0d1-37205c235291): mhm
[17:56:40] bryantandpat (uuid: 7961a874-c35f-4f34-a0d1-37205c235291):  i want to get a beacon first
[17:56:45] JohnProdman (uuid: 4150cd4b-a415-4298-bdc7-c9e330b466cc): then we sell gunpower 16 for $32
[17:56:48] JohnProdman (uuid: 4150cd4b-a415-4298-bdc7-c9e330b466cc): we can get afk
[17:56:52] JohnProdman (uuid: 4150cd4b-a415-4298-bdc7-c9e330b466cc): buddy boy
[17:56:53] bryantandpat (uuid: 7961a874-c35f-4f34-a0d1-37205c235291): bruh netherwarts better
[17:57:00] JohnProdman (uuid: 4150cd4b-a415-4298-bdc7-c9e330b466cc): nether warts take forever
[17:57:02] bryantandpat (uuid: 7961a874-c35f-4f34-a0d1-37205c235291): 16 for $64
[17:57:05] JohnProdman (uuid: 4150cd4b-a415-4298-bdc7-c9e330b466cc): i have a fuckign bot running i know
[17:57:13] bryantandpat (uuid: 7961a874-c35f-4f34-a0d1-37205c235291): kk
[17:57:18] bryantandpat (uuid: 7961a874-c35f-4f34-a0d1-37205c235291): we can ask maple for some monet
[17:57:21] JohnProdman (uuid: 4150cd4b-a415-4298-bdc7-c9e330b466cc): i can get u a beacon
[17:57:25] bryantandpat (uuid: 7961a874-c35f-4f34-a0d1-37205c235291): wait how
[17:57:29] JohnProdman (uuid: 4150cd4b-a415-4298-bdc7-c9e330b466cc): i got wither skulls
[17:57:34] bryantandpat (uuid: 7961a874-c35f-4f34-a0d1-37205c235291): o shit
[17:57:34] JohnProdman (uuid: 4150cd4b-a415-4298-bdc7-c9e330b466cc): do u
[17:57:37] bryantandpat (uuid: 7961a874-c35f-4f34-a0d1-37205c235291): no
[17:57:57] JohnProdman (uuid: 4150cd4b-a415-4298-bdc7-c9e330b466cc): yea i have 3 skulls
[17:58:03] bryantandpat (uuid: 7961a874-c35f-4f34-a0d1-37205c235291): howd u get them
[17:58:10] JohnProdman (uuid: 4150cd4b-a415-4298-bdc7-c9e330b466cc): killing wither skelles
[17:58:20] bryantandpat (uuid: 7961a874-c35f-4f34-a0d1-37205c235291): wait lets kill the wither rn
[17:58:28] JohnProdman (uuid: 4150cd4b-a415-4298-bdc7-c9e330b466cc): will u survive
[17:58:36] bryantandpat (uuid: 7961a874-c35f-4f34-a0d1-37205c235291):  i have god apples
[17:58:41] bryantandpat (uuid: 7961a874-c35f-4f34-a0d1-37205c235291): from maple
[17:58:51] JohnProdman (uuid: 4150cd4b-a415-4298-bdc7-c9e330b466cc): alright ima get a bow
[17:58:55] JohnProdman (uuid: 4150cd4b-a415-4298-bdc7-c9e330b466cc): or make an op bow
[17:58:58] bryantandpat (uuid: 7961a874-c35f-4f34-a0d1-37205c235291): lets kill him underground
[17:59:04] bryantandpat (uuid: 7961a874-c35f-4f34-a0d1-37205c235291): so he doesnt rape the surface
[17:59:11] JohnProdman (uuid: 4150cd4b-a415-4298-bdc7-c9e330b466cc): gimmie the bowi gave u
[17:59:17] bryantandpat (uuid: 7961a874-c35f-4f34-a0d1-37205c235291): which one
[17:59:20] JohnProdman (uuid: 4150cd4b-a415-4298-bdc7-c9e330b466cc): the good one
[17:59:42] JohnProdman (uuid: 4150cd4b-a415-4298-bdc7-c9e330b466cc): i got it
[17:59:45] JohnProdman (uuid: 4150cd4b-a415-4298-bdc7-c9e330b466cc): the one i fished up
[18:00:36] bryantandpat (uuid: 7961a874-c35f-4f34-a0d1-37205c235291): do u wanna do it now
[18:00:43] JohnProdman (uuid: 4150cd4b-a415-4298-bdc7-c9e330b466cc): i wnana enchant this bow
[18:01:08] JohnProdman (uuid: 4150cd4b-a415-4298-bdc7-c9e330b466cc): do u have power books
[18:01:14] bryantandpat (uuid: 7961a874-c35f-4f34-a0d1-37205c235291): no
[18:01:21] JohnProdman (uuid: 4150cd4b-a415-4298-bdc7-c9e330b466cc): i can make an infinity book
[18:01:23] bryantandpat (uuid: 7961a874-c35f-4f34-a0d1-37205c235291):  bruh we can just make a chamber
[18:01:29] JohnProdman (uuid: 4150cd4b-a415-4298-bdc7-c9e330b466cc): 17 emeralds and 1 book
[18:01:32] bryantandpat (uuid: 7961a874-c35f-4f34-a0d1-37205c235291):  eat god apple and rape him with a sword
[18:01:35] bryantandpat (uuid: 7961a874-c35f-4f34-a0d1-37205c235291): ill give u one
[18:01:48] JohnProdman (uuid: 4150cd4b-a415-4298-bdc7-c9e330b466cc): waiiiit
[18:01:52] JohnProdman (uuid: 4150cd4b-a415-4298-bdc7-c9e330b466cc): no that doesnt work
[18:01:56] bryantandpat (uuid: 7961a874-c35f-4f34-a0d1-37205c235291): why not
[18:01:59] JohnProdman (uuid: 4150cd4b-a415-4298-bdc7-c9e330b466cc): wither dude launches explosions
[18:02:07] bryantandpat (uuid: 7961a874-c35f-4f34-a0d1-37205c235291):  ye its ok
[18:02:15] JohnProdman (uuid: 4150cd4b-a415-4298-bdc7-c9e330b466cc): ill make a chamberunder my house
[18:02:19] bryantandpat (uuid: 7961a874-c35f-4f34-a0d1-37205c235291): kk
[18:02:22] JohnProdman (uuid: 4150cd4b-a415-4298-bdc7-c9e330b466cc): and make an auto killing thing
[18:02:29] bryantandpat (uuid: 7961a874-c35f-4f34-a0d1-37205c235291):  bruhhh dont be a pussy
[18:02:34] bryantandpat (uuid: 7961a874-c35f-4f34-a0d1-37205c235291):  lets kill him with sword
[18:02:34] JohnProdman (uuid: 4150cd4b-a415-4298-bdc7-c9e330b466cc): or gas chamber...
[18:03:00] JohnProdman (uuid: 4150cd4b-a415-4298-bdc7-c9e330b466cc): immune to fire
[18:03:05] JohnProdman (uuid: 4150cd4b-a415-4298-bdc7-c9e330b466cc): its fine ill make a way
[18:03:11] JohnProdman (uuid: 4150cd4b-a415-4298-bdc7-c9e330b466cc): i got this
[18:03:18] JohnProdman (uuid: 4150cd4b-a415-4298-bdc7-c9e330b466cc): do i make it under my house or ur house
[18:03:19] bryantandpat (uuid: 7961a874-c35f-4f34-a0d1-37205c235291): holy autssss
[18:03:24] bryantandpat (uuid: 7961a874-c35f-4f34-a0d1-37205c235291):  gimme the skulls nigger
[18:03:31] bryantandpat (uuid: 7961a874-c35f-4f34-a0d1-37205c235291): gimme the skulls niggerr
[18:03:34] JohnProdman (uuid: 4150cd4b-a415-4298-bdc7-c9e330b466cc): no
[18:03:39] bryantandpat (uuid: 7961a874-c35f-4f34-a0d1-37205c235291): jesos
[18:03:41] JohnProdman (uuid: 4150cd4b-a415-4298-bdc7-c9e330b466cc): u know he causes wither effect
[18:03:46] JohnProdman (uuid: 4150cd4b-a415-4298-bdc7-c9e330b466cc): u need more than one fucking apple
[18:03:51] JohnProdman (uuid: 4150cd4b-a415-4298-bdc7-c9e330b466cc): u need like 4
[18:03:53] bryantandpat (uuid: 7961a874-c35f-4f34-a0d1-37205c235291): bruh god apple gives u regen
[18:03:55] bryantandpat (uuid: 7961a874-c35f-4f34-a0d1-37205c235291): read it
[18:03:59] bryantandpat (uuid: 7961a874-c35f-4f34-a0d1-37205c235291):  its broken asf
[18:04:00] JohnProdman (uuid: 4150cd4b-a415-4298-bdc7-c9e330b466cc): exactly
[18:04:03] JohnProdman (uuid: 4150cd4b-a415-4298-bdc7-c9e330b466cc): for how long?
[18:04:05] JohnProdman (uuid: 4150cd4b-a415-4298-bdc7-c9e330b466cc): not
[18:04:07] bryantandpat (uuid: 7961a874-c35f-4f34-a0d1-37205c235291): god apple not golden apple
[18:04:09] JohnProdman (uuid: 4150cd4b-a415-4298-bdc7-c9e330b466cc): withers regen health
[18:04:37] JohnProdman (uuid: 4150cd4b-a415-4298-bdc7-c9e330b466cc): lemme do mah thing
[18:04:42] JohnProdman (uuid: 4150cd4b-a415-4298-bdc7-c9e330b466cc): ur house or my house
[18:05:13] bryantandpat (uuid: 7961a874-c35f-4f34-a0d1-37205c235291): urs ig
[18:15:01] JohnProdman (uuid: 4150cd4b-a415-4298-bdc7-c9e330b466cc): its done
[18:15:36] bryantandpat (uuid: 7961a874-c35f-4f34-a0d1-37205c235291): k
[18:21:50] JohnProdman (uuid: 4150cd4b-a415-4298-bdc7-c9e330b466cc): nigga i finished
[18:21:56] JohnProdman (uuid: 4150cd4b-a415-4298-bdc7-c9e330b466cc): nigr i finished
[18:22:02] bryantandpat (uuid: 7961a874-c35f-4f34-a0d1-37205c235291): kk lets do it
[18:22:12] JohnProdman (uuid: 4150cd4b-a415-4298-bdc7-c9e330b466cc): i said
[18:22:14] JohnProdman (uuid: 4150cd4b-a415-4298-bdc7-c9e330b466cc): i finished
[18:22:15] JohnProdman (uuid: 4150cd4b-a415-4298-bdc7-c9e330b466cc): u jew
[18:22:26] bryantandpat (uuid: 7961a874-c35f-4f34-a0d1-37205c235291): ye lemme tp
[18:22:28] bryantandpat (uuid: 7961a874-c35f-4f34-a0d1-37205c235291): i wanna see
[18:22:50] bryantandpat (uuid: 7961a874-c35f-4f34-a0d1-37205c235291): wheres the instakill thing
[18:22:57] JohnProdman (uuid: 4150cd4b-a415-4298-bdc7-c9e330b466cc): this is the old house
[18:23:21] bryantandpat (uuid: 7961a874-c35f-4f34-a0d1-37205c235291): o u already killed him?
[18:23:34] JohnProdman (uuid: 4150cd4b-a415-4298-bdc7-c9e330b466cc): yes u autist
[18:23:44] JohnProdman (uuid: 4150cd4b-a415-4298-bdc7-c9e330b466cc): wtf
[18:23:48] JohnProdman (uuid: 4150cd4b-a415-4298-bdc7-c9e330b466cc): ehere did the beacon go
[18:23:53] bryantandpat (uuid: 7961a874-c35f-4f34-a0d1-37205c235291):  jesosss
[18:25:01] JohnProdman (uuid: 4150cd4b-a415-4298-bdc7-c9e330b466cc): wait wtf
[18:25:04] JohnProdman (uuid: 4150cd4b-a415-4298-bdc7-c9e330b466cc): i have it
[18:25:45] bryantandpat (uuid: 7961a874-c35f-4f34-a0d1-37205c235291): wtf
[18:25:53] JohnProdman (uuid: 4150cd4b-a415-4298-bdc7-c9e330b466cc): hwat
[18:25:54] bryantandpat (uuid: 7961a874-c35f-4f34-a0d1-37205c235291): did it just disappear
[18:25:56] JohnProdman (uuid: 4150cd4b-a415-4298-bdc7-c9e330b466cc): no
[18:25:57] JohnProdman (uuid: 4150cd4b-a415-4298-bdc7-c9e330b466cc): i have it
[18:26:03] bryantandpat (uuid: 7961a874-c35f-4f34-a0d1-37205c235291): whyd u say u didnt then
[18:26:08] JohnProdman (uuid: 4150cd4b-a415-4298-bdc7-c9e330b466cc): u blind?
[18:26:12] JohnProdman (uuid: 4150cd4b-a415-4298-bdc7-c9e330b466cc): i said i have it
[18:26:15] bryantandpat (uuid: 7961a874-c35f-4f34-a0d1-37205c235291): o
[18:26:15] JohnProdman (uuid: 4150cd4b-a415-4298-bdc7-c9e330b466cc): scroll up nibba
[18:26:33] bryantandpat (uuid: 7961a874-c35f-4f34-a0d1-37205c235291): give me beacon pls
[18:26:38] JohnProdman (uuid: 4150cd4b-a415-4298-bdc7-c9e330b466cc): mine
[18:26:43] bryantandpat (uuid: 7961a874-c35f-4f34-a0d1-37205c235291): gay
[18:26:57] JohnProdman (uuid: 4150cd4b-a415-4298-bdc7-c9e330b466cc): if i put it on this hill will it reach u
[18:27:12] bryantandpat (uuid: 7961a874-c35f-4f34-a0d1-37205c235291): idk
[18:29:57] JohnProdman (uuid: 4150cd4b-a415-4298-bdc7-c9e330b466cc): we need mroe iron
[18:29:59] JohnProdman (uuid: 4150cd4b-a415-4298-bdc7-c9e330b466cc): for the levels
[18:30:54] JohnProdman (uuid: 4150cd4b-a415-4298-bdc7-c9e330b466cc): do u have iron
[18:30:57] bryantandpat (uuid: 7961a874-c35f-4f34-a0d1-37205c235291): no
[18:32:42] JohnProdman (uuid: 4150cd4b-a415-4298-bdc7-c9e330b466cc): jesos we need iton
[18:32:44] JohnProdman (uuid: 4150cd4b-a415-4298-bdc7-c9e330b466cc): iron
[18:32:53] bryantandpat (uuid: 7961a874-c35f-4f34-a0d1-37205c235291): doesnt redstone work
[18:33:04] JohnProdman (uuid: 4150cd4b-a415-4298-bdc7-c9e330b466cc): wtf are u smoking
[18:33:10] bryantandpat (uuid: 7961a874-c35f-4f34-a0d1-37205c235291): it doesnt?
[18:33:45] JohnProdman (uuid: 4150cd4b-a415-4298-bdc7-c9e330b466cc): redstone is not rare at all
[18:34:03] bryantandpat (uuid: 7961a874-c35f-4f34-a0d1-37205c235291): does it have to be rare
[18:34:14] JohnProdman (uuid: 4150cd4b-a415-4298-bdc7-c9e330b466cc): iron, gold, diamond, emerald
[18:34:25] bryantandpat (uuid: 7961a874-c35f-4f34-a0d1-37205c235291): just buy some from the shop
[18:34:27] JohnProdman (uuid: 4150cd4b-a415-4298-bdc7-c9e330b466cc): mhm
[18:34:33] JohnProdman (uuid: 4150cd4b-a415-4298-bdc7-c9e330b466cc): how rich do u think i am
[18:34:40] JohnProdman (uuid: 4150cd4b-a415-4298-bdc7-c9e330b466cc): 1 iron ingot : $32
[18:34:41] bryantandpat (uuid: 7961a874-c35f-4f34-a0d1-37205c235291):  u have 30k
[18:34:45] JohnProdman (uuid: 4150cd4b-a415-4298-bdc7-c9e330b466cc): So?
[18:34:48] JohnProdman (uuid: 4150cd4b-a415-4298-bdc7-c9e330b466cc): i want a spawner nibba
[18:35:03] bryantandpat (uuid: 7961a874-c35f-4f34-a0d1-37205c235291): can u make an iron golem farm or smth
[18:35:11] JohnProdman (uuid: 4150cd4b-a415-4298-bdc7-c9e330b466cc): they dont sell ig spawners
[18:35:16] bryantandpat (uuid: 7961a874-c35f-4f34-a0d1-37205c235291): u can make one
[18:35:17] JohnProdman (uuid: 4150cd4b-a415-4298-bdc7-c9e330b466cc): if they had em i would buy
[18:35:20] JohnProdman (uuid: 4150cd4b-a415-4298-bdc7-c9e330b466cc): mhm
[18:35:27] JohnProdman (uuid: 4150cd4b-a415-4298-bdc7-c9e330b466cc): ur auts
[18:35:36] bryantandpat (uuid: 7961a874-c35f-4f34-a0d1-37205c235291):  iron golems spawn in villages
[18:35:41] JohnProdman (uuid: 4150cd4b-a415-4298-bdc7-c9e330b466cc): ok
[18:35:41] bryantandpat (uuid: 7961a874-c35f-4f34-a0d1-37205c235291):  search it up
[18:35:46] JohnProdman (uuid: 4150cd4b-a415-4298-bdc7-c9e330b466cc): is that a reasonable source on iron
[18:35:52] bryantandpat (uuid: 7961a874-c35f-4f34-a0d1-37205c235291):  ye
[18:35:55] JohnProdman (uuid: 4150cd4b-a415-4298-bdc7-c9e330b466cc): 3 iron ingots per golem
[18:36:05] bryantandpat (uuid: 7961a874-c35f-4f34-a0d1-37205c235291):  just afk the farm
[18:36:05] JohnProdman (uuid: 4150cd4b-a415-4298-bdc7-c9e330b466cc): i think 1) ur autistic and 2) ur autistic
[18:36:10] JohnProdman (uuid: 4150cd4b-a415-4298-bdc7-c9e330b466cc): wtf do u mean afk the farm
[18:36:26] bryantandpat (uuid: 7961a874-c35f-4f34-a0d1-37205c235291): u sit in front of the farm and do nothing
[18:37:31] JohnProdman (uuid: 4150cd4b-a415-4298-bdc7-c9e330b466cc): The chance of spawning is 1 in 7000 per game tick, which averages around one every six minutes
[18:37:46] JohnProdman (uuid: 4150cd4b-a415-4298-bdc7-c9e330b466cc): In 6 mins i can mine like a stack of iron
[18:37:55] bryantandpat (uuid: 7961a874-c35f-4f34-a0d1-37205c235291):  just mine then
[18:38:02] JohnProdman (uuid: 4150cd4b-a415-4298-bdc7-c9e330b466cc): no shit nibba
[18:38:10] JohnProdman (uuid: 4150cd4b-a415-4298-bdc7-c9e330b466cc): what have i been telling u
[18:38:38] JohnProdman (uuid: 4150cd4b-a415-4298-bdc7-c9e330b466cc): u have an enchantment table?
[18:38:41] bryantandpat (uuid: 7961a874-c35f-4f34-a0d1-37205c235291): no
[18:38:46] JohnProdman (uuid: 4150cd4b-a415-4298-bdc7-c9e330b466cc): yes u do
[18:38:50] bryantandpat (uuid: 7961a874-c35f-4f34-a0d1-37205c235291): bet
[18:39:10] JohnProdman (uuid: 4150cd4b-a415-4298-bdc7-c9e330b466cc): wait thats alex's house
[18:39:35] JohnProdman (uuid: 4150cd4b-a415-4298-bdc7-c9e330b466cc): i gotta eat
[18:39:37] JohnProdman (uuid: 4150cd4b-a415-4298-bdc7-c9e330b466cc): go mine
[18:39:45] JohnProdman (uuid: 4150cd4b-a415-4298-bdc7-c9e330b466cc): already got 39 iron form this shits
[18:39:49] JohnProdman (uuid: 4150cd4b-a415-4298-bdc7-c9e330b466cc): from
[18:39:53] bryantandpat (uuid: 7961a874-c35f-4f34-a0d1-37205c235291): from what
[18:44:43] iMine03 (uuid: 0f9d4172-c235-4bd2-9897-490c4a93ddfe): lmao wu's facebook showed up on hubert's recommended
[18:56:18] JohnProdman (uuid: 4150cd4b-a415-4298-bdc7-c9e330b466cc): bak
[19:07:45] JohnProdman (uuid: 4150cd4b-a415-4298-bdc7-c9e330b466cc): can someone text james and tell him to ADD PLGUINS
[19:08:31] JohnProdman (uuid: 4150cd4b-a415-4298-bdc7-c9e330b466cc): matthew u shouldset up a strip mine
[19:08:40] bryantandpat (uuid: 7961a874-c35f-4f34-a0d1-37205c235291):  i did
[19:08:56] JohnProdman (uuid: 4150cd4b-a415-4298-bdc7-c9e330b466cc): where
[19:09:09] bryantandpat (uuid: 7961a874-c35f-4f34-a0d1-37205c235291):  under my house
[19:09:13] JohnProdman (uuid: 4150cd4b-a415-4298-bdc7-c9e330b466cc): im here
[19:09:55] JohnProdman (uuid: 4150cd4b-a415-4298-bdc7-c9e330b466cc): i dont see it
[19:10:02] bryantandpat (uuid: 7961a874-c35f-4f34-a0d1-37205c235291):  go into the tunnels
[19:10:08] JohnProdman (uuid: 4150cd4b-a415-4298-bdc7-c9e330b466cc): which one
[19:10:13] bryantandpat (uuid: 7961a874-c35f-4f34-a0d1-37205c235291): idk
[19:10:17] JohnProdman (uuid: 4150cd4b-a415-4298-bdc7-c9e330b466cc): chest side
[19:10:20] JohnProdman (uuid: 4150cd4b-a415-4298-bdc7-c9e330b466cc): or the quartz
[19:10:21] bryantandpat (uuid: 7961a874-c35f-4f34-a0d1-37205c235291):  i made abunch of tunnels at y-11
[19:10:26] bryantandpat (uuid: 7961a874-c35f-4f34-a0d1-37205c235291): both i think
[19:10:39] JohnProdman (uuid: 4150cd4b-a415-4298-bdc7-c9e330b466cc): thats not what strip mining is :c
[19:10:45] bryantandpat (uuid: 7961a874-c35f-4f34-a0d1-37205c235291): whats strip mining
[19:10:51] JohnProdman (uuid: 4150cd4b-a415-4298-bdc7-c9e330b466cc): u need strippers
[19:10:53] JohnProdman (uuid: 4150cd4b-a415-4298-bdc7-c9e330b466cc): and apole
[19:10:56] bryantandpat (uuid: 7961a874-c35f-4f34-a0d1-37205c235291): o
[19:11:02] JohnProdman (uuid: 4150cd4b-a415-4298-bdc7-c9e330b466cc): ill make a strip mine
[19:11:11] bryantandpat (uuid: 7961a874-c35f-4f34-a0d1-37205c235291): kk
[19:11:31] JohnProdman (uuid: 4150cd4b-a415-4298-bdc7-c9e330b466cc): /warp jewishmatt
[19:11:40] bryantandpat (uuid: 7961a874-c35f-4f34-a0d1-37205c235291): wait im in cave
[19:18:46] iMine03 (uuid: 0f9d4172-c235-4bd2-9897-490c4a93ddfe): gold here
[19:19:31] bryantandpat (uuid: 7961a874-c35f-4f34-a0d1-37205c235291): ezzzz y-11 cave
[19:25:34] JohnProdman (uuid: 4150cd4b-a415-4298-bdc7-c9e330b466cc): cmere]
[19:25:36] JohnProdman (uuid: 4150cd4b-a415-4298-bdc7-c9e330b466cc): jew
[19:25:55] JohnProdman (uuid: 4150cd4b-a415-4298-bdc7-c9e330b466cc): or not?
[19:25:59] JohnProdman (uuid: 4150cd4b-a415-4298-bdc7-c9e330b466cc): my diamodnsi guess
[19:27:45] JohnProdman (uuid: 4150cd4b-a415-4298-bdc7-c9e330b466cc): in slimefun theres an ore machine, u build it and it mines all the ores under it in a 9x9 radius
[19:27:50] JohnProdman (uuid: 4150cd4b-a415-4298-bdc7-c9e330b466cc): and u can move it
[19:27:56] JohnProdman (uuid: 4150cd4b-a415-4298-bdc7-c9e330b466cc): mines all ores down to bedrock
[19:28:00] bryantandpat (uuid: 7961a874-c35f-4f34-a0d1-37205c235291): holy
[19:28:09] bryantandpat (uuid: 7961a874-c35f-4f34-a0d1-37205c235291): james auts
[19:28:10] JohnProdman (uuid: 4150cd4b-a415-4298-bdc7-c9e330b466cc): takes like 30 knowledge points to unlock
[19:28:13] JohnProdman (uuid: 4150cd4b-a415-4298-bdc7-c9e330b466cc): but its worth ir
[19:28:15] JohnProdman (uuid: 4150cd4b-a415-4298-bdc7-c9e330b466cc): it
[19:28:36] JohnProdman (uuid: 4150cd4b-a415-4298-bdc7-c9e330b466cc): Slimefun has an entire book of recipies that require knowledge points (xp levels) to unlock
[19:30:20] JohnProdman (uuid: 4150cd4b-a415-4298-bdc7-c9e330b466cc): and a pickaxe that autosmelts ores
[19:30:29] bryantandpat (uuid: 7961a874-c35f-4f34-a0d1-37205c235291): wait holy c ounter is busted
[19:32:57] JohnProdman (uuid: 4150cd4b-a415-4298-bdc7-c9e330b466cc): and a hat that lets u have nightvision
[19:33:05] bryantandpat (uuid: 7961a874-c35f-4f34-a0d1-37205c235291): why doesnt james want it
[19:33:09] JohnProdman (uuid: 4150cd4b-a415-4298-bdc7-c9e330b466cc): hes auts
[19:33:10] JohnProdman (uuid: 4150cd4b-a415-4298-bdc7-c9e330b466cc): hes lazy
[19:34:34] JohnProdman (uuid: 4150cd4b-a415-4298-bdc7-c9e330b466cc): btw fire aspect cooks meat
[19:34:42] JohnProdman (uuid: 4150cd4b-a415-4298-bdc7-c9e330b466cc): mathew fire aspect cooks meat
[19:34:46] bryantandpat (uuid: 7961a874-c35f-4f34-a0d1-37205c235291): ye ik
[19:39:13] iiBethanyii (uuid: 017ec225-2727-4d08-b15d-c5d9f307a55c): Ree
[19:45:13] JohnProdman (uuid: 4150cd4b-a415-4298-bdc7-c9e330b466cc): ree
[19:49:12] JohnProdman (uuid: 4150cd4b-a415-4298-bdc7-c9e330b466cc): ree
[19:49:14] JohnProdman (uuid: 4150cd4b-a415-4298-bdc7-c9e330b466cc): im bored
[20:00:25] JohnProdman (uuid: 4150cd4b-a415-4298-bdc7-c9e330b466cc): nani
[20:02:24] JohnProdman (uuid: 4150cd4b-a415-4298-bdc7-c9e330b466cc): buddy
[20:02:31] JohnProdman (uuid: 4150cd4b-a415-4298-bdc7-c9e330b466cc): why do u keep removing me
[20:02:39] JohnProdman (uuid: 4150cd4b-a415-4298-bdc7-c9e330b466cc): actual autism
[20:14:59] ObamaGivesNoSh (uuid: d3ac07e0-4b18-40a0-b288-4b6e13255b18): how am i in the nether?
[20:15:38] ObamaGivesNoSh (uuid: d3ac07e0-4b18-40a0-b288-4b6e13255b18): can i have stu
[20:15:42] ObamaGivesNoSh (uuid: d3ac07e0-4b18-40a0-b288-4b6e13255b18): can i have stuff
[20:21:23] ObamaGivesNoSh (uuid: d3ac07e0-4b18-40a0-b288-4b6e13255b18): why cant i /back
[20:22:20] Starfrost_Dragon (uuid: c0e32186-dc7a-41fa-9e3a-4ef4e67708a0): yo guys
[20:22:23] ObamaGivesNoSh (uuid: d3ac07e0-4b18-40a0-b288-4b6e13255b18): wassup
[20:22:24] Starfrost_Dragon (uuid: c0e32186-dc7a-41fa-9e3a-4ef4e67708a0): I'm kellen
[20:22:36] Starfrost_Dragon (uuid: c0e32186-dc7a-41fa-9e3a-4ef4e67708a0): dont fucking judge my name my sister made this account LMAO
[20:22:40] Starfrost_Dragon (uuid: c0e32186-dc7a-41fa-9e3a-4ef4e67708a0): based off the yugioh card
[20:29:00] Starfrost_Dragon (uuid: c0e32186-dc7a-41fa-9e3a-4ef4e67708a0): fn
[20:31:45] JohnProdman (uuid: 4150cd4b-a415-4298-bdc7-c9e330b466cc): who r u guys
[20:31:51] Starfrost_Dragon (uuid: c0e32186-dc7a-41fa-9e3a-4ef4e67708a0): I'm kellen
[20:31:56] ObamaGivesNoSh (uuid: d3ac07e0-4b18-40a0-b288-4b6e13255b18): ???
[20:31:57] ObamaGivesNoSh (uuid: d3ac07e0-4b18-40a0-b288-4b6e13255b18): wo r u
[20:32:00] ObamaGivesNoSh (uuid: d3ac07e0-4b18-40a0-b288-4b6e13255b18): this our server
[20:32:08] ObamaGivesNoSh (uuid: d3ac07e0-4b18-40a0-b288-4b6e13255b18): r u mod?
[20:42:06] ObamaGivesNoSh (uuid: d3ac07e0-4b18-40a0-b288-4b6e13255b18): TheRealColmagi
[20:42:46] ObamaGivesNoSh (uuid: d3ac07e0-4b18-40a0-b288-4b6e13255b18): TheRealColmagi
[20:42:56] ObamaGivesNoSh (uuid: d3ac07e0-4b18-40a0-b288-4b6e13255b18): allow us to use eachothers shit
[20:45:52] ObamaGivesNoSh (uuid: d3ac07e0-4b18-40a0-b288-4b6e13255b18): hubert tp
[20:45:55] ObamaGivesNoSh (uuid: d3ac07e0-4b18-40a0-b288-4b6e13255b18): i need help
[20:46:02] ObamaGivesNoSh (uuid: d3ac07e0-4b18-40a0-b288-4b6e13255b18): hubert
[20:46:06] ObamaGivesNoSh (uuid: d3ac07e0-4b18-40a0-b288-4b6e13255b18): i need help i just started
[20:46:10] ObamaGivesNoSh (uuid: d3ac07e0-4b18-40a0-b288-4b6e13255b18): some1 help me tp
[20:46:39] ObamaGivesNoSh (uuid: d3ac07e0-4b18-40a0-b288-4b6e13255b18): BRYAN
[20:46:41] ObamaGivesNoSh (uuid: d3ac07e0-4b18-40a0-b288-4b6e13255b18): HUBERT
[20:46:42] ObamaGivesNoSh (uuid: d3ac07e0-4b18-40a0-b288-4b6e13255b18): some1
[20:46:45] ObamaGivesNoSh (uuid: d3ac07e0-4b18-40a0-b288-4b6e13255b18): tpa me i need help
[20:47:00] ObamaGivesNoSh (uuid: d3ac07e0-4b18-40a0-b288-4b6e13255b18): this creeper is near my shit and i cant 1 shot it
[20:47:05] ObamaGivesNoSh (uuid: d3ac07e0-4b18-40a0-b288-4b6e13255b18): Hubert6194 pls
[20:48:05] ObamaGivesNoSh (uuid: d3ac07e0-4b18-40a0-b288-4b6e13255b18): iMine03
[20:51:01] iMine03 (uuid: 0f9d4172-c235-4bd2-9897-490c4a93ddfe): wtf
[20:51:08] ObamaGivesNoSh (uuid: d3ac07e0-4b18-40a0-b288-4b6e13255b18): bro
[20:51:11] ObamaGivesNoSh (uuid: d3ac07e0-4b18-40a0-b288-4b6e13255b18): i thot that was a creeper
[20:51:12] ObamaGivesNoSh (uuid: d3ac07e0-4b18-40a0-b288-4b6e13255b18): my bad
[20:53:03] ObamaGivesNoSh (uuid: d3ac07e0-4b18-40a0-b288-4b6e13255b18): r u in diamond?
[20:54:11] Starfrost_Dragon (uuid: c0e32186-dc7a-41fa-9e3a-4ef4e67708a0): xd
[20:57:58] ObamaGivesNoSh (uuid: d3ac07e0-4b18-40a0-b288-4b6e13255b18): hi
[20:58:08] ObamaGivesNoSh (uuid: d3ac07e0-4b18-40a0-b288-4b6e13255b18): wassup
[20:58:34] ObamaGivesNoSh (uuid: d3ac07e0-4b18-40a0-b288-4b6e13255b18): Hubert6194 do u want to mine with us?
[21:00:08] ObamaGivesNoSh (uuid: d3ac07e0-4b18-40a0-b288-4b6e13255b18): some1 help m1
[21:00:44] JohnProdman (uuid: 4150cd4b-a415-4298-bdc7-c9e330b466cc): \
[21:00:59] ObamaGivesNoSh (uuid: d3ac07e0-4b18-40a0-b288-4b6e13255b18): JohnProdman
[21:01:01] ObamaGivesNoSh (uuid: d3ac07e0-4b18-40a0-b288-4b6e13255b18): i killed him
[21:01:07] ObamaGivesNoSh (uuid: d3ac07e0-4b18-40a0-b288-4b6e13255b18): but can u hlep me
[21:01:54] ObamaGivesNoSh (uuid: d3ac07e0-4b18-40a0-b288-4b6e13255b18): we need a factions server
[21:03:09] ObamaGivesNoSh (uuid: d3ac07e0-4b18-40a0-b288-4b6e13255b18): JohnProdman
[21:03:14] ObamaGivesNoSh (uuid: d3ac07e0-4b18-40a0-b288-4b6e13255b18): howd u get to Starfrost_Dragon
[21:03:21] Hubert6194 (uuid: 1ae76006-6711-4e06-9e89-a7e9a547fbfd): lmao
[21:03:42] ObamaGivesNoSh (uuid: d3ac07e0-4b18-40a0-b288-4b6e13255b18): thats cheating bro
[21:03:44] ObamaGivesNoSh (uuid: d3ac07e0-4b18-40a0-b288-4b6e13255b18): u cant tp D:
[21:03:47] Hubert6194 (uuid: 1ae76006-6711-4e06-9e89-a7e9a547fbfd): hah
[21:03:53] Hubert6194 (uuid: 1ae76006-6711-4e06-9e89-a7e9a547fbfd): when u r autistic
[21:04:10] ObamaGivesNoSh (uuid: d3ac07e0-4b18-40a0-b288-4b6e13255b18): john
[21:04:11] ObamaGivesNoSh (uuid: d3ac07e0-4b18-40a0-b288-4b6e13255b18): bro
[21:04:16] ObamaGivesNoSh (uuid: d3ac07e0-4b18-40a0-b288-4b6e13255b18): D:
[21:05:29] ObamaGivesNoSh (uuid: d3ac07e0-4b18-40a0-b288-4b6e13255b18): :(
[21:05:53] JohnProdman (uuid: 4150cd4b-a415-4298-bdc7-c9e330b466cc): get shit on
[21:06:01] ObamaGivesNoSh (uuid: d3ac07e0-4b18-40a0-b288-4b6e13255b18): bro
[21:06:05] ObamaGivesNoSh (uuid: d3ac07e0-4b18-40a0-b288-4b6e13255b18): cmon man
[21:06:09] JohnProdman (uuid: 4150cd4b-a415-4298-bdc7-c9e330b466cc): fuck you nazis hitting jews
[21:06:13] Hubert6194 (uuid: 1ae76006-6711-4e06-9e89-a7e9a547fbfd): lmfao
[21:06:16] ObamaGivesNoSh (uuid: d3ac07e0-4b18-40a0-b288-4b6e13255b18): huberts not a jew
[21:06:17] JohnProdman (uuid: 4150cd4b-a415-4298-bdc7-c9e330b466cc): u pogrom jews i pogrom ur ass
[21:06:20] ObamaGivesNoSh (uuid: d3ac07e0-4b18-40a0-b288-4b6e13255b18): and we are no nazis
[21:06:22] ShadowVortex101 (uuid: a54472a5-0dab-4edf-adbf-eacf67aca824): banned
[21:06:22] ObamaGivesNoSh (uuid: d3ac07e0-4b18-40a0-b288-4b6e13255b18): john
[21:06:23] ObamaGivesNoSh (uuid: d3ac07e0-4b18-40a0-b288-4b6e13255b18): tp
[21:06:25] ObamaGivesNoSh (uuid: d3ac07e0-4b18-40a0-b288-4b6e13255b18): and u will become a jew
[21:06:30] Hubert6194 (uuid: 1ae76006-6711-4e06-9e89-a7e9a547fbfd): LOL ez
[21:06:34] ShadowVortex101 (uuid: a54472a5-0dab-4edf-adbf-eacf67aca824): my grandparents died in the holocaust
[21:06:50] ObamaGivesNoSh (uuid: d3ac07e0-4b18-40a0-b288-4b6e13255b18): can i have my stuff back
[21:06:53] ObamaGivesNoSh (uuid: d3ac07e0-4b18-40a0-b288-4b6e13255b18): pls
[21:06:56] ObamaGivesNoSh (uuid: d3ac07e0-4b18-40a0-b288-4b6e13255b18): ./tpaccept JohnProdman
[21:07:42] ObamaGivesNoSh (uuid: d3ac07e0-4b18-40a0-b288-4b6e13255b18): hi
[21:07:45] ObamaGivesNoSh (uuid: d3ac07e0-4b18-40a0-b288-4b6e13255b18): team?
[21:07:48] Hubert6194 (uuid: 1ae76006-6711-4e06-9e89-a7e9a547fbfd): mhm
[21:07:51] ObamaGivesNoSh (uuid: d3ac07e0-4b18-40a0-b288-4b6e13255b18): can i have stuf
[21:08:07] ObamaGivesNoSh (uuid: d3ac07e0-4b18-40a0-b288-4b6e13255b18): hi i mine
[21:08:13] iMine03 (uuid: 0f9d4172-c235-4bd2-9897-490c4a93ddfe): who r u
[21:08:27] JohnProdman (uuid: 4150cd4b-a415-4298-bdc7-c9e330b466cc): obama how did u find this server
[21:08:37] Starfrost_Dragon (uuid: c0e32186-dc7a-41fa-9e3a-4ef4e67708a0): wait
[21:08:40] ObamaGivesNoSh (uuid: d3ac07e0-4b18-40a0-b288-4b6e13255b18): trump told me about it
[21:08:43] ObamaGivesNoSh (uuid: d3ac07e0-4b18-40a0-b288-4b6e13255b18): he usually comes on here
[21:09:18] JohnProdman (uuid: 4150cd4b-a415-4298-bdc7-c9e330b466cc): this is red penis cum
[21:09:19] JohnProdman (uuid: 4150cd4b-a415-4298-bdc7-c9e330b466cc): right
[21:09:26] ObamaGivesNoSh (uuid: d3ac07e0-4b18-40a0-b288-4b6e13255b18): i fell off
[21:09:28] Hubert6194 (uuid: 1ae76006-6711-4e06-9e89-a7e9a547fbfd): yea
[21:09:31] JohnProdman (uuid: 4150cd4b-a415-4298-bdc7-c9e330b466cc): Red cum
[21:09:32] JohnProdman (uuid: 4150cd4b-a415-4298-bdc7-c9e330b466cc): semen
[21:09:35] Hubert6194 (uuid: 1ae76006-6711-4e06-9e89-a7e9a547fbfd): mmmh
[21:09:38] JohnProdman (uuid: 4150cd4b-a415-4298-bdc7-c9e330b466cc): I cum on the corner
[21:09:42] ObamaGivesNoSh (uuid: d3ac07e0-4b18-40a0-b288-4b6e13255b18): iMine03
[21:09:43] Hubert6194 (uuid: 1ae76006-6711-4e06-9e89-a7e9a547fbfd): WTF
[21:09:43] ObamaGivesNoSh (uuid: d3ac07e0-4b18-40a0-b288-4b6e13255b18): tp me
[21:09:45] ObamaGivesNoSh (uuid: d3ac07e0-4b18-40a0-b288-4b6e13255b18): i feelll off
[21:09:58] JohnProdman (uuid: 4150cd4b-a415-4298-bdc7-c9e330b466cc): mah home
[21:09:59] JohnProdman (uuid: 4150cd4b-a415-4298-bdc7-c9e330b466cc): ez
[21:10:00] Hubert6194 (uuid: 1ae76006-6711-4e06-9e89-a7e9a547fbfd): wtf i don't even see a lever or anythign
[21:10:04] Hubert6194 (uuid: 1ae76006-6711-4e06-9e89-a7e9a547fbfd): damn high tech
[21:10:26] ObamaGivesNoSh (uuid: d3ac07e0-4b18-40a0-b288-4b6e13255b18): hi
[21:10:26] Hubert6194 (uuid: 1ae76006-6711-4e06-9e89-a7e9a547fbfd): kk gotta get off before mom rapes my ass
[21:10:28] ObamaGivesNoSh (uuid: d3ac07e0-4b18-40a0-b288-4b6e13255b18): team?
[21:10:29] JohnProdman (uuid: 4150cd4b-a415-4298-bdc7-c9e330b466cc): k
[21:10:30] JohnProdman (uuid: 4150cd4b-a415-4298-bdc7-c9e330b466cc): bye
[21:10:30] Hubert6194 (uuid: 1ae76006-6711-4e06-9e89-a7e9a547fbfd): l8er
[21:10:39] iMine03 (uuid: 0f9d4172-c235-4bd2-9897-490c4a93ddfe): wtf autism
[21:11:35] JohnProdman (uuid: 4150cd4b-a415-4298-bdc7-c9e330b466cc): pvp me
[21:11:38] JohnProdman (uuid: 4150cd4b-a415-4298-bdc7-c9e330b466cc): Where u guys at
[21:11:55] JohnProdman (uuid: 4150cd4b-a415-4298-bdc7-c9e330b466cc): Im a black kid square up niglets
[21:12:53] ObamaGivesNoSh (uuid: d3ac07e0-4b18-40a0-b288-4b6e13255b18): iMine03
[21:12:55] ObamaGivesNoSh (uuid: d3ac07e0-4b18-40a0-b288-4b6e13255b18): are we friends
[21:13:06] ObamaGivesNoSh (uuid: d3ac07e0-4b18-40a0-b288-4b6e13255b18): bryantandpat
[21:13:08] ObamaGivesNoSh (uuid: d3ac07e0-4b18-40a0-b288-4b6e13255b18): yo buddy
[21:13:09] ObamaGivesNoSh (uuid: d3ac07e0-4b18-40a0-b288-4b6e13255b18): wassup
[21:13:09] bryantandpat (uuid: 7961a874-c35f-4f34-a0d1-37205c235291): jesos
[21:13:10] ObamaGivesNoSh (uuid: d3ac07e0-4b18-40a0-b288-4b6e13255b18): u remember me?
[21:13:21] ShadowVortex101 (uuid: a54472a5-0dab-4edf-adbf-eacf67aca824): senpai
[21:13:35] JohnProdman (uuid: 4150cd4b-a415-4298-bdc7-c9e330b466cc): where are they
[21:13:41] JohnProdman (uuid: 4150cd4b-a415-4298-bdc7-c9e330b466cc): They kileld hubert and i killed em back
[21:13:45] JohnProdman (uuid: 4150cd4b-a415-4298-bdc7-c9e330b466cc): i wanna hunt them and make em rage
[21:14:04] ObamaGivesNoSh (uuid: d3ac07e0-4b18-40a0-b288-4b6e13255b18): bryantandpat
[21:14:16] iiBethanyii (uuid: 017ec225-2727-4d08-b15d-c5d9f307a55c): im gay
[21:14:18] ObamaGivesNoSh (uuid: d3ac07e0-4b18-40a0-b288-4b6e13255b18): iiBethanyii !
[21:14:20] ObamaGivesNoSh (uuid: d3ac07e0-4b18-40a0-b288-4b6e13255b18): wassup dude!
[21:14:26] ObamaGivesNoSh (uuid: d3ac07e0-4b18-40a0-b288-4b6e13255b18): hi
[21:14:30] ObamaGivesNoSh (uuid: d3ac07e0-4b18-40a0-b288-4b6e13255b18): bro cmon
[21:14:30] iiBethanyii (uuid: 017ec225-2727-4d08-b15d-c5d9f307a55c): Im gay
[21:14:31] ObamaGivesNoSh (uuid: d3ac07e0-4b18-40a0-b288-4b6e13255b18): im a noob
[21:14:35] ObamaGivesNoSh (uuid: d3ac07e0-4b18-40a0-b288-4b6e13255b18): y are y trying to kill me
[21:14:38] iMine03 (uuid: 0f9d4172-c235-4bd2-9897-490c4a93ddfe): can u stop being autistic
[21:14:41] ObamaGivesNoSh (uuid: d3ac07e0-4b18-40a0-b288-4b6e13255b18): hi
[21:14:45] ObamaGivesNoSh (uuid: d3ac07e0-4b18-40a0-b288-4b6e13255b18): dude
[21:14:47] JohnProdman (uuid: 4150cd4b-a415-4298-bdc7-c9e330b466cc): come
[21:14:48] ObamaGivesNoSh (uuid: d3ac07e0-4b18-40a0-b288-4b6e13255b18): how did u know
[21:14:51] ObamaGivesNoSh (uuid: d3ac07e0-4b18-40a0-b288-4b6e13255b18): i got to auts scool
[21:14:52] ShadowVortex101 (uuid: a54472a5-0dab-4edf-adbf-eacf67aca824): autism is a real problem
[21:14:57] Starfrost_Dragon (uuid: c0e32186-dc7a-41fa-9e3a-4ef4e67708a0): msg iMine03 autism isn't a joke
[21:15:01] ShadowVortex101 (uuid: a54472a5-0dab-4edf-adbf-eacf67aca824): my son has autism
[21:15:02] JohnProdman (uuid: 4150cd4b-a415-4298-bdc7-c9e330b466cc): wait
[21:15:04] JohnProdman (uuid: 4150cd4b-a415-4298-bdc7-c9e330b466cc): obama
[21:15:04] JohnProdman (uuid: 4150cd4b-a415-4298-bdc7-c9e330b466cc): cmere
[21:15:04] ShadowVortex101 (uuid: a54472a5-0dab-4edf-adbf-eacf67aca824): fuck you
[21:15:07] JohnProdman (uuid: 4150cd4b-a415-4298-bdc7-c9e330b466cc): write on sign
[21:15:09] JohnProdman (uuid: 4150cd4b-a415-4298-bdc7-c9e330b466cc): what school
[21:15:39] JohnProdman (uuid: 4150cd4b-a415-4298-bdc7-c9e330b466cc): JESOS
[21:15:43] JohnProdman (uuid: 4150cd4b-a415-4298-bdc7-c9e330b466cc): U guys are retarded
[21:15:47] JohnProdman (uuid: 4150cd4b-a415-4298-bdc7-c9e330b466cc): why are u giving base location
[21:15:53] JohnProdman (uuid: 4150cd4b-a415-4298-bdc7-c9e330b466cc): if you accept, make sure u can kil lhim
[21:15:57] ObamaGivesNoSh (uuid: d3ac07e0-4b18-40a0-b288-4b6e13255b18): bri
[21:15:59] ObamaGivesNoSh (uuid: d3ac07e0-4b18-40a0-b288-4b6e13255b18): bro
[21:16:03] ObamaGivesNoSh (uuid: d3ac07e0-4b18-40a0-b288-4b6e13255b18): u can trust me
[21:16:08] ObamaGivesNoSh (uuid: d3ac07e0-4b18-40a0-b288-4b6e13255b18): i only killed u iMine03 and hub
[21:16:14] ObamaGivesNoSh (uuid: d3ac07e0-4b18-40a0-b288-4b6e13255b18): y are u burning me
[21:16:30] JohnProdman (uuid: 4150cd4b-a415-4298-bdc7-c9e330b466cc): nigg
[21:16:32] iMine03 (uuid: 0f9d4172-c235-4bd2-9897-490c4a93ddfe): LOL EZ
[21:16:37] ObamaGivesNoSh (uuid: d3ac07e0-4b18-40a0-b288-4b6e13255b18): dude
[21:16:39] ObamaGivesNoSh (uuid: d3ac07e0-4b18-40a0-b288-4b6e13255b18): i will tell
[21:16:41] JohnProdman (uuid: 4150cd4b-a415-4298-bdc7-c9e330b466cc): Didnt even aimbot for that
[21:16:43] ObamaGivesNoSh (uuid: d3ac07e0-4b18-40a0-b288-4b6e13255b18): my sped teachers about u
[21:16:46] ObamaGivesNoSh (uuid: d3ac07e0-4b18-40a0-b288-4b6e13255b18): u wont like it
[21:17:15] Starfrost_Dragon (uuid: c0e32186-dc7a-41fa-9e3a-4ef4e67708a0): here
[21:17:17] Starfrost_Dragon (uuid: c0e32186-dc7a-41fa-9e3a-4ef4e67708a0): hereeee
[21:18:18] iMine03 (uuid: 0f9d4172-c235-4bd2-9897-490c4a93ddfe): mhm
[21:18:19] JohnProdman (uuid: 4150cd4b-a415-4298-bdc7-c9e330b466cc): jesos
[21:18:23] JohnProdman (uuid: 4150cd4b-a415-4298-bdc7-c9e330b466cc): dont geti n way of arrows
[21:18:27] bryantandpat (uuid: 7961a874-c35f-4f34-a0d1-37205c235291): sry my bad
[21:18:40] JohnProdman (uuid: 4150cd4b-a415-4298-bdc7-c9e330b466cc): do u guys need anything repaired
[21:19:51] ObamaGivesNoSh (uuid: d3ac07e0-4b18-40a0-b288-4b6e13255b18): bri
[21:19:53] ObamaGivesNoSh (uuid: d3ac07e0-4b18-40a0-b288-4b6e13255b18): bro
[21:19:54] ObamaGivesNoSh (uuid: d3ac07e0-4b18-40a0-b288-4b6e13255b18): u guys
[21:19:59] ObamaGivesNoSh (uuid: d3ac07e0-4b18-40a0-b288-4b6e13255b18): keep
[21:20:02] ObamaGivesNoSh (uuid: d3ac07e0-4b18-40a0-b288-4b6e13255b18): m,issing
[21:20:09] ObamaGivesNoSh (uuid: d3ac07e0-4b18-40a0-b288-4b6e13255b18): ur lavaXD
[21:20:18] iMine03 (uuid: 0f9d4172-c235-4bd2-9897-490c4a93ddfe): that's cuz i aim for ur pussy niggae
[21:20:31] Starfrost_Dragon (uuid: c0e32186-dc7a-41fa-9e3a-4ef4e67708a0): wait are u guys for real
[21:21:28] ObamaGivesNoSh (uuid: d3ac07e0-4b18-40a0-b288-4b6e13255b18): thx for the horse
[21:21:29] ObamaGivesNoSh (uuid: d3ac07e0-4b18-40a0-b288-4b6e13255b18): idiots
[21:21:55] JohnProdman (uuid: 4150cd4b-a415-4298-bdc7-c9e330b466cc): you should know that im a pro csgo player
[21:22:11] Starfrost_Dragon (uuid: c0e32186-dc7a-41fa-9e3a-4ef4e67708a0): w
[21:22:11] ObamaGivesNoSh (uuid: d3ac07e0-4b18-40a0-b288-4b6e13255b18): r u topuntik?
[21:22:46] ObamaGivesNoSh (uuid: d3ac07e0-4b18-40a0-b288-4b6e13255b18): bro i kno u
[21:22:48] ObamaGivesNoSh (uuid: d3ac07e0-4b18-40a0-b288-4b6e13255b18): ur chongs bff
[21:23:19] Starfrost_Dragon (uuid: c0e32186-dc7a-41fa-9e3a-4ef4e67708a0): xd
[21:23:32] JohnProdman (uuid: 4150cd4b-a415-4298-bdc7-c9e330b466cc): xd ur gay
[21:23:36] ObamaGivesNoSh (uuid: d3ac07e0-4b18-40a0-b288-4b6e13255b18): bro
[21:23:38] ObamaGivesNoSh (uuid: d3ac07e0-4b18-40a0-b288-4b6e13255b18): thats not cool man
[21:23:51] JohnProdman (uuid: 4150cd4b-a415-4298-bdc7-c9e330b466cc): they set homes
[21:23:58] ObamaGivesNoSh (uuid: d3ac07e0-4b18-40a0-b288-4b6e13255b18): bro
[21:24:01] ObamaGivesNoSh (uuid: d3ac07e0-4b18-40a0-b288-4b6e13255b18): these some nice fireworks
[21:25:08] ObamaGivesNoSh (uuid: d3ac07e0-4b18-40a0-b288-4b6e13255b18): dude
[21:25:13] ObamaGivesNoSh (uuid: d3ac07e0-4b18-40a0-b288-4b6e13255b18): how do uguys have 2 electrolytes
[21:25:35] bryantandpat (uuid: 7961a874-c35f-4f34-a0d1-37205c235291): wait do u guys go to jasper
[21:25:41] ObamaGivesNoSh (uuid: d3ac07e0-4b18-40a0-b288-4b6e13255b18): no
[21:25:44] ObamaGivesNoSh (uuid: d3ac07e0-4b18-40a0-b288-4b6e13255b18): autism school
[21:25:53] ShadowVortex101 (uuid: a54472a5-0dab-4edf-adbf-eacf67aca824): bryant its your kouhai
[21:25:58] ObamaGivesNoSh (uuid: d3ac07e0-4b18-40a0-b288-4b6e13255b18): my principal is paul resmer
[21:26:01] ObamaGivesNoSh (uuid: d3ac07e0-4b18-40a0-b288-4b6e13255b18): io gtg
[21:26:02] Starfrost_Dragon (uuid: c0e32186-dc7a-41fa-9e3a-4ef4e67708a0): yo chill out
[21:26:03] ObamaGivesNoSh (uuid: d3ac07e0-4b18-40a0-b288-4b6e13255b18): mom said it was bedtime
[21:26:04] ObamaGivesNoSh (uuid: d3ac07e0-4b18-40a0-b288-4b6e13255b18): :(
[21:26:07] ObamaGivesNoSh (uuid: d3ac07e0-4b18-40a0-b288-4b6e13255b18): gn guys!!
[21:26:12] bryantandpat (uuid: 7961a874-c35f-4f34-a0d1-37205c235291):  i thought u guys went to shepton
[21:28:21] JohnProdman (uuid: 4150cd4b-a415-4298-bdc7-c9e330b466cc): raped
[21:28:29] bryantandpat (uuid: 7961a874-c35f-4f34-a0d1-37205c235291): ezzz
[21:28:30] JohnProdman (uuid: 4150cd4b-a415-4298-bdc7-c9e330b466cc): LMAO
[21:28:34] JohnProdman (uuid: 4150cd4b-a415-4298-bdc7-c9e330b466cc): I blocked off their homes
[21:28:36] JohnProdman (uuid: 4150cd4b-a415-4298-bdc7-c9e330b466cc): so they raged
[21:28:44] JohnProdman (uuid: 4150cd4b-a415-4298-bdc7-c9e330b466cc): lets fill em with lava
[21:28:46] bryantandpat (uuid: 7961a874-c35f-4f34-a0d1-37205c235291): wheres there homes
[21:28:49] bryantandpat (uuid: 7961a874-c35f-4f34-a0d1-37205c235291): lemme see
[21:28:56] JohnProdman (uuid: 4150cd4b-a415-4298-bdc7-c9e330b466cc): go home
[21:29:18] bryantandpat (uuid: 7961a874-c35f-4f34-a0d1-37205c235291): jesos that fag took my horse
[21:29:27] bryantandpat (uuid: 7961a874-c35f-4f34-a0d1-37205c235291): jesos that dumbass took my horse
[21:29:53] bryantandpat (uuid: 7961a874-c35f-4f34-a0d1-37205c235291): wtf
[21:29:58] JohnProdman (uuid: 4150cd4b-a415-4298-bdc7-c9e330b466cc): yea
[21:29:59] bryantandpat (uuid: 7961a874-c35f-4f34-a0d1-37205c235291): wheres the house
[21:30:00] JohnProdman (uuid: 4150cd4b-a415-4298-bdc7-c9e330b466cc): i killed it
[21:30:10] JohnProdman (uuid: 4150cd4b-a415-4298-bdc7-c9e330b466cc): not a house
[21:30:12] JohnProdman (uuid: 4150cd4b-a415-4298-bdc7-c9e330b466cc): they set home here
[21:30:15] bryantandpat (uuid: 7961a874-c35f-4f34-a0d1-37205c235291): o
[21:30:18] JohnProdman (uuid: 4150cd4b-a415-4298-bdc7-c9e330b466cc): i surrpunded it
[21:30:20] bryantandpat (uuid: 7961a874-c35f-4f34-a0d1-37205c235291): do u know which blocks
[21:30:20] JohnProdman (uuid: 4150cd4b-a415-4298-bdc7-c9e330b466cc): dont remove these
[21:30:24] bryantandpat (uuid: 7961a874-c35f-4f34-a0d1-37205c235291): kk
[21:30:25] JohnProdman (uuid: 4150cd4b-a415-4298-bdc7-c9e330b466cc): the middle
[21:30:34] JohnProdman (uuid: 4150cd4b-a415-4298-bdc7-c9e330b466cc): Ill get u a whorse
[21:30:59] JohnProdman (uuid: 4150cd4b-a415-4298-bdc7-c9e330b466cc): i have the saddle and armor so all good
[21:31:12] bryantandpat (uuid: 7961a874-c35f-4f34-a0d1-37205c235291): ez filled it with lava
[21:31:19] JohnProdman (uuid: 4150cd4b-a415-4298-bdc7-c9e330b466cc): theres another
[21:31:22] JohnProdman (uuid: 4150cd4b-a415-4298-bdc7-c9e330b466cc): to the left
[21:31:46] JohnProdman (uuid: 4150cd4b-a415-4298-bdc7-c9e330b466cc): how many hearts dod ur horse have
[21:31:50] bryantandpat (uuid: 7961a874-c35f-4f34-a0d1-37205c235291): idk
[21:31:54] bryantandpat (uuid: 7961a874-c35f-4f34-a0d1-37205c235291): 12?
[21:32:09] JohnProdman (uuid: 4150cd4b-a415-4298-bdc7-c9e330b466cc): wot ethan
[21:32:28] iMine03 (uuid: 0f9d4172-c235-4bd2-9897-490c4a93ddfe): where their house at
[21:32:33] bryantandpat (uuid: 7961a874-c35f-4f34-a0d1-37205c235291): next to mine
[21:32:39] bryantandpat (uuid: 7961a874-c35f-4f34-a0d1-37205c235291): filled it with lava tho
[21:32:40] iMine03 (uuid: 0f9d4172-c235-4bd2-9897-490c4a93ddfe): but like where
[21:32:47] JohnProdman (uuid: 4150cd4b-a415-4298-bdc7-c9e330b466cc): behind matthews home
[21:32:49] bryantandpat (uuid: 7961a874-c35f-4f34-a0d1-37205c235291): behind the stable
[21:32:55] iMine03 (uuid: 0f9d4172-c235-4bd2-9897-490c4a93ddfe): wtf that close?
[21:33:11] JohnProdman (uuid: 4150cd4b-a415-4298-bdc7-c9e330b466cc): Share some armor with matthew
[21:33:11] bryantandpat (uuid: 7961a874-c35f-4f34-a0d1-37205c235291): wait how did they get to my house
[21:33:19] JohnProdman (uuid: 4150cd4b-a415-4298-bdc7-c9e330b466cc): I dont know
[21:33:21] JohnProdman (uuid: 4150cd4b-a415-4298-bdc7-c9e330b466cc): U ACCEPTED TPA?
[21:33:24] JohnProdman (uuid: 4150cd4b-a415-4298-bdc7-c9e330b466cc): retard
[21:33:26] bryantandpat (uuid: 7961a874-c35f-4f34-a0d1-37205c235291): o
[21:33:30] bryantandpat (uuid: 7961a874-c35f-4f34-a0d1-37205c235291): then they set home?w
[21:33:34] JohnProdman (uuid: 4150cd4b-a415-4298-bdc7-c9e330b466cc): yea
[21:33:39] bryantandpat (uuid: 7961a874-c35f-4f34-a0d1-37205c235291): o
[21:33:44] bryantandpat (uuid: 7961a874-c35f-4f34-a0d1-37205c235291): wheres the 2nd one
[21:33:54] JohnProdman (uuid: 4150cd4b-a415-4298-bdc7-c9e330b466cc): Al lthese whoreses ahve 11 hearts
[21:34:01] bryantandpat (uuid: 7961a874-c35f-4f34-a0d1-37205c235291): no worries
[21:34:12] bryantandpat (uuid: 7961a874-c35f-4f34-a0d1-37205c235291): is that it
[21:34:15] bryantandpat (uuid: 7961a874-c35f-4f34-a0d1-37205c235291): isnt there one more
[21:34:16] JohnProdman (uuid: 4150cd4b-a415-4298-bdc7-c9e330b466cc): yea
[21:34:19] JohnProdman (uuid: 4150cd4b-a415-4298-bdc7-c9e330b466cc): nah
[21:34:21] bryantandpat (uuid: 7961a874-c35f-4f34-a0d1-37205c235291): ez
[21:34:30] bryantandpat (uuid: 7961a874-c35f-4f34-a0d1-37205c235291): now we just gotta block off spawn with obsidian
[21:34:37] JohnProdman (uuid: 4150cd4b-a415-4298-bdc7-c9e330b466cc): mhm
[21:34:43] JohnProdman (uuid: 4150cd4b-a415-4298-bdc7-c9e330b466cc): james
[21:34:44] bryantandpat (uuid: 7961a874-c35f-4f34-a0d1-37205c235291): lmao james
[21:34:47] JohnProdman (uuid: 4150cd4b-a415-4298-bdc7-c9e330b466cc): we fended off assholes
[21:34:51] JohnProdman (uuid: 4150cd4b-a415-4298-bdc7-c9e330b466cc): did u invite them
[21:34:52] bryantandpat (uuid: 7961a874-c35f-4f34-a0d1-37205c235291): just raped some autistic freshmen
[21:35:01] bryantandpat (uuid: 7961a874-c35f-4f34-a0d1-37205c235291): they prob saw the thing in chinese room
[21:35:14] JohnProdman (uuid: 4150cd4b-a415-4298-bdc7-c9e330b466cc): Guys join my server
[21:35:27] JohnProdman (uuid: 4150cd4b-a415-4298-bdc7-c9e330b466cc): 76.186.116.150
[21:35:28] JohnProdman (uuid: 4150cd4b-a415-4298-bdc7-c9e330b466cc): 76.186.116.150
[21:35:32] JohnProdman (uuid: 4150cd4b-a415-4298-bdc7-c9e330b466cc): dont
[21:35:48] bryantandpat (uuid: 7961a874-c35f-4f34-a0d1-37205c235291): jesos these fegs broke the rails
[21:35:58] JohnProdman (uuid: 4150cd4b-a415-4298-bdc7-c9e330b466cc): what rails
[21:35:58] iMine03 (uuid: 0f9d4172-c235-4bd2-9897-490c4a93ddfe): autism
[21:36:02] bryantandpat (uuid: 7961a874-c35f-4f34-a0d1-37205c235291): the rails to dereks house
[21:36:05] JohnProdman (uuid: 4150cd4b-a415-4298-bdc7-c9e330b466cc): oh might have been me
[21:36:09] bryantandpat (uuid: 7961a874-c35f-4f34-a0d1-37205c235291): autssss
[21:36:13] JohnProdman (uuid: 4150cd4b-a415-4298-bdc7-c9e330b466cc): does fire spread on rails?
[21:36:20] bryantandpat (uuid: 7961a874-c35f-4f34-a0d1-37205c235291): maybe
[21:36:23] JohnProdman (uuid: 4150cd4b-a415-4298-bdc7-c9e330b466cc): I have 1 powered rail
[21:36:44] JohnProdman (uuid: 4150cd4b-a415-4298-bdc7-c9e330b466cc): wait that rail was already missing
[21:36:54] JohnProdman (uuid: 4150cd4b-a415-4298-bdc7-c9e330b466cc): i was on earlier and was wonder what the hell that was
[21:37:03] bryantandpat (uuid: 7961a874-c35f-4f34-a0d1-37205c235291): they prob broke it
[21:37:05] bryantandpat (uuid: 7961a874-c35f-4f34-a0d1-37205c235291): little shits
[21:37:06] iMine03 (uuid: 0f9d4172-c235-4bd2-9897-490c4a93ddfe): matjew can u show me their house
[21:37:06] JohnProdman (uuid: 4150cd4b-a415-4298-bdc7-c9e330b466cc): non
[21:37:10] JohnProdman (uuid: 4150cd4b-a415-4298-bdc7-c9e330b466cc): was like that
[21:37:14] bryantandpat (uuid: 7961a874-c35f-4f34-a0d1-37205c235291): its not even a house
[21:37:18] bryantandpat (uuid: 7961a874-c35f-4f34-a0d1-37205c235291):  just set their homes there
[21:37:30] iMine03 (uuid: 0f9d4172-c235-4bd2-9897-490c4a93ddfe): what did u fill with lava
[21:37:31] bryantandpat (uuid: 7961a874-c35f-4f34-a0d1-37205c235291):  its the stone pillars
[21:37:39] iMine03 (uuid: 0f9d4172-c235-4bd2-9897-490c4a93ddfe): they must;ve had a chest because they stole my elytra
[21:37:43] bryantandpat (uuid: 7961a874-c35f-4f34-a0d1-37205c235291): jesoss
[21:37:49] bryantandpat (uuid: 7961a874-c35f-4f34-a0d1-37205c235291): how
[21:37:52] iMine03 (uuid: 0f9d4172-c235-4bd2-9897-490c4a93ddfe): killed me
[21:37:56] bryantandpat (uuid: 7961a874-c35f-4f34-a0d1-37205c235291): rip
[21:38:03] JohnProdman (uuid: 4150cd4b-a415-4298-bdc7-c9e330b466cc): Maybe the 3rd guy had it
[21:38:10] JohnProdman (uuid: 4150cd4b-a415-4298-bdc7-c9e330b466cc): didnt tp vbeecause he didnt want to lose it
[21:38:22] JohnProdman (uuid: 4150cd4b-a415-4298-bdc7-c9e330b466cc): I got spares
[21:38:23] JohnProdman (uuid: 4150cd4b-a415-4298-bdc7-c9e330b466cc): u want
[21:38:25] TheRealColmagi (uuid: c98c1615-0764-41e1-848d-73152bfabe94): I LIKE JEWS
[21:38:27] JohnProdman (uuid: 4150cd4b-a415-4298-bdc7-c9e330b466cc): james
[21:38:28] TheRealColmagi (uuid: c98c1615-0764-41e1-848d-73152bfabe94): hahahahahahahaha
[21:38:30] JohnProdman (uuid: 4150cd4b-a415-4298-bdc7-c9e330b466cc): add slimefun now
[21:38:32] bryantandpat (uuid: 7961a874-c35f-4f34-a0d1-37205c235291): james who were those ppl
[21:38:43] TheRealColmagi (uuid: c98c1615-0764-41e1-848d-73152bfabe94): IDFK
[21:38:50] bryantandpat (uuid: 7961a874-c35f-4f34-a0d1-37205c235291): 
[21:38:50] iMine03 (uuid: 0f9d4172-c235-4bd2-9897-490c4a93ddfe): wtf
[21:38:53] JohnProdman (uuid: 4150cd4b-a415-4298-bdc7-c9e330b466cc): 
[21:38:54] JohnProdman (uuid: 4150cd4b-a415-4298-bdc7-c9e330b466cc): 
[21:38:55] TheRealColmagi (uuid: c98c1615-0764-41e1-848d-73152bfabe94): obamagivesnosh is zach tang i think??
[21:38:59] bryantandpat (uuid: 7961a874-c35f-4f34-a0d1-37205c235291): o shit
[21:39:00] TheRealColmagi (uuid: c98c1615-0764-41e1-848d-73152bfabe94): or maybe eric jiang
[21:39:04] iMine03 (uuid: 0f9d4172-c235-4bd2-9897-490c4a93ddfe): nigget wtf
[21:39:05] TheRealColmagi (uuid: c98c1615-0764-41e1-848d-73152bfabe94): eric something
[21:39:06] iiBethanyii (uuid: 017ec225-2727-4d08-b15d-c5d9f307a55c): 
[21:39:07] bryantandpat (uuid: 7961a874-c35f-4f34-a0d1-37205c235291):  we killed zach tang
[21:39:08] JohnProdman (uuid: 4150cd4b-a415-4298-bdc7-c9e330b466cc): 
[21:39:11] iiBethanyii (uuid: 017ec225-2727-4d08-b15d-c5d9f307a55c): 
[21:39:11] TheRealColmagi (uuid: c98c1615-0764-41e1-848d-73152bfabe94): and then the other ppl idk
[21:39:14] TheRealColmagi (uuid: c98c1615-0764-41e1-848d-73152bfabe94): maybe zach tangs friends
[21:39:15] JohnProdman (uuid: 4150cd4b-a415-4298-bdc7-c9e330b466cc): 
[21:39:18] iiBethanyii (uuid: 017ec225-2727-4d08-b15d-c5d9f307a55c): 
[21:39:19] bryantandpat (uuid: 7961a874-c35f-4f34-a0d1-37205c235291): wait what if one of them was james li
[21:39:23] JohnProdman (uuid: 4150cd4b-a415-4298-bdc7-c9e330b466cc): Whos zach tang
[21:39:24] iMine03 (uuid: 0f9d4172-c235-4bd2-9897-490c4a93ddfe): auts im gonna rape zach tang when i see him
[21:39:27] bryantandpat (uuid: 7961a874-c35f-4f34-a0d1-37205c235291):  some calc god
[21:39:28] iMine03 (uuid: 0f9d4172-c235-4bd2-9897-490c4a93ddfe): he's in my hum class
[21:39:28] JohnProdman (uuid: 4150cd4b-a415-4298-bdc7-c9e330b466cc): sophomore?
[21:39:31] bryantandpat (uuid: 7961a874-c35f-4f34-a0d1-37205c235291): ye
[21:39:34] TheRealColmagi (uuid: c98c1615-0764-41e1-848d-73152bfabe94): LMAO
[21:39:39] JohnProdman (uuid: 4150cd4b-a415-4298-bdc7-c9e330b466cc): wait is he the dude in robotics
[21:39:40] TheRealColmagi (uuid: c98c1615-0764-41e1-848d-73152bfabe94): u niggas fought zach tang?
[21:39:41] TheRealColmagi (uuid: c98c1615-0764-41e1-848d-73152bfabe94): did u guys win
[21:39:45] bryantandpat (uuid: 7961a874-c35f-4f34-a0d1-37205c235291): ye we raped his ass
[21:39:47] iMine03 (uuid: 0f9d4172-c235-4bd2-9897-490c4a93ddfe): sits at the table next to me during hum
[21:39:49] TheRealColmagi (uuid: c98c1615-0764-41e1-848d-73152bfabe94): they were fighting paul resmer too
[21:39:50] JohnProdman (uuid: 4150cd4b-a415-4298-bdc7-c9e330b466cc): he was at robotics comp...
[21:39:52] TheRealColmagi (uuid: c98c1615-0764-41e1-848d-73152bfabe94): but paul had hax
[21:39:53] JohnProdman (uuid: 4150cd4b-a415-4298-bdc7-c9e330b466cc): fu
[21:39:55] bryantandpat (uuid: 7961a874-c35f-4f34-a0d1-37205c235291): what gear did they have
[21:40:06] JohnProdman (uuid: 4150cd4b-a415-4298-bdc7-c9e330b466cc): i killed em legit
[21:40:09] JohnProdman (uuid: 4150cd4b-a415-4298-bdc7-c9e330b466cc): no killaura
[21:40:24] iiBethanyii (uuid: 017ec225-2727-4d08-b15d-c5d9f307a55c): 
[21:40:25] JohnProdman (uuid: 4150cd4b-a415-4298-bdc7-c9e330b466cc): 
[21:40:26] iMine03 (uuid: 0f9d4172-c235-4bd2-9897-490c4a93ddfe): jekyll jekyll hyde jekyll hyde hyde jekyll
[21:40:28] TheRealColmagi (uuid: c98c1615-0764-41e1-848d-73152bfabe94): damn i wish i couldve seen that
[21:40:42] JohnProdman (uuid: 4150cd4b-a415-4298-bdc7-c9e330b466cc): you can, just go to the backu- nvm
[21:40:42] TheRealColmagi (uuid: c98c1615-0764-41e1-848d-73152bfabe94): too bad i was at dso concert
[21:40:51] TheRealColmagi (uuid: c98c1615-0764-41e1-848d-73152bfabe94): wtf no backup shows a replay
[21:40:53] TheRealColmagi (uuid: c98c1615-0764-41e1-848d-73152bfabe94): u auts
[21:41:00] JohnProdman (uuid: 4150cd4b-a415-4298-bdc7-c9e330b466cc): thats not the point
[21:41:06] JohnProdman (uuid: 4150cd4b-a415-4298-bdc7-c9e330b466cc): can u add slimefun
[21:41:09] TheRealColmagi (uuid: c98c1615-0764-41e1-848d-73152bfabe94): holy nigga
[21:41:10] JohnProdman (uuid: 4150cd4b-a415-4298-bdc7-c9e330b466cc): everyone wants it
[21:41:13] JohnProdman (uuid: 4150cd4b-a415-4298-bdc7-c9e330b466cc): legit
[21:41:13] bryantandpat (uuid: 7961a874-c35f-4f34-a0d1-37205c235291): ye
[21:41:50] JohnProdman (uuid: 4150cd4b-a415-4298-bdc7-c9e330b466cc): ethan did ur elytra have enchants
[21:41:54] iMine03 (uuid: 0f9d4172-c235-4bd2-9897-490c4a93ddfe): no
[21:42:03] TheRealColmagi (uuid: c98c1615-0764-41e1-848d-73152bfabe94): bet
[21:42:05] JohnProdman (uuid: 4150cd4b-a415-4298-bdc7-c9e330b466cc): lemem see how many elytra i have
[21:42:08] bryantandpat (uuid: 7961a874-c35f-4f34-a0d1-37205c235291): yo lets message zach tang
[21:42:12] iMine03 (uuid: 0f9d4172-c235-4bd2-9897-490c4a93ddfe): mhmmm
[21:42:13] bryantandpat (uuid: 7961a874-c35f-4f34-a0d1-37205c235291): tellhim to get back on
[21:42:21] JohnProdman (uuid: 4150cd4b-a415-4298-bdc7-c9e330b466cc): james
[21:42:24] JohnProdman (uuid: 4150cd4b-a415-4298-bdc7-c9e330b466cc): did u take my elytra
[21:42:27] JohnProdman (uuid: 4150cd4b-a415-4298-bdc7-c9e330b466cc): I swear
[21:42:35] JohnProdman (uuid: 4150cd4b-a415-4298-bdc7-c9e330b466cc): also did u take a stack or 2 of iron blocks
[21:43:07] JohnProdman (uuid: 4150cd4b-a415-4298-bdc7-c9e330b466cc): why do i have 2 elytra
[21:43:20] JohnProdman (uuid: 4150cd4b-a415-4298-bdc7-c9e330b466cc): i kno for a fucking fact i found 3 from end cities
[21:43:26] TheRealColmagi (uuid: c98c1615-0764-41e1-848d-73152bfabe94): gonna yeet
[21:43:31] TheRealColmagi (uuid: c98c1615-0764-41e1-848d-73152bfabe94): dont have an elytra
[21:43:40] TheRealColmagi (uuid: c98c1615-0764-41e1-848d-73152bfabe94): i was fucking afk
[21:43:42] TheRealColmagi (uuid: c98c1615-0764-41e1-848d-73152bfabe94): for like 6 hrs
[21:43:49] JohnProdman (uuid: 4150cd4b-a415-4298-bdc7-c9e330b466cc): did u remove it with my diamond
[21:43:56] TheRealColmagi (uuid: c98c1615-0764-41e1-848d-73152bfabe94): no i removed ur diamonds
[21:44:02] JohnProdman (uuid: 4150cd4b-a415-4298-bdc7-c9e330b466cc): and some other shit
[21:44:26] JohnProdman (uuid: 4150cd4b-a415-4298-bdc7-c9e330b466cc): can u at least add slimefun so i can teach matthew
[21:44:33] TheRealColmagi (uuid: c98c1615-0764-41e1-848d-73152bfabe94): nigga lemme look it up then
[21:44:37] JohnProdman (uuid: 4150cd4b-a415-4298-bdc7-c9e330b466cc): ty
[21:45:17] iiBethanyii (uuid: 017ec225-2727-4d08-b15d-c5d9f307a55c): Holy shit!
[21:45:21] iiBethanyii (uuid: 017ec225-2727-4d08-b15d-c5d9f307a55c): did u spawn matthew villagers
[21:45:48] TheRealColmagi (uuid: c98c1615-0764-41e1-848d-73152bfabe94): wtf this nigga
[21:45:58] TheRealColmagi (uuid: c98c1615-0764-41e1-848d-73152bfabe94): no matthew transported em there
[21:45:58] JohnProdman (uuid: 4150cd4b-a415-4298-bdc7-c9e330b466cc): what
[21:46:00] TheRealColmagi (uuid: c98c1615-0764-41e1-848d-73152bfabe94): and bred them
[21:46:02] iiBethanyii (uuid: 017ec225-2727-4d08-b15d-c5d9f307a55c): why
[21:46:05] TheRealColmagi (uuid: c98c1615-0764-41e1-848d-73152bfabe94): slimefun is like mods
[21:46:08] iiBethanyii (uuid: 017ec225-2727-4d08-b15d-c5d9f307a55c): in the fucking water
[21:46:09] TheRealColmagi (uuid: c98c1615-0764-41e1-848d-73152bfabe94): but it uses gui
[21:46:10] iiBethanyii (uuid: 017ec225-2727-4d08-b15d-c5d9f307a55c): yea
[21:46:11] TheRealColmagi (uuid: c98c1615-0764-41e1-848d-73152bfabe94): thats auts
[21:46:13] iiBethanyii (uuid: 017ec225-2727-4d08-b15d-c5d9f307a55c): exactly
[21:46:17] iiBethanyii (uuid: 017ec225-2727-4d08-b15d-c5d9f307a55c): everyone wants it
[21:46:25] TheRealColmagi (uuid: c98c1615-0764-41e1-848d-73152bfabe94): 2 ppl have asked me for it
[21:46:28] iiBethanyii (uuid: 017ec225-2727-4d08-b15d-c5d9f307a55c): U can make a second server and stop this one if u dnt want to fucki t up
[21:46:41] JohnProdman (uuid: 4150cd4b-a415-4298-bdc7-c9e330b466cc): Ethan
[21:46:44] JohnProdman (uuid: 4150cd4b-a415-4298-bdc7-c9e330b466cc): do u want slimefun
[21:47:01] iiBethanyii (uuid: 017ec225-2727-4d08-b15d-c5d9f307a55c): the 2 people make up the population of ur server 90% of the time
[21:47:28] JohnProdman (uuid: 4150cd4b-a415-4298-bdc7-c9e330b466cc): wot
[21:48:05] JohnProdman (uuid: 4150cd4b-a415-4298-bdc7-c9e330b466cc): ethan
[21:48:07] JohnProdman (uuid: 4150cd4b-a415-4298-bdc7-c9e330b466cc): do u want slimefun
[21:48:11] JohnProdman (uuid: 4150cd4b-a415-4298-bdc7-c9e330b466cc): shit
[21:48:12] TheRealColmagi (uuid: c98c1615-0764-41e1-848d-73152bfabe94): no wtf
[21:48:13] JohnProdman (uuid: 4150cd4b-a415-4298-bdc7-c9e330b466cc): srry
[21:48:24] iMine03 (uuid: 0f9d4172-c235-4bd2-9897-490c4a93ddfe): dont know what that is
[21:48:35] JohnProdman (uuid: 4150cd4b-a415-4298-bdc7-c9e330b466cc): mod that will save matthew's life
[21:49:16] TheRealColmagi (uuid: c98c1615-0764-41e1-848d-73152bfabe94): nice
[21:49:33] TheRealColmagi (uuid: c98c1615-0764-41e1-848d-73152bfabe94): wheres arthur wilkinson
[21:50:45] TheRealColmagi (uuid: c98c1615-0764-41e1-848d-73152bfabe94): nigga slimefun isnt even being updated
[21:50:52] TheRealColmagi (uuid: c98c1615-0764-41e1-848d-73152bfabe94): the creater stopped working on it
[21:50:54] JohnProdman (uuid: 4150cd4b-a415-4298-bdc7-c9e330b466cc): Because it doesnt
[21:51:04] JohnProdman (uuid: 4150cd4b-a415-4298-bdc7-c9e330b466cc): its updated past 11.1
[21:51:12] JohnProdman (uuid: 4150cd4b-a415-4298-bdc7-c9e330b466cc): u only need 1.8 because thats server version
[21:51:22] JohnProdman (uuid: 4150cd4b-a415-4298-bdc7-c9e330b466cc): just download 1.8
[21:52:13] TheRealColmagi (uuid: c98c1615-0764-41e1-848d-73152bfabe94): ez fegrek
[21:52:32] TheRealColmagi (uuid: c98c1615-0764-41e1-848d-73152bfabe94): derek
[21:52:39] TheRealColmagi (uuid: c98c1615-0764-41e1-848d-73152bfabe94): apparently zach tang and some buddies got on
[21:52:50] TheRealColmagi (uuid: c98c1615-0764-41e1-848d-73152bfabe94): and they fought matjew gay carl, ian, and hubert
[21:55:00] JohnProdman (uuid: 4150cd4b-a415-4298-bdc7-c9e330b466cc): thatsbunky
[21:55:21] JohnProdman (uuid: 4150cd4b-a415-4298-bdc7-c9e330b466cc): are u not gonna dd it
[21:55:29] TheRealColmagi (uuid: c98c1615-0764-41e1-848d-73152bfabe94): idk
[21:55:37] JohnProdman (uuid: 4150cd4b-a415-4298-bdc7-c9e330b466cc): How many votes do u need for it to be added
[21:55:38] TheRealColmagi (uuid: c98c1615-0764-41e1-848d-73152bfabe94): if i put it on this server might fk it up
[21:55:46] JohnProdman (uuid: 4150cd4b-a415-4298-bdc7-c9e330b466cc): Then stop this one
[21:55:51] PiranhaBoy (uuid: 068bfb61-fb8a-4553-8305-2af64537cadb): someone broke the persian road
[21:55:53] JohnProdman (uuid: 4150cd4b-a415-4298-bdc7-c9e330b466cc): generate new
[21:55:57] JohnProdman (uuid: 4150cd4b-a415-4298-bdc7-c9e330b466cc): and make it that
[21:56:01] TheRealColmagi (uuid: c98c1615-0764-41e1-848d-73152bfabe94): if i put on new server have to fucking do all the shit that comes with doing a new server
[21:56:07] TheRealColmagi (uuid: c98c1615-0764-41e1-848d-73152bfabe94): puttin in my plugins
[21:56:10] JohnProdman (uuid: 4150cd4b-a415-4298-bdc7-c9e330b466cc): Then copy config
[21:56:11] TheRealColmagi (uuid: c98c1615-0764-41e1-848d-73152bfabe94): copying over my configs
[21:56:16] TheRealColmagi (uuid: c98c1615-0764-41e1-848d-73152bfabe94): making a new spawn
[21:56:23] JohnProdman (uuid: 4150cd4b-a415-4298-bdc7-c9e330b466cc): literally copy the server file rename it Slimefun and wipe tha map
[21:56:28] JohnProdman (uuid: 4150cd4b-a415-4298-bdc7-c9e330b466cc): use the same shit
[21:56:44] JohnProdman (uuid: 4150cd4b-a415-4298-bdc7-c9e330b466cc): worldedit can save chunks and paste on other maps
[21:57:40] JohnProdman (uuid: 4150cd4b-a415-4298-bdc7-c9e330b466cc): or dont even wipe the mapo
[21:57:47] JohnProdman (uuid: 4150cd4b-a415-4298-bdc7-c9e330b466cc): replicate this server and put slimefun on it
[21:58:05] JohnProdman (uuid: 4150cd4b-a415-4298-bdc7-c9e330b466cc): Derek can i kill u
[21:58:51] JohnProdman (uuid: 4150cd4b-a415-4298-bdc7-c9e330b466cc): wait
[21:58:51] JohnProdman (uuid: 4150cd4b-a415-4298-bdc7-c9e330b466cc): cmere
[21:58:55] JohnProdman (uuid: 4150cd4b-a415-4298-bdc7-c9e330b466cc): u need the gate
[21:58:59] JohnProdman (uuid: 4150cd4b-a415-4298-bdc7-c9e330b466cc): jesos
[22:05:15] JohnProdman (uuid: 4150cd4b-a415-4298-bdc7-c9e330b466cc): is zach tang tall dude who wears grey jacket
[22:05:21] TheRealColmagi (uuid: c98c1615-0764-41e1-848d-73152bfabe94): hes calc god
[22:06:58] TheRealColmagi (uuid: c98c1615-0764-41e1-848d-73152bfabe94): wow its an orgy
[22:07:01] PiranhaBoy (uuid: 068bfb61-fb8a-4553-8305-2af64537cadb): can you fuciking stop
[22:07:13] PiranhaBoy (uuid: 068bfb61-fb8a-4553-8305-2af64537cadb): gdoamn villagers laggingme
[22:07:19] JohnProdman (uuid: 4150cd4b-a415-4298-bdc7-c9e330b466cc): nope
[22:07:21] JohnProdman (uuid: 4150cd4b-a415-4298-bdc7-c9e330b466cc): its james
[22:07:37] JohnProdman (uuid: 4150cd4b-a415-4298-bdc7-c9e330b466cc): i was feeling spikes too
[22:08:12] JohnProdman (uuid: 4150cd4b-a415-4298-bdc7-c9e330b466cc): Holy fuck!
[22:08:17] JohnProdman (uuid: 4150cd4b-a415-4298-bdc7-c9e330b466cc): That vilalger sped as fuck
[22:08:24] JohnProdman (uuid: 4150cd4b-a415-4298-bdc7-c9e330b466cc): I opened this gate and he zoomed
[22:09:37] JohnProdman (uuid: 4150cd4b-a415-4298-bdc7-c9e330b466cc): Nigoro
[22:09:40] JohnProdman (uuid: 4150cd4b-a415-4298-bdc7-c9e330b466cc): slemfuk
[22:10:59] TheRealColmagi (uuid: c98c1615-0764-41e1-848d-73152bfabe94): jew
[22:11:31] JohnProdman (uuid: 4150cd4b-a415-4298-bdc7-c9e330b466cc): r u adding or not
[22:11:34] JohnProdman (uuid: 4150cd4b-a415-4298-bdc7-c9e330b466cc): if not i leave
[22:11:37] JohnProdman (uuid: 4150cd4b-a415-4298-bdc7-c9e330b466cc): am bored
[22:11:40] TheRealColmagi (uuid: c98c1615-0764-41e1-848d-73152bfabe94): ok
[22:14:34] TheRealColmagi (uuid: c98c1615-0764-41e1-848d-73152bfabe94): where tf these niggas get a beacon
[22:15:11] JohnProdman (uuid: 4150cd4b-a415-4298-bdc7-c9e330b466cc): I made it
[22:15:13] JohnProdman (uuid: 4150cd4b-a415-4298-bdc7-c9e330b466cc): nigga
[22:15:18] JohnProdman (uuid: 4150cd4b-a415-4298-bdc7-c9e330b466cc): thats how fucking bored i am
[22:15:33] TheRealColmagi (uuid: c98c1615-0764-41e1-848d-73152bfabe94): time to make a marching field in minecraft
[22:15:47] JohnProdman (uuid: 4150cd4b-a415-4298-bdc7-c9e330b466cc): no make slimefun
[22:15:55] JohnProdman (uuid: 4150cd4b-a415-4298-bdc7-c9e330b466cc): at least run a server parallel
[22:16:04] JohnProdman (uuid: 4150cd4b-a415-4298-bdc7-c9e330b466cc): or make a hub redirect to my server
[22:16:30] TheRealColmagi (uuid: c98c1615-0764-41e1-848d-73152bfabe94): fuck
[22:16:34] TheRealColmagi (uuid: c98c1615-0764-41e1-848d-73152bfabe94): havent practiced clarinet
[22:20:54] JohnProdman (uuid: 4150cd4b-a415-4298-bdc7-c9e330b466cc): fucking
[22:21:46] JohnProdman (uuid: 4150cd4b-a415-4298-bdc7-c9e330b466cc): i swear nigga
[22:21:50] JohnProdman (uuid: 4150cd4b-a415-4298-bdc7-c9e330b466cc): nigger
[22:33:06] JohnProdman (uuid: 4150cd4b-a415-4298-bdc7-c9e330b466cc): fuck me
[22:45:29] JohnProdman (uuid: 4150cd4b-a415-4298-bdc7-c9e330b466cc): fuck
[22:45:35] JohnProdman (uuid: 4150cd4b-a415-4298-bdc7-c9e330b466cc): ing
[22:45:36] JohnProdman (uuid: 4150cd4b-a415-4298-bdc7-c9e330b466cc): dead
[22:45:43] JohnProdman (uuid: 4150cd4b-a415-4298-bdc7-c9e330b466cc): revive
[22:45:45] JohnProdman (uuid: 4150cd4b-a415-4298-bdc7-c9e330b466cc): with
[22:45:46] JohnProdman (uuid: 4150cd4b-a415-4298-bdc7-c9e330b466cc): slime
[22:45:47] JohnProdman (uuid: 4150cd4b-a415-4298-bdc7-c9e330b466cc): fun
[22:45:49] JohnProdman (uuid: 4150cd4b-a415-4298-bdc7-c9e330b466cc): thanks
[22:45:50] JohnProdman (uuid: 4150cd4b-a415-4298-bdc7-c9e330b466cc): have
[22:45:51] JohnProdman (uuid: 4150cd4b-a415-4298-bdc7-c9e330b466cc): nice
[22:45:52] JohnProdman (uuid: 4150cd4b-a415-4298-bdc7-c9e330b466cc): day
[23:22:28] JohnProdman (uuid: 4150cd4b-a415-4298-bdc7-c9e330b466cc): JEMS
[23:34:19] TheRealColmagi (uuid: c98c1615-0764-41e1-848d-73152bfabe94): allah
[23:34:29] JohnProdman (uuid: 4150cd4b-a415-4298-bdc7-c9e330b466cc): add slimefun please
[23:34:31] JohnProdman (uuid: 4150cd4b-a415-4298-bdc7-c9e330b466cc): jesos
[23:34:43] TheRealColmagi (uuid: c98c1615-0764-41e1-848d-73152bfabe94): nigga stop fucking telling me to add slimefun
[23:34:48] JohnProdman (uuid: 4150cd4b-a415-4298-bdc7-c9e330b466cc): why
[23:34:54] JohnProdman (uuid: 4150cd4b-a415-4298-bdc7-c9e330b466cc): Matthew and i want it
[23:34:55] TheRealColmagi (uuid: c98c1615-0764-41e1-848d-73152bfabe94): its annoying
[23:35:02] JohnProdman (uuid: 4150cd4b-a415-4298-bdc7-c9e330b466cc): and we are the only ones who play anyway
[23:35:07] TheRealColmagi (uuid: c98c1615-0764-41e1-848d-73152bfabe94): ur autistic
[23:35:12] JohnProdman (uuid: 4150cd4b-a415-4298-bdc7-c9e330b466cc): if server lags doesnt matter nobody else on
[23:35:24] TheRealColmagi (uuid: c98c1615-0764-41e1-848d-73152bfabe94): 2 ethans and hubert
[23:35:27] TheRealColmagi (uuid: c98c1615-0764-41e1-848d-73152bfabe94): occasionally hubert
[23:35:29] JohnProdman (uuid: 4150cd4b-a415-4298-bdc7-c9e330b466cc): Mhm
[23:35:30] TheRealColmagi (uuid: c98c1615-0764-41e1-848d-73152bfabe94): and arthurs coming back
[23:35:34] JohnProdman (uuid: 4150cd4b-a415-4298-bdc7-c9e330b466cc): hubert was on for only 10 mins
[23:35:41] JohnProdman (uuid: 4150cd4b-a415-4298-bdc7-c9e330b466cc): and the first time in a few weeks
[23:35:45] TheRealColmagi (uuid: c98c1615-0764-41e1-848d-73152bfabe94): matjews also fine without slimefun
[23:35:50] JohnProdman (uuid: 4150cd4b-a415-4298-bdc7-c9e330b466cc): Non he wants
[23:35:51] TheRealColmagi (uuid: c98c1615-0764-41e1-848d-73152bfabe94): only started asking for it cuz u drilled it into his head
[23:35:58] TheRealColmagi (uuid: c98c1615-0764-41e1-848d-73152bfabe94): about how it will save him n shit
[23:36:07] JohnProdman (uuid: 4150cd4b-a415-4298-bdc7-c9e330b466cc): non i told him abou features
[23:36:09] JohnProdman (uuid: 4150cd4b-a415-4298-bdc7-c9e330b466cc): and he wants
[23:36:28] TheRealColmagi (uuid: c98c1615-0764-41e1-848d-73152bfabe94): mods in minecrat but not mods
[23:36:32] TheRealColmagi (uuid: c98c1615-0764-41e1-848d-73152bfabe94): uses gui
[23:36:33] TheRealColmagi (uuid: c98c1615-0764-41e1-848d-73152bfabe94): uses chat
[23:36:35] TheRealColmagi (uuid: c98c1615-0764-41e1-848d-73152bfabe94): gay
[23:36:42] JohnProdman (uuid: 4150cd4b-a415-4298-bdc7-c9e330b466cc): then put it on a duplicate server
[23:36:50] TheRealColmagi (uuid: c98c1615-0764-41e1-848d-73152bfabe94): what
[23:36:57] JohnProdman (uuid: 4150cd4b-a415-4298-bdc7-c9e330b466cc): if others wanna play, they can play on vanilla
[23:37:02] TheRealColmagi (uuid: c98c1615-0764-41e1-848d-73152bfabe94): then u and matthew are gonna fk off to there for a week and then complain that theres nothing to do again
[23:37:05] JohnProdman (uuid: 4150cd4b-a415-4298-bdc7-c9e330b466cc): and I can play with matthew on slimefun
[23:37:10] JohnProdman (uuid: 4150cd4b-a415-4298-bdc7-c9e330b466cc): mhm
[23:37:15] JohnProdman (uuid: 4150cd4b-a415-4298-bdc7-c9e330b466cc): theres over 100 things
[23:37:21] TheRealColmagi (uuid: c98c1615-0764-41e1-848d-73152bfabe94): ur gonna run out eventually
[23:37:28] TheRealColmagi (uuid: c98c1615-0764-41e1-848d-73152bfabe94): once ur maxed out theres nothing to fucking do
[23:37:32] JohnProdman (uuid: 4150cd4b-a415-4298-bdc7-c9e330b466cc): by the end of the fuckign school year
[23:37:44] JohnProdman (uuid: 4150cd4b-a415-4298-bdc7-c9e330b466cc): when we are maxed out we can actually ahve fun because we can fly n shit
[23:37:53] TheRealColmagi (uuid: c98c1615-0764-41e1-848d-73152bfabe94): elytra exists
[23:37:59] TheRealColmagi (uuid: c98c1615-0764-41e1-848d-73152bfabe94): which is much more fun than conventional flying imo
[23:38:13] JohnProdman (uuid: 4150cd4b-a415-4298-bdc7-c9e330b466cc): Elytra has durability, is buggy, and cant start on the ground
[23:38:23] TheRealColmagi (uuid: c98c1615-0764-41e1-848d-73152bfabe94): u can start on the ground
[23:38:25] JohnProdman (uuid: 4150cd4b-a415-4298-bdc7-c9e330b466cc): Slimefun has wind staffs which make u fly for the cost of one hunger
[23:38:26] TheRealColmagi (uuid: c98c1615-0764-41e1-848d-73152bfabe94): ur just bad at elytra
[23:38:31] JohnProdman (uuid: 4150cd4b-a415-4298-bdc7-c9e330b466cc): u need rockets
[23:38:36] TheRealColmagi (uuid: c98c1615-0764-41e1-848d-73152bfabe94): rockets are easy to make
[23:38:42] JohnProdman (uuid: 4150cd4b-a415-4298-bdc7-c9e330b466cc): There are a ton of new materials too
[23:38:42] TheRealColmagi (uuid: c98c1615-0764-41e1-848d-73152bfabe94): plus launch platform has stacks of em
[23:38:58] JohnProdman (uuid: 4150cd4b-a415-4298-bdc7-c9e330b466cc): iron dust, copper dust, gold dust, random metal alloys, materials like rubber and all taht stuff
[23:39:02] TheRealColmagi (uuid: c98c1615-0764-41e1-848d-73152bfabe94): autism
[23:39:16] TheRealColmagi (uuid: c98c1615-0764-41e1-848d-73152bfabe94): my goal is to create a surivval server w/ a sense of community
[23:39:24] TheRealColmagi (uuid: c98c1615-0764-41e1-848d-73152bfabe94): because adding more features only makes it more boring once it runs out
[23:39:27] JohnProdman (uuid: 4150cd4b-a415-4298-bdc7-c9e330b466cc): yea run them parallel
[23:39:41] TheRealColmagi (uuid: c98c1615-0764-41e1-848d-73152bfabe94): ur gonna be hella lonely
[23:39:42] JohnProdman (uuid: 4150cd4b-a415-4298-bdc7-c9e330b466cc): people who want vanilla play vanilla
[23:39:45] JohnProdman (uuid: 4150cd4b-a415-4298-bdc7-c9e330b466cc): ok thats fine
[23:39:58] TheRealColmagi (uuid: c98c1615-0764-41e1-848d-73152bfabe94): havent u already played slimefun anyways
[23:40:01] TheRealColmagi (uuid: c98c1615-0764-41e1-848d-73152bfabe94): thats why ur asking for it so bad
[23:40:04] JohnProdman (uuid: 4150cd4b-a415-4298-bdc7-c9e330b466cc): As long as its a server without half the fucking items banned
[23:40:11] TheRealColmagi (uuid: c98c1615-0764-41e1-848d-73152bfabe94): oh i see
[23:40:17] JohnProdman (uuid: 4150cd4b-a415-4298-bdc7-c9e330b466cc): all those servers have autism rules
[23:40:20] TheRealColmagi (uuid: c98c1615-0764-41e1-848d-73152bfabe94): do slimefun servers ban half the items
[23:40:23] JohnProdman (uuid: 4150cd4b-a415-4298-bdc7-c9e330b466cc): yea
[23:40:24] TheRealColmagi (uuid: c98c1615-0764-41e1-848d-73152bfabe94): because theyre op?
[23:40:26] JohnProdman (uuid: 4150cd4b-a415-4298-bdc7-c9e330b466cc): yea
[23:40:28] TheRealColmagi (uuid: c98c1615-0764-41e1-848d-73152bfabe94): maybe for good reason
[23:40:33] JohnProdman (uuid: 4150cd4b-a415-4298-bdc7-c9e330b466cc): because a lot of people play
[23:40:33] TheRealColmagi (uuid: c98c1615-0764-41e1-848d-73152bfabe94): yet another reason to not add it
[23:40:41] JohnProdman (uuid: 4150cd4b-a415-4298-bdc7-c9e330b466cc): not a lot of people play here so it wont matter
[23:40:58] TheRealColmagi (uuid: c98c1615-0764-41e1-848d-73152bfabe94): im tryna expand the server
[23:41:01] TheRealColmagi (uuid: c98c1615-0764-41e1-848d-73152bfabe94): thats my endgoal
[23:41:01] JohnProdman (uuid: 4150cd4b-a415-4298-bdc7-c9e330b466cc): if people dont like me being op then they can go play this vanilla server
[23:41:13] JohnProdman (uuid: 4150cd4b-a415-4298-bdc7-c9e330b466cc): expand by having multiple gamemodes
[23:41:14] TheRealColmagi (uuid: c98c1615-0764-41e1-848d-73152bfabe94): sounds like u just want a private server
[23:41:26] JohnProdman (uuid: 4150cd4b-a415-4298-bdc7-c9e330b466cc): Well thats what u thunk its gonna be
[23:41:48] JohnProdman (uuid: 4150cd4b-a415-4298-bdc7-c9e330b466cc): good slimefun servers are rare and if its well advertised u will get people
[23:42:00] TheRealColmagi (uuid: c98c1615-0764-41e1-848d-73152bfabe94): mhm slimefun servers with everything unbanned
[23:42:03] TheRealColmagi (uuid: c98c1615-0764-41e1-848d-73152bfabe94): then ppl are op as fuck
[23:42:19] JohnProdman (uuid: 4150cd4b-a415-4298-bdc7-c9e330b466cc): wait its not even op
[23:42:23] JohnProdman (uuid: 4150cd4b-a415-4298-bdc7-c9e330b466cc): its the 1.8 version
[23:42:34] JohnProdman (uuid: 4150cd4b-a415-4298-bdc7-c9e330b466cc): It doesnt have wireless transportation and shit
[23:44:37] TheRealColmagi (uuid: c98c1615-0764-41e1-848d-73152bfabe94): fine fuck off
[23:44:40] TheRealColmagi (uuid: c98c1615-0764-41e1-848d-73152bfabe94): get some people on
[23:44:45] TheRealColmagi (uuid: c98c1615-0764-41e1-848d-73152bfabe94): preferably good builders
[23:44:52] TheRealColmagi (uuid: c98c1615-0764-41e1-848d-73152bfabe94): and we'll build a spawn in the new slimefun server tmrw
[23:44:59] TheRealColmagi (uuid: c98c1615-0764-41e1-848d-73152bfabe94): then u can fk off
[23:44:59] JohnProdman (uuid: 4150cd4b-a415-4298-bdc7-c9e330b466cc): do u need a spawn thats different
[23:45:02] TheRealColmagi (uuid: c98c1615-0764-41e1-848d-73152bfabe94): yeah
[23:45:09] TheRealColmagi (uuid: c98c1615-0764-41e1-848d-73152bfabe94): doesnt have to be a damn castle
[23:45:09] JohnProdman (uuid: 4150cd4b-a415-4298-bdc7-c9e330b466cc): can u download on oneline
[23:45:12] TheRealColmagi (uuid: c98c1615-0764-41e1-848d-73152bfabe94): thats gay
[23:45:25] TheRealColmagi (uuid: c98c1615-0764-41e1-848d-73152bfabe94): dont u like building
[23:45:26] JohnProdman (uuid: 4150cd4b-a415-4298-bdc7-c9e330b466cc): ill build one
[23:45:29] TheRealColmagi (uuid: c98c1615-0764-41e1-848d-73152bfabe94): hopefully arthur will be on too
[23:45:32] JohnProdman (uuid: 4150cd4b-a415-4298-bdc7-c9e330b466cc): i do redstone
[23:45:44] TheRealColmagi (uuid: c98c1615-0764-41e1-848d-73152bfabe94): then u can help me with install ig idrc
[23:45:47] TheRealColmagi (uuid: c98c1615-0764-41e1-848d-73152bfabe94): tell me what to ban
[23:46:02] TheRealColmagi (uuid: c98c1615-0764-41e1-848d-73152bfabe94): now stop ur damn complaining
[23:46:05] JohnProdman (uuid: 4150cd4b-a415-4298-bdc7-c9e330b466cc): ok thanks
[23:46:09] TheRealColmagi (uuid: c98c1615-0764-41e1-848d-73152bfabe94): bp
[23:46:10] TheRealColmagi (uuid: c98c1615-0764-41e1-848d-73152bfabe94): np
