[00:08:46] TheRealColmagi (uuid: c98c1615-0764-41e1-848d-73152bfabe94): that night
[00:08:51] TheRealColmagi (uuid: c98c1615-0764-41e1-848d-73152bfabe94): the enemies double their efforts
[00:09:21] TheRealColmagi (uuid: c98c1615-0764-41e1-848d-73152bfabe94): we got ourselves a paladin, champion
[00:09:23] TheRealColmagi (uuid: c98c1615-0764-41e1-848d-73152bfabe94): and 2 extra templars
[00:09:26] TheRealColmagi (uuid: c98c1615-0764-41e1-848d-73152bfabe94): who stands in our way?
[00:09:46] TheRealColmagi (uuid: c98c1615-0764-41e1-848d-73152bfabe94): THE HORDE ARRIVES
[00:10:00] TheRealColmagi (uuid: c98c1615-0764-41e1-848d-73152bfabe94): uh oh
[00:10:25] TheRealColmagi (uuid: c98c1615-0764-41e1-848d-73152bfabe94): everyones dying
[00:10:30] TheRealColmagi (uuid: c98c1615-0764-41e1-848d-73152bfabe94): ruh roh raggy
[10:28:27] TheRealColmagi (uuid: c98c1615-0764-41e1-848d-73152bfabe94): hello
[10:28:38] BowMaster_7 (uuid: 09906eb9-3bd7-461e-9aff-854e2d4b7835): ello
[10:28:55] BowMaster_7 (uuid: 09906eb9-3bd7-461e-9aff-854e2d4b7835): whats a templar do
[10:29:10] TheRealColmagi (uuid: c98c1615-0764-41e1-848d-73152bfabe94): theyre just kinda buffed guards that sit on the main entrances
[10:29:20] BowMaster_7 (uuid: 09906eb9-3bd7-461e-9aff-854e2d4b7835): ok
[10:29:30] BowMaster_7 (uuid: 09906eb9-3bd7-461e-9aff-854e2d4b7835): im gonna try to make this chicken farm look nice
[10:29:34] TheRealColmagi (uuid: c98c1615-0764-41e1-848d-73152bfabe94): o yeah LOL
[10:30:01] TheRealColmagi (uuid: c98c1615-0764-41e1-848d-73152bfabe94): i kill the ppl in ze kingdom eggsde
[10:30:31] TheRealColmagi (uuid: c98c1615-0764-41e1-848d-73152bfabe94): the defenses are to the point that we can fend off the horde even with 2 spawning command blocks
[10:37:11] TheRealColmagi (uuid: c98c1615-0764-41e1-848d-73152bfabe94): time for the horde
[10:37:15] BowMaster_7 (uuid: 09906eb9-3bd7-461e-9aff-854e2d4b7835): no wait omg
[10:37:20] BowMaster_7 (uuid: 09906eb9-3bd7-461e-9aff-854e2d4b7835): i need to fix this
[10:37:23] BowMaster_7 (uuid: 09906eb9-3bd7-461e-9aff-854e2d4b7835): i dont wanna lag
[10:37:29] TheRealColmagi (uuid: c98c1615-0764-41e1-848d-73152bfabe94): xd
[10:40:28] TheRealColmagi (uuid: c98c1615-0764-41e1-848d-73152bfabe94): boom boom
[10:43:53] BowMaster_7 (uuid: 09906eb9-3bd7-461e-9aff-854e2d4b7835): ,here you cvan start the invasion
[10:43:58] BowMaster_7 (uuid: 09906eb9-3bd7-461e-9aff-854e2d4b7835): im just gonna block of this area
[10:43:59] TheRealColmagi (uuid: c98c1615-0764-41e1-848d-73152bfabe94): hold on
[10:47:08] TheRealColmagi (uuid: c98c1615-0764-41e1-848d-73152bfabe94): the invsaion begins
[10:48:01] TheRealColmagi (uuid: c98c1615-0764-41e1-848d-73152bfabe94): oof
[10:48:07] TheRealColmagi (uuid: c98c1615-0764-41e1-848d-73152bfabe94): theyve made it across the bridge
[10:48:15] BowMaster_7 (uuid: 09906eb9-3bd7-461e-9aff-854e2d4b7835): damn already
[10:48:17] TheRealColmagi (uuid: c98c1615-0764-41e1-848d-73152bfabe94): yeah
[10:48:47] TheRealColmagi (uuid: c98c1615-0764-41e1-848d-73152bfabe94): they arent in the city yet
[10:48:52] TheRealColmagi (uuid: c98c1615-0764-41e1-848d-73152bfabe94): the warrior isnt chasing em
[10:48:58] BowMaster_7 (uuid: 09906eb9-3bd7-461e-9aff-854e2d4b7835): theyr near me
[10:49:13] TheRealColmagi (uuid: c98c1615-0764-41e1-848d-73152bfabe94): oof
[10:49:39] TheRealColmagi (uuid: c98c1615-0764-41e1-848d-73152bfabe94): mfs
[10:49:40] TheRealColmagi (uuid: c98c1615-0764-41e1-848d-73152bfabe94): mfw
[10:50:18] TheRealColmagi (uuid: c98c1615-0764-41e1-848d-73152bfabe94): oof
[10:51:06] BowMaster_7 (uuid: 09906eb9-3bd7-461e-9aff-854e2d4b7835): dude that sentinel
[10:51:11] TheRealColmagi (uuid: c98c1615-0764-41e1-848d-73152bfabe94): lol
[10:51:11] BowMaster_7 (uuid: 09906eb9-3bd7-461e-9aff-854e2d4b7835): on the tower that u added
[10:51:14] BowMaster_7 (uuid: 09906eb9-3bd7-461e-9aff-854e2d4b7835): is insance
[10:51:16] TheRealColmagi (uuid: c98c1615-0764-41e1-848d-73152bfabe94): yeah
[10:51:19] BowMaster_7 (uuid: 09906eb9-3bd7-461e-9aff-854e2d4b7835): hes destroying
[10:51:31] TheRealColmagi (uuid: c98c1615-0764-41e1-848d-73152bfabe94): shit
[10:51:34] TheRealColmagi (uuid: c98c1615-0764-41e1-848d-73152bfabe94): the warrior died LOL
[10:51:40] TheRealColmagi (uuid: c98c1615-0764-41e1-848d-73152bfabe94): hes the fastest and most damagin
[10:51:45] BowMaster_7 (uuid: 09906eb9-3bd7-461e-9aff-854e2d4b7835): is he second most op
[10:51:51] TheRealColmagi (uuid: c98c1615-0764-41e1-848d-73152bfabe94): on par with paladin but exchanges defense for speed
[10:52:00] BowMaster_7 (uuid: 09906eb9-3bd7-461e-9aff-854e2d4b7835): ah
[10:53:01] TheRealColmagi (uuid: c98c1615-0764-41e1-848d-73152bfabe94): im gonna pull aggro to the skybridge
[10:53:04] TheRealColmagi (uuid: c98c1615-0764-41e1-848d-73152bfabe94): since its easier to kill em
[10:53:10] TheRealColmagi (uuid: c98c1615-0764-41e1-848d-73152bfabe94): on the chokepoint
[10:54:53] TheRealColmagi (uuid: c98c1615-0764-41e1-848d-73152bfabe94): ey man can u turn off the horde spawning
[10:54:58] TheRealColmagi (uuid: c98c1615-0764-41e1-848d-73152bfabe94): just break some redstone
[10:55:10] BowMaster_7 (uuid: 09906eb9-3bd7-461e-9aff-854e2d4b7835): done
[10:55:12] TheRealColmagi (uuid: c98c1615-0764-41e1-848d-73152bfabe94): thanks
[10:55:19] TheRealColmagi (uuid: c98c1615-0764-41e1-848d-73152bfabe94): now we take back the land
[10:55:38] BowMaster_7 (uuid: 09906eb9-3bd7-461e-9aff-854e2d4b7835): the guard is killin gthe archer
[10:55:47] BowMaster_7 (uuid: 09906eb9-3bd7-461e-9aff-854e2d4b7835): lol he killed him
[10:55:49] BowMaster_7 (uuid: 09906eb9-3bd7-461e-9aff-854e2d4b7835): now they good
[10:55:50] TheRealColmagi (uuid: c98c1615-0764-41e1-848d-73152bfabe94): oof
[10:56:50] TheRealColmagi (uuid: c98c1615-0764-41e1-848d-73152bfabe94): offhand
[10:57:07] TheRealColmagi (uuid: c98c1615-0764-41e1-848d-73152bfabe94): offhand
[10:57:13] TheRealColmagi (uuid: c98c1615-0764-41e1-848d-73152bfabe94): offhand
[10:57:45] TheRealColmagi (uuid: c98c1615-0764-41e1-848d-73152bfabe94): oof
[11:03:41] TheRealColmagi (uuid: c98c1615-0764-41e1-848d-73152bfabe94): haha damn
[11:03:44] TheRealColmagi (uuid: c98c1615-0764-41e1-848d-73152bfabe94): i made a sniper due
[11:03:49] TheRealColmagi (uuid: c98c1615-0764-41e1-848d-73152bfabe94): he 1-shots the horde
[11:03:55] TheRealColmagi (uuid: c98c1615-0764-41e1-848d-73152bfabe94): but slower attack speed
[11:03:55] BowMaster_7 (uuid: 09906eb9-3bd7-461e-9aff-854e2d4b7835): damn
[11:04:03] TheRealColmagi (uuid: c98c1615-0764-41e1-848d-73152bfabe94): i think ill make a melee equivalent
[11:04:06] BowMaster_7 (uuid: 09906eb9-3bd7-461e-9aff-854e2d4b7835): put one on each watchtower
[11:04:07] TheRealColmagi (uuid: c98c1615-0764-41e1-848d-73152bfabe94): 1 hits horde but super slow
[11:04:12] BowMaster_7 (uuid: 09906eb9-3bd7-461e-9aff-854e2d4b7835): but highest flor
[11:04:13] TheRealColmagi (uuid: c98c1615-0764-41e1-848d-73152bfabe94): nah its op
[11:04:17] TheRealColmagi (uuid: c98c1615-0764-41e1-848d-73152bfabe94): so i put him in a tree
[11:04:20] TheRealColmagi (uuid: c98c1615-0764-41e1-848d-73152bfabe94): and camoflagued hima
[11:04:35] BowMaster_7 (uuid: 09906eb9-3bd7-461e-9aff-854e2d4b7835): you play way too much btd
[11:04:48] TheRealColmagi (uuid: c98c1615-0764-41e1-848d-73152bfabe94): im gonna change the executioner
[11:04:49] TheRealColmagi (uuid: c98c1615-0764-41e1-848d-73152bfabe94): make him slower
[11:04:53] TheRealColmagi (uuid: c98c1615-0764-41e1-848d-73152bfabe94): and attack slower
[11:04:55] TheRealColmagi (uuid: c98c1615-0764-41e1-848d-73152bfabe94): but 999 damage
[11:05:53] TheRealColmagi (uuid: c98c1615-0764-41e1-848d-73152bfabe94): damn
[11:05:55] TheRealColmagi (uuid: c98c1615-0764-41e1-848d-73152bfabe94): the 1 shot
[11:06:01] TheRealColmagi (uuid: c98c1615-0764-41e1-848d-73152bfabe94): we good
[11:06:07] TheRealColmagi (uuid: c98c1615-0764-41e1-848d-73152bfabe94): the bridge chokepoint has a sniper now
[11:06:18] BowMaster_7 (uuid: 09906eb9-3bd7-461e-9aff-854e2d4b7835): lol
[11:06:24] TheRealColmagi (uuid: c98c1615-0764-41e1-848d-73152bfabe94): now to up the spawn
[11:06:37] TheRealColmagi (uuid: c98c1615-0764-41e1-848d-73152bfabe94): its only got 2 repeaters now
[11:07:09] TheRealColmagi (uuid: c98c1615-0764-41e1-848d-73152bfabe94): haha the frist horde has made it agross the bridge
[11:07:30] TheRealColmagi (uuid: c98c1615-0764-41e1-848d-73152bfabe94): oof
[11:07:36] TheRealColmagi (uuid: c98c1615-0764-41e1-848d-73152bfabe94): fire the cannon arthur
[11:07:38] TheRealColmagi (uuid: c98c1615-0764-41e1-848d-73152bfabe94): i want to watch this
[11:07:51] TheRealColmagi (uuid: c98c1615-0764-41e1-848d-73152bfabe94): haha damn
[11:07:53] BowMaster_7 (uuid: 09906eb9-3bd7-461e-9aff-854e2d4b7835): lol
[11:07:57] BowMaster_7 (uuid: 09906eb9-3bd7-461e-9aff-854e2d4b7835): i blew up the merchant
[11:08:25] TheRealColmagi (uuid: c98c1615-0764-41e1-848d-73152bfabe94): he was glitched
[11:08:34] BowMaster_7 (uuid: 09906eb9-3bd7-461e-9aff-854e2d4b7835): dhow
[11:08:38] TheRealColmagi (uuid: c98c1615-0764-41e1-848d-73152bfabe94): floating
[11:08:43] BowMaster_7 (uuid: 09906eb9-3bd7-461e-9aff-854e2d4b7835): lolllllllllllllll
[11:08:51] BowMaster_7 (uuid: 09906eb9-3bd7-461e-9aff-854e2d4b7835): talk about op
[11:09:41] TheRealColmagi (uuid: c98c1615-0764-41e1-848d-73152bfabe94): get some to the bridge
[11:10:26] TheRealColmagi (uuid: c98c1615-0764-41e1-848d-73152bfabe94): fuck
[11:10:41] BowMaster_7 (uuid: 09906eb9-3bd7-461e-9aff-854e2d4b7835): lol
[11:14:22] TheRealColmagi (uuid: c98c1615-0764-41e1-848d-73152bfabe94): WHAT
[11:14:24] TheRealColmagi (uuid: c98c1615-0764-41e1-848d-73152bfabe94): HAHA RIP PALADIN
[11:14:28] BowMaster_7 (uuid: 09906eb9-3bd7-461e-9aff-854e2d4b7835): lol
[11:14:29] TheRealColmagi (uuid: c98c1615-0764-41e1-848d-73152bfabe94): the town is overrun
[11:14:40] TheRealColmagi (uuid: c98c1615-0764-41e1-848d-73152bfabe94): carpet bomb
[11:15:08] BowMaster_7 (uuid: 09906eb9-3bd7-461e-9aff-854e2d4b7835): that seems a little op]
[11:15:52] TheRealColmagi (uuid: c98c1615-0764-41e1-848d-73152bfabe94): its almost day
[11:15:58] BowMaster_7 (uuid: 09906eb9-3bd7-461e-9aff-854e2d4b7835): yee
[11:17:56] TheRealColmagi (uuid: c98c1615-0764-41e1-848d-73152bfabe94): haha damns
[11:17:58] TheRealColmagi (uuid: c98c1615-0764-41e1-848d-73152bfabe94): damn
[11:18:03] TheRealColmagi (uuid: c98c1615-0764-41e1-848d-73152bfabe94): it wasnt enough
[11:18:06] TheRealColmagi (uuid: c98c1615-0764-41e1-848d-73152bfabe94): we were overrun
[11:18:18] BowMaster_7 (uuid: 09906eb9-3bd7-461e-9aff-854e2d4b7835): yeah you put too many
[11:18:25] TheRealColmagi (uuid: c98c1615-0764-41e1-848d-73152bfabe94): even with carpet bombin
[11:18:31] TheRealColmagi (uuid: c98c1615-0764-41e1-848d-73152bfabe94): the forces were overrun
[11:20:10] TheRealColmagi (uuid: c98c1615-0764-41e1-848d-73152bfabe94): maybe we need more op people at the spawn
[11:20:16] BowMaster_7 (uuid: 09906eb9-3bd7-461e-9aff-854e2d4b7835): brb
[11:20:22] TheRealColmagi (uuid: c98c1615-0764-41e1-848d-73152bfabe94): the bridge keeps getting overrun
[11:22:24] BowMaster_7 (uuid: 09906eb9-3bd7-461e-9aff-854e2d4b7835): im back
[11:22:31] TheRealColmagi (uuid: c98c1615-0764-41e1-848d-73152bfabe94): ok
[11:24:11] TheRealColmagi (uuid: c98c1615-0764-41e1-848d-73152bfabe94): offhand
[11:28:08] TheRealColmagi (uuid: c98c1615-0764-41e1-848d-73152bfabe94): offhand
[11:28:48] BowMaster_7 (uuid: 09906eb9-3bd7-461e-9aff-854e2d4b7835): what are u doing
[11:28:52] TheRealColmagi (uuid: c98c1615-0764-41e1-848d-73152bfabe94): testing
[11:28:56] BowMaster_7 (uuid: 09906eb9-3bd7-461e-9aff-854e2d4b7835): k
[11:29:52] TheRealColmagi (uuid: c98c1615-0764-41e1-848d-73152bfabe94): brb
[11:49:04] TheRealColmagi (uuid: c98c1615-0764-41e1-848d-73152bfabe94): back
[11:49:08] TheRealColmagi (uuid: c98c1615-0764-41e1-848d-73152bfabe94): got some nice cake for my birthday
[11:49:18] BowMaster_7 (uuid: 09906eb9-3bd7-461e-9aff-854e2d4b7835): ayyyy happy birthday man
[11:49:26] TheRealColmagi (uuid: c98c1615-0764-41e1-848d-73152bfabe94): its in 2 days but we're celebrating it today since my brother leaves to go back to austin today
[11:49:30] TheRealColmagi (uuid: c98c1615-0764-41e1-848d-73152bfabe94): also thanks
[11:49:35] BowMaster_7 (uuid: 09906eb9-3bd7-461e-9aff-854e2d4b7835): np
[11:49:39] TheRealColmagi (uuid: c98c1615-0764-41e1-848d-73152bfabe94): time for the horde
[11:49:59] TheRealColmagi (uuid: c98c1615-0764-41e1-848d-73152bfabe94): the hero andt he vanquisher
[11:50:02] TheRealColmagi (uuid: c98c1615-0764-41e1-848d-73152bfabe94): should fed off some of em
[11:50:04] TheRealColmagi (uuid: c98c1615-0764-41e1-848d-73152bfabe94): nvm
[11:50:13] TheRealColmagi (uuid: c98c1615-0764-41e1-848d-73152bfabe94): das a lot of em
[11:50:35] TheRealColmagi (uuid: c98c1615-0764-41e1-848d-73152bfabe94): i mean like
[11:50:38] TheRealColmagi (uuid: c98c1615-0764-41e1-848d-73152bfabe94): its a lot better
[11:51:13] BowMaster_7 (uuid: 09906eb9-3bd7-461e-9aff-854e2d4b7835): how do you like the farm now
[11:51:17] TheRealColmagi (uuid: c98c1615-0764-41e1-848d-73152bfabe94): damn
[11:51:20] TheRealColmagi (uuid: c98c1615-0764-41e1-848d-73152bfabe94): its a real chicken coop
[11:51:30] TheRealColmagi (uuid: c98c1615-0764-41e1-848d-73152bfabe94): good job
[11:51:36] BowMaster_7 (uuid: 09906eb9-3bd7-461e-9aff-854e2d4b7835): gracais
[11:51:39] TheRealColmagi (uuid: c98c1615-0764-41e1-848d-73152bfabe94): np
[11:51:42] BowMaster_7 (uuid: 09906eb9-3bd7-461e-9aff-854e2d4b7835): wish i had a before and after
[11:51:43] TheRealColmagi (uuid: c98c1615-0764-41e1-848d-73152bfabe94): oof rip vanquisher
[11:51:51] TheRealColmagi (uuid: c98c1615-0764-41e1-848d-73152bfabe94): all the gods are dying
[11:52:07] TheRealColmagi (uuid: c98c1615-0764-41e1-848d-73152bfabe94): oi
[11:52:13] BowMaster_7 (uuid: 09906eb9-3bd7-461e-9aff-854e2d4b7835): laggggggg
[11:57:43] TheRealColmagi (uuid: c98c1615-0764-41e1-848d-73152bfabe94): ay
[11:59:11] BowMaster_7 (uuid: 09906eb9-3bd7-461e-9aff-854e2d4b7835): um all our cows are gone
[11:59:35] BowMaster_7 (uuid: 09906eb9-3bd7-461e-9aff-854e2d4b7835): all our cows are gone
[11:59:43] TheRealColmagi (uuid: c98c1615-0764-41e1-848d-73152bfabe94): wtf
[11:59:45] TheRealColmagi (uuid: c98c1615-0764-41e1-848d-73152bfabe94): the horde
[11:59:47] BowMaster_7 (uuid: 09906eb9-3bd7-461e-9aff-854e2d4b7835): AHAHAHHAHA
[11:59:50] BowMaster_7 (uuid: 09906eb9-3bd7-461e-9aff-854e2d4b7835): hi there
[12:01:09] TheRealColmagi (uuid: c98c1615-0764-41e1-848d-73152bfabe94): offhand
[12:02:39] TheRealColmagi (uuid: c98c1615-0764-41e1-848d-73152bfabe94): damn thats some good defense
[12:02:59] TheRealColmagi (uuid: c98c1615-0764-41e1-848d-73152bfabe94): assassin op
[12:03:12] BowMaster_7 (uuid: 09906eb9-3bd7-461e-9aff-854e2d4b7835): holy shit
[12:03:17] BowMaster_7 (uuid: 09906eb9-3bd7-461e-9aff-854e2d4b7835): that assassin tho
[12:03:18] TheRealColmagi (uuid: c98c1615-0764-41e1-848d-73152bfabe94): yeah
[12:03:20] TheRealColmagi (uuid: c98c1615-0764-41e1-848d-73152bfabe94): spped of 7
[12:03:23] TheRealColmagi (uuid: c98c1615-0764-41e1-848d-73152bfabe94): speed
[12:03:24] BowMaster_7 (uuid: 09906eb9-3bd7-461e-9aff-854e2d4b7835): what a good
[12:03:34] BowMaster_7 (uuid: 09906eb9-3bd7-461e-9aff-854e2d4b7835): god
[12:03:35] TheRealColmagi (uuid: c98c1615-0764-41e1-848d-73152bfabe94): kills em as they spawn
[12:03:41] TheRealColmagi (uuid: c98c1615-0764-41e1-848d-73152bfabe94): the bridge is esentially shut down LOL
[12:03:43] BowMaster_7 (uuid: 09906eb9-3bd7-461e-9aff-854e2d4b7835): put him back at the castle
[12:03:49] TheRealColmagi (uuid: c98c1615-0764-41e1-848d-73152bfabe94): theyre all goin here
[12:03:56] BowMaster_7 (uuid: 09906eb9-3bd7-461e-9aff-854e2d4b7835): for defense
[12:04:02] TheRealColmagi (uuid: c98c1615-0764-41e1-848d-73152bfabe94): i have the hero squad
[12:04:09] BowMaster_7 (uuid: 09906eb9-3bd7-461e-9aff-854e2d4b7835): lol
[12:04:10] TheRealColmagi (uuid: c98c1615-0764-41e1-848d-73152bfabe94): its the hero, vanquisher, zeus, ranger, and assassin
[12:04:16] TheRealColmagi (uuid: c98c1615-0764-41e1-848d-73152bfabe94): zeus is fast lightning
[12:04:20] TheRealColmagi (uuid: c98c1615-0764-41e1-848d-73152bfabe94): hero all around op
[12:04:27] TheRealColmagi (uuid: c98c1615-0764-41e1-848d-73152bfabe94): assassin super fast
[12:04:30] TheRealColmagi (uuid: c98c1615-0764-41e1-848d-73152bfabe94): ranger is 1 shot sentinel
[12:05:03] TheRealColmagi (uuid: c98c1615-0764-41e1-848d-73152bfabe94): the first members of the horde finally cross the bridge
[12:05:10] TheRealColmagi (uuid: c98c1615-0764-41e1-848d-73152bfabe94): rip assassin
[12:05:12] BowMaster_7 (uuid: 09906eb9-3bd7-461e-9aff-854e2d4b7835): oh lol
[12:05:20] BowMaster_7 (uuid: 09906eb9-3bd7-461e-9aff-854e2d4b7835): that means the cross
[12:05:26] TheRealColmagi (uuid: c98c1615-0764-41e1-848d-73152bfabe94): 1 shot ranger op
[12:05:36] TheRealColmagi (uuid: c98c1615-0764-41e1-848d-73152bfabe94): assassin back
[12:05:45] TheRealColmagi (uuid: c98c1615-0764-41e1-848d-73152bfabe94): they literally cant get past
[12:05:47] TheRealColmagi (uuid: c98c1615-0764-41e1-848d-73152bfabe94): good shit
[12:06:12] BowMaster_7 (uuid: 09906eb9-3bd7-461e-9aff-854e2d4b7835): well the tiny bridge is stuck
[12:06:19] TheRealColmagi (uuid: c98c1615-0764-41e1-848d-73152bfabe94): lol
[12:06:22] BowMaster_7 (uuid: 09906eb9-3bd7-461e-9aff-854e2d4b7835): like theres only 3 horde and their getting rekt
[12:06:42] TheRealColmagi (uuid: c98c1615-0764-41e1-848d-73152bfabe94): oof
[12:06:45] BowMaster_7 (uuid: 09906eb9-3bd7-461e-9aff-854e2d4b7835): when we get done with all this testing
[12:06:52] BowMaster_7 (uuid: 09906eb9-3bd7-461e-9aff-854e2d4b7835): we need to move the command blocks
[12:06:54] TheRealColmagi (uuid: c98c1615-0764-41e1-848d-73152bfabe94): haha damn
[12:06:56] TheRealColmagi (uuid: c98c1615-0764-41e1-848d-73152bfabe94): yeah
[12:06:59] BowMaster_7 (uuid: 09906eb9-3bd7-461e-9aff-854e2d4b7835): so we can make the market
[12:07:04] TheRealColmagi (uuid: c98c1615-0764-41e1-848d-73152bfabe94): wait for real
[12:07:09] TheRealColmagi (uuid: c98c1615-0764-41e1-848d-73152bfabe94): do we even have space
[12:07:17] BowMaster_7 (uuid: 09906eb9-3bd7-461e-9aff-854e2d4b7835): just the start of one
[12:07:21] BowMaster_7 (uuid: 09906eb9-3bd7-461e-9aff-854e2d4b7835): NO WAIT
[12:07:25] TheRealColmagi (uuid: c98c1615-0764-41e1-848d-73152bfabe94): well thast the end of that
[12:07:29] TheRealColmagi (uuid: c98c1615-0764-41e1-848d-73152bfabe94): rip horde
[12:07:29] BowMaster_7 (uuid: 09906eb9-3bd7-461e-9aff-854e2d4b7835): we could make a cmentry
[12:07:36] BowMaster_7 (uuid: 09906eb9-3bd7-461e-9aff-854e2d4b7835): so the horde can stay
[12:07:41] TheRealColmagi (uuid: c98c1615-0764-41e1-848d-73152bfabe94): lol
[12:07:42] TheRealColmagi (uuid: c98c1615-0764-41e1-848d-73152bfabe94): yeah
[12:07:44] BowMaster_7 (uuid: 09906eb9-3bd7-461e-9aff-854e2d4b7835): and come out of the cementruy
[12:07:47] TheRealColmagi (uuid: c98c1615-0764-41e1-848d-73152bfabe94): cool
[12:07:51] BowMaster_7 (uuid: 09906eb9-3bd7-461e-9aff-854e2d4b7835): its perfect
[12:09:02] BowMaster_7 (uuid: 09906eb9-3bd7-461e-9aff-854e2d4b7835): whered the command blocks go
[12:09:06] TheRealColmagi (uuid: c98c1615-0764-41e1-848d-73152bfabe94): i destroyed em
[12:09:09] BowMaster_7 (uuid: 09906eb9-3bd7-461e-9aff-854e2d4b7835): why
[12:09:10] TheRealColmagi (uuid: c98c1615-0764-41e1-848d-73152bfabe94): i have copies though
[12:09:13] BowMaster_7 (uuid: 09906eb9-3bd7-461e-9aff-854e2d4b7835): they had all ur stuff
[12:09:15] BowMaster_7 (uuid: 09906eb9-3bd7-461e-9aff-854e2d4b7835): oh ok
[12:09:25] TheRealColmagi (uuid: c98c1615-0764-41e1-848d-73152bfabe94): no crouch+pick block saves the nbt tag
[12:09:30] TheRealColmagi (uuid: c98c1615-0764-41e1-848d-73152bfabe94): so i have command blocks with specific codes stored
[12:09:36] BowMaster_7 (uuid: 09906eb9-3bd7-461e-9aff-854e2d4b7835): gotcha
[12:09:45] BowMaster_7 (uuid: 09906eb9-3bd7-461e-9aff-854e2d4b7835): are we gonna keep the dock here
[12:09:52] BowMaster_7 (uuid: 09906eb9-3bd7-461e-9aff-854e2d4b7835): or move it
[12:09:57] TheRealColmagi (uuid: c98c1615-0764-41e1-848d-73152bfabe94): yeah keep it here
[12:10:00] BowMaster_7 (uuid: 09906eb9-3bd7-461e-9aff-854e2d4b7835): k
[12:10:04] BowMaster_7 (uuid: 09906eb9-3bd7-461e-9aff-854e2d4b7835): weird cementry XD
[12:10:08] TheRealColmagi (uuid: c98c1615-0764-41e1-848d-73152bfabe94): no
[12:10:12] TheRealColmagi (uuid: c98c1615-0764-41e1-848d-73152bfabe94): build the cemetary far off
[12:10:18] TheRealColmagi (uuid: c98c1615-0764-41e1-848d-73152bfabe94): the horde detects up to like 300 blocks
[12:10:27] TheRealColmagi (uuid: c98c1615-0764-41e1-848d-73152bfabe94): so like they'll still head for the villagers in the kingdom
[12:10:28] BowMaster_7 (uuid: 09906eb9-3bd7-461e-9aff-854e2d4b7835): where tho
[12:10:31] TheRealColmagi (uuid: c98c1615-0764-41e1-848d-73152bfabe94): idk
[12:10:37] BowMaster_7 (uuid: 09906eb9-3bd7-461e-9aff-854e2d4b7835): we want the bridge as a choke point
[12:10:38] TheRealColmagi (uuid: c98c1615-0764-41e1-848d-73152bfabe94): maybe here
[12:10:43] TheRealColmagi (uuid: c98c1615-0764-41e1-848d-73152bfabe94): just off the town hall
[12:10:49] TheRealColmagi (uuid: c98c1615-0764-41e1-848d-73152bfabe94): where theres an archer tower as well
[12:10:52] BowMaster_7 (uuid: 09906eb9-3bd7-461e-9aff-854e2d4b7835): in the swamp
[12:10:55] TheRealColmagi (uuid: c98c1615-0764-41e1-848d-73152bfabe94): yaeh
[12:11:20] TheRealColmagi (uuid: c98c1615-0764-41e1-848d-73152bfabe94): hot damn
[12:11:22] TheRealColmagi (uuid: c98c1615-0764-41e1-848d-73152bfabe94): the range on zeus
[12:11:31] BowMaster_7 (uuid: 09906eb9-3bd7-461e-9aff-854e2d4b7835): opppppppppp
[12:12:55] BowMaster_7 (uuid: 09906eb9-3bd7-461e-9aff-854e2d4b7835): yo could you level this ground out
[12:13:00] BowMaster_7 (uuid: 09906eb9-3bd7-461e-9aff-854e2d4b7835): like at least a hundred by hundred
[12:13:06] TheRealColmagi (uuid: c98c1615-0764-41e1-848d-73152bfabe94): jesus
[12:13:12] BowMaster_7 (uuid: 09906eb9-3bd7-461e-9aff-854e2d4b7835): and make it all flat grass
[12:13:34] BowMaster_7 (uuid: 09906eb9-3bd7-461e-9aff-854e2d4b7835): you dont have to count it
[12:13:37] BowMaster_7 (uuid: 09906eb9-3bd7-461e-9aff-854e2d4b7835): just go far
[12:13:40] BowMaster_7 (uuid: 09906eb9-3bd7-461e-9aff-854e2d4b7835): bigger
[12:13:50] TheRealColmagi (uuid: c98c1615-0764-41e1-848d-73152bfabe94): there
[12:13:55] BowMaster_7 (uuid: 09906eb9-3bd7-461e-9aff-854e2d4b7835): perfect
[12:13:59] TheRealColmagi (uuid: c98c1615-0764-41e1-848d-73152bfabe94): ok u gotta get started on that
[12:14:08] TheRealColmagi (uuid: c98c1615-0764-41e1-848d-73152bfabe94): i have to go eat and go to art class
[12:14:14] BowMaster_7 (uuid: 09906eb9-3bd7-461e-9aff-854e2d4b7835): k
[12:14:14] TheRealColmagi (uuid: c98c1615-0764-41e1-848d-73152bfabe94): ill be back around 2:30 lol
[12:14:18] BowMaster_7 (uuid: 09906eb9-3bd7-461e-9aff-854e2d4b7835): ohlol
[14:23:58] TheRealColmagi (uuid: c98c1615-0764-41e1-848d-73152bfabe94): I HAVE RETURNE
[14:24:02] BowMaster_7 (uuid: 09906eb9-3bd7-461e-9aff-854e2d4b7835): ayyy
[14:24:02] TheRealColmagi (uuid: c98c1615-0764-41e1-848d-73152bfabe94): damn
[14:24:05] TheRealColmagi (uuid: c98c1615-0764-41e1-848d-73152bfabe94): nice graveyard
[14:24:11] BowMaster_7 (uuid: 09906eb9-3bd7-461e-9aff-854e2d4b7835): thanks
[14:24:15] TheRealColmagi (uuid: c98c1615-0764-41e1-848d-73152bfabe94): this is lit
[14:24:18] BowMaster_7 (uuid: 09906eb9-3bd7-461e-9aff-854e2d4b7835): you can have the monsters
[14:24:25] BowMaster_7 (uuid: 09906eb9-3bd7-461e-9aff-854e2d4b7835): come out of those buildings
[14:24:25] TheRealColmagi (uuid: c98c1615-0764-41e1-848d-73152bfabe94): hot admn
[14:25:59] TheRealColmagi (uuid: c98c1615-0764-41e1-848d-73152bfabe94): damn
[14:26:03] TheRealColmagi (uuid: c98c1615-0764-41e1-848d-73152bfabe94): they have good pathfinding
[14:26:15] BowMaster_7 (uuid: 09906eb9-3bd7-461e-9aff-854e2d4b7835): oh lolk
[14:26:17] TheRealColmagi (uuid: c98c1615-0764-41e1-848d-73152bfabe94): already on their way to invade
[14:27:16] TheRealColmagi (uuid: c98c1615-0764-41e1-848d-73152bfabe94): hahahaha
[14:27:48] TheRealColmagi (uuid: c98c1615-0764-41e1-848d-73152bfabe94): the assassin isnt even doing anything lol
[14:28:07] TheRealColmagi (uuid: c98c1615-0764-41e1-848d-73152bfabe94): now i spawn some more
[14:28:29] TheRealColmagi (uuid: c98c1615-0764-41e1-848d-73152bfabe94): wow
[14:28:34] TheRealColmagi (uuid: c98c1615-0764-41e1-848d-73152bfabe94): now they take the chokepoint
[14:28:39] TheRealColmagi (uuid: c98c1615-0764-41e1-848d-73152bfabe94): the skybridge
[14:28:41] TheRealColmagi (uuid: c98c1615-0764-41e1-848d-73152bfabe94): not the main one
[14:29:15] BowMaster_7 (uuid: 09906eb9-3bd7-461e-9aff-854e2d4b7835): that looks awesome
[14:29:18] TheRealColmagi (uuid: c98c1615-0764-41e1-848d-73152bfabe94): yeah
[14:30:22] TheRealColmagi (uuid: c98c1615-0764-41e1-848d-73152bfabe94): the city is still kinda safe
[14:30:45] TheRealColmagi (uuid: c98c1615-0764-41e1-848d-73152bfabe94): lets divert to the bridge
[14:30:47] TheRealColmagi (uuid: c98c1615-0764-41e1-848d-73152bfabe94): pull aggro
[14:31:16] BowMaster_7 (uuid: 09906eb9-3bd7-461e-9aff-854e2d4b7835): oops
[14:31:24] TheRealColmagi (uuid: c98c1615-0764-41e1-848d-73152bfabe94): damn the lag
[14:31:29] TheRealColmagi (uuid: c98c1615-0764-41e1-848d-73152bfabe94): its so epic though
[14:32:40] BowMaster_7 (uuid: 09906eb9-3bd7-461e-9aff-854e2d4b7835): i fixed the outside too
[14:32:42] BowMaster_7 (uuid: 09906eb9-3bd7-461e-9aff-854e2d4b7835): whats a miner
[14:32:50] TheRealColmagi (uuid: c98c1615-0764-41e1-848d-73152bfabe94): wat
[14:32:56] TheRealColmagi (uuid: c98c1615-0764-41e1-848d-73152bfabe94): oh its an npc
[14:32:58] TheRealColmagi (uuid: c98c1615-0764-41e1-848d-73152bfabe94): with a pick
[14:33:08] BowMaster_7 (uuid: 09906eb9-3bd7-461e-9aff-854e2d4b7835): holy bajesus
[14:34:32] TheRealColmagi (uuid: c98c1615-0764-41e1-848d-73152bfabe94): oh u turned off the spawning
[14:34:39] BowMaster_7 (uuid: 09906eb9-3bd7-461e-9aff-854e2d4b7835): yeah
[14:34:42] BowMaster_7 (uuid: 09906eb9-3bd7-461e-9aff-854e2d4b7835): thats enough
[14:35:17] TheRealColmagi (uuid: c98c1615-0764-41e1-848d-73152bfabe94): nowe we know our defenses are nearly impenetrable
[14:35:18] BowMaster_7 (uuid: 09906eb9-3bd7-461e-9aff-854e2d4b7835): put a guy on this tower
[14:35:23] TheRealColmagi (uuid: c98c1615-0764-41e1-848d-73152bfabe94): i cant
[14:35:26] BowMaster_7 (uuid: 09906eb9-3bd7-461e-9aff-854e2d4b7835): hwy hot
[14:35:27] TheRealColmagi (uuid: c98c1615-0764-41e1-848d-73152bfabe94): if he starts shootin hordes
[14:35:33] TheRealColmagi (uuid: c98c1615-0764-41e1-848d-73152bfabe94): he pulls aggro and they all focus on him
[14:35:40] TheRealColmagi (uuid: c98c1615-0764-41e1-848d-73152bfabe94): then they wont go towards the village
[14:35:43] BowMaster_7 (uuid: 09906eb9-3bd7-461e-9aff-854e2d4b7835): make them not agro him
[14:35:50] TheRealColmagi (uuid: c98c1615-0764-41e1-848d-73152bfabe94): thats impossible
[14:35:54] BowMaster_7 (uuid: 09906eb9-3bd7-461e-9aff-854e2d4b7835): ah ok
[14:37:09] TheRealColmagi (uuid: c98c1615-0764-41e1-848d-73152bfabe94): damn
[14:37:37] TheRealColmagi (uuid: c98c1615-0764-41e1-848d-73152bfabe94): hehe xd
[14:37:41] BowMaster_7 (uuid: 09906eb9-3bd7-461e-9aff-854e2d4b7835): this looks so figgerent than yesterday
[14:37:45] TheRealColmagi (uuid: c98c1615-0764-41e1-848d-73152bfabe94): what
[14:37:52] BowMaster_7 (uuid: 09906eb9-3bd7-461e-9aff-854e2d4b7835): our town thing
[14:37:54] TheRealColmagi (uuid: c98c1615-0764-41e1-848d-73152bfabe94): yeah
[14:37:58] BowMaster_7 (uuid: 09906eb9-3bd7-461e-9aff-854e2d4b7835): like this area
[14:37:59] TheRealColmagi (uuid: c98c1615-0764-41e1-848d-73152bfabe94): it looks so much cooler
[14:38:03] BowMaster_7 (uuid: 09906eb9-3bd7-461e-9aff-854e2d4b7835): ikr
[14:38:35] BowMaster_7 (uuid: 09906eb9-3bd7-461e-9aff-854e2d4b7835): thans house is trash tho
[14:38:39] TheRealColmagi (uuid: c98c1615-0764-41e1-848d-73152bfabe94): lmao
[14:38:42] TheRealColmagi (uuid: c98c1615-0764-41e1-848d-73152bfabe94): he hasnt even finished
[14:38:49] BowMaster_7 (uuid: 09906eb9-3bd7-461e-9aff-854e2d4b7835): its a box
[14:40:27] TheRealColmagi (uuid: c98c1615-0764-41e1-848d-73152bfabe94): offhand
[14:44:05] BowMaster_7 (uuid: 09906eb9-3bd7-461e-9aff-854e2d4b7835): we should make some barracks
[14:44:07] BowMaster_7 (uuid: 09906eb9-3bd7-461e-9aff-854e2d4b7835): for the guards
[14:44:09] TheRealColmagi (uuid: c98c1615-0764-41e1-848d-73152bfabe94): sure
[14:44:17] BowMaster_7 (uuid: 09906eb9-3bd7-461e-9aff-854e2d4b7835): damn
[14:44:20] BowMaster_7 (uuid: 09906eb9-3bd7-461e-9aff-854e2d4b7835): he looks insane
[14:44:42] TheRealColmagi (uuid: c98c1615-0764-41e1-848d-73152bfabe94): hes supposed to attack sword wielders
[14:45:53] BowMaster_7 (uuid: 09906eb9-3bd7-461e-9aff-854e2d4b7835): AHAHAHHAA
[14:46:16] TheRealColmagi (uuid: c98c1615-0764-41e1-848d-73152bfabe94): damn
[14:46:31] BowMaster_7 (uuid: 09906eb9-3bd7-461e-9aff-854e2d4b7835): insta kill
[14:46:46] BowMaster_7 (uuid: 09906eb9-3bd7-461e-9aff-854e2d4b7835): he fliesssssssssssss
[14:47:03] BowMaster_7 (uuid: 09906eb9-3bd7-461e-9aff-854e2d4b7835): oops
[14:47:27] BowMaster_7 (uuid: 09906eb9-3bd7-461e-9aff-854e2d4b7835): the hell
[14:47:29] BowMaster_7 (uuid: 09906eb9-3bd7-461e-9aff-854e2d4b7835): hes a god
[14:47:39] TheRealColmagi (uuid: c98c1615-0764-41e1-848d-73152bfabe94): yeah
[14:47:44] TheRealColmagi (uuid: c98c1615-0764-41e1-848d-73152bfabe94): thats the point of death
[14:48:29] TheRealColmagi (uuid: c98c1615-0764-41e1-848d-73152bfabe94): stupid npc
[14:50:14] TheRealColmagi (uuid: c98c1615-0764-41e1-848d-73152bfabe94): OOOO
[14:50:16] TheRealColmagi (uuid: c98c1615-0764-41e1-848d-73152bfabe94): PALADIN OP
[14:50:26] TheRealColmagi (uuid: c98c1615-0764-41e1-848d-73152bfabe94): anways death doesnt respawn
[14:50:30] TheRealColmagi (uuid: c98c1615-0764-41e1-848d-73152bfabe94): i set him to not respawn
[14:50:44] TheRealColmagi (uuid: c98c1615-0764-41e1-848d-73152bfabe94): but if the horde is having trouble one day
[14:50:52] TheRealColmagi (uuid: c98c1615-0764-41e1-848d-73152bfabe94): he could always claim some more lives for his underworld
[14:50:57] BowMaster_7 (uuid: 09906eb9-3bd7-461e-9aff-854e2d4b7835): lol
[14:51:08] BowMaster_7 (uuid: 09906eb9-3bd7-461e-9aff-854e2d4b7835): he should be in the boss wave
[14:51:10] TheRealColmagi (uuid: c98c1615-0764-41e1-848d-73152bfabe94): yeah
[14:51:21] BowMaster_7 (uuid: 09906eb9-3bd7-461e-9aff-854e2d4b7835): but we'd need more people
[14:51:29] BowMaster_7 (uuid: 09906eb9-3bd7-461e-9aff-854e2d4b7835): and they need to be able to attack death
[14:52:25] BowMaster_7 (uuid: 09906eb9-3bd7-461e-9aff-854e2d4b7835): help me make this bridge wider
[14:52:34] TheRealColmagi (uuid: c98c1615-0764-41e1-848d-73152bfabe94): wait why
[14:52:35] TheRealColmagi (uuid: c98c1615-0764-41e1-848d-73152bfabe94): its fine
[14:52:38] BowMaster_7 (uuid: 09906eb9-3bd7-461e-9aff-854e2d4b7835): just expand it by 2
[14:52:43] BowMaster_7 (uuid: 09906eb9-3bd7-461e-9aff-854e2d4b7835): itll take 2 seconds
[14:53:06] TheRealColmagi (uuid: c98c1615-0764-41e1-848d-73152bfabe94): wot u doin fam
[14:53:11] TheRealColmagi (uuid: c98c1615-0764-41e1-848d-73152bfabe94): i have worldedit
[14:54:00] TheRealColmagi (uuid: c98c1615-0764-41e1-848d-73152bfabe94): ok now watch this
[14:54:09] BowMaster_7 (uuid: 09906eb9-3bd7-461e-9aff-854e2d4b7835): k
[14:54:34] BowMaster_7 (uuid: 09906eb9-3bd7-461e-9aff-854e2d4b7835): wait this is why i didnt want world edit
[14:54:44] TheRealColmagi (uuid: c98c1615-0764-41e1-848d-73152bfabe94): there
[14:54:46] BowMaster_7 (uuid: 09906eb9-3bd7-461e-9aff-854e2d4b7835): i wanted it 1 wider on each side lol
[14:54:51] TheRealColmagi (uuid: c98c1615-0764-41e1-848d-73152bfabe94): well thats easy
[14:54:59] BowMaster_7 (uuid: 09906eb9-3bd7-461e-9aff-854e2d4b7835): ughhhhhh look at this unsymmetrical
[14:55:08] TheRealColmagi (uuid: c98c1615-0764-41e1-848d-73152bfabe94): stOP
[14:55:10] TheRealColmagi (uuid: c98c1615-0764-41e1-848d-73152bfabe94): wtf
[14:55:12] TheRealColmagi (uuid: c98c1615-0764-41e1-848d-73152bfabe94): NO
[14:55:15] BowMaster_7 (uuid: 09906eb9-3bd7-461e-9aff-854e2d4b7835): ill do it by hand
[14:55:19] BowMaster_7 (uuid: 09906eb9-3bd7-461e-9aff-854e2d4b7835): itll take two seconds
[14:55:19] TheRealColmagi (uuid: c98c1615-0764-41e1-848d-73152bfabe94): move
[14:56:01] TheRealColmagi (uuid: c98c1615-0764-41e1-848d-73152bfabe94): there
[14:56:07] BowMaster_7 (uuid: 09906eb9-3bd7-461e-9aff-854e2d4b7835): k
[14:58:48] TheRealColmagi (uuid: c98c1615-0764-41e1-848d-73152bfabe94): the horde?
[14:58:52] BowMaster_7 (uuid: 09906eb9-3bd7-461e-9aff-854e2d4b7835): just 2
[14:58:55] TheRealColmagi (uuid: c98c1615-0764-41e1-848d-73152bfabe94): o ok
[15:00:06] BowMaster_7 (uuid: 09906eb9-3bd7-461e-9aff-854e2d4b7835): i gotta go until 5
[15:00:33] BowMaster_7 (uuid: 09906eb9-3bd7-461e-9aff-854e2d4b7835): i gotta go till 5
[15:00:35] BowMaster_7 (uuid: 09906eb9-3bd7-461e-9aff-854e2d4b7835): ill be back then
[15:00:36] TheRealColmagi (uuid: c98c1615-0764-41e1-848d-73152bfabe94): kk cya
[15:00:41] BowMaster_7 (uuid: 09906eb9-3bd7-461e-9aff-854e2d4b7835): cya
[15:00:46] BowMaster_7 (uuid: 09906eb9-3bd7-461e-9aff-854e2d4b7835): smexy cave
[15:03:15] TheRealColmagi (uuid: c98c1615-0764-41e1-848d-73152bfabe94): welcome back
[15:03:22] BowMaster_7 (uuid: 09906eb9-3bd7-461e-9aff-854e2d4b7835): nevermind lol
[15:03:26] TheRealColmagi (uuid: c98c1615-0764-41e1-848d-73152bfabe94): lmao
[15:03:27] BowMaster_7 (uuid: 09906eb9-3bd7-461e-9aff-854e2d4b7835): i leave at 4k
[15:03:31] BowMaster_7 (uuid: 09906eb9-3bd7-461e-9aff-854e2d4b7835): till 6
[15:03:32] TheRealColmagi (uuid: c98c1615-0764-41e1-848d-73152bfabe94): k
[15:03:44] BowMaster_7 (uuid: 09906eb9-3bd7-461e-9aff-854e2d4b7835): sexy
[15:03:48] TheRealColmagi (uuid: c98c1615-0764-41e1-848d-73152bfabe94): danke
[15:03:56] TheRealColmagi (uuid: c98c1615-0764-41e1-848d-73152bfabe94): its gonna be the second wave
[15:06:34] TheRealColmagi (uuid: c98c1615-0764-41e1-848d-73152bfabe94): uh
[15:06:37] BowMaster_7 (uuid: 09906eb9-3bd7-461e-9aff-854e2d4b7835): no?
[15:06:39] TheRealColmagi (uuid: c98c1615-0764-41e1-848d-73152bfabe94): lets put some barrier blocks so nobody goes in
[15:06:44] BowMaster_7 (uuid: 09906eb9-3bd7-461e-9aff-854e2d4b7835): ok
[15:07:28] TheRealColmagi (uuid: c98c1615-0764-41e1-848d-73152bfabe94): ok not the dragon heads
[15:07:49] BowMaster_7 (uuid: 09906eb9-3bd7-461e-9aff-854e2d4b7835): lol
[15:08:05] BowMaster_7 (uuid: 09906eb9-3bd7-461e-9aff-854e2d4b7835): wither head is better
[15:08:08] TheRealColmagi (uuid: c98c1615-0764-41e1-848d-73152bfabe94): nah
[15:08:12] TheRealColmagi (uuid: c98c1615-0764-41e1-848d-73152bfabe94): its zombies comin outta the cave
[15:09:34] BowMaster_7 (uuid: 09906eb9-3bd7-461e-9aff-854e2d4b7835): put it in the back
[15:13:10] TheRealColmagi (uuid: c98c1615-0764-41e1-848d-73152bfabe94): offhand
[15:14:01] BowMaster_7 (uuid: 09906eb9-3bd7-461e-9aff-854e2d4b7835): that cave is pretty sexy
[15:14:03] TheRealColmagi (uuid: c98c1615-0764-41e1-848d-73152bfabe94): yes
[15:16:09] BowMaster_7 (uuid: 09906eb9-3bd7-461e-9aff-854e2d4b7835): lol thers still one member of the horde
[15:16:14] TheRealColmagi (uuid: c98c1615-0764-41e1-848d-73152bfabe94): where
[15:16:17] BowMaster_7 (uuid: 09906eb9-3bd7-461e-9aff-854e2d4b7835): tp to me
[15:16:28] TheRealColmagi (uuid: c98c1615-0764-41e1-848d-73152bfabe94): i see
[15:16:35] BowMaster_7 (uuid: 09906eb9-3bd7-461e-9aff-854e2d4b7835): oh its two
[15:16:37] TheRealColmagi (uuid: c98c1615-0764-41e1-848d-73152bfabe94): 2 members
[15:19:20] BowMaster_7 (uuid: 09906eb9-3bd7-461e-9aff-854e2d4b7835): wait i gotta go now lol
[15:19:22] TheRealColmagi (uuid: c98c1615-0764-41e1-848d-73152bfabe94): kk cya
[15:19:25] BowMaster_7 (uuid: 09906eb9-3bd7-461e-9aff-854e2d4b7835): ill be back in two hours
[15:19:26] BowMaster_7 (uuid: 09906eb9-3bd7-461e-9aff-854e2d4b7835): cya
[15:19:28] TheRealColmagi (uuid: c98c1615-0764-41e1-848d-73152bfabe94): aight
[15:19:28] TheRealColmagi (uuid: c98c1615-0764-41e1-848d-73152bfabe94): bye
[15:19:33] TheRealColmagi (uuid: c98c1615-0764-41e1-848d-73152bfabe94): offhand
[15:20:05] TheRealColmagi (uuid: c98c1615-0764-41e1-848d-73152bfabe94): the attack
[15:20:06] TheRealColmagi (uuid: c98c1615-0764-41e1-848d-73152bfabe94): begins
[15:20:24] TheRealColmagi (uuid: c98c1615-0764-41e1-848d-73152bfabe94): the horde rushes out
[15:22:27] TheRealColmagi (uuid: c98c1615-0764-41e1-848d-73152bfabe94): death appears to eliminate the defenders
[15:23:09] TheRealColmagi (uuid: c98c1615-0764-41e1-848d-73152bfabe94): OOF
[15:23:16] TheRealColmagi (uuid: c98c1615-0764-41e1-848d-73152bfabe94): THE HORDE REIGNS FREE
[15:23:23] TheRealColmagi (uuid: c98c1615-0764-41e1-848d-73152bfabe94): death has killed off the defenders
[15:26:15] TheRealColmagi (uuid: c98c1615-0764-41e1-848d-73152bfabe94): §4 this is going to be a horrible night...
[15:26:29] TheRealColmagi (uuid: c98c1615-0764-41e1-848d-73152bfabe94): death fades, but the SECOND WAVE APPEARS
[15:27:00] TheRealColmagi (uuid: c98c1615-0764-41e1-848d-73152bfabe94): with the defenders scattered
[15:27:07] TheRealColmagi (uuid: c98c1615-0764-41e1-848d-73152bfabe94): tHE HORDE TAKES ADVANTAGE
[15:32:53] TheRealColmagi (uuid: c98c1615-0764-41e1-848d-73152bfabe94): the graveyard horde stops
[15:33:25] TheRealColmagi (uuid: c98c1615-0764-41e1-848d-73152bfabe94): but thse second wave survives
[15:35:31] TheRealColmagi (uuid: c98c1615-0764-41e1-848d-73152bfabe94): its almost dawn
[15:52:24] TheRealColmagi (uuid: c98c1615-0764-41e1-848d-73152bfabe94): offhand
[16:38:54] TheRealColmagi (uuid: c98c1615-0764-41e1-848d-73152bfabe94): jeff is my name
[16:38:56] TheRealColmagi (uuid: c98c1615-0764-41e1-848d-73152bfabe94): faggots is my game
[17:02:54] TheRealColmagi (uuid: c98c1615-0764-41e1-848d-73152bfabe94): damns
[17:18:50] BowMaster_7 (uuid: 09906eb9-3bd7-461e-9aff-854e2d4b7835): WASSUP
[17:19:07] BowMaster_7 (uuid: 09906eb9-3bd7-461e-9aff-854e2d4b7835): HELLO
[17:19:11] BowMaster_7 (uuid: 09906eb9-3bd7-461e-9aff-854e2d4b7835): hllooooooooooooooo
[17:49:12] TheRealColmagi (uuid: c98c1615-0764-41e1-848d-73152bfabe94): SHIT
[17:49:16] TheRealColmagi (uuid: c98c1615-0764-41e1-848d-73152bfabe94): this thing is still going on
[17:49:20] BowMaster_7 (uuid: 09906eb9-3bd7-461e-9aff-854e2d4b7835): no
[17:49:22] BowMaster_7 (uuid: 09906eb9-3bd7-461e-9aff-854e2d4b7835): no
[17:49:26] BowMaster_7 (uuid: 09906eb9-3bd7-461e-9aff-854e2d4b7835): i started it
[17:49:27] TheRealColmagi (uuid: c98c1615-0764-41e1-848d-73152bfabe94): oh
[17:49:40] TheRealColmagi (uuid: c98c1615-0764-41e1-848d-73152bfabe94): we should get yi song on
[17:49:43] TheRealColmagi (uuid: c98c1615-0764-41e1-848d-73152bfabe94): ethan luo
[17:49:48] BowMaster_7 (uuid: 09906eb9-3bd7-461e-9aff-854e2d4b7835): ikr
[17:51:18] TheRealColmagi (uuid: c98c1615-0764-41e1-848d-73152bfabe94): oof
[17:51:27] BowMaster_7 (uuid: 09906eb9-3bd7-461e-9aff-854e2d4b7835): lol
[17:51:38] BowMaster_7 (uuid: 09906eb9-3bd7-461e-9aff-854e2d4b7835): whats their respawn time
[17:52:49] TheRealColmagi (uuid: c98c1615-0764-41e1-848d-73152bfabe94): my name jef
[17:52:50] TheRealColmagi (uuid: c98c1615-0764-41e1-848d-73152bfabe94): oh uh
[17:52:53] TheRealColmagi (uuid: c98c1615-0764-41e1-848d-73152bfabe94): i think its like 300 ticks
[17:52:57] TheRealColmagi (uuid: c98c1615-0764-41e1-848d-73152bfabe94): for some of the dudes
[17:53:00] BowMaster_7 (uuid: 09906eb9-3bd7-461e-9aff-854e2d4b7835): k
[17:53:03] TheRealColmagi (uuid: c98c1615-0764-41e1-848d-73152bfabe94): the others are like 100 ticks
[17:53:37] BowMaster_7 (uuid: 09906eb9-3bd7-461e-9aff-854e2d4b7835): yo once we finish this we should make it a download than upload it on youtube or somehthing
[17:53:41] TheRealColmagi (uuid: c98c1615-0764-41e1-848d-73152bfabe94): lmao
[17:53:43] BowMaster_7 (uuid: 09906eb9-3bd7-461e-9aff-854e2d4b7835): or on like planet minecraft
[17:53:43] TheRealColmagi (uuid: c98c1615-0764-41e1-848d-73152bfabe94): wtf
[17:53:51] BowMaster_7 (uuid: 09906eb9-3bd7-461e-9aff-854e2d4b7835): yee
[17:53:53] TheRealColmagi (uuid: c98c1615-0764-41e1-848d-73152bfabe94): this is a server dude
[17:53:55] TheRealColmagi (uuid: c98c1615-0764-41e1-848d-73152bfabe94): not a build
[17:53:58] BowMaster_7 (uuid: 09906eb9-3bd7-461e-9aff-854e2d4b7835): no like copy it
[17:54:02] BowMaster_7 (uuid: 09906eb9-3bd7-461e-9aff-854e2d4b7835): you can make copies
[17:54:03] TheRealColmagi (uuid: c98c1615-0764-41e1-848d-73152bfabe94): theres a bunch of random buildings all over the place
[17:54:12] BowMaster_7 (uuid: 09906eb9-3bd7-461e-9aff-854e2d4b7835): doesnt matter
[17:54:13] TheRealColmagi (uuid: c98c1615-0764-41e1-848d-73152bfabe94): i cant worldedit copy between worlds
[17:54:25] BowMaster_7 (uuid: 09906eb9-3bd7-461e-9aff-854e2d4b7835): no like you can create a copy in general.\
[17:54:30] BowMaster_7 (uuid: 09906eb9-3bd7-461e-9aff-854e2d4b7835): minecraft lets you i think
[17:54:36] TheRealColmagi (uuid: c98c1615-0764-41e1-848d-73152bfabe94): theres still a bunch of random shit
[17:54:41] TheRealColmagi (uuid: c98c1615-0764-41e1-848d-73152bfabe94): not just this build
[17:54:45] BowMaster_7 (uuid: 09906eb9-3bd7-461e-9aff-854e2d4b7835): ehh doesnt mateter
[17:54:51] TheRealColmagi (uuid: c98c1615-0764-41e1-848d-73152bfabe94): theres the spawn
[17:54:54] BowMaster_7 (uuid: 09906eb9-3bd7-461e-9aff-854e2d4b7835): wanna decorate the town hall
[17:54:54] TheRealColmagi (uuid: c98c1615-0764-41e1-848d-73152bfabe94): my village
[17:54:58] TheRealColmagi (uuid: c98c1615-0764-41e1-848d-73152bfabe94): optivat's village
[17:55:02] TheRealColmagi (uuid: c98c1615-0764-41e1-848d-73152bfabe94): bluegamer's village
[17:55:06] TheRealColmagi (uuid: c98c1615-0764-41e1-848d-73152bfabe94): the nuggy temple
[17:55:08] TheRealColmagi (uuid: c98c1615-0764-41e1-848d-73152bfabe94): the mall
[17:55:12] BowMaster_7 (uuid: 09906eb9-3bd7-461e-9aff-854e2d4b7835): the mall XD
[17:55:16] TheRealColmagi (uuid: c98c1615-0764-41e1-848d-73152bfabe94): and some random assorted buildings from other ppl
[17:55:57] TheRealColmagi (uuid: c98c1615-0764-41e1-848d-73152bfabe94): oof
[17:56:07] BowMaster_7 (uuid: 09906eb9-3bd7-461e-9aff-854e2d4b7835): lets decorate this place
[17:56:13] TheRealColmagi (uuid: c98c1615-0764-41e1-848d-73152bfabe94): yes
[17:56:15] TheRealColmagi (uuid: c98c1615-0764-41e1-848d-73152bfabe94): but how
[17:56:15] BowMaster_7 (uuid: 09906eb9-3bd7-461e-9aff-854e2d4b7835): make stairs
[17:57:44] TheRealColmagi (uuid: c98c1615-0764-41e1-848d-73152bfabe94): welcome back
[17:57:45] TheRealColmagi (uuid: c98c1615-0764-41e1-848d-73152bfabe94): comrade
[17:57:50] BowMaster_7 (uuid: 09906eb9-3bd7-461e-9aff-854e2d4b7835): lol
[17:58:33] TheRealColmagi (uuid: c98c1615-0764-41e1-848d-73152bfabe94): lolwat
[17:58:37] TheRealColmagi (uuid: c98c1615-0764-41e1-848d-73152bfabe94): my dude
[17:59:36] TheRealColmagi (uuid: c98c1615-0764-41e1-848d-73152bfabe94): this is the town hall right
[17:59:45] BowMaster_7 (uuid: 09906eb9-3bd7-461e-9aff-854e2d4b7835): yee
[18:00:04] TheRealColmagi (uuid: c98c1615-0764-41e1-848d-73152bfabe94): why
[18:00:06] TheRealColmagi (uuid: c98c1615-0764-41e1-848d-73152bfabe94): the water
[18:00:07] BowMaster_7 (uuid: 09906eb9-3bd7-461e-9aff-854e2d4b7835): oops
[18:00:10] BowMaster_7 (uuid: 09906eb9-3bd7-461e-9aff-854e2d4b7835): on accident
[18:04:12] TheRealColmagi (uuid: c98c1615-0764-41e1-848d-73152bfabe94): nice fountain
[18:04:18] BowMaster_7 (uuid: 09906eb9-3bd7-461e-9aff-854e2d4b7835): thx
[18:05:30] BowMaster_7 (uuid: 09906eb9-3bd7-461e-9aff-854e2d4b7835): get luo on
[18:05:38] TheRealColmagi (uuid: c98c1615-0764-41e1-848d-73152bfabe94): he says hes exercising LOL
[18:05:45] BowMaster_7 (uuid: 09906eb9-3bd7-461e-9aff-854e2d4b7835): gay
[18:05:48] BowMaster_7 (uuid: 09906eb9-3bd7-461e-9aff-854e2d4b7835): thats bs
[18:05:56] TheRealColmagi (uuid: c98c1615-0764-41e1-848d-73152bfabe94): top kekkle
[18:06:25] TheRealColmagi (uuid: c98c1615-0764-41e1-848d-73152bfabe94): he gotta keep his calves big
[18:06:38] BowMaster_7 (uuid: 09906eb9-3bd7-461e-9aff-854e2d4b7835): good lord
[18:06:44] BowMaster_7 (uuid: 09906eb9-3bd7-461e-9aff-854e2d4b7835): you gonna help
[18:07:00] TheRealColmagi (uuid: c98c1615-0764-41e1-848d-73152bfabe94): idk what this is even supposed to look like lol
[18:07:03] TheRealColmagi (uuid: c98c1615-0764-41e1-848d-73152bfabe94): arent town halls meeting rooms
[18:07:14] BowMaster_7 (uuid: 09906eb9-3bd7-461e-9aff-854e2d4b7835): this is like the receptions place
[18:07:40] TheRealColmagi (uuid: c98c1615-0764-41e1-848d-73152bfabe94): i put some plants outside
[18:09:20] BowMaster_7 (uuid: 09906eb9-3bd7-461e-9aff-854e2d4b7835): make a seating area here
[18:09:24] TheRealColmagi (uuid: c98c1615-0764-41e1-848d-73152bfabe94): ew wtf is that skin
[18:09:30] BowMaster_7 (uuid: 09906eb9-3bd7-461e-9aff-854e2d4b7835): idek
[18:10:21] BowMaster_7 (uuid: 09906eb9-3bd7-461e-9aff-854e2d4b7835): cancer
[18:10:26] TheRealColmagi (uuid: c98c1615-0764-41e1-848d-73152bfabe94): LOL
[18:10:29] BowMaster_7 (uuid: 09906eb9-3bd7-461e-9aff-854e2d4b7835): make her area smaller
[18:10:35] TheRealColmagi (uuid: c98c1615-0764-41e1-848d-73152bfabe94): its literally
[18:10:38] TheRealColmagi (uuid: c98c1615-0764-41e1-848d-73152bfabe94): right in front of her
[18:10:47] BowMaster_7 (uuid: 09906eb9-3bd7-461e-9aff-854e2d4b7835): fuk me
[18:10:50] TheRealColmagi (uuid: c98c1615-0764-41e1-848d-73152bfabe94): lol
[18:11:04] BowMaster_7 (uuid: 09906eb9-3bd7-461e-9aff-854e2d4b7835): make a seating area here
[18:11:07] BowMaster_7 (uuid: 09906eb9-3bd7-461e-9aff-854e2d4b7835): ur good at that
[18:12:01] BowMaster_7 (uuid: 09906eb9-3bd7-461e-9aff-854e2d4b7835): the hell
[18:12:05] BowMaster_7 (uuid: 09906eb9-3bd7-461e-9aff-854e2d4b7835): why they after u
[18:12:05] TheRealColmagi (uuid: c98c1615-0764-41e1-848d-73152bfabe94): ?
[18:12:11] TheRealColmagi (uuid: c98c1615-0764-41e1-848d-73152bfabe94): they guard me
[18:14:14] BowMaster_7 (uuid: 09906eb9-3bd7-461e-9aff-854e2d4b7835): how did you even make this place
[18:14:22] TheRealColmagi (uuid: c98c1615-0764-41e1-848d-73152bfabe94): wtf
[18:14:24] TheRealColmagi (uuid: c98c1615-0764-41e1-848d-73152bfabe94): i built it
[18:14:34] BowMaster_7 (uuid: 09906eb9-3bd7-461e-9aff-854e2d4b7835): the hell
[18:14:39] BowMaster_7 (uuid: 09906eb9-3bd7-461e-9aff-854e2d4b7835): how long itd take
[18:14:44] TheRealColmagi (uuid: c98c1615-0764-41e1-848d-73152bfabe94): idk
[18:14:47] TheRealColmagi (uuid: c98c1615-0764-41e1-848d-73152bfabe94): a few hours
[18:14:56] BowMaster_7 (uuid: 09906eb9-3bd7-461e-9aff-854e2d4b7835): jesus
[18:15:04] TheRealColmagi (uuid: c98c1615-0764-41e1-848d-73152bfabe94): eggsde
[18:15:17] TheRealColmagi (uuid: c98c1615-0764-41e1-848d-73152bfabe94): oiiiii
[18:15:33] BowMaster_7 (uuid: 09906eb9-3bd7-461e-9aff-854e2d4b7835): ur color schemes are shit
[18:15:36] TheRealColmagi (uuid: c98c1615-0764-41e1-848d-73152bfabe94): ur mom
[18:15:37] TheRealColmagi (uuid: c98c1615-0764-41e1-848d-73152bfabe94): wtf
[18:15:43] TheRealColmagi (uuid: c98c1615-0764-41e1-848d-73152bfabe94): this is a medieval city
[18:15:52] BowMaster_7 (uuid: 09906eb9-3bd7-461e-9aff-854e2d4b7835): too much oak
[18:15:55] TheRealColmagi (uuid: c98c1615-0764-41e1-848d-73152bfabe94): smh
[18:16:07] TheRealColmagi (uuid: c98c1615-0764-41e1-848d-73152bfabe94): what is this gonna be
[18:16:20] BowMaster_7 (uuid: 09906eb9-3bd7-461e-9aff-854e2d4b7835): the throne room thing
[18:16:24] TheRealColmagi (uuid: c98c1615-0764-41e1-848d-73152bfabe94): wat
[18:16:27] TheRealColmagi (uuid: c98c1615-0764-41e1-848d-73152bfabe94): this is a town hall
[18:16:29] TheRealColmagi (uuid: c98c1615-0764-41e1-848d-73152bfabe94): not a castle
[18:16:30] BowMaster_7 (uuid: 09906eb9-3bd7-461e-9aff-854e2d4b7835): huge chair here
[18:16:41] BowMaster_7 (uuid: 09906eb9-3bd7-461e-9aff-854e2d4b7835): and a bunch of seats back there
[18:16:41] TheRealColmagi (uuid: c98c1615-0764-41e1-848d-73152bfabe94): lolwat
[18:16:49] TheRealColmagi (uuid: c98c1615-0764-41e1-848d-73152bfabe94): like pews?
[18:16:52] TheRealColmagi (uuid: c98c1615-0764-41e1-848d-73152bfabe94): its a church then LOL
[18:16:58] BowMaster_7 (uuid: 09906eb9-3bd7-461e-9aff-854e2d4b7835): ehh
[18:17:04] BowMaster_7 (uuid: 09906eb9-3bd7-461e-9aff-854e2d4b7835): do what you want with it
[18:17:17] TheRealColmagi (uuid: c98c1615-0764-41e1-848d-73152bfabe94): a giant chair lol
[18:19:11] BowMaster_7 (uuid: 09906eb9-3bd7-461e-9aff-854e2d4b7835): lollllllllllll
[18:19:14] BowMaster_7 (uuid: 09906eb9-3bd7-461e-9aff-854e2d4b7835): its congress now
[18:19:18] TheRealColmagi (uuid: c98c1615-0764-41e1-848d-73152bfabe94): eggsde
[18:21:04] BowMaster_7 (uuid: 09906eb9-3bd7-461e-9aff-854e2d4b7835): im lagging
[18:21:07] TheRealColmagi (uuid: c98c1615-0764-41e1-848d-73152bfabe94): oof
[18:21:13] BowMaster_7 (uuid: 09906eb9-3bd7-461e-9aff-854e2d4b7835): or i just can tplace anything
[18:21:22] BowMaster_7 (uuid: 09906eb9-3bd7-461e-9aff-854e2d4b7835): wtf
[18:21:23] BowMaster_7 (uuid: 09906eb9-3bd7-461e-9aff-854e2d4b7835): look
[18:23:31] TheRealColmagi (uuid: c98c1615-0764-41e1-848d-73152bfabe94): haha i should put a king and guards here
[18:23:38] TheRealColmagi (uuid: c98c1615-0764-41e1-848d-73152bfabe94): and if u pull out a sword the guards attack you
[18:23:46] BowMaster_7 (uuid: 09906eb9-3bd7-461e-9aff-854e2d4b7835): no we can make an actual castle later
[18:23:50] TheRealColmagi (uuid: c98c1615-0764-41e1-848d-73152bfabe94): ok
[18:24:44] TheRealColmagi (uuid: c98c1615-0764-41e1-848d-73152bfabe94): lol
[18:26:17] BowMaster_7 (uuid: 09906eb9-3bd7-461e-9aff-854e2d4b7835): you gonna finish this
[18:26:41] TheRealColmagi (uuid: c98c1615-0764-41e1-848d-73152bfabe94): want a bunch of chairs?
[18:26:42] BowMaster_7 (uuid: 09906eb9-3bd7-461e-9aff-854e2d4b7835): wqhat should even go here
[18:26:50] BowMaster_7 (uuid: 09906eb9-3bd7-461e-9aff-854e2d4b7835): wait one huge table
[18:26:53] TheRealColmagi (uuid: c98c1615-0764-41e1-848d-73152bfabe94): ok
[18:27:02] BowMaster_7 (uuid: 09906eb9-3bd7-461e-9aff-854e2d4b7835): from side to side
[18:27:22] TheRealColmagi (uuid: c98c1615-0764-41e1-848d-73152bfabe94): wtf
[18:28:09] BowMaster_7 (uuid: 09906eb9-3bd7-461e-9aff-854e2d4b7835): thats a pretty lame table
[18:28:17] TheRealColmagi (uuid: c98c1615-0764-41e1-848d-73152bfabe94): who said i was done
[18:29:47] BowMaster_7 (uuid: 09906eb9-3bd7-461e-9aff-854e2d4b7835): what if we had stairs instad
[18:29:51] BowMaster_7 (uuid: 09906eb9-3bd7-461e-9aff-854e2d4b7835): of blocks
[18:30:33] BowMaster_7 (uuid: 09906eb9-3bd7-461e-9aff-854e2d4b7835): ez
[18:30:35] TheRealColmagi (uuid: c98c1615-0764-41e1-848d-73152bfabe94): theres a meeting table
[18:30:52] BowMaster_7 (uuid: 09906eb9-3bd7-461e-9aff-854e2d4b7835): whats top floor
[18:30:55] TheRealColmagi (uuid: c98c1615-0764-41e1-848d-73152bfabe94): uh idk
[18:31:02] BowMaster_7 (uuid: 09906eb9-3bd7-461e-9aff-854e2d4b7835): its so big
[18:31:11] TheRealColmagi (uuid: c98c1615-0764-41e1-848d-73152bfabe94): a big ol storage are
[18:31:14] TheRealColmagi (uuid: c98c1615-0764-41e1-848d-73152bfabe94): area
[18:31:15] TheRealColmagi (uuid: c98c1615-0764-41e1-848d-73152bfabe94): eggsde
[18:31:19] TheRealColmagi (uuid: c98c1615-0764-41e1-848d-73152bfabe94): or a courtroom
[18:31:27] BowMaster_7 (uuid: 09906eb9-3bd7-461e-9aff-854e2d4b7835): we can fit another story in here
[18:31:34] TheRealColmagi (uuid: c98c1615-0764-41e1-848d-73152bfabe94): no we cant
[18:31:41] TheRealColmagi (uuid: c98c1615-0764-41e1-848d-73152bfabe94): just make it a vast courtroom
[18:31:44] BowMaster_7 (uuid: 09906eb9-3bd7-461e-9aff-854e2d4b7835): yah we can
[18:31:44] TheRealColmagi (uuid: c98c1615-0764-41e1-848d-73152bfabe94): big and intimidating
[18:31:45] BowMaster_7 (uuid: 09906eb9-3bd7-461e-9aff-854e2d4b7835): ok
[18:31:53] BowMaster_7 (uuid: 09906eb9-3bd7-461e-9aff-854e2d4b7835): the judge is up here
[18:32:06] TheRealColmagi (uuid: c98c1615-0764-41e1-848d-73152bfabe94): might be a bit too high
[18:32:07] BowMaster_7 (uuid: 09906eb9-3bd7-461e-9aff-854e2d4b7835): no up here
[18:33:38] TheRealColmagi (uuid: c98c1615-0764-41e1-848d-73152bfabe94): wtf
[18:33:57] TheRealColmagi (uuid: c98c1615-0764-41e1-848d-73152bfabe94): hold on
[18:37:48] TheRealColmagi (uuid: c98c1615-0764-41e1-848d-73152bfabe94): LOL
[18:37:51] TheRealColmagi (uuid: c98c1615-0764-41e1-848d-73152bfabe94): ok gotta eat
[18:46:34] TheRealColmagi (uuid: c98c1615-0764-41e1-848d-73152bfabe94): i hav ereturnd
[18:46:56] TheRealColmagi (uuid: c98c1615-0764-41e1-848d-73152bfabe94): where are the defendant and plaintiff things
[18:47:01] TheRealColmagi (uuid: c98c1615-0764-41e1-848d-73152bfabe94): where does the accuser stand
[18:47:15] BowMaster_7 (uuid: 09906eb9-3bd7-461e-9aff-854e2d4b7835): put them in the middl
[18:47:15] TheRealColmagi (uuid: c98c1615-0764-41e1-848d-73152bfabe94): why is it so goddamn dark
[18:47:22] BowMaster_7 (uuid: 09906eb9-3bd7-461e-9aff-854e2d4b7835): to be menancing
[18:48:26] TheRealColmagi (uuid: c98c1615-0764-41e1-848d-73152bfabe94): bruh why the trees
[18:48:29] TheRealColmagi (uuid: c98c1615-0764-41e1-848d-73152bfabe94): we need witness stands
[18:48:33] BowMaster_7 (uuid: 09906eb9-3bd7-461e-9aff-854e2d4b7835): thye look sexy
[18:50:02] BowMaster_7 (uuid: 09906eb9-3bd7-461e-9aff-854e2d4b7835): see perfect
[18:50:16] TheRealColmagi (uuid: c98c1615-0764-41e1-848d-73152bfabe94): still no witness stand
[18:50:18] BowMaster_7 (uuid: 09906eb9-3bd7-461e-9aff-854e2d4b7835): and the trees add mystery
[18:50:23] BowMaster_7 (uuid: 09906eb9-3bd7-461e-9aff-854e2d4b7835): on the side
[18:50:26] BowMaster_7 (uuid: 09906eb9-3bd7-461e-9aff-854e2d4b7835): over here
[18:50:38] BowMaster_7 (uuid: 09906eb9-3bd7-461e-9aff-854e2d4b7835): we dont need two staris
[18:50:38] TheRealColmagi (uuid: c98c1615-0764-41e1-848d-73152bfabe94): theres the stairs my dude
[18:50:44] TheRealColmagi (uuid: c98c1615-0764-41e1-848d-73152bfabe94): o ok then
[18:50:54] BowMaster_7 (uuid: 09906eb9-3bd7-461e-9aff-854e2d4b7835): close it off
[18:52:49] TheRealColmagi (uuid: c98c1615-0764-41e1-848d-73152bfabe94): haha the judge cant see shit
[18:53:02] BowMaster_7 (uuid: 09906eb9-3bd7-461e-9aff-854e2d4b7835): Xd
[18:53:36] BowMaster_7 (uuid: 09906eb9-3bd7-461e-9aff-854e2d4b7835): like what i did up here?
[18:53:42] TheRealColmagi (uuid: c98c1615-0764-41e1-848d-73152bfabe94): wat
[18:53:47] TheRealColmagi (uuid: c98c1615-0764-41e1-848d-73152bfabe94): o yeah
[18:53:50] BowMaster_7 (uuid: 09906eb9-3bd7-461e-9aff-854e2d4b7835): gotta have that water
[18:53:53] TheRealColmagi (uuid: c98c1615-0764-41e1-848d-73152bfabe94): yeah
[18:54:01] BowMaster_7 (uuid: 09906eb9-3bd7-461e-9aff-854e2d4b7835): dude this stuff is lit
[18:54:04] TheRealColmagi (uuid: c98c1615-0764-41e1-848d-73152bfabe94): yeah
[18:54:33] BowMaster_7 (uuid: 09906eb9-3bd7-461e-9aff-854e2d4b7835): we finished the townhouse
[18:54:34] BowMaster_7 (uuid: 09906eb9-3bd7-461e-9aff-854e2d4b7835): now what
[18:54:43] TheRealColmagi (uuid: c98c1615-0764-41e1-848d-73152bfabe94): idk
[18:56:20] BowMaster_7 (uuid: 09906eb9-3bd7-461e-9aff-854e2d4b7835): you should name her pam
[18:56:25] TheRealColmagi (uuid: c98c1615-0764-41e1-848d-73152bfabe94): wtf
[18:56:34] BowMaster_7 (uuid: 09906eb9-3bd7-461e-9aff-854e2d4b7835): have you not seen the office
[18:56:38] TheRealColmagi (uuid: c98c1615-0764-41e1-848d-73152bfabe94): no
[18:56:42] BowMaster_7 (uuid: 09906eb9-3bd7-461e-9aff-854e2d4b7835): name her Pam
[18:56:45] TheRealColmagi (uuid: c98c1615-0764-41e1-848d-73152bfabe94): NEIN
[18:56:50] BowMaster_7 (uuid: 09906eb9-3bd7-461e-9aff-854e2d4b7835): bruh
[18:57:08] TheRealColmagi (uuid: c98c1615-0764-41e1-848d-73152bfabe94): ew
[18:57:10] TheRealColmagi (uuid: c98c1615-0764-41e1-848d-73152bfabe94): thot patrol
[18:57:10] BowMaster_7 (uuid: 09906eb9-3bd7-461e-9aff-854e2d4b7835): lol ew
[18:57:16] BowMaster_7 (uuid: 09906eb9-3bd7-461e-9aff-854e2d4b7835): the hell XD
[18:57:22] BowMaster_7 (uuid: 09906eb9-3bd7-461e-9aff-854e2d4b7835): how bout erin
[18:57:27] TheRealColmagi (uuid: c98c1615-0764-41e1-848d-73152bfabe94): why
[18:57:28] BowMaster_7 (uuid: 09906eb9-3bd7-461e-9aff-854e2d4b7835): more office memes
[18:57:44] TheRealColmagi (uuid: c98c1615-0764-41e1-848d-73152bfabe94): LOL
[18:57:46] BowMaster_7 (uuid: 09906eb9-3bd7-461e-9aff-854e2d4b7835): FURRY
[18:57:48] BowMaster_7 (uuid: 09906eb9-3bd7-461e-9aff-854e2d4b7835): QHAHHAHAHA
[18:57:53] BowMaster_7 (uuid: 09906eb9-3bd7-461e-9aff-854e2d4b7835): just leave it XD
[18:58:01] BowMaster_7 (uuid: 09906eb9-3bd7-461e-9aff-854e2d4b7835): thats hilarious
[18:59:48] BowMaster_7 (uuid: 09906eb9-3bd7-461e-9aff-854e2d4b7835): we got so much stuff done holy cow
[18:59:52] TheRealColmagi (uuid: c98c1615-0764-41e1-848d-73152bfabe94): indeed
[18:59:54] BowMaster_7 (uuid: 09906eb9-3bd7-461e-9aff-854e2d4b7835): and it was only like 2 days
[19:00:46] BowMaster_7 (uuid: 09906eb9-3bd7-461e-9aff-854e2d4b7835): we should show hubert this now
[19:00:49] TheRealColmagi (uuid: c98c1615-0764-41e1-848d-73152bfabe94): lmao
[19:00:53] BowMaster_7 (uuid: 09906eb9-3bd7-461e-9aff-854e2d4b7835): he wouldnt even recognize it lol
[19:01:10] BowMaster_7 (uuid: 09906eb9-3bd7-461e-9aff-854e2d4b7835): oh yeah
[19:01:14] BowMaster_7 (uuid: 09906eb9-3bd7-461e-9aff-854e2d4b7835): i added a dock here
[19:01:17] BowMaster_7 (uuid: 09906eb9-3bd7-461e-9aff-854e2d4b7835): and a bridge
[19:01:24] TheRealColmagi (uuid: c98c1615-0764-41e1-848d-73152bfabe94): lmao
[19:01:30] TheRealColmagi (uuid: c98c1615-0764-41e1-848d-73152bfabe94): nice
[19:03:11] TheRealColmagi (uuid: c98c1615-0764-41e1-848d-73152bfabe94): eggsde
[19:03:16] BowMaster_7 (uuid: 09906eb9-3bd7-461e-9aff-854e2d4b7835): ?
[19:03:33] TheRealColmagi (uuid: c98c1615-0764-41e1-848d-73152bfabe94): where is my man ethan luo
[19:03:43] BowMaster_7 (uuid: 09906eb9-3bd7-461e-9aff-854e2d4b7835): dunno
[19:04:13] BowMaster_7 (uuid: 09906eb9-3bd7-461e-9aff-854e2d4b7835): wanna start the horde
[19:04:15] TheRealColmagi (uuid: c98c1615-0764-41e1-848d-73152bfabe94): sure mate
[19:04:38] BowMaster_7 (uuid: 09906eb9-3bd7-461e-9aff-854e2d4b7835): wait what are the kits again
[19:05:08] BowMaster_7 (uuid: 09906eb9-3bd7-461e-9aff-854e2d4b7835): what are the kits again
[19:05:13] TheRealColmagi (uuid: c98c1615-0764-41e1-848d-73152bfabe94): kit legend is the best one
[19:05:43] TheRealColmagi (uuid: c98c1615-0764-41e1-848d-73152bfabe94): LOL
[19:05:57] TheRealColmagi (uuid: c98c1615-0764-41e1-848d-73152bfabe94): im just watching in spectator mode
[19:08:51] BowMaster_7 (uuid: 09906eb9-3bd7-461e-9aff-854e2d4b7835): stop it
[19:09:05] BowMaster_7 (uuid: 09906eb9-3bd7-461e-9aff-854e2d4b7835): omg the lag
[19:09:21] BowMaster_7 (uuid: 09906eb9-3bd7-461e-9aff-854e2d4b7835): can you stpop it
[19:09:26] TheRealColmagi (uuid: c98c1615-0764-41e1-848d-73152bfabe94): i did
[19:09:29] BowMaster_7 (uuid: 09906eb9-3bd7-461e-9aff-854e2d4b7835): k thx
[19:10:34] BowMaster_7 (uuid: 09906eb9-3bd7-461e-9aff-854e2d4b7835): damn
[19:14:09] TheRealColmagi (uuid: c98c1615-0764-41e1-848d-73152bfabe94): boom boom
[19:16:57] TheRealColmagi (uuid: c98c1615-0764-41e1-848d-73152bfabe94): goddammit
[19:17:04] TheRealColmagi (uuid: c98c1615-0764-41e1-848d-73152bfabe94): i told ethan to get on and he said he was tired
[19:17:13] BowMaster_7 (uuid: 09906eb9-3bd7-461e-9aff-854e2d4b7835): lol
[19:17:15] BowMaster_7 (uuid: 09906eb9-3bd7-461e-9aff-854e2d4b7835): what a nerd
[19:17:21] TheRealColmagi (uuid: c98c1615-0764-41e1-848d-73152bfabe94): yes
[19:18:31] BowMaster_7 (uuid: 09906eb9-3bd7-461e-9aff-854e2d4b7835): im gonna take a break
[19:18:34] BowMaster_7 (uuid: 09906eb9-3bd7-461e-9aff-854e2d4b7835): ill be back later
[19:18:36] TheRealColmagi (uuid: c98c1615-0764-41e1-848d-73152bfabe94): kk cya
[22:03:03] BowMaster_7 (uuid: 09906eb9-3bd7-461e-9aff-854e2d4b7835): ello
[22:03:42] TheRealColmagi (uuid: c98c1615-0764-41e1-848d-73152bfabe94): hello again
[22:03:50] BowMaster_7 (uuid: 09906eb9-3bd7-461e-9aff-854e2d4b7835): ello
[22:05:09] BowMaster_7 (uuid: 09906eb9-3bd7-461e-9aff-854e2d4b7835): lol rip champion
[22:05:12] TheRealColmagi (uuid: c98c1615-0764-41e1-848d-73152bfabe94): oof
[22:05:27] BowMaster_7 (uuid: 09906eb9-3bd7-461e-9aff-854e2d4b7835): wheres death
[22:06:42] BowMaster_7 (uuid: 09906eb9-3bd7-461e-9aff-854e2d4b7835): lol wtf is this
[22:06:48] TheRealColmagi (uuid: c98c1615-0764-41e1-848d-73152bfabe94): wtf
[22:06:52] TheRealColmagi (uuid: c98c1615-0764-41e1-848d-73152bfabe94): why u flyn so far
[22:06:57] TheRealColmagi (uuid: c98c1615-0764-41e1-848d-73152bfabe94): also i have no idea what this is
[22:07:06] TheRealColmagi (uuid: c98c1615-0764-41e1-848d-73152bfabe94): i found it back when ppl still played on the server
[22:07:11] TheRealColmagi (uuid: c98c1615-0764-41e1-848d-73152bfabe94): and have no idea who built it
[22:07:19] BowMaster_7 (uuid: 09906eb9-3bd7-461e-9aff-854e2d4b7835): yeah i found it last time we played with hubert
[22:08:38] BowMaster_7 (uuid: 09906eb9-3bd7-461e-9aff-854e2d4b7835): all u asians and ur painos
[22:08:41] BowMaster_7 (uuid: 09906eb9-3bd7-461e-9aff-854e2d4b7835): pianos
[22:13:22] TheRealColmagi (uuid: c98c1615-0764-41e1-848d-73152bfabe94): lmao wtf
[22:15:24] BowMaster_7 (uuid: 09906eb9-3bd7-461e-9aff-854e2d4b7835): we gonna make this market?
[22:15:32] BowMaster_7 (uuid: 09906eb9-3bd7-461e-9aff-854e2d4b7835): or leave it grass
[22:16:50] TheRealColmagi (uuid: c98c1615-0764-41e1-848d-73152bfabe94): idk
[22:17:00] TheRealColmagi (uuid: c98c1615-0764-41e1-848d-73152bfabe94): u choose
[22:17:08] BowMaster_7 (uuid: 09906eb9-3bd7-461e-9aff-854e2d4b7835): we dont have time rn
[22:17:15] BowMaster_7 (uuid: 09906eb9-3bd7-461e-9aff-854e2d4b7835): so maybe next time we get on
[22:17:22] BowMaster_7 (uuid: 09906eb9-3bd7-461e-9aff-854e2d4b7835): on a weekend
[22:17:32] BowMaster_7 (uuid: 09906eb9-3bd7-461e-9aff-854e2d4b7835): where we can actually dedicate time to it
[22:22:24] TheRealColmagi (uuid: c98c1615-0764-41e1-848d-73152bfabe94): ok
[22:41:09] BowMaster_7 (uuid: 09906eb9-3bd7-461e-9aff-854e2d4b7835): ima go adios
