[14:40:09] PhadingFuzzy (uuid: 4150cd4b-a415-4298-bdc7-c9e330b466cc): Sup
[14:40:12] watermelonman53 (uuid: 26666a91-29a2-487f-bda5-16d4919282a0): hi
[14:40:22] PhadingFuzzy (uuid: 4150cd4b-a415-4298-bdc7-c9e330b466cc): SAME
[14:40:52] PhadingFuzzy (uuid: 4150cd4b-a415-4298-bdc7-c9e330b466cc): Water
[14:40:59] PhadingFuzzy (uuid: 4150cd4b-a415-4298-bdc7-c9e330b466cc): Stop spawning shit in my house
[14:41:04] watermelonman53 (uuid: 26666a91-29a2-487f-bda5-16d4919282a0): im niot
[14:41:17] PhadingFuzzy (uuid: 4150cd4b-a415-4298-bdc7-c9e330b466cc): u were holdin a spawn egg -_-
[14:48:16] TheRealColmagi (uuid: c98c1615-0764-41e1-848d-73152bfabe94): goddammit water
[14:48:38] PhadingFuzzy (uuid: 4150cd4b-a415-4298-bdc7-c9e330b466cc): Omg so laggy
[14:48:40] TheRealColmagi (uuid: c98c1615-0764-41e1-848d-73152bfabe94): fuzzy there are no perms to mine spawners
[14:48:42] PhadingFuzzy (uuid: 4150cd4b-a415-4298-bdc7-c9e330b466cc): I can barely go mining
[14:48:48] PhadingFuzzy (uuid: 4150cd4b-a415-4298-bdc7-c9e330b466cc): They how do u mine em
[14:48:57] TheRealColmagi (uuid: c98c1615-0764-41e1-848d-73152bfabe94): i spawn another one in and break the old one
[14:49:03] PhadingFuzzy (uuid: 4150cd4b-a415-4298-bdc7-c9e330b466cc): Oh...
[14:49:08] PhadingFuzzy (uuid: 4150cd4b-a415-4298-bdc7-c9e330b466cc): U can mine em with slimefun :3
[14:49:10] TheRealColmagi (uuid: c98c1615-0764-41e1-848d-73152bfabe94): water no command block picks
[14:49:24] watermelonman53 (uuid: 26666a91-29a2-487f-bda5-16d4919282a0): cheak my inven
[14:49:25] TheRealColmagi (uuid: c98c1615-0764-41e1-848d-73152bfabe94): yeah i would install it if i want to lag my ass off everytime i started the server :3
[14:49:28] PhadingFuzzy (uuid: 4150cd4b-a415-4298-bdc7-c9e330b466cc): And i think theres a plugin
[14:49:32] PhadingFuzzy (uuid: 4150cd4b-a415-4298-bdc7-c9e330b466cc): Wait
[14:49:39] TheRealColmagi (uuid: c98c1615-0764-41e1-848d-73152bfabe94): cuz we nearly lagged the server out with a magic plugin
[14:57:56] TheRealColmagi (uuid: c98c1615-0764-41e1-848d-73152bfabe94): where the fucc is everyone
[14:58:04] watermelonman53 (uuid: 26666a91-29a2-487f-bda5-16d4919282a0): home
[14:59:23] TheRealColmagi (uuid: c98c1615-0764-41e1-848d-73152bfabe94): we should make a gigantic fukin mall and call it walmart
[14:59:30] PhadingFuzzy (uuid: 4150cd4b-a415-4298-bdc7-c9e330b466cc): yee
[14:59:34] TheRealColmagi (uuid: c98c1615-0764-41e1-848d-73152bfabe94): was talkin to shorty
[14:59:38] PhadingFuzzy (uuid: 4150cd4b-a415-4298-bdc7-c9e330b466cc): oh
[14:59:40] watermelonman53 (uuid: 26666a91-29a2-487f-bda5-16d4919282a0): ok
[14:59:42] PhadingFuzzy (uuid: 4150cd4b-a415-4298-bdc7-c9e330b466cc): im a shorty
[14:59:55] TheRealColmagi (uuid: c98c1615-0764-41e1-848d-73152bfabe94): and u can supply the items and shit cuz im technically not allowed to do that since i have op
[14:59:58] PhadingFuzzy (uuid: 4150cd4b-a415-4298-bdc7-c9e330b466cc): Hubert is a Extreme-Shorty
[15:00:06] TheRealColmagi (uuid: c98c1615-0764-41e1-848d-73152bfabe94): i will helpfully donate 100k for spawners
[15:00:25] TheRealColmagi (uuid: c98c1615-0764-41e1-848d-73152bfabe94): brb tho gotta take a dump
[15:02:10] PhadingFuzzy (uuid: 4150cd4b-a415-4298-bdc7-c9e330b466cc): Hey shorty
[15:02:14] watermelonman53 (uuid: 26666a91-29a2-487f-bda5-16d4919282a0): ye
[15:02:19] PhadingFuzzy (uuid: 4150cd4b-a415-4298-bdc7-c9e330b466cc): nvm
[15:02:50] watermelonman53 (uuid: 26666a91-29a2-487f-bda5-16d4919282a0): do you wanna see maple and I's base
[15:02:56] PhadingFuzzy (uuid: 4150cd4b-a415-4298-bdc7-c9e330b466cc): Ur diamonds sell for less than the shop
[15:03:01] watermelonman53 (uuid: 26666a91-29a2-487f-bda5-16d4919282a0): i know
[15:03:05] PhadingFuzzy (uuid: 4150cd4b-a415-4298-bdc7-c9e330b466cc): Ive seen it 100 times
[15:03:19] watermelonman53 (uuid: 26666a91-29a2-487f-bda5-16d4919282a0): underground base
[15:03:25] PhadingFuzzy (uuid: 4150cd4b-a415-4298-bdc7-c9e330b466cc): No thnx
[15:05:08] watermelonman53 (uuid: 26666a91-29a2-487f-bda5-16d4919282a0): thats mine
[15:05:12] PhadingFuzzy (uuid: 4150cd4b-a415-4298-bdc7-c9e330b466cc): Fucking llamas
[15:05:45] watermelonman53 (uuid: 26666a91-29a2-487f-bda5-16d4919282a0): nuggy was moved
[15:06:01] watermelonman53 (uuid: 26666a91-29a2-487f-bda5-16d4919282a0): no
[15:07:08] watermelonman53 (uuid: 26666a91-29a2-487f-bda5-16d4919282a0): out
[15:07:37] watermelonman53 (uuid: 26666a91-29a2-487f-bda5-16d4919282a0): out
[15:07:50] watermelonman53 (uuid: 26666a91-29a2-487f-bda5-16d4919282a0): 3
[15:07:52] watermelonman53 (uuid: 26666a91-29a2-487f-bda5-16d4919282a0): 2
[15:07:57] watermelonman53 (uuid: 26666a91-29a2-487f-bda5-16d4919282a0): 1
[15:08:41] watermelonman53 (uuid: 26666a91-29a2-487f-bda5-16d4919282a0): give me the pick
[15:08:51] PhadingFuzzy (uuid: 4150cd4b-a415-4298-bdc7-c9e330b466cc): dont keep it
[15:08:59] watermelonman53 (uuid: 26666a91-29a2-487f-bda5-16d4919282a0): out
[15:09:03] watermelonman53 (uuid: 26666a91-29a2-487f-bda5-16d4919282a0): now
[15:10:19] watermelonman53 (uuid: 26666a91-29a2-487f-bda5-16d4919282a0): tp to spawn fuzzy
[15:10:57] PhadingFuzzy (uuid: 4150cd4b-a415-4298-bdc7-c9e330b466cc): Im here
[15:11:03] watermelonman53 (uuid: 26666a91-29a2-487f-bda5-16d4919282a0): thankk you
[15:11:12] PhadingFuzzy (uuid: 4150cd4b-a415-4298-bdc7-c9e330b466cc): ,,,
[15:11:35] watermelonman53 (uuid: 26666a91-29a2-487f-bda5-16d4919282a0): .,.,.,.,.,,.,..,.,.,.,...,.,.,.,.,.,.,.,.,..,..,.,.,.,.,.,,.,.
[15:11:38] PhadingFuzzy (uuid: 4150cd4b-a415-4298-bdc7-c9e330b466cc): Why
[15:11:43] watermelonman53 (uuid: 26666a91-29a2-487f-bda5-16d4919282a0): why not
[15:11:53] PhadingFuzzy (uuid: 4150cd4b-a415-4298-bdc7-c9e330b466cc): Why u need me ther
[15:11:56] watermelonman53 (uuid: 26666a91-29a2-487f-bda5-16d4919282a0): tp to me
[15:13:04] watermelonman53 (uuid: 26666a91-29a2-487f-bda5-16d4919282a0): allllll hale
[15:13:13] watermelonman53 (uuid: 26666a91-29a2-487f-bda5-16d4919282a0): NUGGY
[15:15:09] PhadingFuzzy (uuid: 4150cd4b-a415-4298-bdc7-c9e330b466cc): guests
[15:15:20] watermelonman53 (uuid: 26666a91-29a2-487f-bda5-16d4919282a0): you idiot
[15:16:04] PhadingFuzzy (uuid: 4150cd4b-a415-4298-bdc7-c9e330b466cc): Do u have a mine
[15:16:07] watermelonman53 (uuid: 26666a91-29a2-487f-bda5-16d4919282a0): no
[15:16:20] watermelonman53 (uuid: 26666a91-29a2-487f-bda5-16d4919282a0): this is the nuggy shrine i made it
[15:16:25] PhadingFuzzy (uuid: 4150cd4b-a415-4298-bdc7-c9e330b466cc): I mean at ur homew
[15:16:32] watermelonman53 (uuid: 26666a91-29a2-487f-bda5-16d4919282a0): no
[15:16:51] watermelonman53 (uuid: 26666a91-29a2-487f-bda5-16d4919282a0): your never going back to my home
[15:17:17] PhadingFuzzy (uuid: 4150cd4b-a415-4298-bdc7-c9e330b466cc): I meant theabove ground one
[15:17:22] watermelonman53 (uuid: 26666a91-29a2-487f-bda5-16d4919282a0): no
[15:19:17] watermelonman53 (uuid: 26666a91-29a2-487f-bda5-16d4919282a0): gtg
[15:45:22] TheRealColmagi (uuid: c98c1615-0764-41e1-848d-73152bfabe94): nigers
[15:45:26] PhadingFuzzy (uuid: 4150cd4b-a415-4298-bdc7-c9e330b466cc): hi
[15:46:12] TheRealColmagi (uuid: c98c1615-0764-41e1-848d-73152bfabe94): lolxd
[15:46:23] TheRealColmagi (uuid: c98c1615-0764-41e1-848d-73152bfabe94): y do u have dick banners
[15:46:32] TheRealColmagi (uuid: c98c1615-0764-41e1-848d-73152bfabe94): thats kinda gay
[15:46:41] PhadingFuzzy (uuid: 4150cd4b-a415-4298-bdc7-c9e330b466cc): I didnt piut them
[15:49:35] PhadingFuzzy (uuid: 4150cd4b-a415-4298-bdc7-c9e330b466cc): Dude
[15:51:48] PhadingFuzzy (uuid: 4150cd4b-a415-4298-bdc7-c9e330b466cc): im a god at making concealed doorways
[17:19:56] TheRealColmagi (uuid: c98c1615-0764-41e1-848d-73152bfabe94): gotta take a dump
[17:28:36] TheRealColmagi (uuid: c98c1615-0764-41e1-848d-73152bfabe94): WTF
[17:57:32] TheRealColmagi (uuid: c98c1615-0764-41e1-848d-73152bfabe94): scott where u go
[18:25:24] PhadingFuzzy (uuid: 4150cd4b-a415-4298-bdc7-c9e330b466cc): Hi dragon
[18:25:33] TheRealColmagi (uuid: c98c1615-0764-41e1-848d-73152bfabe94): hes afk
[18:25:35] TheRealColmagi (uuid: c98c1615-0764-41e1-848d-73152bfabe94): piece of shit
[18:26:33] PhadingFuzzy (uuid: 4150cd4b-a415-4298-bdc7-c9e330b466cc): Dud
[18:26:37] PhadingFuzzy (uuid: 4150cd4b-a415-4298-bdc7-c9e330b466cc): Like my entrance
[18:27:04] TheRealColmagi (uuid: c98c1615-0764-41e1-848d-73152bfabe94): 0/10 doesnt fukin work
[18:27:11] PhadingFuzzy (uuid: 4150cd4b-a415-4298-bdc7-c9e330b466cc): dahell
[18:27:36] PhadingFuzzy (uuid: 4150cd4b-a415-4298-bdc7-c9e330b466cc): there
[18:27:52] PhadingFuzzy (uuid: 4150cd4b-a415-4298-bdc7-c9e330b466cc): fagzilla?
[18:27:56] TheRealColmagi (uuid: c98c1615-0764-41e1-848d-73152bfabe94): what
[18:28:16] PhadingFuzzy (uuid: 4150cd4b-a415-4298-bdc7-c9e330b466cc): ez
[18:28:19] TheRealColmagi (uuid: c98c1615-0764-41e1-848d-73152bfabe94): gives me autism
[18:28:41] PhadingFuzzy (uuid: 4150cd4b-a415-4298-bdc7-c9e330b466cc): it leads to da chicken collector
[18:29:00] PhadingFuzzy (uuid: 4150cd4b-a415-4298-bdc7-c9e330b466cc): I found more dungeons
[18:29:13] TheRealColmagi (uuid: c98c1615-0764-41e1-848d-73152bfabe94): u like my entrance
[18:29:16] TheRealColmagi (uuid: c98c1615-0764-41e1-848d-73152bfabe94): its not an entrance tho
[18:29:18] PhadingFuzzy (uuid: 4150cd4b-a415-4298-bdc7-c9e330b466cc): walmart
[18:29:26] PhadingFuzzy (uuid: 4150cd4b-a415-4298-bdc7-c9e330b466cc): ye?
[18:29:42] PhadingFuzzy (uuid: 4150cd4b-a415-4298-bdc7-c9e330b466cc): lemme show u dungeons
[18:30:52] PhadingFuzzy (uuid: 4150cd4b-a415-4298-bdc7-c9e330b466cc): tpa
[18:30:58] TheRealColmagi (uuid: c98c1615-0764-41e1-848d-73152bfabe94): what the ufck u want
[18:31:18] TheRealColmagi (uuid: c98c1615-0764-41e1-848d-73152bfabe94): im not moving the spawner
[18:31:22] PhadingFuzzy (uuid: 4150cd4b-a415-4298-bdc7-c9e330b466cc): :( ok
[18:32:09] TheRealColmagi (uuid: c98c1615-0764-41e1-848d-73152bfabe94): DRAGON WHERE R U
[18:36:21] PhadingFuzzy (uuid: 4150cd4b-a415-4298-bdc7-c9e330b466cc): AHHHHH
[18:40:11] PhadingFuzzy (uuid: 4150cd4b-a415-4298-bdc7-c9e330b466cc): GET FUCKED SKRUB
[18:48:03] Dragon2934 (uuid: 5f4a6885-835e-4444-9949-0f5e26585363): back>
[18:48:08] TheRealColmagi (uuid: c98c1615-0764-41e1-848d-73152bfabe94): HOLEEE
[18:48:10] TheRealColmagi (uuid: c98c1615-0764-41e1-848d-73152bfabe94): TOOK U FOREVER
[18:48:10] Dragon2934 (uuid: 5f4a6885-835e-4444-9949-0f5e26585363): back?
[18:48:19] Dragon2934 (uuid: 5f4a6885-835e-4444-9949-0f5e26585363): lol i ate 2 dinners
[18:48:25] Dragon2934 (uuid: 5f4a6885-835e-4444-9949-0f5e26585363): mine and my dads
[18:53:24] TheRealColmagi (uuid: c98c1615-0764-41e1-848d-73152bfabe94): well shit i gotta eat now thanks
[18:55:06] TheRealColmagi (uuid: c98c1615-0764-41e1-848d-73152bfabe94): ok im ack
[18:55:12] TheRealColmagi (uuid: c98c1615-0764-41e1-848d-73152bfabe94): WHAT R U DOIN
[18:55:17] Dragon2934 (uuid: 5f4a6885-835e-4444-9949-0f5e26585363): ?
[18:55:30] TheRealColmagi (uuid: c98c1615-0764-41e1-848d-73152bfabe94): THESE ARE GONNA BE SHOPS
[18:55:32] TheRealColmagi (uuid: c98c1615-0764-41e1-848d-73152bfabe94): FLAT ROOS
[18:55:34] TheRealColmagi (uuid: c98c1615-0764-41e1-848d-73152bfabe94): ROOFS
[18:55:40] TheRealColmagi (uuid: c98c1615-0764-41e1-848d-73152bfabe94): THAT IS THE MAIN HALL
[18:55:43] Dragon2934 (uuid: 5f4a6885-835e-4444-9949-0f5e26585363): no do that unda
[18:55:47] TheRealColmagi (uuid: c98c1615-0764-41e1-848d-73152bfabe94): WTF
[18:55:49] TheRealColmagi (uuid: c98c1615-0764-41e1-848d-73152bfabe94): NO
[18:55:53] TheRealColmagi (uuid: c98c1615-0764-41e1-848d-73152bfabe94): 2 STORY MALL
[18:56:19] Dragon2934 (uuid: 5f4a6885-835e-4444-9949-0f5e26585363): can i has axE?
[18:56:20] TheRealColmagi (uuid: c98c1615-0764-41e1-848d-73152bfabe94): I WAS GONNA ALLOW PEOPLE TO BUILD IN HERE TO SELL SHIT
[18:56:35] Dragon2934 (uuid: 5f4a6885-835e-4444-9949-0f5e26585363): NOOO
[18:56:51] Dragon2934 (uuid: 5f4a6885-835e-4444-9949-0f5e26585363): it fancy roof
[18:57:02] Dragon2934 (uuid: 5f4a6885-835e-4444-9949-0f5e26585363): UGH
[18:57:04] TheRealColmagi (uuid: c98c1615-0764-41e1-848d-73152bfabe94): ITS NOT THE ROOF WE NEED
[18:57:13] Dragon2934 (uuid: 5f4a6885-835e-4444-9949-0f5e26585363): fuq u i hav to watch movie brb
[18:57:14] TheRealColmagi (uuid: c98c1615-0764-41e1-848d-73152bfabe94): WE ALREADY HAVE THE FANCY ROOF
[18:57:19] TheRealColmagi (uuid: c98c1615-0764-41e1-848d-73152bfabe94): WHAT THE HELL
[18:57:23] Dragon2934 (uuid: 5f4a6885-835e-4444-9949-0f5e26585363): i know
[18:57:33] TheRealColmagi (uuid: c98c1615-0764-41e1-848d-73152bfabe94): ITS A FLAT ROOF
[18:57:37] TheRealColmagi (uuid: c98c1615-0764-41e1-848d-73152bfabe94): SINCE THESE ARE SHOPS
[18:57:41] Dragon2934 (uuid: 5f4a6885-835e-4444-9949-0f5e26585363): well brb and can i has the cropping stuffs?
[18:57:46] Dragon2934 (uuid: 5f4a6885-835e-4444-9949-0f5e26585363): btw caps
[18:58:08] Dragon2934 (uuid: 5f4a6885-835e-4444-9949-0f5e26585363): can i have editting stufs
[18:58:12] TheRealColmagi (uuid: c98c1615-0764-41e1-848d-73152bfabe94): no
[18:58:15] Dragon2934 (uuid: 5f4a6885-835e-4444-9949-0f5e26585363): why
[18:58:21] TheRealColmagi (uuid: c98c1615-0764-41e1-848d-73152bfabe94): cuz i already gave u creative
[18:58:35] Dragon2934 (uuid: 5f4a6885-835e-4444-9949-0f5e26585363): to make it Faster
[18:58:36] TheRealColmagi (uuid: c98c1615-0764-41e1-848d-73152bfabe94): glass pane
[18:58:38] TheRealColmagi (uuid: c98c1615-0764-41e1-848d-73152bfabe94): PANES
[18:59:37] Dragon2934 (uuid: 5f4a6885-835e-4444-9949-0f5e26585363): gotta watch movie brb
[19:01:04] Dragon2934 (uuid: 5f4a6885-835e-4444-9949-0f5e26585363): ok skype
[19:01:11] Dragon2934 (uuid: 5f4a6885-835e-4444-9949-0f5e26585363): hold up
[19:38:05] Dragon2934 (uuid: 5f4a6885-835e-4444-9949-0f5e26585363): fuk u
[19:41:29] PhadingFuzzy (uuid: 4150cd4b-a415-4298-bdc7-c9e330b466cc): Connected with MineChat
[19:41:58] Dragon2934 (uuid: 5f4a6885-835e-4444-9949-0f5e26585363): ur dumb
[19:42:05] PhadingFuzzy (uuid: 4150cd4b-a415-4298-bdc7-c9e330b466cc): ay
[19:42:06] Dragon2934 (uuid: 5f4a6885-835e-4444-9949-0f5e26585363): not magi
[19:42:16] PhadingFuzzy (uuid: 4150cd4b-a415-4298-bdc7-c9e330b466cc): anyone
[19:42:31] PhadingFuzzy (uuid: 4150cd4b-a415-4298-bdc7-c9e330b466cc): r u both afk
[19:42:35] TheRealColmagi (uuid: c98c1615-0764-41e1-848d-73152bfabe94): no
[19:42:41] PhadingFuzzy (uuid: 4150cd4b-a415-4298-bdc7-c9e330b466cc): k
[19:42:50] PhadingFuzzy (uuid: 4150cd4b-a415-4298-bdc7-c9e330b466cc): o3o
[19:43:03] PhadingFuzzy (uuid: 4150cd4b-a415-4298-bdc7-c9e330b466cc): ???????????
[19:43:12] PhadingFuzzy (uuid: 4150cd4b-a415-4298-bdc7-c9e330b466cc): ???????????????????????
[19:43:31] PhadingFuzzy (uuid: 4150cd4b-a415-4298-bdc7-c9e330b466cc): ,???????????????????
[19:43:56] PhadingFuzzy (uuid: 4150cd4b-a415-4298-bdc7-c9e330b466cc): brb gonna join l8r
[19:43:59] TheRealColmagi (uuid: c98c1615-0764-41e1-848d-73152bfabe94): fuk off k
[19:47:32] Dragon2934 (uuid: 5f4a6885-835e-4444-9949-0f5e26585363): set TheRealColmagi air
[19:47:36] TheRealColmagi (uuid: c98c1615-0764-41e1-848d-73152bfabe94): ded
[19:48:52] PhadingFuzzy (uuid: 4150cd4b-a415-4298-bdc7-c9e330b466cc): hai
[19:50:02] PhadingFuzzy (uuid: 4150cd4b-a415-4298-bdc7-c9e330b466cc): Hes back
[19:50:08] Dragon2934 (uuid: 5f4a6885-835e-4444-9949-0f5e26585363): who
[19:50:56] PhadingFuzzy (uuid: 4150cd4b-a415-4298-bdc7-c9e330b466cc): Dragon's ping is 10/10
[19:51:04] TheRealColmagi (uuid: c98c1615-0764-41e1-848d-73152bfabe94): ur moms pussy is 10/10
[19:51:12] PhadingFuzzy (uuid: 4150cd4b-a415-4298-bdc7-c9e330b466cc): Was it good
[19:51:13] Dragon2934 (uuid: 5f4a6885-835e-4444-9949-0f5e26585363): you moms ass is 10/10
[19:51:29] Dragon2934 (uuid: 5f4a6885-835e-4444-9949-0f5e26585363): i fuks with magi
[19:51:39] Dragon2934 (uuid: 5f4a6885-835e-4444-9949-0f5e26585363): i do
[19:52:57] PhadingFuzzy (uuid: 4150cd4b-a415-4298-bdc7-c9e330b466cc): Can i haz sum chicken eggs
[19:54:40] Dragon2934 (uuid: 5f4a6885-835e-4444-9949-0f5e26585363): fuk me in da ass hou
[19:55:06] PhadingFuzzy (uuid: 4150cd4b-a415-4298-bdc7-c9e330b466cc): hi
[19:55:08] TheRealColmagi (uuid: c98c1615-0764-41e1-848d-73152bfabe94): oh shit what up cuck BOI
[19:55:15] Dragon2934 (uuid: 5f4a6885-835e-4444-9949-0f5e26585363): fuk u
[19:55:19] TheBlueGamer0 (uuid: 654713d4-034f-41ff-acad-c3b9ced485de): sup fags
[19:55:30] TheBlueGamer0 (uuid: 654713d4-034f-41ff-acad-c3b9ced485de): who here wants an ice cold BoBa Bola
[19:55:40] TheRealColmagi (uuid: c98c1615-0764-41e1-848d-73152bfabe94): i want an ice cold anime tiddy
[19:55:43] Dragon2934 (uuid: 5f4a6885-835e-4444-9949-0f5e26585363): i want ur moms pussy
[19:55:43] PhadingFuzzy (uuid: 4150cd4b-a415-4298-bdc7-c9e330b466cc): DANG
[19:55:47] PhadingFuzzy (uuid: 4150cd4b-a415-4298-bdc7-c9e330b466cc): Im covered in arrows
[19:55:50] TheBlueGamer0 (uuid: 654713d4-034f-41ff-acad-c3b9ced485de): you want tiddy
[19:55:52] Dragon2934 (uuid: 5f4a6885-835e-4444-9949-0f5e26585363): oh what i already got it
[19:55:55] TheBlueGamer0 (uuid: 654713d4-034f-41ff-acad-c3b9ced485de): ya want tiddy
[19:55:57] Dragon2934 (uuid: 5f4a6885-835e-4444-9949-0f5e26585363): wait*
[19:55:59] TheRealColmagi (uuid: c98c1615-0764-41e1-848d-73152bfabe94): nobody gives a fuk
[19:55:59] TheBlueGamer0 (uuid: 654713d4-034f-41ff-acad-c3b9ced485de): look in yer dms
[19:56:03] TheRealColmagi (uuid: c98c1615-0764-41e1-848d-73152bfabe94): ur an elite pleb
[19:56:05] Dragon2934 (uuid: 5f4a6885-835e-4444-9949-0f5e26585363): FU8UUUL
[19:56:21] TheBlueGamer0 (uuid: 654713d4-034f-41ff-acad-c3b9ced485de): there ya go
[19:56:26] Dragon2934 (uuid: 5f4a6885-835e-4444-9949-0f5e26585363): MaMA
[19:56:39] Dragon2934 (uuid: 5f4a6885-835e-4444-9949-0f5e26585363): paste'
[19:56:49] Dragon2934 (uuid: 5f4a6885-835e-4444-9949-0f5e26585363): ;}
[19:56:58] Dragon2934 (uuid: 5f4a6885-835e-4444-9949-0f5e26585363): ;]
[19:57:29] PhadingFuzzy (uuid: 4150cd4b-a415-4298-bdc7-c9e330b466cc): FUCK YOU SERVER
[19:57:38] PhadingFuzzy (uuid: 4150cd4b-a415-4298-bdc7-c9e330b466cc): ThIs Is ShIt
[19:57:50] PhadingFuzzy (uuid: 4150cd4b-a415-4298-bdc7-c9e330b466cc): Dude
[19:57:54] PhadingFuzzy (uuid: 4150cd4b-a415-4298-bdc7-c9e330b466cc): Are u clearing mobs
[19:57:59] Dragon2934 (uuid: 5f4a6885-835e-4444-9949-0f5e26585363): yes
[19:58:10] Dragon2934 (uuid: 5f4a6885-835e-4444-9949-0f5e26585363): lit
[19:58:14] PhadingFuzzy (uuid: 4150cd4b-a415-4298-bdc7-c9e330b466cc): They keep teleporting
[19:58:24] TheRealColmagi (uuid: c98c1615-0764-41e1-848d-73152bfabe94): SHIT HE KNOWS TOO MUCH
[19:58:29] PhadingFuzzy (uuid: 4150cd4b-a415-4298-bdc7-c9e330b466cc): ...
[19:58:30] TheRealColmagi (uuid: c98c1615-0764-41e1-848d-73152bfabe94): CALL THE NSA GET A LASER ON HIM
[19:58:55] Dragon2934 (uuid: 5f4a6885-835e-4444-9949-0f5e26585363): everyone should get a command of /lit
[19:59:07] Dragon2934 (uuid: 5f4a6885-835e-4444-9949-0f5e26585363): where we all et green dye
[19:59:11] TheRealColmagi (uuid: c98c1615-0764-41e1-848d-73152bfabe94): no shut the fuck up
[19:59:11] Dragon2934 (uuid: 5f4a6885-835e-4444-9949-0f5e26585363): get*
[19:59:16] PhadingFuzzy (uuid: 4150cd4b-a415-4298-bdc7-c9e330b466cc): Hey
[19:59:21] Dragon2934 (uuid: 5f4a6885-835e-4444-9949-0f5e26585363): g
[19:59:21] TheRealColmagi (uuid: c98c1615-0764-41e1-848d-73152bfabe94): i was talking to dragon
[19:59:24] TheRealColmagi (uuid: c98c1615-0764-41e1-848d-73152bfabe94): but hes not shouting
[19:59:41] PhadingFuzzy (uuid: 4150cd4b-a415-4298-bdc7-c9e330b466cc): Can i haz sum andesite
[19:59:44] TheRealColmagi (uuid: c98c1615-0764-41e1-848d-73152bfabe94): nigga no
[19:59:52] PhadingFuzzy (uuid: 4150cd4b-a415-4298-bdc7-c9e330b466cc): Oh yea did u see the science crossword
[20:00:04] Dragon2934 (uuid: 5f4a6885-835e-4444-9949-0f5e26585363): LIT
[20:00:04] PhadingFuzzy (uuid: 4150cd4b-a415-4298-bdc7-c9e330b466cc): It has Andesite, Diorite, and Granite
[20:00:16] TheBlueGamer0 (uuid: 654713d4-034f-41ff-acad-c3b9ced485de): get in discord nibbas
[20:00:21] PhadingFuzzy (uuid: 4150cd4b-a415-4298-bdc7-c9e330b466cc): NO
[20:00:24] Dragon2934 (uuid: 5f4a6885-835e-4444-9949-0f5e26585363): i cant
[20:00:25] TheBlueGamer0 (uuid: 654713d4-034f-41ff-acad-c3b9ced485de): !!!!
[20:00:33] PhadingFuzzy (uuid: 4150cd4b-a415-4298-bdc7-c9e330b466cc): Unless u wanna hear chinese music
[20:00:35] PhadingFuzzy (uuid: 4150cd4b-a415-4298-bdc7-c9e330b466cc): Do u
[20:00:43] Dragon2934 (uuid: 5f4a6885-835e-4444-9949-0f5e26585363): yes
[20:00:46] PhadingFuzzy (uuid: 4150cd4b-a415-4298-bdc7-c9e330b466cc): ok
[20:00:50] PhadingFuzzy (uuid: 4150cd4b-a415-4298-bdc7-c9e330b466cc): Im getting on discord fags
[20:03:29] PhadingFuzzy (uuid: 4150cd4b-a415-4298-bdc7-c9e330b466cc): cant do this
[20:03:31] PhadingFuzzy (uuid: 4150cd4b-a415-4298-bdc7-c9e330b466cc): Not safe
[20:03:39] PhadingFuzzy (uuid: 4150cd4b-a415-4298-bdc7-c9e330b466cc): My mom and dad r in the house
[20:03:54] PhadingFuzzy (uuid: 4150cd4b-a415-4298-bdc7-c9e330b466cc): I can get on tmrw i think....
[20:04:13] PhadingFuzzy (uuid: 4150cd4b-a415-4298-bdc7-c9e330b466cc): Yo i brought u a present
[20:04:49] TheRealColmagi (uuid: c98c1615-0764-41e1-848d-73152bfabe94): GET THE FUCK OUT
[20:04:54] TheRealColmagi (uuid: c98c1615-0764-41e1-848d-73152bfabe94): WHAT THE HELL
[20:04:58] TheRealColmagi (uuid: c98c1615-0764-41e1-848d-73152bfabe94): WHY U KILL HIM
[20:05:06] TheRealColmagi (uuid: c98c1615-0764-41e1-848d-73152bfabe94): DRAGON U FUK
[20:05:11] PhadingFuzzy (uuid: 4150cd4b-a415-4298-bdc7-c9e330b466cc): :(
[20:05:11] PhadingFuzzy (uuid: 4150cd4b-a415-4298-bdc7-c9e330b466cc): :(
[20:05:19] PhadingFuzzy (uuid: 4150cd4b-a415-4298-bdc7-c9e330b466cc): I gave u a flower
[20:05:19] TheRealColmagi (uuid: c98c1615-0764-41e1-848d-73152bfabe94): WHY WAS HE HERE
[20:05:21] TheRealColmagi (uuid: c98c1615-0764-41e1-848d-73152bfabe94): GET OUT FUZZY
[20:05:49] PhadingFuzzy (uuid: 4150cd4b-a415-4298-bdc7-c9e330b466cc): He took mah other flower
[20:06:34] PhadingFuzzy (uuid: 4150cd4b-a415-4298-bdc7-c9e330b466cc): hmph im making my own shop
[20:06:53] TheRealColmagi (uuid: c98c1615-0764-41e1-848d-73152bfabe94): no got u outta there cuz THERES MOBS EVERYWHERE IN CASE YOU ARE BLIND
[20:07:04] PhadingFuzzy (uuid: 4150cd4b-a415-4298-bdc7-c9e330b466cc): Yea
[20:07:08] PhadingFuzzy (uuid: 4150cd4b-a415-4298-bdc7-c9e330b466cc): I was managing just fine
[20:07:12] PhadingFuzzy (uuid: 4150cd4b-a415-4298-bdc7-c9e330b466cc): Until SOMEONE killed me
[20:07:50] PhadingFuzzy (uuid: 4150cd4b-a415-4298-bdc7-c9e330b466cc): DUDE
[20:07:53] PhadingFuzzy (uuid: 4150cd4b-a415-4298-bdc7-c9e330b466cc): FUCK OFF
[20:07:57] PhadingFuzzy (uuid: 4150cd4b-a415-4298-bdc7-c9e330b466cc): JAMES
[20:08:03] PhadingFuzzy (uuid: 4150cd4b-a415-4298-bdc7-c9e330b466cc): Hes being a asshole
[20:08:11] TheRealColmagi (uuid: c98c1615-0764-41e1-848d-73152bfabe94): what the fuck
[20:08:11] PhadingFuzzy (uuid: 4150cd4b-a415-4298-bdc7-c9e330b466cc): unless that was u
[20:08:21] TheRealColmagi (uuid: c98c1615-0764-41e1-848d-73152bfabe94): you fucks
[20:08:24] PhadingFuzzy (uuid: 4150cd4b-a415-4298-bdc7-c9e330b466cc): bye
[20:10:08] PhadingFuzzy (uuid: 4150cd4b-a415-4298-bdc7-c9e330b466cc): Fu*k you all
[20:10:13] PhadingFuzzy (uuid: 4150cd4b-a415-4298-bdc7-c9e330b466cc): x999999
[20:10:19] PhadingFuzzy (uuid: 4150cd4b-a415-4298-bdc7-c9e330b466cc): I los all my chickens
[20:10:19] PhadingFuzzy (uuid: 4150cd4b-a415-4298-bdc7-c9e330b466cc): I los all my chickens
[20:10:21] TheBlueGamer0 (uuid: 654713d4-034f-41ff-acad-c3b9ced485de): lol
[20:10:24] PhadingFuzzy (uuid: 4150cd4b-a415-4298-bdc7-c9e330b466cc): Fuck ye
[20:10:26] PhadingFuzzy (uuid: 4150cd4b-a415-4298-bdc7-c9e330b466cc): Bai
[20:15:07] Dragon2934 (uuid: 5f4a6885-835e-4444-9949-0f5e26585363): WOW
[20:18:04] Dragon2934 (uuid: 5f4a6885-835e-4444-9949-0f5e26585363): wut
[20:25:45] PhadingFuzzy (uuid: 4150cd4b-a415-4298-bdc7-c9e330b466cc): Hey
[20:25:53] PhadingFuzzy (uuid: 4150cd4b-a415-4298-bdc7-c9e330b466cc): Heres james like 3 years ago
[20:26:02] PhadingFuzzy (uuid: 4150cd4b-a415-4298-bdc7-c9e330b466cc): goo.gl/photos/MmA3nABzrEmt9NAPA
[20:26:06] PhadingFuzzy (uuid: 4150cd4b-a415-4298-bdc7-c9e330b466cc): :3
[20:26:11] Dragon2934 (uuid: 5f4a6885-835e-4444-9949-0f5e26585363): sorry dude it was me
[20:26:15] TheRealColmagi (uuid: c98c1615-0764-41e1-848d-73152bfabe94): lmao wtf
[20:26:23] TheRealColmagi (uuid: c98c1615-0764-41e1-848d-73152bfabe94): WTF
[20:26:28] TheRealColmagi (uuid: c98c1615-0764-41e1-848d-73152bfabe94): fuk off
[20:26:41] PhadingFuzzy (uuid: 4150cd4b-a415-4298-bdc7-c9e330b466cc): HAHAHHAHAHA nice prank
[20:26:46] PhadingFuzzy (uuid: 4150cd4b-a415-4298-bdc7-c9e330b466cc): WHERE THE FUCK IS MY SPAWNER?
[20:26:53] PhadingFuzzy (uuid: 4150cd4b-a415-4298-bdc7-c9e330b466cc): Where
[20:26:54] PhadingFuzzy (uuid: 4150cd4b-a415-4298-bdc7-c9e330b466cc): The
[20:26:55] PhadingFuzzy (uuid: 4150cd4b-a415-4298-bdc7-c9e330b466cc): Fuck
[20:26:56] PhadingFuzzy (uuid: 4150cd4b-a415-4298-bdc7-c9e330b466cc): Is
[20:27:00] PhadingFuzzy (uuid: 4150cd4b-a415-4298-bdc7-c9e330b466cc): My
[20:27:03] PhadingFuzzy (uuid: 4150cd4b-a415-4298-bdc7-c9e330b466cc): Spawner
[20:27:06] TheRealColmagi (uuid: c98c1615-0764-41e1-848d-73152bfabe94): did u mean to say link removed
[20:27:11] TheRealColmagi (uuid: c98c1615-0764-41e1-848d-73152bfabe94): cuz thats what it says
[20:27:13] PhadingFuzzy (uuid: 4150cd4b-a415-4298-bdc7-c9e330b466cc): No steam filters
[20:27:14] PhadingFuzzy (uuid: 4150cd4b-a415-4298-bdc7-c9e330b466cc): goo.gl/photos/MmA3nABzrEmt9NAPA
[20:27:18] TheRealColmagi (uuid: c98c1615-0764-41e1-848d-73152bfabe94): thats right suck it faggot
[20:28:43] PhadingFuzzy (uuid: 4150cd4b-a415-4298-bdc7-c9e330b466cc): James
[20:28:46] PhadingFuzzy (uuid: 4150cd4b-a415-4298-bdc7-c9e330b466cc): Did u watch it
[20:28:50] TheRealColmagi (uuid: c98c1615-0764-41e1-848d-73152bfabe94): np
[20:28:51] TheRealColmagi (uuid: c98c1615-0764-41e1-848d-73152bfabe94): no
[20:28:54] PhadingFuzzy (uuid: 4150cd4b-a415-4298-bdc7-c9e330b466cc): ...
[20:28:58] PhadingFuzzy (uuid: 4150cd4b-a415-4298-bdc7-c9e330b466cc): Watch it
[20:28:59] TheRealColmagi (uuid: c98c1615-0764-41e1-848d-73152bfabe94): i already know what it is
[20:29:01] PhadingFuzzy (uuid: 4150cd4b-a415-4298-bdc7-c9e330b466cc): What
[20:29:02] TheRealColmagi (uuid: c98c1615-0764-41e1-848d-73152bfabe94): "eric found it"
[20:29:06] TheRealColmagi (uuid: c98c1615-0764-41e1-848d-73152bfabe94): so i know what it is
[20:29:09] PhadingFuzzy (uuid: 4150cd4b-a415-4298-bdc7-c9e330b466cc): What then
[20:29:11] PhadingFuzzy (uuid: 4150cd4b-a415-4298-bdc7-c9e330b466cc): Tell me
[20:29:24] PhadingFuzzy (uuid: 4150cd4b-a415-4298-bdc7-c9e330b466cc): No
[20:29:27] TheRealColmagi (uuid: c98c1615-0764-41e1-848d-73152bfabe94): uh huh sure
[20:29:34] PhadingFuzzy (uuid: 4150cd4b-a415-4298-bdc7-c9e330b466cc): Its a compilation of camp pics
[20:29:38] PhadingFuzzy (uuid: 4150cd4b-a415-4298-bdc7-c9e330b466cc): From 5th grade
[20:29:44] TheRealColmagi (uuid: c98c1615-0764-41e1-848d-73152bfabe94): LOL WTF
[20:29:47] PhadingFuzzy (uuid: 4150cd4b-a415-4298-bdc7-c9e330b466cc): And u look especially retarded
[20:29:48] TheRealColmagi (uuid: c98c1615-0764-41e1-848d-73152bfabe94): I WAS A FAT SHIT BACK THEN
[20:29:51] Dragon2934 (uuid: 5f4a6885-835e-4444-9949-0f5e26585363): want a gift?
[20:29:51] PhadingFuzzy (uuid: 4150cd4b-a415-4298-bdc7-c9e330b466cc): yep
[20:30:03] TheRealColmagi (uuid: c98c1615-0764-41e1-848d-73152bfabe94): actually we all were
[20:30:08] TheRealColmagi (uuid: c98c1615-0764-41e1-848d-73152bfabe94): look at james li
[20:30:11] Dragon2934 (uuid: 5f4a6885-835e-4444-9949-0f5e26585363): fUZZY
[20:30:20] PhadingFuzzy (uuid: 4150cd4b-a415-4298-bdc7-c9e330b466cc): Dude the quality of the video tho
[20:30:22] TheRealColmagi (uuid: c98c1615-0764-41e1-848d-73152bfabe94): ho lee is that shashank
[20:30:25] TheRealColmagi (uuid: c98c1615-0764-41e1-848d-73152bfabe94): LMAO
[20:30:30] TheRealColmagi (uuid: c98c1615-0764-41e1-848d-73152bfabe94): WHAT THE FUUUUUUUUUUK ANDY
[20:30:31] TheRealColmagi (uuid: c98c1615-0764-41e1-848d-73152bfabe94): LOL
[20:30:33] Dragon2934 (uuid: 5f4a6885-835e-4444-9949-0f5e26585363): FUZZy
[20:30:37] TheRealColmagi (uuid: c98c1615-0764-41e1-848d-73152bfabe94): SO AUTISTIC
[20:30:40] TheRealColmagi (uuid: c98c1615-0764-41e1-848d-73152bfabe94): WHO MADE THIS
[20:30:42] PhadingFuzzy (uuid: 4150cd4b-a415-4298-bdc7-c9e330b466cc): I have a vid of andy waving around a teddy bear
[20:30:47] TheRealColmagi (uuid: c98c1615-0764-41e1-848d-73152bfabe94): I BET MY MOM MADE THIS
[20:30:47] PhadingFuzzy (uuid: 4150cd4b-a415-4298-bdc7-c9e330b466cc): Its a compilation
[20:30:55] Dragon2934 (uuid: 5f4a6885-835e-4444-9949-0f5e26585363): omg Fuzzy
[20:30:57] PhadingFuzzy (uuid: 4150cd4b-a415-4298-bdc7-c9e330b466cc): It was in google photos and google combined it all
[20:31:00] PhadingFuzzy (uuid: 4150cd4b-a415-4298-bdc7-c9e330b466cc): What
[20:31:05] Dragon2934 (uuid: 5f4a6885-835e-4444-9949-0f5e26585363): want a gift
[20:31:10] PhadingFuzzy (uuid: 4150cd4b-a415-4298-bdc7-c9e330b466cc): Stop dancing ur butt off on my house
[20:31:19] PhadingFuzzy (uuid: 4150cd4b-a415-4298-bdc7-c9e330b466cc): Im making a walmart
[20:32:41] Dragon2934 (uuid: 5f4a6885-835e-4444-9949-0f5e26585363): u want a gift
[20:32:52] TheRealColmagi (uuid: c98c1615-0764-41e1-848d-73152bfabe94): /tp ph
[20:32:53] Dragon2934 (uuid: 5f4a6885-835e-4444-9949-0f5e26585363): ?
[20:32:59] TheRealColmagi (uuid: c98c1615-0764-41e1-848d-73152bfabe94): shitty walmart
[20:33:04] PhadingFuzzy (uuid: 4150cd4b-a415-4298-bdc7-c9e330b466cc): Its not done
[20:33:09] TheRealColmagi (uuid: c98c1615-0764-41e1-848d-73152bfabe94): isnt this ur house lmao
[20:33:10] Dragon2934 (uuid: 5f4a6885-835e-4444-9949-0f5e26585363): FUZZY
[20:33:24] PhadingFuzzy (uuid: 4150cd4b-a415-4298-bdc7-c9e330b466cc): its my home fgt
[20:33:46] TheRealColmagi (uuid: c98c1615-0764-41e1-848d-73152bfabe94): nice walmart
[20:33:49] PhadingFuzzy (uuid: 4150cd4b-a415-4298-bdc7-c9e330b466cc): Yea
[20:33:51] TheRealColmagi (uuid: c98c1615-0764-41e1-848d-73152bfabe94): u can sell
[20:33:51] PhadingFuzzy (uuid: 4150cd4b-a415-4298-bdc7-c9e330b466cc): better than urs
[20:33:53] TheRealColmagi (uuid: c98c1615-0764-41e1-848d-73152bfabe94): hmm
[20:33:57] TheRealColmagi (uuid: c98c1615-0764-41e1-848d-73152bfabe94): 1 chest of stuff
[20:33:59] TheRealColmagi (uuid: c98c1615-0764-41e1-848d-73152bfabe94): also
[20:34:03] TheRealColmagi (uuid: c98c1615-0764-41e1-848d-73152bfabe94): its not my walmart
[20:34:07] TheRealColmagi (uuid: c98c1615-0764-41e1-848d-73152bfabe94): i was going to make it community
[20:34:13] TheRealColmagi (uuid: c98c1615-0764-41e1-848d-73152bfabe94): and give out shops
[20:34:17] TheRealColmagi (uuid: c98c1615-0764-41e1-848d-73152bfabe94): so everyone can have a shop in it
[20:34:24] TheRealColmagi (uuid: c98c1615-0764-41e1-848d-73152bfabe94): but since u want to make ur own go right ahead
[20:36:52] PhadingFuzzy (uuid: 4150cd4b-a415-4298-bdc7-c9e330b466cc): tpa for a walmart
[20:38:28] Dragon2934 (uuid: 5f4a6885-835e-4444-9949-0f5e26585363): XD
[20:39:13] Dragon2934 (uuid: 5f4a6885-835e-4444-9949-0f5e26585363): he look up stuff
[20:39:18] PhadingFuzzy (uuid: 4150cd4b-a415-4298-bdc7-c9e330b466cc): ?
[20:39:29] PhadingFuzzy (uuid: 4150cd4b-a415-4298-bdc7-c9e330b466cc): keep it
[20:39:38] Dragon2934 (uuid: 5f4a6885-835e-4444-9949-0f5e26585363): in other words he isnt here right now
[20:40:03] PhadingFuzzy (uuid: 4150cd4b-a415-4298-bdc7-c9e330b466cc): tpa for walmart!
[20:40:11] TheRealColmagi (uuid: c98c1615-0764-41e1-848d-73152bfabe94): he just did
[20:40:24] Dragon2934 (uuid: 5f4a6885-835e-4444-9949-0f5e26585363): i cannot read sign
[20:40:34] PhadingFuzzy (uuid: 4150cd4b-a415-4298-bdc7-c9e330b466cc): The top says PhadingFuzzy
[20:40:42] PhadingFuzzy (uuid: 4150cd4b-a415-4298-bdc7-c9e330b466cc): Right click the sign
[20:40:50] PhadingFuzzy (uuid: 4150cd4b-a415-4298-bdc7-c9e330b466cc): And you will become a walmart member
[20:41:03] Dragon2934 (uuid: 5f4a6885-835e-4444-9949-0f5e26585363): i am
[20:41:14] Dragon2934 (uuid: 5f4a6885-835e-4444-9949-0f5e26585363): sorry
[20:41:31] PhadingFuzzy (uuid: 4150cd4b-a415-4298-bdc7-c9e330b466cc): walmart is doomed
[20:42:38] PhadingFuzzy (uuid: 4150cd4b-a415-4298-bdc7-c9e330b466cc): selling essense of dragon
[20:42:53] PhadingFuzzy (uuid: 4150cd4b-a415-4298-bdc7-c9e330b466cc): Simply do /pay fuzzy 10000
[20:42:58] TheRealColmagi (uuid: c98c1615-0764-41e1-848d-73152bfabe94): stfu
[20:43:06] TheRealColmagi (uuid: c98c1615-0764-41e1-848d-73152bfabe94): scamming is a bannable offense
[20:43:07] PhadingFuzzy (uuid: 4150cd4b-a415-4298-bdc7-c9e330b466cc): its legit tho
[20:43:13] PhadingFuzzy (uuid: 4150cd4b-a415-4298-bdc7-c9e330b466cc): Its not a scam
[20:45:32] TheRealColmagi (uuid: c98c1615-0764-41e1-848d-73152bfabe94): since dragon fuked ur shit up
[20:45:41] TheRealColmagi (uuid: c98c1615-0764-41e1-848d-73152bfabe94): tell him how to rebuild ur redstone
[20:45:46] PhadingFuzzy (uuid: 4150cd4b-a415-4298-bdc7-c9e330b466cc): why
[20:45:49] TheRealColmagi (uuid: c98c1615-0764-41e1-848d-73152bfabe94): he is to follow ur every command whithin reason
[20:45:52] PhadingFuzzy (uuid: 4150cd4b-a415-4298-bdc7-c9e330b466cc): I dont want him doin shit in my home
[20:45:59] TheRealColmagi (uuid: c98c1615-0764-41e1-848d-73152bfabe94): well then how do u want repayment
[20:46:03] PhadingFuzzy (uuid: 4150cd4b-a415-4298-bdc7-c9e330b466cc): How bout u make it so admins cant acess claimed chests
[20:46:10] TheRealColmagi (uuid: c98c1615-0764-41e1-848d-73152bfabe94): cant admins just have that by default
[20:46:20] TheRealColmagi (uuid: c98c1615-0764-41e1-848d-73152bfabe94): also hes not admin hes just opped for building purposes
[20:46:33] PhadingFuzzy (uuid: 4150cd4b-a415-4298-bdc7-c9e330b466cc): What about making temporary builders ranks
[20:46:38] TheRealColmagi (uuid: c98c1615-0764-41e1-848d-73152bfabe94): no
[20:46:43] Dragon2934 (uuid: 5f4a6885-835e-4444-9949-0f5e26585363): how you ave diamonds
[20:46:44] PhadingFuzzy (uuid: 4150cd4b-a415-4298-bdc7-c9e330b466cc): That cant terraform
[20:46:50] PhadingFuzzy (uuid: 4150cd4b-a415-4298-bdc7-c9e330b466cc): I dont know
[20:46:54] PhadingFuzzy (uuid: 4150cd4b-a415-4298-bdc7-c9e330b466cc): Maybe I MINED THEM
[20:47:00] PhadingFuzzy (uuid: 4150cd4b-a415-4298-bdc7-c9e330b466cc): Woah!
[20:47:04] Dragon2934 (uuid: 5f4a6885-835e-4444-9949-0f5e26585363): s tacks o 64?
[20:47:09] Dragon2934 (uuid: 5f4a6885-835e-4444-9949-0f5e26585363): 2?
[20:47:19] Dragon2934 (uuid: 5f4a6885-835e-4444-9949-0f5e26585363): AND BLOCKS
[20:47:25] PhadingFuzzy (uuid: 4150cd4b-a415-4298-bdc7-c9e330b466cc): Shut up
[20:47:27] PhadingFuzzy (uuid: 4150cd4b-a415-4298-bdc7-c9e330b466cc): I dont have that
[20:47:57] Dragon2934 (uuid: 5f4a6885-835e-4444-9949-0f5e26585363): LOOK IN THE WALMART CHESR
[20:48:11] Dragon2934 (uuid: 5f4a6885-835e-4444-9949-0f5e26585363): HOW?
[20:50:05] PhadingFuzzy (uuid: 4150cd4b-a415-4298-bdc7-c9e330b466cc): Give me 2 redstone torches, a stack of redstone, and a redstone repeater
[20:50:14] PhadingFuzzy (uuid: 4150cd4b-a415-4298-bdc7-c9e330b466cc): and chicken spawn eggs
[20:50:29] PhadingFuzzy (uuid: 4150cd4b-a415-4298-bdc7-c9e330b466cc): And take the diamond blocks away
[20:52:17] PhadingFuzzy (uuid: 4150cd4b-a415-4298-bdc7-c9e330b466cc): and 3 sticky pistons
[20:54:45] Dragon2934 (uuid: 5f4a6885-835e-4444-9949-0f5e26585363): happy?
[20:54:48] PhadingFuzzy (uuid: 4150cd4b-a415-4298-bdc7-c9e330b466cc): no
[20:54:56] Dragon2934 (uuid: 5f4a6885-835e-4444-9949-0f5e26585363): ok what else?
[20:55:23] PhadingFuzzy (uuid: 4150cd4b-a415-4298-bdc7-c9e330b466cc): I want 900 command blocks, Every single enchantment book, A unlimited supply of spawn eggs and spawners
[20:55:28] PhadingFuzzy (uuid: 4150cd4b-a415-4298-bdc7-c9e330b466cc): And admin
[20:55:30] PhadingFuzzy (uuid: 4150cd4b-a415-4298-bdc7-c9e330b466cc): and op
[20:55:33] TheRealColmagi (uuid: c98c1615-0764-41e1-848d-73152bfabe94): stfu
[20:55:40] PhadingFuzzy (uuid: 4150cd4b-a415-4298-bdc7-c9e330b466cc): and acess to every /d option there is
[20:55:40] TheRealColmagi (uuid: c98c1615-0764-41e1-848d-73152bfabe94): within reason
[20:55:46] TheRealColmagi (uuid: c98c1615-0764-41e1-848d-73152bfabe94): so basically what u lost
[20:55:57] PhadingFuzzy (uuid: 4150cd4b-a415-4298-bdc7-c9e330b466cc): Then i want my chickens
[20:57:16] PhadingFuzzy (uuid: 4150cd4b-a415-4298-bdc7-c9e330b466cc): Oh yea
[20:57:26] PhadingFuzzy (uuid: 4150cd4b-a415-4298-bdc7-c9e330b466cc): and throw away the diamond blocks u put here
[20:57:38] Dragon2934 (uuid: 5f4a6885-835e-4444-9949-0f5e26585363): i didnt put it there
[20:57:47] Dragon2934 (uuid: 5f4a6885-835e-4444-9949-0f5e26585363): i didnt put it tere
[20:58:29] PhadingFuzzy (uuid: 4150cd4b-a415-4298-bdc7-c9e330b466cc): bye
[20:58:36] Dragon2934 (uuid: 5f4a6885-835e-4444-9949-0f5e26585363): bye
[20:58:47] Dragon2934 (uuid: 5f4a6885-835e-4444-9949-0f5e26585363): nibba
[21:39:09] TheRealColmagi (uuid: c98c1615-0764-41e1-848d-73152bfabe94): HEY
[21:39:12] TheRealColmagi (uuid: c98c1615-0764-41e1-848d-73152bfabe94): U BITCH
[22:02:58] TheRealColmagi (uuid: c98c1615-0764-41e1-848d-73152bfabe94): dragon stop trying to op fuzzy wtf
[22:03:03] TheRealColmagi (uuid: c98c1615-0764-41e1-848d-73152bfabe94): i saw u trying that
[22:03:15] Dragon2934 (uuid: 5f4a6885-835e-4444-9949-0f5e26585363): do wat
[22:03:26] Dragon2934 (uuid: 5f4a6885-835e-4444-9949-0f5e26585363): u?
[22:03:30] Dragon2934 (uuid: 5f4a6885-835e-4444-9949-0f5e26585363): what?
[22:03:42] Dragon2934 (uuid: 5f4a6885-835e-4444-9949-0f5e26585363): OOHH i wanted to see if i could
[22:03:58] PhadingFuzzy (uuid: 4150cd4b-a415-4298-bdc7-c9e330b466cc): Connected with MineChat
[22:04:01] PhadingFuzzy (uuid: 4150cd4b-a415-4298-bdc7-c9e330b466cc): hi
[22:04:07] Dragon2934 (uuid: 5f4a6885-835e-4444-9949-0f5e26585363): uh the seeds need to be more
[22:04:49] TheRealColmagi (uuid: c98c1615-0764-41e1-848d-73152bfabe94): fuzzy r u on minechat
[22:04:53] PhadingFuzzy (uuid: 4150cd4b-a415-4298-bdc7-c9e330b466cc): ya
[22:05:06] PhadingFuzzy (uuid: 4150cd4b-a415-4298-bdc7-c9e330b466cc): dad sleeps in gameroom
[22:05:19] PhadingFuzzy (uuid: 4150cd4b-a415-4298-bdc7-c9e330b466cc): where the computers aee
[22:05:21] PhadingFuzzy (uuid: 4150cd4b-a415-4298-bdc7-c9e330b466cc): are
[22:08:08] Dragon2934 (uuid: 5f4a6885-835e-4444-9949-0f5e26585363): ?
[22:08:13] PhadingFuzzy (uuid: 4150cd4b-a415-4298-bdc7-c9e330b466cc): james look on discord
[22:08:15] Dragon2934 (uuid: 5f4a6885-835e-4444-9949-0f5e26585363): YES
[22:08:28] Dragon2934 (uuid: 5f4a6885-835e-4444-9949-0f5e26585363): i got tem leg
[22:08:41] Dragon2934 (uuid: 5f4a6885-835e-4444-9949-0f5e26585363): the things
[22:08:44] TheRealColmagi (uuid: c98c1615-0764-41e1-848d-73152bfabe94): the wat
[22:08:46] Dragon2934 (uuid: 5f4a6885-835e-4444-9949-0f5e26585363): i went mining
[22:08:53] Dragon2934 (uuid: 5f4a6885-835e-4444-9949-0f5e26585363): give them back
[22:08:59] Dragon2934 (uuid: 5f4a6885-835e-4444-9949-0f5e26585363): the exp bottles
[22:09:23] Luigi_138 (uuid: da59ddb8-d4cf-42fa-a787-b311376a1a11): http://www.naughtynathan.co.uk/minecraft/prices.htm#food
[22:10:11] Dragon2934 (uuid: 5f4a6885-835e-4444-9949-0f5e26585363): i need steak
[22:10:23] Dragon2934 (uuid: 5f4a6885-835e-4444-9949-0f5e26585363): MAGI
[22:10:33] Dragon2934 (uuid: 5f4a6885-835e-4444-9949-0f5e26585363): i need steak
[22:10:39] Dragon2934 (uuid: 5f4a6885-835e-4444-9949-0f5e26585363): plz
[22:11:01] Dragon2934 (uuid: 5f4a6885-835e-4444-9949-0f5e26585363): anyone have steak?
[22:11:20] Luigi_138 (uuid: da59ddb8-d4cf-42fa-a787-b311376a1a11): i do
[22:11:26] Dragon2934 (uuid: 5f4a6885-835e-4444-9949-0f5e26585363): can i has some
[22:11:32] Dragon2934 (uuid: 5f4a6885-835e-4444-9949-0f5e26585363): thx
[22:11:37] Luigi_138 (uuid: da59ddb8-d4cf-42fa-a787-b311376a1a11): 1 sec
[22:11:39] Dragon2934 (uuid: 5f4a6885-835e-4444-9949-0f5e26585363): o nvm
[22:12:02] Dragon2934 (uuid: 5f4a6885-835e-4444-9949-0f5e26585363): lol
[22:12:42] Dragon2934 (uuid: 5f4a6885-835e-4444-9949-0f5e26585363): cool thx bro
[22:13:04] Dragon2934 (uuid: 5f4a6885-835e-4444-9949-0f5e26585363): Thx
[22:13:07] Luigi_138 (uuid: da59ddb8-d4cf-42fa-a787-b311376a1a11): np
[22:13:33] Dragon2934 (uuid: 5f4a6885-835e-4444-9949-0f5e26585363): what is warps?
[22:13:42] Dragon2934 (uuid: 5f4a6885-835e-4444-9949-0f5e26585363): you need list o warps dude
[22:14:18] Dragon2934 (uuid: 5f4a6885-835e-4444-9949-0f5e26585363): MAGI
[22:14:24] Dragon2934 (uuid: 5f4a6885-835e-4444-9949-0f5e26585363): what are warps
[22:14:31] Dragon2934 (uuid: 5f4a6885-835e-4444-9949-0f5e26585363): no but wat are they
[22:14:40] Dragon2934 (uuid: 5f4a6885-835e-4444-9949-0f5e26585363): WHAT ARE THE WARPS du,bass
[22:14:52] Dragon2934 (uuid: 5f4a6885-835e-4444-9949-0f5e26585363): TELL ME THEM
[22:15:14] Dragon2934 (uuid: 5f4a6885-835e-4444-9949-0f5e26585363): tx
[22:15:51] Dragon2934 (uuid: 5f4a6885-835e-4444-9949-0f5e26585363): you should sell netherwrack
[22:16:16] Dragon2934 (uuid: 5f4a6885-835e-4444-9949-0f5e26585363): dude
[22:17:06] Dragon2934 (uuid: 5f4a6885-835e-4444-9949-0f5e26585363): 2 DRAGONS
[22:17:23] Dragon2934 (uuid: 5f4a6885-835e-4444-9949-0f5e26585363): call him star
[22:17:56] TheRealColmagi (uuid: c98c1615-0764-41e1-848d-73152bfabe94): "give me cummies
[22:18:34] Dragon2934 (uuid: 5f4a6885-835e-4444-9949-0f5e26585363): YOUR STAR IM DRAGON
[22:18:51] Dragon2934 (uuid: 5f4a6885-835e-4444-9949-0f5e26585363): CALL HIM STAR
[22:19:50] Dragon2934 (uuid: 5f4a6885-835e-4444-9949-0f5e26585363): YOUR STAR
[22:19:58] Dragon2934 (uuid: 5f4a6885-835e-4444-9949-0f5e26585363): im dragon
[22:20:01] Dragon2934 (uuid: 5f4a6885-835e-4444-9949-0f5e26585363): yea
[22:20:13] Dragon2934 (uuid: 5f4a6885-835e-4444-9949-0f5e26585363): im also a turtle
[22:20:20] TheRealColmagi (uuid: c98c1615-0764-41e1-848d-73152bfabe94): whos been putting these damn banners that look like dicks
[22:20:28] Dragon2934 (uuid: 5f4a6885-835e-4444-9949-0f5e26585363): wheere
[22:21:00] Dragon2934 (uuid: 5f4a6885-835e-4444-9949-0f5e26585363): MAGI
[22:21:14] Dragon2934 (uuid: 5f4a6885-835e-4444-9949-0f5e26585363): MAGI
[22:21:22] Dragon2934 (uuid: 5f4a6885-835e-4444-9949-0f5e26585363): MAAAGGGGUIIII
[22:21:29] Dragon2934 (uuid: 5f4a6885-835e-4444-9949-0f5e26585363): im stcuk
[22:21:49] Dragon2934 (uuid: 5f4a6885-835e-4444-9949-0f5e26585363): cool thx bro
[22:22:06] Dragon2934 (uuid: 5f4a6885-835e-4444-9949-0f5e26585363): can i has house here
[22:22:26] Dragon2934 (uuid: 5f4a6885-835e-4444-9949-0f5e26585363): PLZ
[22:53:49] PhadingFuzzy (uuid: 4150cd4b-a415-4298-bdc7-c9e330b466cc): Connected with MineChat
[22:53:53] PhadingFuzzy (uuid: 4150cd4b-a415-4298-bdc7-c9e330b466cc): still here
[22:53:56] TheRealColmagi (uuid: c98c1615-0764-41e1-848d-73152bfabe94): r u on minechat lol
[22:53:58] PhadingFuzzy (uuid: 4150cd4b-a415-4298-bdc7-c9e330b466cc): wao
[22:54:08] PhadingFuzzy (uuid: 4150cd4b-a415-4298-bdc7-c9e330b466cc): ofc
[22:54:21] PhadingFuzzy (uuid: 4150cd4b-a415-4298-bdc7-c9e330b466cc): as i said before, dad is in gameroom
[22:56:11] PhadingFuzzy (uuid: 4150cd4b-a415-4298-bdc7-c9e330b466cc): can u read that
[22:56:19] TheRealColmagi (uuid: c98c1615-0764-41e1-848d-73152bfabe94): yes
[22:56:23] TheRealColmagi (uuid: c98c1615-0764-41e1-848d-73152bfabe94): it says "i am a black man"
[22:56:43] PhadingFuzzy (uuid: 4150cd4b-a415-4298-bdc7-c9e330b466cc): ????????
[22:57:11] TheRealColmagi (uuid: c98c1615-0764-41e1-848d-73152bfabe94): wtf
[22:57:16] TheRealColmagi (uuid: c98c1615-0764-41e1-848d-73152bfabe94): u like to suck dick
[22:57:20] TheRealColmagi (uuid: c98c1615-0764-41e1-848d-73152bfabe94): or eat dick
[22:57:21] PhadingFuzzy (uuid: 4150cd4b-a415-4298-bdc7-c9e330b466cc): ????
[22:57:41] PhadingFuzzy (uuid: 4150cd4b-a415-4298-bdc7-c9e330b466cc): i think thats rue wrong ?
[22:57:48] PhadingFuzzy (uuid: 4150cd4b-a415-4298-bdc7-c9e330b466cc): ?wrong
[22:57:51] PhadingFuzzy (uuid: 4150cd4b-a415-4298-bdc7-c9e330b466cc): wrong
[22:57:59] TheRealColmagi (uuid: c98c1615-0764-41e1-848d-73152bfabe94): 1kk
[22:58:01] TheRealColmagi (uuid: c98c1615-0764-41e1-848d-73152bfabe94): kk
[22:58:18] PhadingFuzzy (uuid: 4150cd4b-a415-4298-bdc7-c9e330b466cc): hey do u have the link still
[22:58:26] PhadingFuzzy (uuid: 4150cd4b-a415-4298-bdc7-c9e330b466cc): to the vid of camp
[22:58:32] TheRealColmagi (uuid: c98c1615-0764-41e1-848d-73152bfabe94): no
[22:58:33] PhadingFuzzy (uuid: 4150cd4b-a415-4298-bdc7-c9e330b466cc): cuz i need it
[22:58:37] PhadingFuzzy (uuid: 4150cd4b-a415-4298-bdc7-c9e330b466cc): dang
[22:58:48] PhadingFuzzy (uuid: 4150cd4b-a415-4298-bdc7-c9e330b466cc): can u find in cinsole
[22:58:51] PhadingFuzzy (uuid: 4150cd4b-a415-4298-bdc7-c9e330b466cc): console
[22:58:56] TheRealColmagi (uuid: c98c1615-0764-41e1-848d-73152bfabe94): no
[22:59:07] PhadingFuzzy (uuid: 4150cd4b-a415-4298-bdc7-c9e330b466cc): :( ok
[23:00:07] PhadingFuzzy (uuid: 4150cd4b-a415-4298-bdc7-c9e330b466cc): Oklahoma is a great opportunity to meet your family friends who have just played with your car
[23:00:25] PhadingFuzzy (uuid: 4150cd4b-a415-4298-bdc7-c9e330b466cc): well bai gonna watch more illegal shit
[23:06:25] Luigi_138 (uuid: da59ddb8-d4cf-42fa-a787-b311376a1a11): shout
[23:06:26] TheRealColmagi (uuid: c98c1615-0764-41e1-848d-73152bfabe94): do this
