[21:25:03] Hubert6194 (uuid: 1ae76006-6711-4e06-9e89-a7e9a547fbfd): FUCK THE NIGGERS
[21:25:40] iMine03 (uuid: 0f9d4172-c235-4bd2-9897-490c4a93ddfe): niggers
[21:25:41] Hubert6194 (uuid: 1ae76006-6711-4e06-9e89-a7e9a547fbfd): fuck niggers
[21:25:45] iMine03 (uuid: 0f9d4172-c235-4bd2-9897-490c4a93ddfe): i like niggers
[21:25:50] iMine03 (uuid: 0f9d4172-c235-4bd2-9897-490c4a93ddfe): fuck me
[21:32:15] TheRealColmagi (uuid: c98c1615-0764-41e1-848d-73152bfabe94): ez auts
[21:32:19] TheRealColmagi (uuid: c98c1615-0764-41e1-848d-73152bfabe94): im gay
[21:56:29] TheRealColmagi (uuid: c98c1615-0764-41e1-848d-73152bfabe94): jesosniggbro
[21:56:43] TheRealColmagi (uuid: c98c1615-0764-41e1-848d-73152bfabe94): lol
[21:58:10] TheRealColmagi (uuid: c98c1615-0764-41e1-848d-73152bfabe94): o ye
[21:58:27] TheRealColmagi (uuid: c98c1615-0764-41e1-848d-73152bfabe94): ive got aids
[21:59:27] TheRealColmagi (uuid: c98c1615-0764-41e1-848d-73152bfabe94): xtreme home makeover
[22:00:03] TheRealColmagi (uuid: c98c1615-0764-41e1-848d-73152bfabe94): nigga no
[22:10:05] TheRealColmagi (uuid: c98c1615-0764-41e1-848d-73152bfabe94): nigger
[22:25:22] iMine03 (uuid: 0f9d4172-c235-4bd2-9897-490c4a93ddfe): ill be back
[22:31:18] TheRealColmagi (uuid: c98c1615-0764-41e1-848d-73152bfabe94): nut im my mouth
[22:37:16] TheRealColmagi (uuid: c98c1615-0764-41e1-848d-73152bfabe94): I EAT JEWS
[22:54:39] TheRealColmagi (uuid: c98c1615-0764-41e1-848d-73152bfabe94): this house is AUTS
[22:54:52] TheRealColmagi (uuid: c98c1615-0764-41e1-848d-73152bfabe94): gay
[22:54:52] TheRealColmagi (uuid: c98c1615-0764-41e1-848d-73152bfabe94): gay
[22:54:53] TheRealColmagi (uuid: c98c1615-0764-41e1-848d-73152bfabe94): gay
[22:54:54] TheRealColmagi (uuid: c98c1615-0764-41e1-848d-73152bfabe94): gay
[22:54:55] TheRealColmagi (uuid: c98c1615-0764-41e1-848d-73152bfabe94): gay
[22:54:55] TheRealColmagi (uuid: c98c1615-0764-41e1-848d-73152bfabe94): gay
[22:54:56] TheRealColmagi (uuid: c98c1615-0764-41e1-848d-73152bfabe94): gay
[22:55:24] SagingTime (uuid: 6ff056fa-7851-4668-aae8-a076e2c0ad40): i love james you
[22:55:29] SagingTime (uuid: 6ff056fa-7851-4668-aae8-a076e2c0ad40): <3 fite me
[22:57:00] SagingTime (uuid: 6ff056fa-7851-4668-aae8-a076e2c0ad40): lag?
[22:57:03] iMine03 (uuid: 0f9d4172-c235-4bd2-9897-490c4a93ddfe): t
[22:57:04] TheRealColmagi (uuid: c98c1615-0764-41e1-848d-73152bfabe94): no hax
[22:57:12] TheRealColmagi (uuid: c98c1615-0764-41e1-848d-73152bfabe94): join fb call nigga
[22:57:15] SagingTime (uuid: 6ff056fa-7851-4668-aae8-a076e2c0ad40): no
[22:57:18] SagingTime (uuid: 6ff056fa-7851-4668-aae8-a076e2c0ad40): f fb
[22:57:27] SagingTime (uuid: 6ff056fa-7851-4668-aae8-a076e2c0ad40): zuckerburg can suck my cuck
[22:57:44] TheRealColmagi (uuid: c98c1615-0764-41e1-848d-73152bfabe94): xucc my xucc
[22:59:36] TheRealColmagi (uuid: c98c1615-0764-41e1-848d-73152bfabe94): lul chong afk
[22:59:38] TheRealColmagi (uuid: c98c1615-0764-41e1-848d-73152bfabe94): nvm
[22:59:43] SagingTime (uuid: 6ff056fa-7851-4668-aae8-a076e2c0ad40): brb
[22:59:46] SagingTime (uuid: 6ff056fa-7851-4668-aae8-a076e2c0ad40): helping sister
[22:59:49] TheRealColmagi (uuid: c98c1615-0764-41e1-848d-73152bfabe94): mhm
[23:00:21] TheRealColmagi (uuid: c98c1615-0764-41e1-848d-73152bfabe94): im a jew
[23:00:23] TheRealColmagi (uuid: c98c1615-0764-41e1-848d-73152bfabe94): im a jew
[23:00:26] TheRealColmagi (uuid: c98c1615-0764-41e1-848d-73152bfabe94): im a filthy
[23:00:27] TheRealColmagi (uuid: c98c1615-0764-41e1-848d-73152bfabe94): jew
[23:01:08] SagingTime (uuid: 6ff056fa-7851-4668-aae8-a076e2c0ad40): back
[23:01:10] TheRealColmagi (uuid: c98c1615-0764-41e1-848d-73152bfabe94): wb
[23:01:12] TheRealColmagi (uuid: c98c1615-0764-41e1-848d-73152bfabe94): nigGA
[23:01:18] SagingTime (uuid: 6ff056fa-7851-4668-aae8-a076e2c0ad40): so what we doing
[23:01:26] Hubert6194 (uuid: 1ae76006-6711-4e06-9e89-a7e9a547fbfd): fapping
[23:01:27] TheRealColmagi (uuid: c98c1615-0764-41e1-848d-73152bfabe94): theyre building a faggotron 900
[23:01:28] TheRealColmagi (uuid: c98c1615-0764-41e1-848d-73152bfabe94): house
[23:01:33] SagingTime (uuid: 6ff056fa-7851-4668-aae8-a076e2c0ad40): i dont have perms
[23:01:56] SagingTime (uuid: 6ff056fa-7851-4668-aae8-a076e2c0ad40): hey iMine03 can you give me perms
[23:02:01] SagingTime (uuid: 6ff056fa-7851-4668-aae8-a076e2c0ad40): wait
[23:02:03] iMine03 (uuid: 0f9d4172-c235-4bd2-9897-490c4a93ddfe): kk
[23:02:11] SagingTime (uuid: 6ff056fa-7851-4668-aae8-a076e2c0ad40): oops i destroyed these
[23:02:14] iMine03 (uuid: 0f9d4172-c235-4bd2-9897-490c4a93ddfe): hi
[23:02:24] iMine03 (uuid: 0f9d4172-c235-4bd2-9897-490c4a93ddfe): niggers
[23:02:27] iMine03 (uuid: 0f9d4172-c235-4bd2-9897-490c4a93ddfe): hi
[23:02:40] SagingTime (uuid: 6ff056fa-7851-4668-aae8-a076e2c0ad40): e doesnt let me eat
[23:02:56] TheRealColmagi (uuid: c98c1615-0764-41e1-848d-73152bfabe94): lmao wat
[23:04:54] SagingTime (uuid: 6ff056fa-7851-4668-aae8-a076e2c0ad40): help
[23:04:57] TheRealColmagi (uuid: c98c1615-0764-41e1-848d-73152bfabe94): wtf
[23:05:07] Hubert6194 (uuid: 1ae76006-6711-4e06-9e89-a7e9a547fbfd): WTF
[23:05:08] TheRealColmagi (uuid: c98c1615-0764-41e1-848d-73152bfabe94): nigga do u have a spinbot
[23:05:10] Hubert6194 (uuid: 1ae76006-6711-4e06-9e89-a7e9a547fbfd): oops caps
[23:05:15] SagingTime (uuid: 6ff056fa-7851-4668-aae8-a076e2c0ad40): no
[23:05:16] SagingTime (uuid: 6ff056fa-7851-4668-aae8-a076e2c0ad40): wait
[23:05:17] TheRealColmagi (uuid: c98c1615-0764-41e1-848d-73152bfabe94): mhm
[23:05:19] SagingTime (uuid: 6ff056fa-7851-4668-aae8-a076e2c0ad40): sens
[23:05:29] SagingTime (uuid: 6ff056fa-7851-4668-aae8-a076e2c0ad40): nvm fixed
[23:05:49] SagingTime (uuid: 6ff056fa-7851-4668-aae8-a076e2c0ad40): wtf
[23:06:07] Hubert6194 (uuid: 1ae76006-6711-4e06-9e89-a7e9a547fbfd): wait holy oops
[23:06:09] Hubert6194 (uuid: 1ae76006-6711-4e06-9e89-a7e9a547fbfd): LMAO
[23:06:12] TheRealColmagi (uuid: c98c1615-0764-41e1-848d-73152bfabe94): LOL
[23:06:17] Hubert6194 (uuid: 1ae76006-6711-4e06-9e89-a7e9a547fbfd): didn't know u were so low
[23:06:24] Hubert6194 (uuid: 1ae76006-6711-4e06-9e89-a7e9a547fbfd): didn't know u were so low LOL
[23:06:37] Hubert6194 (uuid: 1ae76006-6711-4e06-9e89-a7e9a547fbfd): put ! before ur message
[23:06:43] Hubert6194 (uuid: 1ae76006-6711-4e06-9e89-a7e9a547fbfd): put ! before ur message
[23:06:51] SagingTime (uuid: 6ff056fa-7851-4668-aae8-a076e2c0ad40): where am i
[23:06:52] TheRealColmagi (uuid: c98c1615-0764-41e1-848d-73152bfabe94): sup
[23:06:55] TheRealColmagi (uuid: c98c1615-0764-41e1-848d-73152bfabe94): ur at the village
[23:06:58] TheRealColmagi (uuid: c98c1615-0764-41e1-848d-73152bfabe94): tpa to hubert
[23:07:01] TheRealColmagi (uuid: c98c1615-0764-41e1-848d-73152bfabe94): do /tpa hubert
[23:07:11] TheRealColmagi (uuid: c98c1615-0764-41e1-848d-73152bfabe94): this is me deadass
[23:07:13] TheRealColmagi (uuid: c98c1615-0764-41e1-848d-73152bfabe94): go to hubert
[23:07:26] SagingTime (uuid: 6ff056fa-7851-4668-aae8-a076e2c0ad40): thanks
[23:09:50] SagingTime (uuid: 6ff056fa-7851-4668-aae8-a076e2c0ad40): do animals respawn
[23:11:18] TheRealColmagi (uuid: c98c1615-0764-41e1-848d-73152bfabe94): im not at the house
[23:13:10] SagingTime (uuid: 6ff056fa-7851-4668-aae8-a076e2c0ad40): hey
[23:13:15] SagingTime (uuid: 6ff056fa-7851-4668-aae8-a076e2c0ad40): who remove the dirt
[23:13:20] Hubert6194 (uuid: 1ae76006-6711-4e06-9e89-a7e9a547fbfd): mhm
[23:13:20] SagingTime (uuid: 6ff056fa-7851-4668-aae8-a076e2c0ad40): im trying to protect creepers
[23:13:26] Hubert6194 (uuid: 1ae76006-6711-4e06-9e89-a7e9a547fbfd): wut
[23:13:29] Hubert6194 (uuid: 1ae76006-6711-4e06-9e89-a7e9a547fbfd): mhm
[23:13:32] SagingTime (uuid: 6ff056fa-7851-4668-aae8-a076e2c0ad40): creepers oom
[23:13:34] SagingTime (uuid: 6ff056fa-7851-4668-aae8-a076e2c0ad40): not stuff
[23:13:41] iMine03 (uuid: 0f9d4172-c235-4bd2-9897-490c4a93ddfe): kk
[23:14:25] Hubert6194 (uuid: 1ae76006-6711-4e06-9e89-a7e9a547fbfd): curve sketching est
[23:14:28] Hubert6194 (uuid: 1ae76006-6711-4e06-9e89-a7e9a547fbfd): mhm
[23:14:30] Hubert6194 (uuid: 1ae76006-6711-4e06-9e89-a7e9a547fbfd): blow job
[23:14:31] SagingTime (uuid: 6ff056fa-7851-4668-aae8-a076e2c0ad40): fuck that
[23:14:53] SagingTime (uuid: 6ff056fa-7851-4668-aae8-a076e2c0ad40): curve sketching = find the line tangent to your curves ;)
[23:14:59] TheRealColmagi (uuid: c98c1615-0764-41e1-848d-73152bfabe94): mhm
[23:15:00] iMine03 (uuid: 0f9d4172-c235-4bd2-9897-490c4a93ddfe): concavity my ass nig
[23:15:31] Hubert6194 (uuid: 1ae76006-6711-4e06-9e89-a7e9a547fbfd): wait can i have the wood
[23:17:22] Hubert6194 (uuid: 1ae76006-6711-4e06-9e89-a7e9a547fbfd): mhm
[23:17:42] SagingTime (uuid: 6ff056fa-7851-4668-aae8-a076e2c0ad40): where did my trust go
[23:19:13] SagingTime (uuid: 6ff056fa-7851-4668-aae8-a076e2c0ad40): ahaha
[23:19:15] TheRealColmagi (uuid: c98c1615-0764-41e1-848d-73152bfabe94): lmao
[23:19:43] TheRealColmagi (uuid: c98c1615-0764-41e1-848d-73152bfabe94): nig nog
[23:19:47] SagingTime (uuid: 6ff056fa-7851-4668-aae8-a076e2c0ad40): ding dong
[23:20:16] SagingTime (uuid: 6ff056fa-7851-4668-aae8-a076e2c0ad40): bruh wtf
[23:20:20] SagingTime (uuid: 6ff056fa-7851-4668-aae8-a076e2c0ad40): invincible blocks
[23:20:44] TheRealColmagi (uuid: c98c1615-0764-41e1-848d-73152bfabe94): gay house
[23:20:45] SagingTime (uuid: 6ff056fa-7851-4668-aae8-a076e2c0ad40): help
[23:20:47] SagingTime (uuid: 6ff056fa-7851-4668-aae8-a076e2c0ad40): owner
[23:20:53] TheRealColmagi (uuid: c98c1615-0764-41e1-848d-73152bfabe94): LOL
[23:20:55] SagingTime (uuid: 6ff056fa-7851-4668-aae8-a076e2c0ad40): i cant use my hoe
[23:21:16] TheRealColmagi (uuid: c98c1615-0764-41e1-848d-73152bfabe94): lkmao rip
[23:21:32] SagingTime (uuid: 6ff056fa-7851-4668-aae8-a076e2c0ad40): bruh
[23:21:50] SagingTime (uuid: 6ff056fa-7851-4668-aae8-a076e2c0ad40): stop
[23:21:56] SagingTime (uuid: 6ff056fa-7851-4668-aae8-a076e2c0ad40): my hoes
[23:22:02] SagingTime (uuid: 6ff056fa-7851-4668-aae8-a076e2c0ad40): are bring used up
[23:22:12] SagingTime (uuid: 6ff056fa-7851-4668-aae8-a076e2c0ad40): being
[23:23:42] SagingTime (uuid: 6ff056fa-7851-4668-aae8-a076e2c0ad40): help
[23:24:21] TheRealColmagi (uuid: c98c1615-0764-41e1-848d-73152bfabe94): uh
[23:24:28] TheRealColmagi (uuid: c98c1615-0764-41e1-848d-73152bfabe94): ethan tong wants his wood back
[23:24:33] SagingTime (uuid: 6ff056fa-7851-4668-aae8-a076e2c0ad40): yeah
[23:24:37] SagingTime (uuid: 6ff056fa-7851-4668-aae8-a076e2c0ad40): im stuck
[23:24:39] SagingTime (uuid: 6ff056fa-7851-4668-aae8-a076e2c0ad40): though
[23:24:44] SagingTime (uuid: 6ff056fa-7851-4668-aae8-a076e2c0ad40): its on me
[23:24:49] SagingTime (uuid: 6ff056fa-7851-4668-aae8-a076e2c0ad40): i ethan iMine03
[23:24:52] SagingTime (uuid: 6ff056fa-7851-4668-aae8-a076e2c0ad40): is*
[23:24:55] TheRealColmagi (uuid: c98c1615-0764-41e1-848d-73152bfabe94): ye
[23:24:58] SagingTime (uuid: 6ff056fa-7851-4668-aae8-a076e2c0ad40): here ill drop it
[23:25:04] SagingTime (uuid: 6ff056fa-7851-4668-aae8-a076e2c0ad40): nvm cant
[23:25:09] SagingTime (uuid: 6ff056fa-7851-4668-aae8-a076e2c0ad40): stuck here
[23:25:10] iMine03 (uuid: 0f9d4172-c235-4bd2-9897-490c4a93ddfe): fuck u chong
[23:25:18] iMine03 (uuid: 0f9d4172-c235-4bd2-9897-490c4a93ddfe): fucking kills me
[23:25:25] iMine03 (uuid: 0f9d4172-c235-4bd2-9897-490c4a93ddfe): ur fucking gayass
[23:25:42] SagingTime (uuid: 6ff056fa-7851-4668-aae8-a076e2c0ad40): dropping it
[23:26:00] SagingTime (uuid: 6ff056fa-7851-4668-aae8-a076e2c0ad40): creePER
[23:26:42] SagingTime (uuid: 6ff056fa-7851-4668-aae8-a076e2c0ad40): howd i kil you
[23:28:57] SagingTime (uuid: 6ff056fa-7851-4668-aae8-a076e2c0ad40): help i cant drop
[23:29:02] SagingTime (uuid: 6ff056fa-7851-4668-aae8-a076e2c0ad40): nvm
[23:29:33] SagingTime (uuid: 6ff056fa-7851-4668-aae8-a076e2c0ad40): wtf
[23:30:02] SagingTime (uuid: 6ff056fa-7851-4668-aae8-a076e2c0ad40): fucking snake
[23:32:12] iMine03 (uuid: 0f9d4172-c235-4bd2-9897-490c4a93ddfe): come to me
[23:32:13] SagingTime (uuid: 6ff056fa-7851-4668-aae8-a076e2c0ad40): we're sstuck here
[23:32:46] iMine03 (uuid: 0f9d4172-c235-4bd2-9897-490c4a93ddfe): CHONG
[23:32:48] iMine03 (uuid: 0f9d4172-c235-4bd2-9897-490c4a93ddfe): COME OT ME
[23:32:55] SagingTime (uuid: 6ff056fa-7851-4668-aae8-a076e2c0ad40): ok
[23:33:07] SagingTime (uuid: 6ff056fa-7851-4668-aae8-a076e2c0ad40): gotta shower and sleep in 1 minute
[23:33:11] iMine03 (uuid: 0f9d4172-c235-4bd2-9897-490c4a93ddfe): luv u
[23:33:18] SagingTime (uuid: 6ff056fa-7851-4668-aae8-a076e2c0ad40): bruh
[23:33:21] SagingTime (uuid: 6ff056fa-7851-4668-aae8-a076e2c0ad40): snake
