[10:15:36] iMine03 (uuid: 0f9d4172-c235-4bd2-9897-490c4a93ddfe): wt
[10:15:57] TheRealColmagi (uuid: c98c1615-0764-41e1-848d-73152bfabe94): sup nigga
[10:16:10] iMine03 (uuid: 0f9d4172-c235-4bd2-9897-490c4a93ddfe): i found a shit load of coal and iron
[10:16:13] TheRealColmagi (uuid: c98c1615-0764-41e1-848d-73152bfabe94): where
[10:16:16] iMine03 (uuid: 0f9d4172-c235-4bd2-9897-490c4a93ddfe): there's gold down here ez
[10:16:18] iMine03 (uuid: 0f9d4172-c235-4bd2-9897-490c4a93ddfe): tp
[10:16:22] iMine03 (uuid: 0f9d4172-c235-4bd2-9897-490c4a93ddfe): gimme iron pick
[10:16:29] TheRealColmagi (uuid: c98c1615-0764-41e1-848d-73152bfabe94): kkk
[10:16:48] TheRealColmagi (uuid: c98c1615-0764-41e1-848d-73152bfabe94): nice house feget
[10:16:52] iMine03 (uuid: 0f9d4172-c235-4bd2-9897-490c4a93ddfe): mhm
[10:16:54] TheRealColmagi (uuid: c98c1615-0764-41e1-848d-73152bfabe94): nothing in it mhmmhm
[10:17:55] iMine03 (uuid: 0f9d4172-c235-4bd2-9897-490c4a93ddfe): i am gay
[10:17:58] TheRealColmagi (uuid: c98c1615-0764-41e1-848d-73152bfabe94): yes
[10:18:05] iMine03 (uuid: 0f9d4172-c235-4bd2-9897-490c4a93ddfe): i gas niggEEERS
[10:18:31] TheRealColmagi (uuid: c98c1615-0764-41e1-848d-73152bfabe94): imajew
[10:18:39] TheRealColmagi (uuid: c98c1615-0764-41e1-848d-73152bfabe94): EZ
[10:18:50] TheRealColmagi (uuid: c98c1615-0764-41e1-848d-73152bfabe94): gotem
[10:18:53] TheRealColmagi (uuid: c98c1615-0764-41e1-848d-73152bfabe94): 7 diamonds niqqua
[10:18:57] iMine03 (uuid: 0f9d4172-c235-4bd2-9897-490c4a93ddfe): nigga
[10:18:59] iMine03 (uuid: 0f9d4172-c235-4bd2-9897-490c4a93ddfe): n ig gaa
[10:19:04] TheRealColmagi (uuid: c98c1615-0764-41e1-848d-73152bfabe94): call me god
[10:19:30] TheRealColmagi (uuid: c98c1615-0764-41e1-848d-73152bfabe94): gonna make enchant table
[10:19:46] TheRealColmagi (uuid: c98c1615-0764-41e1-848d-73152bfabe94): im at base
[10:20:02] TheRealColmagi (uuid: c98c1615-0764-41e1-848d-73152bfabe94): shiet need obsidian
[10:20:09] TheRealColmagi (uuid: c98c1615-0764-41e1-848d-73152bfabe94): stupid nigga
[10:20:15] iMine03 (uuid: 0f9d4172-c235-4bd2-9897-490c4a93ddfe): fuck
[10:20:25] TheRealColmagi (uuid: c98c1615-0764-41e1-848d-73152bfabe94): dont hit my dog deadass
[10:20:30] iMine03 (uuid: 0f9d4172-c235-4bd2-9897-490c4a93ddfe): o shit
[10:20:34] TheRealColmagi (uuid: c98c1615-0764-41e1-848d-73152bfabe94): petas gonna get u
[10:20:40] TheRealColmagi (uuid: c98c1615-0764-41e1-848d-73152bfabe94): holy
[10:20:43] iMine03 (uuid: 0f9d4172-c235-4bd2-9897-490c4a93ddfe): got 2 full stacks of coal ez
[10:20:45] TheRealColmagi (uuid: c98c1615-0764-41e1-848d-73152bfabe94): he just wants to kill u now
[10:21:21] TheRealColmagi (uuid: c98c1615-0764-41e1-848d-73152bfabe94): gnna go to farm
[10:23:21] TheRealColmagi (uuid: c98c1615-0764-41e1-848d-73152bfabe94): hungry hungry homosexuals
[10:23:36] iMine03 (uuid: 0f9d4172-c235-4bd2-9897-490c4a93ddfe): saving somr iron armor to fap withlater
[10:23:39] TheRealColmagi (uuid: c98c1615-0764-41e1-848d-73152bfabe94): xx
[10:23:41] TheRealColmagi (uuid: c98c1615-0764-41e1-848d-73152bfabe94): kk
[10:25:31] iMine03 (uuid: 0f9d4172-c235-4bd2-9897-490c4a93ddfe): HOLY SHIT NIGERIA
[10:25:50] TheRealColmagi (uuid: c98c1615-0764-41e1-848d-73152bfabe94): bring me a bucket
[10:25:58] iMine03 (uuid: 0f9d4172-c235-4bd2-9897-490c4a93ddfe): u want me to make one?
[10:26:00] TheRealColmagi (uuid: c98c1615-0764-41e1-848d-73152bfabe94): ye
[10:26:03] TheRealColmagi (uuid: c98c1615-0764-41e1-848d-73152bfabe94): cmere nigga
[10:26:11] iMine03 (uuid: 0f9d4172-c235-4bd2-9897-490c4a93ddfe): niggggger i dont have a bucket
[10:26:14] TheRealColmagi (uuid: c98c1615-0764-41e1-848d-73152bfabe94): make one
[10:26:15] TheRealColmagi (uuid: c98c1615-0764-41e1-848d-73152bfabe94): 3 iron
[10:26:46] iMine03 (uuid: 0f9d4172-c235-4bd2-9897-490c4a93ddfe): how about i make ass instead
[10:27:10] TheRealColmagi (uuid: c98c1615-0764-41e1-848d-73152bfabe94): hello
[10:27:40] TheRealColmagi (uuid: c98c1615-0764-41e1-848d-73152bfabe94): thank
[10:27:48] iMine03 (uuid: 0f9d4172-c235-4bd2-9897-490c4a93ddfe): o shit yes
[10:27:50] iMine03 (uuid: 0f9d4172-c235-4bd2-9897-490c4a93ddfe): obsidian
[10:28:41] iMine03 (uuid: 0f9d4172-c235-4bd2-9897-490c4a93ddfe): redstone over here niggerrs
[10:28:54] TheRealColmagi (uuid: c98c1615-0764-41e1-848d-73152bfabe94): its usless
[10:30:34] iMine03 (uuid: 0f9d4172-c235-4bd2-9897-490c4a93ddfe): ez more gold
[10:31:00] iMine03 (uuid: 0f9d4172-c235-4bd2-9897-490c4a93ddfe): jesos
[10:31:02] iMine03 (uuid: 0f9d4172-c235-4bd2-9897-490c4a93ddfe): enderman
[10:31:34] TheRealColmagi (uuid: c98c1615-0764-41e1-848d-73152bfabe94): AUTIS
[10:31:35] iMine03 (uuid: 0f9d4172-c235-4bd2-9897-490c4a93ddfe): oops
[10:31:40] iMine03 (uuid: 0f9d4172-c235-4bd2-9897-490c4a93ddfe): LMAO
[10:31:48] iMine03 (uuid: 0f9d4172-c235-4bd2-9897-490c4a93ddfe): nigget
[10:31:51] iMine03 (uuid: 0f9d4172-c235-4bd2-9897-490c4a93ddfe): help me
[10:32:47] TheRealColmagi (uuid: c98c1615-0764-41e1-848d-73152bfabe94): tp here
[10:33:03] iMine03 (uuid: 0f9d4172-c235-4bd2-9897-490c4a93ddfe): ejsos lamo
[10:33:24] TheRealColmagi (uuid: c98c1615-0764-41e1-848d-73152bfabe94): ye theres ur shit
[10:33:26] iMine03 (uuid: 0f9d4172-c235-4bd2-9897-490c4a93ddfe): just keep the iron and coal
[10:33:33] TheRealColmagi (uuid: c98c1615-0764-41e1-848d-73152bfabe94): im boutta head back
[10:34:05] TheRealColmagi (uuid: c98c1615-0764-41e1-848d-73152bfabe94): cow farm when lul
[10:34:07] TheRealColmagi (uuid: c98c1615-0764-41e1-848d-73152bfabe94): we need leather
[10:34:12] TheRealColmagi (uuid: c98c1615-0764-41e1-848d-73152bfabe94): nigga trust me
[10:34:21] TheRealColmagi (uuid: c98c1615-0764-41e1-848d-73152bfabe94): jesos wtf is ur claiming
[10:34:24] TheRealColmagi (uuid: c98c1615-0764-41e1-848d-73152bfabe94): half the building is clamed
[10:34:26] TheRealColmagi (uuid: c98c1615-0764-41e1-848d-73152bfabe94): the other half isnt
[10:34:36] iMine03 (uuid: 0f9d4172-c235-4bd2-9897-490c4a93ddfe): rip too big lmfao
[10:34:40] TheRealColmagi (uuid: c98c1615-0764-41e1-848d-73152bfabe94): if u want i can claim it for u
[10:34:44] TheRealColmagi (uuid: c98c1615-0764-41e1-848d-73152bfabe94): then share with u hubert and chong
[10:34:57] iMine03 (uuid: 0f9d4172-c235-4bd2-9897-490c4a93ddfe): kk
[10:35:08] TheRealColmagi (uuid: c98c1615-0764-41e1-848d-73152bfabe94): u have to come undo ur claim
[10:36:48] TheRealColmagi (uuid: c98c1615-0764-41e1-848d-73152bfabe94): nigga whered u claim
[10:37:39] iMine03 (uuid: 0f9d4172-c235-4bd2-9897-490c4a93ddfe): niggert what u flyikng
[10:37:40] TheRealColmagi (uuid: c98c1615-0764-41e1-848d-73152bfabe94): ok there
[10:37:54] TheRealColmagi (uuid: c98c1615-0764-41e1-848d-73152bfabe94): there
[10:37:59] iMine03 (uuid: 0f9d4172-c235-4bd2-9897-490c4a93ddfe): imma bout to rape ur dog
[10:38:08] TheRealColmagi (uuid: c98c1615-0764-41e1-848d-73152bfabe94): now u have a huge ass claim
[10:38:16] iMine03 (uuid: 0f9d4172-c235-4bd2-9897-490c4a93ddfe): kk
[10:38:44] TheRealColmagi (uuid: c98c1615-0764-41e1-848d-73152bfabe94): BOOM
[10:38:55] TheRealColmagi (uuid: c98c1615-0764-41e1-848d-73152bfabe94): nigga nigga bitch nigga nigga
[10:39:00] TheRealColmagi (uuid: c98c1615-0764-41e1-848d-73152bfabe94): nigga fried chicken nigga watermleon nigga
[10:39:01] iMine03 (uuid: 0f9d4172-c235-4bd2-9897-490c4a93ddfe): fried chicken
[10:39:06] iMine03 (uuid: 0f9d4172-c235-4bd2-9897-490c4a93ddfe): nigget
[10:39:10] iMine03 (uuid: 0f9d4172-c235-4bd2-9897-490c4a93ddfe): 50 redstone wtf
[10:39:32] TheRealColmagi (uuid: c98c1615-0764-41e1-848d-73152bfabe94): BOOM
[10:39:44] iMine03 (uuid: 0f9d4172-c235-4bd2-9897-490c4a93ddfe): gimme some iron
[10:40:30] TheRealColmagi (uuid: c98c1615-0764-41e1-848d-73152bfabe94): ezx
[10:40:33] TheRealColmagi (uuid: c98c1615-0764-41e1-848d-73152bfabe94): prot 1 iron gear
[10:40:40] TheRealColmagi (uuid: c98c1615-0764-41e1-848d-73152bfabe94): im dicked out
[10:40:46] TheRealColmagi (uuid: c98c1615-0764-41e1-848d-73152bfabe94): nigga nigga bitch nigga nigga
[10:40:49] TheRealColmagi (uuid: c98c1615-0764-41e1-848d-73152bfabe94): we need books
[10:40:50] TheRealColmagi (uuid: c98c1615-0764-41e1-848d-73152bfabe94): for bookshelves
[10:41:00] TheRealColmagi (uuid: c98c1615-0764-41e1-848d-73152bfabe94): so we can get that sweet sweet level 30 enchant
[10:41:59] TheRealColmagi (uuid: c98c1615-0764-41e1-848d-73152bfabe94): we gotta kill cows nigga
[10:42:06] iMine03 (uuid: 0f9d4172-c235-4bd2-9897-490c4a93ddfe): wtf how did u enchant
[10:42:22] TheRealColmagi (uuid: c98c1615-0764-41e1-848d-73152bfabe94): cuz im god
[10:42:37] iMine03 (uuid: 0f9d4172-c235-4bd2-9897-490c4a93ddfe): WHITE WOEMN
[10:42:41] iMine03 (uuid: 0f9d4172-c235-4bd2-9897-490c4a93ddfe): tittes ass
[10:42:45] iMine03 (uuid: 0f9d4172-c235-4bd2-9897-490c4a93ddfe): tittieisiei ass
[10:42:48] TheRealColmagi (uuid: c98c1615-0764-41e1-848d-73152bfabe94): yes
[10:42:58] TheRealColmagi (uuid: c98c1615-0764-41e1-848d-73152bfabe94): nigga nigga bitch nigga nigga
[10:43:03] TheRealColmagi (uuid: c98c1615-0764-41e1-848d-73152bfabe94): nigga fried chicken nigga watermelon nigga
[10:45:48] TheRealColmagi (uuid: c98c1615-0764-41e1-848d-73152bfabe94): oh no
[10:45:52] TheRealColmagi (uuid: c98c1615-0764-41e1-848d-73152bfabe94): aaaaaaa
[10:45:57] TheRealColmagi (uuid: c98c1615-0764-41e1-848d-73152bfabe94): what happened to my rank
[10:46:02] TheRealColmagi (uuid: c98c1615-0764-41e1-848d-73152bfabe94): oh noooo
[10:46:07] TheRealColmagi (uuid: c98c1615-0764-41e1-848d-73152bfabe94): shiet
[10:46:11] TheRealColmagi (uuid: c98c1615-0764-41e1-848d-73152bfabe94): fock
[10:46:16] TheRealColmagi (uuid: c98c1615-0764-41e1-848d-73152bfabe94): uh oh
[10:46:18] TheRealColmagi (uuid: c98c1615-0764-41e1-848d-73152bfabe94): rip
[10:46:20] TheRealColmagi (uuid: c98c1615-0764-41e1-848d-73152bfabe94): LOL
[10:46:31] TheRealColmagi (uuid: c98c1615-0764-41e1-848d-73152bfabe94): im gonna yeet on u
[10:46:34] TheRealColmagi (uuid: c98c1615-0764-41e1-848d-73152bfabe94): brb
[10:47:03] TheRealColmagi (uuid: c98c1615-0764-41e1-848d-73152bfabe94): ok im back
[10:47:11] TheRealColmagi (uuid: c98c1615-0764-41e1-848d-73152bfabe94): its actually nutty the infrastructure i put on this server
[10:47:20] TheRealColmagi (uuid: c98c1615-0764-41e1-848d-73152bfabe94): if u update a rank on one server it automatically updates the other
[10:47:26] TheRealColmagi (uuid: c98c1615-0764-41e1-848d-73152bfabe94): thanks to a mysql database
[10:47:29] TheRealColmagi (uuid: c98c1615-0764-41e1-848d-73152bfabe94): oh hello
[10:47:33] iMine03 (uuid: 0f9d4172-c235-4bd2-9897-490c4a93ddfe): wut
[10:47:40] TheRealColmagi (uuid: c98c1615-0764-41e1-848d-73152bfabe94): shit wrong rank
[10:47:40] xhellsky_ (uuid: b8aef0e6-1baf-4be7-9e31-6d1a64b6afa8): who dis
[10:48:03] TheRealColmagi (uuid: c98c1615-0764-41e1-848d-73152bfabe94): xd
[10:48:13] TheRealColmagi (uuid: c98c1615-0764-41e1-848d-73152bfabe94): who dis
[10:48:21] xhellsky_ (uuid: b8aef0e6-1baf-4be7-9e31-6d1a64b6afa8): oliver
[10:48:24] TheRealColmagi (uuid: c98c1615-0764-41e1-848d-73152bfabe94): o nice
[10:48:36] TheRealColmagi (uuid: c98c1615-0764-41e1-848d-73152bfabe94): its me james
[10:48:52] TheRealColmagi (uuid: c98c1615-0764-41e1-848d-73152bfabe94): im playing with a friend
[10:48:59] TheRealColmagi (uuid: c98c1615-0764-41e1-848d-73152bfabe94): use ! before ur chat to talk in global chat
[10:49:03] TheRealColmagi (uuid: c98c1615-0764-41e1-848d-73152bfabe94): like this
[10:49:37] TheRealColmagi (uuid: c98c1615-0764-41e1-848d-73152bfabe94): try it lmao
[10:49:58] TheRealColmagi (uuid: c98c1615-0764-41e1-848d-73152bfabe94): im tryna get richie on but he doesnt want to
[10:50:27] xhellsky_ (uuid: b8aef0e6-1baf-4be7-9e31-6d1a64b6afa8): lol i havent played in so long i forgot most of the controls
[10:50:30] TheRealColmagi (uuid: c98c1615-0764-41e1-848d-73152bfabe94): rip
[10:50:39] TheRealColmagi (uuid: c98c1615-0764-41e1-848d-73152bfabe94): this is spawn ptorection
[10:50:43] TheRealColmagi (uuid: c98c1615-0764-41e1-848d-73152bfabe94): run in a random direction
[10:50:50] TheRealColmagi (uuid: c98c1615-0764-41e1-848d-73152bfabe94): once u get far enough u can build n stuff
[10:52:29] TheRealColmagi (uuid: c98c1615-0764-41e1-848d-73152bfabe94): mhm
[10:55:50] TheRealColmagi (uuid: c98c1615-0764-41e1-848d-73152bfabe94): nice base nigga
[10:56:04] TheRealColmagi (uuid: c98c1615-0764-41e1-848d-73152bfabe94): dafuq do i have to expand claim now gay
[10:56:35] iMine03 (uuid: 0f9d4172-c235-4bd2-9897-490c4a93ddfe): dw
[10:59:43] TheRealColmagi (uuid: c98c1615-0764-41e1-848d-73152bfabe94): sup nigba
[10:59:50] TheRealColmagi (uuid: c98c1615-0764-41e1-848d-73152bfabe94): get ready
[10:59:53] TheRealColmagi (uuid: c98c1615-0764-41e1-848d-73152bfabe94): some more ppl gonna join
[10:59:56] TheRealColmagi (uuid: c98c1615-0764-41e1-848d-73152bfabe94): gonna raep
[11:00:00] iMine03 (uuid: 0f9d4172-c235-4bd2-9897-490c4a93ddfe): ye lemme rapier
[11:00:05] TheRealColmagi (uuid: c98c1615-0764-41e1-848d-73152bfabe94): mhm
[11:00:08] TheRealColmagi (uuid: c98c1615-0764-41e1-848d-73152bfabe94): go fight em in pvp arena
[11:00:13] iMine03 (uuid: 0f9d4172-c235-4bd2-9897-490c4a93ddfe): kk
[11:00:28] TheRealColmagi (uuid: c98c1615-0764-41e1-848d-73152bfabe94): HAHAHAHA
[11:00:30] iMine03 (uuid: 0f9d4172-c235-4bd2-9897-490c4a93ddfe): I LIKE NIGGERSS
[11:00:33] TheRealColmagi (uuid: c98c1615-0764-41e1-848d-73152bfabe94): its the man himself
[11:00:39] TheRealColmagi (uuid: c98c1615-0764-41e1-848d-73152bfabe94): why is ur skin a rabbit
[11:00:39] chishtie2 (uuid: 020e2c77-ad6d-4696-acb3-63e8ffd58fd8): sup fool
[11:00:42] chishtie2 (uuid: 020e2c77-ad6d-4696-acb3-63e8ffd58fd8): idfk
[11:01:02] TheRealColmagi (uuid: c98c1615-0764-41e1-848d-73152bfabe94): do /tpa hellsky
[11:01:11] TheRealColmagi (uuid: c98c1615-0764-41e1-848d-73152bfabe94): i think that will tp u to oliver
[11:01:13] TheRealColmagi (uuid: c98c1615-0764-41e1-848d-73152bfabe94): if he accepts
[11:01:17] chishtie2 (uuid: 020e2c77-ad6d-4696-acb3-63e8ffd58fd8): said hes afk so idk
[11:01:20] TheRealColmagi (uuid: c98c1615-0764-41e1-848d-73152bfabe94): oof
[11:01:25] TheRealColmagi (uuid: c98c1615-0764-41e1-848d-73152bfabe94): hes gonna die
[11:01:55] TheRealColmagi (uuid: c98c1615-0764-41e1-848d-73152bfabe94): honeslty should convert my spare tower to just host my mc server
[11:02:02] TheRealColmagi (uuid: c98c1615-0764-41e1-848d-73152bfabe94): and then fuckin run it 24/7
[11:02:07] chishtie2 (uuid: 020e2c77-ad6d-4696-acb3-63e8ffd58fd8): lol
[11:02:07] TheRealColmagi (uuid: c98c1615-0764-41e1-848d-73152bfabe94): then i can play minecraft lag free
[11:02:19] chishtie2 (uuid: 020e2c77-ad6d-4696-acb3-63e8ffd58fd8): so wut do we do exactly
[11:02:25] TheRealColmagi (uuid: c98c1615-0764-41e1-848d-73152bfabe94): u play the damn game niqqua
[11:02:32] chishtie2 (uuid: 020e2c77-ad6d-4696-acb3-63e8ffd58fd8): yea but i already have shit
[11:02:36] TheRealColmagi (uuid: c98c1615-0764-41e1-848d-73152bfabe94): thats nothing
[11:02:41] TheRealColmagi (uuid: c98c1615-0764-41e1-848d-73152bfabe94): u need like top tier diamond armor
[11:03:05] TheRealColmagi (uuid: c98c1615-0764-41e1-848d-73152bfabe94): also if u want more than survival if i get enough ppl playing i can boot up the factions server
[11:03:08] TheRealColmagi (uuid: c98c1615-0764-41e1-848d-73152bfabe94): it has a much nicer spawn
[11:03:12] TheRealColmagi (uuid: c98c1615-0764-41e1-848d-73152bfabe94): but it requires a community
[11:03:16] TheRealColmagi (uuid: c98c1615-0764-41e1-848d-73152bfabe94): and rn we dont have that
[11:03:22] chishtie2 (uuid: 020e2c77-ad6d-4696-acb3-63e8ffd58fd8): isee
[11:03:39] TheRealColmagi (uuid: c98c1615-0764-41e1-848d-73152bfabe94): i think olivers gonna die LMAO
[11:04:27] xhellsky_ (uuid: b8aef0e6-1baf-4be7-9e31-6d1a64b6afa8): hi
[11:04:34] xhellsky_ (uuid: b8aef0e6-1baf-4be7-9e31-6d1a64b6afa8): chistie 2
[11:06:18] TheRealColmagi (uuid: c98c1615-0764-41e1-848d-73152bfabe94): lmao
[11:06:32] TheRealColmagi (uuid: c98c1615-0764-41e1-848d-73152bfabe94): tryna figure out how to make this old comp into a server
[11:07:29] chishtie2 (uuid: 020e2c77-ad6d-4696-acb3-63e8ffd58fd8): idk wtf to do
[11:09:16] TheRealColmagi (uuid: c98c1615-0764-41e1-848d-73152bfabe94): i dont even have a graphics card for that thing tho
[11:09:19] TheRealColmagi (uuid: c98c1615-0764-41e1-848d-73152bfabe94): oof
[11:34:36] xhellsky_ (uuid: b8aef0e6-1baf-4be7-9e31-6d1a64b6afa8): hi
[11:36:26] TheRealColmagi (uuid: c98c1615-0764-41e1-848d-73152bfabe94): wtf
[11:36:37] TheRealColmagi (uuid: c98c1615-0764-41e1-848d-73152bfabe94): what happened to zach
[11:36:45] xhellsky_ (uuid: b8aef0e6-1baf-4be7-9e31-6d1a64b6afa8): fix ur damn server
[11:36:50] TheRealColmagi (uuid: c98c1615-0764-41e1-848d-73152bfabe94): dafuq u mean
[11:37:07] xhellsky_ (uuid: b8aef0e6-1baf-4be7-9e31-6d1a64b6afa8): why cant i place blocks
[11:37:08] TheRealColmagi (uuid: c98c1615-0764-41e1-848d-73152bfabe94): why is he crashing
[11:37:13] TheRealColmagi (uuid: c98c1615-0764-41e1-848d-73152bfabe94): this is spawn protection deadass
[11:37:20] TheRealColmagi (uuid: c98c1615-0764-41e1-848d-73152bfabe94): u have to leave the generalarea to build
[11:37:32] xhellsky_ (uuid: b8aef0e6-1baf-4be7-9e31-6d1a64b6afa8): how do i do that
[11:38:20] TheRealColmagi (uuid: c98c1615-0764-41e1-848d-73152bfabe94): LOL HES BEING AUTOKICKED
[11:40:09] TheRealColmagi (uuid: c98c1615-0764-41e1-848d-73152bfabe94): lmao dude u died
[11:40:18] xhellsky_ (uuid: b8aef0e6-1baf-4be7-9e31-6d1a64b6afa8): i was stuck in the mine
[11:40:20] TheRealColmagi (uuid: c98c1615-0764-41e1-848d-73152bfabe94): rip
[11:40:25] TheRealColmagi (uuid: c98c1615-0764-41e1-848d-73152bfabe94): is this oliver or tianqi
[11:40:34] xhellsky_ (uuid: b8aef0e6-1baf-4be7-9e31-6d1a64b6afa8): Tianqi
[11:40:35] TheRealColmagi (uuid: c98c1615-0764-41e1-848d-73152bfabe94): sup ethan
[11:40:40] TheRealColmagi (uuid: c98c1615-0764-41e1-848d-73152bfabe94): ah kk
[11:40:43] iMine03 (uuid: 0f9d4172-c235-4bd2-9897-490c4a93ddfe): back from the dead nigas
[11:41:23] iMine03 (uuid: 0f9d4172-c235-4bd2-9897-490c4a93ddfe): what did i miss
[11:42:43] TheRealColmagi (uuid: c98c1615-0764-41e1-848d-73152bfabe94): LOL
[11:42:45] TheRealColmagi (uuid: c98c1615-0764-41e1-848d-73152bfabe94): LMAOOOO
[11:43:08] TheRealColmagi (uuid: c98c1615-0764-41e1-848d-73152bfabe94): nigga u aAUTS
[11:43:14] iMine03 (uuid: 0f9d4172-c235-4bd2-9897-490c4a93ddfe): there were two
[11:43:15] iMine03 (uuid: 0f9d4172-c235-4bd2-9897-490c4a93ddfe): ez
[11:43:17] TheRealColmagi (uuid: c98c1615-0764-41e1-848d-73152bfabe94): EZ
[11:43:25] TheRealColmagi (uuid: c98c1615-0764-41e1-848d-73152bfabe94): paul pogba
[11:43:27] TheRealColmagi (uuid: c98c1615-0764-41e1-848d-73152bfabe94): more like paul nigba
[11:43:31] iMine03 (uuid: 0f9d4172-c235-4bd2-9897-490c4a93ddfe): what did u fag do while i was gone
[11:43:39] TheRealColmagi (uuid: c98c1615-0764-41e1-848d-73152bfabe94): lmao going to gdyo now
[11:43:44] iMine03 (uuid: 0f9d4172-c235-4bd2-9897-490c4a93ddfe): no niggers manservant
[12:02:35] CooKooGuy (uuid: 36e0c2ea-e57d-4702-98fa-04e3c8ddd5ff): hello losers
[12:02:48] iMine03 (uuid: 0f9d4172-c235-4bd2-9897-490c4a93ddfe): i like niggers
[12:02:52] iMine03 (uuid: 0f9d4172-c235-4bd2-9897-490c4a93ddfe): i love nigg kers
[12:03:21] CooKooGuy (uuid: 36e0c2ea-e57d-4702-98fa-04e3c8ddd5ff): im stuck in the dam walls
[12:03:25] Hubert6194 (uuid: 1ae76006-6711-4e06-9e89-a7e9a547fbfd): HI FAGGOTS
[12:03:31] Hubert6194 (uuid: 1ae76006-6711-4e06-9e89-a7e9a547fbfd): HAHAHA HELLO FAGGOTARDS
[12:04:19] CooKooGuy (uuid: 36e0c2ea-e57d-4702-98fa-04e3c8ddd5ff): Im stuck inthe wall :)
[12:04:33] iMine03 (uuid: 0f9d4172-c235-4bd2-9897-490c4a93ddfe): tpa to me
[12:05:13] iMine03 (uuid: 0f9d4172-c235-4bd2-9897-490c4a93ddfe): i lost all my shit in the nether lmfao
[12:05:16] iMine03 (uuid: 0f9d4172-c235-4bd2-9897-490c4a93ddfe): help me
[12:05:17] Hubert6194 (uuid: 1ae76006-6711-4e06-9e89-a7e9a547fbfd): lmao jesus
[12:05:24] Hubert6194 (uuid: 1ae76006-6711-4e06-9e89-a7e9a547fbfd): i don't have anything either
[12:05:33] iMine03 (uuid: 0f9d4172-c235-4bd2-9897-490c4a93ddfe): at least the pigmen aren't attacking u
[12:05:38] iMine03 (uuid: 0f9d4172-c235-4bd2-9897-490c4a93ddfe): just get myshit
[12:06:01] iMine03 (uuid: 0f9d4172-c235-4bd2-9897-490c4a93ddfe): teleport to me Hubert6194
[12:06:40] iMine03 (uuid: 0f9d4172-c235-4bd2-9897-490c4a93ddfe): nigget
[12:07:22] Hubert6194 (uuid: 1ae76006-6711-4e06-9e89-a7e9a547fbfd): james afk?
[12:08:37] iMine03 (uuid: 0f9d4172-c235-4bd2-9897-490c4a93ddfe): lmao gotem
[12:08:40] iMine03 (uuid: 0f9d4172-c235-4bd2-9897-490c4a93ddfe): my stuff back
[12:08:47] iMine03 (uuid: 0f9d4172-c235-4bd2-9897-490c4a93ddfe): ra[ped those pig
[12:09:26] iMine03 (uuid: 0f9d4172-c235-4bd2-9897-490c4a93ddfe): hubert look where james is ;)
[12:09:49] iMine03 (uuid: 0f9d4172-c235-4bd2-9897-490c4a93ddfe): u see his tag?
[12:10:01] iMine03 (uuid: 0f9d4172-c235-4bd2-9897-490c4a93ddfe): wait come here
[12:10:10] Hubert6194 (uuid: 1ae76006-6711-4e06-9e89-a7e9a547fbfd): LMAO
[12:10:23] iMine03 (uuid: 0f9d4172-c235-4bd2-9897-490c4a93ddfe): fuck
[12:10:25] iMine03 (uuid: 0f9d4172-c235-4bd2-9897-490c4a93ddfe): my bad
[12:10:26] Hubert6194 (uuid: 1ae76006-6711-4e06-9e89-a7e9a547fbfd): faggot
[12:10:29] Hubert6194 (uuid: 1ae76006-6711-4e06-9e89-a7e9a547fbfd): i had stuff
[12:10:36] iMine03 (uuid: 0f9d4172-c235-4bd2-9897-490c4a93ddfe): wtf really?
[12:11:45] Hubert6194 (uuid: 1ae76006-6711-4e06-9e89-a7e9a547fbfd): EZ
[12:11:48] iMine03 (uuid: 0f9d4172-c235-4bd2-9897-490c4a93ddfe): LOL
[12:11:48] Hubert6194 (uuid: 1ae76006-6711-4e06-9e89-a7e9a547fbfd): half a heart
[12:12:57] iMine03 (uuid: 0f9d4172-c235-4bd2-9897-490c4a93ddfe): come here
[12:13:09] iMine03 (uuid: 0f9d4172-c235-4bd2-9897-490c4a93ddfe): nigga tpa
[12:13:13] iMine03 (uuid: 0f9d4172-c235-4bd2-9897-490c4a93ddfe): HUBERT
[12:13:17] iMine03 (uuid: 0f9d4172-c235-4bd2-9897-490c4a93ddfe): Hubert6194
[12:13:21] iMine03 (uuid: 0f9d4172-c235-4bd2-9897-490c4a93ddfe): Hubert6194
[12:13:29] iMine03 (uuid: 0f9d4172-c235-4bd2-9897-490c4a93ddfe): NIGGET
[12:13:48] iMine03 (uuid: 0f9d4172-c235-4bd2-9897-490c4a93ddfe): come here hubert
[12:14:47] Hubert6194 (uuid: 1ae76006-6711-4e06-9e89-a7e9a547fbfd): i need good
[12:14:51] Hubert6194 (uuid: 1ae76006-6711-4e06-9e89-a7e9a547fbfd): 4 bars of hunger left
[12:15:01] iMine03 (uuid: 0f9d4172-c235-4bd2-9897-490c4a93ddfe): wtf
[12:15:03] Hubert6194 (uuid: 1ae76006-6711-4e06-9e89-a7e9a547fbfd): holy shit nigga
[12:15:09] iMine03 (uuid: 0f9d4172-c235-4bd2-9897-490c4a93ddfe): there no more hunger
[12:15:33] Hubert6194 (uuid: 1ae76006-6711-4e06-9e89-a7e9a547fbfd): nigga wtf
[12:15:36] Hubert6194 (uuid: 1ae76006-6711-4e06-9e89-a7e9a547fbfd): my sword was new
[12:15:39] iMine03 (uuid: 0f9d4172-c235-4bd2-9897-490c4a93ddfe): nigga
[12:15:40] iMine03 (uuid: 0f9d4172-c235-4bd2-9897-490c4a93ddfe): my iron pick
[12:15:55] iMine03 (uuid: 0f9d4172-c235-4bd2-9897-490c4a93ddfe): iron pick nigget
[12:15:58] Hubert6194 (uuid: 1ae76006-6711-4e06-9e89-a7e9a547fbfd): what
[12:16:00] Hubert6194 (uuid: 1ae76006-6711-4e06-9e89-a7e9a547fbfd): i don't have one
[12:16:01] iMine03 (uuid: 0f9d4172-c235-4bd2-9897-490c4a93ddfe): nvm
[12:16:40] Hubert6194 (uuid: 1ae76006-6711-4e06-9e89-a7e9a547fbfd): LOL WTF
[13:14:22] iMine03 (uuid: 0f9d4172-c235-4bd2-9897-490c4a93ddfe): ttetaw
[13:14:34] iMine03 (uuid: 0f9d4172-c235-4bd2-9897-490c4a93ddfe): ditteroit
[13:16:07] iMine03 (uuid: 0f9d4172-c235-4bd2-9897-490c4a93ddfe): HALLO
[14:09:50] Hubert6194 (uuid: 1ae76006-6711-4e06-9e89-a7e9a547fbfd): usp faggos
[14:09:56] iMine03 (uuid: 0f9d4172-c235-4bd2-9897-490c4a93ddfe): cmere
[14:10:02] iMine03 (uuid: 0f9d4172-c235-4bd2-9897-490c4a93ddfe): tpa here niggaw
[14:10:53] iMine03 (uuid: 0f9d4172-c235-4bd2-9897-490c4a93ddfe): gimme my shit ngga
[14:10:57] Hubert6194 (uuid: 1ae76006-6711-4e06-9e89-a7e9a547fbfd): cmere
[14:11:35] iMine03 (uuid: 0f9d4172-c235-4bd2-9897-490c4a93ddfe): kk
[14:12:56] iMine03 (uuid: 0f9d4172-c235-4bd2-9897-490c4a93ddfe): faggotw
[14:13:21] Hubert6194 (uuid: 1ae76006-6711-4e06-9e89-a7e9a547fbfd): i hear gay
[14:13:26] iMine03 (uuid: 0f9d4172-c235-4bd2-9897-490c4a93ddfe): baby fag
[14:13:29] iMine03 (uuid: 0f9d4172-c235-4bd2-9897-490c4a93ddfe): baby nigg
[14:13:52] iMine03 (uuid: 0f9d4172-c235-4bd2-9897-490c4a93ddfe): e
[14:14:04] Hubert6194 (uuid: 1ae76006-6711-4e06-9e89-a7e9a547fbfd): hit em
[14:14:07] iMine03 (uuid: 0f9d4172-c235-4bd2-9897-490c4a93ddfe): mhm
[14:14:20] iMine03 (uuid: 0f9d4172-c235-4bd2-9897-490c4a93ddfe): where's the ghast nigget
[14:14:35] Hubert6194 (uuid: 1ae76006-6711-4e06-9e89-a7e9a547fbfd): u can hear it moaning that means its masturbating
[14:14:46] Hubert6194 (uuid: 1ae76006-6711-4e06-9e89-a7e9a547fbfd): nigga u auts
[14:14:48] Hubert6194 (uuid: 1ae76006-6711-4e06-9e89-a7e9a547fbfd): nigga holy
[14:14:52] Hubert6194 (uuid: 1ae76006-6711-4e06-9e89-a7e9a547fbfd): u a u t s
[14:14:56] iMine03 (uuid: 0f9d4172-c235-4bd2-9897-490c4a93ddfe): help
[14:15:01] Hubert6194 (uuid: 1ae76006-6711-4e06-9e89-a7e9a547fbfd): then they gonna cum after me
[14:15:10] Hubert6194 (uuid: 1ae76006-6711-4e06-9e89-a7e9a547fbfd): LOl
[14:15:10] iMine03 (uuid: 0f9d4172-c235-4bd2-9897-490c4a93ddfe): oops
[14:15:13] Hubert6194 (uuid: 1ae76006-6711-4e06-9e89-a7e9a547fbfd): LOL
[14:17:01] iMine03 (uuid: 0f9d4172-c235-4bd2-9897-490c4a93ddfe): ez
[14:17:04] iMine03 (uuid: 0f9d4172-c235-4bd2-9897-490c4a93ddfe): got out alive
[14:17:05] iMine03 (uuid: 0f9d4172-c235-4bd2-9897-490c4a93ddfe): one heart
[14:18:20] Hubert6194 (uuid: 1ae76006-6711-4e06-9e89-a7e9a547fbfd): JESOS
[14:18:22] iMine03 (uuid: 0f9d4172-c235-4bd2-9897-490c4a93ddfe): UR GAY
[14:18:34] Hubert6194 (uuid: 1ae76006-6711-4e06-9e89-a7e9a547fbfd): nigget u a u t s
[14:18:36] iMine03 (uuid: 0f9d4172-c235-4bd2-9897-490c4a93ddfe): mhm
[14:18:42] iMine03 (uuid: 0f9d4172-c235-4bd2-9897-490c4a93ddfe): free gold sword what u talkin about
[14:18:52] Hubert6194 (uuid: 1ae76006-6711-4e06-9e89-a7e9a547fbfd): mhm
[14:19:44] iMine03 (uuid: 0f9d4172-c235-4bd2-9897-490c4a93ddfe): a u t s
[14:19:47] Hubert6194 (uuid: 1ae76006-6711-4e06-9e89-a7e9a547fbfd): shit nigget
[14:20:11] iMine03 (uuid: 0f9d4172-c235-4bd2-9897-490c4a93ddfe): cmere
[14:21:07] iMine03 (uuid: 0f9d4172-c235-4bd2-9897-490c4a93ddfe): wait go to pvp arena
[14:21:08] iMine03 (uuid: 0f9d4172-c235-4bd2-9897-490c4a93ddfe): ez
[14:21:11] iMine03 (uuid: 0f9d4172-c235-4bd2-9897-490c4a93ddfe): warp pvp
[14:21:12] Hubert6194 (uuid: 1ae76006-6711-4e06-9e89-a7e9a547fbfd): how
[14:21:18] iMine03 (uuid: 0f9d4172-c235-4bd2-9897-490c4a93ddfe): do /warp pvp
[14:21:56] iMine03 (uuid: 0f9d4172-c235-4bd2-9897-490c4a93ddfe): faggot
[14:22:08] Hubert6194 (uuid: 1ae76006-6711-4e06-9e89-a7e9a547fbfd): nigga wtf i hutin
[14:22:30] iMine03 (uuid: 0f9d4172-c235-4bd2-9897-490c4a93ddfe): A U T S
[14:22:34] Hubert6194 (uuid: 1ae76006-6711-4e06-9e89-a7e9a547fbfd): LHA HAH A
[14:22:50] Hubert6194 (uuid: 1ae76006-6711-4e06-9e89-a7e9a547fbfd): we need fair armor
[14:22:55] iMine03 (uuid: 0f9d4172-c235-4bd2-9897-490c4a93ddfe): no armor
[14:22:58] iMine03 (uuid: 0f9d4172-c235-4bd2-9897-490c4a93ddfe): just bare fist nigget
[14:23:29] iMine03 (uuid: 0f9d4172-c235-4bd2-9897-490c4a93ddfe): a u ta
[14:23:34] iMine03 (uuid: 0f9d4172-c235-4bd2-9897-490c4a93ddfe): pushing me into the web nigget
[14:23:38] Hubert6194 (uuid: 1ae76006-6711-4e06-9e89-a7e9a547fbfd): LOL wz
[14:23:57] iMine03 (uuid: 0f9d4172-c235-4bd2-9897-490c4a93ddfe): half a heart
[14:24:02] Hubert6194 (uuid: 1ae76006-6711-4e06-9e89-a7e9a547fbfd): AYY
[14:24:04] iMine03 (uuid: 0f9d4172-c235-4bd2-9897-490c4a93ddfe): j e s o s
[14:25:26] iMine03 (uuid: 0f9d4172-c235-4bd2-9897-490c4a93ddfe): ni gga
[14:25:28] Hubert6194 (uuid: 1ae76006-6711-4e06-9e89-a7e9a547fbfd): l mao
[14:25:28] iMine03 (uuid: 0f9d4172-c235-4bd2-9897-490c4a93ddfe): hax
[14:25:35] iMine03 (uuid: 0f9d4172-c235-4bd2-9897-490c4a93ddfe): kk come home bby
[14:26:05] iMine03 (uuid: 0f9d4172-c235-4bd2-9897-490c4a93ddfe): come home nigget
[14:26:23] Hubert6194 (uuid: 1ae76006-6711-4e06-9e89-a7e9a547fbfd): wheres gaymes
[14:26:27] iMine03 (uuid: 0f9d4172-c235-4bd2-9897-490c4a93ddfe): gdyo
[14:26:31] Hubert6194 (uuid: 1ae76006-6711-4e06-9e89-a7e9a547fbfd): shit nigga
[14:27:08] Hubert6194 (uuid: 1ae76006-6711-4e06-9e89-a7e9a547fbfd): wow
[14:27:30] iMine03 (uuid: 0f9d4172-c235-4bd2-9897-490c4a93ddfe): LOL
[14:27:32] Hubert6194 (uuid: 1ae76006-6711-4e06-9e89-a7e9a547fbfd): holy shit
[14:27:39] iMine03 (uuid: 0f9d4172-c235-4bd2-9897-490c4a93ddfe): nigga u auts
[14:27:51] Hubert6194 (uuid: 1ae76006-6711-4e06-9e89-a7e9a547fbfd): lets go play a serber
[14:27:57] iMine03 (uuid: 0f9d4172-c235-4bd2-9897-490c4a93ddfe): wtf?
[14:28:02] Hubert6194 (uuid: 1ae76006-6711-4e06-9e89-a7e9a547fbfd): lmao
[14:28:05] Hubert6194 (uuid: 1ae76006-6711-4e06-9e89-a7e9a547fbfd): mineplex or some shit
[14:28:14] iMine03 (uuid: 0f9d4172-c235-4bd2-9897-490c4a93ddfe): wait go to 1.13.1 and join pwing.net
[14:28:16] iMine03 (uuid: 0f9d4172-c235-4bd2-9897-490c4a93ddfe): ez
[14:28:21] Hubert6194 (uuid: 1ae76006-6711-4e06-9e89-a7e9a547fbfd): mhm what is that
[14:28:24] iMine03 (uuid: 0f9d4172-c235-4bd2-9897-490c4a93ddfe): nic serve
[14:28:27] iMine03 (uuid: 0f9d4172-c235-4bd2-9897-490c4a93ddfe): nic server
[14:28:28] iMine03 (uuid: 0f9d4172-c235-4bd2-9897-490c4a93ddfe): NICE
[14:28:34] Hubert6194 (uuid: 1ae76006-6711-4e06-9e89-a7e9a547fbfd): mhm kk
[14:28:39] Hubert6194 (uuid: 1ae76006-6711-4e06-9e89-a7e9a547fbfd): prob some hentai serber
[14:28:46] iMine03 (uuid: 0f9d4172-c235-4bd2-9897-490c4a93ddfe): hypixel
[17:17:09] TheRealColmagi (uuid: c98c1615-0764-41e1-848d-73152bfabe94): 1sup
[17:17:10] TheRealColmagi (uuid: c98c1615-0764-41e1-848d-73152bfabe94): sup
[17:17:27] xhellsky_ (uuid: b8aef0e6-1baf-4be7-9e31-6d1a64b6afa8): hello sir
[17:17:33] xhellsky_ (uuid: b8aef0e6-1baf-4be7-9e31-6d1a64b6afa8): where is thine walmart
[17:19:23] iMine03 (uuid: 0f9d4172-c235-4bd2-9897-490c4a93ddfe): i like niggers
[17:19:31] iMine03 (uuid: 0f9d4172-c235-4bd2-9897-490c4a93ddfe): i like NIGGGGEY NIGGY NIGGERST
[17:20:04] TheRealColmagi (uuid: c98c1615-0764-41e1-848d-73152bfabe94): sup
[17:20:16] TheRealColmagi (uuid: c98c1615-0764-41e1-848d-73152bfabe94): you killed me u fuck
[17:20:23] TheRealColmagi (uuid: c98c1615-0764-41e1-848d-73152bfabe94): wtf
[17:20:34] TheRealColmagi (uuid: c98c1615-0764-41e1-848d-73152bfabe94): u can just do /warp walmart to go there
[17:21:21] TheRealColmagi (uuid: c98c1615-0764-41e1-848d-73152bfabe94): i was actually gonna give these individual shops to ppl
[17:21:28] TheRealColmagi (uuid: c98c1615-0764-41e1-848d-73152bfabe94): so that they can kinda have a marketplace
[17:21:33] TheRealColmagi (uuid: c98c1615-0764-41e1-848d-73152bfabe94): for free trade
[17:21:44] TheRealColmagi (uuid: c98c1615-0764-41e1-848d-73152bfabe94): but by this time the server had pretty much died so this is an empty mall
[17:27:21] TheRealColmagi (uuid: c98c1615-0764-41e1-848d-73152bfabe94): lul gonna go eat
[17:47:05] TheRealColmagi (uuid: c98c1615-0764-41e1-848d-73152bfabe94): sup
[17:47:13] TheRealColmagi (uuid: c98c1615-0764-41e1-848d-73152bfabe94): hi richie
[17:47:25] TheRealColmagi (uuid: c98c1615-0764-41e1-848d-73152bfabe94): how u doin
[17:47:28] epic12308 (uuid: 3622cc97-3896-4a3a-9b59-978163deea66): what do I do
[17:47:33] TheRealColmagi (uuid: c98c1615-0764-41e1-848d-73152bfabe94): u play the game lmAO
[17:47:40] TheRealColmagi (uuid: c98c1615-0764-41e1-848d-73152bfabe94): try doing /tpa xhellsky
[17:47:46] TheRealColmagi (uuid: c98c1615-0764-41e1-848d-73152bfabe94): thats either tianqi or oliver
[17:47:48] TheRealColmagi (uuid: c98c1615-0764-41e1-848d-73152bfabe94): idk which one
[17:47:53] TheRealColmagi (uuid: c98c1615-0764-41e1-848d-73152bfabe94): nvm he just died
[17:47:55] epic12308 (uuid: 3622cc97-3896-4a3a-9b59-978163deea66): lmao
[17:47:56] xhellsky_ (uuid: b8aef0e6-1baf-4be7-9e31-6d1a64b6afa8): rip
[17:48:01] TheRealColmagi (uuid: c98c1615-0764-41e1-848d-73152bfabe94): is this tianqi or oliver
[17:48:04] xhellsky_ (uuid: b8aef0e6-1baf-4be7-9e31-6d1a64b6afa8): tianqi
[17:48:07] TheRealColmagi (uuid: c98c1615-0764-41e1-848d-73152bfabe94): ok
[17:48:12] TheRealColmagi (uuid: c98c1615-0764-41e1-848d-73152bfabe94): i think u still have a starter kit
[17:48:13] xhellsky_ (uuid: b8aef0e6-1baf-4be7-9e31-6d1a64b6afa8): how do i get my starter shit back
[17:48:19] TheRealColmagi (uuid: c98c1615-0764-41e1-848d-73152bfabe94): so if u do /kit starter u can get it again
[17:48:34] TheRealColmagi (uuid: c98c1615-0764-41e1-848d-73152bfabe94): it refreshes every 24 hrs i think
[17:48:41] epic12308 (uuid: 3622cc97-3896-4a3a-9b59-978163deea66): how do I upgrade weapons
[17:48:53] TheRealColmagi (uuid: c98c1615-0764-41e1-848d-73152bfabe94): u guys do u know u can set homes right
[17:49:01] TheRealColmagi (uuid: c98c1615-0764-41e1-848d-73152bfabe94): like do /sethome and then u can tp back anytime u want
[17:49:36] epic12308 (uuid: 3622cc97-3896-4a3a-9b59-978163deea66): why can't I break anything
[17:49:41] TheRealColmagi (uuid: c98c1615-0764-41e1-848d-73152bfabe94): spawn protection
[17:49:46] TheRealColmagi (uuid: c98c1615-0764-41e1-848d-73152bfabe94): u have to leave
[17:49:49] TheRealColmagi (uuid: c98c1615-0764-41e1-848d-73152bfabe94): in order to build
[17:51:09] xhellsky_ (uuid: b8aef0e6-1baf-4be7-9e31-6d1a64b6afa8): i suck at this game
[17:51:13] TheRealColmagi (uuid: c98c1615-0764-41e1-848d-73152bfabe94): why r u guys so bad at the game
[17:51:23] epic12308 (uuid: 3622cc97-3896-4a3a-9b59-978163deea66): how far do I have to go
[17:51:26] TheRealColmagi (uuid: c98c1615-0764-41e1-848d-73152bfabe94): not far
[17:51:41] TheRealColmagi (uuid: c98c1615-0764-41e1-848d-73152bfabe94): like build a house or something
[17:51:45] TheRealColmagi (uuid: c98c1615-0764-41e1-848d-73152bfabe94): so u stop dying LOL
[17:51:51] epic12308 (uuid: 3622cc97-3896-4a3a-9b59-978163deea66): what about to mine
[17:51:55] TheRealColmagi (uuid: c98c1615-0764-41e1-848d-73152bfabe94): put on ur armor
[17:52:35] TheRealColmagi (uuid: c98c1615-0764-41e1-848d-73152bfabe94): rain lags me tf out
[17:52:55] TheRealColmagi (uuid: c98c1615-0764-41e1-848d-73152bfabe94): its tpa
[17:53:01] TheRealColmagi (uuid: c98c1615-0764-41e1-848d-73152bfabe94): do /tpa
[17:53:08] TheRealColmagi (uuid: c98c1615-0764-41e1-848d-73152bfabe94): to request tp
[17:53:13] TheRealColmagi (uuid: c98c1615-0764-41e1-848d-73152bfabe94): oh look who it is
[17:53:15] TheRealColmagi (uuid: c98c1615-0764-41e1-848d-73152bfabe94): gay carl
[17:53:18] iMine03 (uuid: 0f9d4172-c235-4bd2-9897-490c4a93ddfe): i like niggerts
[17:53:51] TheRealColmagi (uuid: c98c1615-0764-41e1-848d-73152bfabe94): wheres my shit
[17:54:05] iMine03 (uuid: 0f9d4172-c235-4bd2-9897-490c4a93ddfe): niggae told u i died like a million times
[17:54:12] TheRealColmagi (uuid: c98c1615-0764-41e1-848d-73152bfabe94): whyd u kill me auts
[17:54:13] iMine03 (uuid: 0f9d4172-c235-4bd2-9897-490c4a93ddfe): u can have my shit
[17:54:35] TheRealColmagi (uuid: c98c1615-0764-41e1-848d-73152bfabe94): i dont need ur shit
[17:54:43] iMine03 (uuid: 0f9d4172-c235-4bd2-9897-490c4a93ddfe): kk dad
[17:54:49] iMine03 (uuid: 0f9d4172-c235-4bd2-9897-490c4a93ddfe): wtf is this place
[17:54:51] epic12308 (uuid: 3622cc97-3896-4a3a-9b59-978163deea66): how to you set a house perimeter
[17:55:05] chishtie2 (uuid: 020e2c77-ad6d-4696-acb3-63e8ffd58fd8): hola
[17:55:06] iMine03 (uuid: 0f9d4172-c235-4bd2-9897-490c4a93ddfe): ALL HAIL NIGGERTS
[17:55:11] iMine03 (uuid: 0f9d4172-c235-4bd2-9897-490c4a93ddfe): i gas ze jew
[17:55:21] TheRealColmagi (uuid: c98c1615-0764-41e1-848d-73152bfabe94): dude talk in global chat
[17:55:22] xhellsky_ (uuid: b8aef0e6-1baf-4be7-9e31-6d1a64b6afa8): very cool
[17:55:43] chishtie2 (uuid: 020e2c77-ad6d-4696-acb3-63e8ffd58fd8): wait so whos down for the 1 hour build thing
[17:56:16] epic12308 (uuid: 3622cc97-3896-4a3a-9b59-978163deea66): fahad where you at
[17:57:12] epic12308 (uuid: 3622cc97-3896-4a3a-9b59-978163deea66): also how do you make something your house
[17:59:24] TheRealColmagi (uuid: c98c1615-0764-41e1-848d-73152bfabe94): wtf
[17:59:33] xhellsky_ (uuid: b8aef0e6-1baf-4be7-9e31-6d1a64b6afa8): haha
[17:59:42] TheRealColmagi (uuid: c98c1615-0764-41e1-848d-73152bfabe94): ok there
[17:59:45] TheRealColmagi (uuid: c98c1615-0764-41e1-848d-73152bfabe94): whered fahad go
[18:03:05] TheRealColmagi (uuid: c98c1615-0764-41e1-848d-73152bfabe94): now i realize i dont have half my kits set up for my ranks
[18:07:07] TheRealColmagi (uuid: c98c1615-0764-41e1-848d-73152bfabe94): im at spawn
[18:07:08] TheRealColmagi (uuid: c98c1615-0764-41e1-848d-73152bfabe94): apse
[18:07:14] iMine03 (uuid: 0f9d4172-c235-4bd2-9897-490c4a93ddfe): nigga where
[18:07:16] iMine03 (uuid: 0f9d4172-c235-4bd2-9897-490c4a93ddfe): nigget where
[18:07:18] TheRealColmagi (uuid: c98c1615-0764-41e1-848d-73152bfabe94): right here
[18:07:23] TheRealColmagi (uuid: c98c1615-0764-41e1-848d-73152bfabe94): can u not see me
[18:08:03] iMine03 (uuid: 0f9d4172-c235-4bd2-9897-490c4a93ddfe): come to opti
[18:08:56] iMine03 (uuid: 0f9d4172-c235-4bd2-9897-490c4a93ddfe): jesos
[18:08:56] TheRealColmagi (uuid: c98c1615-0764-41e1-848d-73152bfabe94): wot u odin
[18:09:14] TheRealColmagi (uuid: c98c1615-0764-41e1-848d-73152bfabe94): i like allah
[18:09:15] iMine03 (uuid: 0f9d4172-c235-4bd2-9897-490c4a93ddfe): fuk
[18:09:42] iMine03 (uuid: 0f9d4172-c235-4bd2-9897-490c4a93ddfe): jesos
[18:09:46] iMine03 (uuid: 0f9d4172-c235-4bd2-9897-490c4a93ddfe): three of them followed me
[18:09:49] TheRealColmagi (uuid: c98c1615-0764-41e1-848d-73152bfabe94): LOL
[18:09:51] iMine03 (uuid: 0f9d4172-c235-4bd2-9897-490c4a93ddfe): kill em
[18:10:18] TheRealColmagi (uuid: c98c1615-0764-41e1-848d-73152bfabe94): die filthy niggets
[18:10:26] TheRealColmagi (uuid: c98c1615-0764-41e1-848d-73152bfabe94): a spoil of war
[18:10:29] iMine03 (uuid: 0f9d4172-c235-4bd2-9897-490c4a93ddfe): wtf how did u get back ur stuff
[18:10:35] TheRealColmagi (uuid: c98c1615-0764-41e1-848d-73152bfabe94): its a kit
[18:10:39] iMine03 (uuid: 0f9d4172-c235-4bd2-9897-490c4a93ddfe): oh kk
[18:10:50] iMine03 (uuid: 0f9d4172-c235-4bd2-9897-490c4a93ddfe): im goin home
[18:11:01] TheRealColmagi (uuid: c98c1615-0764-41e1-848d-73152bfabe94): jesos gotta mine all our shit back
[18:11:25] iMine03 (uuid: 0f9d4172-c235-4bd2-9897-490c4a93ddfe): still got like 5 stacks of coal no worries
[18:11:38] TheRealColmagi (uuid: c98c1615-0764-41e1-848d-73152bfabe94): mhm
[18:11:48] TheRealColmagi (uuid: c98c1615-0764-41e1-848d-73152bfabe94): i should just give u elite lmao
[18:11:53] TheRealColmagi (uuid: c98c1615-0764-41e1-848d-73152bfabe94): ur the only nigga who even stays on the server
[18:12:01] iMine03 (uuid: 0f9d4172-c235-4bd2-9897-490c4a93ddfe): ez
[18:12:26] TheRealColmagi (uuid: c98c1615-0764-41e1-848d-73152bfabe94): there
[18:12:29] iMine03 (uuid: 0f9d4172-c235-4bd2-9897-490c4a93ddfe): kk
[18:12:31] TheRealColmagi (uuid: c98c1615-0764-41e1-848d-73152bfabe94): welcome to the aristocracy
[18:12:45] iMine03 (uuid: 0f9d4172-c235-4bd2-9897-490c4a93ddfe): john locker niggersa
[18:12:51] iMine03 (uuid: 0f9d4172-c235-4bd2-9897-490c4a93ddfe): let's fap
[18:12:51] TheRealColmagi (uuid: c98c1615-0764-41e1-848d-73152bfabe94): lemme see what new commands u can use
[18:13:05] iMine03 (uuid: 0f9d4172-c235-4bd2-9897-490c4a93ddfe): oh ez
[18:13:09] iMine03 (uuid: 0f9d4172-c235-4bd2-9897-490c4a93ddfe): i can go back
[18:13:31] TheRealColmagi (uuid: c98c1615-0764-41e1-848d-73152bfabe94): u can now do /afk
[18:13:34] TheRealColmagi (uuid: c98c1615-0764-41e1-848d-73152bfabe94): and /back
[18:13:36] TheRealColmagi (uuid: c98c1615-0764-41e1-848d-73152bfabe94): and /compass
[18:13:44] TheRealColmagi (uuid: c98c1615-0764-41e1-848d-73152bfabe94): uh u can set multiple homes now
[18:13:47] TheRealColmagi (uuid: c98c1615-0764-41e1-848d-73152bfabe94): and do /kit wood
[18:13:48] iMine03 (uuid: 0f9d4172-c235-4bd2-9897-490c4a93ddfe): e z
[18:13:59] TheRealColmagi (uuid: c98c1615-0764-41e1-848d-73152bfabe94): u can also do /tpahere
[18:14:03] TheRealColmagi (uuid: c98c1615-0764-41e1-848d-73152bfabe94): which tps ppl to u
[18:14:10] iMine03 (uuid: 0f9d4172-c235-4bd2-9897-490c4a93ddfe): nutty
[18:14:11] TheRealColmagi (uuid: c98c1615-0764-41e1-848d-73152bfabe94): and then u can do /workbench
[18:14:14] TheRealColmagi (uuid: c98c1615-0764-41e1-848d-73152bfabe94): or /craft
[18:14:14] iMine03 (uuid: 0f9d4172-c235-4bd2-9897-490c4a93ddfe): nut e
[18:14:21] TheRealColmagi (uuid: c98c1615-0764-41e1-848d-73152bfabe94): and then u can do /near
[18:14:27] TheRealColmagi (uuid: c98c1615-0764-41e1-848d-73152bfabe94): which displays ppl around you
[18:16:17] iMine03 (uuid: 0f9d4172-c235-4bd2-9897-490c4a93ddfe): bruh
[18:16:29] TheRealColmagi (uuid: c98c1615-0764-41e1-848d-73152bfabe94): wot
[18:16:51] iMine03 (uuid: 0f9d4172-c235-4bd2-9897-490c4a93ddfe): u gonna do something
[18:16:57] TheRealColmagi (uuid: c98c1615-0764-41e1-848d-73152bfabe94): nigga
[18:17:05] TheRealColmagi (uuid: c98c1615-0764-41e1-848d-73152bfabe94): reading up on the ranks i made
[18:17:06] iMine03 (uuid: 0f9d4172-c235-4bd2-9897-490c4a93ddfe): bitch nigga nigga e
[18:17:34] TheRealColmagi (uuid: c98c1615-0764-41e1-848d-73152bfabe94): ok so as u go up in rank u can set more homes as well
[18:17:53] TheRealColmagi (uuid: c98c1615-0764-41e1-848d-73152bfabe94): niggha
[18:18:09] TheRealColmagi (uuid: c98c1615-0764-41e1-848d-73152bfabe94): im gonna go make an elite kit lmao
[18:18:13] TheRealColmagi (uuid: c98c1615-0764-41e1-848d-73152bfabe94): so u can spawn in that shit
[18:18:16] TheRealColmagi (uuid: c98c1615-0764-41e1-848d-73152bfabe94): cuz rn i dont have one made
[18:22:17] TheRealColmagi (uuid: c98c1615-0764-41e1-848d-73152bfabe94): wait the legend kit is so busted
[18:22:21] TheRealColmagi (uuid: c98c1615-0764-41e1-848d-73152bfabe94): LOL
[18:23:44] iMine03 (uuid: 0f9d4172-c235-4bd2-9897-490c4a93ddfe): wait holy
[18:23:49] TheRealColmagi (uuid: c98c1615-0764-41e1-848d-73152bfabe94): dude
[18:23:51] iMine03 (uuid: 0f9d4172-c235-4bd2-9897-490c4a93ddfe): i just stumbled upon
[18:23:54] TheRealColmagi (uuid: c98c1615-0764-41e1-848d-73152bfabe94): put a goddamn ! before ur chat
[18:23:57] TheRealColmagi (uuid: c98c1615-0764-41e1-848d-73152bfabe94): to talk in global
[18:24:00] iMine03 (uuid: 0f9d4172-c235-4bd2-9897-490c4a93ddfe): an unclaimed
[18:24:04] iMine03 (uuid: 0f9d4172-c235-4bd2-9897-490c4a93ddfe): piece of land
[18:24:08] iMine03 (uuid: 0f9d4172-c235-4bd2-9897-490c4a93ddfe): with a lot of shit in it
[18:24:13] TheRealColmagi (uuid: c98c1615-0764-41e1-848d-73152bfabe94): i dont want to keep checking console
[18:24:16] iMine03 (uuid: 0f9d4172-c235-4bd2-9897-490c4a93ddfe): hi
[18:24:20] TheRealColmagi (uuid: c98c1615-0764-41e1-848d-73152bfabe94): ye now i can see it
[18:24:23] iMine03 (uuid: 0f9d4172-c235-4bd2-9897-490c4a93ddfe): niggers
[18:24:50] TheRealColmagi (uuid: c98c1615-0764-41e1-848d-73152bfabe94): this is the blown up mountain
[18:24:58] TheRealColmagi (uuid: c98c1615-0764-41e1-848d-73152bfabe94): this used to be an underground base
[18:25:52] TheRealColmagi (uuid: c98c1615-0764-41e1-848d-73152bfabe94): i knew the 2 kids who made this base
[18:25:57] TheRealColmagi (uuid: c98c1615-0764-41e1-848d-73152bfabe94): and would go on to blow it up
[18:26:07] TheRealColmagi (uuid: c98c1615-0764-41e1-848d-73152bfabe94): they paid me tf2 tiems
[18:26:09] TheRealColmagi (uuid: c98c1615-0764-41e1-848d-73152bfabe94): *items
[18:26:14] TheRealColmagi (uuid: c98c1615-0764-41e1-848d-73152bfabe94): and i gave em legend rank
[18:26:47] TheRealColmagi (uuid: c98c1615-0764-41e1-848d-73152bfabe94): brb takin a shit
[18:26:51] iMine03 (uuid: 0f9d4172-c235-4bd2-9897-490c4a93ddfe): mhm
[18:46:11] TheRealColmagi (uuid: c98c1615-0764-41e1-848d-73152bfabe94): stick bitch
[18:46:17] TheRealColmagi (uuid: c98c1615-0764-41e1-848d-73152bfabe94): why r uf ags so bad at the game
[18:46:36] TheRealColmagi (uuid: c98c1615-0764-41e1-848d-73152bfabe94): every time i come back yall niggas die somehow
[18:47:05] TheRealColmagi (uuid: c98c1615-0764-41e1-848d-73152bfabe94): why my dog here
[18:47:08] iMine03 (uuid: 0f9d4172-c235-4bd2-9897-490c4a93ddfe): idk
[18:49:20] TheRealColmagi (uuid: c98c1615-0764-41e1-848d-73152bfabe94): niqqqua wat
[18:50:11] TheRealColmagi (uuid: c98c1615-0764-41e1-848d-73152bfabe94): dont u need water
[18:50:14] TheRealColmagi (uuid: c98c1615-0764-41e1-848d-73152bfabe94): deadass
[18:50:18] TheRealColmagi (uuid: c98c1615-0764-41e1-848d-73152bfabe94): u need water
[18:50:20] TheRealColmagi (uuid: c98c1615-0764-41e1-848d-73152bfabe94): or it dries out
[18:50:25] iMine03 (uuid: 0f9d4172-c235-4bd2-9897-490c4a93ddfe): o oops
[18:50:29] iMine03 (uuid: 0f9d4172-c235-4bd2-9897-490c4a93ddfe): i was trolling dw
[18:50:32] TheRealColmagi (uuid: c98c1615-0764-41e1-848d-73152bfabe94): mHM
[18:51:32] TheRealColmagi (uuid: c98c1615-0764-41e1-848d-73152bfabe94): nigga
[18:51:34] TheRealColmagi (uuid: c98c1615-0764-41e1-848d-73152bfabe94): im right here
[18:51:35] iMine03 (uuid: 0f9d4172-c235-4bd2-9897-490c4a93ddfe): oops
[18:51:51] iMine03 (uuid: 0f9d4172-c235-4bd2-9897-490c4a93ddfe): what should we even do
[18:51:56] TheRealColmagi (uuid: c98c1615-0764-41e1-848d-73152bfabe94): expand ig
[18:51:58] TheRealColmagi (uuid: c98c1615-0764-41e1-848d-73152bfabe94): get our shit back
[18:52:40] TheRealColmagi (uuid: c98c1615-0764-41e1-848d-73152bfabe94): im working on the server itself
[18:53:11] iMine03 (uuid: 0f9d4172-c235-4bd2-9897-490c4a93ddfe): cmon
[18:53:13] TheRealColmagi (uuid: c98c1615-0764-41e1-848d-73152bfabe94): wot
[18:54:50] TheRealColmagi (uuid: c98c1615-0764-41e1-848d-73152bfabe94): mine in another direction
[18:55:10] iMine03 (uuid: 0f9d4172-c235-4bd2-9897-490c4a93ddfe): niqqa my pick bouta break
[18:55:18] iMine03 (uuid: 0f9d4172-c235-4bd2-9897-490c4a93ddfe): nigga
[18:55:22] iMine03 (uuid: 0f9d4172-c235-4bd2-9897-490c4a93ddfe): fuck me pls
[18:55:23] TheRealColmagi (uuid: c98c1615-0764-41e1-848d-73152bfabe94): EZ
[18:55:35] iMine03 (uuid: 0f9d4172-c235-4bd2-9897-490c4a93ddfe): my pick
[18:55:35] TheRealColmagi (uuid: c98c1615-0764-41e1-848d-73152bfabe94): 8 diamonds
[18:55:38] TheRealColmagi (uuid: c98c1615-0764-41e1-848d-73152bfabe94): we back boys
[18:55:38] iMine03 (uuid: 0f9d4172-c235-4bd2-9897-490c4a93ddfe):  bouta break
[18:55:40] TheRealColmagi (uuid: c98c1615-0764-41e1-848d-73152bfabe94): 8 diamonds
[18:55:41] iMine03 (uuid: 0f9d4172-c235-4bd2-9897-490c4a93ddfe): nigga wot
[18:56:22] TheRealColmagi (uuid: c98c1615-0764-41e1-848d-73152bfabe94): niqqua
[18:56:49] TheRealColmagi (uuid: c98c1615-0764-41e1-848d-73152bfabe94): fker
[18:56:59] iMine03 (uuid: 0f9d4172-c235-4bd2-9897-490c4a93ddfe): ily
[18:57:02] iMine03 (uuid: 0f9d4172-c235-4bd2-9897-490c4a93ddfe): i am gay
[18:57:10] TheRealColmagi (uuid: c98c1615-0764-41e1-848d-73152bfabe94): i agree
[18:57:19] iMine03 (uuid: 0f9d4172-c235-4bd2-9897-490c4a93ddfe): HUBERT RETARDEDNIGGGER61
[18:57:46] TheRealColmagi (uuid: c98c1615-0764-41e1-848d-73152bfabe94): nigger
[18:57:50] TheRealColmagi (uuid: c98c1615-0764-41e1-848d-73152bfabe94): if u have nothing to do go home
[18:58:00] iMine03 (uuid: 0f9d4172-c235-4bd2-9897-490c4a93ddfe): im here to bang u niggers
[18:58:38] iMine03 (uuid: 0f9d4172-c235-4bd2-9897-490c4a93ddfe): HOLY
[18:58:41] iMine03 (uuid: 0f9d4172-c235-4bd2-9897-490c4a93ddfe): HOLT
[18:59:21] TheRealColmagi (uuid: c98c1615-0764-41e1-848d-73152bfabe94): i made u a pick
[18:59:37] iMine03 (uuid: 0f9d4172-c235-4bd2-9897-490c4a93ddfe): kk
[18:59:40] iMine03 (uuid: 0f9d4172-c235-4bd2-9897-490c4a93ddfe): kk
[18:59:46] iMine03 (uuid: 0f9d4172-c235-4bd2-9897-490c4a93ddfe): there's gold
[18:59:49] iMine03 (uuid: 0f9d4172-c235-4bd2-9897-490c4a93ddfe): over here
[18:59:57] TheRealColmagi (uuid: c98c1615-0764-41e1-848d-73152bfabe94): ok fuck off
[19:00:11] iMine03 (uuid: 0f9d4172-c235-4bd2-9897-490c4a93ddfe): seriously tho
[19:00:17] iMine03 (uuid: 0f9d4172-c235-4bd2-9897-490c4a93ddfe): u should take the gold
[19:01:29] iMine03 (uuid: 0f9d4172-c235-4bd2-9897-490c4a93ddfe): nice dick
[19:01:40] TheRealColmagi (uuid: c98c1615-0764-41e1-848d-73152bfabe94): thanks homo
[19:02:57] iMine03 (uuid: 0f9d4172-c235-4bd2-9897-490c4a93ddfe): niggert 6 gold lemme give u shit
[19:03:15] TheRealColmagi (uuid: c98c1615-0764-41e1-848d-73152bfabe94): ok
[19:04:30] iMine03 (uuid: 0f9d4172-c235-4bd2-9897-490c4a93ddfe): u misssed the gold up here lmao
[19:04:38] TheRealColmagi (uuid: c98c1615-0764-41e1-848d-73152bfabe94): oh
[19:05:16] TheRealColmagi (uuid: c98c1615-0764-41e1-848d-73152bfabe94): oh i know
[19:05:22] TheRealColmagi (uuid: c98c1615-0764-41e1-848d-73152bfabe94): i should sell ranks for gold blocks
[19:05:30] TheRealColmagi (uuid: c98c1615-0764-41e1-848d-73152bfabe94): so once u show me u have enough gold blocks i boost ur rank
[19:05:39] TheRealColmagi (uuid: c98c1615-0764-41e1-848d-73152bfabe94): and then u can also choose to buy gold from the shop
[19:05:44] TheRealColmagi (uuid: c98c1615-0764-41e1-848d-73152bfabe94): so u can either mine the gold urself
[19:05:54] TheRealColmagi (uuid: c98c1615-0764-41e1-848d-73152bfabe94): or get ppl to buy shit from u to get money to buy the gold
[19:05:58] TheRealColmagi (uuid: c98c1615-0764-41e1-848d-73152bfabe94): 2 million iq eh
[19:06:02] iMine03 (uuid: 0f9d4172-c235-4bd2-9897-490c4a93ddfe): brilliant idea james-ah
[19:07:17] TheRealColmagi (uuid: c98c1615-0764-41e1-848d-73152bfabe94): lmao auts
[19:07:20] TheRealColmagi (uuid: c98c1615-0764-41e1-848d-73152bfabe94): auts
[19:09:26] iMine03 (uuid: 0f9d4172-c235-4bd2-9897-490c4a93ddfe): fuck off niggawe
[19:09:40] TheRealColmagi (uuid: c98c1615-0764-41e1-848d-73152bfabe94): u can make a shield
[19:09:53] TheRealColmagi (uuid: c98c1615-0764-41e1-848d-73152bfabe94): blocks arrows
[19:10:08] iMine03 (uuid: 0f9d4172-c235-4bd2-9897-490c4a93ddfe): warp pvp niqqa fuck fight me'ww
[19:10:30] iMine03 (uuid: 0f9d4172-c235-4bd2-9897-490c4a93ddfe): now
[19:11:06] iMine03 (uuid: 0f9d4172-c235-4bd2-9897-490c4a93ddfe): ALPINE
[19:11:08] iMine03 (uuid: 0f9d4172-c235-4bd2-9897-490c4a93ddfe): HOLY
[19:11:09] TheRealColmagi (uuid: c98c1615-0764-41e1-848d-73152bfabe94): apse
[19:11:15] TheRealColmagi (uuid: c98c1615-0764-41e1-848d-73152bfabe94): what
[19:11:19] iMine03 (uuid: 0f9d4172-c235-4bd2-9897-490c4a93ddfe): nigget diamond pick already
[19:11:26] TheRealColmagi (uuid: c98c1615-0764-41e1-848d-73152bfabe94): im speedrun god
[19:12:04] iMine03 (uuid: 0f9d4172-c235-4bd2-9897-490c4a93ddfe): o shit
[19:12:04] TheRealColmagi (uuid: c98c1615-0764-41e1-848d-73152bfabe94): niggaer
[19:12:13] iMine03 (uuid: 0f9d4172-c235-4bd2-9897-490c4a93ddfe): im about rapier u
[19:12:18] iMine03 (uuid: 0f9d4172-c235-4bd2-9897-490c4a93ddfe): cmere nigqq
[19:13:26] iMine03 (uuid: 0f9d4172-c235-4bd2-9897-490c4a93ddfe): cmere u alpine ffuck and pvp me
[19:15:38] TheRealColmagi (uuid: c98c1615-0764-41e1-848d-73152bfabe94): brb restarting mc
[20:58:14] iMine03 (uuid: 0f9d4172-c235-4bd2-9897-490c4a93ddfe): ARE YOU ALEX ZENG??
[20:58:22] Karambit_FaZe (uuid: 893a6ed2-6228-4554-a52c-fbaed0f96c6e): who r u
[20:59:26] Karambit_FaZe (uuid: 893a6ed2-6228-4554-a52c-fbaed0f96c6e): mhm
[20:59:38] Karambit_FaZe (uuid: 893a6ed2-6228-4554-a52c-fbaed0f96c6e): redo it
[21:00:27] Karambit_FaZe (uuid: 893a6ed2-6228-4554-a52c-fbaed0f96c6e): ik
[21:00:45] Karambit_FaZe (uuid: 893a6ed2-6228-4554-a52c-fbaed0f96c6e): scared me lmao
[21:00:54] iMine03 (uuid: 0f9d4172-c235-4bd2-9897-490c4a93ddfe): one heart jesos
[21:00:58] iMine03 (uuid: 0f9d4172-c235-4bd2-9897-490c4a93ddfe): ur gay one heart
[21:00:59] Karambit_FaZe (uuid: 893a6ed2-6228-4554-a52c-fbaed0f96c6e): thougt u were a zombie
[21:01:02] iMine03 (uuid: 0f9d4172-c235-4bd2-9897-490c4a93ddfe): roight
[21:01:57] Karambit_FaZe (uuid: 893a6ed2-6228-4554-a52c-fbaed0f96c6e): redo it
[21:02:33] iMine03 (uuid: 0f9d4172-c235-4bd2-9897-490c4a93ddfe): ALEX ZENG
[21:03:38] Karambit_FaZe (uuid: 893a6ed2-6228-4554-a52c-fbaed0f96c6e): sorry buddy
[21:05:31] Karambit_FaZe (uuid: 893a6ed2-6228-4554-a52c-fbaed0f96c6e): hurry up
[21:05:35] Karambit_FaZe (uuid: 893a6ed2-6228-4554-a52c-fbaed0f96c6e): i need my stuff
[21:08:24] Karambit_FaZe (uuid: 893a6ed2-6228-4554-a52c-fbaed0f96c6e): gimmie my stuff
[21:08:52] Karambit_FaZe (uuid: 893a6ed2-6228-4554-a52c-fbaed0f96c6e): this server is glitchy as hell
[21:09:20] Karambit_FaZe (uuid: 893a6ed2-6228-4554-a52c-fbaed0f96c6e): ily
[21:10:27] Karambit_FaZe (uuid: 893a6ed2-6228-4554-a52c-fbaed0f96c6e): need to get good brb
[21:10:37] iMine03 (uuid: 0f9d4172-c235-4bd2-9897-490c4a93ddfe): come here
[21:10:50] Karambit_FaZe (uuid: 893a6ed2-6228-4554-a52c-fbaed0f96c6e): what the hell
[21:11:16] Karambit_FaZe (uuid: 893a6ed2-6228-4554-a52c-fbaed0f96c6e): im stuck
[21:11:56] iMine03 (uuid: 0f9d4172-c235-4bd2-9897-490c4a93ddfe): wtf are you doing
[21:12:43] iMine03 (uuid: 0f9d4172-c235-4bd2-9897-490c4a93ddfe): sorry
[21:12:47] Karambit_FaZe (uuid: 893a6ed2-6228-4554-a52c-fbaed0f96c6e): mhm
[21:12:55] iMine03 (uuid: 0f9d4172-c235-4bd2-9897-490c4a93ddfe): niggea
[21:12:59] Karambit_FaZe (uuid: 893a6ed2-6228-4554-a52c-fbaed0f96c6e): what
[21:13:01] iMine03 (uuid: 0f9d4172-c235-4bd2-9897-490c4a93ddfe): pussy ass bitch w
[21:13:36] Karambit_FaZe (uuid: 893a6ed2-6228-4554-a52c-fbaed0f96c6e): my fingers hurt
[21:13:48] iMine03 (uuid: 0f9d4172-c235-4bd2-9897-490c4a93ddfe): my pussy hurts
[21:14:14] Karambit_FaZe (uuid: 893a6ed2-6228-4554-a52c-fbaed0f96c6e): cnt drop
[21:14:17] iMine03 (uuid: 0f9d4172-c235-4bd2-9897-490c4a93ddfe): bruh
[21:14:34] Karambit_FaZe (uuid: 893a6ed2-6228-4554-a52c-fbaed0f96c6e): i cant drop in pvp
[21:15:06] iMine03 (uuid: 0f9d4172-c235-4bd2-9897-490c4a93ddfe): sorry bby
[21:15:09] iMine03 (uuid: 0f9d4172-c235-4bd2-9897-490c4a93ddfe): wont happen again
[21:16:09] Karambit_FaZe (uuid: 893a6ed2-6228-4554-a52c-fbaed0f96c6e): lmao
[21:16:10] iMine03 (uuid: 0f9d4172-c235-4bd2-9897-490c4a93ddfe): wtf
[21:16:11] iMine03 (uuid: 0f9d4172-c235-4bd2-9897-490c4a93ddfe): ez
[21:16:15] iMine03 (uuid: 0f9d4172-c235-4bd2-9897-490c4a93ddfe): both died
[21:25:12] TheRealColmagi (uuid: c98c1615-0764-41e1-848d-73152bfabe94): I LIKE JEWS
[21:25:14] Karambit_FaZe (uuid: 893a6ed2-6228-4554-a52c-fbaed0f96c6e): gay
[21:25:20] Karambit_FaZe (uuid: 893a6ed2-6228-4554-a52c-fbaed0f96c6e): gimmie a rank
[21:25:23] TheRealColmagi (uuid: c98c1615-0764-41e1-848d-73152bfabe94): wassup nerds
[21:25:31] Karambit_FaZe (uuid: 893a6ed2-6228-4554-a52c-fbaed0f96c6e): gimmie mod
[21:25:44] TheRealColmagi (uuid: c98c1615-0764-41e1-848d-73152bfabe94): alex use ! before ur msg to talk in global chat
[21:25:55] Karambit_FaZe (uuid: 893a6ed2-6228-4554-a52c-fbaed0f96c6e): gimmie mod
[21:26:09] TheRealColmagi (uuid: c98c1615-0764-41e1-848d-73152bfabe94): mhm
[21:27:49] TheRealColmagi (uuid: c98c1615-0764-41e1-848d-73152bfabe94): nice username
[21:27:59] Karambit_FaZe (uuid: 893a6ed2-6228-4554-a52c-fbaed0f96c6e): thanks
[21:28:11] TheRealColmagi (uuid: c98c1615-0764-41e1-848d-73152bfabe94): real edGY
[21:28:32] TheRealColmagi (uuid: c98c1615-0764-41e1-848d-73152bfabe94): jesos
[21:28:40] Karambit_FaZe (uuid: 893a6ed2-6228-4554-a52c-fbaed0f96c6e): i cant see half of the shit in front of me
[21:28:46] TheRealColmagi (uuid: c98c1615-0764-41e1-848d-73152bfabe94): turn up brightness
[21:28:56] TheRealColmagi (uuid: c98c1615-0764-41e1-848d-73152bfabe94): or do /kit starter i think u get a free one every 24 hrs
[21:29:02] TheRealColmagi (uuid: c98c1615-0764-41e1-848d-73152bfabe94): it gives u torches
[21:29:20] TheRealColmagi (uuid: c98c1615-0764-41e1-848d-73152bfabe94): holy
[21:29:28] Karambit_FaZe (uuid: 893a6ed2-6228-4554-a52c-fbaed0f96c6e): what
[21:29:31] TheRealColmagi (uuid: c98c1615-0764-41e1-848d-73152bfabe94): if u wanna fight in pvp theres an arena in the mine
[21:29:33] TheRealColmagi (uuid: c98c1615-0764-41e1-848d-73152bfabe94): near spawn
[21:29:37] Karambit_FaZe (uuid: 893a6ed2-6228-4554-a52c-fbaed0f96c6e): he started it
[21:29:59] Karambit_FaZe (uuid: 893a6ed2-6228-4554-a52c-fbaed0f96c6e): he punched me
[21:30:02] TheRealColmagi (uuid: c98c1615-0764-41e1-848d-73152bfabe94): lmao
[21:32:33] TheRealColmagi (uuid: c98c1615-0764-41e1-848d-73152bfabe94): nibba im just in my house
[21:32:46] TheRealColmagi (uuid: c98c1615-0764-41e1-848d-73152bfabe94): working on salon LMAO
[21:32:48] TheRealColmagi (uuid: c98c1615-0764-41e1-848d-73152bfabe94): oh hello
[21:32:53] TheRealColmagi (uuid: c98c1615-0764-41e1-848d-73152bfabe94): is this oliver or tianqi
[21:32:53] xhellsky_ (uuid: b8aef0e6-1baf-4be7-9e31-6d1a64b6afa8): hi
[21:32:59] xhellsky_ (uuid: b8aef0e6-1baf-4be7-9e31-6d1a64b6afa8): tianqi
[21:33:04] Karambit_FaZe (uuid: 893a6ed2-6228-4554-a52c-fbaed0f96c6e): idgaf lemme tp
[21:33:07] TheRealColmagi (uuid: c98c1615-0764-41e1-848d-73152bfabe94): use ! for global chat goddamn
[21:33:12] TheRealColmagi (uuid: c98c1615-0764-41e1-848d-73152bfabe94): or else i cant see
[21:33:15] Karambit_FaZe (uuid: 893a6ed2-6228-4554-a52c-fbaed0f96c6e): tp
[21:33:17] xhellsky_ (uuid: b8aef0e6-1baf-4be7-9e31-6d1a64b6afa8): tianqi
[21:33:33] xhellsky_ (uuid: b8aef0e6-1baf-4be7-9e31-6d1a64b6afa8): i dont think olivers used this account to play yet
[21:33:41] TheRealColmagi (uuid: c98c1615-0764-41e1-848d-73152bfabe94): i thought he got on first
[21:33:44] TheRealColmagi (uuid: c98c1615-0764-41e1-848d-73152bfabe94): for a little bit
[21:33:48] TheRealColmagi (uuid: c98c1615-0764-41e1-848d-73152bfabe94): said he didnt remember the controls
[21:34:05] Karambit_FaZe (uuid: 893a6ed2-6228-4554-a52c-fbaed0f96c6e): james lemme tp
[21:34:15] TheRealColmagi (uuid: c98c1615-0764-41e1-848d-73152bfabe94): resend
[21:34:30] TheRealColmagi (uuid: c98c1615-0764-41e1-848d-73152bfabe94): mhm
[21:34:50] Karambit_FaZe (uuid: 893a6ed2-6228-4554-a52c-fbaed0f96c6e): damn thought u were unprotected
[21:34:57] TheRealColmagi (uuid: c98c1615-0764-41e1-848d-73152bfabe94): im in my house
[21:34:58] TheRealColmagi (uuid: c98c1615-0764-41e1-848d-73152bfabe94): duh its claimed
[21:35:00] TheRealColmagi (uuid: c98c1615-0764-41e1-848d-73152bfabe94): no pvp
[21:35:14] TheRealColmagi (uuid: c98c1615-0764-41e1-848d-73152bfabe94): what brings u to my humble abode
[21:35:17] Karambit_FaZe (uuid: 893a6ed2-6228-4554-a52c-fbaed0f96c6e): how many diamonds do u have
[21:35:22] TheRealColmagi (uuid: c98c1615-0764-41e1-848d-73152bfabe94): gary carl built it
[21:35:24] TheRealColmagi (uuid: c98c1615-0764-41e1-848d-73152bfabe94): lmao i have like 5
[21:35:27] TheRealColmagi (uuid: c98c1615-0764-41e1-848d-73152bfabe94): had more but lost em
[21:35:32] TheRealColmagi (uuid: c98c1615-0764-41e1-848d-73152bfabe94): cuz ethan killed me
[21:35:38] TheRealColmagi (uuid: c98c1615-0764-41e1-848d-73152bfabe94): and then died himself
[21:35:48] Karambit_FaZe (uuid: 893a6ed2-6228-4554-a52c-fbaed0f96c6e): ive been playing for 1/2 hour and already have 30
[21:35:53] Karambit_FaZe (uuid: 893a6ed2-6228-4554-a52c-fbaed0f96c6e): ur rarted
[21:35:56] TheRealColmagi (uuid: c98c1615-0764-41e1-848d-73152bfabe94): i mean
[21:36:02] TheRealColmagi (uuid: c98c1615-0764-41e1-848d-73152bfabe94): i mostly do server shit
[21:36:25] TheRealColmagi (uuid: c98c1615-0764-41e1-848d-73152bfabe94): i think ur the only person who can actually play minecraft
[21:36:27] TheRealColmagi (uuid: c98c1615-0764-41e1-848d-73152bfabe94): other than me
[21:36:32] TheRealColmagi (uuid: c98c1615-0764-41e1-848d-73152bfabe94): everyone else just keeps dying
[21:37:08] TheRealColmagi (uuid: c98c1615-0764-41e1-848d-73152bfabe94): go tp to hellsky or something lmao
[21:37:09] TheRealColmagi (uuid: c98c1615-0764-41e1-848d-73152bfabe94): say hi to him
[21:38:13] TheRealColmagi (uuid: c98c1615-0764-41e1-848d-73152bfabe94): i think i need a better nick
[21:38:15] Karambit_FaZe (uuid: 893a6ed2-6228-4554-a52c-fbaed0f96c6e): gimmie flight
[21:38:19] TheRealColmagi (uuid: c98c1615-0764-41e1-848d-73152bfabe94): mhm
[21:39:12] Karambit_FaZe (uuid: 893a6ed2-6228-4554-a52c-fbaed0f96c6e): gimmie creative for a sec
[21:39:22] Karambit_FaZe (uuid: 893a6ed2-6228-4554-a52c-fbaed0f96c6e): i want to try something
[21:39:27] TheRealColmagi (uuid: c98c1615-0764-41e1-848d-73152bfabe94): mhm
[21:39:31] Karambit_FaZe (uuid: 893a6ed2-6228-4554-a52c-fbaed0f96c6e): actually
[21:39:35] Karambit_FaZe (uuid: 893a6ed2-6228-4554-a52c-fbaed0f96c6e): 1 sec
[21:39:40] Karambit_FaZe (uuid: 893a6ed2-6228-4554-a52c-fbaed0f96c6e): u can count
[21:39:41] TheRealColmagi (uuid: c98c1615-0764-41e1-848d-73152bfabe94): gonna bomb this entire place
[21:39:48] TheRealColmagi (uuid: c98c1615-0764-41e1-848d-73152bfabe94): where r u
[21:39:49] Karambit_FaZe (uuid: 893a6ed2-6228-4554-a52c-fbaed0f96c6e): no i wont
[21:39:57] Karambit_FaZe (uuid: 893a6ed2-6228-4554-a52c-fbaed0f96c6e): outside
[21:40:15] TheRealColmagi (uuid: c98c1615-0764-41e1-848d-73152bfabe94): go
[21:40:23] TheRealColmagi (uuid: c98c1615-0764-41e1-848d-73152bfabe94): ok that was 1 second
[21:40:43] Karambit_FaZe (uuid: 893a6ed2-6228-4554-a52c-fbaed0f96c6e): i wasnt ready
[21:40:43] Karambit_FaZe (uuid: 893a6ed2-6228-4554-a52c-fbaed0f96c6e): wait one more
[21:40:54] TheRealColmagi (uuid: c98c1615-0764-41e1-848d-73152bfabe94): lmao nibba did u crash
[21:40:57] Karambit_FaZe (uuid: 893a6ed2-6228-4554-a52c-fbaed0f96c6e): yea
[21:41:02] Karambit_FaZe (uuid: 893a6ed2-6228-4554-a52c-fbaed0f96c6e): do it again
[21:41:11] TheRealColmagi (uuid: c98c1615-0764-41e1-848d-73152bfabe94): there
[21:41:15] Karambit_FaZe (uuid: 893a6ed2-6228-4554-a52c-fbaed0f96c6e): tanks
[21:41:20] TheRealColmagi (uuid: c98c1615-0764-41e1-848d-73152bfabe94): i mean
[21:41:22] TheRealColmagi (uuid: c98c1615-0764-41e1-848d-73152bfabe94): u cant use that
[21:41:27] TheRealColmagi (uuid: c98c1615-0764-41e1-848d-73152bfabe94): unless ur in creative
[21:41:28] TheRealColmagi (uuid: c98c1615-0764-41e1-848d-73152bfabe94): and an admin
[21:41:49] Karambit_FaZe (uuid: 893a6ed2-6228-4554-a52c-fbaed0f96c6e): ill use it as a conversation piece
[21:41:53] TheRealColmagi (uuid: c98c1615-0764-41e1-848d-73152bfabe94): uh ok
[21:42:11] TheRealColmagi (uuid: c98c1615-0764-41e1-848d-73152bfabe94): i got auts
[21:42:25] xhellsky_ (uuid: b8aef0e6-1baf-4be7-9e31-6d1a64b6afa8): birch wood more like bitch wood
[21:42:36] Karambit_FaZe (uuid: 893a6ed2-6228-4554-a52c-fbaed0f96c6e): what the hell
[21:42:37] xhellsky_ (uuid: b8aef0e6-1baf-4be7-9e31-6d1a64b6afa8): this message brought to you by dark oak gang
[21:43:36] TheRealColmagi (uuid: c98c1615-0764-41e1-848d-73152bfabe94): LOL
[21:43:41] Karambit_FaZe (uuid: 893a6ed2-6228-4554-a52c-fbaed0f96c6e): what
[21:44:15] Karambit_FaZe (uuid: 893a6ed2-6228-4554-a52c-fbaed0f96c6e): gimmie creative 1 more time
[21:45:00] Karambit_FaZe (uuid: 893a6ed2-6228-4554-a52c-fbaed0f96c6e): gimmie creative
[21:45:31] TheRealColmagi (uuid: c98c1615-0764-41e1-848d-73152bfabe94): holy
[21:46:00] TheRealColmagi (uuid: c98c1615-0764-41e1-848d-73152bfabe94): why
[21:46:04] TheRealColmagi (uuid: c98c1615-0764-41e1-848d-73152bfabe94): what u gonna do
[21:46:10] Karambit_FaZe (uuid: 893a6ed2-6228-4554-a52c-fbaed0f96c6e): try smth
[21:46:15] TheRealColmagi (uuid: c98c1615-0764-41e1-848d-73152bfabe94): what
[21:46:16] TheRealColmagi (uuid: c98c1615-0764-41e1-848d-73152bfabe94): tell me
[21:46:19] TheRealColmagi (uuid: c98c1615-0764-41e1-848d-73152bfabe94): and ill give u
[21:46:29] Karambit_FaZe (uuid: 893a6ed2-6228-4554-a52c-fbaed0f96c6e): uhh
[21:47:21] xhellsky_ (uuid: b8aef0e6-1baf-4be7-9e31-6d1a64b6afa8): whos house is this
[21:47:30] Karambit_FaZe (uuid: 893a6ed2-6228-4554-a52c-fbaed0f96c6e): what?
[21:47:39] TheRealColmagi (uuid: c98c1615-0764-41e1-848d-73152bfabe94): oh this was my first house
[21:47:43] TheRealColmagi (uuid: c98c1615-0764-41e1-848d-73152bfabe94): when i first played on this server
[21:47:44] xhellsky_ (uuid: b8aef0e6-1baf-4be7-9e31-6d1a64b6afa8): ah
[21:47:52] TheRealColmagi (uuid: c98c1615-0764-41e1-848d-73152bfabe94): i moved out in like 1 day obviously
[21:48:19] xhellsky_ (uuid: b8aef0e6-1baf-4be7-9e31-6d1a64b6afa8): Thinking of moving near walmart
[21:48:28] TheRealColmagi (uuid: c98c1615-0764-41e1-848d-73152bfabe94): gonna have to get outside the claim but sure
[21:48:36] Karambit_FaZe (uuid: 893a6ed2-6228-4554-a52c-fbaed0f96c6e): wheres walmart
[21:49:13] TheRealColmagi (uuid: c98c1615-0764-41e1-848d-73152bfabe94): RIP
[21:49:28] xhellsky_ (uuid: b8aef0e6-1baf-4be7-9e31-6d1a64b6afa8): how do i teleport
[21:49:34] Karambit_FaZe (uuid: 893a6ed2-6228-4554-a52c-fbaed0f96c6e): ./tpa
[21:49:35] TheRealColmagi (uuid: c98c1615-0764-41e1-848d-73152bfabe94): /tpa
[21:49:47] TheRealColmagi (uuid: c98c1615-0764-41e1-848d-73152bfabe94): im at my base
[21:49:53] xhellsky_ (uuid: b8aef0e6-1baf-4be7-9e31-6d1a64b6afa8): oh aight
[21:49:54] Karambit_FaZe (uuid: 893a6ed2-6228-4554-a52c-fbaed0f96c6e): tpa to me
[21:51:05] TheRealColmagi (uuid: c98c1615-0764-41e1-848d-73152bfabe94): jesos
[21:51:08] TheRealColmagi (uuid: c98c1615-0764-41e1-848d-73152bfabe94): everyones dying
[21:51:14] Karambit_FaZe (uuid: 893a6ed2-6228-4554-a52c-fbaed0f96c6e): please
[21:51:42] TheRealColmagi (uuid: c98c1615-0764-41e1-848d-73152bfabe94): jesos
[21:52:00] Karambit_FaZe (uuid: 893a6ed2-6228-4554-a52c-fbaed0f96c6e): james can u tp to me and fly around and find my stuff
[21:52:28] Karambit_FaZe (uuid: 893a6ed2-6228-4554-a52c-fbaed0f96c6e): james
[21:52:49] TheRealColmagi (uuid: c98c1615-0764-41e1-848d-73152bfabe94): holy
[21:53:41] TheRealColmagi (uuid: c98c1615-0764-41e1-848d-73152bfabe94): whered u even die
[21:53:46] Karambit_FaZe (uuid: 893a6ed2-6228-4554-a52c-fbaed0f96c6e): found it
[21:53:50] Karambit_FaZe (uuid: 893a6ed2-6228-4554-a52c-fbaed0f96c6e): 1/2 heart
[21:54:03] TheRealColmagi (uuid: c98c1615-0764-41e1-848d-73152bfabe94): kk
[21:55:26] TheRealColmagi (uuid: c98c1615-0764-41e1-848d-73152bfabe94): jesOS
[21:55:32] Karambit_FaZe (uuid: 893a6ed2-6228-4554-a52c-fbaed0f96c6e): need to get diamond armor
[21:56:26] xhellsky_ (uuid: b8aef0e6-1baf-4be7-9e31-6d1a64b6afa8): what do u want
[21:56:30] iMine03 (uuid: 0f9d4172-c235-4bd2-9897-490c4a93ddfe): my penis
[21:56:38] TheRealColmagi (uuid: c98c1615-0764-41e1-848d-73152bfabe94): OL
[21:56:41] TheRealColmagi (uuid: c98c1615-0764-41e1-848d-73152bfabe94): LOL
[21:56:46] xhellsky_ (uuid: b8aef0e6-1baf-4be7-9e31-6d1a64b6afa8): epic gamer moment
[21:58:06] iMine03 (uuid: 0f9d4172-c235-4bd2-9897-490c4a93ddfe): ur killing defenseless animals
[21:58:33] xhellsky_ (uuid: b8aef0e6-1baf-4be7-9e31-6d1a64b6afa8): aight
[21:58:39] Karambit_FaZe (uuid: 893a6ed2-6228-4554-a52c-fbaed0f96c6e): whos optaviat
[21:58:39] TheRealColmagi (uuid: c98c1615-0764-41e1-848d-73152bfabe94): LOL QRD
[21:58:44] TheRealColmagi (uuid: c98c1615-0764-41e1-848d-73152bfabe94): WTF
[21:58:45] Karambit_FaZe (uuid: 893a6ed2-6228-4554-a52c-fbaed0f96c6e): whos optaviat
[21:58:53] xhellsky_ (uuid: b8aef0e6-1baf-4be7-9e31-6d1a64b6afa8): wait who is that
[21:59:06] TheRealColmagi (uuid: c98c1615-0764-41e1-848d-73152bfabe94): gary carl
[21:59:59] TheRealColmagi (uuid: c98c1615-0764-41e1-848d-73152bfabe94): JESOS
[22:01:03] xhellsky_ (uuid: b8aef0e6-1baf-4be7-9e31-6d1a64b6afa8): Thx for ur stuf imine
[22:01:52] Karambit_FaZe (uuid: 893a6ed2-6228-4554-a52c-fbaed0f96c6e): what plugins are in this server
[22:03:23] TheRealColmagi (uuid: c98c1615-0764-41e1-848d-73152bfabe94): a few
[22:03:35] Karambit_FaZe (uuid: 893a6ed2-6228-4554-a52c-fbaed0f96c6e): why is there a sheep named jeb
[22:03:46] TheRealColmagi (uuid: c98c1615-0764-41e1-848d-73152bfabe94): luckperms, worldedit, idisguise, vault, logblock, worldguard, chatex, chestshop, essentials, essentialsspawn, griefprevention
[22:05:20] Karambit_FaZe (uuid: 893a6ed2-6228-4554-a52c-fbaed0f96c6e): why does tong have a rank
[22:06:29] TheRealColmagi (uuid: c98c1615-0764-41e1-848d-73152bfabe94): cuz hes a gud man
[22:06:36] Karambit_FaZe (uuid: 893a6ed2-6228-4554-a52c-fbaed0f96c6e): so am i
[22:07:02] Karambit_FaZe (uuid: 893a6ed2-6228-4554-a52c-fbaed0f96c6e): u should make a modded server
[22:07:10] Karambit_FaZe (uuid: 893a6ed2-6228-4554-a52c-fbaed0f96c6e): like ftb or smth
[22:08:13] Karambit_FaZe (uuid: 893a6ed2-6228-4554-a52c-fbaed0f96c6e): this gets boring
[22:08:20] Karambit_FaZe (uuid: 893a6ed2-6228-4554-a52c-fbaed0f96c6e): do a ftb server
[22:10:06] TheRealColmagi (uuid: c98c1615-0764-41e1-848d-73152bfabe94): im gay da ba de ba do dai
[22:10:26] TheRealColmagi (uuid: c98c1615-0764-41e1-848d-73152bfabe94): we can always boot up the facs server
[22:11:22] Karambit_FaZe (uuid: 893a6ed2-6228-4554-a52c-fbaed0f96c6e): facs is the same thing
[22:11:25] TheRealColmagi (uuid: c98c1615-0764-41e1-848d-73152bfabe94): nah
[22:11:28] TheRealColmagi (uuid: c98c1615-0764-41e1-848d-73152bfabe94): facs u kill ppl
[22:11:32] Karambit_FaZe (uuid: 893a6ed2-6228-4554-a52c-fbaed0f96c6e): modpacks are fun
[22:11:37] TheRealColmagi (uuid: c98c1615-0764-41e1-848d-73152bfabe94): gaymine is back
[22:11:44] iMine03 (uuid: 0f9d4172-c235-4bd2-9897-490c4a93ddfe): wtf chests
[22:11:52] TheRealColmagi (uuid: c98c1615-0764-41e1-848d-73152bfabe94): wot
[22:12:00] Karambit_FaZe (uuid: 893a6ed2-6228-4554-a52c-fbaed0f96c6e): what
[22:12:02] iMine03 (uuid: 0f9d4172-c235-4bd2-9897-490c4a93ddfe): come to the nether with me :)
[22:12:07] TheRealColmagi (uuid: c98c1615-0764-41e1-848d-73152bfabe94): mhm
[22:12:19] Karambit_FaZe (uuid: 893a6ed2-6228-4554-a52c-fbaed0f96c6e): cant
[22:12:28] iMine03 (uuid: 0f9d4172-c235-4bd2-9897-490c4a93ddfe): wtf alex
[22:12:32] iMine03 (uuid: 0f9d4172-c235-4bd2-9897-490c4a93ddfe): diamond armor??
[22:12:35] TheRealColmagi (uuid: c98c1615-0764-41e1-848d-73152bfabe94): holy hes decked out
[22:12:36] Karambit_FaZe (uuid: 893a6ed2-6228-4554-a52c-fbaed0f96c6e): mhm
[22:12:43] TheRealColmagi (uuid: c98c1615-0764-41e1-848d-73152bfabe94): the grind dont stop
[22:12:47] Karambit_FaZe (uuid: 893a6ed2-6228-4554-a52c-fbaed0f96c6e): gimmie permission
[22:12:49] TheRealColmagi (uuid: c98c1615-0764-41e1-848d-73152bfabe94): mhm
[22:12:52] iMine03 (uuid: 0f9d4172-c235-4bd2-9897-490c4a93ddfe): n o
[22:12:52] Karambit_FaZe (uuid: 893a6ed2-6228-4554-a52c-fbaed0f96c6e): need to put my stuff away
[22:12:58] iMine03 (uuid: 0f9d4172-c235-4bd2-9897-490c4a93ddfe): na h
[22:12:59] TheRealColmagi (uuid: c98c1615-0764-41e1-848d-73152bfabe94): make ur own base niqqua
[22:13:11] Karambit_FaZe (uuid: 893a6ed2-6228-4554-a52c-fbaed0f96c6e): lets go then
[22:13:50] Karambit_FaZe (uuid: 893a6ed2-6228-4554-a52c-fbaed0f96c6e): go to nether pls
[22:13:52] Karambit_FaZe (uuid: 893a6ed2-6228-4554-a52c-fbaed0f96c6e): or end
[22:13:57] Karambit_FaZe (uuid: 893a6ed2-6228-4554-a52c-fbaed0f96c6e): mah
[22:13:58] iMine03 (uuid: 0f9d4172-c235-4bd2-9897-490c4a93ddfe): alex come here
[22:14:01] Karambit_FaZe (uuid: 893a6ed2-6228-4554-a52c-fbaed0f96c6e): nah*
[22:14:03] iMine03 (uuid: 0f9d4172-c235-4bd2-9897-490c4a93ddfe): niqqa
[22:14:09] TheRealColmagi (uuid: c98c1615-0764-41e1-848d-73152bfabe94): nice base
[22:14:11] iMine03 (uuid: 0f9d4172-c235-4bd2-9897-490c4a93ddfe): nigagw
[22:14:14] xhellsky_ (uuid: b8aef0e6-1baf-4be7-9e31-6d1a64b6afa8): thx
[22:14:35] TheRealColmagi (uuid: c98c1615-0764-41e1-848d-73152bfabe94): hows the nether
[22:14:56] Karambit_FaZe (uuid: 893a6ed2-6228-4554-a52c-fbaed0f96c6e): nothing
[22:15:01] Karambit_FaZe (uuid: 893a6ed2-6228-4554-a52c-fbaed0f96c6e): lets go to nether
[22:15:10] iMine03 (uuid: 0f9d4172-c235-4bd2-9897-490c4a93ddfe): come here
[22:15:25] Karambit_FaZe (uuid: 893a6ed2-6228-4554-a52c-fbaed0f96c6e): u first
[22:16:07] iMine03 (uuid: 0f9d4172-c235-4bd2-9897-490c4a93ddfe): ajwe'fawe
[22:16:11] iMine03 (uuid: 0f9d4172-c235-4bd2-9897-490c4a93ddfe): alex a nigger
[22:16:15] iMine03 (uuid: 0f9d4172-c235-4bd2-9897-490c4a93ddfe): alex a niggersia
[22:16:55] TheRealColmagi (uuid: c98c1615-0764-41e1-848d-73152bfabe94): should i do a kit giveaway
[22:17:16] xhellsky_ (uuid: b8aef0e6-1baf-4be7-9e31-6d1a64b6afa8): vbucks giveaway
[22:19:08] TheRealColmagi (uuid: c98c1615-0764-41e1-848d-73152bfabe94): i got auts
[22:19:40] Karambit_FaZe (uuid: 893a6ed2-6228-4554-a52c-fbaed0f96c6e): james tpa accept
[22:20:06] Karambit_FaZe (uuid: 893a6ed2-6228-4554-a52c-fbaed0f96c6e): actually do a modpack server
[22:20:11] Karambit_FaZe (uuid: 893a6ed2-6228-4554-a52c-fbaed0f96c6e): that would be lit
[22:20:25] iMine03 (uuid: 0f9d4172-c235-4bd2-9897-490c4a93ddfe): share salon u inbred downs
[22:20:29] TheRealColmagi (uuid: c98c1615-0764-41e1-848d-73152bfabe94): LOL
[22:20:32] iMine03 (uuid: 0f9d4172-c235-4bd2-9897-490c4a93ddfe): shit
[22:20:38] iMine03 (uuid: 0f9d4172-c235-4bd2-9897-490c4a93ddfe): fuck that was supposed to be private
[22:20:53] TheRealColmagi (uuid: c98c1615-0764-41e1-848d-73152bfabe94): how was the nether
[22:20:55] iMine03 (uuid: 0f9d4172-c235-4bd2-9897-490c4a93ddfe): im gonna go commit suicide
[22:21:09] TheRealColmagi (uuid: c98c1615-0764-41e1-848d-73152bfabe94): nice
[22:21:11] xhellsky_ (uuid: b8aef0e6-1baf-4be7-9e31-6d1a64b6afa8): lmao
[22:21:38] TheRealColmagi (uuid: c98c1615-0764-41e1-848d-73152bfabe94): gimme the zucc
[22:22:28] TheRealColmagi (uuid: c98c1615-0764-41e1-848d-73152bfabe94): guess the number of chromosomes i have
[22:22:35] TheRealColmagi (uuid: c98c1615-0764-41e1-848d-73152bfabe94): if u guess right u get a free veteran kit
[22:22:40] TheRealColmagi (uuid: c98c1615-0764-41e1-848d-73152bfabe94): its like iron gear
[22:22:42] TheRealColmagi (uuid: c98c1615-0764-41e1-848d-73152bfabe94): enchanted
[22:22:46] Karambit_FaZe (uuid: 893a6ed2-6228-4554-a52c-fbaed0f96c6e): 47
[22:22:51] xhellsky_ (uuid: b8aef0e6-1baf-4be7-9e31-6d1a64b6afa8): i need sand and literally all of it is perfectly inside the claim
[22:22:58] Karambit_FaZe (uuid: 893a6ed2-6228-4554-a52c-fbaed0f96c6e): 48
[22:22:58] iMine03 (uuid: 0f9d4172-c235-4bd2-9897-490c4a93ddfe): 21
[22:23:08] Karambit_FaZe (uuid: 893a6ed2-6228-4554-a52c-fbaed0f96c6e): 47
[22:23:11] iMine03 (uuid: 0f9d4172-c235-4bd2-9897-490c4a93ddfe): 21 pairs
[22:23:15] xhellsky_ (uuid: b8aef0e6-1baf-4be7-9e31-6d1a64b6afa8): 1
[22:23:19] xhellsky_ (uuid: b8aef0e6-1baf-4be7-9e31-6d1a64b6afa8): 2
[22:23:23] xhellsky_ (uuid: b8aef0e6-1baf-4be7-9e31-6d1a64b6afa8): 3
[22:23:23] iMine03 (uuid: 0f9d4172-c235-4bd2-9897-490c4a93ddfe): -21 pairs
[22:23:26] xhellsky_ (uuid: b8aef0e6-1baf-4be7-9e31-6d1a64b6afa8): 4
[22:23:26] TheRealColmagi (uuid: c98c1615-0764-41e1-848d-73152bfabe94): jesos cant submit multiple answers
[22:23:29] TheRealColmagi (uuid: c98c1615-0764-41e1-848d-73152bfabe94): all of u lose
[22:23:29] xhellsky_ (uuid: b8aef0e6-1baf-4be7-9e31-6d1a64b6afa8): 5
[22:23:36] Karambit_FaZe (uuid: 893a6ed2-6228-4554-a52c-fbaed0f96c6e): what is it
[22:23:41] TheRealColmagi (uuid: c98c1615-0764-41e1-848d-73152bfabe94): 0
[22:23:49] Karambit_FaZe (uuid: 893a6ed2-6228-4554-a52c-fbaed0f96c6e): ofc
[22:23:51] xhellsky_ (uuid: b8aef0e6-1baf-4be7-9e31-6d1a64b6afa8): what fools we were
[22:23:55] TheRealColmagi (uuid: c98c1615-0764-41e1-848d-73152bfabe94): im braindead xd
[22:24:12] TheRealColmagi (uuid: c98c1615-0764-41e1-848d-73152bfabe94): heres a healthy trivia question about the server
[22:24:21] TheRealColmagi (uuid: c98c1615-0764-41e1-848d-73152bfabe94): how many player-made villages are on this world
[22:24:25] xhellsky_ (uuid: b8aef0e6-1baf-4be7-9e31-6d1a64b6afa8): 3
[22:24:31] iMine03 (uuid: 0f9d4172-c235-4bd2-9897-490c4a93ddfe): ur dog is following me
[22:24:45] TheRealColmagi (uuid: c98c1615-0764-41e1-848d-73152bfabe94): did u hit him u stupid fuck
[22:24:47] xhellsky_ (uuid: b8aef0e6-1baf-4be7-9e31-6d1a64b6afa8): sorry ill stop
[22:26:12] TheRealColmagi (uuid: c98c1615-0764-41e1-848d-73152bfabe94): how bout this
[22:26:20] Karambit_FaZe (uuid: 893a6ed2-6228-4554-a52c-fbaed0f96c6e): 1
[22:26:23] TheRealColmagi (uuid: c98c1615-0764-41e1-848d-73152bfabe94): guess the number of unique players that have ever been on this server
[22:26:28] TheRealColmagi (uuid: c98c1615-0764-41e1-848d-73152bfabe94): closest gets the veteran kit
[22:26:34] Karambit_FaZe (uuid: 893a6ed2-6228-4554-a52c-fbaed0f96c6e): 10
[22:26:34] xhellsky_ (uuid: b8aef0e6-1baf-4be7-9e31-6d1a64b6afa8): 1
[22:27:16] xhellsky_ (uuid: b8aef0e6-1baf-4be7-9e31-6d1a64b6afa8): I'm the closest
[22:27:22] xhellsky_ (uuid: b8aef0e6-1baf-4be7-9e31-6d1a64b6afa8): 1
[22:27:27] TheRealColmagi (uuid: c98c1615-0764-41e1-848d-73152bfabe94): holy r u auts
[22:27:27] iMine03 (uuid: 0f9d4172-c235-4bd2-9897-490c4a93ddfe): 69
[22:27:33] xhellsky_ (uuid: b8aef0e6-1baf-4be7-9e31-6d1a64b6afa8): im still the closest
[22:27:37] TheRealColmagi (uuid: c98c1615-0764-41e1-848d-73152bfabe94): karambit whats ur guess
[22:28:05] TheRealColmagi (uuid: c98c1615-0764-41e1-848d-73152bfabe94): guess hes not answering
[22:28:34] TheRealColmagi (uuid: c98c1615-0764-41e1-848d-73152bfabe94): i just saw u go in the mine and fucking die
[22:28:54] xhellsky_ (uuid: b8aef0e6-1baf-4be7-9e31-6d1a64b6afa8): what does gold and glowstone mean
[22:29:10] iMine03 (uuid: 0f9d4172-c235-4bd2-9897-490c4a93ddfe): fuck sorry
[22:29:33] TheRealColmagi (uuid: c98c1615-0764-41e1-848d-73152bfabe94): ?
[22:29:35] TheRealColmagi (uuid: c98c1615-0764-41e1-848d-73152bfabe94): gold is gold
[22:29:39] Karambit_FaZe (uuid: 893a6ed2-6228-4554-a52c-fbaed0f96c6e): 10
[22:29:40] TheRealColmagi (uuid: c98c1615-0764-41e1-848d-73152bfabe94): glowstone is in the nether
[22:29:44] Karambit_FaZe (uuid: 893a6ed2-6228-4554-a52c-fbaed0f96c6e): i guessed 10
[22:29:54] xhellsky_ (uuid: b8aef0e6-1baf-4be7-9e31-6d1a64b6afa8): There were like gold blocks
[22:30:17] iMine03 (uuid: 0f9d4172-c235-4bd2-9897-490c4a93ddfe): fuck
[22:30:31] TheRealColmagi (uuid: c98c1615-0764-41e1-848d-73152bfabe94): oh thats the claim markers
[22:30:34] TheRealColmagi (uuid: c98c1615-0764-41e1-848d-73152bfabe94): they disappear
[22:30:40] iMine03 (uuid: 0f9d4172-c235-4bd2-9897-490c4a93ddfe): james
[22:30:41] TheRealColmagi (uuid: c98c1615-0764-41e1-848d-73152bfabe94): show u the boundaries of a claim
[22:30:45] TheRealColmagi (uuid: c98c1615-0764-41e1-848d-73152bfabe94): what
[22:30:50] iMine03 (uuid: 0f9d4172-c235-4bd2-9897-490c4a93ddfe): come to the nether
[22:30:55] TheRealColmagi (uuid: c98c1615-0764-41e1-848d-73152bfabe94): ok
[22:31:07] iMine03 (uuid: 0f9d4172-c235-4bd2-9897-490c4a93ddfe): optivillage
[22:31:34] TheRealColmagi (uuid: c98c1615-0764-41e1-848d-73152bfabe94): w0t
[22:32:03] TheRealColmagi (uuid: c98c1615-0764-41e1-848d-73152bfabe94): LOL
[22:32:06] iMine03 (uuid: 0f9d4172-c235-4bd2-9897-490c4a93ddfe): bruh
[22:32:08] TheRealColmagi (uuid: c98c1615-0764-41e1-848d-73152bfabe94): run nigga
[22:32:08] iMine03 (uuid: 0f9d4172-c235-4bd2-9897-490c4a93ddfe): i didn't even hit them
[22:32:25] TheRealColmagi (uuid: c98c1615-0764-41e1-848d-73152bfabe94): ez
[22:32:30] TheRealColmagi (uuid: c98c1615-0764-41e1-848d-73152bfabe94): call me god
[22:32:31] iMine03 (uuid: 0f9d4172-c235-4bd2-9897-490c4a93ddfe): what
[22:32:51] TheRealColmagi (uuid: c98c1615-0764-41e1-848d-73152bfabe94): now what
[22:33:22] TheRealColmagi (uuid: c98c1615-0764-41e1-848d-73152bfabe94): stupid nigga
[22:33:41] TheRealColmagi (uuid: c98c1615-0764-41e1-848d-73152bfabe94): run forrest run
[22:33:56] TheRealColmagi (uuid: c98c1615-0764-41e1-848d-73152bfabe94): shit man
[22:34:19] TheRealColmagi (uuid: c98c1615-0764-41e1-848d-73152bfabe94): LOL
[22:34:21] TheRealColmagi (uuid: c98c1615-0764-41e1-848d-73152bfabe94): get fucked
[22:34:30] xhellsky_ (uuid: b8aef0e6-1baf-4be7-9e31-6d1a64b6afa8): so hows the nether going
[22:35:03] iMine03 (uuid: 0f9d4172-c235-4bd2-9897-490c4a93ddfe): find a ghast
[22:35:51] iMine03 (uuid: 0f9d4172-c235-4bd2-9897-490c4a93ddfe): ghast
[22:36:03] TheRealColmagi (uuid: c98c1615-0764-41e1-848d-73152bfabe94): where
[22:36:06] iMine03 (uuid: 0f9d4172-c235-4bd2-9897-490c4a93ddfe): hit em
[22:36:09] iMine03 (uuid: 0f9d4172-c235-4bd2-9897-490c4a93ddfe): up
[22:36:15] TheRealColmagi (uuid: c98c1615-0764-41e1-848d-73152bfabe94): no
[22:36:24] iMine03 (uuid: 0f9d4172-c235-4bd2-9897-490c4a93ddfe): go up
[22:36:54] TheRealColmagi (uuid: c98c1615-0764-41e1-848d-73152bfabe94): HOLY
[22:37:30] TheRealColmagi (uuid: c98c1615-0764-41e1-848d-73152bfabe94): welcome back
[22:37:32] TheRealColmagi (uuid: c98c1615-0764-41e1-848d-73152bfabe94): comrade
[22:37:42] xhellsky_ (uuid: b8aef0e6-1baf-4be7-9e31-6d1a64b6afa8): james u owe meveteran set
[22:37:55] TheRealColmagi (uuid: c98c1615-0764-41e1-848d-73152bfabe94): no technically imine was closer
[22:38:00] Karambit_FaZe (uuid: 893a6ed2-6228-4554-a52c-fbaed0f96c6e): just mine some diamonds
[22:38:03] Karambit_FaZe (uuid: 893a6ed2-6228-4554-a52c-fbaed0f96c6e): lmao
[22:38:15] xhellsky_ (uuid: b8aef0e6-1baf-4be7-9e31-6d1a64b6afa8): how
[22:38:20] xhellsky_ (uuid: b8aef0e6-1baf-4be7-9e31-6d1a64b6afa8): how
[22:39:11] TheRealColmagi (uuid: c98c1615-0764-41e1-848d-73152bfabe94): wtf game broken
[22:39:46] TheRealColmagi (uuid: c98c1615-0764-41e1-848d-73152bfabe94): nvm fixed
[22:39:57] iMine03 (uuid: 0f9d4172-c235-4bd2-9897-490c4a93ddfe): someone pvp me
[22:40:01] TheRealColmagi (uuid: c98c1615-0764-41e1-848d-73152bfabe94): i will nigga
[22:40:03] TheRealColmagi (uuid: c98c1615-0764-41e1-848d-73152bfabe94): kitpvp
[22:40:15] TheRealColmagi (uuid: c98c1615-0764-41e1-848d-73152bfabe94): go to spawn
[22:40:25] TheRealColmagi (uuid: c98c1615-0764-41e1-848d-73152bfabe94): im gonna assfuck you
[22:40:30] TheRealColmagi (uuid: c98c1615-0764-41e1-848d-73152bfabe94): follow me
[22:40:37] Karambit_FaZe (uuid: 893a6ed2-6228-4554-a52c-fbaed0f96c6e): i need food
[22:40:53] TheRealColmagi (uuid: c98c1615-0764-41e1-848d-73152bfabe94): auts cmere
[22:40:57] TheRealColmagi (uuid: c98c1615-0764-41e1-848d-73152bfabe94): was gonna give u kit to pvp me with
[22:41:05] TheRealColmagi (uuid: c98c1615-0764-41e1-848d-73152bfabe94): LOL
[22:41:18] TheRealColmagi (uuid: c98c1615-0764-41e1-848d-73152bfabe94): cmere
[22:41:25] Karambit_FaZe (uuid: 893a6ed2-6228-4554-a52c-fbaed0f96c6e): no chest
[22:41:30] iMine03 (uuid: 0f9d4172-c235-4bd2-9897-490c4a93ddfe): daum
[22:41:36] TheRealColmagi (uuid: c98c1615-0764-41e1-848d-73152bfabe94): aight lets go
[22:41:40] iMine03 (uuid: 0f9d4172-c235-4bd2-9897-490c4a93ddfe): hold up
[22:41:46] TheRealColmagi (uuid: c98c1615-0764-41e1-848d-73152bfabe94): ur dead niqqua
[22:41:51] TheRealColmagi (uuid: c98c1615-0764-41e1-848d-73152bfabe94): dis man boutta die
[22:42:05] TheRealColmagi (uuid: c98c1615-0764-41e1-848d-73152bfabe94): eZ
[22:42:10] TheRealColmagi (uuid: c98c1615-0764-41e1-848d-73152bfabe94): get ur assk icked
[22:42:17] Karambit_FaZe (uuid: 893a6ed2-6228-4554-a52c-fbaed0f96c6e): 3 way
[22:42:19] Karambit_FaZe (uuid: 893a6ed2-6228-4554-a52c-fbaed0f96c6e): pvp
[22:42:20] TheRealColmagi (uuid: c98c1615-0764-41e1-848d-73152bfabe94): sex
[22:42:32] iMine03 (uuid: 0f9d4172-c235-4bd2-9897-490c4a93ddfe): ye alex come here
[22:42:37] TheRealColmagi (uuid: c98c1615-0764-41e1-848d-73152bfabe94): shit
[22:42:41] TheRealColmagi (uuid: c98c1615-0764-41e1-848d-73152bfabe94): gimme back half the arrows
[22:43:01] TheRealColmagi (uuid: c98c1615-0764-41e1-848d-73152bfabe94): gonna get ur ass kicekd
[22:43:18] TheRealColmagi (uuid: c98c1615-0764-41e1-848d-73152bfabe94): alex do /warp pvp
[22:43:22] TheRealColmagi (uuid: c98c1615-0764-41e1-848d-73152bfabe94): alex do /warp pvp
[22:43:26] Karambit_FaZe (uuid: 893a6ed2-6228-4554-a52c-fbaed0f96c6e): i need a chest
[22:43:33] TheRealColmagi (uuid: c98c1615-0764-41e1-848d-73152bfabe94): w0t
[22:43:40] Karambit_FaZe (uuid: 893a6ed2-6228-4554-a52c-fbaed0f96c6e): i need to put away my stuff
[22:43:56] TheRealColmagi (uuid: c98c1615-0764-41e1-848d-73152bfabe94): sup
[22:43:57] xhellsky_ (uuid: b8aef0e6-1baf-4be7-9e31-6d1a64b6afa8): Rip
[22:44:06] Karambit_FaZe (uuid: 893a6ed2-6228-4554-a52c-fbaed0f96c6e): lemme use ur base
[22:45:14] TheRealColmagi (uuid: c98c1615-0764-41e1-848d-73152bfabe94): lmao this is fun
[22:46:04] Karambit_FaZe (uuid: 893a6ed2-6228-4554-a52c-fbaed0f96c6e): gimmie a kit
[22:46:32] Karambit_FaZe (uuid: 893a6ed2-6228-4554-a52c-fbaed0f96c6e): with food
[22:46:53] TheRealColmagi (uuid: c98c1615-0764-41e1-848d-73152bfabe94): whered ethan go
[22:47:05] TheRealColmagi (uuid: c98c1615-0764-41e1-848d-73152bfabe94): come back feget
[22:48:20] TheRealColmagi (uuid: c98c1615-0764-41e1-848d-73152bfabe94): LOL
[22:48:30] iMine03 (uuid: 0f9d4172-c235-4bd2-9897-490c4a93ddfe): alex team up on jewstin
[22:50:01] TheRealColmagi (uuid: c98c1615-0764-41e1-848d-73152bfabe94): cmere and fight me
[22:52:16] Karambit_FaZe (uuid: 893a6ed2-6228-4554-a52c-fbaed0f96c6e): lmao windows update
[22:52:27] iMine03 (uuid: 0f9d4172-c235-4bd2-9897-490c4a93ddfe): alex we're fighting pigmen
[22:54:30] TheRealColmagi (uuid: c98c1615-0764-41e1-848d-73152bfabe94): nigga
[22:54:38] TheRealColmagi (uuid: c98c1615-0764-41e1-848d-73152bfabe94): whres my shit
[22:54:59] TheRealColmagi (uuid: c98c1615-0764-41e1-848d-73152bfabe94): time to get buff
[22:55:40] TheRealColmagi (uuid: c98c1615-0764-41e1-848d-73152bfabe94): nigger
[22:56:08] TheRealColmagi (uuid: c98c1615-0764-41e1-848d-73152bfabe94): n0
[22:56:52] Karambit_FaZe (uuid: 893a6ed2-6228-4554-a52c-fbaed0f96c6e): james gimmie flight i cant find my base
[22:57:04] Karambit_FaZe (uuid: 893a6ed2-6228-4554-a52c-fbaed0f96c6e): forgot to sethome
[22:58:16] Karambit_FaZe (uuid: 893a6ed2-6228-4554-a52c-fbaed0f96c6e): gimmie flight i cant find my base
[22:59:15] Karambit_FaZe (uuid: 893a6ed2-6228-4554-a52c-fbaed0f96c6e): gimmie flight please
[22:59:20] TheRealColmagi (uuid: c98c1615-0764-41e1-848d-73152bfabe94): oof
[22:59:22] Karambit_FaZe (uuid: 893a6ed2-6228-4554-a52c-fbaed0f96c6e): i cant find my base
[23:01:00] TheRealColmagi (uuid: c98c1615-0764-41e1-848d-73152bfabe94): ez
