[17:32:32] iMine03 (uuid: 0f9d4172-c235-4bd2-9897-490c4a93ddfe): i see derek is still retarded as fuck
[17:32:40] PiranhaBoy (uuid: 068bfb61-fb8a-4553-8305-2af64537cadb): mhm
[17:33:27] PiranhaBoy (uuid: 068bfb61-fb8a-4553-8305-2af64537cadb): think about all of the afk i lost
[17:33:35] iMine03 (uuid: 0f9d4172-c235-4bd2-9897-490c4a93ddfe): mhm
[17:34:41] iMine03 (uuid: 0f9d4172-c235-4bd2-9897-490c4a93ddfe): when we selling paul's shit
[17:35:30] PiranhaBoy (uuid: 068bfb61-fb8a-4553-8305-2af64537cadb): yea
[17:43:49] iMine03 (uuid: 0f9d4172-c235-4bd2-9897-490c4a93ddfe): u like?
[18:53:55] TheRealColmagi (uuid: c98c1615-0764-41e1-848d-73152bfabe94): no
[18:53:57] TheRealColmagi (uuid: c98c1615-0764-41e1-848d-73152bfabe94): hello
[18:54:05] iMine03 (uuid: 0f9d4172-c235-4bd2-9897-490c4a93ddfe): i like niggerst
[18:54:23] iMine03 (uuid: 0f9d4172-c235-4bd2-9897-490c4a93ddfe): give me expert rank
[18:54:28] TheRealColmagi (uuid: c98c1615-0764-41e1-848d-73152bfabe94): gotta win that rankup
[18:54:40] iMine03 (uuid: 0f9d4172-c235-4bd2-9897-490c4a93ddfe): or i can suck ur dick
[18:54:47] TheRealColmagi (uuid: c98c1615-0764-41e1-848d-73152bfabe94): no
[18:55:08] iMine03 (uuid: 0f9d4172-c235-4bd2-9897-490c4a93ddfe): jesus where's paul's drop party
[19:02:50] TheRealColmagi (uuid: c98c1615-0764-41e1-848d-73152bfabe94): HOLY SHIT
[19:02:54] TheRealColmagi (uuid: c98c1615-0764-41e1-848d-73152bfabe94): I DID END UP FINDING A JUNGLE
[19:02:59] TheRealColmagi (uuid: c98c1615-0764-41e1-848d-73152bfabe94): I HAD A HOME SET HERE ALL THE TIME
[19:03:05] TheRealColmagi (uuid: c98c1615-0764-41e1-848d-73152bfabe94): this shit far out tho
[19:03:09] TheRealColmagi (uuid: c98c1615-0764-41e1-848d-73152bfabe94): 5k, 10k
[19:03:14] TheRealColmagi (uuid: c98c1615-0764-41e1-848d-73152bfabe94): no wait
[19:03:23] TheRealColmagi (uuid: c98c1615-0764-41e1-848d-73152bfabe94): 6k, -10k
[19:03:28] TheRealColmagi (uuid: c98c1615-0764-41e1-848d-73152bfabe94): gonna lag me tf ot
[19:03:31] iMine03 (uuid: 0f9d4172-c235-4bd2-9897-490c4a93ddfe): jsus
[19:13:21] TheRealColmagi (uuid: c98c1615-0764-41e1-848d-73152bfabe94): nigga whered u go
