[18:38:56] TheRealColmagi (uuid: c98c1615-0764-41e1-848d-73152bfabe94): ayy lmao nigga auts
[19:18:04] TheRealColmagi (uuid: c98c1615-0764-41e1-848d-73152bfabe94): KONO DIO DA
[19:18:31] TheRealColmagi (uuid: c98c1615-0764-41e1-848d-73152bfabe94): sup negroid
[19:18:39] TheRealColmagi (uuid: c98c1615-0764-41e1-848d-73152bfabe94): why u want this mc server
[19:18:47] iMine03 (uuid: 0f9d4172-c235-4bd2-9897-490c4a93ddfe): i downloaded a random resource pack and now everything's wonky
[19:18:51] TheRealColmagi (uuid: c98c1615-0764-41e1-848d-73152bfabe94): i see
[19:19:17] iMine03 (uuid: 0f9d4172-c235-4bd2-9897-490c4a93ddfe): TheRealColmagi has made the advancement WE NEED TO GO DEEPER
[19:19:22] iMine03 (uuid: 0f9d4172-c235-4bd2-9897-490c4a93ddfe): INTO THE PUSSY
[19:19:38] TheRealColmagi (uuid: c98c1615-0764-41e1-848d-73152bfabe94): ayyyy lmao
[19:19:50] TheRealColmagi (uuid: c98c1615-0764-41e1-848d-73152bfabe94): i just realized this nigga alex builds 1 chunk houses
[19:19:52] TheRealColmagi (uuid: c98c1615-0764-41e1-848d-73152bfabe94): nvm
[19:19:56] TheRealColmagi (uuid: c98c1615-0764-41e1-848d-73152bfabe94): he builds 5x5 houses
[19:19:59] TheRealColmagi (uuid: c98c1615-0764-41e1-848d-73152bfabe94): he finds online
[19:20:01] iMine03 (uuid: 0f9d4172-c235-4bd2-9897-490c4a93ddfe): bruh still haven't done paul drop party
[19:20:09] TheRealColmagi (uuid: c98c1615-0764-41e1-848d-73152bfabe94): nigga nobody gets on
[19:20:33] iMine03 (uuid: 0f9d4172-c235-4bd2-9897-490c4a93ddfe): wtf how
[19:20:35] iMine03 (uuid: 0f9d4172-c235-4bd2-9897-490c4a93ddfe): do u get out
[19:20:58] iMine03 (uuid: 0f9d4172-c235-4bd2-9897-490c4a93ddfe): lol we still have the christmas tree
[19:21:01] TheRealColmagi (uuid: c98c1615-0764-41e1-848d-73152bfabe94): oops
[19:21:17] TheRealColmagi (uuid: c98c1615-0764-41e1-848d-73152bfabe94): we gotta burn it down now
[19:21:26] TheRealColmagi (uuid: c98c1615-0764-41e1-848d-73152bfabe94): kappa
[19:21:51] iMine03 (uuid: 0f9d4172-c235-4bd2-9897-490c4a93ddfe): nigga my resource pack is some sort of neckbeard rustic shit
[19:21:56] TheRealColmagi (uuid: c98c1615-0764-41e1-848d-73152bfabe94): lmao
[19:22:04] iMine03 (uuid: 0f9d4172-c235-4bd2-9897-490c4a93ddfe): wait u cna see that?
[19:22:08] TheRealColmagi (uuid: c98c1615-0764-41e1-848d-73152bfabe94): no
[19:22:22] iMine03 (uuid: 0f9d4172-c235-4bd2-9897-490c4a93ddfe): niga my resource pack is some sort of neckbeard rustic shit
[19:22:28] TheRealColmagi (uuid: c98c1615-0764-41e1-848d-73152bfabe94): yes
[19:23:00] iMine03 (uuid: 0f9d4172-c235-4bd2-9897-490c4a93ddfe): bruh
[19:23:02] TheRealColmagi (uuid: c98c1615-0764-41e1-848d-73152bfabe94): what
[19:23:05] iMine03 (uuid: 0f9d4172-c235-4bd2-9897-490c4a93ddfe): kareem used to own a mc server
[19:23:11] TheRealColmagi (uuid: c98c1615-0764-41e1-848d-73152bfabe94): mhm
[19:23:19] iMine03 (uuid: 0f9d4172-c235-4bd2-9897-490c4a93ddfe): or it was his friend or soemthing
[19:23:27] iMine03 (uuid: 0f9d4172-c235-4bd2-9897-490c4a93ddfe): used to play on it like 4 years ago
[19:23:28] TheRealColmagi (uuid: c98c1615-0764-41e1-848d-73152bfabe94): kareem abdul jabaar
[19:23:33] iMine03 (uuid: 0f9d4172-c235-4bd2-9897-490c4a93ddfe): hoteit.org
[19:23:38] iMine03 (uuid: 0f9d4172-c235-4bd2-9897-490c4a93ddfe): idk if it's still up
[19:23:39] TheRealColmagi (uuid: c98c1615-0764-41e1-848d-73152bfabe94): i see
[19:25:53] iMine03 (uuid: 0f9d4172-c235-4bd2-9897-490c4a93ddfe): OMG IM A NEGRO
[19:28:53] iMine03 (uuid: 0f9d4172-c235-4bd2-9897-490c4a93ddfe): mhm
[19:29:33] iMine03 (uuid: 0f9d4172-c235-4bd2-9897-490c4a93ddfe): enjoy my shit negro
[19:30:23] TheRealColmagi (uuid: c98c1615-0764-41e1-848d-73152bfabe94): ay ez
[19:32:39] iMine03 (uuid: 0f9d4172-c235-4bd2-9897-490c4a93ddfe): protobowl later
[19:32:42] TheRealColmagi (uuid: c98c1615-0764-41e1-848d-73152bfabe94): jesos
[19:32:50] iMine03 (uuid: 0f9d4172-c235-4bd2-9897-490c4a93ddfe): bruh look at top score
[19:32:52] iMine03 (uuid: 0f9d4172-c235-4bd2-9897-490c4a93ddfe): 10k
[19:32:58] TheRealColmagi (uuid: c98c1615-0764-41e1-848d-73152bfabe94): jesos
[19:33:06] iMine03 (uuid: 0f9d4172-c235-4bd2-9897-490c4a93ddfe): deese niggggggas
[19:33:20] TheRealColmagi (uuid: c98c1615-0764-41e1-848d-73152bfabe94): big auts
[19:34:43] iMine03 (uuid: 0f9d4172-c235-4bd2-9897-490c4a93ddfe): james de jew
[19:35:37] iMine03 (uuid: 0f9d4172-c235-4bd2-9897-490c4a93ddfe): when ur name big niggert
[19:36:06] iMine03 (uuid: 0f9d4172-c235-4bd2-9897-490c4a93ddfe): bruh trident?
[19:36:11] TheRealColmagi (uuid: c98c1615-0764-41e1-848d-73152bfabe94): mhm
[19:36:51] iMine03 (uuid: 0f9d4172-c235-4bd2-9897-490c4a93ddfe): HOLY FUCK
[19:36:56] iMine03 (uuid: 0f9d4172-c235-4bd2-9897-490c4a93ddfe): my resource pack
[19:37:01] TheRealColmagi (uuid: c98c1615-0764-41e1-848d-73152bfabe94): wat
[19:37:02] iMine03 (uuid: 0f9d4172-c235-4bd2-9897-490c4a93ddfe): the moon is one big ass image
[19:37:05] TheRealColmagi (uuid: c98c1615-0764-41e1-848d-73152bfabe94): lmao
[19:37:06] iMine03 (uuid: 0f9d4172-c235-4bd2-9897-490c4a93ddfe): it's fucking huge
[19:37:39] iMine03 (uuid: 0f9d4172-c235-4bd2-9897-490c4a93ddfe): how much for a trident
[19:37:48] TheRealColmagi (uuid: c98c1615-0764-41e1-848d-73152bfabe94): dunno
[19:38:02] TheRealColmagi (uuid: c98c1615-0764-41e1-848d-73152bfabe94): not even good ngl
[19:38:29] iMine03 (uuid: 0f9d4172-c235-4bd2-9897-490c4a93ddfe): u remember yisong's igloo
[19:38:32] TheRealColmagi (uuid: c98c1615-0764-41e1-848d-73152bfabe94): o yeyeye
[19:38:41] iMine03 (uuid: 0f9d4172-c235-4bd2-9897-490c4a93ddfe): needa visit
[19:39:00] TheRealColmagi (uuid: c98c1615-0764-41e1-848d-73152bfabe94): ur fukin tall ass walls
[19:39:05] iMine03 (uuid: 0f9d4172-c235-4bd2-9897-490c4a93ddfe): mhmmmm
[19:40:48] iMine03 (uuid: 0f9d4172-c235-4bd2-9897-490c4a93ddfe): the books are fucking ipads in my rp
[19:42:13] iMine03 (uuid: 0f9d4172-c235-4bd2-9897-490c4a93ddfe): LOL MY ZIGGURAT
[19:42:17] TheRealColmagi (uuid: c98c1615-0764-41e1-848d-73152bfabe94): great ziggurat
[19:42:38] TheRealColmagi (uuid: c98c1615-0764-41e1-848d-73152bfabe94): mhm this was no nut november
[19:42:50] iMine03 (uuid: 0f9d4172-c235-4bd2-9897-490c4a93ddfe): wait rp looks p good in modern house
[19:42:54] TheRealColmagi (uuid: c98c1615-0764-41e1-848d-73152bfabe94): mhm
[19:43:14] TheRealColmagi (uuid: c98c1615-0764-41e1-848d-73152bfabe94): dunno why ur auts ass decided to build a pyramid
[19:43:26] iMine03 (uuid: 0f9d4172-c235-4bd2-9897-490c4a93ddfe): was fapping one day
[19:43:47] iMine03 (uuid: 0f9d4172-c235-4bd2-9897-490c4a93ddfe): weeeeeee
[19:44:16] iMine03 (uuid: 0f9d4172-c235-4bd2-9897-490c4a93ddfe): wait tf
[19:44:20] iMine03 (uuid: 0f9d4172-c235-4bd2-9897-490c4a93ddfe): my horse had diamond armor
[19:44:24] iMine03 (uuid: 0f9d4172-c235-4bd2-9897-490c4a93ddfe): jesos what happened
[19:44:34] TheRealColmagi (uuid: c98c1615-0764-41e1-848d-73152bfabe94): lmao someone lootin this place
[19:44:45] iMine03 (uuid: 0f9d4172-c235-4bd2-9897-490c4a93ddfe): niggaaarrr
[19:45:04] iMine03 (uuid: 0f9d4172-c235-4bd2-9897-490c4a93ddfe): let's go to the igloo
[19:45:09] TheRealColmagi (uuid: c98c1615-0764-41e1-848d-73152bfabe94): i was just there
[19:45:13] iMine03 (uuid: 0f9d4172-c235-4bd2-9897-490c4a93ddfe): take me nigget
[19:46:02] TheRealColmagi (uuid: c98c1615-0764-41e1-848d-73152bfabe94): nice one
[19:46:07] iMine03 (uuid: 0f9d4172-c235-4bd2-9897-490c4a93ddfe): bruh
[19:46:12] iMine03 (uuid: 0f9d4172-c235-4bd2-9897-490c4a93ddfe): why u teleport me to the very top
[19:47:42] TheRealColmagi (uuid: c98c1615-0764-41e1-848d-73152bfabe94): ay remember the basement
[19:47:46] iMine03 (uuid: 0f9d4172-c235-4bd2-9897-490c4a93ddfe): yeeyey
[19:47:51] TheRealColmagi (uuid: c98c1615-0764-41e1-848d-73152bfabe94): where yisong keeps his prostitutes
[19:48:02] iMine03 (uuid: 0f9d4172-c235-4bd2-9897-490c4a93ddfe): chained u
[19:48:03] iMine03 (uuid: 0f9d4172-c235-4bd2-9897-490c4a93ddfe): up
[19:48:06] iMine03 (uuid: 0f9d4172-c235-4bd2-9897-490c4a93ddfe): jessica ji down here?
[19:48:11] TheRealColmagi (uuid: c98c1615-0764-41e1-848d-73152bfabe94): maybe here
[19:48:37] iMine03 (uuid: 0f9d4172-c235-4bd2-9897-490c4a93ddfe): NABIL
[19:48:42] iMine03 (uuid: 0f9d4172-c235-4bd2-9897-490c4a93ddfe): AHAHAH
[19:48:45] TheRealColmagi (uuid: c98c1615-0764-41e1-848d-73152bfabe94): lmao
[19:49:18] iMine03 (uuid: 0f9d4172-c235-4bd2-9897-490c4a93ddfe): mhmhmhmhmmhhmmhmhmh
[19:49:20] TheRealColmagi (uuid: c98c1615-0764-41e1-848d-73152bfabe94): LMAO
[19:49:48] iMine03 (uuid: 0f9d4172-c235-4bd2-9897-490c4a93ddfe): holy fk
[19:50:21] iMine03 (uuid: 0f9d4172-c235-4bd2-9897-490c4a93ddfe): mhm concrete
[19:50:29] TheRealColmagi (uuid: c98c1615-0764-41e1-848d-73152bfabe94): hm
[19:50:33] iMine03 (uuid: 0f9d4172-c235-4bd2-9897-490c4a93ddfe): lol time to rig yisong's igloo
[19:52:17] iMine03 (uuid: 0f9d4172-c235-4bd2-9897-490c4a93ddfe): mhmhmhhmhmhm
[19:52:45] TheRealColmagi (uuid: c98c1615-0764-41e1-848d-73152bfabe94): oops
[19:53:09] TheRealColmagi (uuid: c98c1615-0764-41e1-848d-73152bfabe94): LMAO
[19:53:52] TheRealColmagi (uuid: c98c1615-0764-41e1-848d-73152bfabe94): hyuck hyuck
[19:56:31] iMine03 (uuid: 0f9d4172-c235-4bd2-9897-490c4a93ddfe): MEERNA
[19:58:08] iMine03 (uuid: 0f9d4172-c235-4bd2-9897-490c4a93ddfe): LOL THE GAS CHAMBER
[19:58:55] TheRealColmagi (uuid: c98c1615-0764-41e1-848d-73152bfabe94): look at the name
[19:58:59] iMine03 (uuid: 0f9d4172-c235-4bd2-9897-490c4a93ddfe): i see!
[19:59:09] TheRealColmagi (uuid: c98c1615-0764-41e1-848d-73152bfabe94): ez
[19:59:52] TheRealColmagi (uuid: c98c1615-0764-41e1-848d-73152bfabe94): lmaooo
[20:01:23] TheRealColmagi (uuid: c98c1615-0764-41e1-848d-73152bfabe94): wtf u doin
[20:01:27] iMine03 (uuid: 0f9d4172-c235-4bd2-9897-490c4a93ddfe): let's build auswitz
[20:01:34] TheRealColmagi (uuid: c98c1615-0764-41e1-848d-73152bfabe94): nigga auschwitz exxists already
[20:01:38] iMine03 (uuid: 0f9d4172-c235-4bd2-9897-490c4a93ddfe): o
[20:02:04] TheRealColmagi (uuid: c98c1615-0764-41e1-848d-73152bfabe94): LOL
[20:02:07] iMine03 (uuid: 0f9d4172-c235-4bd2-9897-490c4a93ddfe): good flag
[20:02:09] TheRealColmagi (uuid: c98c1615-0764-41e1-848d-73152bfabe94): yes
[20:03:15] iMine03 (uuid: 0f9d4172-c235-4bd2-9897-490c4a93ddfe): mein kampf
[20:03:23] TheRealColmagi (uuid: c98c1615-0764-41e1-848d-73152bfabe94): u know bout the secret base
[20:03:27] TheRealColmagi (uuid: c98c1615-0764-41e1-848d-73152bfabe94): >
[20:04:30] iMine03 (uuid: 0f9d4172-c235-4bd2-9897-490c4a93ddfe): zach tang still has my eleytra
[20:04:38] iMine03 (uuid: 0f9d4172-c235-4bd2-9897-490c4a93ddfe): obamagivesnosh
[20:04:38] TheRealColmagi (uuid: c98c1615-0764-41e1-848d-73152bfabe94): damn
[20:04:51] iMine03 (uuid: 0f9d4172-c235-4bd2-9897-490c4a93ddfe): ok back to auschwitz
[20:04:55] TheRealColmagi (uuid: c98c1615-0764-41e1-848d-73152bfabe94): ok lmao
[20:05:30] TheRealColmagi (uuid: c98c1615-0764-41e1-848d-73152bfabe94): gas chamber works btw
[20:05:30] iMine03 (uuid: 0f9d4172-c235-4bd2-9897-490c4a93ddfe): i was gonna build a farm here
[20:05:34] iMine03 (uuid: 0f9d4172-c235-4bd2-9897-490c4a93ddfe): AND U BUILT AUSCHWITZ
[20:06:42] iMine03 (uuid: 0f9d4172-c235-4bd2-9897-490c4a93ddfe): incinerator
[20:06:50] TheRealColmagi (uuid: c98c1615-0764-41e1-848d-73152bfabe94): mmmmmm
[20:07:04] iMine03 (uuid: 0f9d4172-c235-4bd2-9897-490c4a93ddfe): im watching the vid rn lmfao
[20:07:07] TheRealColmagi (uuid: c98c1615-0764-41e1-848d-73152bfabe94): lmao
[20:07:12] TheRealColmagi (uuid: c98c1615-0764-41e1-848d-73152bfabe94): anomaly auschwitz in minecraft
[20:08:50] TheRealColmagi (uuid: c98c1615-0764-41e1-848d-73152bfabe94): o yeyeye
[20:09:59] iMine03 (uuid: 0f9d4172-c235-4bd2-9897-490c4a93ddfe): jesos
[20:11:32] iMine03 (uuid: 0f9d4172-c235-4bd2-9897-490c4a93ddfe): don't tp to me
[20:11:43] iMine03 (uuid: 0f9d4172-c235-4bd2-9897-490c4a93ddfe): kk
[20:12:01] TheRealColmagi (uuid: c98c1615-0764-41e1-848d-73152bfabe94): o yes
[20:12:49] TheRealColmagi (uuid: c98c1615-0764-41e1-848d-73152bfabe94): o yes
[20:13:13] iMine03 (uuid: 0f9d4172-c235-4bd2-9897-490c4a93ddfe): nigget matthew gets free 100 on euro proj
[20:13:18] TheRealColmagi (uuid: c98c1615-0764-41e1-848d-73152bfabe94): amanda
[20:13:20] iMine03 (uuid: 0f9d4172-c235-4bd2-9897-490c4a93ddfe): yea
[20:13:22] iMine03 (uuid: 0f9d4172-c235-4bd2-9897-490c4a93ddfe): boosted
[20:14:31] iMine03 (uuid: 0f9d4172-c235-4bd2-9897-490c4a93ddfe): bobs or vegana
[20:15:25] iMine03 (uuid: 0f9d4172-c235-4bd2-9897-490c4a93ddfe): wait bruh do claims expire
[20:16:15] iMine03 (uuid: 0f9d4172-c235-4bd2-9897-490c4a93ddfe): HOLY
[20:16:19] iMine03 (uuid: 0f9d4172-c235-4bd2-9897-490c4a93ddfe): i can open chests
[20:16:22] TheRealColmagi (uuid: c98c1615-0764-41e1-848d-73152bfabe94): o shit
[20:16:26] iMine03 (uuid: 0f9d4172-c235-4bd2-9897-490c4a93ddfe): TIME TO STEAL
[20:16:32] iMine03 (uuid: 0f9d4172-c235-4bd2-9897-490c4a93ddfe): holy fuck
[20:16:32] TheRealColmagi (uuid: c98c1615-0764-41e1-848d-73152bfabe94): nigga pauls claim was undone
[20:16:36] iMine03 (uuid: 0f9d4172-c235-4bd2-9897-490c4a93ddfe): i have all the shit now
[20:16:38] TheRealColmagi (uuid: c98c1615-0764-41e1-848d-73152bfabe94): it expired i think
[20:16:40] iMine03 (uuid: 0f9d4172-c235-4bd2-9897-490c4a93ddfe): shhhhhhhhhh
[20:16:43] iMine03 (uuid: 0f9d4172-c235-4bd2-9897-490c4a93ddfe): dont tell matjew yet
[20:16:46] TheRealColmagi (uuid: c98c1615-0764-41e1-848d-73152bfabe94): mhm
[20:16:53] iMine03 (uuid: 0f9d4172-c235-4bd2-9897-490c4a93ddfe): we gonna wait ;)
[20:16:57] TheRealColmagi (uuid: c98c1615-0764-41e1-848d-73152bfabe94): ok
[20:16:59] iMine03 (uuid: 0f9d4172-c235-4bd2-9897-490c4a93ddfe): here i'll pay u hush money
[20:17:04] TheRealColmagi (uuid: c98c1615-0764-41e1-848d-73152bfabe94): mhm
[20:17:12] TheRealColmagi (uuid: c98c1615-0764-41e1-848d-73152bfabe94): i dont need ur virtual cash
[20:17:16] iMine03 (uuid: 0f9d4172-c235-4bd2-9897-490c4a93ddfe): mhm
[20:17:25] iMine03 (uuid: 0f9d4172-c235-4bd2-9897-490c4a93ddfe): pay me 500k
[20:17:43] TheRealColmagi (uuid: c98c1615-0764-41e1-848d-73152bfabe94): nigga
[20:17:46] TheRealColmagi (uuid: c98c1615-0764-41e1-848d-73152bfabe94): everyones claims expired
[20:17:57] iMine03 (uuid: 0f9d4172-c235-4bd2-9897-490c4a93ddfe): o fuck
[20:17:58] TheRealColmagi (uuid: c98c1615-0764-41e1-848d-73152bfabe94): dereks entire skyfarm is unclaimed
[20:17:59] iMine03 (uuid: 0f9d4172-c235-4bd2-9897-490c4a93ddfe): DEREK
[20:18:01] iMine03 (uuid: 0f9d4172-c235-4bd2-9897-490c4a93ddfe): HOLY
[20:18:02] iMine03 (uuid: 0f9d4172-c235-4bd2-9897-490c4a93ddfe): TIME TO CLAIM
[20:18:26] TheRealColmagi (uuid: c98c1615-0764-41e1-848d-73152bfabe94): matjews house is unclaimed
[20:18:41] TheRealColmagi (uuid: c98c1615-0764-41e1-848d-73152bfabe94): thankfully skybase is still claimed
[20:19:24] TheRealColmagi (uuid: c98c1615-0764-41e1-848d-73152bfabe94): NIGGET
[20:19:27] iMine03 (uuid: 0f9d4172-c235-4bd2-9897-490c4a93ddfe): what
[20:19:30] TheRealColmagi (uuid: c98c1615-0764-41e1-848d-73152bfabe94): dis bafd
[20:19:33] TheRealColmagi (uuid: c98c1615-0764-41e1-848d-73152bfabe94): better get ppl on again
[20:19:37] TheRealColmagi (uuid: c98c1615-0764-41e1-848d-73152bfabe94): cuz nothings claimed
[20:19:40] iMine03 (uuid: 0f9d4172-c235-4bd2-9897-490c4a93ddfe): time to claim
[20:19:42] TheRealColmagi (uuid: c98c1615-0764-41e1-848d-73152bfabe94): mhm
[20:19:45] TheRealColmagi (uuid: c98c1615-0764-41e1-848d-73152bfabe94): dont claim deeks skyfarm
[20:19:46] iMine03 (uuid: 0f9d4172-c235-4bd2-9897-490c4a93ddfe): i'm claiming paul's shit
[20:19:56] iMine03 (uuid: 0f9d4172-c235-4bd2-9897-490c4a93ddfe): shit
[20:19:59] iMine03 (uuid: 0f9d4172-c235-4bd2-9897-490c4a93ddfe): can u give me golden shovel
