[09:42:19] iiBethanyii (uuid: 017ec225-2727-4d08-b15d-c5d9f307a55c): gucci gang
[09:43:27] iiBethanyii (uuid: 017ec225-2727-4d08-b15d-c5d9f307a55c): gang gucci
[09:43:44] iiBethanyii (uuid: 017ec225-2727-4d08-b15d-c5d9f307a55c): treasure
[09:50:40] iiBethanyii (uuid: 017ec225-2727-4d08-b15d-c5d9f307a55c): nigr
[09:51:45] BowMaster_7 (uuid: 09906eb9-3bd7-461e-9aff-854e2d4b7835): shit
[09:52:45] iiBethanyii (uuid: 017ec225-2727-4d08-b15d-c5d9f307a55c): stop
[09:52:46] iiBethanyii (uuid: 017ec225-2727-4d08-b15d-c5d9f307a55c): fag
[09:52:48] iiBethanyii (uuid: 017ec225-2727-4d08-b15d-c5d9f307a55c): fgt
[09:52:49] iiBethanyii (uuid: 017ec225-2727-4d08-b15d-c5d9f307a55c): stop
[09:52:57] BowMaster_7 (uuid: 09906eb9-3bd7-461e-9aff-854e2d4b7835): why water
[09:53:05] iiBethanyii (uuid: 017ec225-2727-4d08-b15d-c5d9f307a55c): im trying to make drowned
[09:53:15] BowMaster_7 (uuid: 09906eb9-3bd7-461e-9aff-854e2d4b7835): i can just kill them
[09:53:20] iiBethanyii (uuid: 017ec225-2727-4d08-b15d-c5d9f307a55c): i want drowned
[10:41:53] iiBethanyii (uuid: 017ec225-2727-4d08-b15d-c5d9f307a55c): fgt
[10:41:58] iiBethanyii (uuid: 017ec225-2727-4d08-b15d-c5d9f307a55c): i was trying to afk
[10:42:00] iiBethanyii (uuid: 017ec225-2727-4d08-b15d-c5d9f307a55c): im telling james
[10:42:01] iiBethanyii (uuid: 017ec225-2727-4d08-b15d-c5d9f307a55c): retard
[10:42:06] iiBethanyii (uuid: 017ec225-2727-4d08-b15d-c5d9f307a55c): Nig nog
[13:15:08] iiBethanyii (uuid: 017ec225-2727-4d08-b15d-c5d9f307a55c): hi
[13:15:12] iiBethanyii (uuid: 017ec225-2727-4d08-b15d-c5d9f307a55c): andy
[13:15:16] iiBethanyii (uuid: 017ec225-2727-4d08-b15d-c5d9f307a55c): im sorry for bulli
[13:15:24] iiBethanyii (uuid: 017ec225-2727-4d08-b15d-c5d9f307a55c): use ! infront of ur messages to shout globablly
[13:15:33] iiBethanyii (uuid: 017ec225-2727-4d08-b15d-c5d9f307a55c): !Ree vs ree
[13:17:10] iiBethanyii (uuid: 017ec225-2727-4d08-b15d-c5d9f307a55c): Come to "/warp profitshop" and buy eggs for $10! Then go to "/warp egg" to sell them for $16!
[13:17:15] iiBethanyii (uuid: 017ec225-2727-4d08-b15d-c5d9f307a55c): §a ree
[13:18:04] iiBethanyii (uuid: 017ec225-2727-4d08-b15d-c5d9f307a55c): Come to §l§a/warp profitshop§r and buy eggs for $10! Then go to §l§a/warp egg§r to sell them for $16!
[13:18:13] iiBethanyii (uuid: 017ec225-2727-4d08-b15d-c5d9f307a55c): Come to §a§l/warp profitshop§r and buy eggs for $10! Then go to §l§a/warp egg§r to sell them for $16!
[13:18:50] iiBethanyii (uuid: 017ec225-2727-4d08-b15d-c5d9f307a55c): Come to §a§l/warp profitshop§r and buy eggs for §4§l$10!§r Then go to §a§l/warp egg§r to sell them for §4§l$16!§r
[13:19:06] iiBethanyii (uuid: 017ec225-2727-4d08-b15d-c5d9f307a55c): §l&tCome to §a§l/warp profitshop§r and buy eggs for §4§l$10!§r Then go to §a§l/warp egg§r to sell them for §4§l$16!§r
[13:19:56] iiBethanyii (uuid: 017ec225-2727-4d08-b15d-c5d9f307a55c): §l§6Come to §a§l/warp profitshop§6 and buy eggs for §4§l$10!§6 Then go to §a§l/warp egg§r to sell them for §4§l$16!§r
[13:20:11] iiBethanyii (uuid: 017ec225-2727-4d08-b15d-c5d9f307a55c): §l§6Come to §a§l/warp profitshop§6 and buy eggs for §4§l$10!§6 Then go to §a§l/warp egg§6 to sell them for §4§l$16!§r
[13:20:46] iiBethanyii (uuid: 017ec225-2727-4d08-b15d-c5d9f307a55c): §l§6Come to §a§l/warp profitshop§6 and buy eggs for §4§l$10!§6 Then go to §a§l/warp egg§6 to sell them for §4§l$16!§r
[13:20:47] iiBethanyii (uuid: 017ec225-2727-4d08-b15d-c5d9f307a55c): ree
[13:21:42] iiBethanyii (uuid: 017ec225-2727-4d08-b15d-c5d9f307a55c): hi andy
[13:21:46] iiBethanyii (uuid: 017ec225-2727-4d08-b15d-c5d9f307a55c): its ian
[13:22:15] iiBethanyii (uuid: 017ec225-2727-4d08-b15d-c5d9f307a55c): is andy bleind
[13:22:31] bigboi2016 (uuid: bddd595a-c3c6-47b5-b788-70d5b62550ff): eyes
[13:22:33] bigboi2016 (uuid: bddd595a-c3c6-47b5-b788-70d5b62550ff): ye
[13:22:47] bigboi2016 (uuid: bddd595a-c3c6-47b5-b788-70d5b62550ff): idk
[13:22:50] Nellynutton0614 (uuid: 521aa102-c0d6-44d5-afa8-6d17c398dd35): wat
[13:23:04] bigboi2016 (uuid: bddd595a-c3c6-47b5-b788-70d5b62550ff): yes
[13:23:08] iiBethanyii (uuid: 017ec225-2727-4d08-b15d-c5d9f307a55c): andy
[13:23:09] iiBethanyii (uuid: 017ec225-2727-4d08-b15d-c5d9f307a55c): fat lard
[13:23:21] Nellynutton0614 (uuid: 521aa102-c0d6-44d5-afa8-6d17c398dd35): fight me
[13:23:33] iiBethanyii (uuid: 017ec225-2727-4d08-b15d-c5d9f307a55c): put an exclamation mark infront of your messages
[13:23:45] iiBethanyii (uuid: 017ec225-2727-4d08-b15d-c5d9f307a55c): nobody can see what ur saying
[13:23:48] Nellynutton0614 (uuid: 521aa102-c0d6-44d5-afa8-6d17c398dd35):  oh
[13:23:50] iiBethanyii (uuid: 017ec225-2727-4d08-b15d-c5d9f307a55c): ye
[13:24:04] Nellynutton0614 (uuid: 521aa102-c0d6-44d5-afa8-6d17c398dd35):  fuck i see
[13:24:08] iiBethanyii (uuid: 017ec225-2727-4d08-b15d-c5d9f307a55c): alex why isther an anvil on ur tree
[13:24:15] bigboi2016 (uuid: bddd595a-c3c6-47b5-b788-70d5b62550ff): wtf
[13:24:16] iiBethanyii (uuid: 017ec225-2727-4d08-b15d-c5d9f307a55c): ah oh andy saying bad word
[13:24:53] bigboi2016 (uuid: bddd595a-c3c6-47b5-b788-70d5b62550ff): wtf
[13:24:58] bigboi2016 (uuid: bddd595a-c3c6-47b5-b788-70d5b62550ff): how u do dhat
[13:24:59] iiBethanyii (uuid: 017ec225-2727-4d08-b15d-c5d9f307a55c): new disguises
[13:25:03] bigboi2016 (uuid: bddd595a-c3c6-47b5-b788-70d5b62550ff): what firk
[13:25:08] bigboi2016 (uuid: bddd595a-c3c6-47b5-b788-70d5b62550ff): do u have less hearts
[13:25:10] iiBethanyii (uuid: 017ec225-2727-4d08-b15d-c5d9f307a55c): no
[13:25:46] iiBethanyii (uuid: 017ec225-2727-4d08-b15d-c5d9f307a55c): ree
[13:25:50] bigboi2016 (uuid: bddd595a-c3c6-47b5-b788-70d5b62550ff): can uhodl weapon
[13:25:53] bigboi2016 (uuid: bddd595a-c3c6-47b5-b788-70d5b62550ff): as zombie
[13:25:58] iiBethanyii (uuid: 017ec225-2727-4d08-b15d-c5d9f307a55c): do u see it
[13:25:58] bigboi2016 (uuid: bddd595a-c3c6-47b5-b788-70d5b62550ff): lol
[13:26:00] bigboi2016 (uuid: bddd595a-c3c6-47b5-b788-70d5b62550ff): yes
[13:26:03] iiBethanyii (uuid: 017ec225-2727-4d08-b15d-c5d9f307a55c): the sword?
[13:26:10] bigboi2016 (uuid: bddd595a-c3c6-47b5-b788-70d5b62550ff): ye
[13:26:13] iiBethanyii (uuid: 017ec225-2727-4d08-b15d-c5d9f307a55c): I can also use elytra
[13:26:16] iiBethanyii (uuid: 017ec225-2727-4d08-b15d-c5d9f307a55c): so it loks like im flying
[13:26:19] bigboi2016 (uuid: bddd595a-c3c6-47b5-b788-70d5b62550ff): LOL
[13:26:21] iiBethanyii (uuid: 017ec225-2727-4d08-b15d-c5d9f307a55c): using chicken
[13:26:23] bigboi2016 (uuid: bddd595a-c3c6-47b5-b788-70d5b62550ff): do it bvefore i gtg
[13:26:44] bigboi2016 (uuid: bddd595a-c3c6-47b5-b788-70d5b62550ff): LOL
[13:26:50] iiBethanyii (uuid: 017ec225-2727-4d08-b15d-c5d9f307a55c): ez kicked for flying
[13:33:36] TheRealColmagi (uuid: c98c1615-0764-41e1-848d-73152bfabe94): oWo
[13:33:39] iiBethanyii (uuid: 017ec225-2727-4d08-b15d-c5d9f307a55c): hewy
[13:33:46] iiBethanyii (uuid: 017ec225-2727-4d08-b15d-c5d9f307a55c): Half the treasure maps are fake
[13:33:48] TheRealColmagi (uuid: c98c1615-0764-41e1-848d-73152bfabe94): sup jew
[13:34:11] TheRealColmagi (uuid: c98c1615-0764-41e1-848d-73152bfabe94): lmao fegrek banned
[13:34:17] iiBethanyii (uuid: 017ec225-2727-4d08-b15d-c5d9f307a55c): james can u remove the bedrock in my house
[13:38:36] iiBethanyii (uuid: 017ec225-2727-4d08-b15d-c5d9f307a55c): ethan
[13:38:42] iiBethanyii (uuid: 017ec225-2727-4d08-b15d-c5d9f307a55c): do u want a conduit
[13:38:44] iiBethanyii (uuid: 017ec225-2727-4d08-b15d-c5d9f307a55c): i found naother
[13:38:46] iMine03 (uuid: 0f9d4172-c235-4bd2-9897-490c4a93ddfe): sure
[13:39:01] iMine03 (uuid: 0f9d4172-c235-4bd2-9897-490c4a93ddfe): :)
[13:39:17] iMine03 (uuid: 0f9d4172-c235-4bd2-9897-490c4a93ddfe): wefjawefoijawe;oifajwefawf
[13:39:20] iiBethanyii (uuid: 017ec225-2727-4d08-b15d-c5d9f307a55c): ree
[13:39:21] iMine03 (uuid: 0f9d4172-c235-4bd2-9897-490c4a93ddfe): andy
[13:39:43] iMine03 (uuid: 0f9d4172-c235-4bd2-9897-490c4a93ddfe): i just got home
[13:39:48] iMine03 (uuid: 0f9d4172-c235-4bd2-9897-490c4a93ddfe): the other gays r still riding ack
[13:39:50] iMine03 (uuid: 0f9d4172-c235-4bd2-9897-490c4a93ddfe): back
[13:39:51] iiBethanyii (uuid: 017ec225-2727-4d08-b15d-c5d9f307a55c): from turkey troot?
[13:39:53] iMine03 (uuid: 0f9d4172-c235-4bd2-9897-490c4a93ddfe): ye
[13:39:59] iiBethanyii (uuid: 017ec225-2727-4d08-b15d-c5d9f307a55c): i have 12.5 hours ez
[13:40:04] iMine03 (uuid: 0f9d4172-c235-4bd2-9897-490c4a93ddfe): me too
[13:40:43] iiBethanyii (uuid: 017ec225-2727-4d08-b15d-c5d9f307a55c): where do u wnat conduit
[13:40:55] iiBethanyii (uuid: 017ec225-2727-4d08-b15d-c5d9f307a55c): *want
[13:40:59] iMine03 (uuid: 0f9d4172-c235-4bd2-9897-490c4a93ddfe): here's fine
[13:41:00] iiBethanyii (uuid: 017ec225-2727-4d08-b15d-c5d9f307a55c): where do u want it
[13:41:06] iiBethanyii (uuid: 017ec225-2727-4d08-b15d-c5d9f307a55c): thats descriptive
[13:41:07] iMine03 (uuid: 0f9d4172-c235-4bd2-9897-490c4a93ddfe): oh wait
[13:41:13] iMine03 (uuid: 0f9d4172-c235-4bd2-9897-490c4a93ddfe): mm got it
[13:41:16] iMine03 (uuid: 0f9d4172-c235-4bd2-9897-490c4a93ddfe): wait a sec
[13:41:22] iiBethanyii (uuid: 017ec225-2727-4d08-b15d-c5d9f307a55c): i gotta craft real quick
[13:41:30] iiBethanyii (uuid: 017ec225-2727-4d08-b15d-c5d9f307a55c): u like
[13:41:32] iiBethanyii (uuid: 017ec225-2727-4d08-b15d-c5d9f307a55c): bubble ball
[13:41:34] bigboi2016 (uuid: bddd595a-c3c6-47b5-b788-70d5b62550ff): how's u get all those shell thingys
[13:41:42] iiBethanyii (uuid: 017ec225-2727-4d08-b15d-c5d9f307a55c): what shellt thing
[13:41:50] bigboi2016 (uuid: bddd595a-c3c6-47b5-b788-70d5b62550ff): natilus shells
[13:41:58] iiBethanyii (uuid: 017ec225-2727-4d08-b15d-c5d9f307a55c): Fishing
[13:42:00] iMine03 (uuid: 0f9d4172-c235-4bd2-9897-490c4a93ddfe): idk man can u put it here
[13:42:07] iiBethanyii (uuid: 017ec225-2727-4d08-b15d-c5d9f307a55c): sure
[13:42:12] iMine03 (uuid: 0f9d4172-c235-4bd2-9897-490c4a93ddfe): kk
[13:42:18] iiBethanyii (uuid: 017ec225-2727-4d08-b15d-c5d9f307a55c): I need prismarine blocks for dat i cant use lanterns cuz i used all mine
[13:42:21] iiBethanyii (uuid: 017ec225-2727-4d08-b15d-c5d9f307a55c): ill use
[13:42:24] iiBethanyii (uuid: 017ec225-2727-4d08-b15d-c5d9f307a55c): prismarine brick
[13:42:38] iMine03 (uuid: 0f9d4172-c235-4bd2-9897-490c4a93ddfe): rip i have like 2
[13:42:42] iMine03 (uuid: 0f9d4172-c235-4bd2-9897-490c4a93ddfe): alex ni ill pay u for some
[13:42:49] iiBethanyii (uuid: 017ec225-2727-4d08-b15d-c5d9f307a55c): i made /warp prismarine
[13:42:57] iiBethanyii (uuid: 017ec225-2727-4d08-b15d-c5d9f307a55c): already killed guardians so u can get prismarine
[13:42:58] iMine03 (uuid: 0f9d4172-c235-4bd2-9897-490c4a93ddfe): kk
[13:44:02] iMine03 (uuid: 0f9d4172-c235-4bd2-9897-490c4a93ddfe): holy auts it's lagging again
[13:44:02] iiBethanyii (uuid: 017ec225-2727-4d08-b15d-c5d9f307a55c): fuck i cant find my bricks
[13:44:21] iiBethanyii (uuid: 017ec225-2727-4d08-b15d-c5d9f307a55c): alex did u find a heart of sea
[13:44:29] bigboi2016 (uuid: bddd595a-c3c6-47b5-b788-70d5b62550ff): yes
[13:44:30] bigboi2016 (uuid: bddd595a-c3c6-47b5-b788-70d5b62550ff): yes
[13:44:38] iiBethanyii (uuid: 017ec225-2727-4d08-b15d-c5d9f307a55c): just dont look in the direction of my house
[13:44:58] iMine03 (uuid: 0f9d4172-c235-4bd2-9897-490c4a93ddfe): auts i can't even do shit
[13:45:04] iMine03 (uuid: 0f9d4172-c235-4bd2-9897-490c4a93ddfe): jesus christ
[13:45:27] iiBethanyii (uuid: 017ec225-2727-4d08-b15d-c5d9f307a55c): should i get rid of chicken farm
[13:45:41] bigboi2016 (uuid: bddd595a-c3c6-47b5-b788-70d5b62550ff): tf
[13:45:52] bigboi2016 (uuid: bddd595a-c3c6-47b5-b788-70d5b62550ff): yes
[13:45:56] bigboi2016 (uuid: bddd595a-c3c6-47b5-b788-70d5b62550ff): or mve it
[13:47:45] iiBethanyii (uuid: 017ec225-2727-4d08-b15d-c5d9f307a55c): i cut down
[14:05:44] bigboi2016 (uuid: bddd595a-c3c6-47b5-b788-70d5b62550ff): hlelo yeethan
[14:05:59] iMine03 (uuid: 0f9d4172-c235-4bd2-9897-490c4a93ddfe): alex u wanna go exploring again
[14:06:05] bigboi2016 (uuid: bddd595a-c3c6-47b5-b788-70d5b62550ff): yeh one sec
[14:06:53] bigboi2016 (uuid: bddd595a-c3c6-47b5-b788-70d5b62550ff): gimme 2 minutes
[14:07:07] bigboi2016 (uuid: bddd595a-c3c6-47b5-b788-70d5b62550ff): you can go first and il tp
[14:10:24] bigboi2016 (uuid: bddd595a-c3c6-47b5-b788-70d5b62550ff): wait let me get a boat
[14:10:27] iMine03 (uuid: 0f9d4172-c235-4bd2-9897-490c4a93ddfe): i have one
[14:10:36] bigboi2016 (uuid: bddd595a-c3c6-47b5-b788-70d5b62550ff): shovel?
[14:10:42] iMine03 (uuid: 0f9d4172-c235-4bd2-9897-490c4a93ddfe): i need some
[14:10:47] bigboi2016 (uuid: bddd595a-c3c6-47b5-b788-70d5b62550ff): ok
[14:11:15] AncientArchangel (uuid: 8d60bf33-7561-40f0-bda3-3083e8655c32): hi
[14:11:43] bigboi2016 (uuid: bddd595a-c3c6-47b5-b788-70d5b62550ff): who AncientArchangel
[14:11:51] AncientArchangel (uuid: 8d60bf33-7561-40f0-bda3-3083e8655c32): anyone?
[14:13:27] AncientArchangel (uuid: 8d60bf33-7561-40f0-bda3-3083e8655c32): james
[14:15:02] bigboi2016 (uuid: bddd595a-c3c6-47b5-b788-70d5b62550ff): oof
[14:17:49] bigboi2016 (uuid: bddd595a-c3c6-47b5-b788-70d5b62550ff): tp to me
[14:17:51] bigboi2016 (uuid: bddd595a-c3c6-47b5-b788-70d5b62550ff): tp
[14:18:15] bigboi2016 (uuid: bddd595a-c3c6-47b5-b788-70d5b62550ff): look dat mountain
[14:20:11] bigboi2016 (uuid: bddd595a-c3c6-47b5-b788-70d5b62550ff): bruh
[14:20:50] bigboi2016 (uuid: bddd595a-c3c6-47b5-b788-70d5b62550ff): left
[14:21:05] bigboi2016 (uuid: bddd595a-c3c6-47b5-b788-70d5b62550ff): whoops
[14:21:09] TheRealColmagi (uuid: c98c1615-0764-41e1-848d-73152bfabe94): jesos
[14:21:17] bigboi2016 (uuid: bddd595a-c3c6-47b5-b788-70d5b62550ff): forwards
[14:22:41] bigboi2016 (uuid: bddd595a-c3c6-47b5-b788-70d5b62550ff): wait
[14:24:04] iMine03 (uuid: 0f9d4172-c235-4bd2-9897-490c4a93ddfe): Qcompartamentos
[14:24:10] TheRealColmagi (uuid: c98c1615-0764-41e1-848d-73152bfabe94): jesos
[14:24:16] TheRealColmagi (uuid: c98c1615-0764-41e1-848d-73152bfabe94): 2 fegs on a boat xd
[14:24:46] bigboi2016 (uuid: bddd595a-c3c6-47b5-b788-70d5b62550ff): treushutr
[14:24:51] iMine03 (uuid: 0f9d4172-c235-4bd2-9897-490c4a93ddfe): ur uber is here alex
[14:24:58] bigboi2016 (uuid: bddd595a-c3c6-47b5-b788-70d5b62550ff): thanks ill be the driver
[14:25:01] TheRealColmagi (uuid: c98c1615-0764-41e1-848d-73152bfabe94): am ur uber driver, im outside
[14:25:32] iMine03 (uuid: 0f9d4172-c235-4bd2-9897-490c4a93ddfe): turkey THOT
[14:25:36] TheRealColmagi (uuid: c98c1615-0764-41e1-848d-73152bfabe94): mhm
[14:25:38] iMine03 (uuid: 0f9d4172-c235-4bd2-9897-490c4a93ddfe): trot
[14:25:41] iMine03 (uuid: 0f9d4172-c235-4bd2-9897-490c4a93ddfe): ***trot
[14:25:43] TheRealColmagi (uuid: c98c1615-0764-41e1-848d-73152bfabe94): turkey trot turkey thot
[14:25:49] TheRealColmagi (uuid: c98c1615-0764-41e1-848d-73152bfabe94): jesos i need to take a nap
[14:26:11] bigboi2016 (uuid: bddd595a-c3c6-47b5-b788-70d5b62550ff): another ship
[14:26:15] iMine03 (uuid: 0f9d4172-c235-4bd2-9897-490c4a93ddfe): gimme 18 diamonds
[14:26:20] TheRealColmagi (uuid: c98c1615-0764-41e1-848d-73152bfabe94): nein
[14:26:23] iMine03 (uuid: 0f9d4172-c235-4bd2-9897-490c4a93ddfe): ok
[14:27:23] bigboi2016 (uuid: bddd595a-c3c6-47b5-b788-70d5b62550ff): ride?
[14:27:33] iMine03 (uuid: 0f9d4172-c235-4bd2-9897-490c4a93ddfe): call an ubert
[14:27:35] TheRealColmagi (uuid: c98c1615-0764-41e1-848d-73152bfabe94): o shiet i found emeralds
[14:27:35] bigboi2016 (uuid: bddd595a-c3c6-47b5-b788-70d5b62550ff): k
[14:28:05] iMine03 (uuid: 0f9d4172-c235-4bd2-9897-490c4a93ddfe): holy 10 bucks ez
[14:28:57] TheRealColmagi (uuid: c98c1615-0764-41e1-848d-73152bfabe94): the fuckcc
[14:29:00] TheRealColmagi (uuid: c98c1615-0764-41e1-848d-73152bfabe94): hwere everyone else
[14:29:15] iMine03 (uuid: 0f9d4172-c235-4bd2-9897-490c4a93ddfe): why am i not allowed to auction
[14:29:21] TheRealColmagi (uuid: c98c1615-0764-41e1-848d-73152bfabe94): wat
[14:29:36] TheRealColmagi (uuid: c98c1615-0764-41e1-848d-73152bfabe94): what does it say
[14:29:45] TheRealColmagi (uuid: c98c1615-0764-41e1-848d-73152bfabe94): auts
[14:29:47] iMine03 (uuid: 0f9d4172-c235-4bd2-9897-490c4a93ddfe): why can't i auction kelp
[14:29:54] TheRealColmagi (uuid: c98c1615-0764-41e1-848d-73152bfabe94): doesnt think it recognizes it
[14:29:58] iMine03 (uuid: 0f9d4172-c235-4bd2-9897-490c4a93ddfe): rip
[14:29:58] TheRealColmagi (uuid: c98c1615-0764-41e1-848d-73152bfabe94): 1.13 items u cant auction
[14:30:02] TheRealColmagi (uuid: c98c1615-0764-41e1-848d-73152bfabe94): hasnt been updated
[14:30:52] bigboi2016 (uuid: bddd595a-c3c6-47b5-b788-70d5b62550ff): tahts not stone
[14:30:56] TheRealColmagi (uuid: c98c1615-0764-41e1-848d-73152bfabe94): p good deal
[14:32:24] TheRealColmagi (uuid: c98c1615-0764-41e1-848d-73152bfabe94): MHM
[14:32:39] iMine03 (uuid: 0f9d4172-c235-4bd2-9897-490c4a93ddfe): james come along on our expedition
[14:32:50] TheRealColmagi (uuid: c98c1615-0764-41e1-848d-73152bfabe94): 34th expedition beyond the walls
[14:33:02] bigboi2016 (uuid: bddd595a-c3c6-47b5-b788-70d5b62550ff): wtf
[14:33:45] iMine03 (uuid: 0f9d4172-c235-4bd2-9897-490c4a93ddfe): wai shit
[14:33:50] bigboi2016 (uuid: bddd595a-c3c6-47b5-b788-70d5b62550ff): LOL
[14:34:07] TheRealColmagi (uuid: c98c1615-0764-41e1-848d-73152bfabe94): thick fork
[14:34:11] TheRealColmagi (uuid: c98c1615-0764-41e1-848d-73152bfabe94): thicc forc
[14:35:24] iMine03 (uuid: 0f9d4172-c235-4bd2-9897-490c4a93ddfe): p good deal considering they're 32 in shop
[14:35:26] TheRealColmagi (uuid: c98c1615-0764-41e1-848d-73152bfabe94): o lmao thought someone changed date
[14:35:34] TheRealColmagi (uuid: c98c1615-0764-41e1-848d-73152bfabe94): realized my night vision wore off
[14:35:35] TheRealColmagi (uuid: c98c1615-0764-41e1-848d-73152bfabe94): gotem
[14:35:39] bigboi2016 (uuid: bddd595a-c3c6-47b5-b788-70d5b62550ff): fake scam
[14:35:42] bigboi2016 (uuid: bddd595a-c3c6-47b5-b788-70d5b62550ff): map
[14:36:06] iMine03 (uuid: 0f9d4172-c235-4bd2-9897-490c4a93ddfe): james use x ray where's the treasure
[14:36:31] bigboi2016 (uuid: bddd595a-c3c6-47b5-b788-70d5b62550ff): theres not bet
[14:36:46] bigboi2016 (uuid: bddd595a-c3c6-47b5-b788-70d5b62550ff): imm keepp boing
[14:36:46] iMine03 (uuid: 0f9d4172-c235-4bd2-9897-490c4a93ddfe): jamesuh pls help
[14:37:12] iMine03 (uuid: 0f9d4172-c235-4bd2-9897-490c4a93ddfe): i havepayed u one dollar
[14:38:12] bigboi2016 (uuid: bddd595a-c3c6-47b5-b788-70d5b62550ff): im far now
[14:39:43] iMine03 (uuid: 0f9d4172-c235-4bd2-9897-490c4a93ddfe): wtf
[14:39:46] bigboi2016 (uuid: bddd595a-c3c6-47b5-b788-70d5b62550ff): wher eu
[14:40:29] bigboi2016 (uuid: bddd595a-c3c6-47b5-b788-70d5b62550ff): did u find somehing
[14:40:39] iMine03 (uuid: 0f9d4172-c235-4bd2-9897-490c4a93ddfe): holy
[14:40:44] iMine03 (uuid: 0f9d4172-c235-4bd2-9897-490c4a93ddfe): the water here is dirty af
[14:40:47] iMine03 (uuid: 0f9d4172-c235-4bd2-9897-490c4a93ddfe): brown colored
[14:40:49] bigboi2016 (uuid: bddd595a-c3c6-47b5-b788-70d5b62550ff): its a swamp boi
[14:41:27] iMine03 (uuid: 0f9d4172-c235-4bd2-9897-490c4a93ddfe): found ship
[14:41:32] bigboi2016 (uuid: bddd595a-c3c6-47b5-b788-70d5b62550ff): loot it
[14:44:13] bigboi2016 (uuid: bddd595a-c3c6-47b5-b788-70d5b62550ff): what is this divide lmao
[14:44:43] bigboi2016 (uuid: bddd595a-c3c6-47b5-b788-70d5b62550ff): left
[14:44:49] bigboi2016 (uuid: bddd595a-c3c6-47b5-b788-70d5b62550ff): right
[14:44:54] bigboi2016 (uuid: bddd595a-c3c6-47b5-b788-70d5b62550ff): ship
[14:44:58] bigboi2016 (uuid: bddd595a-c3c6-47b5-b788-70d5b62550ff): ravine
[14:46:26] iMine03 (uuid: 0f9d4172-c235-4bd2-9897-490c4a93ddfe): where r uww
[14:46:31] bigboi2016 (uuid: bddd595a-c3c6-47b5-b788-70d5b62550ff): ocena
[14:46:41] iMine03 (uuid: 0f9d4172-c235-4bd2-9897-490c4a93ddfe): where
[14:46:42] iMine03 (uuid: 0f9d4172-c235-4bd2-9897-490c4a93ddfe): cmere
[14:48:45] bigboi2016 (uuid: bddd595a-c3c6-47b5-b788-70d5b62550ff): wtf
[14:49:13] bigboi2016 (uuid: bddd595a-c3c6-47b5-b788-70d5b62550ff): ur going backwayrs
[14:49:50] bigboi2016 (uuid: bddd595a-c3c6-47b5-b788-70d5b62550ff): drive
[14:50:22] bigboi2016 (uuid: bddd595a-c3c6-47b5-b788-70d5b62550ff): whereu going
[14:51:02] bigboi2016 (uuid: bddd595a-c3c6-47b5-b788-70d5b62550ff): already looted
[14:51:18] bigboi2016 (uuid: bddd595a-c3c6-47b5-b788-70d5b62550ff): bubblues
[14:51:37] bigboi2016 (uuid: bddd595a-c3c6-47b5-b788-70d5b62550ff): shiprwerakr
[14:51:40] bigboi2016 (uuid: bddd595a-c3c6-47b5-b788-70d5b62550ff): other way
[14:52:07] iMine03 (uuid: 0f9d4172-c235-4bd2-9897-490c4a93ddfe): o shit
[14:52:27] bigboi2016 (uuid: bddd595a-c3c6-47b5-b788-70d5b62550ff): holy
[14:52:29] iMine03 (uuid: 0f9d4172-c235-4bd2-9897-490c4a93ddfe): rip boat sunk
[14:53:56] iMine03 (uuid: 0f9d4172-c235-4bd2-9897-490c4a93ddfe): rip both boats sank
[14:54:02] bigboi2016 (uuid: bddd595a-c3c6-47b5-b788-70d5b62550ff): i have one
[14:54:45] bigboi2016 (uuid: bddd595a-c3c6-47b5-b788-70d5b62550ff): i have to go in 5
[14:54:50] bigboi2016 (uuid: bddd595a-c3c6-47b5-b788-70d5b62550ff): min
[14:55:52] bigboi2016 (uuid: bddd595a-c3c6-47b5-b788-70d5b62550ff): tpa with boat
[14:57:12] bigboi2016 (uuid: bddd595a-c3c6-47b5-b788-70d5b62550ff): tpa again
[14:58:32] bigboi2016 (uuid: bddd595a-c3c6-47b5-b788-70d5b62550ff): gtg bye
[17:18:18] TheRealColmagi (uuid: c98c1615-0764-41e1-848d-73152bfabe94): LMAO DEREKS TRYNA PLAY
[17:18:20] TheRealColmagi (uuid: c98c1615-0764-41e1-848d-73152bfabe94): BUT I BANNED HIM
[17:39:50] TheRealColmagi (uuid: c98c1615-0764-41e1-848d-73152bfabe94): ay fucker
[17:39:54] TheRealColmagi (uuid: c98c1615-0764-41e1-848d-73152bfabe94): your chickens are lagging us to shit
[17:41:58] TheRealColmagi (uuid: c98c1615-0764-41e1-848d-73152bfabe94): sup
[17:44:59] bryantandpat (uuid: 7961a874-c35f-4f34-a0d1-37205c235291): o fuck ye
[17:45:03] bryantandpat (uuid: 7961a874-c35f-4f34-a0d1-37205c235291): its actually working
[17:45:11] TheRealColmagi (uuid: c98c1615-0764-41e1-848d-73152bfabe94): lmao
[17:46:02] TheRealColmagi (uuid: c98c1615-0764-41e1-848d-73152bfabe94): ima look into hub real quick
[17:47:50] bryantandpat (uuid: 7961a874-c35f-4f34-a0d1-37205c235291): lmao whys james li on
[17:47:54] bryantandpat (uuid: 7961a874-c35f-4f34-a0d1-37205c235291): arent u hosting a party
[17:50:44] JamListn (uuid: 6e9d3687-88a5-4fc3-95af-688356ddd98b): can someone gimme free diamonds
[18:02:43] iiBethanyii (uuid: 017ec225-2727-4d08-b15d-c5d9f307a55c): james
[18:02:47] iiBethanyii (uuid: 017ec225-2727-4d08-b15d-c5d9f307a55c): chickens lagigng my ass
[18:02:50] iiBethanyii (uuid: 017ec225-2727-4d08-b15d-c5d9f307a55c): fuck u
[18:02:53] iiBethanyii (uuid: 017ec225-2727-4d08-b15d-c5d9f307a55c): i killed em all
[18:03:33] iiBethanyii (uuid: 017ec225-2727-4d08-b15d-c5d9f307a55c): james
[18:03:44] JamListn (uuid: 6e9d3687-88a5-4fc3-95af-688356ddd98b): what
[18:03:48] iiBethanyii (uuid: 017ec225-2727-4d08-b15d-c5d9f307a55c): This shop gonna go odnw
[18:03:49] iiBethanyii (uuid: 017ec225-2727-4d08-b15d-c5d9f307a55c): down
[18:03:54] iiBethanyii (uuid: 017ec225-2727-4d08-b15d-c5d9f307a55c): because i killed al lteh chickens
[18:03:56] JamListn (uuid: 6e9d3687-88a5-4fc3-95af-688356ddd98b): wait why
[18:04:06] JamListn (uuid: 6e9d3687-88a5-4fc3-95af-688356ddd98b): i need money tho
[18:04:09] iiBethanyii (uuid: 017ec225-2727-4d08-b15d-c5d9f307a55c): "Oh my god ian the server lagging REEE"
[18:04:15] JamListn (uuid: 6e9d3687-88a5-4fc3-95af-688356ddd98b): that was matthew
[18:04:28] JamListn (uuid: 6e9d3687-88a5-4fc3-95af-688356ddd98b): i didnt even know it was the chickens causing lag
[18:04:34] iiBethanyii (uuid: 017ec225-2727-4d08-b15d-c5d9f307a55c): Ill relocate it later
[18:04:36] iiBethanyii (uuid: 017ec225-2727-4d08-b15d-c5d9f307a55c): it wasnt
[18:04:38] iiBethanyii (uuid: 017ec225-2727-4d08-b15d-c5d9f307a55c): its still lagging
[18:04:39] JamListn (uuid: 6e9d3687-88a5-4fc3-95af-688356ddd98b): i thought james u screwed smth up
[18:04:43] iiBethanyii (uuid: 017ec225-2727-4d08-b15d-c5d9f307a55c): was proving a point
[18:05:05] iiBethanyii (uuid: 017ec225-2727-4d08-b15d-c5d9f307a55c): Theres still over 8k$ in profit left at shop
[18:05:17] JamListn (uuid: 6e9d3687-88a5-4fc3-95af-688356ddd98b): ok lol
[18:05:18] iiBethanyii (uuid: 017ec225-2727-4d08-b15d-c5d9f307a55c): once u buy all ill move it
[18:05:23] JamListn (uuid: 6e9d3687-88a5-4fc3-95af-688356ddd98b): sure
[18:05:28] iiBethanyii (uuid: 017ec225-2727-4d08-b15d-c5d9f307a55c): i gotta eat tho
[18:05:36] JamListn (uuid: 6e9d3687-88a5-4fc3-95af-688356ddd98b): k cya boi
[18:15:11] TheRealColmagi (uuid: c98c1615-0764-41e1-848d-73152bfabe94): eh i fixed up the hub
[18:27:08] iMine03 (uuid: 0f9d4172-c235-4bd2-9897-490c4a93ddfe): bruh where is everyone
[18:37:32] iiBethanyii (uuid: 017ec225-2727-4d08-b15d-c5d9f307a55c): james
[18:37:34] iiBethanyii (uuid: 017ec225-2727-4d08-b15d-c5d9f307a55c): jew
[18:38:13] TheRealColmagi (uuid: c98c1615-0764-41e1-848d-73152bfabe94): jew
[18:38:24] iiBethanyii (uuid: 017ec225-2727-4d08-b15d-c5d9f307a55c): is it still lagging nig
[18:38:27] TheRealColmagi (uuid: c98c1615-0764-41e1-848d-73152bfabe94): not really
[18:38:29] iiBethanyii (uuid: 017ec225-2727-4d08-b15d-c5d9f307a55c): i killed my chickens
[18:38:31] TheRealColmagi (uuid: c98c1615-0764-41e1-848d-73152bfabe94): ye
[18:38:34] TheRealColmagi (uuid: c98c1615-0764-41e1-848d-73152bfabe94): ah u did
[18:38:35] TheRealColmagi (uuid: c98c1615-0764-41e1-848d-73152bfabe94): ok
[18:38:38] TheRealColmagi (uuid: c98c1615-0764-41e1-848d-73152bfabe94): i think it was chickens
[18:38:43] iiBethanyii (uuid: 017ec225-2727-4d08-b15d-c5d9f307a55c): it still lags
[18:38:46] TheRealColmagi (uuid: c98c1615-0764-41e1-848d-73152bfabe94): james li and matjew both got on
[18:38:49] TheRealColmagi (uuid: c98c1615-0764-41e1-848d-73152bfabe94): said it was playable
[18:38:54] iiBethanyii (uuid: 017ec225-2727-4d08-b15d-c5d9f307a55c): people from the other side of the world were lagging
[18:39:10] TheRealColmagi (uuid: c98c1615-0764-41e1-848d-73152bfabe94): well 1.13 is really shit optimization apparently
[18:39:17] iiBethanyii (uuid: 017ec225-2727-4d08-b15d-c5d9f307a55c): Slimefun 1.11
[18:39:18] TheRealColmagi (uuid: c98c1615-0764-41e1-848d-73152bfabe94): theres a bug on the mojang bug tracker dedicated to how shit 1.13 i
[18:39:20] TheRealColmagi (uuid: c98c1615-0764-41e1-848d-73152bfabe94): s
[18:39:39] TheRealColmagi (uuid: c98c1615-0764-41e1-848d-73152bfabe94): new swimming autistic
[18:39:49] iiBethanyii (uuid: 017ec225-2727-4d08-b15d-c5d9f307a55c): like my fishies
[18:39:54] iiBethanyii (uuid: 017ec225-2727-4d08-b15d-c5d9f307a55c): its aquarium
[18:39:59] TheRealColmagi (uuid: c98c1615-0764-41e1-848d-73152bfabe94): wat
[18:40:03] TheRealColmagi (uuid: c98c1615-0764-41e1-848d-73152bfabe94): o isee
[18:40:14] iiBethanyii (uuid: 017ec225-2727-4d08-b15d-c5d9f307a55c): conduit aquarium
[18:40:24] iiBethanyii (uuid: 017ec225-2727-4d08-b15d-c5d9f307a55c): so
[18:40:26] iiBethanyii (uuid: 017ec225-2727-4d08-b15d-c5d9f307a55c): what to do
[18:40:32] TheRealColmagi (uuid: c98c1615-0764-41e1-848d-73152bfabe94): everyones prob eating thanksgiving dinner or like
[18:40:35] TheRealColmagi (uuid: c98c1615-0764-41e1-848d-73152bfabe94): at a party
[18:40:39] iiBethanyii (uuid: 017ec225-2727-4d08-b15d-c5d9f307a55c): I ate turkey for lunch
[18:40:45] TheRealColmagi (uuid: c98c1615-0764-41e1-848d-73152bfabe94): i ate mcdonalds
[18:40:49] TheRealColmagi (uuid: c98c1615-0764-41e1-848d-73152bfabe94): in dallas
[18:40:49] iiBethanyii (uuid: 017ec225-2727-4d08-b15d-c5d9f307a55c): kfc
[18:40:52] TheRealColmagi (uuid: c98c1615-0764-41e1-848d-73152bfabe94): saw a lot of homeles sppl
[18:40:57] iiBethanyii (uuid: 017ec225-2727-4d08-b15d-c5d9f307a55c): did u share
[18:41:03] TheRealColmagi (uuid: c98c1615-0764-41e1-848d-73152bfabe94): ethan gave one of em money
[18:41:04] TheRealColmagi (uuid: c98c1615-0764-41e1-848d-73152bfabe94): time to eat
[18:55:23] iiBethanyii (uuid: 017ec225-2727-4d08-b15d-c5d9f307a55c): ethan buolding ur jew
[19:16:54] TheRealColmagi (uuid: c98c1615-0764-41e1-848d-73152bfabe94): IM GONNA YEET
[19:17:03] iMine03 (uuid: 0f9d4172-c235-4bd2-9897-490c4a93ddfe): james dont tp to me
[19:17:11] TheRealColmagi (uuid: c98c1615-0764-41e1-848d-73152bfabe94): HAHAHA TOO LATE
[19:17:15] iMine03 (uuid: 0f9d4172-c235-4bd2-9897-490c4a93ddfe): mhm
[19:17:33] TheRealColmagi (uuid: c98c1615-0764-41e1-848d-73152bfabe94): i found u
[19:17:55] TheRealColmagi (uuid: c98c1615-0764-41e1-848d-73152bfabe94): wot u doin gay carl
[19:17:57] TheRealColmagi (uuid: c98c1615-0764-41e1-848d-73152bfabe94): why cant i tp huh
[19:18:02] iMine03 (uuid: 0f9d4172-c235-4bd2-9897-490c4a93ddfe): oof
[19:18:03] TheRealColmagi (uuid: c98c1615-0764-41e1-848d-73152bfabe94): AUTS
[19:18:15] TheRealColmagi (uuid: c98c1615-0764-41e1-848d-73152bfabe94): i think hes afk
[19:19:32] Nellynutton0614 (uuid: 521aa102-c0d6-44d5-afa8-6d17c398dd35):  damn
[19:19:49] Nellynutton0614 (uuid: 521aa102-c0d6-44d5-afa8-6d17c398dd35):  get u a man like gary to send u a $
[19:19:53] TheRealColmagi (uuid: c98c1615-0764-41e1-848d-73152bfabe94): mhm
[19:20:05] TheRealColmagi (uuid: c98c1615-0764-41e1-848d-73152bfabe94): 1gotem
[19:20:08] TheRealColmagi (uuid: c98c1615-0764-41e1-848d-73152bfabe94): gotem
[19:20:29] Nellynutton0614 (uuid: 521aa102-c0d6-44d5-afa8-6d17c398dd35):  damn another 2 from colmagi and gary
[19:20:43] TheRealColmagi (uuid: c98c1615-0764-41e1-848d-73152bfabe94): fantastic gay 1
[19:20:44] TheRealColmagi (uuid: c98c1615-0764-41e1-848d-73152bfabe94): fantastic gay 2
[19:20:59] TheRealColmagi (uuid: c98c1615-0764-41e1-848d-73152bfabe94): wack
[19:21:26] TheRealColmagi (uuid: c98c1615-0764-41e1-848d-73152bfabe94): guys do i unban derek
[19:21:35] Nellynutton0614 (uuid: 521aa102-c0d6-44d5-afa8-6d17c398dd35):  lol james u missed the only intresting part of the movie
[19:21:43] TheRealColmagi (uuid: c98c1615-0764-41e1-848d-73152bfabe94): no i watched till the credits
[19:21:47] TheRealColmagi (uuid: c98c1615-0764-41e1-848d-73152bfabe94): his name is dumbledore fag
[19:21:54] TheRealColmagi (uuid: c98c1615-0764-41e1-848d-73152bfabe94): dimblefag
[19:22:08] Nellynutton0614 (uuid: 521aa102-c0d6-44d5-afa8-6d17c398dd35):  movie was kinda gay
[19:22:13] TheRealColmagi (uuid: c98c1615-0764-41e1-848d-73152bfabe94): ye wtf
[19:22:22] TheRealColmagi (uuid: c98c1615-0764-41e1-848d-73152bfabe94): nigga bunch of elite trained wizards and they just get fuckin fired
[19:22:27] TheRealColmagi (uuid: c98c1615-0764-41e1-848d-73152bfabe94): ok thats bad wording
[19:22:30] TheRealColmagi (uuid: c98c1615-0764-41e1-848d-73152bfabe94): they get burned
[19:22:49] TheRealColmagi (uuid: c98c1615-0764-41e1-848d-73152bfabe94): like why is that niggas brother the only person who can fight back against the flame
[19:22:51] Nellynutton0614 (uuid: 521aa102-c0d6-44d5-afa8-6d17c398dd35):  wait legit grindlewalds motivation is that humans will turn wizards into jews
[19:22:57] TheRealColmagi (uuid: c98c1615-0764-41e1-848d-73152bfabe94): thats bullshit plot armor if ive ever seen one
[19:23:05] Nellynutton0614 (uuid: 521aa102-c0d6-44d5-afa8-6d17c398dd35):  isnt that wat the holocaust scene was for
[19:23:20] TheRealColmagi (uuid: c98c1615-0764-41e1-848d-73152bfabe94): unsatisfying to see people literally just get snapped but its fire instead of thanos
[19:23:41] TheRealColmagi (uuid: c98c1615-0764-41e1-848d-73152bfabe94): if anything they shouldve had an action sequence of grindlewald raping everyuone
[19:23:47] TheRealColmagi (uuid: c98c1615-0764-41e1-848d-73152bfabe94): with spells
[19:23:51] TheRealColmagi (uuid: c98c1615-0764-41e1-848d-73152bfabe94): not some pussy blue fire thats fucking gay
[19:23:56] iMine03 (uuid: 0f9d4172-c235-4bd2-9897-490c4a93ddfe): this ur house?
[19:24:02] TheRealColmagi (uuid: c98c1615-0764-41e1-848d-73152bfabe94): i found u gaymine
[19:24:11] iMine03 (uuid: 0f9d4172-c235-4bd2-9897-490c4a93ddfe): nice house andy
[19:24:17] TheRealColmagi (uuid: c98c1615-0764-41e1-848d-73152bfabe94): ez
[19:24:46] TheRealColmagi (uuid: c98c1615-0764-41e1-848d-73152bfabe94): hey guys im sped
[19:24:52] TheRealColmagi (uuid: c98c1615-0764-41e1-848d-73152bfabe94): heres my safety helmet
[19:25:03] Nellynutton0614 (uuid: 521aa102-c0d6-44d5-afa8-6d17c398dd35): wtf is this banner
[19:25:09] TheRealColmagi (uuid: c98c1615-0764-41e1-848d-73152bfabe94): survey corps
[19:25:35] iMine03 (uuid: 0f9d4172-c235-4bd2-9897-490c4a93ddfe): gimme fegrek's claim
[19:25:44] TheRealColmagi (uuid: c98c1615-0764-41e1-848d-73152bfabe94): hes not permabanned lol
[19:25:56] iMine03 (uuid: 0f9d4172-c235-4bd2-9897-490c4a93ddfe): holy
[19:26:08] iMine03 (uuid: 0f9d4172-c235-4bd2-9897-490c4a93ddfe): there's this random ass sand house jutting out of the mountain
[19:26:13] TheRealColmagi (uuid: c98c1615-0764-41e1-848d-73152bfabe94): ye wtf
[19:26:15] TheRealColmagi (uuid: c98c1615-0764-41e1-848d-73152bfabe94): who made that gay shit
[19:26:25] iMine03 (uuid: 0f9d4172-c235-4bd2-9897-490c4a93ddfe): ur mom
[19:26:30] TheRealColmagi (uuid: c98c1615-0764-41e1-848d-73152bfabe94): not even a house
[19:26:32] TheRealColmagi (uuid: c98c1615-0764-41e1-848d-73152bfabe94): not even a house
[19:26:34] iMine03 (uuid: 0f9d4172-c235-4bd2-9897-490c4a93ddfe): wtf is this
[19:26:42] iMine03 (uuid: 0f9d4172-c235-4bd2-9897-490c4a93ddfe): gray stained glass?
[19:26:52] TheRealColmagi (uuid: c98c1615-0764-41e1-848d-73152bfabe94): oye
[19:27:55] Nellynutton0614 (uuid: 521aa102-c0d6-44d5-afa8-6d17c398dd35):  yo can i claim this sand house
[19:27:58] TheRealColmagi (uuid: c98c1615-0764-41e1-848d-73152bfabe94): sure ig
[19:28:00] iMine03 (uuid: 0f9d4172-c235-4bd2-9897-490c4a93ddfe): ig
[19:28:02] iMine03 (uuid: 0f9d4172-c235-4bd2-9897-490c4a93ddfe): lmfao
[19:28:10] Nellynutton0614 (uuid: 521aa102-c0d6-44d5-afa8-6d17c398dd35):  yeet
[19:28:23] iMine03 (uuid: 0f9d4172-c235-4bd2-9897-490c4a93ddfe): LOL
[19:28:26] Nellynutton0614 (uuid: 521aa102-c0d6-44d5-afa8-6d17c398dd35): can u give me claim without me having to use gold shovel
[19:28:29] TheRealColmagi (uuid: c98c1615-0764-41e1-848d-73152bfabe94): no
[19:28:32] TheRealColmagi (uuid: c98c1615-0764-41e1-848d-73152bfabe94): use shovel homo
[19:28:33] iMine03 (uuid: 0f9d4172-c235-4bd2-9897-490c4a93ddfe): do /claim
[19:28:37] Nellynutton0614 (uuid: 521aa102-c0d6-44d5-afa8-6d17c398dd35): i aint wasting my claims
[19:28:47] iMine03 (uuid: 0f9d4172-c235-4bd2-9897-490c4a93ddfe): u can buy claim blocks
[19:28:56] Nellynutton0614 (uuid: 521aa102-c0d6-44d5-afa8-6d17c398dd35): gimme for free
[19:35:13] iMine03 (uuid: 0f9d4172-c235-4bd2-9897-490c4a93ddfe): oshit it's the phantoms
[19:35:26] Nellynutton0614 (uuid: 521aa102-c0d6-44d5-afa8-6d17c398dd35): DAM
[19:35:42] iMine03 (uuid: 0f9d4172-c235-4bd2-9897-490c4a93ddfe): kill em
[19:36:01] Nellynutton0614 (uuid: 521aa102-c0d6-44d5-afa8-6d17c398dd35): CREEper
[19:36:06] Nellynutton0614 (uuid: 521aa102-c0d6-44d5-afa8-6d17c398dd35): auts
[19:37:32] iiBethanyii (uuid: 017ec225-2727-4d08-b15d-c5d9f307a55c): james
[19:37:53] iiBethanyii (uuid: 017ec225-2727-4d08-b15d-c5d9f307a55c): Who has my stuff
[19:38:09] Nellynutton0614 (uuid: 521aa102-c0d6-44d5-afa8-6d17c398dd35): WTF
[19:38:19] iiBethanyii (uuid: 017ec225-2727-4d08-b15d-c5d9f307a55c): Did anyone take my shit
[19:38:30] Nellynutton0614 (uuid: 521aa102-c0d6-44d5-afa8-6d17c398dd35): yo gary ill rent out my top floor to you
[19:38:35] iMine03 (uuid: 0f9d4172-c235-4bd2-9897-490c4a93ddfe): mhm
[19:38:37] iiBethanyii (uuid: 017ec225-2727-4d08-b15d-c5d9f307a55c): HENLO
[19:38:40] iiBethanyii (uuid: 017ec225-2727-4d08-b15d-c5d9f307a55c): HEnlo
[19:38:40] Nellynutton0614 (uuid: 521aa102-c0d6-44d5-afa8-6d17c398dd35):  i need money
[19:38:41] iiBethanyii (uuid: 017ec225-2727-4d08-b15d-c5d9f307a55c): Does
[19:38:43] iiBethanyii (uuid: 017ec225-2727-4d08-b15d-c5d9f307a55c): anyone
[19:38:43] iiBethanyii (uuid: 017ec225-2727-4d08-b15d-c5d9f307a55c): have
[19:38:44] iiBethanyii (uuid: 017ec225-2727-4d08-b15d-c5d9f307a55c): my
[19:38:45] iiBethanyii (uuid: 017ec225-2727-4d08-b15d-c5d9f307a55c): shits
[19:39:02] iiBethanyii (uuid: 017ec225-2727-4d08-b15d-c5d9f307a55c): anyone
[19:39:19] iMine03 (uuid: 0f9d4172-c235-4bd2-9897-490c4a93ddfe): andy how much money u got
[19:39:31] Nellynutton0614 (uuid: 521aa102-c0d6-44d5-afa8-6d17c398dd35): 197
[19:39:34] iMine03 (uuid: 0f9d4172-c235-4bd2-9897-490c4a93ddfe): dam
[19:39:37] iMine03 (uuid: 0f9d4172-c235-4bd2-9897-490c4a93ddfe): respectable
[19:40:04] iMine03 (uuid: 0f9d4172-c235-4bd2-9897-490c4a93ddfe): andy start ur own nether wart farm
[19:40:06] iiBethanyii (uuid: 017ec225-2727-4d08-b15d-c5d9f307a55c): jayme
[19:40:07] iMine03 (uuid: 0f9d4172-c235-4bd2-9897-490c4a93ddfe): you'll be rich
[19:40:22] Nellynutton0614 (uuid: 521aa102-c0d6-44d5-afa8-6d17c398dd35): k thx
[19:41:14] Nellynutton0614 (uuid: 521aa102-c0d6-44d5-afa8-6d17c398dd35): yo cahn i use this sheep farm
[19:41:23] iMine03 (uuid: 0f9d4172-c235-4bd2-9897-490c4a93ddfe): derek isn't permabaned so no
[19:41:30] iMine03 (uuid: 0f9d4172-c235-4bd2-9897-490c4a93ddfe): banned
[19:44:55] iiBethanyii (uuid: 017ec225-2727-4d08-b15d-c5d9f307a55c): ethani built ur conduit
[19:45:05] iMine03 (uuid: 0f9d4172-c235-4bd2-9897-490c4a93ddfe): just give to matjew
[19:45:28] iiBethanyii (uuid: 017ec225-2727-4d08-b15d-c5d9f307a55c): u auts
[19:45:32] iiBethanyii (uuid: 017ec225-2727-4d08-b15d-c5d9f307a55c): its a building nibbr
[19:45:39] iMine03 (uuid: 0f9d4172-c235-4bd2-9897-490c4a93ddfe): ik just give to matjeww
[19:45:40] iiBethanyii (uuid: 017ec225-2727-4d08-b15d-c5d9f307a55c): i need to have the structure around it to work
[19:46:36] iiBethanyii (uuid: 017ec225-2727-4d08-b15d-c5d9f307a55c): derek should ocme back
[19:46:44] iiBethanyii (uuid: 017ec225-2727-4d08-b15d-c5d9f307a55c): andy accept
[19:46:46] iiBethanyii (uuid: 017ec225-2727-4d08-b15d-c5d9f307a55c): ree
[19:46:53] iiBethanyii (uuid: 017ec225-2727-4d08-b15d-c5d9f307a55c): nahce
[19:47:24] iiBethanyii (uuid: 017ec225-2727-4d08-b15d-c5d9f307a55c): im ap erson
[19:47:29] Nellynutton0614 (uuid: 521aa102-c0d6-44d5-afa8-6d17c398dd35): big gay
[19:47:34] iiBethanyii (uuid: 017ec225-2727-4d08-b15d-c5d9f307a55c): Wtf
[19:47:37] iiBethanyii (uuid: 017ec225-2727-4d08-b15d-c5d9f307a55c): when was andy like this
[19:48:12] iiBethanyii (uuid: 017ec225-2727-4d08-b15d-c5d9f307a55c): was james the only person who used my profit farm legit
[19:48:22] iiBethanyii (uuid: 017ec225-2727-4d08-b15d-c5d9f307a55c): everyone else just took my eggs and made their own farms
[19:48:24] Nellynutton0614 (uuid: 521aa102-c0d6-44d5-afa8-6d17c398dd35):  imma use rn
[19:48:27] iiBethanyii (uuid: 017ec225-2727-4d08-b15d-c5d9f307a55c): non
[19:48:36] iiBethanyii (uuid: 017ec225-2727-4d08-b15d-c5d9f307a55c): i killed it because fgts complaing about lag
[19:48:39] iiBethanyii (uuid: 017ec225-2727-4d08-b15d-c5d9f307a55c): thers still eggs
[19:49:02] iiBethanyii (uuid: 017ec225-2727-4d08-b15d-c5d9f307a55c): thanks andy <3
[19:49:08] Nellynutton0614 (uuid: 521aa102-c0d6-44d5-afa8-6d17c398dd35): warp egg
[19:49:23] Nellynutton0614 (uuid: 521aa102-c0d6-44d5-afa8-6d17c398dd35): lol whoops im auts
[19:49:24] iiBethanyii (uuid: 017ec225-2727-4d08-b15d-c5d9f307a55c): HOLY
[19:49:26] iiBethanyii (uuid: 017ec225-2727-4d08-b15d-c5d9f307a55c): 1 heart
[19:49:30] iiBethanyii (uuid: 017ec225-2727-4d08-b15d-c5d9f307a55c): Fucking lucky as jews
[19:49:34] iMine03 (uuid: 0f9d4172-c235-4bd2-9897-490c4a93ddfe): autism
[19:49:38] iiBethanyii (uuid: 017ec225-2727-4d08-b15d-c5d9f307a55c): u have a trident?
[19:49:41] iMine03 (uuid: 0f9d4172-c235-4bd2-9897-490c4a93ddfe): how did u even find me
[19:49:42] iMine03 (uuid: 0f9d4172-c235-4bd2-9897-490c4a93ddfe): no
[19:50:13] iiBethanyii (uuid: 017ec225-2727-4d08-b15d-c5d9f307a55c): nib nob
[19:50:14] iiBethanyii (uuid: 017ec225-2727-4d08-b15d-c5d9f307a55c): cmere
[19:53:13] TheRealColmagi (uuid: c98c1615-0764-41e1-848d-73152bfabe94): ur stuff is in a chest in ur house ian
[19:54:09] iiBethanyii (uuid: 017ec225-2727-4d08-b15d-c5d9f307a55c): ty
[19:54:18] iiBethanyii (uuid: 017ec225-2727-4d08-b15d-c5d9f307a55c): wait non
[20:01:29] iiBethanyii (uuid: 017ec225-2727-4d08-b15d-c5d9f307a55c): lemme nut on u
[20:04:07] iiBethanyii (uuid: 017ec225-2727-4d08-b15d-c5d9f307a55c): wb derek
[20:04:20] iiBethanyii (uuid: 017ec225-2727-4d08-b15d-c5d9f307a55c): u want ur stuff
[20:04:21] PiranhaBoy (uuid: 068bfb61-fb8a-4553-8305-2af64537cadb): nibba i lost my shits
[20:04:23] iiBethanyii (uuid: 017ec225-2727-4d08-b15d-c5d9f307a55c): i have it
[20:04:26] PiranhaBoy (uuid: 068bfb61-fb8a-4553-8305-2af64537cadb): ye plz
[20:05:23] iiBethanyii (uuid: 017ec225-2727-4d08-b15d-c5d9f307a55c): i lost my shits
[20:05:24] PiranhaBoy (uuid: 068bfb61-fb8a-4553-8305-2af64537cadb): can someone gimme an elytra
[20:05:27] iiBethanyii (uuid: 017ec225-2727-4d08-b15d-c5d9f307a55c): waiting for james to respond
[20:05:30] PiranhaBoy (uuid: 068bfb61-fb8a-4553-8305-2af64537cadb): thanks
[20:05:33] iiBethanyii (uuid: 017ec225-2727-4d08-b15d-c5d9f307a55c): ye
[20:05:37] iiBethanyii (uuid: 017ec225-2727-4d08-b15d-c5d9f307a55c): wait i might have
[20:05:39] iiBethanyii (uuid: 017ec225-2727-4d08-b15d-c5d9f307a55c): maybe
[20:05:41] PiranhaBoy (uuid: 068bfb61-fb8a-4553-8305-2af64537cadb): how many you got
[20:05:47] iiBethanyii (uuid: 017ec225-2727-4d08-b15d-c5d9f307a55c): if u died with it then i have
[20:06:18] iiBethanyii (uuid: 017ec225-2727-4d08-b15d-c5d9f307a55c): nope
[20:06:41] iiBethanyii (uuid: 017ec225-2727-4d08-b15d-c5d9f307a55c): i have no armor
[20:07:30] PiranhaBoy (uuid: 068bfb61-fb8a-4553-8305-2af64537cadb): yo lemme use an elytra i wanna adventure
[20:07:38] iiBethanyii (uuid: 017ec225-2727-4d08-b15d-c5d9f307a55c): flyhacks
[20:07:49] PiranhaBoy (uuid: 068bfb61-fb8a-4553-8305-2af64537cadb): see you dont even need elytra
[20:08:06] PiranhaBoy (uuid: 068bfb61-fb8a-4553-8305-2af64537cadb): do the guys spawn in rivers or just oceans
[20:08:21] iiBethanyii (uuid: 017ec225-2727-4d08-b15d-c5d9f307a55c): oceans
[20:09:22] PiranhaBoy (uuid: 068bfb61-fb8a-4553-8305-2af64537cadb): gimme an elytra plz
[20:09:27] iiBethanyii (uuid: 017ec225-2727-4d08-b15d-c5d9f307a55c): i have 1
[20:16:17] PiranhaBoy (uuid: 068bfb61-fb8a-4553-8305-2af64537cadb): wtf is imine doing
[20:16:46] PiranhaBoy (uuid: 068bfb61-fb8a-4553-8305-2af64537cadb): add phantom membrane to the sell list
[21:24:21] SagingTime (uuid: 6ff056fa-7851-4668-aae8-a076e2c0ad40): why is it lagging
[21:25:41] SagingTime (uuid: 6ff056fa-7851-4668-aae8-a076e2c0ad40): r u lagging
[21:28:08] ben_shapiro2020 (uuid: 893a6ed2-6228-4554-a52c-fbaed0f96c6e): wtf
[21:28:17] ben_shapiro2020 (uuid: 893a6ed2-6228-4554-a52c-fbaed0f96c6e): my new hacks suck ass
[21:28:24] ben_shapiro2020 (uuid: 893a6ed2-6228-4554-a52c-fbaed0f96c6e): i take fall damage when i fall
[21:28:37] SagingTime (uuid: 6ff056fa-7851-4668-aae8-a076e2c0ad40): hi
[21:28:54] SagingTime (uuid: 6ff056fa-7851-4668-aae8-a076e2c0ad40): ?
[21:36:31] bryantandpat (uuid: 7961a874-c35f-4f34-a0d1-37205c235291): lol u guys r fagots
[21:40:16] iMine03 (uuid: 0f9d4172-c235-4bd2-9897-490c4a93ddfe): piranhanigger joined the game
[21:40:22] PiranhaBoy (uuid: 068bfb61-fb8a-4553-8305-2af64537cadb): mhmhmh
[21:41:11] PiranhaBoy (uuid: 068bfb61-fb8a-4553-8305-2af64537cadb): james the villager is gone
[21:42:00] iMine03 (uuid: 0f9d4172-c235-4bd2-9897-490c4a93ddfe): ian got us a conduit
[21:42:09] PiranhaBoy (uuid: 068bfb61-fb8a-4553-8305-2af64537cadb): give the skyfarm a conduit
[21:42:31] iMine03 (uuid: 0f9d4172-c235-4bd2-9897-490c4a93ddfe): LOL this is a penis
[21:42:37] PiranhaBoy (uuid: 068bfb61-fb8a-4553-8305-2af64537cadb): @
[21:43:46] PiranhaBoy (uuid: 068bfb61-fb8a-4553-8305-2af64537cadb): any of you got extra soul sand
[21:50:59] PiranhaBoy (uuid: 068bfb61-fb8a-4553-8305-2af64537cadb): getting soul sand to expand netherwart
[21:51:18] iMine03 (uuid: 0f9d4172-c235-4bd2-9897-490c4a93ddfe): "iMine03 has made the advancement [We Need to Go Deeper]
[21:51:21] iMine03 (uuid: 0f9d4172-c235-4bd2-9897-490c4a93ddfe): "
[21:51:23] PiranhaBoy (uuid: 068bfb61-fb8a-4553-8305-2af64537cadb): ima get a shovel
[21:54:01] SagingTime (uuid: 6ff056fa-7851-4668-aae8-a076e2c0ad40): hi
[21:56:21] iMine03 (uuid: 0f9d4172-c235-4bd2-9897-490c4a93ddfe): wtf it's gray but ok
[21:56:29] PiranhaBoy (uuid: 068bfb61-fb8a-4553-8305-2af64537cadb): less superior
[22:08:32] SagingTime (uuid: 6ff056fa-7851-4668-aae8-a076e2c0ad40): :(
[22:08:35] PiranhaBoy (uuid: 068bfb61-fb8a-4553-8305-2af64537cadb): mhm
[22:08:50] SagingTime (uuid: 6ff056fa-7851-4668-aae8-a076e2c0ad40): TONS OF EGGS IN THERE
[22:08:52] SagingTime (uuid: 6ff056fa-7851-4668-aae8-a076e2c0ad40): XD
[22:08:57] SagingTime (uuid: 6ff056fa-7851-4668-aae8-a076e2c0ad40): who did this
[22:09:40] PiranhaBoy (uuid: 068bfb61-fb8a-4553-8305-2af64537cadb): you need more
[22:09:44] SagingTime (uuid: 6ff056fa-7851-4668-aae8-a076e2c0ad40): for?
[22:09:44] PiranhaBoy (uuid: 068bfb61-fb8a-4553-8305-2af64537cadb): chests
[22:09:49] SagingTime (uuid: 6ff056fa-7851-4668-aae8-a076e2c0ad40): yeah
[22:09:52] PiranhaBoy (uuid: 068bfb61-fb8a-4553-8305-2af64537cadb): its almost maxed
[22:12:51] SagingTime (uuid: 6ff056fa-7851-4668-aae8-a076e2c0ad40): legit stealing my eggs
[22:13:31] PiranhaBoy (uuid: 068bfb61-fb8a-4553-8305-2af64537cadb): for a good cause
[22:13:39] PiranhaBoy (uuid: 068bfb61-fb8a-4553-8305-2af64537cadb): im clearing out ur space
[22:13:43] SagingTime (uuid: 6ff056fa-7851-4668-aae8-a076e2c0ad40): mhm
[22:13:49] SagingTime (uuid: 6ff056fa-7851-4668-aae8-a076e2c0ad40): better gimmi some profit
[22:13:53] PiranhaBoy (uuid: 068bfb61-fb8a-4553-8305-2af64537cadb): sure
[22:17:22] PiranhaBoy (uuid: 068bfb61-fb8a-4553-8305-2af64537cadb): wait
[22:17:33] SagingTime (uuid: 6ff056fa-7851-4668-aae8-a076e2c0ad40): k?
[22:17:41] SagingTime (uuid: 6ff056fa-7851-4668-aae8-a076e2c0ad40): gimmi access to chest
[22:17:44] PiranhaBoy (uuid: 068bfb61-fb8a-4553-8305-2af64537cadb):  no
[22:17:51] SagingTime (uuid: 6ff056fa-7851-4668-aae8-a076e2c0ad40): nigga
[22:17:54] PiranhaBoy (uuid: 068bfb61-fb8a-4553-8305-2af64537cadb): ill give you 200
[22:17:55] SagingTime (uuid: 6ff056fa-7851-4668-aae8-a076e2c0ad40): nibba why
[22:17:59] PiranhaBoy (uuid: 068bfb61-fb8a-4553-8305-2af64537cadb): i took like 200 eggs
[22:18:08] SagingTime (uuid: 6ff056fa-7851-4668-aae8-a076e2c0ad40): fuck off
[22:19:18] PiranhaBoy (uuid: 068bfb61-fb8a-4553-8305-2af64537cadb): i payed you nigga
[22:19:26] PiranhaBoy (uuid: 068bfb61-fb8a-4553-8305-2af64537cadb): i payed you
[22:19:43] SagingTime (uuid: 6ff056fa-7851-4668-aae8-a076e2c0ad40): my ass
[22:21:23] SagingTime (uuid: 6ff056fa-7851-4668-aae8-a076e2c0ad40): HIT OR MISS
[22:21:30] SagingTime (uuid: 6ff056fa-7851-4668-aae8-a076e2c0ad40):  IGUESS THEY NEVER MISS
[22:21:33] SagingTime (uuid: 6ff056fa-7851-4668-aae8-a076e2c0ad40): HUH
[22:21:41] PiranhaBoy (uuid: 068bfb61-fb8a-4553-8305-2af64537cadb): i guess they never miss
[22:22:13] SagingTime (uuid: 6ff056fa-7851-4668-aae8-a076e2c0ad40): DAB LIKE WIZ KHALIFA
[22:22:19] PiranhaBoy (uuid: 068bfb61-fb8a-4553-8305-2af64537cadb): i gotta plau boner
[22:22:45] SagingTime (uuid: 6ff056fa-7851-4668-aae8-a076e2c0ad40): I need my eggs back
[22:22:52] SagingTime (uuid: 6ff056fa-7851-4668-aae8-a076e2c0ad40): so you can fertilize me
[22:22:54] PiranhaBoy (uuid: 068bfb61-fb8a-4553-8305-2af64537cadb): nigga how
[22:23:04] PiranhaBoy (uuid: 068bfb61-fb8a-4553-8305-2af64537cadb): james the villagers despawned
[22:28:09] SagingTime (uuid: 6ff056fa-7851-4668-aae8-a076e2c0ad40): ecks dee
[22:30:11] JamListn (uuid: 6e9d3687-88a5-4fc3-95af-688356ddd98b): can someone gimme free diamonds
[22:30:21] SagingTime (uuid: 6ff056fa-7851-4668-aae8-a076e2c0ad40): how much
[22:30:31] JamListn (uuid: 6e9d3687-88a5-4fc3-95af-688356ddd98b): like a stack
[22:30:42] JamListn (uuid: 6e9d3687-88a5-4fc3-95af-688356ddd98b): i lost all of mine due to lag
[22:30:50] JamListn (uuid: 6e9d3687-88a5-4fc3-95af-688356ddd98b): i could only buy like 7
[22:32:15] SagingTime (uuid: 6ff056fa-7851-4668-aae8-a076e2c0ad40): ez
[22:32:22] SagingTime (uuid: 6ff056fa-7851-4668-aae8-a076e2c0ad40): ez
[22:38:24] JamListn (uuid: 6e9d3687-88a5-4fc3-95af-688356ddd98b): i accidentally moved sorry mate
[22:38:30] SagingTime (uuid: 6ff056fa-7851-4668-aae8-a076e2c0ad40): np
[22:38:41] JamListn (uuid: 6e9d3687-88a5-4fc3-95af-688356ddd98b): so laaggy
[22:38:59] SagingTime (uuid: 6ff056fa-7851-4668-aae8-a076e2c0ad40): ?
[22:39:46] JamListn (uuid: 6e9d3687-88a5-4fc3-95af-688356ddd98b): whered u go
[22:39:52] SagingTime (uuid: 6ff056fa-7851-4668-aae8-a076e2c0ad40): here
[22:40:11] JamListn (uuid: 6e9d3687-88a5-4fc3-95af-688356ddd98b): where
[22:40:16] SagingTime (uuid: 6ff056fa-7851-4668-aae8-a076e2c0ad40): here
[22:40:40] SagingTime (uuid: 6ff056fa-7851-4668-aae8-a076e2c0ad40): u lagging?
[22:40:43] SagingTime (uuid: 6ff056fa-7851-4668-aae8-a076e2c0ad40): in the house
[22:40:55] JamListn (uuid: 6e9d3687-88a5-4fc3-95af-688356ddd98b): k lemme see
[22:41:04] JamListn (uuid: 6e9d3687-88a5-4fc3-95af-688356ddd98b): k i gotchu
[22:41:18] SagingTime (uuid: 6ff056fa-7851-4668-aae8-a076e2c0ad40): you want trust or what
[22:41:21] JamListn (uuid: 6e9d3687-88a5-4fc3-95af-688356ddd98b): sure
[22:41:25] JamListn (uuid: 6e9d3687-88a5-4fc3-95af-688356ddd98b): gimme diamonds
[22:41:28] SagingTime (uuid: 6ff056fa-7851-4668-aae8-a076e2c0ad40): ok
[22:41:29] SagingTime (uuid: 6ff056fa-7851-4668-aae8-a076e2c0ad40): oh
[22:41:35] SagingTime (uuid: 6ff056fa-7851-4668-aae8-a076e2c0ad40): bruh
[22:42:46] SagingTime (uuid: 6ff056fa-7851-4668-aae8-a076e2c0ad40): how much
[22:42:53] SagingTime (uuid: 6ff056fa-7851-4668-aae8-a076e2c0ad40): dont have a stack\
[22:42:57] JamListn (uuid: 6e9d3687-88a5-4fc3-95af-688356ddd98b): like 10
[22:43:01] JamListn (uuid: 6e9d3687-88a5-4fc3-95af-688356ddd98b): or 20
[22:43:08] SagingTime (uuid: 6ff056fa-7851-4668-aae8-a076e2c0ad40): all i have
[22:43:15] JamListn (uuid: 6e9d3687-88a5-4fc3-95af-688356ddd98b): thx brub
[22:43:27] SagingTime (uuid: 6ff056fa-7851-4668-aae8-a076e2c0ad40): youre james li?
[22:43:31] JamListn (uuid: 6e9d3687-88a5-4fc3-95af-688356ddd98b): yessir
[22:45:55] JamListn (uuid: 6e9d3687-88a5-4fc3-95af-688356ddd98b): maybe
[22:46:20] JamListn (uuid: 6e9d3687-88a5-4fc3-95af-688356ddd98b): i need to make money first hold on
[22:50:44] PiranhaBoy (uuid: 068bfb61-fb8a-4553-8305-2af64537cadb): WHO FUCKING KILLED ME
[22:51:41] SagingTime (uuid: 6ff056fa-7851-4668-aae8-a076e2c0ad40): JamesListn was just on
[22:51:50] PiranhaBoy (uuid: 068bfb61-fb8a-4553-8305-2af64537cadb): my shit despawned cause of one of you fuckers killing me
[23:07:10] PiranhaBoy (uuid: 068bfb61-fb8a-4553-8305-2af64537cadb): imine killed me conf
[23:07:18] iMine03 (uuid: 0f9d4172-c235-4bd2-9897-490c4a93ddfe): nigget what
[23:07:24] iMine03 (uuid: 0f9d4172-c235-4bd2-9897-490c4a93ddfe): i just joined retard
[23:07:25] PiranhaBoy (uuid: 068bfb61-fb8a-4553-8305-2af64537cadb): trolling
[23:07:36] iMine03 (uuid: 0f9d4172-c235-4bd2-9897-490c4a93ddfe): kk ily bby
[23:08:20] PiranhaBoy (uuid: 068bfb61-fb8a-4553-8305-2af64537cadb): atleast i made 3000 in 20 mins
[23:28:16] iiBethanyii (uuid: 017ec225-2727-4d08-b15d-c5d9f307a55c): ree
[23:28:26] iiBethanyii (uuid: 017ec225-2727-4d08-b15d-c5d9f307a55c): james
[23:28:32] iiBethanyii (uuid: 017ec225-2727-4d08-b15d-c5d9f307a55c): u here
[23:29:50] iiBethanyii (uuid: 017ec225-2727-4d08-b15d-c5d9f307a55c): ree
[23:31:08] iiBethanyii (uuid: 017ec225-2727-4d08-b15d-c5d9f307a55c): ree
[23:31:10] iiBethanyii (uuid: 017ec225-2727-4d08-b15d-c5d9f307a55c): is anyone on?
[23:37:24] iiBethanyii (uuid: 017ec225-2727-4d08-b15d-c5d9f307a55c): ree
[23:38:20] iiBethanyii (uuid: 017ec225-2727-4d08-b15d-c5d9f307a55c): ez rich
[23:38:28] iiBethanyii (uuid: 017ec225-2727-4d08-b15d-c5d9f307a55c): #2 ez
[23:56:36] iiBethanyii (uuid: 017ec225-2727-4d08-b15d-c5d9f307a55c): §l§6Come to §a§l/warp profitshop§6 and buy eggs for §4§l$10!§6 Then go to §a§l/warp egg§6 to sell them for §4§l$16!§r
