[00:06:11] TheRealColmagi (uuid: c98c1615-0764-41e1-848d-73152bfabe94): sup nigba
[00:08:24] TheRealColmagi (uuid: c98c1615-0764-41e1-848d-73152bfabe94): OOOOOH
[00:08:25] TheRealColmagi (uuid: c98c1615-0764-41e1-848d-73152bfabe94): BIG NUT
[20:21:54] TheRealColmagi (uuid: c98c1615-0764-41e1-848d-73152bfabe94): kill me pls
[20:52:38] TheRealColmagi (uuid: c98c1615-0764-41e1-848d-73152bfabe94): sup
[20:52:42] Karambit_FaZe (uuid: 893a6ed2-6228-4554-a52c-fbaed0f96c6e): gay
[20:53:12] Karambit_FaZe (uuid: 893a6ed2-6228-4554-a52c-fbaed0f96c6e): gimmie food
[20:59:18] Karambit_FaZe (uuid: 893a6ed2-6228-4554-a52c-fbaed0f96c6e): james 1v1
[20:59:25] TheRealColmagi (uuid: c98c1615-0764-41e1-848d-73152bfabe94): mhm
[20:59:27] TheRealColmagi (uuid: c98c1615-0764-41e1-848d-73152bfabe94): mhm
[20:59:50] Karambit_FaZe (uuid: 893a6ed2-6228-4554-a52c-fbaed0f96c6e): meet me at spawn
[20:59:54] TheRealColmagi (uuid: c98c1615-0764-41e1-848d-73152bfabe94): im building
[21:00:28] TheRealColmagi (uuid: c98c1615-0764-41e1-848d-73152bfabe94): niqqua
[21:01:09] TheRealColmagi (uuid: c98c1615-0764-41e1-848d-73152bfabe94): ye go 1v1 imine alex
[21:01:15] TheRealColmagi (uuid: c98c1615-0764-41e1-848d-73152bfabe94): u like it nigga
[21:01:23] iMine03 (uuid: 0f9d4172-c235-4bd2-9897-490c4a93ddfe): hell ye
[21:02:21] iMine03 (uuid: 0f9d4172-c235-4bd2-9897-490c4a93ddfe): promote me ;)
[21:02:26] TheRealColmagi (uuid: c98c1615-0764-41e1-848d-73152bfabe94): niqqua
[21:02:30] iMine03 (uuid: 0f9d4172-c235-4bd2-9897-490c4a93ddfe): mhm
[21:04:36] TheRealColmagi (uuid: c98c1615-0764-41e1-848d-73152bfabe94): wtf
[21:12:13] Karambit_FaZe (uuid: 893a6ed2-6228-4554-a52c-fbaed0f96c6e): sorry afk
[21:12:17] TheRealColmagi (uuid: c98c1615-0764-41e1-848d-73152bfabe94): is ok
[21:12:18] Karambit_FaZe (uuid: 893a6ed2-6228-4554-a52c-fbaed0f96c6e): where r u
[21:12:23] TheRealColmagi (uuid: c98c1615-0764-41e1-848d-73152bfabe94): building LOL
[21:12:27] TheRealColmagi (uuid: c98c1615-0764-41e1-848d-73152bfabe94): u can 1v1 gary carl
[21:12:32] Karambit_FaZe (uuid: 893a6ed2-6228-4554-a52c-fbaed0f96c6e): come to spawn
[21:13:00] Karambit_FaZe (uuid: 893a6ed2-6228-4554-a52c-fbaed0f96c6e): ethan come to spawn
[21:13:19] Karambit_FaZe (uuid: 893a6ed2-6228-4554-a52c-fbaed0f96c6e): gay
[21:13:19] TheRealColmagi (uuid: c98c1615-0764-41e1-848d-73152bfabe94): jesos
[21:13:49] TheRealColmagi (uuid: c98c1615-0764-41e1-848d-73152bfabe94): im building jesos
[21:13:53] Karambit_FaZe (uuid: 893a6ed2-6228-4554-a52c-fbaed0f96c6e): lemme see
[21:14:23] Karambit_FaZe (uuid: 893a6ed2-6228-4554-a52c-fbaed0f96c6e): lemme see dammit
[21:15:05] TheRealColmagi (uuid: c98c1615-0764-41e1-848d-73152bfabe94): wtf
[21:15:07] TheRealColmagi (uuid: c98c1615-0764-41e1-848d-73152bfabe94): do u have hacks on
[21:15:14] Karambit_FaZe (uuid: 893a6ed2-6228-4554-a52c-fbaed0f96c6e): idk
[21:15:46] TheRealColmagi (uuid: c98c1615-0764-41e1-848d-73152bfabe94): nigga
[21:15:47] Karambit_FaZe (uuid: 893a6ed2-6228-4554-a52c-fbaed0f96c6e): dont kick
[21:15:51] TheRealColmagi (uuid: c98c1615-0764-41e1-848d-73152bfabe94): is this why u wanted to pvp me
[21:15:52] Karambit_FaZe (uuid: 893a6ed2-6228-4554-a52c-fbaed0f96c6e): wont do it again
[21:15:56] Karambit_FaZe (uuid: 893a6ed2-6228-4554-a52c-fbaed0f96c6e): mhm
[21:15:58] TheRealColmagi (uuid: c98c1615-0764-41e1-848d-73152bfabe94): im installing anticheat
[21:17:00] Karambit_FaZe (uuid: 893a6ed2-6228-4554-a52c-fbaed0f96c6e): ??
[21:20:00] TheRealColmagi (uuid: c98c1615-0764-41e1-848d-73152bfabe94): nigga
[21:21:29] Karambit_FaZe (uuid: 893a6ed2-6228-4554-a52c-fbaed0f96c6e): ??????? ??
[21:21:35] TheRealColmagi (uuid: c98c1615-0764-41e1-848d-73152bfabe94): u better have
[21:21:59] Karambit_FaZe (uuid: 893a6ed2-6228-4554-a52c-fbaed0f96c6e): give me mod pls
[21:22:02] TheRealColmagi (uuid: c98c1615-0764-41e1-848d-73152bfabe94): nigga
[21:22:06] TheRealColmagi (uuid: c98c1615-0764-41e1-848d-73152bfabe94): theres nobody to moderate
[21:22:15] Karambit_FaZe (uuid: 893a6ed2-6228-4554-a52c-fbaed0f96c6e): gimmie permission to edit
[21:22:28] TheRealColmagi (uuid: c98c1615-0764-41e1-848d-73152bfabe94): dis ethan tong'sbase
[21:22:41] Karambit_FaZe (uuid: 893a6ed2-6228-4554-a52c-fbaed0f96c6e): can i have food
[21:22:54] Karambit_FaZe (uuid: 893a6ed2-6228-4554-a52c-fbaed0f96c6e): ily
[21:22:56] TheRealColmagi (uuid: c98c1615-0764-41e1-848d-73152bfabe94): wheres ur shit
[21:23:01] TheRealColmagi (uuid: c98c1615-0764-41e1-848d-73152bfabe94): do u need to find ur old base
[21:23:03] TheRealColmagi (uuid: c98c1615-0764-41e1-848d-73152bfabe94): ik where ur chest is
[21:23:04] Karambit_FaZe (uuid: 893a6ed2-6228-4554-a52c-fbaed0f96c6e): no
[21:23:40] Karambit_FaZe (uuid: 893a6ed2-6228-4554-a52c-fbaed0f96c6e): fuck i lost all of my xp pvping
[21:24:08] Karambit_FaZe (uuid: 893a6ed2-6228-4554-a52c-fbaed0f96c6e): also this game gets boring after like 5 hours
[21:24:13] Karambit_FaZe (uuid: 893a6ed2-6228-4554-a52c-fbaed0f96c6e): make a modpack one
[21:24:21] TheRealColmagi (uuid: c98c1615-0764-41e1-848d-73152bfabe94): nibba cant see msgs
[21:24:22] TheRealColmagi (uuid: c98c1615-0764-41e1-848d-73152bfabe94): use shout
[21:24:32] Karambit_FaZe (uuid: 893a6ed2-6228-4554-a52c-fbaed0f96c6e): this game gets boring after 5 hours
[21:24:39] Karambit_FaZe (uuid: 893a6ed2-6228-4554-a52c-fbaed0f96c6e): make a modpack one
[21:24:43] TheRealColmagi (uuid: c98c1615-0764-41e1-848d-73152bfabe94): i tried lmao
[21:24:46] TheRealColmagi (uuid: c98c1615-0764-41e1-848d-73152bfabe94): shit takes forever to load
[21:24:49] TheRealColmagi (uuid: c98c1615-0764-41e1-848d-73152bfabe94): breaks my computer
[21:24:54] Karambit_FaZe (uuid: 893a6ed2-6228-4554-a52c-fbaed0f96c6e): wdym
[21:24:55] TheRealColmagi (uuid: c98c1615-0764-41e1-848d-73152bfabe94): any decent modpack anyways
[21:25:00] Karambit_FaZe (uuid: 893a6ed2-6228-4554-a52c-fbaed0f96c6e): curse servers?
[21:25:01] TheRealColmagi (uuid: c98c1615-0764-41e1-848d-73152bfabe94): sup ersong
[21:25:44] TheRealColmagi (uuid: c98c1615-0764-41e1-848d-73152bfabe94): wtf is this even supposed to be
[21:25:49] iMine03 (uuid: 0f9d4172-c235-4bd2-9897-490c4a93ddfe): idk lmao
[21:26:15] TheRealColmagi (uuid: c98c1615-0764-41e1-848d-73152bfabe94): dis mf place is still too dark holy
[21:26:18] TheRealColmagi (uuid: c98c1615-0764-41e1-848d-73152bfabe94): still get mob spanws
[21:26:47] iMine03 (uuid: 0f9d4172-c235-4bd2-9897-490c4a93ddfe): enderman down here
[21:26:49] TheRealColmagi (uuid: c98c1615-0764-41e1-848d-73152bfabe94): ez lvl 30 enchant tabel
[21:26:55] Karambit_FaZe (uuid: 893a6ed2-6228-4554-a52c-fbaed0f96c6e): yeah modpacks take like 10 min to load
[21:26:59] Karambit_FaZe (uuid: 893a6ed2-6228-4554-a52c-fbaed0f96c6e): but theyre fun
[21:27:07] TheRealColmagi (uuid: c98c1615-0764-41e1-848d-73152bfabe94): they get boring too
[21:27:11] TheRealColmagi (uuid: c98c1615-0764-41e1-848d-73152bfabe94): i did one over the summer
[21:27:18] TheRealColmagi (uuid: c98c1615-0764-41e1-848d-73152bfabe94): basically just made a house with hubert and arthur
[21:27:28] TheRealColmagi (uuid: c98c1615-0764-41e1-848d-73152bfabe94): we need a better community
[21:27:38] Karambit_FaZe (uuid: 893a6ed2-6228-4554-a52c-fbaed0f96c6e): na do skyfactory
[21:27:46] TheRealColmagi (uuid: c98c1615-0764-41e1-848d-73152bfabe94): i am paul pogba
[21:27:48] TheRealColmagi (uuid: c98c1615-0764-41e1-848d-73152bfabe94): pual nigaba
[21:27:50] TheRealColmagi (uuid: c98c1615-0764-41e1-848d-73152bfabe94): poosy
[21:27:57] Karambit_FaZe (uuid: 893a6ed2-6228-4554-a52c-fbaed0f96c6e): played skyfactory over a plane ride and it was still pretty good
[21:28:04] Karambit_FaZe (uuid: 893a6ed2-6228-4554-a52c-fbaed0f96c6e): normal ones are boring
[21:28:07] TheRealColmagi (uuid: c98c1615-0764-41e1-848d-73152bfabe94): lmao skyfactory
[21:28:16] TheRealColmagi (uuid: c98c1615-0764-41e1-848d-73152bfabe94): fk nigga soo many mods on that one
[21:28:31] Karambit_FaZe (uuid: 893a6ed2-6228-4554-a52c-fbaed0f96c6e): takes 10 min load time max
[21:28:34] TheRealColmagi (uuid: c98c1615-0764-41e1-848d-73152bfabe94): no
[21:28:40] Karambit_FaZe (uuid: 893a6ed2-6228-4554-a52c-fbaed0f96c6e): how long
[21:28:49] TheRealColmagi (uuid: c98c1615-0764-41e1-848d-73152bfabe94): more like 20
[21:28:55] TheRealColmagi (uuid: c98c1615-0764-41e1-848d-73152bfabe94): esp while im hosting serveers
[21:28:57] Karambit_FaZe (uuid: 893a6ed2-6228-4554-a52c-fbaed0f96c6e): thats not bad
[21:29:02] Karambit_FaZe (uuid: 893a6ed2-6228-4554-a52c-fbaed0f96c6e): try one
[21:29:03] TheRealColmagi (uuid: c98c1615-0764-41e1-848d-73152bfabe94): thats not worth it
[21:29:06] TheRealColmagi (uuid: c98c1615-0764-41e1-848d-73152bfabe94): ive done modpacks
[21:29:07] iMine03 (uuid: 0f9d4172-c235-4bd2-9897-490c4a93ddfe): james wanna build second floor idk
[21:29:11] Karambit_FaZe (uuid: 893a6ed2-6228-4554-a52c-fbaed0f96c6e): havent played skyfactory in 2 yrs
[21:29:14] TheRealColmagi (uuid: c98c1615-0764-41e1-848d-73152bfabe94): like sevtech just never loaded
[21:29:17] TheRealColmagi (uuid: c98c1615-0764-41e1-848d-73152bfabe94): took too damn long
[21:29:24] TheRealColmagi (uuid: c98c1615-0764-41e1-848d-73152bfabe94): holy nigga
[21:29:26] Karambit_FaZe (uuid: 893a6ed2-6228-4554-a52c-fbaed0f96c6e): sevtech is boring
[21:29:27] TheRealColmagi (uuid: c98c1615-0764-41e1-848d-73152bfabe94): why is it so big
[21:29:35] iMine03 (uuid: 0f9d4172-c235-4bd2-9897-490c4a93ddfe): no worries
[21:29:46] iMine03 (uuid: 0f9d4172-c235-4bd2-9897-490c4a93ddfe): ez go to nether again
[21:29:47] TheRealColmagi (uuid: c98c1615-0764-41e1-848d-73152bfabe94): wheres the jew
[21:29:54] TheRealColmagi (uuid: c98c1615-0764-41e1-848d-73152bfabe94): jewbo
[21:30:01] TheRealColmagi (uuid: c98c1615-0764-41e1-848d-73152bfabe94): and fegrek
[21:30:28] iMine03 (uuid: 0f9d4172-c235-4bd2-9897-490c4a93ddfe): pa Karambit_FaZe
[21:30:33] TheRealColmagi (uuid: c98c1615-0764-41e1-848d-73152bfabe94): nani
[21:30:53] iMine03 (uuid: 0f9d4172-c235-4bd2-9897-490c4a93ddfe): come to nether bby
[21:30:56] TheRealColmagi (uuid: c98c1615-0764-41e1-848d-73152bfabe94): hell na
[21:31:03] TheRealColmagi (uuid: c98c1615-0764-41e1-848d-73152bfabe94): gonna get assfucked
[21:31:24] TheRealColmagi (uuid: c98c1615-0764-41e1-848d-73152bfabe94): im gay
[21:31:28] iMine03 (uuid: 0f9d4172-c235-4bd2-9897-490c4a93ddfe): fuck u alex
[21:31:30] TheRealColmagi (uuid: c98c1615-0764-41e1-848d-73152bfabe94): dabadeedoedoaboadaai
[21:31:46] Karambit_FaZe (uuid: 893a6ed2-6228-4554-a52c-fbaed0f96c6e): wait gotta load smth really quick
[21:31:50] Karambit_FaZe (uuid: 893a6ed2-6228-4554-a52c-fbaed0f96c6e): ethan 1v1 pvp
[21:33:05] TheRealColmagi (uuid: c98c1615-0764-41e1-848d-73152bfabe94): wtf
[21:34:56] Karambit_FaZe (uuid: 893a6ed2-6228-4554-a52c-fbaed0f96c6e): what
[21:34:59] Karambit_FaZe (uuid: 893a6ed2-6228-4554-a52c-fbaed0f96c6e): what
[21:35:19] TheRealColmagi (uuid: c98c1615-0764-41e1-848d-73152bfabe94): auteeeeeeesmo
[21:35:24] Karambit_FaZe (uuid: 893a6ed2-6228-4554-a52c-fbaed0f96c6e): wdym
[21:35:30] TheRealColmagi (uuid: c98c1615-0764-41e1-848d-73152bfabe94): nick name was auts
[21:35:46] TheRealColmagi (uuid: c98c1615-0764-41e1-848d-73152bfabe94): §lIVE GOTAUTS
[21:35:59] Karambit_FaZe (uuid: 893a6ed2-6228-4554-a52c-fbaed0f96c6e): i needed to get lapis
[21:36:02] TheRealColmagi (uuid: c98c1615-0764-41e1-848d-73152bfabe94): §4§k§lAKSJDKYLAJLKSDJKLASJLKJKAJSLDJBKAJKEJMAKSJDJBAOSDJOIBAJSODIBJASIEJYTASJDMASLKYMDDF
[21:36:07] TheRealColmagi (uuid: c98c1615-0764-41e1-848d-73152bfabe94): §4§k§lAKSJDKYLAJLKSDJKLASJLKJKAJSLDJBKAJKEJMAKSJDJBAOSDJOIBAJSODIBJASIEJYTASJDMASLKYMDDF
[21:36:08] TheRealColmagi (uuid: c98c1615-0764-41e1-848d-73152bfabe94): §4§k§lAKSJDKYLAJLKSDJKLASJLKJKAJSLDJBKAJKEJMAKSJDJBAOSDJOIBAJSODIBJASIEJYTASJDMASLKYMDDF
[21:36:09] TheRealColmagi (uuid: c98c1615-0764-41e1-848d-73152bfabe94): §4§k§lAKSJDKYLAJLKSDJKLASJLKJKAJSLDJBKAJKEJMAKSJDJBAOSDJOIBAJSODIBJASIEJYTASJDMASLKYMDDF
[21:36:10] TheRealColmagi (uuid: c98c1615-0764-41e1-848d-73152bfabe94): §4§k§lAKSJDKYLAJLKSDJKLASJLKJKAJSLDJBKAJKEJMAKSJDJBAOSDJOIBAJSODIBJASIEJYTASJDMASLKYMDDF
[21:36:14] Karambit_FaZe (uuid: 893a6ed2-6228-4554-a52c-fbaed0f96c6e): stop being gay
[21:36:39] Karambit_FaZe (uuid: 893a6ed2-6228-4554-a52c-fbaed0f96c6e): gimmie the table
[21:36:44] TheRealColmagi (uuid: c98c1615-0764-41e1-848d-73152bfabe94): dafuq
[21:36:46] TheRealColmagi (uuid: c98c1615-0764-41e1-848d-73152bfabe94): make ur own
[21:36:52] Karambit_FaZe (uuid: 893a6ed2-6228-4554-a52c-fbaed0f96c6e): put the table in the middle of the floor
[21:37:08] TheRealColmagi (uuid: c98c1615-0764-41e1-848d-73152bfabe94): it is
[21:37:17] Karambit_FaZe (uuid: 893a6ed2-6228-4554-a52c-fbaed0f96c6e): can u move it
[21:37:24] TheRealColmagi (uuid: c98c1615-0764-41e1-848d-73152bfabe94): y
[21:37:37] Karambit_FaZe (uuid: 893a6ed2-6228-4554-a52c-fbaed0f96c6e): i have 5 levels
[21:37:55] Karambit_FaZe (uuid: 893a6ed2-6228-4554-a52c-fbaed0f96c6e): wooden pick
[21:38:01] TheRealColmagi (uuid: c98c1615-0764-41e1-848d-73152bfabe94): i gotchu
[21:38:15] Karambit_FaZe (uuid: 893a6ed2-6228-4554-a52c-fbaed0f96c6e): i only want 1 level
[21:38:23] TheRealColmagi (uuid: c98c1615-0764-41e1-848d-73152bfabe94): there
[21:38:32] Karambit_FaZe (uuid: 893a6ed2-6228-4554-a52c-fbaed0f96c6e): thats 2
[21:38:39] TheRealColmagi (uuid: c98c1615-0764-41e1-848d-73152bfabe94): no thats ur wepaon
[21:38:49] TheRealColmagi (uuid: c98c1615-0764-41e1-848d-73152bfabe94): i get a 1 level enchant??
[21:38:49] Karambit_FaZe (uuid: 893a6ed2-6228-4554-a52c-fbaed0f96c6e): no
[21:39:05] Karambit_FaZe (uuid: 893a6ed2-6228-4554-a52c-fbaed0f96c6e): thats 1 lapis
[21:39:09] Karambit_FaZe (uuid: 893a6ed2-6228-4554-a52c-fbaed0f96c6e): put it here
[21:39:17] TheRealColmagi (uuid: c98c1615-0764-41e1-848d-73152bfabe94): jesos
[21:39:30] Karambit_FaZe (uuid: 893a6ed2-6228-4554-a52c-fbaed0f96c6e): what the hell
[21:39:30] TheRealColmagi (uuid: c98c1615-0764-41e1-848d-73152bfabe94): autz
[21:40:45] TheRealColmagi (uuid: c98c1615-0764-41e1-848d-73152bfabe94): gonna go to nether
[21:40:48] TheRealColmagi (uuid: c98c1615-0764-41e1-848d-73152bfabe94): get me some goddamn glowtsone
[21:41:37] TheRealColmagi (uuid: c98c1615-0764-41e1-848d-73152bfabe94): nigga
[21:41:39] TheRealColmagi (uuid: c98c1615-0764-41e1-848d-73152bfabe94): i see u
[21:41:48] TheRealColmagi (uuid: c98c1615-0764-41e1-848d-73152bfabe94): stop flyhacking
[21:42:02] Karambit_FaZe (uuid: 893a6ed2-6228-4554-a52c-fbaed0f96c6e): i was getting ready to 1v1 ethan tong
[22:00:30] TheRealColmagi (uuid: c98c1615-0764-41e1-848d-73152bfabe94): sup
[22:02:16] iMine03 (uuid: 0f9d4172-c235-4bd2-9897-490c4a93ddfe): fuck nigga pussy bitch ass whore come here lememe rape ur soft fabric looking ass
[22:02:21] iMine03 (uuid: 0f9d4172-c235-4bd2-9897-490c4a93ddfe): fuck u nigger
[22:02:21] TheRealColmagi (uuid: c98c1615-0764-41e1-848d-73152bfabe94): wtf
[22:02:26] iMine03 (uuid: 0f9d4172-c235-4bd2-9897-490c4a93ddfe): fuck u nigger pussy
[22:02:28] iMine03 (uuid: 0f9d4172-c235-4bd2-9897-490c4a93ddfe): ass bitch
[22:02:32] TheRealColmagi (uuid: c98c1615-0764-41e1-848d-73152bfabe94): ok LOOL
[22:02:33] iMine03 (uuid: 0f9d4172-c235-4bd2-9897-490c4a93ddfe): lemme rape u
[22:02:37] TheRealColmagi (uuid: c98c1615-0764-41e1-848d-73152bfabe94): cmere pvp me in arena
[22:02:41] iMine03 (uuid: 0f9d4172-c235-4bd2-9897-490c4a93ddfe): soft whitebread ass nigget
[22:03:17] iMine03 (uuid: 0f9d4172-c235-4bd2-9897-490c4a93ddfe): im going to warp pvp
[22:03:54] iMine03 (uuid: 0f9d4172-c235-4bd2-9897-490c4a93ddfe): niqqa if u dot show up in 10 seconds ur a pussy
[22:04:08] iMine03 (uuid: 0f9d4172-c235-4bd2-9897-490c4a93ddfe): ok ur a pussy
[22:10:32] TheRealColmagi (uuid: c98c1615-0764-41e1-848d-73152bfabe94): imajew
[22:10:51] Karambit_FaZe (uuid: 893a6ed2-6228-4554-a52c-fbaed0f96c6e): ethan told u to give me permission
[22:40:49] TheRealColmagi (uuid: c98c1615-0764-41e1-848d-73152bfabe94): wtf
[22:40:57] TheRealColmagi (uuid: c98c1615-0764-41e1-848d-73152bfabe94): wtf u niggas doin
[22:41:21] TheRealColmagi (uuid: c98c1615-0764-41e1-848d-73152bfabe94): holy hes got an autoattacker on
[22:41:25] Karambit_FaZe (uuid: 893a6ed2-6228-4554-a52c-fbaed0f96c6e): mhm
[22:41:36] Karambit_FaZe (uuid: 893a6ed2-6228-4554-a52c-fbaed0f96c6e): bc i wanted to afk for food
[22:45:52] Karambit_FaZe (uuid: 893a6ed2-6228-4554-a52c-fbaed0f96c6e): lmao kd
[22:45:58] Hubert6194 (uuid: 1ae76006-6711-4e06-9e89-a7e9a547fbfd): what is up faggots
[22:46:03] Hubert6194 (uuid: 1ae76006-6711-4e06-9e89-a7e9a547fbfd): what is up f agggots
[22:48:32] Hubert6194 (uuid: 1ae76006-6711-4e06-9e89-a7e9a547fbfd): fa gg ot
[22:48:48] iMine03 (uuid: 0f9d4172-c235-4bd2-9897-490c4a93ddfe): anyone wanna have sex
[22:49:04] Hubert6194 (uuid: 1ae76006-6711-4e06-9e89-a7e9a547fbfd): nigga holy u actually alite
[22:49:42] TheRealColmagi (uuid: c98c1615-0764-41e1-848d-73152bfabe94): i got auts
[22:49:43] Karambit_FaZe (uuid: 893a6ed2-6228-4554-a52c-fbaed0f96c6e): huber what did u get on kd
[22:49:46] TheRealColmagi (uuid: c98c1615-0764-41e1-848d-73152bfabe94): sup nigga
[22:49:50] iMine03 (uuid: 0f9d4172-c235-4bd2-9897-490c4a93ddfe): stfu alex
[22:50:01] TheRealColmagi (uuid: c98c1615-0764-41e1-848d-73152bfabe94): if ound the jew
[22:50:10] TheRealColmagi (uuid: c98c1615-0764-41e1-848d-73152bfabe94): y both yall nibbas afk
[22:50:13] iMine03 (uuid: 0f9d4172-c235-4bd2-9897-490c4a93ddfe): nobody likes ur maxing ap bio lookking egg cake lookin ass
[22:50:18] TheRealColmagi (uuid: c98c1615-0764-41e1-848d-73152bfabe94): he cant read
[22:50:24] TheRealColmagi (uuid: c98c1615-0764-41e1-848d-73152bfabe94): unless u global chat lmao
[22:50:25] iMine03 (uuid: 0f9d4172-c235-4bd2-9897-490c4a93ddfe): ALEX STFU
[22:50:33] iMine03 (uuid: 0f9d4172-c235-4bd2-9897-490c4a93ddfe): egg cake ass niggae
[22:51:11] TheRealColmagi (uuid: c98c1615-0764-41e1-848d-73152bfabe94): xd
[22:52:29] TheRealColmagi (uuid: c98c1615-0764-41e1-848d-73152bfabe94): jew joins
[22:52:31] TheRealColmagi (uuid: c98c1615-0764-41e1-848d-73152bfabe94): >is afk
[22:52:32] TheRealColmagi (uuid: c98c1615-0764-41e1-848d-73152bfabe94): >nigga w0t
[22:52:35] TheRealColmagi (uuid: c98c1615-0764-41e1-848d-73152bfabe94): henlo
[22:54:57] iMine03 (uuid: 0f9d4172-c235-4bd2-9897-490c4a93ddfe): hello wtf
[22:58:30] TheRealColmagi (uuid: c98c1615-0764-41e1-848d-73152bfabe94): same
[23:00:55] TheRealColmagi (uuid: c98c1615-0764-41e1-848d-73152bfabe94): LOL
[23:00:56] TheRealColmagi (uuid: c98c1615-0764-41e1-848d-73152bfabe94): nigga
[23:06:17] TheRealColmagi (uuid: c98c1615-0764-41e1-848d-73152bfabe94): paul nigba
[23:06:21] TheRealColmagi (uuid: c98c1615-0764-41e1-848d-73152bfabe94): r u auts
[23:26:57] Hubert6194 (uuid: 1ae76006-6711-4e06-9e89-a7e9a547fbfd): NIGGA WTF
[23:27:01] Hubert6194 (uuid: 1ae76006-6711-4e06-9e89-a7e9a547fbfd): GIMME
[23:27:04] Hubert6194 (uuid: 1ae76006-6711-4e06-9e89-a7e9a547fbfd): MY SHIT BACK
[23:27:23] TheRealColmagi (uuid: c98c1615-0764-41e1-848d-73152bfabe94): wtf
[23:32:26] Hubert6194 (uuid: 1ae76006-6711-4e06-9e89-a7e9a547fbfd): nigba
[23:32:34] iMine03 (uuid: 0f9d4172-c235-4bd2-9897-490c4a93ddfe): what
[23:32:46] Hubert6194 (uuid: 1ae76006-6711-4e06-9e89-a7e9a547fbfd): "Hubert6194 fell from a high place"
[23:32:56] iMine03 (uuid: 0f9d4172-c235-4bd2-9897-490c4a93ddfe): nigga thta's ur problem not mine
[23:33:01] iMine03 (uuid: 0f9d4172-c235-4bd2-9897-490c4a93ddfe): nigget ur problem tho
[23:33:05] Hubert6194 (uuid: 1ae76006-6711-4e06-9e89-a7e9a547fbfd): mmhm
[23:33:39] iMine03 (uuid: 0f9d4172-c235-4bd2-9897-490c4a93ddfe): pvp me nigget
[23:33:41] Hubert6194 (uuid: 1ae76006-6711-4e06-9e89-a7e9a547fbfd): lmao
[23:35:50] TheRealColmagi (uuid: c98c1615-0764-41e1-848d-73152bfabe94): gotem
[23:35:54] TheRealColmagi (uuid: c98c1615-0764-41e1-848d-73152bfabe94): fk rain
[23:35:59] Hubert6194 (uuid: 1ae76006-6711-4e06-9e89-a7e9a547fbfd): thanks bae
[23:36:05] TheRealColmagi (uuid: c98c1615-0764-41e1-848d-73152bfabe94): how u like the place nibbas
[23:36:09] TheRealColmagi (uuid: c98c1615-0764-41e1-848d-73152bfabe94): i say its p damn good
[23:37:27] PiranhaBoy (uuid: 068bfb61-fb8a-4553-8305-2af64537cadb): tits
[23:37:31] iMine03 (uuid: 0f9d4172-c235-4bd2-9897-490c4a93ddfe): fuck u pussy ass whitebrea nigget
[23:37:37] TheRealColmagi (uuid: c98c1615-0764-41e1-848d-73152bfabe94): haha its this guy
[23:37:40] iMine03 (uuid: 0f9d4172-c235-4bd2-9897-490c4a93ddfe): whoever just joined is gay
[23:37:43] Hubert6194 (uuid: 1ae76006-6711-4e06-9e89-a7e9a547fbfd): egg as nigger faggot
[23:37:49] Hubert6194 (uuid: 1ae76006-6711-4e06-9e89-a7e9a547fbfd): penis
[23:37:49] iMine03 (uuid: 0f9d4172-c235-4bd2-9897-490c4a93ddfe): who tf r u
[23:37:50] TheRealColmagi (uuid: c98c1615-0764-41e1-848d-73152bfabe94): lmao
[23:37:51] Hubert6194 (uuid: 1ae76006-6711-4e06-9e89-a7e9a547fbfd): faggot
[23:37:53] TheRealColmagi (uuid: c98c1615-0764-41e1-848d-73152bfabe94): thats derek
[23:37:55] PiranhaBoy (uuid: 068bfb61-fb8a-4553-8305-2af64537cadb): asim
[23:37:57] PiranhaBoy (uuid: 068bfb61-fb8a-4553-8305-2af64537cadb): suhail
[23:37:59] Hubert6194 (uuid: 1ae76006-6711-4e06-9e89-a7e9a547fbfd): cock sucker nigger bitch pussy
[23:38:01] Hubert6194 (uuid: 1ae76006-6711-4e06-9e89-a7e9a547fbfd): fuck
[23:38:02] PiranhaBoy (uuid: 068bfb61-fb8a-4553-8305-2af64537cadb): make me elite
[23:38:04] TheRealColmagi (uuid: c98c1615-0764-41e1-848d-73152bfabe94): now all we need is alex
[23:38:07] PiranhaBoy (uuid: 068bfb61-fb8a-4553-8305-2af64537cadb): i want to be an elitist
[23:38:08] Hubert6194 (uuid: 1ae76006-6711-4e06-9e89-a7e9a547fbfd): GIMME MY SHIT FAGGOT
[23:38:11] TheRealColmagi (uuid: c98c1615-0764-41e1-848d-73152bfabe94): but hes prob sleeping
[23:38:16] Hubert6194 (uuid: 1ae76006-6711-4e06-9e89-a7e9a547fbfd): wtf
[23:38:18] TheRealColmagi (uuid: c98c1615-0764-41e1-848d-73152bfabe94): i trusted u
[23:38:18] Hubert6194 (uuid: 1ae76006-6711-4e06-9e89-a7e9a547fbfd): doubt it
[23:38:21] Hubert6194 (uuid: 1ae76006-6711-4e06-9e89-a7e9a547fbfd): why would he sleep so early
[23:38:23] TheRealColmagi (uuid: c98c1615-0764-41e1-848d-73152bfabe94): idk
[23:39:18] iMine03 (uuid: 0f9d4172-c235-4bd2-9897-490c4a93ddfe): wtf u doing hubert
[23:39:35] PiranhaBoy (uuid: 068bfb61-fb8a-4553-8305-2af64537cadb): DD:
[23:39:37] PiranhaBoy (uuid: 068bfb61-fb8a-4553-8305-2af64537cadb): hes dead
[23:40:07] iMine03 (uuid: 0f9d4172-c235-4bd2-9897-490c4a93ddfe): nigga u atus
[23:40:14] TheRealColmagi (uuid: c98c1615-0764-41e1-848d-73152bfabe94): i got auts
[23:41:22] iMine03 (uuid: 0f9d4172-c235-4bd2-9897-490c4a93ddfe): mhm
[23:41:40] iMine03 (uuid: 0f9d4172-c235-4bd2-9897-490c4a93ddfe): pussy running away
[23:41:43] Hubert6194 (uuid: 1ae76006-6711-4e06-9e89-a7e9a547fbfd): mhm
[23:41:44] Hubert6194 (uuid: 1ae76006-6711-4e06-9e89-a7e9a547fbfd): mhm
[23:41:47] Hubert6194 (uuid: 1ae76006-6711-4e06-9e89-a7e9a547fbfd): pansy nigga
[23:45:41] Hubert6194 (uuid: 1ae76006-6711-4e06-9e89-a7e9a547fbfd): LOL
[23:45:43] Hubert6194 (uuid: 1ae76006-6711-4e06-9e89-a7e9a547fbfd): LOL
[23:45:43] Hubert6194 (uuid: 1ae76006-6711-4e06-9e89-a7e9a547fbfd): LOLT
[23:45:45] iMine03 (uuid: 0f9d4172-c235-4bd2-9897-490c4a93ddfe): ez
[23:45:55] Hubert6194 (uuid: 1ae76006-6711-4e06-9e89-a7e9a547fbfd): DID U TP TO JAMES
[23:46:08] Hubert6194 (uuid: 1ae76006-6711-4e06-9e89-a7e9a547fbfd): S
[23:46:36] iMine03 (uuid: 0f9d4172-c235-4bd2-9897-490c4a93ddfe): wtf help
[23:46:41] Hubert6194 (uuid: 1ae76006-6711-4e06-9e89-a7e9a547fbfd): h
[23:46:43] Hubert6194 (uuid: 1ae76006-6711-4e06-9e89-a7e9a547fbfd): a
[23:46:47] Hubert6194 (uuid: 1ae76006-6711-4e06-9e89-a7e9a547fbfd): h a h a h a
[23:46:52] Hubert6194 (uuid: 1ae76006-6711-4e06-9e89-a7e9a547fbfd): take jame's stuff
[23:46:57] Hubert6194 (uuid: 1ae76006-6711-4e06-9e89-a7e9a547fbfd): get water
[23:47:56] iMine03 (uuid: 0f9d4172-c235-4bd2-9897-490c4a93ddfe): LOL
[23:47:57] Hubert6194 (uuid: 1ae76006-6711-4e06-9e89-a7e9a547fbfd): fuckk
[23:47:59] iMine03 (uuid: 0f9d4172-c235-4bd2-9897-490c4a93ddfe): AUTS NGIGA
[23:47:59] Hubert6194 (uuid: 1ae76006-6711-4e06-9e89-a7e9a547fbfd): fuckk
[23:48:02] Hubert6194 (uuid: 1ae76006-6711-4e06-9e89-a7e9a547fbfd): i didn't time it right
[23:50:07] TheRealColmagi (uuid: c98c1615-0764-41e1-848d-73152bfabe94): WTF
[23:50:44] TheRealColmagi (uuid: c98c1615-0764-41e1-848d-73152bfabe94): nice try fucks
[23:51:09] Hubert6194 (uuid: 1ae76006-6711-4e06-9e89-a7e9a547fbfd): LOL
[23:51:14] Hubert6194 (uuid: 1ae76006-6711-4e06-9e89-a7e9a547fbfd): AUTS
[23:51:26] Hubert6194 (uuid: 1ae76006-6711-4e06-9e89-a7e9a547fbfd): WTF
[23:51:31] Hubert6194 (uuid: 1ae76006-6711-4e06-9e89-a7e9a547fbfd): nigga cheated in his shit
[23:51:50] Hubert6194 (uuid: 1ae76006-6711-4e06-9e89-a7e9a547fbfd): wait hes afk do it again
[23:51:54] iMine03 (uuid: 0f9d4172-c235-4bd2-9897-490c4a93ddfe): mhm
[23:52:05] iMine03 (uuid: 0f9d4172-c235-4bd2-9897-490c4a93ddfe): u do it lmfao
[23:52:10] Hubert6194 (uuid: 1ae76006-6711-4e06-9e89-a7e9a547fbfd): k
[23:52:20] Hubert6194 (uuid: 1ae76006-6711-4e06-9e89-a7e9a547fbfd): nigga
[23:52:27] iMine03 (uuid: 0f9d4172-c235-4bd2-9897-490c4a93ddfe): NIGGA STOP
[23:52:40] iMine03 (uuid: 0f9d4172-c235-4bd2-9897-490c4a93ddfe): NIGGA U FUCKTARD STOP MINING FOR A SEC
[23:52:57] iMine03 (uuid: 0f9d4172-c235-4bd2-9897-490c4a93ddfe): NIGGA!!!
[23:53:00] iMine03 (uuid: 0f9d4172-c235-4bd2-9897-490c4a93ddfe): FUCKING SOTP
[23:53:08] Hubert6194 (uuid: 1ae76006-6711-4e06-9e89-a7e9a547fbfd): LMAO
[23:53:13] Hubert6194 (uuid: 1ae76006-6711-4e06-9e89-a7e9a547fbfd): tp om
[23:53:23] iMine03 (uuid: 0f9d4172-c235-4bd2-9897-490c4a93ddfe): have fun being trapped
[23:53:25] Hubert6194 (uuid: 1ae76006-6711-4e06-9e89-a7e9a547fbfd): aight nigga wanna push him in
[23:53:47] PiranhaBoy (uuid: 068bfb61-fb8a-4553-8305-2af64537cadb): boost me in minecraft
[23:55:02] iMine03 (uuid: 0f9d4172-c235-4bd2-9897-490c4a93ddfe): dude stfu
[23:55:08] Hubert6194 (uuid: 1ae76006-6711-4e06-9e89-a7e9a547fbfd): ez
[23:55:50] Hubert6194 (uuid: 1ae76006-6711-4e06-9e89-a7e9a547fbfd): fucj
[23:56:09] PiranhaBoy (uuid: 068bfb61-fb8a-4553-8305-2af64537cadb): how do you get more claim land
[23:56:09] iMine03 (uuid: 0f9d4172-c235-4bd2-9897-490c4a93ddfe): 1nigga u auts
[23:56:13] iMine03 (uuid: 0f9d4172-c235-4bd2-9897-490c4a93ddfe): come to nether rn
[23:56:16] TheRealColmagi (uuid: c98c1615-0764-41e1-848d-73152bfabe94): hell no
[23:56:22] iMine03 (uuid: 0f9d4172-c235-4bd2-9897-490c4a93ddfe): bring nothing just ourselves Hubert6194
[23:56:30] Hubert6194 (uuid: 1ae76006-6711-4e06-9e89-a7e9a547fbfd): ok
[23:56:35] Hubert6194 (uuid: 1ae76006-6711-4e06-9e89-a7e9a547fbfd): i bought a stack of cobble stone
[23:56:41] Hubert6194 (uuid: 1ae76006-6711-4e06-9e89-a7e9a547fbfd): wtf
[23:56:43] iMine03 (uuid: 0f9d4172-c235-4bd2-9897-490c4a93ddfe): kk tp to me
[23:56:44] Hubert6194 (uuid: 1ae76006-6711-4e06-9e89-a7e9a547fbfd): whered u go
[23:57:23] Hubert6194 (uuid: 1ae76006-6711-4e06-9e89-a7e9a547fbfd): nigga u auts
[23:57:30] iMine03 (uuid: 0f9d4172-c235-4bd2-9897-490c4a93ddfe): engro
[23:57:39] Hubert6194 (uuid: 1ae76006-6711-4e06-9e89-a7e9a547fbfd): els go
[23:57:41] TheRealColmagi (uuid: c98c1615-0764-41e1-848d-73152bfabe94): someones getting jewed on
[23:58:14] PiranhaBoy (uuid: 068bfb61-fb8a-4553-8305-2af64537cadb): if i leave do i spawn where i left
[23:58:26] Hubert6194 (uuid: 1ae76006-6711-4e06-9e89-a7e9a547fbfd): nigga nether boring
[23:58:37] Hubert6194 (uuid: 1ae76006-6711-4e06-9e89-a7e9a547fbfd): james whered u go
[23:59:24] Hubert6194 (uuid: 1ae76006-6711-4e06-9e89-a7e9a547fbfd): mhm
[23:59:57] Hubert6194 (uuid: 1ae76006-6711-4e06-9e89-a7e9a547fbfd): FYUCJ
[23:59:57] iMine03 (uuid: 0f9d4172-c235-4bd2-9897-490c4a93ddfe): auts
