[12:00:42] TheRealColmagi (uuid: c98c1615-0764-41e1-848d-73152bfabe94): sup
[12:00:44] TheRealColmagi (uuid: c98c1615-0764-41e1-848d-73152bfabe94): yo
[12:00:54] PiranhaBoy (uuid: 068bfb61-fb8a-4553-8305-2af64537cadb): IM GAY
[12:00:58] TheRealColmagi (uuid: c98c1615-0764-41e1-848d-73152bfabe94): yes
[12:01:13] TheRealColmagi (uuid: c98c1615-0764-41e1-848d-73152bfabe94): aloha snackbar
[12:01:20] TheRealColmagi (uuid: c98c1615-0764-41e1-848d-73152bfabe94): wheres yisong
[12:01:22] TheRealColmagi (uuid: c98c1615-0764-41e1-848d-73152bfabe94): ersong
[12:01:23] PiranhaBoy (uuid: 068bfb61-fb8a-4553-8305-2af64537cadb): nigger snack bar
[12:01:26] PiranhaBoy (uuid: 068bfb61-fb8a-4553-8305-2af64537cadb): idk
[12:01:30] PiranhaBoy (uuid: 068bfb61-fb8a-4553-8305-2af64537cadb): at sharlenes house
[12:01:46] TheRealColmagi (uuid: c98c1615-0764-41e1-848d-73152bfabe94): ima do $$ raffle too
[12:01:52] TheRealColmagi (uuid: c98c1615-0764-41e1-848d-73152bfabe94): one for pauls house
[12:01:55] TheRealColmagi (uuid: c98c1615-0764-41e1-848d-73152bfabe94): one for rankup
[12:01:57] TheRealColmagi (uuid: c98c1615-0764-41e1-848d-73152bfabe94): one for cash bonus
[12:02:21] PiranhaBoy (uuid: 068bfb61-fb8a-4553-8305-2af64537cadb): gimme that cash
[12:02:25] TheRealColmagi (uuid: c98c1615-0764-41e1-848d-73152bfabe94): mhm
[12:04:32] TheRealColmagi (uuid: c98c1615-0764-41e1-848d-73152bfabe94): i found a jungle btw
[12:04:39] PiranhaBoy (uuid: 068bfb61-fb8a-4553-8305-2af64537cadb): i found a jew
[12:04:42] PiranhaBoy (uuid: 068bfb61-fb8a-4553-8305-2af64537cadb): send coords
[12:04:46] TheRealColmagi (uuid: c98c1615-0764-41e1-848d-73152bfabe94): nah
[12:04:51] TheRealColmagi (uuid: c98c1615-0764-41e1-848d-73152bfabe94): its like amazon rainforest yknow
[12:04:54] TheRealColmagi (uuid: c98c1615-0764-41e1-848d-73152bfabe94): very rare
[12:04:58] TheRealColmagi (uuid: c98c1615-0764-41e1-848d-73152bfabe94): cannot have ppl destroying it
[12:05:13] TheRealColmagi (uuid: c98c1615-0764-41e1-848d-73152bfabe94): some nigga prob gonna go dump lava on it
[12:05:24] PiranhaBoy (uuid: 068bfb61-fb8a-4553-8305-2af64537cadb): yea burn ut
[12:05:27] PiranhaBoy (uuid: 068bfb61-fb8a-4553-8305-2af64537cadb): get cats easy
[12:05:36] TheRealColmagi (uuid: c98c1615-0764-41e1-848d-73152bfabe94): mokey
[12:05:46] PiranhaBoy (uuid: 068bfb61-fb8a-4553-8305-2af64537cadb): when is mokey
[12:09:34] PiranhaBoy (uuid: 068bfb61-fb8a-4553-8305-2af64537cadb): how many gifts do you have
[12:09:39] TheRealColmagi (uuid: c98c1615-0764-41e1-848d-73152bfabe94): none
[12:09:45] PiranhaBoy (uuid: 068bfb61-fb8a-4553-8305-2af64537cadb): bet
[12:11:19] PiranhaBoy (uuid: 068bfb61-fb8a-4553-8305-2af64537cadb): ive donated like 5 things
[12:11:55] TheRealColmagi (uuid: c98c1615-0764-41e1-848d-73152bfabe94): nani
[12:12:07] PiranhaBoy (uuid: 068bfb61-fb8a-4553-8305-2af64537cadb): nigga ur system is broken
[12:12:11] TheRealColmagi (uuid: c98c1615-0764-41e1-848d-73152bfabe94): donate what
[12:12:17] TheRealColmagi (uuid: c98c1615-0764-41e1-848d-73152bfabe94): to the christmas tre?
[12:12:20] PiranhaBoy (uuid: 068bfb61-fb8a-4553-8305-2af64537cadb): ye
[12:12:24] TheRealColmagi (uuid: c98c1615-0764-41e1-848d-73152bfabe94): oh thats andys
[12:12:32] TheRealColmagi (uuid: c98c1615-0764-41e1-848d-73152bfabe94): is the deek shit urs
[12:12:38] PiranhaBoy (uuid: 068bfb61-fb8a-4553-8305-2af64537cadb): nibba wtf
[12:12:39] PiranhaBoy (uuid: 068bfb61-fb8a-4553-8305-2af64537cadb): ye
[12:12:51] TheRealColmagi (uuid: c98c1615-0764-41e1-848d-73152bfabe94): nice
[12:12:57] PiranhaBoy (uuid: 068bfb61-fb8a-4553-8305-2af64537cadb): thought it was donate and get shit back
[12:14:31] TheRealColmagi (uuid: c98c1615-0764-41e1-848d-73152bfabe94): LOL
[12:14:35] TheRealColmagi (uuid: c98c1615-0764-41e1-848d-73152bfabe94): well andy said he would give back
[12:14:36] TheRealColmagi (uuid: c98c1615-0764-41e1-848d-73152bfabe94): so
[12:14:38] TheRealColmagi (uuid: c98c1615-0764-41e1-848d-73152bfabe94): idk
[12:14:43] TheRealColmagi (uuid: c98c1615-0764-41e1-848d-73152bfabe94): might be trolling
[12:15:01] TheRealColmagi (uuid: c98c1615-0764-41e1-848d-73152bfabe94): donate to santa to recieve gifts this christmas
[12:15:53] TheRealColmagi (uuid: c98c1615-0764-41e1-848d-73152bfabe94): 1
[12:15:55] TheRealColmagi (uuid: c98c1615-0764-41e1-848d-73152bfabe94): 2
[12:15:55] TheRealColmagi (uuid: c98c1615-0764-41e1-848d-73152bfabe94): 3
[12:15:56] TheRealColmagi (uuid: c98c1615-0764-41e1-848d-73152bfabe94): 4
[12:15:56] TheRealColmagi (uuid: c98c1615-0764-41e1-848d-73152bfabe94): 5
[12:16:01] TheRealColmagi (uuid: c98c1615-0764-41e1-848d-73152bfabe94): allah
[12:18:14] TheRealColmagi (uuid: c98c1615-0764-41e1-848d-73152bfabe94): dis nigga afk
