[00:03:23] PiranhaBoy (uuid: 068bfb61-fb8a-4553-8305-2af64537cadb): wtf howd i die
[00:10:32] iiBethanyii (uuid: 017ec225-2727-4d08-b15d-c5d9f307a55c): james ur gay
[00:10:44] iiBethanyii (uuid: 017ec225-2727-4d08-b15d-c5d9f307a55c): Those beacons legit
[00:10:47] iiBethanyii (uuid: 017ec225-2727-4d08-b15d-c5d9f307a55c): gim bak
[10:42:22] TheRealColmagi (uuid: c98c1615-0764-41e1-848d-73152bfabe94): jeff returns
[10:49:24] TheRealColmagi (uuid: c98c1615-0764-41e1-848d-73152bfabe94): sup jew
[10:49:27] iiBethanyii (uuid: 017ec225-2727-4d08-b15d-c5d9f307a55c): REE
[10:49:31] JohnProdman (uuid: 4150cd4b-a415-4298-bdc7-c9e330b466cc): FUCK
[10:49:36] TheRealColmagi (uuid: c98c1615-0764-41e1-848d-73152bfabe94): what
[10:49:41] iiBethanyii (uuid: 017ec225-2727-4d08-b15d-c5d9f307a55c): Ur a jew
[10:49:43] JohnProdman (uuid: 4150cd4b-a415-4298-bdc7-c9e330b466cc): fuck u
[10:49:45] iiBethanyii (uuid: 017ec225-2727-4d08-b15d-c5d9f307a55c): nig
[10:49:47] JohnProdman (uuid: 4150cd4b-a415-4298-bdc7-c9e330b466cc): autist
[10:49:49] iiBethanyii (uuid: 017ec225-2727-4d08-b15d-c5d9f307a55c): retard
[10:49:53] JohnProdman (uuid: 4150cd4b-a415-4298-bdc7-c9e330b466cc): cunt
[10:49:58] JohnProdman (uuid: 4150cd4b-a415-4298-bdc7-c9e330b466cc): Cu4t
[10:50:21] JohnProdman (uuid: 4150cd4b-a415-4298-bdc7-c9e330b466cc): Fortnire player
[10:50:24] iiBethanyii (uuid: 017ec225-2727-4d08-b15d-c5d9f307a55c): minecraft player
[10:51:36] TheRealColmagi (uuid: c98c1615-0764-41e1-848d-73152bfabe94): wtf derek has so many turtles
[10:55:24] iiBethanyii (uuid: 017ec225-2727-4d08-b15d-c5d9f307a55c): hes a jew
[10:55:59] JohnProdman (uuid: 4150cd4b-a415-4298-bdc7-c9e330b466cc): The shop can not be fucking used
[10:56:01] JohnProdman (uuid: 4150cd4b-a415-4298-bdc7-c9e330b466cc): fuck me
[10:56:46] JohnProdman (uuid: 4150cd4b-a415-4298-bdc7-c9e330b466cc): wait what the hell
[10:56:53] JohnProdman (uuid: 4150cd4b-a415-4298-bdc7-c9e330b466cc): wait wait wawiiawiiiitttt
[10:56:58] JohnProdman (uuid: 4150cd4b-a415-4298-bdc7-c9e330b466cc): james
[10:58:21] iiBethanyii (uuid: 017ec225-2727-4d08-b15d-c5d9f307a55c): ethan
[10:59:41] iiBethanyii (uuid: 017ec225-2727-4d08-b15d-c5d9f307a55c): areu trying to grief
[11:00:00] iMine03 (uuid: 0f9d4172-c235-4bd2-9897-490c4a93ddfe): no it's global warming
[11:00:11] iiBethanyii (uuid: 017ec225-2727-4d08-b15d-c5d9f307a55c): dahell
[11:01:13] iiBethanyii (uuid: 017ec225-2727-4d08-b15d-c5d9f307a55c): clap cheeks
[11:02:12] iiBethanyii (uuid: 017ec225-2727-4d08-b15d-c5d9f307a55c): clap asser
[11:07:47] TheRealColmagi (uuid: c98c1615-0764-41e1-848d-73152bfabe94): i like jew
[11:07:51] TheRealColmagi (uuid: c98c1615-0764-41e1-848d-73152bfabe94): jew is good
[11:07:55] TheRealColmagi (uuid: c98c1615-0764-41e1-848d-73152bfabe94): succ jew
[11:09:11] TheRealColmagi (uuid: c98c1615-0764-41e1-848d-73152bfabe94): WHYD THAT NIGGER LEAVE
[11:09:13] TheRealColmagi (uuid: c98c1615-0764-41e1-848d-73152bfabe94): IM GONNA JEW HIM
[11:14:27] TheRealColmagi (uuid: c98c1615-0764-41e1-848d-73152bfabe94): yes
[11:15:24] TheRealColmagi (uuid: c98c1615-0764-41e1-848d-73152bfabe94): HAHAH
[11:15:34] TheRealColmagi (uuid: c98c1615-0764-41e1-848d-73152bfabe94): aint that the wackest thing youve ever seen
[11:17:25] TheRealColmagi (uuid: c98c1615-0764-41e1-848d-73152bfabe94): i got u some sea
[11:17:26] TheRealColmagi (uuid: c98c1615-0764-41e1-848d-73152bfabe94): weed
[11:17:39] TheRealColmagi (uuid: c98c1615-0764-41e1-848d-73152bfabe94): die fag
[11:18:10] TheRealColmagi (uuid: c98c1615-0764-41e1-848d-73152bfabe94): get niggered
[11:18:47] TheRealColmagi (uuid: c98c1615-0764-41e1-848d-73152bfabe94): nigga
[11:18:50] TheRealColmagi (uuid: c98c1615-0764-41e1-848d-73152bfabe94): ur a squid
[11:19:21] TheRealColmagi (uuid: c98c1615-0764-41e1-848d-73152bfabe94): im AJ EW
[11:19:22] TheRealColmagi (uuid: c98c1615-0764-41e1-848d-73152bfabe94): JEW
[11:19:24] TheRealColmagi (uuid: c98c1615-0764-41e1-848d-73152bfabe94): WEJ
[11:19:25] TheRealColmagi (uuid: c98c1615-0764-41e1-848d-73152bfabe94): JEW
[11:19:26] TheRealColmagi (uuid: c98c1615-0764-41e1-848d-73152bfabe94): JEW
[11:19:28] TheRealColmagi (uuid: c98c1615-0764-41e1-848d-73152bfabe94): FUCK JEWS
[11:19:34] TheRealColmagi (uuid: c98c1615-0764-41e1-848d-73152bfabe94): i hate JEWS
[11:19:36] TheRealColmagi (uuid: c98c1615-0764-41e1-848d-73152bfabe94): BUT IM A JEW MYSELF
[11:55:01] bryantandpat (uuid: 7961a874-c35f-4f34-a0d1-37205c235291): WHAT THE FUCK
[11:55:03] bryantandpat (uuid: 7961a874-c35f-4f34-a0d1-37205c235291): who
[11:55:04] bryantandpat (uuid: 7961a874-c35f-4f34-a0d1-37205c235291): the fuck
[11:55:11] bryantandpat (uuid: 7961a874-c35f-4f34-a0d1-37205c235291): opened the damn trapdoors in my far
[11:55:23] bryantandpat (uuid: 7961a874-c35f-4f34-a0d1-37205c235291): holy shit
[11:57:54] bryantandpat (uuid: 7961a874-c35f-4f34-a0d1-37205c235291): james u fag
[11:57:56] bryantandpat (uuid: 7961a874-c35f-4f34-a0d1-37205c235291): james
[12:03:54] bryantandpat (uuid: 7961a874-c35f-4f34-a0d1-37205c235291): derek
[12:04:00] bryantandpat (uuid: 7961a874-c35f-4f34-a0d1-37205c235291): did u fuck up the villager farm
[12:05:03] PiranhaBoy (uuid: 068bfb61-fb8a-4553-8305-2af64537cadb): where did hubert take my shit
[12:05:10] bryantandpat (uuid: 7961a874-c35f-4f34-a0d1-37205c235291): derek
[12:05:15] bryantandpat (uuid: 7961a874-c35f-4f34-a0d1-37205c235291): did u do it
[12:05:19] PiranhaBoy (uuid: 068bfb61-fb8a-4553-8305-2af64537cadb): no shut the fuck up
[12:05:26] PiranhaBoy (uuid: 068bfb61-fb8a-4553-8305-2af64537cadb): where did hubert take my stuff
[12:05:32] bryantandpat (uuid: 7961a874-c35f-4f34-a0d1-37205c235291): idk
[12:06:52] PiranhaBoy (uuid: 068bfb61-fb8a-4553-8305-2af64537cadb): can you guys stop fucking the skyfarms base
[12:07:07] bryantandpat (uuid: 7961a874-c35f-4f34-a0d1-37205c235291): bruh wasnt me
[12:07:17] bryantandpat (uuid: 7961a874-c35f-4f34-a0d1-37205c235291): ian and big block were doing shit up there
[12:07:23] PiranhaBoy (uuid: 068bfb61-fb8a-4553-8305-2af64537cadb): idk why someone would even place blocks here
[12:07:45] PiranhaBoy (uuid: 068bfb61-fb8a-4553-8305-2af64537cadb): big blocks gotta stop fucking my shit
[12:08:17] TheRealColmagi (uuid: c98c1615-0764-41e1-848d-73152bfabe94): ye auts
[12:08:27] TheRealColmagi (uuid: c98c1615-0764-41e1-848d-73152bfabe94): lol
[12:08:39] PiranhaBoy (uuid: 068bfb61-fb8a-4553-8305-2af64537cadb): james where did hubert take my shit
[12:08:44] TheRealColmagi (uuid: c98c1615-0764-41e1-848d-73152bfabe94): idk
[12:09:44] PiranhaBoy (uuid: 068bfb61-fb8a-4553-8305-2af64537cadb): james can you check huberts chests and inv
[12:09:51] TheRealColmagi (uuid: c98c1615-0764-41e1-848d-73152bfabe94): i cant see his inven
[12:09:54] TheRealColmagi (uuid: c98c1615-0764-41e1-848d-73152bfabe94): his chests have a set of armor
[12:09:56] TheRealColmagi (uuid: c98c1615-0764-41e1-848d-73152bfabe94): but idk if its urs
[12:10:03] PiranhaBoy (uuid: 068bfb61-fb8a-4553-8305-2af64537cadb): is there a turtle helmet
[12:10:08] TheRealColmagi (uuid: c98c1615-0764-41e1-848d-73152bfabe94): nos
[12:10:16] PiranhaBoy (uuid: 068bfb61-fb8a-4553-8305-2af64537cadb): check his other shit then
[12:10:21] TheRealColmagi (uuid: c98c1615-0764-41e1-848d-73152bfabe94): thats it
[12:10:24] PiranhaBoy (uuid: 068bfb61-fb8a-4553-8305-2af64537cadb): just look for a trident and the armour
[12:10:30] TheRealColmagi (uuid: c98c1615-0764-41e1-848d-73152bfabe94): its not there
[12:10:37] bryantandpat (uuid: 7961a874-c35f-4f34-a0d1-37205c235291): james do u know who fucked up my farm
[12:10:43] TheRealColmagi (uuid: c98c1615-0764-41e1-848d-73152bfabe94): i dunno
[12:10:47] bryantandpat (uuid: 7961a874-c35f-4f34-a0d1-37205c235291): jesos
[12:10:50] TheRealColmagi (uuid: c98c1615-0764-41e1-848d-73152bfabe94): has to be someone u trusted
[12:10:57] bryantandpat (uuid: 7961a874-c35f-4f34-a0d1-37205c235291): jesos was it ian
[12:10:59] bryantandpat (uuid: 7961a874-c35f-4f34-a0d1-37205c235291): or ersong
[12:11:05] TheRealColmagi (uuid: c98c1615-0764-41e1-848d-73152bfabe94): who do u think it was
[12:11:09] bryantandpat (uuid: 7961a874-c35f-4f34-a0d1-37205c235291): idk
[12:11:13] bryantandpat (uuid: 7961a874-c35f-4f34-a0d1-37205c235291): why would they do it
[12:11:18] TheRealColmagi (uuid: c98c1615-0764-41e1-848d-73152bfabe94): idk
[12:11:25] bryantandpat (uuid: 7961a874-c35f-4f34-a0d1-37205c235291): wait jaes
[12:11:30] bryantandpat (uuid: 7961a874-c35f-4f34-a0d1-37205c235291): theres no more fireworks here
[12:11:33] PiranhaBoy (uuid: 068bfb61-fb8a-4553-8305-2af64537cadb): james can you spawn me villager fags
[12:11:39] TheRealColmagi (uuid: c98c1615-0764-41e1-848d-73152bfabe94): ye some niggas took all of em
[12:11:42] bryantandpat (uuid: 7961a874-c35f-4f34-a0d1-37205c235291): jesos
[12:11:44] TheRealColmagi (uuid: c98c1615-0764-41e1-848d-73152bfabe94): make ersong craft some
[12:11:48] TheRealColmagi (uuid: c98c1615-0764-41e1-848d-73152bfabe94): its just paper and gunpowder
[12:11:52] PiranhaBoy (uuid: 068bfb61-fb8a-4553-8305-2af64537cadb): james can you spawn me 3 villagers
[12:12:06] PiranhaBoy (uuid: 068bfb61-fb8a-4553-8305-2af64537cadb): one in there two woup here
[12:12:06] bryantandpat (uuid: 7961a874-c35f-4f34-a0d1-37205c235291): can i just buys some from u
[12:12:12] TheRealColmagi (uuid: c98c1615-0764-41e1-848d-73152bfabe94): oops
[12:12:29] PiranhaBoy (uuid: 068bfb61-fb8a-4553-8305-2af64537cadb): get a brown coat
[12:13:47] PiranhaBoy (uuid: 068bfb61-fb8a-4553-8305-2af64537cadb): ez
[12:13:50] PiranhaBoy (uuid: 068bfb61-fb8a-4553-8305-2af64537cadb): hes doing it
[12:13:58] PiranhaBoy (uuid: 068bfb61-fb8a-4553-8305-2af64537cadb): can you give him a shit load of wheat
[12:14:05] TheRealColmagi (uuid: c98c1615-0764-41e1-848d-73152bfabe94): wtf
[12:17:18] TheRealColmagi (uuid: c98c1615-0764-41e1-848d-73152bfabe94): look at this wack villager
[12:17:22] TheRealColmagi (uuid: c98c1615-0764-41e1-848d-73152bfabe94): village*
[12:17:32] TheRealColmagi (uuid: c98c1615-0764-41e1-848d-73152bfabe94): it goes into the mountain
[12:18:09] PiranhaBoy (uuid: 068bfb61-fb8a-4553-8305-2af64537cadb): some nigger literally read my sign
[12:18:17] PiranhaBoy (uuid: 068bfb61-fb8a-4553-8305-2af64537cadb): took my nether warts and didnt give me half
[12:18:23] TheRealColmagi (uuid: c98c1615-0764-41e1-848d-73152bfabe94): jew em
[12:18:56] TheRealColmagi (uuid: c98c1615-0764-41e1-848d-73152bfabe94): wtf
[12:19:50] bryantandpat (uuid: 7961a874-c35f-4f34-a0d1-37205c235291): jesos
[12:19:54] bryantandpat (uuid: 7961a874-c35f-4f34-a0d1-37205c235291): elytra glitchy as shit
[12:25:57] TheRealColmagi (uuid: c98c1615-0764-41e1-848d-73152bfabe94): nice
[12:26:18] TheRealColmagi (uuid: c98c1615-0764-41e1-848d-73152bfabe94): u like my donations andy
[12:26:43] bryantandpat (uuid: 7961a874-c35f-4f34-a0d1-37205c235291): what r these donations
[12:33:09] Nellynutton0614 (uuid: 521aa102-c0d6-44d5-afa8-6d17c398dd35):  yo james make a warp to the christmas tree
[12:33:45] Nellynutton0614 (uuid: 521aa102-c0d6-44d5-afa8-6d17c398dd35): HOLY james donated some nice shit
[12:40:15] PiranhaBoy (uuid: 068bfb61-fb8a-4553-8305-2af64537cadb): niggerr legot
[12:40:22] PiranhaBoy (uuid: 068bfb61-fb8a-4553-8305-2af64537cadb): how the fuck will you know who donated
[12:42:51] PiranhaBoy (uuid: 068bfb61-fb8a-4553-8305-2af64537cadb): why the fuck does ian still have claims in the skyfarm
[13:11:21] PiranhaBoy (uuid: 068bfb61-fb8a-4553-8305-2af64537cadb): james it aint working i think they need carrote
[15:09:51] PiranhaBoy (uuid: 068bfb61-fb8a-4553-8305-2af64537cadb): james how much have you studied for ehap
[15:10:00] JamListn (uuid: 6e9d3687-88a5-4fc3-95af-688356ddd98b): none
[15:10:10] PiranhaBoy (uuid: 068bfb61-fb8a-4553-8305-2af64537cadb): test is tuesday hto
[15:10:18] JamListn (uuid: 6e9d3687-88a5-4fc3-95af-688356ddd98b): i thought it was wednesdat
[15:10:20] PiranhaBoy (uuid: 068bfb61-fb8a-4553-8305-2af64537cadb): i just started studying tho
[15:10:24] PiranhaBoy (uuid: 068bfb61-fb8a-4553-8305-2af64537cadb): its tuesday im p sure
[15:11:16] JamListn (uuid: 6e9d3687-88a5-4fc3-95af-688356ddd98b): can u check
[15:11:20] PiranhaBoy (uuid: 068bfb61-fb8a-4553-8305-2af64537cadb): yea ill do it
[15:11:34] JamListn (uuid: 6e9d3687-88a5-4fc3-95af-688356ddd98b): k thx mate
[15:11:43] PiranhaBoy (uuid: 068bfb61-fb8a-4553-8305-2af64537cadb): oops u rite
[15:11:48] PiranhaBoy (uuid: 068bfb61-fb8a-4553-8305-2af64537cadb): i read unit 2 review as test
[15:11:54] JamListn (uuid: 6e9d3687-88a5-4fc3-95af-688356ddd98b): auts
[15:12:08] PiranhaBoy (uuid: 068bfb61-fb8a-4553-8305-2af64537cadb): ill just do 2a today 2b tmr and 2c tuesday
[15:19:44] PiranhaBoy (uuid: 068bfb61-fb8a-4553-8305-2af64537cadb): james can i get an elytra
[15:19:50] JamListn (uuid: 6e9d3687-88a5-4fc3-95af-688356ddd98b): kk
[15:20:15] PiranhaBoy (uuid: 068bfb61-fb8a-4553-8305-2af64537cadb): oops
[15:20:32] JamListn (uuid: 6e9d3687-88a5-4fc3-95af-688356ddd98b): why cant i get anymore netherwarts
[15:21:14] PiranhaBoy (uuid: 068bfb61-fb8a-4553-8305-2af64537cadb): autsss
[15:21:22] PiranhaBoy (uuid: 068bfb61-fb8a-4553-8305-2af64537cadb): stop taking my netherwarts
[15:21:41] JamListn (uuid: 6e9d3687-88a5-4fc3-95af-688356ddd98b): i always replant them tho
[15:24:54] PiranhaBoy (uuid: 068bfb61-fb8a-4553-8305-2af64537cadb): last time no one replanted
[15:25:03] PiranhaBoy (uuid: 068bfb61-fb8a-4553-8305-2af64537cadb): gimme half if you take it
[15:25:03] JamListn (uuid: 6e9d3687-88a5-4fc3-95af-688356ddd98b): i always replant tho
[15:25:16] JamListn (uuid: 6e9d3687-88a5-4fc3-95af-688356ddd98b): kkkk
[15:25:35] PiranhaBoy (uuid: 068bfb61-fb8a-4553-8305-2af64537cadb): k you can do stuff in it
[15:25:48] JamListn (uuid: 6e9d3687-88a5-4fc3-95af-688356ddd98b): k lit
[15:31:23] JamListn (uuid: 6e9d3687-88a5-4fc3-95af-688356ddd98b): i didnt finish replanting but im putting all of the ones i collected into ur chest
[15:31:27] JamListn (uuid: 6e9d3687-88a5-4fc3-95af-688356ddd98b): like all not half
[15:38:07] PiranhaBoy (uuid: 068bfb61-fb8a-4553-8305-2af64537cadb): t
[17:01:19] iiBethanyii (uuid: 017ec225-2727-4d08-b15d-c5d9f307a55c): ree
[17:01:21] iiBethanyii (uuid: 017ec225-2727-4d08-b15d-c5d9f307a55c): anyone slive
[17:01:23] iiBethanyii (uuid: 017ec225-2727-4d08-b15d-c5d9f307a55c): alive
[17:01:38] iiBethanyii (uuid: 017ec225-2727-4d08-b15d-c5d9f307a55c): derek i broke my rod
[17:04:36] iiBethanyii (uuid: 017ec225-2727-4d08-b15d-c5d9f307a55c): DEREK
[17:04:40] iiBethanyii (uuid: 017ec225-2727-4d08-b15d-c5d9f307a55c): feg
[17:04:46] iiBethanyii (uuid: 017ec225-2727-4d08-b15d-c5d9f307a55c): u arent aimed correctly
[17:11:14] iiBethanyii (uuid: 017ec225-2727-4d08-b15d-c5d9f307a55c): matthew
[17:11:17] bryantandpat (uuid: 7961a874-c35f-4f34-a0d1-37205c235291): what
[17:11:38] bryantandpat (uuid: 7961a874-c35f-4f34-a0d1-37205c235291): holy
[17:11:42] bryantandpat (uuid: 7961a874-c35f-4f34-a0d1-37205c235291): howd u get it
[17:11:45] iiBethanyii (uuid: 017ec225-2727-4d08-b15d-c5d9f307a55c): Im god
[17:11:52] bryantandpat (uuid: 7961a874-c35f-4f34-a0d1-37205c235291): o
[17:11:54] iiBethanyii (uuid: 017ec225-2727-4d08-b15d-c5d9f307a55c): it works better than s asword
[17:11:59] iiBethanyii (uuid: 017ec225-2727-4d08-b15d-c5d9f307a55c): It is my new sword
[17:12:04] bryantandpat (uuid: 7961a874-c35f-4f34-a0d1-37205c235291): jesos
[17:12:13] bryantandpat (uuid: 7961a874-c35f-4f34-a0d1-37205c235291): kk thx
[17:12:34] iiBethanyii (uuid: 017ec225-2727-4d08-b15d-c5d9f307a55c): wait
[17:12:38] iiBethanyii (uuid: 017ec225-2727-4d08-b15d-c5d9f307a55c): use melee to fire aspect
[17:12:43] bryantandpat (uuid: 7961a874-c35f-4f34-a0d1-37205c235291): o
[17:13:13] iiBethanyii (uuid: 017ec225-2727-4d08-b15d-c5d9f307a55c): giv
[17:13:31] PiranhaBoy (uuid: 068bfb61-fb8a-4553-8305-2af64537cadb): ez
[17:13:44] PiranhaBoy (uuid: 068bfb61-fb8a-4553-8305-2af64537cadb): is there a way to alt tab and click
[17:13:53] iiBethanyii (uuid: 017ec225-2727-4d08-b15d-c5d9f307a55c): with automators
[17:14:01] iiBethanyii (uuid: 017ec225-2727-4d08-b15d-c5d9f307a55c): i can probably find a program that can focus windows
[17:14:06] PiranhaBoy (uuid: 068bfb61-fb8a-4553-8305-2af64537cadb): cause i only got one desktop
[17:14:10] PiranhaBoy (uuid: 068bfb61-fb8a-4553-8305-2af64537cadb): and i wanna alt tab
[17:14:27] iiBethanyii (uuid: 017ec225-2727-4d08-b15d-c5d9f307a55c): But u cant click thru windows nib
[17:14:45] PiranhaBoy (uuid: 068bfb61-fb8a-4553-8305-2af64537cadb): i wanna alt tab in minecraft with it still clicking tho
[17:14:59] iiBethanyii (uuid: 017ec225-2727-4d08-b15d-c5d9f307a55c): i might be able to write a sccript for that
[17:15:04] iiBethanyii (uuid: 017ec225-2727-4d08-b15d-c5d9f307a55c): are u on mac or windows
[17:15:10] PiranhaBoy (uuid: 068bfb61-fb8a-4553-8305-2af64537cadb): windonws
[17:15:13] iiBethanyii (uuid: 017ec225-2727-4d08-b15d-c5d9f307a55c): good
[17:15:18] iiBethanyii (uuid: 017ec225-2727-4d08-b15d-c5d9f307a55c): ill see what i can do
[17:15:26] PiranhaBoy (uuid: 068bfb61-fb8a-4553-8305-2af64537cadb): can i take ur nautilas shells
[17:15:29] PiranhaBoy (uuid: 068bfb61-fb8a-4553-8305-2af64537cadb): i wanna make a conduit
[17:15:30] iiBethanyii (uuid: 017ec225-2727-4d08-b15d-c5d9f307a55c): why
[17:15:33] iiBethanyii (uuid: 017ec225-2727-4d08-b15d-c5d9f307a55c): fuk u momma
[17:15:37] iiBethanyii (uuid: 017ec225-2727-4d08-b15d-c5d9f307a55c): gimmie ur heats and ill make it
[17:15:44] PiranhaBoy (uuid: 068bfb61-fb8a-4553-8305-2af64537cadb): do you have another heart
[17:15:48] iiBethanyii (uuid: 017ec225-2727-4d08-b15d-c5d9f307a55c): No
[17:15:51] iiBethanyii (uuid: 017ec225-2727-4d08-b15d-c5d9f307a55c): I can and wil lrape u
[17:15:53] iiBethanyii (uuid: 017ec225-2727-4d08-b15d-c5d9f307a55c): can i kill u
[17:16:00] PiranhaBoy (uuid: 068bfb61-fb8a-4553-8305-2af64537cadb): mhmhmm
[17:16:02] PiranhaBoy (uuid: 068bfb61-fb8a-4553-8305-2af64537cadb): 
[17:16:03] iiBethanyii (uuid: 017ec225-2727-4d08-b15d-c5d9f307a55c): wow
[17:16:11] iiBethanyii (uuid: 017ec225-2727-4d08-b15d-c5d9f307a55c): wait go back to 10
[17:16:13] iiBethanyii (uuid: 017ec225-2727-4d08-b15d-c5d9f307a55c): 20
[17:16:42] iiBethanyii (uuid: 017ec225-2727-4d08-b15d-c5d9f307a55c): wait
[17:16:45] iiBethanyii (uuid: 017ec225-2727-4d08-b15d-c5d9f307a55c): i can spear fish
[17:16:53] PiranhaBoy (uuid: 068bfb61-fb8a-4553-8305-2af64537cadb): yea
[17:17:36] iiBethanyii (uuid: 017ec225-2727-4d08-b15d-c5d9f307a55c): if only fire aspect worked with throwing
[17:17:40] iiBethanyii (uuid: 017ec225-2727-4d08-b15d-c5d9f307a55c): does flame affect throwing?
[17:18:01] PiranhaBoy (uuid: 068bfb61-fb8a-4553-8305-2af64537cadb): idk
[17:20:18] iiBethanyii (uuid: 017ec225-2727-4d08-b15d-c5d9f307a55c): look at this jew
[17:20:22] PiranhaBoy (uuid: 068bfb61-fb8a-4553-8305-2af64537cadb): wait i gtg
[17:20:59] JohnProdman (uuid: 4150cd4b-a415-4298-bdc7-c9e330b466cc): rip crash
[17:29:01] bryantandpat (uuid: 7961a874-c35f-4f34-a0d1-37205c235291): ian wyd
[17:34:12] PiranhaBoy (uuid: 068bfb61-fb8a-4553-8305-2af64537cadb): wait why tf arent these villagers breeding
[17:34:26] bryantandpat (uuid: 7961a874-c35f-4f34-a0d1-37205c235291): u need to give them food eberu time i think
[17:36:08] PiranhaBoy (uuid: 068bfb61-fb8a-4553-8305-2af64537cadb): wait its cause i have sea lanterns up here
[17:36:17] PiranhaBoy (uuid: 068bfb61-fb8a-4553-8305-2af64537cadb): they have to have "open space"
[17:36:36] PiranhaBoy (uuid: 068bfb61-fb8a-4553-8305-2af64537cadb): which is a block with nothing over it other than glass or trapdoors all the way up
[17:36:45] PiranhaBoy (uuid: 068bfb61-fb8a-4553-8305-2af64537cadb): can i borrow a silk touch hubert has mine
[17:36:50] bryantandpat (uuid: 7961a874-c35f-4f34-a0d1-37205c235291): dont have one
[17:37:00] PiranhaBoy (uuid: 068bfb61-fb8a-4553-8305-2af64537cadb): shiet k whatevre ill just lose these
[17:43:16] PiranhaBoy (uuid: 068bfb61-fb8a-4553-8305-2af64537cadb): matthew lemme see ur villagers
[17:43:27] bryantandpat (uuid: 7961a874-c35f-4f34-a0d1-37205c235291): someone fucking killed them
[17:43:35] PiranhaBoy (uuid: 068bfb61-fb8a-4553-8305-2af64537cadb): wtf
[17:43:45] bryantandpat (uuid: 7961a874-c35f-4f34-a0d1-37205c235291): and pushed the rest into the trapdoor thing so i cant get them out
[17:44:15] bryantandpat (uuid: 7961a874-c35f-4f34-a0d1-37205c235291): fuck villagers ill just make an afk fishing farm for books
[17:44:50] PiranhaBoy (uuid: 068bfb61-fb8a-4553-8305-2af64537cadb): wait lemme see the other villager breeder i had
[17:44:58] PiranhaBoy (uuid: 068bfb61-fb8a-4553-8305-2af64537cadb): i gotta see whats ifferent than mine
[17:45:09] PiranhaBoy (uuid: 068bfb61-fb8a-4553-8305-2af64537cadb): tpaccept
[17:47:08] PiranhaBoy (uuid: 068bfb61-fb8a-4553-8305-2af64537cadb): do you still have those other villagers
[17:47:14] bryantandpat (uuid: 7961a874-c35f-4f34-a0d1-37205c235291): which ones
[17:47:17] PiranhaBoy (uuid: 068bfb61-fb8a-4553-8305-2af64537cadb): the ones that i put in a hole in the ground
[17:47:34] bryantandpat (uuid: 7961a874-c35f-4f34-a0d1-37205c235291): no someone killed them all
[17:47:42] PiranhaBoy (uuid: 068bfb61-fb8a-4553-8305-2af64537cadb): wtf auts
[18:18:25] JohnProdman (uuid: 4150cd4b-a415-4298-bdc7-c9e330b466cc): ree
[18:18:42] JohnProdman (uuid: 4150cd4b-a415-4298-bdc7-c9e330b466cc): derek u on
[18:51:45] TheRealColmagi (uuid: c98c1615-0764-41e1-848d-73152bfabe94): h im sped
[18:51:49] TheRealColmagi (uuid: c98c1615-0764-41e1-848d-73152bfabe94): jes
[18:51:52] TheRealColmagi (uuid: c98c1615-0764-41e1-848d-73152bfabe94): JEWS
[19:20:45] iiBethanyii (uuid: 017ec225-2727-4d08-b15d-c5d9f307a55c): hi derek
[19:20:49] PiranhaBoy (uuid: 068bfb61-fb8a-4553-8305-2af64537cadb): ez
[19:21:32] iiBethanyii (uuid: 017ec225-2727-4d08-b15d-c5d9f307a55c): u wanna see the most autistic enchantment book ever made
[19:21:50] iiBethanyii (uuid: 017ec225-2727-4d08-b15d-c5d9f307a55c): it has an armor enchant, bow enchant, sword enchant
[19:21:55] iiBethanyii (uuid: 017ec225-2727-4d08-b15d-c5d9f307a55c): and tool enchant
[19:21:59] iiBethanyii (uuid: 017ec225-2727-4d08-b15d-c5d9f307a55c): none compatible with the other
[19:22:04] iiBethanyii (uuid: 017ec225-2727-4d08-b15d-c5d9f307a55c): bs
[19:22:31] PiranhaBoy (uuid: 068bfb61-fb8a-4553-8305-2af64537cadb): yea a lot of fishing things are ghey
[19:22:38] iiBethanyii (uuid: 017ec225-2727-4d08-b15d-c5d9f307a55c): do u need food
[19:25:15] iiBethanyii (uuid: 017ec225-2727-4d08-b15d-c5d9f307a55c): jew
[19:26:28] PiranhaBoy (uuid: 068bfb61-fb8a-4553-8305-2af64537cadb): do you have a villager egg
[19:26:31] iiBethanyii (uuid: 017ec225-2727-4d08-b15d-c5d9f307a55c): no
[19:26:35] PiranhaBoy (uuid: 068bfb61-fb8a-4553-8305-2af64537cadb): shit ok
[19:26:47] iiBethanyii (uuid: 017ec225-2727-4d08-b15d-c5d9f307a55c): u know u can replace a spawner with an egg right
[19:26:51] iiBethanyii (uuid: 017ec225-2727-4d08-b15d-c5d9f307a55c): so u can make ur own spawner
[19:27:00] iiBethanyii (uuid: 017ec225-2727-4d08-b15d-c5d9f307a55c): buy oig spawner replace
[19:27:07] PiranhaBoy (uuid: 068bfb61-fb8a-4553-8305-2af64537cadb): is there a villager egg
[19:27:10] iiBethanyii (uuid: 017ec225-2727-4d08-b15d-c5d9f307a55c): yes
[19:27:17] iiBethanyii (uuid: 017ec225-2727-4d08-b15d-c5d9f307a55c): can we even get eggs
[19:27:30] iiBethanyii (uuid: 017ec225-2727-4d08-b15d-c5d9f307a55c): wtf
[19:27:35] iiBethanyii (uuid: 017ec225-2727-4d08-b15d-c5d9f307a55c): apparently t obtrainable
[19:27:37] PiranhaBoy (uuid: 068bfb61-fb8a-4553-8305-2af64537cadb): wait i wanna buy a villager spawner
[19:27:39] iiBethanyii (uuid: 017ec225-2727-4d08-b15d-c5d9f307a55c): but i have squid eggs
[19:27:54] iiBethanyii (uuid: 017ec225-2727-4d08-b15d-c5d9f307a55c): u cant get one
[19:28:23] PiranhaBoy (uuid: 068bfb61-fb8a-4553-8305-2af64537cadb): ez fixed my farm
[19:28:28] PiranhaBoy (uuid: 068bfb61-fb8a-4553-8305-2af64537cadb): just add doors
[19:28:41] iiBethanyii (uuid: 017ec225-2727-4d08-b15d-c5d9f307a55c): wil lgolems spawn
[19:28:45] PiranhaBoy (uuid: 068bfb61-fb8a-4553-8305-2af64537cadb): nah
[19:28:46] iiBethanyii (uuid: 017ec225-2727-4d08-b15d-c5d9f307a55c): make second golem farm
[19:28:54] PiranhaBoy (uuid: 068bfb61-fb8a-4553-8305-2af64537cadb): i can add layers
[19:28:59] PiranhaBoy (uuid: 068bfb61-fb8a-4553-8305-2af64537cadb): that adds more golems
[19:29:05] iiBethanyii (uuid: 017ec225-2727-4d08-b15d-c5d9f307a55c): gim access to golem farm
[19:29:10] PiranhaBoy (uuid: 068bfb61-fb8a-4553-8305-2af64537cadb): nah
[19:29:13] iiBethanyii (uuid: 017ec225-2727-4d08-b15d-c5d9f307a55c): :c
[19:29:15] PiranhaBoy (uuid: 068bfb61-fb8a-4553-8305-2af64537cadb): i need my iron
[19:29:21] iiBethanyii (uuid: 017ec225-2727-4d08-b15d-c5d9f307a55c): Im not gona take all
[19:29:29] iiBethanyii (uuid: 017ec225-2727-4d08-b15d-c5d9f307a55c): THEY FUCKING
[19:29:30] PiranhaBoy (uuid: 068bfb61-fb8a-4553-8305-2af64537cadb): once i get a beacon ez
[19:29:30] iiBethanyii (uuid: 017ec225-2727-4d08-b15d-c5d9f307a55c): THE
[19:29:31] iiBethanyii (uuid: 017ec225-2727-4d08-b15d-c5d9f307a55c): FUCK
[19:29:33] iiBethanyii (uuid: 017ec225-2727-4d08-b15d-c5d9f307a55c): THEY
[19:29:40] PiranhaBoy (uuid: 068bfb61-fb8a-4553-8305-2af64537cadb): shit i gtg for like 10 mins
[19:29:51] iiBethanyii (uuid: 017ec225-2727-4d08-b15d-c5d9f307a55c): i wanna see the baby
[19:29:54] iiBethanyii (uuid: 017ec225-2727-4d08-b15d-c5d9f307a55c): show me the baby
[19:30:00] iiBethanyii (uuid: 017ec225-2727-4d08-b15d-c5d9f307a55c): moth f
[19:30:03] iiBethanyii (uuid: 017ec225-2727-4d08-b15d-c5d9f307a55c): mother f
[19:30:04] iiBethanyii (uuid: 017ec225-2727-4d08-b15d-c5d9f307a55c): SHOW
[19:30:10] iiBethanyii (uuid: 017ec225-2727-4d08-b15d-c5d9f307a55c): Goddamn
[19:30:17] iiBethanyii (uuid: 017ec225-2727-4d08-b15d-c5d9f307a55c): Yes
[19:30:19] iiBethanyii (uuid: 017ec225-2727-4d08-b15d-c5d9f307a55c): have sex
[19:30:22] iiBethanyii (uuid: 017ec225-2727-4d08-b15d-c5d9f307a55c): Please
[19:30:26] iiBethanyii (uuid: 017ec225-2727-4d08-b15d-c5d9f307a55c): I wanna see the action
[19:30:29] iiBethanyii (uuid: 017ec225-2727-4d08-b15d-c5d9f307a55c): ill make u a bed if u want
[19:30:50] iiBethanyii (uuid: 017ec225-2727-4d08-b15d-c5d9f307a55c): FUCK
[19:30:53] iiBethanyii (uuid: 017ec225-2727-4d08-b15d-c5d9f307a55c): why u run away
[19:31:03] iiBethanyii (uuid: 017ec225-2727-4d08-b15d-c5d9f307a55c): did u at least impregnate him
[19:31:45] iiBethanyii (uuid: 017ec225-2727-4d08-b15d-c5d9f307a55c): james
[19:31:49] iiBethanyii (uuid: 017ec225-2727-4d08-b15d-c5d9f307a55c): give me my beacons back
[19:31:50] iiBethanyii (uuid: 017ec225-2727-4d08-b15d-c5d9f307a55c): i grinded
[19:31:54] iiBethanyii (uuid: 017ec225-2727-4d08-b15d-c5d9f307a55c): ask arthur he didnt give me them
[19:32:00] TheRealColmagi (uuid: c98c1615-0764-41e1-848d-73152bfabe94): fat bet
[19:32:14] TheRealColmagi (uuid: c98c1615-0764-41e1-848d-73152bfabe94): 8 more beacons and a pig spawner
[19:32:17] TheRealColmagi (uuid: c98c1615-0764-41e1-848d-73152bfabe94): in 1 day
[19:32:54] TheRealColmagi (uuid: c98c1615-0764-41e1-848d-73152bfabe94): ian is jew
[19:33:21] TheRealColmagi (uuid: c98c1615-0764-41e1-848d-73152bfabe94): fk me i dont want to go back to school
[19:33:31] PiranhaBoy (uuid: 068bfb61-fb8a-4553-8305-2af64537cadb): sane
[19:34:14] PiranhaBoy (uuid: 068bfb61-fb8a-4553-8305-2af64537cadb): james can yuo give me 8 stacks of bread
[19:34:19] TheRealColmagi (uuid: c98c1615-0764-41e1-848d-73152bfabe94): non nigga
[19:35:18] iiBethanyii (uuid: 017ec225-2727-4d08-b15d-c5d9f307a55c): i can give u pork
[19:35:23] iiBethanyii (uuid: 017ec225-2727-4d08-b15d-c5d9f307a55c): 10 stacks
[19:35:29] iiBethanyii (uuid: 017ec225-2727-4d08-b15d-c5d9f307a55c): james not 6 vbeacons, 5
[19:35:29] PiranhaBoy (uuid: 068bfb61-fb8a-4553-8305-2af64537cadb): nah they need bread
[19:35:41] TheRealColmagi (uuid: c98c1615-0764-41e1-848d-73152bfabe94): no fkn way
[19:35:42] iiBethanyii (uuid: 017ec225-2727-4d08-b15d-c5d9f307a55c): i got them before the spawner
[19:35:47] iiBethanyii (uuid: 017ec225-2727-4d08-b15d-c5d9f307a55c): not same day
[19:35:50] TheRealColmagi (uuid: c98c1615-0764-41e1-848d-73152bfabe94): mhm
[19:38:57] iiBethanyii (uuid: 017ec225-2727-4d08-b15d-c5d9f307a55c): legit
[19:39:02] iiBethanyii (uuid: 017ec225-2727-4d08-b15d-c5d9f307a55c): stop bullying me
[19:39:20] TheRealColmagi (uuid: c98c1615-0764-41e1-848d-73152bfabe94): fine nigro
[19:39:35] iiBethanyii (uuid: 017ec225-2727-4d08-b15d-c5d9f307a55c): this is the gay shit arthur burned me in
[19:39:38] iiBethanyii (uuid: 017ec225-2727-4d08-b15d-c5d9f307a55c): wtf is he doing
[19:39:46] iiBethanyii (uuid: 017ec225-2727-4d08-b15d-c5d9f307a55c): ty
[19:39:57] iiBethanyii (uuid: 017ec225-2727-4d08-b15d-c5d9f307a55c): arthur likes black concrete and lava
[19:40:04] iiBethanyii (uuid: 017ec225-2727-4d08-b15d-c5d9f307a55c): oh he /killed me
[19:40:10] iiBethanyii (uuid: 017ec225-2727-4d08-b15d-c5d9f307a55c): because i guessed his race correctly
[19:40:13] iiBethanyii (uuid: 017ec225-2727-4d08-b15d-c5d9f307a55c): he got pissed af
[19:40:21] TheRealColmagi (uuid: c98c1615-0764-41e1-848d-73152bfabe94): LOL
[19:40:24] TheRealColmagi (uuid: c98c1615-0764-41e1-848d-73152bfabe94): wait what is it
[19:40:28] iiBethanyii (uuid: 017ec225-2727-4d08-b15d-c5d9f307a55c): cuban
[19:40:31] TheRealColmagi (uuid: c98c1615-0764-41e1-848d-73152bfabe94): nof kn way
[19:40:50] TheRealColmagi (uuid: c98c1615-0764-41e1-848d-73152bfabe94): nigga
[19:40:54] iiBethanyii (uuid: 017ec225-2727-4d08-b15d-c5d9f307a55c): jk i said cuban and he /killed me
[19:40:54] PiranhaBoy (uuid: 068bfb61-fb8a-4553-8305-2af64537cadb): trust
[19:40:58] iiBethanyii (uuid: 017ec225-2727-4d08-b15d-c5d9f307a55c): idk why tho
[19:41:03] iiBethanyii (uuid: 017ec225-2727-4d08-b15d-c5d9f307a55c): he said it was accident
[19:41:08] TheRealColmagi (uuid: c98c1615-0764-41e1-848d-73152bfabe94): p sure hes european and not cuban
[19:41:12] PiranhaBoy (uuid: 068bfb61-fb8a-4553-8305-2af64537cadb): lol we found his race
[19:41:24] TheRealColmagi (uuid: c98c1615-0764-41e1-848d-73152bfabe94): how tf matjew find this
[19:41:26] iiBethanyii (uuid: 017ec225-2727-4d08-b15d-c5d9f307a55c): wait cubans look black
[19:41:27] TheRealColmagi (uuid: c98c1615-0764-41e1-848d-73152bfabe94): not even i could find this
[19:41:28] TheRealColmagi (uuid: c98c1615-0764-41e1-848d-73152bfabe94): wtf holy
[19:41:30] bryantandpat (uuid: 7961a874-c35f-4f34-a0d1-37205c235291): ez
[19:41:32] TheRealColmagi (uuid: c98c1615-0764-41e1-848d-73152bfabe94): matjew how u find this
[19:41:40] bryantandpat (uuid: 7961a874-c35f-4f34-a0d1-37205c235291): just flew around with the elytra
[19:41:47] TheRealColmagi (uuid: c98c1615-0764-41e1-848d-73152bfabe94): u lucky fucking bastard
[19:41:48] iiBethanyii (uuid: 017ec225-2727-4d08-b15d-c5d9f307a55c): wilkinson is a mexican spanish name
[19:41:57] iiBethanyii (uuid: 017ec225-2727-4d08-b15d-c5d9f307a55c): oops i mean wiltingdick
[19:41:59] iiBethanyii (uuid: 017ec225-2727-4d08-b15d-c5d9f307a55c): matthew accept
[19:42:28] PiranhaBoy (uuid: 068bfb61-fb8a-4553-8305-2af64537cadb): james make a plug in taht tps you to latest death
[19:42:32] iiBethanyii (uuid: 017ec225-2727-4d08-b15d-c5d9f307a55c): its a norman name
[19:42:33] TheRealColmagi (uuid: c98c1615-0764-41e1-848d-73152bfabe94): hell na
[19:42:46] iiBethanyii (uuid: 017ec225-2727-4d08-b15d-c5d9f307a55c): Or fix /back
[19:42:52] iiBethanyii (uuid: 017ec225-2727-4d08-b15d-c5d9f307a55c): make it so when u die it counts as a tp
[19:43:04] iiBethanyii (uuid: 017ec225-2727-4d08-b15d-c5d9f307a55c): so if we do /back it tps ups to death spot
[19:43:26] iiBethanyii (uuid: 017ec225-2727-4d08-b15d-c5d9f307a55c): matthew
[19:43:28] iiBethanyii (uuid: 017ec225-2727-4d08-b15d-c5d9f307a55c): i got a jew
[19:43:38] TheRealColmagi (uuid: c98c1615-0764-41e1-848d-73152bfabe94): ay fam
[19:43:42] TheRealColmagi (uuid: c98c1615-0764-41e1-848d-73152bfabe94): found a shipwreck
[19:43:49] TheRealColmagi (uuid: c98c1615-0764-41e1-848d-73152bfabe94): put the items in ur chest
[19:44:16] iiBethanyii (uuid: 017ec225-2727-4d08-b15d-c5d9f307a55c): derek can i have 5 iron
[19:44:30] TheRealColmagi (uuid: c98c1615-0764-41e1-848d-73152bfabe94): brb
[19:44:31] iiBethanyii (uuid: 017ec225-2727-4d08-b15d-c5d9f307a55c): do diamond blocks have any benefit over iron in a beacon
[19:45:26] iiBethanyii (uuid: 017ec225-2727-4d08-b15d-c5d9f307a55c): matthew
[19:45:31] iiBethanyii (uuid: 017ec225-2727-4d08-b15d-c5d9f307a55c): lets play the penis game
[19:45:38] PiranhaBoy (uuid: 068bfb61-fb8a-4553-8305-2af64537cadb): PENIS
[19:45:48] iiBethanyii (uuid: 017ec225-2727-4d08-b15d-c5d9f307a55c): Penis
[19:46:01] iiBethanyii (uuid: 017ec225-2727-4d08-b15d-c5d9f307a55c): Penis
[19:46:47] iiBethanyii (uuid: 017ec225-2727-4d08-b15d-c5d9f307a55c): does using diamond blocks make the strength of the beacon stronger
[19:46:52] TheRealColmagi (uuid: c98c1615-0764-41e1-848d-73152bfabe94): no
[19:46:52] iiBethanyii (uuid: 017ec225-2727-4d08-b15d-c5d9f307a55c): i mean like does haste become haste 3
[19:50:19] TheRealColmagi (uuid: c98c1615-0764-41e1-848d-73152bfabe94): yo
[19:50:22] TheRealColmagi (uuid: c98c1615-0764-41e1-848d-73152bfabe94): found u some treasure
[19:50:26] bryantandpat (uuid: 7961a874-c35f-4f34-a0d1-37205c235291): o thx
[19:50:52] TheRealColmagi (uuid: c98c1615-0764-41e1-848d-73152bfabe94): stealin my roof design i see
[19:50:54] bryantandpat (uuid: 7961a874-c35f-4f34-a0d1-37205c235291): what is it
[19:50:59] bryantandpat (uuid: 7961a874-c35f-4f34-a0d1-37205c235291): im watching a youtube vid lmao
[19:51:02] TheRealColmagi (uuid: c98c1615-0764-41e1-848d-73152bfabe94): its in the chest
[19:51:05] iiBethanyii (uuid: 017ec225-2727-4d08-b15d-c5d9f307a55c): matthew
[19:51:08] iiBethanyii (uuid: 017ec225-2727-4d08-b15d-c5d9f307a55c): ur fuckin welcome
[19:51:08] PiranhaBoy (uuid: 068bfb61-fb8a-4553-8305-2af64537cadb): no i dont think
[19:51:11] bryantandpat (uuid: 7961a874-c35f-4f34-a0d1-37205c235291): JESOS
[19:51:14] iiBethanyii (uuid: 017ec225-2727-4d08-b15d-c5d9f307a55c): my beacons reach inside ur home
[19:51:15] bryantandpat (uuid: 7961a874-c35f-4f34-a0d1-37205c235291): whered u get it
[19:51:22] TheRealColmagi (uuid: c98c1615-0764-41e1-848d-73152bfabe94): found it
[19:51:24] TheRealColmagi (uuid: c98c1615-0764-41e1-848d-73152bfabe94): used a map
[19:51:31] bryantandpat (uuid: 7961a874-c35f-4f34-a0d1-37205c235291): water temple?
[19:51:38] TheRealColmagi (uuid: c98c1615-0764-41e1-848d-73152bfabe94): no dude
[19:51:39] TheRealColmagi (uuid: c98c1615-0764-41e1-848d-73152bfabe94): treasure map
[19:51:43] iiBethanyii (uuid: 017ec225-2727-4d08-b15d-c5d9f307a55c): nut
[19:51:47] bryantandpat (uuid: 7961a874-c35f-4f34-a0d1-37205c235291): o
[19:51:47] iiBethanyii (uuid: 017ec225-2727-4d08-b15d-c5d9f307a55c): hi andy
[19:52:08] bryantandpat (uuid: 7961a874-c35f-4f34-a0d1-37205c235291): fuck gtg
[19:52:12] TheRealColmagi (uuid: c98c1615-0764-41e1-848d-73152bfabe94): rip
[19:52:23] iiBethanyii (uuid: 017ec225-2727-4d08-b15d-c5d9f307a55c): he couldnt hod in nut any longer
[19:52:29] TheRealColmagi (uuid: c98c1615-0764-41e1-848d-73152bfabe94): o yeyeye
[19:52:42] iiBethanyii (uuid: 017ec225-2727-4d08-b15d-c5d9f307a55c): ee
[19:52:50] iiBethanyii (uuid: 017ec225-2727-4d08-b15d-c5d9f307a55c): ree
[19:52:53] iiBethanyii (uuid: 017ec225-2727-4d08-b15d-c5d9f307a55c): andy is special needs
[19:52:59] TheRealColmagi (uuid: c98c1615-0764-41e1-848d-73152bfabe94): o ye
[19:53:05] iiBethanyii (uuid: 017ec225-2727-4d08-b15d-c5d9f307a55c): im disguising as shit and he keeps hitting me
[19:53:07] iiBethanyii (uuid: 017ec225-2727-4d08-b15d-c5d9f307a55c): i have torns
[19:53:11] TheRealColmagi (uuid: c98c1615-0764-41e1-848d-73152bfabe94): wtf
[19:53:14] iiBethanyii (uuid: 017ec225-2727-4d08-b15d-c5d9f307a55c): hes effectively killing himself
[19:53:18] Nellynutton0614 (uuid: 521aa102-c0d6-44d5-afa8-6d17c398dd35): i was trying to kill u lol
[19:53:21] iiBethanyii (uuid: 017ec225-2727-4d08-b15d-c5d9f307a55c): got himself to 10 health
[19:53:23] TheRealColmagi (uuid: c98c1615-0764-41e1-848d-73152bfabe94): does andy live with bigboi
[19:53:26] TheRealColmagi (uuid: c98c1615-0764-41e1-848d-73152bfabe94): alex ni
[19:53:34] iiBethanyii (uuid: 017ec225-2727-4d08-b15d-c5d9f307a55c): i kept changing couldnt u tell i wasnt a zombie or a squid or a chicken or a magma cube
[19:53:51] iiBethanyii (uuid: 017ec225-2727-4d08-b15d-c5d9f307a55c): james
[19:53:54] iiBethanyii (uuid: 017ec225-2727-4d08-b15d-c5d9f307a55c): swimfun
[19:54:04] TheRealColmagi (uuid: c98c1615-0764-41e1-848d-73152bfabe94): see no more phantoms
[19:54:07] TheRealColmagi (uuid: c98c1615-0764-41e1-848d-73152bfabe94): i made em stop spawning
[19:54:49] iiBethanyii (uuid: 017ec225-2727-4d08-b15d-c5d9f307a55c): noog
[19:55:12] iiBethanyii (uuid: 017ec225-2727-4d08-b15d-c5d9f307a55c): This trident better than my sword
[19:55:36] iiBethanyii (uuid: 017ec225-2727-4d08-b15d-c5d9f307a55c): itsa viable replacemnt
[19:55:58] iiBethanyii (uuid: 017ec225-2727-4d08-b15d-c5d9f307a55c): I raped jeff
[19:56:00] iiBethanyii (uuid: 017ec225-2727-4d08-b15d-c5d9f307a55c): fuck
[19:56:04] iiBethanyii (uuid: 017ec225-2727-4d08-b15d-c5d9f307a55c): im sorry matthew
[19:56:08] TheRealColmagi (uuid: c98c1615-0764-41e1-848d-73152bfabe94): NIGGGA
[19:56:12] TheRealColmagi (uuid: c98c1615-0764-41e1-848d-73152bfabe94): I JUST RESPAWNED JEFF TODAY
[19:56:27] iiBethanyii (uuid: 017ec225-2727-4d08-b15d-c5d9f307a55c): i dont have snowman disguise
[19:56:27] PiranhaBoy (uuid: 068bfb61-fb8a-4553-8305-2af64537cadb): phantoms are so fucking gay
[19:56:28] iiBethanyii (uuid: 017ec225-2727-4d08-b15d-c5d9f307a55c): fuck
[19:56:32] iiBethanyii (uuid: 017ec225-2727-4d08-b15d-c5d9f307a55c): give me snowman disguise
[19:56:34] iiBethanyii (uuid: 017ec225-2727-4d08-b15d-c5d9f307a55c): il ltrhow snowballs
[19:56:58] iiBethanyii (uuid: 017ec225-2727-4d08-b15d-c5d9f307a55c): i like nadys house
[19:57:02] iiBethanyii (uuid: 017ec225-2727-4d08-b15d-c5d9f307a55c): andys
[19:57:13] iiBethanyii (uuid: 017ec225-2727-4d08-b15d-c5d9f307a55c): free food
[19:57:18] Nellynutton0614 (uuid: 521aa102-c0d6-44d5-afa8-6d17c398dd35): im using it for farms
[19:57:20] iiBethanyii (uuid: 017ec225-2727-4d08-b15d-c5d9f307a55c): oh
[19:57:23] Nellynutton0614 (uuid: 521aa102-c0d6-44d5-afa8-6d17c398dd35): dang my man
[19:57:38] iiBethanyii (uuid: 017ec225-2727-4d08-b15d-c5d9f307a55c): here
[19:57:39] iiBethanyii (uuid: 017ec225-2727-4d08-b15d-c5d9f307a55c): have more
[19:57:49] iiBethanyii (uuid: 017ec225-2727-4d08-b15d-c5d9f307a55c): do u need help clearing this out
[19:57:51] iiBethanyii (uuid: 017ec225-2727-4d08-b15d-c5d9f307a55c): I have god pick
[19:58:17] Nellynutton0614 (uuid: 521aa102-c0d6-44d5-afa8-6d17c398dd35): jesos
[19:58:24] Nellynutton0614 (uuid: 521aa102-c0d6-44d5-afa8-6d17c398dd35): clear it out for me
[19:58:34] iiBethanyii (uuid: 017ec225-2727-4d08-b15d-c5d9f307a55c): do /trust iibethanyii
[19:58:44] PiranhaBoy (uuid: 068bfb61-fb8a-4553-8305-2af64537cadb): can someone make an auto wheat farm
[19:58:49] PiranhaBoy (uuid: 068bfb61-fb8a-4553-8305-2af64537cadb): if i tell them how
[19:58:54] Nellynutton0614 (uuid: 521aa102-c0d6-44d5-afa8-6d17c398dd35): i swear if u fuck this up
[19:58:56] PiranhaBoy (uuid: 068bfb61-fb8a-4553-8305-2af64537cadb): cause mine is to close to my iron farm
[19:59:07] iiBethanyii (uuid: 017ec225-2727-4d08-b15d-c5d9f307a55c): how low
[19:59:19] Nellynutton0614 (uuid: 521aa102-c0d6-44d5-afa8-6d17c398dd35): theres an empty cave under
[19:59:23] Nellynutton0614 (uuid: 521aa102-c0d6-44d5-afa8-6d17c398dd35):  to that level
[19:59:39] TheRealColmagi (uuid: c98c1615-0764-41e1-848d-73152bfabe94): NIGGA
[19:59:41] Nellynutton0614 (uuid: 521aa102-c0d6-44d5-afa8-6d17c398dd35): thats broken
[19:59:42] iiBethanyii (uuid: 017ec225-2727-4d08-b15d-c5d9f307a55c): hm
[19:59:43] TheRealColmagi (uuid: c98c1615-0764-41e1-848d-73152bfabe94): SO UR THE ONE CRASHING MY SERVER
[19:59:45] iiBethanyii (uuid: 017ec225-2727-4d08-b15d-c5d9f307a55c): no
[19:59:48] iiBethanyii (uuid: 017ec225-2727-4d08-b15d-c5d9f307a55c): wtf
[19:59:53] iiBethanyii (uuid: 017ec225-2727-4d08-b15d-c5d9f307a55c): i havent used that for forever
[19:59:57] Nellynutton0614 (uuid: 521aa102-c0d6-44d5-afa8-6d17c398dd35): ian clear this wall out
[20:00:15] iiBethanyii (uuid: 017ec225-2727-4d08-b15d-c5d9f307a55c): u removed my perms
[20:00:31] iiBethanyii (uuid: 017ec225-2727-4d08-b15d-c5d9f307a55c): u gotta trust
[20:00:34] Nellynutton0614 (uuid: 521aa102-c0d6-44d5-afa8-6d17c398dd35): shovel the dirt
[20:00:52] Nellynutton0614 (uuid: 521aa102-c0d6-44d5-afa8-6d17c398dd35): k we good
[20:01:27] Nellynutton0614 (uuid: 521aa102-c0d6-44d5-afa8-6d17c398dd35): wait ians actually boosted
[20:01:33] iiBethanyii (uuid: 017ec225-2727-4d08-b15d-c5d9f307a55c): i dont use this often
[20:01:43] iiBethanyii (uuid: 017ec225-2727-4d08-b15d-c5d9f307a55c): all my redstone builds are precision
[20:03:51] TheRealColmagi (uuid: c98c1615-0764-41e1-848d-73152bfabe94): nigga wtf u doin
[20:03:54] TheRealColmagi (uuid: c98c1615-0764-41e1-848d-73152bfabe94): lagging me tf out
[20:03:57] iiBethanyii (uuid: 017ec225-2727-4d08-b15d-c5d9f307a55c): me?
[20:04:27] iiBethanyii (uuid: 017ec225-2727-4d08-b15d-c5d9f307a55c): im nutting
[20:04:32] TheRealColmagi (uuid: c98c1615-0764-41e1-848d-73152bfabe94): lmao
[20:04:34] Nellynutton0614 (uuid: 521aa102-c0d6-44d5-afa8-6d17c398dd35): chilll
[20:05:21] iiBethanyii (uuid: 017ec225-2727-4d08-b15d-c5d9f307a55c): ima play some game
[20:05:28] iiBethanyii (uuid: 017ec225-2727-4d08-b15d-c5d9f307a55c): Forgot the name
[20:05:30] TheRealColmagi (uuid: c98c1615-0764-41e1-848d-73152bfabe94): fk off
[20:05:30] iiBethanyii (uuid: 017ec225-2727-4d08-b15d-c5d9f307a55c): valve game
[20:05:44] iiBethanyii (uuid: 017ec225-2727-4d08-b15d-c5d9f307a55c): cunter stroke sexually offensive
[20:05:49] TheRealColmagi (uuid: c98c1615-0764-41e1-848d-73152bfabe94): xd
[20:06:03] TheRealColmagi (uuid: c98c1615-0764-41e1-848d-73152bfabe94): gnna kms
[20:06:23] TheRealColmagi (uuid: c98c1615-0764-41e1-848d-73152bfabe94): lmao
[20:06:36] TheRealColmagi (uuid: c98c1615-0764-41e1-848d-73152bfabe94): sewage slide
[20:06:39] iiBethanyii (uuid: 017ec225-2727-4d08-b15d-c5d9f307a55c): oh fistful of frags
[20:07:21] TheRealColmagi (uuid: c98c1615-0764-41e1-848d-73152bfabe94): dayum lots of gifts donated
[20:07:38] TheRealColmagi (uuid: c98c1615-0764-41e1-848d-73152bfabe94): andy did u like my gifts
[20:07:40] iiBethanyii (uuid: 017ec225-2727-4d08-b15d-c5d9f307a55c): wym
[20:07:41] TheRealColmagi (uuid: c98c1615-0764-41e1-848d-73152bfabe94): i tagged em
[20:07:52] Nellynutton0614 (uuid: 521aa102-c0d6-44d5-afa8-6d17c398dd35): they were amazing
[20:07:56] TheRealColmagi (uuid: c98c1615-0764-41e1-848d-73152bfabe94): yes
[20:08:07] iiBethanyii (uuid: 017ec225-2727-4d08-b15d-c5d9f307a55c): wtf
[20:08:11] iiBethanyii (uuid: 017ec225-2727-4d08-b15d-c5d9f307a55c): ur birthday?
[20:08:19] TheRealColmagi (uuid: c98c1615-0764-41e1-848d-73152bfabe94): mhm
[20:08:29] iiBethanyii (uuid: 017ec225-2727-4d08-b15d-c5d9f307a55c): are u trolling
[20:11:16] Nellynutton0614 (uuid: 521aa102-c0d6-44d5-afa8-6d17c398dd35): ian ur work is done
[20:13:38] TheRealColmagi (uuid: c98c1615-0764-41e1-848d-73152bfabe94): jew is here
[20:14:00] iMine03 (uuid: 0f9d4172-c235-4bd2-9897-490c4a93ddfe): jesos how long has fegrek been on
[20:14:04] TheRealColmagi (uuid: c98c1615-0764-41e1-848d-73152bfabe94): he afk
[20:26:37] PiranhaBoy (uuid: 068bfb61-fb8a-4553-8305-2af64537cadb): james auction off pauls house
[20:27:09] PiranhaBoy (uuid: 068bfb61-fb8a-4553-8305-2af64537cadb): actuallu nah lets blow it up on celebation of end of semester
[20:27:41] PiranhaBoy (uuid: 068bfb61-fb8a-4553-8305-2af64537cadb): is there an auto spider killer
[20:27:55] PiranhaBoy (uuid: 068bfb61-fb8a-4553-8305-2af64537cadb): like is there a killing mechanism for spiders
[20:31:50] PiranhaBoy (uuid: 068bfb61-fb8a-4553-8305-2af64537cadb): im just gna kill all the green ones
[20:38:25] TheRealColmagi (uuid: c98c1615-0764-41e1-848d-73152bfabe94): LOL
[20:38:28] TheRealColmagi (uuid: c98c1615-0764-41e1-848d-73152bfabe94): dont think tnt works
[20:39:14] TheRealColmagi (uuid: c98c1615-0764-41e1-848d-73152bfabe94): nutcracker
[20:39:16] TheRealColmagi (uuid: c98c1615-0764-41e1-848d-73152bfabe94): n u t t
[20:39:21] TheRealColmagi (uuid: c98c1615-0764-41e1-848d-73152bfabe94): THEY FUCKIN
[20:39:24] TheRealColmagi (uuid: c98c1615-0764-41e1-848d-73152bfabe94): NO NUT NOVEMBER
[20:39:27] TheRealColmagi (uuid: c98c1615-0764-41e1-848d-73152bfabe94): EYEYEY
[20:40:37] Nellynutton0614 (uuid: 521aa102-c0d6-44d5-afa8-6d17c398dd35): auts
[20:40:51] PiranhaBoy (uuid: 068bfb61-fb8a-4553-8305-2af64537cadb): DUDE
[20:40:53] PiranhaBoy (uuid: 068bfb61-fb8a-4553-8305-2af64537cadb): HOLY
[20:41:01] PiranhaBoy (uuid: 068bfb61-fb8a-4553-8305-2af64537cadb): MR STEAL YO GIRL JUST CAME IT
[20:41:08] TheRealColmagi (uuid: c98c1615-0764-41e1-848d-73152bfabe94): mhm
[20:41:14] PiranhaBoy (uuid: 068bfb61-fb8a-4553-8305-2af64537cadb): THESE TWO WERE FUCKING AND THIS THIRD GUY BUSTS IN FOR THE NUT
[20:41:20] TheRealColmagi (uuid: c98c1615-0764-41e1-848d-73152bfabe94): dayum
[20:41:25] PiranhaBoy (uuid: 068bfb61-fb8a-4553-8305-2af64537cadb): shit now the girl went to me
[20:41:27] PiranhaBoy (uuid: 068bfb61-fb8a-4553-8305-2af64537cadb): LOL
[20:41:35] TheRealColmagi (uuid: c98c1615-0764-41e1-848d-73152bfabe94): i think all villagers are guys
[20:41:38] PiranhaBoy (uuid: 068bfb61-fb8a-4553-8305-2af64537cadb): jk shes horny again
[20:41:52] PiranhaBoy (uuid: 068bfb61-fb8a-4553-8305-2af64537cadb): fuck already
[20:42:26] PiranhaBoy (uuid: 068bfb61-fb8a-4553-8305-2af64537cadb): i think theres an orgy happening
[20:42:30] TheRealColmagi (uuid: c98c1615-0764-41e1-848d-73152bfabe94): o shit
[20:43:05] PiranhaBoy (uuid: 068bfb61-fb8a-4553-8305-2af64537cadb): just fuck already
[20:43:11] PiranhaBoy (uuid: 068bfb61-fb8a-4553-8305-2af64537cadb): take the condom off
[20:44:30] PiranhaBoy (uuid: 068bfb61-fb8a-4553-8305-2af64537cadb): YO ALL HOUR OF EM HAD HEARTS AT THE SAME TIME JSUT FUCKKKKKKKKKKK
[20:44:33] TheRealColmagi (uuid: c98c1615-0764-41e1-848d-73152bfabe94): MGM
[20:44:36] TheRealColmagi (uuid: c98c1615-0764-41e1-848d-73152bfabe94): mhm
[20:44:52] PiranhaBoy (uuid: 068bfb61-fb8a-4553-8305-2af64537cadb): i even made them a dick to spew out bread
[20:45:00] TheRealColmagi (uuid: c98c1615-0764-41e1-848d-73152bfabe94): lmao
[20:45:19] TheRealColmagi (uuid: c98c1615-0764-41e1-848d-73152bfabe94): look its a real dic
[20:45:34] PiranhaBoy (uuid: 068bfb61-fb8a-4553-8305-2af64537cadb): does the dad and mom have an effect on the kid
[20:45:39] TheRealColmagi (uuid: c98c1615-0764-41e1-848d-73152bfabe94): mhm
[20:45:42] TheRealColmagi (uuid: c98c1615-0764-41e1-848d-73152bfabe94): this wont hurt the baby
[20:45:46] PiranhaBoy (uuid: 068bfb61-fb8a-4553-8305-2af64537cadb): i want librariands nigga
[20:45:50] TheRealColmagi (uuid: c98c1615-0764-41e1-848d-73152bfabe94): *derek with his hand in his mouth*
[20:45:53] PiranhaBoy (uuid: 068bfb61-fb8a-4553-8305-2af64537cadb): mhhmhmhmhm
[20:47:03] PiranhaBoy (uuid: 068bfb61-fb8a-4553-8305-2af64537cadb): why did 4 of them fuck and only 1 baby came
[20:47:13] PiranhaBoy (uuid: 068bfb61-fb8a-4553-8305-2af64537cadb): miscarraige
[20:49:13] TheRealColmagi (uuid: c98c1615-0764-41e1-848d-73152bfabe94): jewyer
[20:49:35] PiranhaBoy (uuid: 068bfb61-fb8a-4553-8305-2af64537cadb): k my killing of these niggers is fair
[20:49:41] PiranhaBoy (uuid: 068bfb61-fb8a-4553-8305-2af64537cadb): which one should die
[20:49:43] TheRealColmagi (uuid: c98c1615-0764-41e1-848d-73152bfabe94): MHM
[20:49:55] TheRealColmagi (uuid: c98c1615-0764-41e1-848d-73152bfabe94): when the japanese brought a new batch of prisoners to their camp
[20:49:58] PiranhaBoy (uuid: 068bfb61-fb8a-4553-8305-2af64537cadb): i am the guillotine
[20:50:00] TheRealColmagi (uuid: c98c1615-0764-41e1-848d-73152bfabe94): they would always choose one to die
[20:50:06] TheRealColmagi (uuid: c98c1615-0764-41e1-848d-73152bfabe94): i think i would be good at picking one
[20:50:12] PiranhaBoy (uuid: 068bfb61-fb8a-4553-8305-2af64537cadb): which one dies
[20:50:13] TheRealColmagi (uuid: c98c1615-0764-41e1-848d-73152bfabe94): -dwight schrute 2006
[20:50:25] TheRealColmagi (uuid: c98c1615-0764-41e1-848d-73152bfabe94): the nigger
[20:50:29] PiranhaBoy (uuid: 068bfb61-fb8a-4553-8305-2af64537cadb): yea ur 12 years late
[20:50:34] PiranhaBoy (uuid: 068bfb61-fb8a-4553-8305-2af64537cadb): but the niggerr is a bbaby
[20:50:47] PiranhaBoy (uuid: 068bfb61-fb8a-4553-8305-2af64537cadb): oh shit they fuckin
[20:50:59] PiranhaBoy (uuid: 068bfb61-fb8a-4553-8305-2af64537cadb): FUCK ALREAY
[20:51:18] TheRealColmagi (uuid: c98c1615-0764-41e1-848d-73152bfabe94): LOL
[20:51:23] PiranhaBoy (uuid: 068bfb61-fb8a-4553-8305-2af64537cadb): wait spawn a dolphin down here
[20:51:46] PiranhaBoy (uuid: 068bfb61-fb8a-4553-8305-2af64537cadb): do dolphins and turtles fight
[20:51:50] TheRealColmagi (uuid: c98c1615-0764-41e1-848d-73152bfabe94): idk
[20:52:00] PiranhaBoy (uuid: 068bfb61-fb8a-4553-8305-2af64537cadb): lets test
[20:52:41] TheRealColmagi (uuid: c98c1615-0764-41e1-848d-73152bfabe94): o shit
[20:53:09] PiranhaBoy (uuid: 068bfb61-fb8a-4553-8305-2af64537cadb): tp me back up there
[20:54:20] TheRealColmagi (uuid: c98c1615-0764-41e1-848d-73152bfabe94): lmao the cod suicide
[20:55:42] PiranhaBoy (uuid: 068bfb61-fb8a-4553-8305-2af64537cadb): fucker theres a green one
[20:55:46] PiranhaBoy (uuid: 068bfb61-fb8a-4553-8305-2af64537cadb): gotta exterminate
[20:56:16] PiranhaBoy (uuid: 068bfb61-fb8a-4553-8305-2af64537cadb): he gets sent to the gulag
[20:56:27] PiranhaBoy (uuid: 068bfb61-fb8a-4553-8305-2af64537cadb): let the dolphine eat him
[20:57:29] TheRealColmagi (uuid: c98c1615-0764-41e1-848d-73152bfabe94): dunder mifflin
[20:57:33] TheRealColmagi (uuid: c98c1615-0764-41e1-848d-73152bfabe94): dunder nigglin
[20:57:44] PiranhaBoy (uuid: 068bfb61-fb8a-4553-8305-2af64537cadb): cunty niglin
[20:57:45] TheRealColmagi (uuid: c98c1615-0764-41e1-848d-73152bfabe94): LOL
[20:57:49] TheRealColmagi (uuid: c98c1615-0764-41e1-848d-73152bfabe94): we need like a shark dude'
[20:57:54] TheRealColmagi (uuid: c98c1615-0764-41e1-848d-73152bfabe94): dolphins dont eat ppl
[20:58:00] PiranhaBoy (uuid: 068bfb61-fb8a-4553-8305-2af64537cadb): if you look closly
[20:58:06] PiranhaBoy (uuid: 068bfb61-fb8a-4553-8305-2af64537cadb): theres a gren fucker down there
[20:58:17] TheRealColmagi (uuid: c98c1615-0764-41e1-848d-73152bfabe94): yes
[20:59:17] PiranhaBoy (uuid: 068bfb61-fb8a-4553-8305-2af64537cadb): wtf did you just tame
[20:59:18] TheRealColmagi (uuid: c98c1615-0764-41e1-848d-73152bfabe94): O SHIT NIGGA
[21:02:48] PiranhaBoy (uuid: 068bfb61-fb8a-4553-8305-2af64537cadb): k gotta play boner
[21:02:55] PiranhaBoy (uuid: 068bfb61-fb8a-4553-8305-2af64537cadb): WHAT THE FUCK ANOTHER GREEN
[21:02:56] TheRealColmagi (uuid: c98c1615-0764-41e1-848d-73152bfabe94): mhm
[21:02:59] TheRealColmagi (uuid: c98c1615-0764-41e1-848d-73152bfabe94): i got a parrot dude
[21:03:03] PiranhaBoy (uuid: 068bfb61-fb8a-4553-8305-2af64537cadb): get sent to gulag i guess
[21:03:33] PiranhaBoy (uuid: 068bfb61-fb8a-4553-8305-2af64537cadb): spawn me a rod before i go
[21:03:37] PiranhaBoy (uuid: 068bfb61-fb8a-4553-8305-2af64537cadb): gotta send to gulag
[21:03:58] PiranhaBoy (uuid: 068bfb61-fb8a-4553-8305-2af64537cadb): james please i gtg
[21:08:42] PiranhaBoy (uuid: 068bfb61-fb8a-4553-8305-2af64537cadb): i will only exterminate the greens
[21:09:17] TheRealColmagi (uuid: c98c1615-0764-41e1-848d-73152bfabe94): DUDE
[21:09:21] TheRealColmagi (uuid: c98c1615-0764-41e1-848d-73152bfabe94): DID U JUST KILL MY BIRD
[21:09:26] PiranhaBoy (uuid: 068bfb61-fb8a-4553-8305-2af64537cadb): nah hes in the air
[21:09:31] PiranhaBoy (uuid: 068bfb61-fb8a-4553-8305-2af64537cadb): i see him fappin
[21:09:40] TheRealColmagi (uuid: c98c1615-0764-41e1-848d-73152bfabe94): dont hit my bird
[21:09:43] TheRealColmagi (uuid: c98c1615-0764-41e1-848d-73152bfabe94): ill fucking kill you
[21:09:56] TheRealColmagi (uuid: c98c1615-0764-41e1-848d-73152bfabe94): i will untrust u
[21:09:58] TheRealColmagi (uuid: c98c1615-0764-41e1-848d-73152bfabe94): from tihjs claim
[21:10:11] PiranhaBoy (uuid: 068bfb61-fb8a-4553-8305-2af64537cadb): k lol ill stop
[21:10:20] PiranhaBoy (uuid: 068bfb61-fb8a-4553-8305-2af64537cadb): howd you fin him
[21:10:25] TheRealColmagi (uuid: c98c1615-0764-41e1-848d-73152bfabe94): i spawned him in lol
[21:10:33] PiranhaBoy (uuid: 068bfb61-fb8a-4553-8305-2af64537cadb): wtf when were there birds
[21:11:24] TheRealColmagi (uuid: c98c1615-0764-41e1-848d-73152bfabe94): goddammit derek
[21:11:29] PiranhaBoy (uuid: 068bfb61-fb8a-4553-8305-2af64537cadb): hes goin into my turtle
[21:11:47] PiranhaBoy (uuid: 068bfb61-fb8a-4553-8305-2af64537cadb): k i gtg
[21:12:14] TheRealColmagi (uuid: c98c1615-0764-41e1-848d-73152bfabe94): dammit
[21:13:02] PiranhaBoy (uuid: 068bfb61-fb8a-4553-8305-2af64537cadb): penis
[21:16:34] PiranhaBoy (uuid: 068bfb61-fb8a-4553-8305-2af64537cadb): LOLWTF IS HE DOIN
[21:16:38] TheRealColmagi (uuid: c98c1615-0764-41e1-848d-73152bfabe94): hes dancin
[21:16:42] PiranhaBoy (uuid: 068bfb61-fb8a-4553-8305-2af64537cadb): get bamboo in there instead
[21:16:47] PiranhaBoy (uuid: 068bfb61-fb8a-4553-8305-2af64537cadb): yo what other birds are there
[21:16:54] PiranhaBoy (uuid: 068bfb61-fb8a-4553-8305-2af64537cadb): bamboo looks better
[21:17:10] PiranhaBoy (uuid: 068bfb61-fb8a-4553-8305-2af64537cadb): lol im eating his brothers
[21:17:15] TheRealColmagi (uuid: c98c1615-0764-41e1-848d-73152bfabe94): mhm
[21:17:35] TheRealColmagi (uuid: c98c1615-0764-41e1-848d-73152bfabe94): theyre all parrots
[21:17:36] PiranhaBoy (uuid: 068bfb61-fb8a-4553-8305-2af64537cadb): but bamboo in the flower pot
[21:17:43] PiranhaBoy (uuid: 068bfb61-fb8a-4553-8305-2af64537cadb): gimme some bamboo i gotta grow some
[21:17:51] TheRealColmagi (uuid: c98c1615-0764-41e1-848d-73152bfabe94): bamboo is not in the game
[21:17:53] PiranhaBoy (uuid: 068bfb61-fb8a-4553-8305-2af64537cadb): gimme one bamboo nibb
[21:17:57] PiranhaBoy (uuid: 068bfb61-fb8a-4553-8305-2af64537cadb): how its 1.1
[21:18:01] PiranhaBoy (uuid: 068bfb61-fb8a-4553-8305-2af64537cadb): 1.13
[21:18:04] TheRealColmagi (uuid: c98c1615-0764-41e1-848d-73152bfabe94): bamboo is 1.14
[21:18:12] PiranhaBoy (uuid: 068bfb61-fb8a-4553-8305-2af64537cadb): shit ok
[21:18:34] TheRealColmagi (uuid: c98c1615-0764-41e1-848d-73152bfabe94): yay
[21:22:16] PiranhaBoy (uuid: 068bfb61-fb8a-4553-8305-2af64537cadb): yo how many bird colors are there
[21:22:22] TheRealColmagi (uuid: c98c1615-0764-41e1-848d-73152bfabe94): 5
[21:22:24] TheRealColmagi (uuid: c98c1615-0764-41e1-848d-73152bfabe94): u want a bird
[21:23:08] TheRealColmagi (uuid: c98c1615-0764-41e1-848d-73152bfabe94): ??
[21:23:12] TheRealColmagi (uuid: c98c1615-0764-41e1-848d-73152bfabe94): i can spawn a parrot for u too
[21:23:37] PiranhaBoy (uuid: 068bfb61-fb8a-4553-8305-2af64537cadb): yo can you get me the light blue
[21:23:42] PiranhaBoy (uuid: 068bfb61-fb8a-4553-8305-2af64537cadb): yea i was looking at colors
[21:23:49] PiranhaBoy (uuid: 068bfb61-fb8a-4553-8305-2af64537cadb): LOL
[21:23:52] TheRealColmagi (uuid: c98c1615-0764-41e1-848d-73152bfabe94): rip
[21:24:07] PiranhaBoy (uuid: 068bfb61-fb8a-4553-8305-2af64537cadb): LOL HE TOOK ALL 7 SEEDS
[21:24:10] TheRealColmagi (uuid: c98c1615-0764-41e1-848d-73152bfabe94): rip over birds
[21:24:27] PiranhaBoy (uuid: 068bfb61-fb8a-4553-8305-2af64537cadb): HOLY THIS NIGGA ABOUT TO LEAVE ME
[21:24:27] TheRealColmagi (uuid: c98c1615-0764-41e1-848d-73152bfabe94): ye u should read the wiki about em
[21:24:37] PiranhaBoy (uuid: 068bfb61-fb8a-4553-8305-2af64537cadb): YO HES ON MY SHOULDER
[21:24:40] TheRealColmagi (uuid: c98c1615-0764-41e1-848d-73152bfabe94): ye
[21:24:46] PiranhaBoy (uuid: 068bfb61-fb8a-4553-8305-2af64537cadb): how you do that
[21:24:54] TheRealColmagi (uuid: c98c1615-0764-41e1-848d-73152bfabe94): ?
[21:25:00] TheRealColmagi (uuid: c98c1615-0764-41e1-848d-73152bfabe94): u can make em sit or stand
[21:25:05] TheRealColmagi (uuid: c98c1615-0764-41e1-848d-73152bfabe94): same as dogs or cats
[21:25:19] PiranhaBoy (uuid: 068bfb61-fb8a-4553-8305-2af64537cadb): hes humping
[21:25:23] TheRealColmagi (uuid: c98c1615-0764-41e1-848d-73152bfabe94): mhm
[21:25:28] TheRealColmagi (uuid: c98c1615-0764-41e1-848d-73152bfabe94): u cant breed birds tho
[21:25:31] PiranhaBoy (uuid: 068bfb61-fb8a-4553-8305-2af64537cadb): how do you make him sit on shoulder
[21:25:34] PiranhaBoy (uuid: 068bfb61-fb8a-4553-8305-2af64537cadb): thats ghey
[21:25:42] PiranhaBoy (uuid: 068bfb61-fb8a-4553-8305-2af64537cadb): oh i just sit on hm
[21:26:20] TheRealColmagi (uuid: c98c1615-0764-41e1-848d-73152bfabe94): wtf u doin
[21:26:38] TheRealColmagi (uuid: c98c1615-0764-41e1-848d-73152bfabe94): u know they mimic sounds
[21:26:46] PiranhaBoy (uuid: 068bfb61-fb8a-4553-8305-2af64537cadb): wtf what sound
[21:26:58] TheRealColmagi (uuid: c98c1615-0764-41e1-848d-73152bfabe94): any sound
[21:27:02] TheRealColmagi (uuid: c98c1615-0764-41e1-848d-73152bfabe94): mob sound
[21:27:05] PiranhaBoy (uuid: 068bfb61-fb8a-4553-8305-2af64537cadb): VILLAGER SOUNDS LOL
[21:30:22] TheRealColmagi (uuid: c98c1615-0764-41e1-848d-73152bfabe94): louis is gay birb
[21:34:46] PiranhaBoy (uuid: 068bfb61-fb8a-4553-8305-2af64537cadb): james i think the kid is determined by the adult
[21:34:52] TheRealColmagi (uuid: c98c1615-0764-41e1-848d-73152bfabe94): perhaps
[21:34:53] PiranhaBoy (uuid: 068bfb61-fb8a-4553-8305-2af64537cadb): can you replace these niggers with librarians
[21:34:58] TheRealColmagi (uuid: c98c1615-0764-41e1-848d-73152bfabe94): NEIN
[21:35:07] PiranhaBoy (uuid: 068bfb61-fb8a-4553-8305-2af64537cadb): superior white race
[21:35:13] PiranhaBoy (uuid: 068bfb61-fb8a-4553-8305-2af64537cadb): no niggers or yin du ren
[21:35:28] PiranhaBoy (uuid: 068bfb61-fb8a-4553-8305-2af64537cadb): actually keep one brown coat
[21:35:41] TheRealColmagi (uuid: c98c1615-0764-41e1-848d-73152bfabe94): u get 1 libraria
[21:35:58] TheRealColmagi (uuid: c98c1615-0764-41e1-848d-73152bfabe94): gym
[21:35:59] TheRealColmagi (uuid: c98c1615-0764-41e1-848d-73152bfabe94): jim
[21:36:02] TheRealColmagi (uuid: c98c1615-0764-41e1-848d-73152bfabe94): whens ur band audition haha
[21:36:14] PiranhaBoy (uuid: 068bfb61-fb8a-4553-8305-2af64537cadb): thursday ez
[21:36:18] TheRealColmagi (uuid: c98c1615-0764-41e1-848d-73152bfabe94): friday ez
[21:36:26] PiranhaBoy (uuid: 068bfb61-fb8a-4553-8305-2af64537cadb): SEE THE WHITE IS SUPERIOR
[21:36:31] PiranhaBoy (uuid: 068bfb61-fb8a-4553-8305-2af64537cadb): ALREADY TRYIN TO FUCK
[21:36:49] PiranhaBoy (uuid: 068bfb61-fb8a-4553-8305-2af64537cadb): THERES A GREENENN
[21:36:52] PiranhaBoy (uuid: 068bfb61-fb8a-4553-8305-2af64537cadb): EZ
[21:37:09] PiranhaBoy (uuid: 068bfb61-fb8a-4553-8305-2af64537cadb): KEEP ONE BROWN COAT
[21:37:14] TheRealColmagi (uuid: c98c1615-0764-41e1-848d-73152bfabe94): there
[21:37:25] TheRealColmagi (uuid: c98c1615-0764-41e1-848d-73152bfabe94): 1 cartographer
[21:37:29] TheRealColmagi (uuid: c98c1615-0764-41e1-848d-73152bfabe94): 1 librarian
[21:37:46] PiranhaBoy (uuid: 068bfb61-fb8a-4553-8305-2af64537cadb): THIS IS THE MOST SHIT LIBRARIN EVER LOL
[21:37:58] PiranhaBoy (uuid: 068bfb61-fb8a-4553-8305-2af64537cadb): 12 emeralds for a compass
[21:38:09] PiranhaBoy (uuid: 068bfb61-fb8a-4553-8305-2af64537cadb): this compass betta take me to niggerlandia
[21:38:18] PiranhaBoy (uuid: 068bfb61-fb8a-4553-8305-2af64537cadb): SHIET
[21:38:23] TheRealColmagi (uuid: c98c1615-0764-41e1-848d-73152bfabe94): dammit
[21:38:24] TheRealColmagi (uuid: c98c1615-0764-41e1-848d-73152bfabe94): moigga
[21:39:04] PiranhaBoy (uuid: 068bfb61-fb8a-4553-8305-2af64537cadb): WAIT
[21:39:08] TheRealColmagi (uuid: c98c1615-0764-41e1-848d-73152bfabe94): channeling
[21:39:19] TheRealColmagi (uuid: c98c1615-0764-41e1-848d-73152bfabe94): ye
[21:39:24] TheRealColmagi (uuid: c98c1615-0764-41e1-848d-73152bfabe94): what nigga
[21:39:48] PiranhaBoy (uuid: 068bfb61-fb8a-4553-8305-2af64537cadb): i gottta make a compass
[21:40:18] PiranhaBoy (uuid: 068bfb61-fb8a-4553-8305-2af64537cadb): shiet this guy got channeling
[21:43:07] TheRealColmagi (uuid: c98c1615-0764-41e1-848d-73152bfabe94): matjew
[21:43:08] TheRealColmagi (uuid: c98c1615-0764-41e1-848d-73152bfabe94): look
[21:43:12] TheRealColmagi (uuid: c98c1615-0764-41e1-848d-73152bfabe94): my bird
[21:43:15] TheRealColmagi (uuid: c98c1615-0764-41e1-848d-73152bfabe94): is in minecraft
[21:43:28] TheRealColmagi (uuid: c98c1615-0764-41e1-848d-73152bfabe94): mat
[21:43:30] TheRealColmagi (uuid: c98c1615-0764-41e1-848d-73152bfabe94): jew
[21:43:35] TheRealColmagi (uuid: c98c1615-0764-41e1-848d-73152bfabe94): look its my bird
[21:43:36] bryantandpat (uuid: 7961a874-c35f-4f34-a0d1-37205c235291): wpt
[21:43:40] bryantandpat (uuid: 7961a874-c35f-4f34-a0d1-37205c235291): i dont see it
[21:43:43] TheRealColmagi (uuid: c98c1615-0764-41e1-848d-73152bfabe94): right here
[21:43:45] TheRealColmagi (uuid: c98c1615-0764-41e1-848d-73152bfabe94): louis
[21:43:47] bryantandpat (uuid: 7961a874-c35f-4f34-a0d1-37205c235291): o
[21:43:48] bryantandpat (uuid: 7961a874-c35f-4f34-a0d1-37205c235291): holy shit
[21:43:59] bryantandpat (uuid: 7961a874-c35f-4f34-a0d1-37205c235291): can it fly
[21:44:01] TheRealColmagi (uuid: c98c1615-0764-41e1-848d-73152bfabe94): ye
[21:44:05] TheRealColmagi (uuid: c98c1615-0764-41e1-848d-73152bfabe94): ok u can go
[21:44:09] TheRealColmagi (uuid: c98c1615-0764-41e1-848d-73152bfabe94): i just wanted to show u my bird
[21:45:11] bryantandpat (uuid: 7961a874-c35f-4f34-a0d1-37205c235291): wait wtf
[21:45:16] bryantandpat (uuid: 7961a874-c35f-4f34-a0d1-37205c235291): how is dereks working so well
[21:45:23] TheRealColmagi (uuid: c98c1615-0764-41e1-848d-73152bfabe94): i might have spawned in a few
[21:45:25] TheRealColmagi (uuid: c98c1615-0764-41e1-848d-73152bfabe94): ill cull em
[21:45:28] bryantandpat (uuid: 7961a874-c35f-4f34-a0d1-37205c235291): o
[21:45:45] TheRealColmagi (uuid: c98c1615-0764-41e1-848d-73152bfabe94): acutlaly nvm theres one of each type
[21:45:48] TheRealColmagi (uuid: c98c1615-0764-41e1-848d-73152bfabe94): with af ew librarians
[21:47:48] PiranhaBoy (uuid: 068bfb61-fb8a-4553-8305-2af64537cadb): WHERE IS HUBERT WITH MY FUCING SHIT
[21:47:51] TheRealColmagi (uuid: c98c1615-0764-41e1-848d-73152bfabe94): idk
[21:48:24] PiranhaBoy (uuid: 068bfb61-fb8a-4553-8305-2af64537cadb): i think its cause theres not enough doors at the bottom
[21:48:38] PiranhaBoy (uuid: 068bfb61-fb8a-4553-8305-2af64537cadb): i dugg like 3 more rows of doors if you look down
[21:49:42] PiranhaBoy (uuid: 068bfb61-fb8a-4553-8305-2af64537cadb): matthew lemme fix urs
[21:49:49] bryantandpat (uuid: 7961a874-c35f-4f34-a0d1-37205c235291): kk
[21:50:09] bryantandpat (uuid: 7961a874-c35f-4f34-a0d1-37205c235291): holy shit ians beacons
[21:50:12] TheRealColmagi (uuid: c98c1615-0764-41e1-848d-73152bfabe94): ye wtf
[21:50:36] PiranhaBoy (uuid: 068bfb61-fb8a-4553-8305-2af64537cadb): matthew tpaccept
[21:50:45] bryantandpat (uuid: 7961a874-c35f-4f34-a0d1-37205c235291): i did
[21:50:49] bryantandpat (uuid: 7961a874-c35f-4f34-a0d1-37205c235291): can u send again
[21:50:53] PiranhaBoy (uuid: 068bfb61-fb8a-4553-8305-2af64537cadb): wtf oops
[21:51:07] bryantandpat (uuid: 7961a874-c35f-4f34-a0d1-37205c235291): kk i trusted u
[21:53:35] TheRealColmagi (uuid: c98c1615-0764-41e1-848d-73152bfabe94): JEWISH MASS EXECUTION
[21:54:04] bryantandpat (uuid: 7961a874-c35f-4f34-a0d1-37205c235291): how do u get rid of phantoms in multiplayer
[21:54:09] PiranhaBoy (uuid: 068bfb61-fb8a-4553-8305-2af64537cadb): just keep trap doors closed cause they cana keep spawning
[21:54:14] TheRealColmagi (uuid: c98c1615-0764-41e1-848d-73152bfabe94): i got rid of em didnt i
[21:54:17] TheRealColmagi (uuid: c98c1615-0764-41e1-848d-73152bfabe94): they arent here
[21:54:17] bryantandpat (uuid: 7961a874-c35f-4f34-a0d1-37205c235291): o kk
[21:54:37] PiranhaBoy (uuid: 068bfb61-fb8a-4553-8305-2af64537cadb): james can you spawn villagers
[21:54:46] PiranhaBoy (uuid: 068bfb61-fb8a-4553-8305-2af64537cadb): a librarian and a brownie up top
[21:54:51] PiranhaBoy (uuid: 068bfb61-fb8a-4553-8305-2af64537cadb): and whatever down here
[21:55:15] TheRealColmagi (uuid: c98c1615-0764-41e1-848d-73152bfabe94): jesos
[21:55:30] TheRealColmagi (uuid: c98c1615-0764-41e1-848d-73152bfabe94): ez
[21:55:33] PiranhaBoy (uuid: 068bfb61-fb8a-4553-8305-2af64537cadb): k good
[21:55:37] PiranhaBoy (uuid: 068bfb61-fb8a-4553-8305-2af64537cadb): down below
[21:55:45] PiranhaBoy (uuid: 068bfb61-fb8a-4553-8305-2af64537cadb): james one more
[21:55:55] TheRealColmagi (uuid: c98c1615-0764-41e1-848d-73152bfabe94): there
[21:56:05] PiranhaBoy (uuid: 068bfb61-fb8a-4553-8305-2af64537cadb): here
[21:56:11] PiranhaBoy (uuid: 068bfb61-fb8a-4553-8305-2af64537cadb): james wrond down
[21:56:17] PiranhaBoy (uuid: 068bfb61-fb8a-4553-8305-2af64537cadb): tp to me
[21:56:47] PiranhaBoy (uuid: 068bfb61-fb8a-4553-8305-2af64537cadb): matthew can you bring all of your carrots
[21:58:10] PiranhaBoy (uuid: 068bfb61-fb8a-4553-8305-2af64537cadb): matthew are there anyvillagers near this place or are they all ded
[21:58:24] bryantandpat (uuid: 7961a874-c35f-4f34-a0d1-37205c235291): theres 2 in my base underground
[21:58:29] bryantandpat (uuid: 7961a874-c35f-4f34-a0d1-37205c235291): but its rlly hard to move them
[21:58:46] PiranhaBoy (uuid: 068bfb61-fb8a-4553-8305-2af64537cadb): where they at
[21:58:51] bryantandpat (uuid: 7961a874-c35f-4f34-a0d1-37205c235291): in the base
[21:59:17] PiranhaBoy (uuid: 068bfb61-fb8a-4553-8305-2af64537cadb): wtf theres like a million places
[21:59:29] bryantandpat (uuid: 7961a874-c35f-4f34-a0d1-37205c235291): the trapdoor
[21:59:31] PiranhaBoy (uuid: 068bfb61-fb8a-4553-8305-2af64537cadb): k
[21:59:46] PiranhaBoy (uuid: 068bfb61-fb8a-4553-8305-2af64537cadb): they should be fine
[21:59:50] bryantandpat (uuid: 7961a874-c35f-4f34-a0d1-37205c235291): kk
[22:00:20] TheRealColmagi (uuid: c98c1615-0764-41e1-848d-73152bfabe94): oscar missed like half of the third season jesos
[22:00:25] TheRealColmagi (uuid: c98c1615-0764-41e1-848d-73152bfabe94): after the gay witch hunt ep
[22:00:42] PiranhaBoy (uuid: 068bfb61-fb8a-4553-8305-2af64537cadb): its cause he had shit in his real life it was just an excuse for him to be absent
[22:00:49] TheRealColmagi (uuid: c98c1615-0764-41e1-848d-73152bfabe94): o rly
[22:00:50] TheRealColmagi (uuid: c98c1615-0764-41e1-848d-73152bfabe94): nice
[22:01:28] TheRealColmagi (uuid: c98c1615-0764-41e1-848d-73152bfabe94): u know u can commit suicide by trident
[22:01:34] bryantandpat (uuid: 7961a874-c35f-4f34-a0d1-37205c235291): wtf
[22:01:38] bryantandpat (uuid: 7961a874-c35f-4f34-a0d1-37205c235291): how
[22:01:50] TheRealColmagi (uuid: c98c1615-0764-41e1-848d-73152bfabe94): throw it into the air
[22:02:01] bryantandpat (uuid: 7961a874-c35f-4f34-a0d1-37205c235291): o
[22:02:23] PiranhaBoy (uuid: 068bfb61-fb8a-4553-8305-2af64537cadb): k in like 5 mins check if the guy down opens any doors and if all of the carrots are planted
[22:02:36] TheRealColmagi (uuid: c98c1615-0764-41e1-848d-73152bfabe94): ez
[22:02:36] bryantandpat (uuid: 7961a874-c35f-4f34-a0d1-37205c235291): kk
[22:02:39] PiranhaBoy (uuid: 068bfb61-fb8a-4553-8305-2af64537cadb): if those two are done then it should be a thing
[22:02:51] bryantandpat (uuid: 7961a874-c35f-4f34-a0d1-37205c235291): kk thx
[22:04:11] TheRealColmagi (uuid: c98c1615-0764-41e1-848d-73152bfabe94): i wonder what wouldve happened if they kept devon instead of creed
[22:04:15] PiranhaBoy (uuid: 068bfb61-fb8a-4553-8305-2af64537cadb): holy actually got a channeling thing
[22:04:19] PiranhaBoy (uuid: 068bfb61-fb8a-4553-8305-2af64537cadb): mhmhm
[22:04:55] PiranhaBoy (uuid: 068bfb61-fb8a-4553-8305-2af64537cadb): james can you drop some bread in here
[22:07:02] TheRealColmagi (uuid: c98c1615-0764-41e1-848d-73152bfabe94): IM FUCKING LEVI
[22:07:20] TheRealColmagi (uuid: c98c1615-0764-41e1-848d-73152bfabe94): derek look
[22:08:05] PiranhaBoy (uuid: 068bfb61-fb8a-4553-8305-2af64537cadb): james get my shit from hubert
[22:08:08] TheRealColmagi (uuid: c98c1615-0764-41e1-848d-73152bfabe94): dude
[22:08:09] TheRealColmagi (uuid: c98c1615-0764-41e1-848d-73152bfabe94): im levi
[22:08:14] TheRealColmagi (uuid: c98c1615-0764-41e1-848d-73152bfabe94): look
[22:08:20] TheRealColmagi (uuid: c98c1615-0764-41e1-848d-73152bfabe94): look at tme
[22:08:35] PiranhaBoy (uuid: 068bfb61-fb8a-4553-8305-2af64537cadb): WTF
[22:08:43] PiranhaBoy (uuid: 068bfb61-fb8a-4553-8305-2af64537cadb): YOU DO SPIRALS AND LOOK AUTISTIC LOL
[22:08:47] TheRealColmagi (uuid: c98c1615-0764-41e1-848d-73152bfabe94): IM LEVI
[22:09:01] PiranhaBoy (uuid: 068bfb61-fb8a-4553-8305-2af64537cadb): why cant i bonemeal these fags
[22:10:18] PiranhaBoy (uuid: 068bfb61-fb8a-4553-8305-2af64537cadb): ez chanelling book
[22:10:53] PiranhaBoy (uuid: 068bfb61-fb8a-4553-8305-2af64537cadb): NIIGA
[22:11:06] PiranhaBoy (uuid: 068bfb61-fb8a-4553-8305-2af64537cadb): SHIET MY PRECAL H
[22:11:09] PiranhaBoy (uuid: 068bfb61-fb8a-4553-8305-2af64537cadb): HW
[22:11:12] TheRealColmagi (uuid: c98c1615-0764-41e1-848d-73152bfabe94): wtf
[22:11:22] bryantandpat (uuid: 7961a874-c35f-4f34-a0d1-37205c235291): fischer doesnt assign hw over reaks
[22:11:24] bryantandpat (uuid: 7961a874-c35f-4f34-a0d1-37205c235291): breaks
[22:20:37] TheRealColmagi (uuid: c98c1615-0764-41e1-848d-73152bfabe94): im fucking murdering giants
[22:22:52] TheRealColmagi (uuid: c98c1615-0764-41e1-848d-73152bfabe94): whos doin that
[22:22:59] bryantandpat (uuid: 7961a874-c35f-4f34-a0d1-37205c235291): james help
[22:23:04] bryantandpat (uuid: 7961a874-c35f-4f34-a0d1-37205c235291): theres a buried treasure here
[22:23:05] TheRealColmagi (uuid: c98c1615-0764-41e1-848d-73152bfabe94): whos doin that lightning
[22:23:50] TheRealColmagi (uuid: c98c1615-0764-41e1-848d-73152bfabe94): lol no chest
[22:23:52] TheRealColmagi (uuid: c98c1615-0764-41e1-848d-73152bfabe94): not here
[22:23:59] bryantandpat (uuid: 7961a874-c35f-4f34-a0d1-37205c235291): tf
[22:24:08] bryantandpat (uuid: 7961a874-c35f-4f34-a0d1-37205c235291): map says right here
[22:24:11] TheRealColmagi (uuid: c98c1615-0764-41e1-848d-73152bfabe94): givve
[22:24:22] TheRealColmagi (uuid: c98c1615-0764-41e1-848d-73152bfabe94): LOL
[22:24:24] TheRealColmagi (uuid: c98c1615-0764-41e1-848d-73152bfabe94): nigga
[22:24:33] bryantandpat (uuid: 7961a874-c35f-4f34-a0d1-37205c235291): what
[22:24:36] TheRealColmagi (uuid: c98c1615-0764-41e1-848d-73152bfabe94): once the map shows color
[22:24:38] TheRealColmagi (uuid: c98c1615-0764-41e1-848d-73152bfabe94): ur in the right place
[22:24:42] bryantandpat (uuid: 7961a874-c35f-4f34-a0d1-37205c235291): wtf
[22:24:44] TheRealColmagi (uuid: c98c1615-0764-41e1-848d-73152bfabe94): it should look like a normal map
[22:24:49] bryantandpat (uuid: 7961a874-c35f-4f34-a0d1-37205c235291): isnt the white dot u
[22:25:32] TheRealColmagi (uuid: c98c1615-0764-41e1-848d-73152bfabe94): dis the same shit i already found
[22:25:37] bryantandpat (uuid: 7961a874-c35f-4f34-a0d1-37205c235291): o
[22:25:41] bryantandpat (uuid: 7961a874-c35f-4f34-a0d1-37205c235291): did u use all the maps
[22:25:45] TheRealColmagi (uuid: c98c1615-0764-41e1-848d-73152bfabe94): should lok like that
[22:25:51] TheRealColmagi (uuid: c98c1615-0764-41e1-848d-73152bfabe94): also look
[22:25:52] TheRealColmagi (uuid: c98c1615-0764-41e1-848d-73152bfabe94): im captain levi
[22:25:59] bryantandpat (uuid: 7961a874-c35f-4f34-a0d1-37205c235291): tf
[22:26:08] bryantandpat (uuid: 7961a874-c35f-4f34-a0d1-37205c235291): how did u get it into color
[22:26:30] TheRealColmagi (uuid: c98c1615-0764-41e1-848d-73152bfabe94): see
[22:26:32] TheRealColmagi (uuid: c98c1615-0764-41e1-848d-73152bfabe94): im levi
[22:28:22] TheRealColmagi (uuid: c98c1615-0764-41e1-848d-73152bfabe94): yo
[22:28:27] TheRealColmagi (uuid: c98c1615-0764-41e1-848d-73152bfabe94): i think deek wants his stuff back
[22:28:46] TheRealColmagi (uuid: c98c1615-0764-41e1-848d-73152bfabe94): uh ok
[22:28:46] bryantandpat (uuid: 7961a874-c35f-4f34-a0d1-37205c235291): LMAO
[22:30:20] iMine03 (uuid: 0f9d4172-c235-4bd2-9897-490c4a93ddfe): jesus christ
[22:30:32] iMine03 (uuid: 0f9d4172-c235-4bd2-9897-490c4a93ddfe): how long have u guys been on
[22:30:40] TheRealColmagi (uuid: c98c1615-0764-41e1-848d-73152bfabe94): im captain levi
[22:30:51] TheRealColmagi (uuid: c98c1615-0764-41e1-848d-73152bfabe94): come to optivillage
[22:31:27] TheRealColmagi (uuid: c98c1615-0764-41e1-848d-73152bfabe94): hell yea
[22:31:30] TheRealColmagi (uuid: c98c1615-0764-41e1-848d-73152bfabe94): raped another giant
[22:31:59] iMine03 (uuid: 0f9d4172-c235-4bd2-9897-490c4a93ddfe): where's matjew
[22:31:59] TheRealColmagi (uuid: c98c1615-0764-41e1-848d-73152bfabe94): rip rain
[22:32:01] TheRealColmagi (uuid: c98c1615-0764-41e1-848d-73152bfabe94): cant rape
[22:35:03] iMine03 (uuid: 0f9d4172-c235-4bd2-9897-490c4a93ddfe): jesus
[22:35:03] TheRealColmagi (uuid: c98c1615-0764-41e1-848d-73152bfabe94): oh would u look at the time
[22:35:06] TheRealColmagi (uuid: c98c1615-0764-41e1-848d-73152bfabe94): time to stream 4k potn
[22:35:08] TheRealColmagi (uuid: c98c1615-0764-41e1-848d-73152bfabe94): porn
[22:37:30] TheRealColmagi (uuid: c98c1615-0764-41e1-848d-73152bfabe94): LMAOOOO ALL THE OSCAR STUFF IS MEXICAN RELATED
[22:37:37] TheRealColmagi (uuid: c98c1615-0764-41e1-848d-73152bfabe94): EVEN HIS NAME IS IN RED WHITE AND GREEN
[22:37:52] bryantandpat (uuid: 7961a874-c35f-4f34-a0d1-37205c235291): tf
[22:37:54] bryantandpat (uuid: 7961a874-c35f-4f34-a0d1-37205c235291): for what
[22:37:57] TheRealColmagi (uuid: c98c1615-0764-41e1-848d-73152bfabe94): the office
[22:38:07] bryantandpat (uuid: 7961a874-c35f-4f34-a0d1-37205c235291): jesos
[22:42:16] TheRealColmagi (uuid: c98c1615-0764-41e1-848d-73152bfabe94): iima jew
[22:52:42] TheRealColmagi (uuid: c98c1615-0764-41e1-848d-73152bfabe94): allah
[22:57:13] TheRealColmagi (uuid: c98c1615-0764-41e1-848d-73152bfabe94): fags
[22:57:23] TheRealColmagi (uuid: c98c1615-0764-41e1-848d-73152bfabe94): if ur a fucking degenerate clap ur hands
[22:57:25] TheRealColmagi (uuid: c98c1615-0764-41e1-848d-73152bfabe94): CLAP CLAP
[22:57:30] TheRealColmagi (uuid: c98c1615-0764-41e1-848d-73152bfabe94): sorry louis
[22:57:37] TheRealColmagi (uuid: c98c1615-0764-41e1-848d-73152bfabe94): u didnt have to hear that
[23:16:09] PiranhaBoy (uuid: 068bfb61-fb8a-4553-8305-2af64537cadb): ez looting 3 villager
