[00:17:14] iiBethanyii (uuid: 017ec225-2727-4d08-b15d-c5d9f307a55c): wtf
[00:17:18] iiBethanyii (uuid: 017ec225-2727-4d08-b15d-c5d9f307a55c): u not sleeping yet
[00:17:40] iiBethanyii (uuid: 017ec225-2727-4d08-b15d-c5d9f307a55c): see
[00:17:45] iiBethanyii (uuid: 017ec225-2727-4d08-b15d-c5d9f307a55c): u are watching 4k porn
[00:17:46] iiBethanyii (uuid: 017ec225-2727-4d08-b15d-c5d9f307a55c): nibber
[00:18:25] iiBethanyii (uuid: 017ec225-2727-4d08-b15d-c5d9f307a55c): ree
[00:18:32] PiranhaBoy (uuid: 068bfb61-fb8a-4553-8305-2af64537cadb): ian
[00:18:35] iiBethanyii (uuid: 017ec225-2727-4d08-b15d-c5d9f307a55c): hm
[00:18:41] iiBethanyii (uuid: 017ec225-2727-4d08-b15d-c5d9f307a55c): Ehap wednesday btw
[00:18:42] iiBethanyii (uuid: 017ec225-2727-4d08-b15d-c5d9f307a55c): fgt
[00:18:42] PiranhaBoy (uuid: 068bfb61-fb8a-4553-8305-2af64537cadb): do you have a sugarcane farm
[00:18:45] iiBethanyii (uuid: 017ec225-2727-4d08-b15d-c5d9f307a55c): no
[00:18:46] PiranhaBoy (uuid: 068bfb61-fb8a-4553-8305-2af64537cadb): yea lol
[00:18:48] iiBethanyii (uuid: 017ec225-2727-4d08-b15d-c5d9f307a55c): dont need one
[00:18:51] PiranhaBoy (uuid: 068bfb61-fb8a-4553-8305-2af64537cadb): shiet ill make one later then
[00:18:54] iiBethanyii (uuid: 017ec225-2727-4d08-b15d-c5d9f307a55c): why
[00:18:58] iiBethanyii (uuid: 017ec225-2727-4d08-b15d-c5d9f307a55c): one farm enough
[00:19:00] PiranhaBoy (uuid: 068bfb61-fb8a-4553-8305-2af64537cadb): to get emeralds
[00:19:04] iiBethanyii (uuid: 017ec225-2727-4d08-b15d-c5d9f307a55c): how
[00:19:07] iiBethanyii (uuid: 017ec225-2727-4d08-b15d-c5d9f307a55c): oh from villager?
[00:19:11] PiranhaBoy (uuid: 068bfb61-fb8a-4553-8305-2af64537cadb): trade with villager yea
[00:19:15] PiranhaBoy (uuid: 068bfb61-fb8a-4553-8305-2af64537cadb): so much better
[00:19:20] iiBethanyii (uuid: 017ec225-2727-4d08-b15d-c5d9f307a55c): i do have cane farm
[00:19:22] iiBethanyii (uuid: 017ec225-2727-4d08-b15d-c5d9f307a55c): not auto
[00:19:24] PiranhaBoy (uuid: 068bfb61-fb8a-4553-8305-2af64537cadb): paper sells 16 for 16
[00:19:28] iiBethanyii (uuid: 017ec225-2727-4d08-b15d-c5d9f307a55c): areu gonan make auto
[00:19:35] iiBethanyii (uuid: 017ec225-2727-4d08-b15d-c5d9f307a55c): Gunpowder sells 16 for 32
[00:19:38] PiranhaBoy (uuid: 068bfb61-fb8a-4553-8305-2af64537cadb): emerald sells for 65
[00:19:45] PiranhaBoy (uuid: 068bfb61-fb8a-4553-8305-2af64537cadb): and its 26paper for one emerald
[00:19:49] iiBethanyii (uuid: 017ec225-2727-4d08-b15d-c5d9f307a55c): Wait thats not worth lmao
[00:19:58] PiranhaBoy (uuid: 068bfb61-fb8a-4553-8305-2af64537cadb): so basically 3 times as profitable
[00:20:09] iiBethanyii (uuid: 017ec225-2727-4d08-b15d-c5d9f307a55c): how much cane u get
[00:20:15] PiranhaBoy (uuid: 068bfb61-fb8a-4553-8305-2af64537cadb): a shit ton from a farm
[00:20:24] PiranhaBoy (uuid: 068bfb61-fb8a-4553-8305-2af64537cadb): it grows like 2 times in one day cycle
[00:20:29] PiranhaBoy (uuid: 068bfb61-fb8a-4553-8305-2af64537cadb): idk ima sleep
[00:20:33] iiBethanyii (uuid: 017ec225-2727-4d08-b15d-c5d9f307a55c): kk
[00:20:41] iiBethanyii (uuid: 017ec225-2727-4d08-b15d-c5d9f307a55c): if u make one u can make above my house ig
[00:20:44] PiranhaBoy (uuid: 068bfb61-fb8a-4553-8305-2af64537cadb): im p sure its the fastest thing other than eggs and maybe netherwart
[00:20:51] iiBethanyii (uuid: 017ec225-2727-4d08-b15d-c5d9f307a55c): That way my afk accoutn can get it too
[00:20:56] PiranhaBoy (uuid: 068bfb61-fb8a-4553-8305-2af64537cadb): yea ez
[00:21:07] iiBethanyii (uuid: 017ec225-2727-4d08-b15d-c5d9f307a55c): afk account rn getting creeper powder and food
[00:21:22] iiBethanyii (uuid: 017ec225-2727-4d08-b15d-c5d9f307a55c): should i trust
[00:22:04] iiBethanyii (uuid: 017ec225-2727-4d08-b15d-c5d9f307a55c): FUCK ME
[00:22:09] iiBethanyii (uuid: 017ec225-2727-4d08-b15d-c5d9f307a55c): i just locked my own chest
