[00:00:01] PiranhaBoy (uuid: 068bfb61-fb8a-4553-8305-2af64537cadb): lmao he left
[00:00:38] PiranhaBoy (uuid: 068bfb61-fb8a-4553-8305-2af64537cadb): james give me exp bottles
[00:00:41] PiranhaBoy (uuid: 068bfb61-fb8a-4553-8305-2af64537cadb): i deserve it
[00:00:52] PiranhaBoy (uuid: 068bfb61-fb8a-4553-8305-2af64537cadb): i figured out the trick to his triple jump
[00:00:54] PiranhaBoy (uuid: 068bfb61-fb8a-4553-8305-2af64537cadb): it was hacks
[00:01:04] TheRealColmagi (uuid: c98c1615-0764-41e1-848d-73152bfabe94): why am i not surprised
[00:01:21] PiranhaBoy (uuid: 068bfb61-fb8a-4553-8305-2af64537cadb): more
[00:01:30] TheRealColmagi (uuid: c98c1615-0764-41e1-848d-73152bfabe94): how much
[00:01:32] PiranhaBoy (uuid: 068bfb61-fb8a-4553-8305-2af64537cadb): until im level 30
[00:01:34] TheRealColmagi (uuid: c98c1615-0764-41e1-848d-73152bfabe94): jesus
[00:01:34] PiranhaBoy (uuid: 068bfb61-fb8a-4553-8305-2af64537cadb): 19
[00:01:40] PiranhaBoy (uuid: 068bfb61-fb8a-4553-8305-2af64537cadb): paul killed me lmao
[00:01:47] TheRealColmagi (uuid: c98c1615-0764-41e1-848d-73152bfabe94): mhm
[00:01:49] PiranhaBoy (uuid: 068bfb61-fb8a-4553-8305-2af64537cadb): 23
[00:02:04] PiranhaBoy (uuid: 068bfb61-fb8a-4553-8305-2af64537cadb): 28
[00:02:18] PiranhaBoy (uuid: 068bfb61-fb8a-4553-8305-2af64537cadb): can you hit ur self
[00:02:20] PiranhaBoy (uuid: 068bfb61-fb8a-4553-8305-2af64537cadb): from the air
[00:02:21] TheRealColmagi (uuid: c98c1615-0764-41e1-848d-73152bfabe94): ye
[00:02:38] PiranhaBoy (uuid: 068bfb61-fb8a-4553-8305-2af64537cadb): lets make that a game
[00:02:45] TheRealColmagi (uuid: c98c1615-0764-41e1-848d-73152bfabe94): ok
[00:02:50] PiranhaBoy (uuid: 068bfb61-fb8a-4553-8305-2af64537cadb): make people walk in a pen
[00:02:56] PiranhaBoy (uuid: 068bfb61-fb8a-4553-8305-2af64537cadb): and then have them look up and shoot
[00:03:03] PiranhaBoy (uuid: 068bfb61-fb8a-4553-8305-2af64537cadb): last one to survive wins
[00:03:33] PiranhaBoy (uuid: 068bfb61-fb8a-4553-8305-2af64537cadb): LOL
[00:03:33] TheRealColmagi (uuid: c98c1615-0764-41e1-848d-73152bfabe94): nigga
[00:03:47] PiranhaBoy (uuid: 068bfb61-fb8a-4553-8305-2af64537cadb): LOL
[00:03:59] TheRealColmagi (uuid: c98c1615-0764-41e1-848d-73152bfabe94): ez
[00:04:17] PiranhaBoy (uuid: 068bfb61-fb8a-4553-8305-2af64537cadb): watch my 360
[00:04:26] TheRealColmagi (uuid: c98c1615-0764-41e1-848d-73152bfabe94): ok lmao
[16:41:55] Paul_Resmer (uuid: 7718f2d7-90cf-49d6-a1d9-8cf4d236ba82): disc deek
[16:42:00] PiranhaBoy (uuid: 068bfb61-fb8a-4553-8305-2af64537cadb): kk
[17:11:32] Mrmapl3syrup (uuid: b3f11e18-ff16-45fe-85b7-bb69e73fb17c): yeet
[17:38:00] Mrmapl3syrup (uuid: b3f11e18-ff16-45fe-85b7-bb69e73fb17c): bacon
[17:48:40] JohnProdman (uuid: 4150cd4b-a415-4298-bdc7-c9e330b466cc): Maple do u have creative
[17:48:45] Mrmapl3syrup (uuid: b3f11e18-ff16-45fe-85b7-bb69e73fb17c): yea why
[17:48:52] Mrmapl3syrup (uuid: b3f11e18-ff16-45fe-85b7-bb69e73fb17c): i mean im not in it rn
[17:48:53] JohnProdman (uuid: 4150cd4b-a415-4298-bdc7-c9e330b466cc): Can i have an end portal
[17:48:59] Mrmapl3syrup (uuid: b3f11e18-ff16-45fe-85b7-bb69e73fb17c): just find it on ur own
[17:49:05] Mrmapl3syrup (uuid: b3f11e18-ff16-45fe-85b7-bb69e73fb17c): and I already defeated the ender dragon
[17:49:06] JohnProdman (uuid: 4150cd4b-a415-4298-bdc7-c9e330b466cc): Its not craftable
[17:49:11] Mrmapl3syrup (uuid: b3f11e18-ff16-45fe-85b7-bb69e73fb17c): why do u need it
[17:49:16] JohnProdman (uuid: 4150cd4b-a415-4298-bdc7-c9e330b466cc): Kill endermen
[17:49:21] JohnProdman (uuid: 4150cd4b-a415-4298-bdc7-c9e330b466cc): xp
[17:49:30] Mrmapl3syrup (uuid: b3f11e18-ff16-45fe-85b7-bb69e73fb17c): use the blaze farm at optivats village
[17:49:36] JohnProdman (uuid: 4150cd4b-a415-4298-bdc7-c9e330b466cc): epearls?
[17:49:44] JohnProdman (uuid: 4150cd4b-a415-4298-bdc7-c9e330b466cc): also thats slow af
[17:49:51] JohnProdman (uuid: 4150cd4b-a415-4298-bdc7-c9e330b466cc): it has only 1 spawner
[17:49:53] Mrmapl3syrup (uuid: b3f11e18-ff16-45fe-85b7-bb69e73fb17c): use the skeleton farm
[17:50:02] JohnProdman (uuid: 4150cd4b-a415-4298-bdc7-c9e330b466cc): Double ghast!
[17:50:18] Mrmapl3syrup (uuid: b3f11e18-ff16-45fe-85b7-bb69e73fb17c): i could tp u to the strong hold
[17:50:39] JohnProdman (uuid: 4150cd4b-a415-4298-bdc7-c9e330b466cc): Nah i need ghast tear
[17:50:46] JohnProdman (uuid: 4150cd4b-a415-4298-bdc7-c9e330b466cc): one burned i nthe lava :c
[17:50:55] Mrmapl3syrup (uuid: b3f11e18-ff16-45fe-85b7-bb69e73fb17c): i could give you one
[17:51:01] Mrmapl3syrup (uuid: b3f11e18-ff16-45fe-85b7-bb69e73fb17c): i have like 20 lying around in my chests
[17:51:12] JohnProdman (uuid: 4150cd4b-a415-4298-bdc7-c9e330b466cc): all g
[17:51:18] JohnProdman (uuid: 4150cd4b-a415-4298-bdc7-c9e330b466cc): what can we even use it for
[17:51:25] Mrmapl3syrup (uuid: b3f11e18-ff16-45fe-85b7-bb69e73fb17c): potion brewing
[17:51:28] JohnProdman (uuid: 4150cd4b-a415-4298-bdc7-c9e330b466cc): ports?
[17:51:29] JohnProdman (uuid: 4150cd4b-a415-4298-bdc7-c9e330b466cc): pots
[17:51:31] JohnProdman (uuid: 4150cd4b-a415-4298-bdc7-c9e330b466cc): oh ok
[17:51:53] JohnProdman (uuid: 4150cd4b-a415-4298-bdc7-c9e330b466cc): are u watermelon man
[17:52:01] Mrmapl3syrup (uuid: b3f11e18-ff16-45fe-85b7-bb69e73fb17c): who
[17:52:05] Mrmapl3syrup (uuid: b3f11e18-ff16-45fe-85b7-bb69e73fb17c): also no
[17:52:06] JohnProdman (uuid: 4150cd4b-a415-4298-bdc7-c9e330b466cc): Who is watermelon man
[17:52:10] Mrmapl3syrup (uuid: b3f11e18-ff16-45fe-85b7-bb69e73fb17c): watermelon man is shorty
[17:52:12] JohnProdman (uuid: 4150cd4b-a415-4298-bdc7-c9e330b466cc): ah
[17:52:19] JohnProdman (uuid: 4150cd4b-a415-4298-bdc7-c9e330b466cc): his shop chests still have his old name
[17:52:30] Mrmapl3syrup (uuid: b3f11e18-ff16-45fe-85b7-bb69e73fb17c): oh so do they not work
[17:52:35] JohnProdman (uuid: 4150cd4b-a415-4298-bdc7-c9e330b466cc): They do work
[17:52:38] Mrmapl3syrup (uuid: b3f11e18-ff16-45fe-85b7-bb69e73fb17c): ooooh
[17:52:39] Mrmapl3syrup (uuid: b3f11e18-ff16-45fe-85b7-bb69e73fb17c): nvm
[17:52:40] Mrmapl3syrup (uuid: b3f11e18-ff16-45fe-85b7-bb69e73fb17c): im dumb
[17:52:49] Mrmapl3syrup (uuid: b3f11e18-ff16-45fe-85b7-bb69e73fb17c): yeah his nick name is shorty in game
[17:52:59] Mrmapl3syrup (uuid: b3f11e18-ff16-45fe-85b7-bb69e73fb17c): he was the person who threw copies of ram ranch everywhere
[17:53:10] JohnProdman (uuid: 4150cd4b-a415-4298-bdc7-c9e330b466cc): ur mum
[17:54:55] Mrmapl3syrup (uuid: b3f11e18-ff16-45fe-85b7-bb69e73fb17c): i just got swarmed by 10+ zombies lol
[17:55:22] JohnProdman (uuid: 4150cd4b-a415-4298-bdc7-c9e330b466cc): why wont trees drop apples
[17:55:28] Mrmapl3syrup (uuid: b3f11e18-ff16-45fe-85b7-bb69e73fb17c): why do you need an apple
[17:55:34] JohnProdman (uuid: 4150cd4b-a415-4298-bdc7-c9e330b466cc): makes gaps sell to shorty
[17:55:37] Mrmapl3syrup (uuid: b3f11e18-ff16-45fe-85b7-bb69e73fb17c): oooh
[17:56:50] Mrmapl3syrup (uuid: b3f11e18-ff16-45fe-85b7-bb69e73fb17c): anyone want a free shulker box
[17:56:51] JohnProdman (uuid: 4150cd4b-a415-4298-bdc7-c9e330b466cc): What kinds of trees drop apples
[17:57:01] Mrmapl3syrup (uuid: b3f11e18-ff16-45fe-85b7-bb69e73fb17c): i think only oak
[17:57:27] PiranhaBoy (uuid: 068bfb61-fb8a-4553-8305-2af64537cadb): does the end portal have a warp
[17:57:33] Mrmapl3syrup (uuid: b3f11e18-ff16-45fe-85b7-bb69e73fb17c): nah but I can tp u thee
[17:57:35] Mrmapl3syrup (uuid: b3f11e18-ff16-45fe-85b7-bb69e73fb17c): there
[17:57:42] Mrmapl3syrup (uuid: b3f11e18-ff16-45fe-85b7-bb69e73fb17c): and I could set one
[17:57:48] PiranhaBoy (uuid: 068bfb61-fb8a-4553-8305-2af64537cadb): yea plz set one
[17:57:56] Mrmapl3syrup (uuid: b3f11e18-ff16-45fe-85b7-bb69e73fb17c): kk
[17:58:01] JohnProdman (uuid: 4150cd4b-a415-4298-bdc7-c9e330b466cc): can u set a warp to the middle of james's home
[17:58:06] JohnProdman (uuid: 4150cd4b-a415-4298-bdc7-c9e330b466cc): Shit i mean colmagi
[17:58:53] Mrmapl3syrup (uuid: b3f11e18-ff16-45fe-85b7-bb69e73fb17c): first I need to refind the end portal lol
[18:00:58] Mrmapl3syrup (uuid: b3f11e18-ff16-45fe-85b7-bb69e73fb17c): the warp name is enderportal
[18:01:05] PiranhaBoy (uuid: 068bfb61-fb8a-4553-8305-2af64537cadb): aight thanks
[18:01:09] Paul_Resmer (uuid: 7718f2d7-90cf-49d6-a1d9-8cf4d236ba82): give us permissions to set warps
[18:01:15] Mrmapl3syrup (uuid: b3f11e18-ff16-45fe-85b7-bb69e73fb17c): no
[18:01:24] Paul_Resmer (uuid: 7718f2d7-90cf-49d6-a1d9-8cf4d236ba82): cunt fuck
[18:01:27] Paul_Resmer (uuid: 7718f2d7-90cf-49d6-a1d9-8cf4d236ba82): nigger lover
[18:01:37] Mrmapl3syrup (uuid: b3f11e18-ff16-45fe-85b7-bb69e73fb17c):  i dont want a million warps
[18:01:45] Hubert6194 (uuid: 1ae76006-6711-4e06-9e89-a7e9a547fbfd): holy this is trippy
[18:01:46] Mrmapl3syrup (uuid: b3f11e18-ff16-45fe-85b7-bb69e73fb17c): if you need a place to tp to just use /sethome
[18:01:51] Mrmapl3syrup (uuid: b3f11e18-ff16-45fe-85b7-bb69e73fb17c): you can have 2
[18:01:51] Paul_Resmer (uuid: 7718f2d7-90cf-49d6-a1d9-8cf4d236ba82): ok then give us perms to set multiple homes
[18:01:55] Paul_Resmer (uuid: 7718f2d7-90cf-49d6-a1d9-8cf4d236ba82): indicidual
[18:01:59] Paul_Resmer (uuid: 7718f2d7-90cf-49d6-a1d9-8cf4d236ba82): wait how do u set 2
[18:02:07] Mrmapl3syrup (uuid: b3f11e18-ff16-45fe-85b7-bb69e73fb17c): do /sethome (name)
[18:02:16] Hubert6194 (uuid: 1ae76006-6711-4e06-9e89-a7e9a547fbfd): wtf u can do that
[18:02:17] Hubert6194 (uuid: 1ae76006-6711-4e06-9e89-a7e9a547fbfd): holy
[18:02:24] Paul_Resmer (uuid: 7718f2d7-90cf-49d6-a1d9-8cf4d236ba82): error: u cannot set more than 1 homes
[18:02:28] Mrmapl3syrup (uuid: b3f11e18-ff16-45fe-85b7-bb69e73fb17c): oh
[18:02:30] Mrmapl3syrup (uuid: b3f11e18-ff16-45fe-85b7-bb69e73fb17c): well nvm
[18:02:42] Mrmapl3syrup (uuid: b3f11e18-ff16-45fe-85b7-bb69e73fb17c): i suggest colmagi to make ranks based on play time
[18:02:47] Mrmapl3syrup (uuid: b3f11e18-ff16-45fe-85b7-bb69e73fb17c): which would give more homes and stuff
[18:02:49] Mrmapl3syrup (uuid: b3f11e18-ff16-45fe-85b7-bb69e73fb17c): but he gay
[18:03:29] Mrmapl3syrup (uuid: b3f11e18-ff16-45fe-85b7-bb69e73fb17c): i thought u guys were heading to the end lol
[18:03:41] Paul_Resmer (uuid: 7718f2d7-90cf-49d6-a1d9-8cf4d236ba82): and i thought u were a good admin lol
[18:03:48] Mrmapl3syrup (uuid: b3f11e18-ff16-45fe-85b7-bb69e73fb17c): tf u want from me
[18:03:50] PiranhaBoy (uuid: 068bfb61-fb8a-4553-8305-2af64537cadb): e
[18:03:53] Mrmapl3syrup (uuid: b3f11e18-ff16-45fe-85b7-bb69e73fb17c): i cant do anything I dont have the console
[18:04:16] Mrmapl3syrup (uuid: b3f11e18-ff16-45fe-85b7-bb69e73fb17c): all I can do is in game commands
[18:04:40] Paul_Resmer (uuid: 7718f2d7-90cf-49d6-a1d9-8cf4d236ba82): /give paul_resmer cmd block
[18:04:49] Mrmapl3syrup (uuid: b3f11e18-ff16-45fe-85b7-bb69e73fb17c): im not giving you a command block LOL
[18:05:25] Mrmapl3syrup (uuid: b3f11e18-ff16-45fe-85b7-bb69e73fb17c): if you really want more homes and stuff go complain to colmagi not me
[18:05:34] Mrmapl3syrup (uuid: b3f11e18-ff16-45fe-85b7-bb69e73fb17c): i already told him to add more homes lul
[18:11:08] ben_shapiro2020 (uuid: 893a6ed2-6228-4554-a52c-fbaed0f96c6e): some1 gimmie stained glass
[18:11:15] Mrmapl3syrup (uuid: b3f11e18-ff16-45fe-85b7-bb69e73fb17c): i have normal glass
[18:11:37] Mrmapl3syrup (uuid: b3f11e18-ff16-45fe-85b7-bb69e73fb17c): also i fixed ur farm
[18:12:26] Mrmapl3syrup (uuid: b3f11e18-ff16-45fe-85b7-bb69e73fb17c): who tf built the giant netherack thing in the sky lol
[18:15:41] Paul_Resmer (uuid: 7718f2d7-90cf-49d6-a1d9-8cf4d236ba82): 1v1
[18:15:50] ben_shapiro2020 (uuid: 893a6ed2-6228-4554-a52c-fbaed0f96c6e): ull lose
[18:15:52] Hubert6194 (uuid: 1ae76006-6711-4e06-9e89-a7e9a547fbfd): ay ez
[18:15:53] Paul_Resmer (uuid: 7718f2d7-90cf-49d6-a1d9-8cf4d236ba82): ok
[18:15:58] PiranhaBoy (uuid: 068bfb61-fb8a-4553-8305-2af64537cadb): ez
[18:15:58] Mrmapl3syrup (uuid: b3f11e18-ff16-45fe-85b7-bb69e73fb17c): yeet
[18:16:17] Paul_Resmer (uuid: 7718f2d7-90cf-49d6-a1d9-8cf4d236ba82): 1v1
[18:16:20] Paul_Resmer (uuid: 7718f2d7-90cf-49d6-a1d9-8cf4d236ba82): unless ur scared
[18:16:29] Hubert6194 (uuid: 1ae76006-6711-4e06-9e89-a7e9a547fbfd): ./warp pvp
[18:16:33] Hubert6194 (uuid: 1ae76006-6711-4e06-9e89-a7e9a547fbfd): everyone
[18:16:38] Mrmapl3syrup (uuid: b3f11e18-ff16-45fe-85b7-bb69e73fb17c): oh fuck that LOL
[18:16:52] ben_shapiro2020 (uuid: 893a6ed2-6228-4554-a52c-fbaed0f96c6e): i need armor and a sword
[18:17:02] Mrmapl3syrup (uuid: b3f11e18-ff16-45fe-85b7-bb69e73fb17c): dont you have like a shit ton of diamonds
[18:17:10] ben_shapiro2020 (uuid: 893a6ed2-6228-4554-a52c-fbaed0f96c6e): i used them for my floor
[18:17:16] Mrmapl3syrup (uuid: b3f11e18-ff16-45fe-85b7-bb69e73fb17c): oh
[18:17:17] ben_shapiro2020 (uuid: 893a6ed2-6228-4554-a52c-fbaed0f96c6e): and beacon base
[18:17:23] Hubert6194 (uuid: 1ae76006-6711-4e06-9e89-a7e9a547fbfd): wtf
[18:17:41] PiranhaBoy (uuid: 068bfb61-fb8a-4553-8305-2af64537cadb): can someone give me 17 iron
[18:17:58] Mrmapl3syrup (uuid: b3f11e18-ff16-45fe-85b7-bb69e73fb17c): i can give you a stack of 64 iron blocks if you want
[18:18:03] Mrmapl3syrup (uuid: b3f11e18-ff16-45fe-85b7-bb69e73fb17c): i have a shit ton of iron
[18:18:05] PiranhaBoy (uuid: 068bfb61-fb8a-4553-8305-2af64537cadb): yea any amount
[18:18:07] Paul_Resmer (uuid: 7718f2d7-90cf-49d6-a1d9-8cf4d236ba82): give me
[18:18:32] Mrmapl3syrup (uuid: b3f11e18-ff16-45fe-85b7-bb69e73fb17c): i just got 15 because it was the lowest stack lul
[18:18:47] PiranhaBoy (uuid: 068bfb61-fb8a-4553-8305-2af64537cadb): wtf ur stacked on iron
[18:18:51] Mrmapl3syrup (uuid: b3f11e18-ff16-45fe-85b7-bb69e73fb17c): yeah
[18:19:02] Mrmapl3syrup (uuid: b3f11e18-ff16-45fe-85b7-bb69e73fb17c): i have been playign since liek the beginning of the server
[18:19:27] Mrmapl3syrup (uuid: b3f11e18-ff16-45fe-85b7-bb69e73fb17c): which was like 2 years ago until he shut down the server
[18:20:24] Mrmapl3syrup (uuid: b3f11e18-ff16-45fe-85b7-bb69e73fb17c): anyone wanna see auschvitz
[18:20:29] Paul_Resmer (uuid: 7718f2d7-90cf-49d6-a1d9-8cf4d236ba82): gimme iron nigger
[18:20:34] Paul_Resmer (uuid: 7718f2d7-90cf-49d6-a1d9-8cf4d236ba82): gimme iron faggot
[18:21:00] Paul_Resmer (uuid: 7718f2d7-90cf-49d6-a1d9-8cf4d236ba82): :(
[18:21:07] Mrmapl3syrup (uuid: b3f11e18-ff16-45fe-85b7-bb69e73fb17c): dont u have like xray
[18:21:13] Paul_Resmer (uuid: 7718f2d7-90cf-49d6-a1d9-8cf4d236ba82): wtf
[18:21:13] Mrmapl3syrup (uuid: b3f11e18-ff16-45fe-85b7-bb69e73fb17c): just go see through the ground and get iron
[18:21:28] Paul_Resmer (uuid: 7718f2d7-90cf-49d6-a1d9-8cf4d236ba82): hacker
[18:21:34] Mrmapl3syrup (uuid: b3f11e18-ff16-45fe-85b7-bb69e73fb17c): hecker
[18:21:59] Paul_Resmer (uuid: 7718f2d7-90cf-49d6-a1d9-8cf4d236ba82): are there any like black door
[18:22:02] Mrmapl3syrup (uuid: b3f11e18-ff16-45fe-85b7-bb69e73fb17c): i have a similar house to this I built a while back
[18:22:04] Mrmapl3syrup (uuid: b3f11e18-ff16-45fe-85b7-bb69e73fb17c): dark oak
[18:22:08] Paul_Resmer (uuid: 7718f2d7-90cf-49d6-a1d9-8cf4d236ba82): looks shit
[18:22:08] Hubert6194 (uuid: 1ae76006-6711-4e06-9e89-a7e9a547fbfd): does anyone have lapus lapussy
[18:22:14] Mrmapl3syrup (uuid: b3f11e18-ff16-45fe-85b7-bb69e73fb17c): i have a shit ton
[18:22:18] Hubert6194 (uuid: 1ae76006-6711-4e06-9e89-a7e9a547fbfd): hmu
[18:22:31] Mrmapl3syrup (uuid: b3f11e18-ff16-45fe-85b7-bb69e73fb17c): how much do you need
[18:22:37] Hubert6194 (uuid: 1ae76006-6711-4e06-9e89-a7e9a547fbfd): uh idk a stack prob enough
[18:22:41] Mrmapl3syrup (uuid: b3f11e18-ff16-45fe-85b7-bb69e73fb17c): k
[18:22:48] Hubert6194 (uuid: 1ae76006-6711-4e06-9e89-a7e9a547fbfd): thx
[18:23:20] Mrmapl3syrup (uuid: b3f11e18-ff16-45fe-85b7-bb69e73fb17c): these two are black i guess
[18:23:22] Paul_Resmer (uuid: 7718f2d7-90cf-49d6-a1d9-8cf4d236ba82): gimme jgl
[18:23:47] Paul_Resmer (uuid: 7718f2d7-90cf-49d6-a1d9-8cf4d236ba82): acaicai?
[18:24:08] Paul_Resmer (uuid: 7718f2d7-90cf-49d6-a1d9-8cf4d236ba82): can i just have a shit ton of acacia wood
[18:24:11] Paul_Resmer (uuid: 7718f2d7-90cf-49d6-a1d9-8cf4d236ba82): theres none in this world
[18:24:19] Mrmapl3syrup (uuid: b3f11e18-ff16-45fe-85b7-bb69e73fb17c): yea their is but its p far away
[18:24:22] Mrmapl3syrup (uuid: b3f11e18-ff16-45fe-85b7-bb69e73fb17c): i think I may have some
[18:24:22] Mrmapl3syrup (uuid: b3f11e18-ff16-45fe-85b7-bb69e73fb17c): brb
[18:24:23] Paul_Resmer (uuid: 7718f2d7-90cf-49d6-a1d9-8cf4d236ba82): oh shit rly
[18:24:29] Mrmapl3syrup (uuid: b3f11e18-ff16-45fe-85b7-bb69e73fb17c): yea
[18:24:34] Paul_Resmer (uuid: 7718f2d7-90cf-49d6-a1d9-8cf4d236ba82): cant u just spawn some in
[18:24:34] Mrmapl3syrup (uuid: b3f11e18-ff16-45fe-85b7-bb69e73fb17c): across an ocean or someting tho
[18:24:38] Mrmapl3syrup (uuid: b3f11e18-ff16-45fe-85b7-bb69e73fb17c): yea i will lo
[18:24:40] Paul_Resmer (uuid: 7718f2d7-90cf-49d6-a1d9-8cf4d236ba82): wtf
[18:24:46] Hubert6194 (uuid: 1ae76006-6711-4e06-9e89-a7e9a547fbfd): wtf
[18:24:53] Mrmapl3syrup (uuid: b3f11e18-ff16-45fe-85b7-bb69e73fb17c): oof
[18:24:54] Paul_Resmer (uuid: 7718f2d7-90cf-49d6-a1d9-8cf4d236ba82): so is there jgs too?
[18:25:01] Mrmapl3syrup (uuid: b3f11e18-ff16-45fe-85b7-bb69e73fb17c): took me like
[18:25:04] Mrmapl3syrup (uuid: b3f11e18-ff16-45fe-85b7-bb69e73fb17c): a million years to find a jungle
[18:25:16] Mrmapl3syrup (uuid: b3f11e18-ff16-45fe-85b7-bb69e73fb17c): get back here nig
[18:25:21] PiranhaBoy (uuid: 068bfb61-fb8a-4553-8305-2af64537cadb): great
[18:25:24] PiranhaBoy (uuid: 068bfb61-fb8a-4553-8305-2af64537cadb): good job
[18:25:29] PiranhaBoy (uuid: 068bfb61-fb8a-4553-8305-2af64537cadb): pushing me off the edge
[18:25:33] PiranhaBoy (uuid: 068bfb61-fb8a-4553-8305-2af64537cadb): when i was
[18:25:34] Paul_Resmer (uuid: 7718f2d7-90cf-49d6-a1d9-8cf4d236ba82): what a nice man
[18:25:34] Mrmapl3syrup (uuid: b3f11e18-ff16-45fe-85b7-bb69e73fb17c): oof
[18:25:39] Paul_Resmer (uuid: 7718f2d7-90cf-49d6-a1d9-8cf4d236ba82): thanku sir
[18:25:43] Mrmapl3syrup (uuid: b3f11e18-ff16-45fe-85b7-bb69e73fb17c): u r welcome
[18:25:51] PiranhaBoy (uuid: 068bfb61-fb8a-4553-8305-2af64537cadb):  about to make you a fucking exp farm
[18:26:02] PiranhaBoy (uuid: 068bfb61-fb8a-4553-8305-2af64537cadb): and just push me off the world great
[18:26:08] PiranhaBoy (uuid: 068bfb61-fb8a-4553-8305-2af64537cadb): good job guys!
[18:26:52] PiranhaBoy (uuid: 068bfb61-fb8a-4553-8305-2af64537cadb): can i have a stack of iron blocks againlmao
[18:26:57] Mrmapl3syrup (uuid: b3f11e18-ff16-45fe-85b7-bb69e73fb17c): wihaiwfhfh
[18:27:03] Mrmapl3syrup (uuid: b3f11e18-ff16-45fe-85b7-bb69e73fb17c): il give you a stack of normal iron
[18:27:23] Hubert6194 (uuid: 1ae76006-6711-4e06-9e89-a7e9a547fbfd): nigga holy shit nigga was jut sitting around then heard a defeaning pop nigga thought these niggas were out to get me nigga thought that pop was a shot nigga then realized it was jut orange juice container poppin back to shape nigga
[18:27:25] Hubert6194 (uuid: 1ae76006-6711-4e06-9e89-a7e9a547fbfd): nigga holy shit nigga was jut sitting around then heard a defeaning pop nigga thought these niggas were out to get me nigga thought that pop was a shot nigga then realized it was jut orange juice container poppin back to shape nigga
[18:27:29] PiranhaBoy (uuid: 068bfb61-fb8a-4553-8305-2af64537cadb): kk thanks
[18:27:36] Mrmapl3syrup (uuid: b3f11e18-ff16-45fe-85b7-bb69e73fb17c): hubert wtf LOL
[18:27:55] Hubert6194 (uuid: 1ae76006-6711-4e06-9e89-a7e9a547fbfd): 
[18:28:12] PiranhaBoy (uuid: 068bfb61-fb8a-4553-8305-2af64537cadb):  this is why niggers belong in a gulag
[18:28:21] PiranhaBoy (uuid: 068bfb61-fb8a-4553-8305-2af64537cadb): this is why hubert belongs in a gulag
[18:28:26] Hubert6194 (uuid: 1ae76006-6711-4e06-9e89-a7e9a547fbfd): ay ez
[18:28:26] Mrmapl3syrup (uuid: b3f11e18-ff16-45fe-85b7-bb69e73fb17c): niglag
[18:28:31] PiranhaBoy (uuid: 068bfb61-fb8a-4553-8305-2af64537cadb): 
[18:28:37] PiranhaBoy (uuid: 068bfb61-fb8a-4553-8305-2af64537cadb): im raiding ur house agai
[18:28:53] Hubert6194 (uuid: 1ae76006-6711-4e06-9e89-a7e9a547fbfd): i got no hosue
[18:29:03] PiranhaBoy (uuid: 068bfb61-fb8a-4553-8305-2af64537cadb): k im raiding matthew and ethan again
[18:29:04] Paul_Resmer (uuid: 7718f2d7-90cf-49d6-a1d9-8cf4d236ba82): wait is there such thing as a white control pad
[18:29:07] PiranhaBoy (uuid: 068bfb61-fb8a-4553-8305-2af64537cadb): and its ur fault
[18:29:09] bryantandpat (uuid: 7961a874-c35f-4f34-a0d1-37205c235291): wtff agaub
[18:29:11] Paul_Resmer (uuid: 7718f2d7-90cf-49d6-a1d9-8cf4d236ba82): pressure plate
[18:29:12] Hubert6194 (uuid: 1ae76006-6711-4e06-9e89-a7e9a547fbfd): ez
[18:29:14] Mrmapl3syrup (uuid: b3f11e18-ff16-45fe-85b7-bb69e73fb17c): yeah
[18:29:17] Mrmapl3syrup (uuid: b3f11e18-ff16-45fe-85b7-bb69e73fb17c): iron pressure plate
[18:29:19] Paul_Resmer (uuid: 7718f2d7-90cf-49d6-a1d9-8cf4d236ba82): oh iron
[18:29:19] bryantandpat (uuid: 7961a874-c35f-4f34-a0d1-37205c235291):  i claimed everything
[18:29:21] Paul_Resmer (uuid: 7718f2d7-90cf-49d6-a1d9-8cf4d236ba82): yeah ur ight
[18:29:34] Mrmapl3syrup (uuid: b3f11e18-ff16-45fe-85b7-bb69e73fb17c): im pretty sure you can buy claim blocks btw
[18:29:48] PiranhaBoy (uuid: 068bfb61-fb8a-4553-8305-2af64537cadb): ill claim all the land around their claim then
[18:29:53] Hubert6194 (uuid: 1ae76006-6711-4e06-9e89-a7e9a547fbfd): LMFAO
[18:29:55] PiranhaBoy (uuid: 068bfb61-fb8a-4553-8305-2af64537cadb): and then put lave around it
[18:29:55] bryantandpat (uuid: 7961a874-c35f-4f34-a0d1-37205c235291):  jeos what did i do
[18:30:05] PiranhaBoy (uuid: 068bfb61-fb8a-4553-8305-2af64537cadb): hubert pushed me off the edge
[18:30:07] Hubert6194 (uuid: 1ae76006-6711-4e06-9e89-a7e9a547fbfd): false
[18:30:07] Mrmapl3syrup (uuid: b3f11e18-ff16-45fe-85b7-bb69e73fb17c): yeah if you do /buyclaimblocks you can buy claim blocks
[18:30:08] PiranhaBoy (uuid: 068bfb61-fb8a-4553-8305-2af64537cadb): in the end
[18:30:11] bryantandpat (uuid: 7961a874-c35f-4f34-a0d1-37205c235291):  not my fault
[18:30:15] Hubert6194 (uuid: 1ae76006-6711-4e06-9e89-a7e9a547fbfd):  ay ez
[18:30:19] PiranhaBoy (uuid: 068bfb61-fb8a-4553-8305-2af64537cadb): when hubert makes house then
[18:30:24] Hubert6194 (uuid: 1ae76006-6711-4e06-9e89-a7e9a547fbfd): lmfao what did u have
[18:30:25] Hubert6194 (uuid: 1ae76006-6711-4e06-9e89-a7e9a547fbfd):  on u
[18:30:30] Mrmapl3syrup (uuid: b3f11e18-ff16-45fe-85b7-bb69e73fb17c): 15 iron blocks
[18:30:34] Hubert6194 (uuid: 1ae76006-6711-4e06-9e89-a7e9a547fbfd): is that all
[18:30:37] PiranhaBoy (uuid: 068bfb61-fb8a-4553-8305-2af64537cadb): all the blocks i was gna use to make a exp farm
[18:30:44] Mrmapl3syrup (uuid: b3f11e18-ff16-45fe-85b7-bb69e73fb17c): oofed
[18:30:56] Hubert6194 (uuid: 1ae76006-6711-4e06-9e89-a7e9a547fbfd): just get some more from maple ;)
[18:31:03] Mrmapl3syrup (uuid: b3f11e18-ff16-45fe-85b7-bb69e73fb17c): they already did lul
[18:31:06] PiranhaBoy (uuid: 068bfb61-fb8a-4553-8305-2af64537cadb): lmao
[18:31:25] Hubert6194 (uuid: 1ae76006-6711-4e06-9e89-a7e9a547fbfd): black blizzard
[18:31:29] Hubert6194 (uuid: 1ae76006-6711-4e06-9e89-a7e9a547fbfd): blizzard of niggeres
[18:31:42] Hubert6194 (uuid: 1ae76006-6711-4e06-9e89-a7e9a547fbfd): shit art proj due tomorrow not even 10% done
[18:31:44] Hubert6194 (uuid: 1ae76006-6711-4e06-9e89-a7e9a547fbfd): later
[18:32:21] Mrmapl3syrup (uuid: b3f11e18-ff16-45fe-85b7-bb69e73fb17c): no niggers in my house
[18:32:55] PiranhaBoy (uuid: 068bfb61-fb8a-4553-8305-2af64537cadb): wait can i get 32 iron i need some hoppers
[18:33:10] Mrmapl3syrup (uuid: b3f11e18-ff16-45fe-85b7-bb69e73fb17c): big yeet
[18:33:48] Mrmapl3syrup (uuid: b3f11e18-ff16-45fe-85b7-bb69e73fb17c): dab
[18:34:01] PiranhaBoy (uuid: 068bfb61-fb8a-4553-8305-2af64537cadb): i was like isnt that me
[18:34:25] PiranhaBoy (uuid: 068bfb61-fb8a-4553-8305-2af64537cadb): thank you sire
[18:35:19] Mrmapl3syrup (uuid: b3f11e18-ff16-45fe-85b7-bb69e73fb17c): heck
[18:35:55] PiranhaBoy (uuid: 068bfb61-fb8a-4553-8305-2af64537cadb): do you guys have string by chance
[18:36:03] Mrmapl3syrup (uuid: b3f11e18-ff16-45fe-85b7-bb69e73fb17c): yes i have alot of string
[18:36:09] PiranhaBoy (uuid: 068bfb61-fb8a-4553-8305-2af64537cadb): can i get 50 lmao
[18:36:22] PiranhaBoy (uuid: 068bfb61-fb8a-4553-8305-2af64537cadb): supposed to keep endermites from spawning
[18:36:37] PiranhaBoy (uuid: 068bfb61-fb8a-4553-8305-2af64537cadb): litty
[18:36:46] PiranhaBoy (uuid: 068bfb61-fb8a-4553-8305-2af64537cadb): brb 30 mins
[18:36:47] Mrmapl3syrup (uuid: b3f11e18-ff16-45fe-85b7-bb69e73fb17c): big yeet
[18:40:22] Mrmapl3syrup (uuid: b3f11e18-ff16-45fe-85b7-bb69e73fb17c): god hates furries
[18:40:32] Mrmapl3syrup (uuid: b3f11e18-ff16-45fe-85b7-bb69e73fb17c): ur house has gone to shit ngl
[18:40:33] Paul_Resmer (uuid: 7718f2d7-90cf-49d6-a1d9-8cf4d236ba82): abortion
[18:40:40] Mrmapl3syrup (uuid: b3f11e18-ff16-45fe-85b7-bb69e73fb17c): also i fixed ur fuckin farm
[18:42:39] Mrmapl3syrup (uuid: b3f11e18-ff16-45fe-85b7-bb69e73fb17c):  §1 niggers
[18:43:00] Mrmapl3syrup (uuid: b3f11e18-ff16-45fe-85b7-bb69e73fb17c):  §2 gas all jews
[18:43:21] Mrmapl3syrup (uuid: b3f11e18-ff16-45fe-85b7-bb69e73fb17c): anyone want a free legendary kit
[18:43:26] bryantandpat (uuid: 7961a874-c35f-4f34-a0d1-37205c235291):  ye
[18:43:26] Paul_Resmer (uuid: 7718f2d7-90cf-49d6-a1d9-8cf4d236ba82): me
[18:43:45] Mrmapl3syrup (uuid: b3f11e18-ff16-45fe-85b7-bb69e73fb17c): get back here gay
[18:43:51] Mrmapl3syrup (uuid: b3f11e18-ff16-45fe-85b7-bb69e73fb17c): quit running
[18:44:04] Mrmapl3syrup (uuid: b3f11e18-ff16-45fe-85b7-bb69e73fb17c): lemme give u shit
[18:44:23] bryantandpat (uuid: 7961a874-c35f-4f34-a0d1-37205c235291):  kk thx
[18:44:49] Paul_Resmer (uuid: 7718f2d7-90cf-49d6-a1d9-8cf4d236ba82): hi
[18:44:52] Mrmapl3syrup (uuid: b3f11e18-ff16-45fe-85b7-bb69e73fb17c): think im gonna yeet soon
[18:44:55] Paul_Resmer (uuid: 7718f2d7-90cf-49d6-a1d9-8cf4d236ba82): yeet
[18:45:19] Mrmapl3syrup (uuid: b3f11e18-ff16-45fe-85b7-bb69e73fb17c): also their is a warp to the end btw
[18:45:42] Mrmapl3syrup (uuid: b3f11e18-ff16-45fe-85b7-bb69e73fb17c): the warp is /warp enderportal
[18:47:57] PiranhaBoy (uuid: 068bfb61-fb8a-4553-8305-2af64537cadb): gimme ten glass
[18:51:14] bryantandpat (uuid: 7961a874-c35f-4f34-a0d1-37205c235291):  s
[18:51:59] Paul_Resmer (uuid: 7718f2d7-90cf-49d6-a1d9-8cf4d236ba82): slime
[18:52:06] Mrmapl3syrup (uuid: b3f11e18-ff16-45fe-85b7-bb69e73fb17c): LOL
[18:52:10] Paul_Resmer (uuid: 7718f2d7-90cf-49d6-a1d9-8cf4d236ba82): wtf lol
[18:52:12] PiranhaBoy (uuid: 068bfb61-fb8a-4553-8305-2af64537cadb): WHAT THE FUCK
[18:52:16] Paul_Resmer (uuid: 7718f2d7-90cf-49d6-a1d9-8cf4d236ba82): keep the little
[18:52:19] Paul_Resmer (uuid: 7718f2d7-90cf-49d6-a1d9-8cf4d236ba82): keep the lil one
[18:52:21] PiranhaBoy (uuid: 068bfb61-fb8a-4553-8305-2af64537cadb): JUST SPAWNED ON ME
[18:52:26] PiranhaBoy (uuid: 068bfb61-fb8a-4553-8305-2af64537cadb): NAME TAG HIM
[18:52:40] Mrmapl3syrup (uuid: b3f11e18-ff16-45fe-85b7-bb69e73fb17c): now u have a pet slime
[18:52:53] PiranhaBoy (uuid: 068bfb61-fb8a-4553-8305-2af64537cadb): can you gimme a name tag for him
[18:53:00] Mrmapl3syrup (uuid: b3f11e18-ff16-45fe-85b7-bb69e73fb17c): sure in a minute
[18:53:01] Paul_Resmer (uuid: 7718f2d7-90cf-49d6-a1d9-8cf4d236ba82): whered my name tag go
[18:53:08] PiranhaBoy (uuid: 068bfb61-fb8a-4553-8305-2af64537cadb): actually 2
[18:53:39] Paul_Resmer (uuid: 7718f2d7-90cf-49d6-a1d9-8cf4d236ba82): name them happy and hoppy
[18:54:00] Paul_Resmer (uuid: 7718f2d7-90cf-49d6-a1d9-8cf4d236ba82): lol
[18:54:10] Paul_Resmer (uuid: 7718f2d7-90cf-49d6-a1d9-8cf4d236ba82): just jump
[18:54:12] Paul_Resmer (uuid: 7718f2d7-90cf-49d6-a1d9-8cf4d236ba82): jump out
[18:54:17] Paul_Resmer (uuid: 7718f2d7-90cf-49d6-a1d9-8cf4d236ba82): QWTF
[18:54:22] PiranhaBoy (uuid: 068bfb61-fb8a-4553-8305-2af64537cadb): wtf
[18:54:36] Mrmapl3syrup (uuid: b3f11e18-ff16-45fe-85b7-bb69e73fb17c): its raining jews
[18:54:37] Mrmapl3syrup (uuid: b3f11e18-ff16-45fe-85b7-bb69e73fb17c): amen
[18:54:43] PiranhaBoy (uuid: 068bfb61-fb8a-4553-8305-2af64537cadb): i coulda put those in my jew chamber
[18:54:55] Paul_Resmer (uuid: 7718f2d7-90cf-49d6-a1d9-8cf4d236ba82): put a slime block
[18:54:57] Paul_Resmer (uuid: 7718f2d7-90cf-49d6-a1d9-8cf4d236ba82): there
[18:55:44] Mrmapl3syrup (uuid: b3f11e18-ff16-45fe-85b7-bb69e73fb17c): does anyone want it to rain something
[18:55:50] PiranhaBoy (uuid: 068bfb61-fb8a-4553-8305-2af64537cadb): name tags lmao
[18:55:54] Mrmapl3syrup (uuid: b3f11e18-ff16-45fe-85b7-bb69e73fb17c): fine u cuck
[18:55:58] PiranhaBoy (uuid: 068bfb61-fb8a-4553-8305-2af64537cadb): gotem
[18:56:06] PiranhaBoy (uuid: 068bfb61-fb8a-4553-8305-2af64537cadb): rain niggers
[18:56:09] Mrmapl3syrup (uuid: b3f11e18-ff16-45fe-85b7-bb69e73fb17c): go grab em they are on the roof
[18:56:11] Mrmapl3syrup (uuid: b3f11e18-ff16-45fe-85b7-bb69e73fb17c): niggers you ask for
[18:56:12] Mrmapl3syrup (uuid: b3f11e18-ff16-45fe-85b7-bb69e73fb17c): aight
[18:56:22] Paul_Resmer (uuid: 7718f2d7-90cf-49d6-a1d9-8cf4d236ba82): xd
[18:56:27] PiranhaBoy (uuid: 068bfb61-fb8a-4553-8305-2af64537cadb): e
[18:56:54] Mrmapl3syrup (uuid: b3f11e18-ff16-45fe-85b7-bb69e73fb17c): their are ur niggers
[18:57:17] PiranhaBoy (uuid: 068bfb61-fb8a-4553-8305-2af64537cadb): i got hoppy
[18:57:20] PiranhaBoy (uuid: 068bfb61-fb8a-4553-8305-2af64537cadb): make a happy
[18:58:14] PiranhaBoy (uuid: 068bfb61-fb8a-4553-8305-2af64537cadb): make another one called nigger for me
[18:59:01] Mrmapl3syrup (uuid: b3f11e18-ff16-45fe-85b7-bb69e73fb17c): u have to crouch
[18:59:06] Mrmapl3syrup (uuid: b3f11e18-ff16-45fe-85b7-bb69e73fb17c): and wait for them to walk up to you
[18:59:12] PiranhaBoy (uuid: 068bfb61-fb8a-4553-8305-2af64537cadb): got no fish
[18:59:36] Mrmapl3syrup (uuid: b3f11e18-ff16-45fe-85b7-bb69e73fb17c): u need to walk away
[18:59:44] Mrmapl3syrup (uuid: b3f11e18-ff16-45fe-85b7-bb69e73fb17c): and wait for them to come to you while crouched
[18:59:55] PiranhaBoy (uuid: 068bfb61-fb8a-4553-8305-2af64537cadb): LOL
[19:00:02] Mrmapl3syrup (uuid: b3f11e18-ff16-45fe-85b7-bb69e73fb17c): ima get new ones dont worry
[19:00:09] Mrmapl3syrup (uuid: b3f11e18-ff16-45fe-85b7-bb69e73fb17c): dont spook them
[19:00:24] Mrmapl3syrup (uuid: b3f11e18-ff16-45fe-85b7-bb69e73fb17c): get over here gay nigga
[19:00:33] Mrmapl3syrup (uuid: b3f11e18-ff16-45fe-85b7-bb69e73fb17c): LOL
[19:00:39] Mrmapl3syrup (uuid: b3f11e18-ff16-45fe-85b7-bb69e73fb17c): ur fuckin retarded paul
[19:00:55] Mrmapl3syrup (uuid: b3f11e18-ff16-45fe-85b7-bb69e73fb17c): when they start coming towards you dont move
[19:02:01] Mrmapl3syrup (uuid: b3f11e18-ff16-45fe-85b7-bb69e73fb17c): have a zombie horse
[19:02:16] Paul_Resmer (uuid: 7718f2d7-90cf-49d6-a1d9-8cf4d236ba82): watn cat
[19:02:46] Paul_Resmer (uuid: 7718f2d7-90cf-49d6-a1d9-8cf4d236ba82): WTGF
[19:02:48] Paul_Resmer (uuid: 7718f2d7-90cf-49d6-a1d9-8cf4d236ba82): FUCK
[19:02:51] PiranhaBoy (uuid: 068bfb61-fb8a-4553-8305-2af64537cadb): mine bitch
[19:02:52] Paul_Resmer (uuid: 7718f2d7-90cf-49d6-a1d9-8cf4d236ba82): GIMME A C AT
[19:02:54] Mrmapl3syrup (uuid: b3f11e18-ff16-45fe-85b7-bb69e73fb17c): LOL
[19:02:58] Mrmapl3syrup (uuid: b3f11e18-ff16-45fe-85b7-bb69e73fb17c): there isone outside
[19:03:08] Mrmapl3syrup (uuid: b3f11e18-ff16-45fe-85b7-bb69e73fb17c): over here
[19:03:21] PiranhaBoy (uuid: 068bfb61-fb8a-4553-8305-2af64537cadb): see
[19:03:26] PiranhaBoy (uuid: 068bfb61-fb8a-4553-8305-2af64537cadb): mine is the superior color
[19:03:32] Paul_Resmer (uuid: 7718f2d7-90cf-49d6-a1d9-8cf4d236ba82): FUCK
[19:03:34] Mrmapl3syrup (uuid: b3f11e18-ff16-45fe-85b7-bb69e73fb17c): LOL
[19:03:49] Mrmapl3syrup (uuid: b3f11e18-ff16-45fe-85b7-bb69e73fb17c): all cats do is scare creepers away
[19:03:56] Mrmapl3syrup (uuid: b3f11e18-ff16-45fe-85b7-bb69e73fb17c): and wolves scare skeletons
[19:04:04] PiranhaBoy (uuid: 068bfb61-fb8a-4553-8305-2af64537cadb): ;p; this guy is auts
[19:04:10] Mrmapl3syrup (uuid: b3f11e18-ff16-45fe-85b7-bb69e73fb17c): LOL
[19:04:23] PiranhaBoy (uuid: 068bfb61-fb8a-4553-8305-2af64537cadb): lol urs is black
[19:04:23] Mrmapl3syrup (uuid: b3f11e18-ff16-45fe-85b7-bb69e73fb17c): you can have two tame cats breed btw
[19:04:25] Mrmapl3syrup (uuid: b3f11e18-ff16-45fe-85b7-bb69e73fb17c): with fish
[19:04:28] Mrmapl3syrup (uuid: b3f11e18-ff16-45fe-85b7-bb69e73fb17c): lol nigger cat
[19:04:40] Mrmapl3syrup (uuid: b3f11e18-ff16-45fe-85b7-bb69e73fb17c): i think
[19:04:45] Paul_Resmer (uuid: 7718f2d7-90cf-49d6-a1d9-8cf4d236ba82): yo
[19:04:50] Paul_Resmer (uuid: 7718f2d7-90cf-49d6-a1d9-8cf4d236ba82): wanna make our cats fuck
[19:04:51] PiranhaBoy (uuid: 068bfb61-fb8a-4553-8305-2af64537cadb): nah its cause we dont own the same cat
[19:04:58] PiranhaBoy (uuid: 068bfb61-fb8a-4553-8305-2af64537cadb): LOL
[19:04:59] Paul_Resmer (uuid: 7718f2d7-90cf-49d6-a1d9-8cf4d236ba82): WTF
[19:05:00] Mrmapl3syrup (uuid: b3f11e18-ff16-45fe-85b7-bb69e73fb17c): HAHA
[19:05:00] Paul_Resmer (uuid: 7718f2d7-90cf-49d6-a1d9-8cf4d236ba82): WTF
[19:05:02] Mrmapl3syrup (uuid: b3f11e18-ff16-45fe-85b7-bb69e73fb17c): ITS A NIGGER CAT
[19:05:06] JohnProdman (uuid: 4150cd4b-a415-4298-bdc7-c9e330b466cc): Guys anyone have 20$
[19:05:10] Mrmapl3syrup (uuid: b3f11e18-ff16-45fe-85b7-bb69e73fb17c): yes
[19:05:11] Mrmapl3syrup (uuid: b3f11e18-ff16-45fe-85b7-bb69e73fb17c): I do
[19:05:12] JohnProdman (uuid: 4150cd4b-a415-4298-bdc7-c9e330b466cc): I cant afford roblox
[19:05:14] JohnProdman (uuid: 4150cd4b-a415-4298-bdc7-c9e330b466cc): Can i have it
[19:05:16] Mrmapl3syrup (uuid: b3f11e18-ff16-45fe-85b7-bb69e73fb17c): ah heck
[19:05:18] Mrmapl3syrup (uuid: b3f11e18-ff16-45fe-85b7-bb69e73fb17c): sorry man
[19:05:19] PiranhaBoy (uuid: 068bfb61-fb8a-4553-8305-2af64537cadb): whos cat is that
[19:05:21] Mrmapl3syrup (uuid: b3f11e18-ff16-45fe-85b7-bb69e73fb17c): thats too much
[19:05:25] PiranhaBoy (uuid: 068bfb61-fb8a-4553-8305-2af64537cadb): fuck
[19:05:28] JohnProdman (uuid: 4150cd4b-a415-4298-bdc7-c9e330b466cc): dam
[19:05:32] Paul_Resmer (uuid: 7718f2d7-90cf-49d6-a1d9-8cf4d236ba82): wait can u control it
[19:05:33] PiranhaBoy (uuid: 068bfb61-fb8a-4553-8305-2af64537cadb): dude gimme name tags
[19:05:35] Paul_Resmer (uuid: 7718f2d7-90cf-49d6-a1d9-8cf4d236ba82): or just me
[19:05:40] PiranhaBoy (uuid: 068bfb61-fb8a-4553-8305-2af64537cadb): jk name one for me
[19:05:42] Paul_Resmer (uuid: 7718f2d7-90cf-49d6-a1d9-8cf4d236ba82): i gave u 30
[19:05:44] JohnProdman (uuid: 4150cd4b-a415-4298-bdc7-c9e330b466cc): Then can u buy me 10 spectrum keys
[19:05:47] PiranhaBoy (uuid: 068bfb61-fb8a-4553-8305-2af64537cadb): name it nigger so i can do the thing
[19:05:56] PiranhaBoy (uuid: 068bfb61-fb8a-4553-8305-2af64537cadb): so i can make the exp farm
[19:06:01] PiranhaBoy (uuid: 068bfb61-fb8a-4553-8305-2af64537cadb): dude
[19:06:02] Paul_Resmer (uuid: 7718f2d7-90cf-49d6-a1d9-8cf4d236ba82): what
[19:06:04] Paul_Resmer (uuid: 7718f2d7-90cf-49d6-a1d9-8cf4d236ba82): what
[19:06:05] PiranhaBoy (uuid: 068bfb61-fb8a-4553-8305-2af64537cadb): i dont have exp
[19:06:09] PiranhaBoy (uuid: 068bfb61-fb8a-4553-8305-2af64537cadb): make me a name tag
[19:06:14] Paul_Resmer (uuid: 7718f2d7-90cf-49d6-a1d9-8cf4d236ba82): nam what
[19:06:18] PiranhaBoy (uuid: 068bfb61-fb8a-4553-8305-2af64537cadb): a fish thing
[19:06:24] Paul_Resmer (uuid: 7718f2d7-90cf-49d6-a1d9-8cf4d236ba82): what name
[19:06:27] Paul_Resmer (uuid: 7718f2d7-90cf-49d6-a1d9-8cf4d236ba82): what should i name it
[19:06:29] Paul_Resmer (uuid: 7718f2d7-90cf-49d6-a1d9-8cf4d236ba82): jesus
[19:06:30] PiranhaBoy (uuid: 068bfb61-fb8a-4553-8305-2af64537cadb): big nigga
[19:06:40] PiranhaBoy (uuid: 068bfb61-fb8a-4553-8305-2af64537cadb): big nigga
[19:06:43] PiranhaBoy (uuid: 068bfb61-fb8a-4553-8305-2af64537cadb): name it that
[19:06:49] PiranhaBoy (uuid: 068bfb61-fb8a-4553-8305-2af64537cadb): big nigga
[19:06:49] Mrmapl3syrup (uuid: b3f11e18-ff16-45fe-85b7-bb69e73fb17c): i just logged into roblox
[19:06:53] PiranhaBoy (uuid: 068bfb61-fb8a-4553-8305-2af64537cadb): LOL
[19:06:56] Mrmapl3syrup (uuid: b3f11e18-ff16-45fe-85b7-bb69e73fb17c): and I have 1.700 robux LOL
[19:07:03] PiranhaBoy (uuid: 068bfb61-fb8a-4553-8305-2af64537cadb): k ima make it now
[19:07:05] Paul_Resmer (uuid: 7718f2d7-90cf-49d6-a1d9-8cf4d236ba82): the j is capital fuck
[19:07:07] Mrmapl3syrup (uuid: b3f11e18-ff16-45fe-85b7-bb69e73fb17c): i still have builders club LOL
[19:07:33] Mrmapl3syrup (uuid: b3f11e18-ff16-45fe-85b7-bb69e73fb17c): i used to exploit on roblox and use a clown van rape script LOL
[19:07:43] Mrmapl3syrup (uuid: b3f11e18-ff16-45fe-85b7-bb69e73fb17c): i never got banned too
[19:07:50] PiranhaBoy (uuid: 068bfb61-fb8a-4553-8305-2af64537cadb): does the thing have to be in end or the void
[19:08:01] Mrmapl3syrup (uuid: b3f11e18-ff16-45fe-85b7-bb69e73fb17c): ima yeet
[19:08:02] Mrmapl3syrup (uuid: b3f11e18-ff16-45fe-85b7-bb69e73fb17c): ya yeet
[19:09:12] Paul_Resmer (uuid: 7718f2d7-90cf-49d6-a1d9-8cf4d236ba82): wait what do leads do
[19:09:28] PiranhaBoy (uuid: 068bfb61-fb8a-4553-8305-2af64537cadb): make the thing follow you
[19:11:10] Paul_Resmer (uuid: 7718f2d7-90cf-49d6-a1d9-8cf4d236ba82): bbl
[19:33:52] Paul_Resmer (uuid: 7718f2d7-90cf-49d6-a1d9-8cf4d236ba82): whered deek go
[19:56:30] Paul_Resmer (uuid: 7718f2d7-90cf-49d6-a1d9-8cf4d236ba82): where squids
[19:58:29] Hubert6194 (uuid: 1ae76006-6711-4e06-9e89-a7e9a547fbfd): jesus kill some of ur cows they having orgy
[19:58:34] bryantandpat (uuid: 7961a874-c35f-4f34-a0d1-37205c235291): good
[19:58:39] bryantandpat (uuid: 7961a874-c35f-4f34-a0d1-37205c235291): the more the better
[19:58:41] Hubert6194 (uuid: 1ae76006-6711-4e06-9e89-a7e9a547fbfd): also i need su msteak
[19:59:00] Hubert6194 (uuid: 1ae76006-6711-4e06-9e89-a7e9a547fbfd): kill like half of them
[19:59:09] iMine03 (uuid: 0f9d4172-c235-4bd2-9897-490c4a93ddfe): kil zombie
[19:59:26] iMine03 (uuid: 0f9d4172-c235-4bd2-9897-490c4a93ddfe): wtf
[19:59:35] iMine03 (uuid: 0f9d4172-c235-4bd2-9897-490c4a93ddfe): hubert follwo me
[19:59:58] Hubert6194 (uuid: 1ae76006-6711-4e06-9e89-a7e9a547fbfd): thx
[20:02:47] Paul_Resmer (uuid: 7718f2d7-90cf-49d6-a1d9-8cf4d236ba82): i found that water temple thing
[20:08:46] iMine03 (uuid: 0f9d4172-c235-4bd2-9897-490c4a93ddfe): a u t s
[20:08:48] bryantandpat (uuid: 7961a874-c35f-4f34-a0d1-37205c235291): jesos
[20:08:52] bryantandpat (uuid: 7961a874-c35f-4f34-a0d1-37205c235291): u have good
[20:08:54] bryantandpat (uuid: 7961a874-c35f-4f34-a0d1-37205c235291): food
[20:09:07] bryantandpat (uuid: 7961a874-c35f-4f34-a0d1-37205c235291): no worries
[20:16:31] bryantandpat (uuid: 7961a874-c35f-4f34-a0d1-37205c235291): yo look at this
[20:16:40] iMine03 (uuid: 0f9d4172-c235-4bd2-9897-490c4a93ddfe): ez
[20:29:56] Paul_Resmer (uuid: 7718f2d7-90cf-49d6-a1d9-8cf4d236ba82): dis
[20:30:49] ben_shapiro2020 (uuid: 893a6ed2-6228-4554-a52c-fbaed0f96c6e): what does it mean by ur claim overlaps an existing claim
[20:31:00] PiranhaBoy (uuid: 068bfb61-fb8a-4553-8305-2af64537cadb): someone elses claim is already there
[20:31:01] Paul_Resmer (uuid: 7718f2d7-90cf-49d6-a1d9-8cf4d236ba82): it means u already have a claim inside the claim
[20:31:07] ben_shapiro2020 (uuid: 893a6ed2-6228-4554-a52c-fbaed0f96c6e): but its mine
[20:31:14] Paul_Resmer (uuid: 7718f2d7-90cf-49d6-a1d9-8cf4d236ba82): abandon all claims first
[20:31:15] ben_shapiro2020 (uuid: 893a6ed2-6228-4554-a52c-fbaed0f96c6e): how do i reset my claim
[20:31:16] PiranhaBoy (uuid: 068bfb61-fb8a-4553-8305-2af64537cadb): you cant have clams overlap
[20:31:21] Paul_Resmer (uuid: 7718f2d7-90cf-49d6-a1d9-8cf4d236ba82): /abandonallclaims
[20:59:26] JohnProdman (uuid: 4150cd4b-a415-4298-bdc7-c9e330b466cc): ad
[20:59:27] JohnProdman (uuid: 4150cd4b-a415-4298-bdc7-c9e330b466cc): adw
[21:00:17] Paul_Resmer (uuid: 7718f2d7-90cf-49d6-a1d9-8cf4d236ba82): stop hacking
[21:00:20] JohnProdman (uuid: 4150cd4b-a415-4298-bdc7-c9e330b466cc): im not
[21:00:24] Paul_Resmer (uuid: 7718f2d7-90cf-49d6-a1d9-8cf4d236ba82): mm
[21:00:31] JohnProdman (uuid: 4150cd4b-a415-4298-bdc7-c9e330b466cc): I was glitching i didnt get kicked
[21:00:38] Paul_Resmer (uuid: 7718f2d7-90cf-49d6-a1d9-8cf4d236ba82): mmmmmmm
[21:00:40] JohnProdman (uuid: 4150cd4b-a415-4298-bdc7-c9e330b466cc): go ask james for the logs
[21:00:45] Paul_Resmer (uuid: 7718f2d7-90cf-49d6-a1d9-8cf4d236ba82): mmm ok i wil
[21:00:47] Paul_Resmer (uuid: 7718f2d7-90cf-49d6-a1d9-8cf4d236ba82): u hacker man
[21:00:52] Paul_Resmer (uuid: 7718f2d7-90cf-49d6-a1d9-8cf4d236ba82): im gonna get u banend kid
[21:00:52] JohnProdman (uuid: 4150cd4b-a415-4298-bdc7-c9e330b466cc): Im still fucking glitching
[21:00:59] JohnProdman (uuid: 4150cd4b-a415-4298-bdc7-c9e330b466cc): James knows about my hacks
[21:03:09] JohnProdman (uuid: 4150cd4b-a415-4298-bdc7-c9e330b466cc): also, calling people "kids" here is pointless since everyone goes to jasper
[21:03:20] JohnProdman (uuid: 4150cd4b-a415-4298-bdc7-c9e330b466cc): Except MrMapleJew and ShortJew
[21:03:27] Paul_Resmer (uuid: 7718f2d7-90cf-49d6-a1d9-8cf4d236ba82): i thought u were a 7th grader
[21:05:54] JohnProdman (uuid: 4150cd4b-a415-4298-bdc7-c9e330b466cc): no
[21:06:05] JohnProdman (uuid: 4150cd4b-a415-4298-bdc7-c9e330b466cc): Are u acutally paul?
[21:06:12] Paul_Resmer (uuid: 7718f2d7-90cf-49d6-a1d9-8cf4d236ba82): who the fuck are u retard
[21:06:25] ben_shapiro2020 (uuid: 893a6ed2-6228-4554-a52c-fbaed0f96c6e): hes ian zhanf
[21:06:32] JohnProdman (uuid: 4150cd4b-a415-4298-bdc7-c9e330b466cc): aight if u are then u dont know me but i know who u are
[21:06:33] Paul_Resmer (uuid: 7718f2d7-90cf-49d6-a1d9-8cf4d236ba82): who the fuck is ian zhang
[21:07:00] Paul_Resmer (uuid: 7718f2d7-90cf-49d6-a1d9-8cf4d236ba82): 1 v1
[21:07:09] Paul_Resmer (uuid: 7718f2d7-90cf-49d6-a1d9-8cf4d236ba82):  u can hack idc
[21:12:15] Paul_Resmer (uuid: 7718f2d7-90cf-49d6-a1d9-8cf4d236ba82): nigga
[21:12:17] Paul_Resmer (uuid: 7718f2d7-90cf-49d6-a1d9-8cf4d236ba82): bruhr
[21:12:42] PiranhaBoy (uuid: 068bfb61-fb8a-4553-8305-2af64537cadb): we gucci now
[21:12:56] PiranhaBoy (uuid: 068bfb61-fb8a-4553-8305-2af64537cadb): dont with the hard part of getting to ground level ith no blocks
[21:13:21] PiranhaBoy (uuid: 068bfb61-fb8a-4553-8305-2af64537cadb): can you go buy autism wool for me
[21:13:30] PiranhaBoy (uuid: 068bfb61-fb8a-4553-8305-2af64537cadb): like 128 of it
[21:14:19] PiranhaBoy (uuid: 068bfb61-fb8a-4553-8305-2af64537cadb): carpet
[21:14:54] PiranhaBoy (uuid: 068bfb61-fb8a-4553-8305-2af64537cadb): just go buy it
[21:14:57] PiranhaBoy (uuid: 068bfb61-fb8a-4553-8305-2af64537cadb): its cheap
[21:15:00] PiranhaBoy (uuid: 068bfb61-fb8a-4553-8305-2af64537cadb): shit you right
[21:16:47] JohnProdman (uuid: 4150cd4b-a415-4298-bdc7-c9e330b466cc): Ethan did u memorize chem yet
[21:17:27] PiranhaBoy (uuid: 068bfb61-fb8a-4553-8305-2af64537cadb): can you get me some enderpearls
[21:17:29] PiranhaBoy (uuid: 068bfb61-fb8a-4553-8305-2af64537cadb): i lost em
[21:17:42] PiranhaBoy (uuid: 068bfb61-fb8a-4553-8305-2af64537cadb): i lost em
[21:17:43] PiranhaBoy (uuid: 068bfb61-fb8a-4553-8305-2af64537cadb): ez
[21:18:12] PiranhaBoy (uuid: 068bfb61-fb8a-4553-8305-2af64537cadb): forces an animal
[21:18:15] PiranhaBoy (uuid: 068bfb61-fb8a-4553-8305-2af64537cadb): to follow you
[21:18:46] PiranhaBoy (uuid: 068bfb61-fb8a-4553-8305-2af64537cadb): wheres my cat
[21:19:13] PiranhaBoy (uuid: 068bfb61-fb8a-4553-8305-2af64537cadb): nigga my cat was white
[21:19:18] PiranhaBoy (uuid: 068bfb61-fb8a-4553-8305-2af64537cadb): nigga my cat was white
[21:19:22] PiranhaBoy (uuid: 068bfb61-fb8a-4553-8305-2af64537cadb): it was superior
[21:20:09] PiranhaBoy (uuid: 068bfb61-fb8a-4553-8305-2af64537cadb): LOL
[21:20:12] PiranhaBoy (uuid: 068bfb61-fb8a-4553-8305-2af64537cadb): FOUND IT
[21:21:12] PiranhaBoy (uuid: 068bfb61-fb8a-4553-8305-2af64537cadb): get out
[21:21:14] PiranhaBoy (uuid: 068bfb61-fb8a-4553-8305-2af64537cadb): nigger
[21:21:37] Paul_Resmer (uuid: 7718f2d7-90cf-49d6-a1d9-8cf4d236ba82): D:
[21:22:47] PiranhaBoy (uuid: 068bfb61-fb8a-4553-8305-2af64537cadb): wait come here
[21:23:03] PiranhaBoy (uuid: 068bfb61-fb8a-4553-8305-2af64537cadb): nigga no
[21:23:06] PiranhaBoy (uuid: 068bfb61-fb8a-4553-8305-2af64537cadb): i need ur cat
[21:23:16] PiranhaBoy (uuid: 068bfb61-fb8a-4553-8305-2af64537cadb): sit it
[21:23:31] Paul_Resmer (uuid: 7718f2d7-90cf-49d6-a1d9-8cf4d236ba82): spawn us cats
[21:23:33] Paul_Resmer (uuid: 7718f2d7-90cf-49d6-a1d9-8cf4d236ba82): theres no jg
[21:23:33] PiranhaBoy (uuid: 068bfb61-fb8a-4553-8305-2af64537cadb): stand it
[21:23:52] Paul_Resmer (uuid: 7718f2d7-90cf-49d6-a1d9-8cf4d236ba82): spawn us cats or else dereks autism will worsen
[21:23:57] Paul_Resmer (uuid: 7718f2d7-90cf-49d6-a1d9-8cf4d236ba82): tp to us
[21:25:27] Paul_Resmer (uuid: 7718f2d7-90cf-49d6-a1d9-8cf4d236ba82): peta
[21:25:31] Paul_Resmer (uuid: 7718f2d7-90cf-49d6-a1d9-8cf4d236ba82): pls
[22:12:06] ben_shapiro2020 (uuid: 893a6ed2-6228-4554-a52c-fbaed0f96c6e): tnt cannon
[22:12:57] ben_shapiro2020 (uuid: 893a6ed2-6228-4554-a52c-fbaed0f96c6e): not mine
[22:14:02] iMine03 (uuid: 0f9d4172-c235-4bd2-9897-490c4a93ddfe): rarted fly down there
[22:14:06] iMine03 (uuid: 0f9d4172-c235-4bd2-9897-490c4a93ddfe): i need to get down
[22:15:56] iMine03 (uuid: 0f9d4172-c235-4bd2-9897-490c4a93ddfe): mhm nice hacks
[22:16:41] ben_shapiro2020 (uuid: 893a6ed2-6228-4554-a52c-fbaed0f96c6e): i need to go to the nether
[22:16:46] ben_shapiro2020 (uuid: 893a6ed2-6228-4554-a52c-fbaed0f96c6e): u cumming
[22:16:54] iMine03 (uuid: 0f9d4172-c235-4bd2-9897-490c4a93ddfe): in u
[22:17:21] iMine03 (uuid: 0f9d4172-c235-4bd2-9897-490c4a93ddfe): WE NEED TO GO DEEPER
[22:17:24] ben_shapiro2020 (uuid: 893a6ed2-6228-4554-a52c-fbaed0f96c6e): i need nether quartz
[22:19:33] iMine03 (uuid: 0f9d4172-c235-4bd2-9897-490c4a93ddfe): holy
[22:19:35] iMine03 (uuid: 0f9d4172-c235-4bd2-9897-490c4a93ddfe): this pick is busted
[22:19:47] ben_shapiro2020 (uuid: 893a6ed2-6228-4554-a52c-fbaed0f96c6e): wait here
[22:19:53] ben_shapiro2020 (uuid: 893a6ed2-6228-4554-a52c-fbaed0f96c6e): need to get a new pick
[22:22:10] ben_shapiro2020 (uuid: 893a6ed2-6228-4554-a52c-fbaed0f96c6e): im dead
[22:27:05] iMine03 (uuid: 0f9d4172-c235-4bd2-9897-490c4a93ddfe): wait jesos how do we get out
[22:27:20] ben_shapiro2020 (uuid: 893a6ed2-6228-4554-a52c-fbaed0f96c6e): type home
[22:28:13] iMine03 (uuid: 0f9d4172-c235-4bd2-9897-490c4a93ddfe): matjew come look at this pick
[22:28:26] iMine03 (uuid: 0f9d4172-c235-4bd2-9897-490c4a93ddfe): the legendary pick is so busted when mining netherack
[22:29:44] iMine03 (uuid: 0f9d4172-c235-4bd2-9897-490c4a93ddfe): come here
[22:29:55] iMine03 (uuid: 0f9d4172-c235-4bd2-9897-490c4a93ddfe): it's so easy to get levels here
[22:29:58] iMine03 (uuid: 0f9d4172-c235-4bd2-9897-490c4a93ddfe): im at 26 already
[22:30:03] iMine03 (uuid: 0f9d4172-c235-4bd2-9897-490c4a93ddfe): wait look at this
[22:30:10] bryantandpat (uuid: 7961a874-c35f-4f34-a0d1-37205c235291): JESOS
[22:30:17] bryantandpat (uuid: 7961a874-c35f-4f34-a0d1-37205c235291): is that the legendary
[22:30:19] iMine03 (uuid: 0f9d4172-c235-4bd2-9897-490c4a93ddfe): ye
[22:30:20] iMine03 (uuid: 0f9d4172-c235-4bd2-9897-490c4a93ddfe): so busted
[22:30:21] bryantandpat (uuid: 7961a874-c35f-4f34-a0d1-37205c235291): holyyy
[22:30:30] bryantandpat (uuid: 7961a874-c35f-4f34-a0d1-37205c235291): wait i can do it too
[22:30:35] bryantandpat (uuid: 7961a874-c35f-4f34-a0d1-37205c235291): jesosss
[22:30:45] iMine03 (uuid: 0f9d4172-c235-4bd2-9897-490c4a93ddfe): we need to build a quartz home
[22:30:53] bryantandpat (uuid: 7961a874-c35f-4f34-a0d1-37205c235291): ye ez
[22:31:56] iMine03 (uuid: 0f9d4172-c235-4bd2-9897-490c4a93ddfe): it's so fun to to
[22:31:58] iMine03 (uuid: 0f9d4172-c235-4bd2-9897-490c4a93ddfe): to do
[22:32:41] iMine03 (uuid: 0f9d4172-c235-4bd2-9897-490c4a93ddfe): auts
[22:32:46] bryantandpat (uuid: 7961a874-c35f-4f34-a0d1-37205c235291): fuck dont do it
[22:33:06] bryantandpat (uuid: 7961a874-c35f-4f34-a0d1-37205c235291): i was doing it and ran in to the lava
[22:33:17] iMine03 (uuid: 0f9d4172-c235-4bd2-9897-490c4a93ddfe): wait holy
[22:33:20] iMine03 (uuid: 0f9d4172-c235-4bd2-9897-490c4a93ddfe): im gonna prank the pigmen
[22:33:22] iMine03 (uuid: 0f9d4172-c235-4bd2-9897-490c4a93ddfe): cmere
[22:33:24] bryantandpat (uuid: 7961a874-c35f-4f34-a0d1-37205c235291): nigga no
[22:33:28] bryantandpat (uuid: 7961a874-c35f-4f34-a0d1-37205c235291): niggaa no
[22:33:31] iMine03 (uuid: 0f9d4172-c235-4bd2-9897-490c4a93ddfe): just clear the block they're standing on
[22:33:33] iMine03 (uuid: 0f9d4172-c235-4bd2-9897-490c4a93ddfe): so they fall
[22:33:34] bryantandpat (uuid: 7961a874-c35f-4f34-a0d1-37205c235291): dont risk the pick
[22:33:44] iMine03 (uuid: 0f9d4172-c235-4bd2-9897-490c4a93ddfe): FUCK
[22:33:47] bryantandpat (uuid: 7961a874-c35f-4f34-a0d1-37205c235291): jesoss
[22:34:00] iMine03 (uuid: 0f9d4172-c235-4bd2-9897-490c4a93ddfe): HELP
[22:35:06] bryantandpat (uuid: 7961a874-c35f-4f34-a0d1-37205c235291): what happened
[22:35:11] iMine03 (uuid: 0f9d4172-c235-4bd2-9897-490c4a93ddfe): ez
[22:35:27] iMine03 (uuid: 0f9d4172-c235-4bd2-9897-490c4a93ddfe): time to make quartz house
[22:37:17] iMine03 (uuid: 0f9d4172-c235-4bd2-9897-490c4a93ddfe): ez
[22:37:34] iMine03 (uuid: 0f9d4172-c235-4bd2-9897-490c4a93ddfe): make house wth me
[22:37:37] bryantandpat (uuid: 7961a874-c35f-4f34-a0d1-37205c235291): kk
[22:40:27] bryantandpat (uuid: 7961a874-c35f-4f34-a0d1-37205c235291): wut u trying to do
[22:40:37] bryantandpat (uuid: 7961a874-c35f-4f34-a0d1-37205c235291): underwater ez
[22:41:13] PiranhaBoy (uuid: 068bfb61-fb8a-4553-8305-2af64537cadb): matjew can you give me 2 enderpearls
[22:41:17] bryantandpat (uuid: 7961a874-c35f-4f34-a0d1-37205c235291): whats the netherack for
[22:41:23] bryantandpat (uuid: 7961a874-c35f-4f34-a0d1-37205c235291):  dont have any sry
[22:41:32] iMine03 (uuid: 0f9d4172-c235-4bd2-9897-490c4a93ddfe): gimme two autism fucks
[22:41:37] PiranhaBoy (uuid: 068bfb61-fb8a-4553-8305-2af64537cadb): kk im trying to make enderman exp farm
[22:42:07] bryantandpat (uuid: 7961a874-c35f-4f34-a0d1-37205c235291): cant build here
[22:46:58] bryantandpat (uuid: 7961a874-c35f-4f34-a0d1-37205c235291): kk
[22:49:36] iMine03 (uuid: 0f9d4172-c235-4bd2-9897-490c4a93ddfe): how tf do we get the water out
[22:49:47] bryantandpat (uuid: 7961a874-c35f-4f34-a0d1-37205c235291): how did u get it out last time
[22:49:53] iMine03 (uuid: 0f9d4172-c235-4bd2-9897-490c4a93ddfe): i filled the entire thing
[22:58:50] iMine03 (uuid: 0f9d4172-c235-4bd2-9897-490c4a93ddfe): FICK
[22:58:55] iMine03 (uuid: 0f9d4172-c235-4bd2-9897-490c4a93ddfe): nvm
[22:58:57] bryantandpat (uuid: 7961a874-c35f-4f34-a0d1-37205c235291): wait
[22:59:01] bryantandpat (uuid: 7961a874-c35f-4f34-a0d1-37205c235291): what happens to the squid
[22:59:14] bryantandpat (uuid: 7961a874-c35f-4f34-a0d1-37205c235291): if its not in water
[22:59:18] iMine03 (uuid: 0f9d4172-c235-4bd2-9897-490c4a93ddfe): it dies
[22:59:19] bryantandpat (uuid: 7961a874-c35f-4f34-a0d1-37205c235291): o shit
[22:59:22] bryantandpat (uuid: 7961a874-c35f-4f34-a0d1-37205c235291): rip
[22:59:39] bryantandpat (uuid: 7961a874-c35f-4f34-a0d1-37205c235291): do we replace the netherack with quartz now
[22:59:50] iMine03 (uuid: 0f9d4172-c235-4bd2-9897-490c4a93ddfe): ye
[23:04:36] ben_shapiro2020 (uuid: 893a6ed2-6228-4554-a52c-fbaed0f96c6e): wtf servers lagging
[23:06:35] bryantandpat (uuid: 7961a874-c35f-4f34-a0d1-37205c235291): jesos dont think we have enough quartz
[23:06:41] iMine03 (uuid: 0f9d4172-c235-4bd2-9897-490c4a93ddfe): no worries
[23:06:44] iMine03 (uuid: 0f9d4172-c235-4bd2-9897-490c4a93ddfe): just replace as we go
[23:15:40] bryantandpat (uuid: 7961a874-c35f-4f34-a0d1-37205c235291): out of quartz
[23:15:49] iMine03 (uuid: 0f9d4172-c235-4bd2-9897-490c4a93ddfe): me too
[23:16:23] bryantandpat (uuid: 7961a874-c35f-4f34-a0d1-37205c235291): ez look
[23:16:32] iMine03 (uuid: 0f9d4172-c235-4bd2-9897-490c4a93ddfe): holyyy
[23:16:33] iMine03 (uuid: 0f9d4172-c235-4bd2-9897-490c4a93ddfe): ez pz
[23:17:18] iMine03 (uuid: 0f9d4172-c235-4bd2-9897-490c4a93ddfe): torches
[23:17:23] iMine03 (uuid: 0f9d4172-c235-4bd2-9897-490c4a93ddfe): or glowstone
[23:17:31] bryantandpat (uuid: 7961a874-c35f-4f34-a0d1-37205c235291): how do u get the glowstone
[23:17:34] bryantandpat (uuid: 7961a874-c35f-4f34-a0d1-37205c235291): breaks when i mine it
[23:17:38] iMine03 (uuid: 0f9d4172-c235-4bd2-9897-490c4a93ddfe): take glowstone powder
[23:17:45] bryantandpat (uuid: 7961a874-c35f-4f34-a0d1-37205c235291): how do u get that
[23:17:45] iMine03 (uuid: 0f9d4172-c235-4bd2-9897-490c4a93ddfe): make it into block
[23:17:53] iMine03 (uuid: 0f9d4172-c235-4bd2-9897-490c4a93ddfe): mine glowstone
[23:17:58] iMine03 (uuid: 0f9d4172-c235-4bd2-9897-490c4a93ddfe): i think we have some powder in the chests
[23:17:59] bryantandpat (uuid: 7961a874-c35f-4f34-a0d1-37205c235291): o
[23:18:52] bryantandpat (uuid: 7961a874-c35f-4f34-a0d1-37205c235291): gtg
[23:18:53] bryantandpat (uuid: 7961a874-c35f-4f34-a0d1-37205c235291): cya
