[17:38:30] iMine03 (uuid: 0f9d4172-c235-4bd2-9897-490c4a93ddfe): ur a retard
[17:38:36] ben_shapiro2020 (uuid: 893a6ed2-6228-4554-a52c-fbaed0f96c6e): no u
[17:38:43] iMine03 (uuid: 0f9d4172-c235-4bd2-9897-490c4a93ddfe): im kicking u out of chem club
[17:38:49] ben_shapiro2020 (uuid: 893a6ed2-6228-4554-a52c-fbaed0f96c6e): mhm
[17:39:20] iMine03 (uuid: 0f9d4172-c235-4bd2-9897-490c4a93ddfe): auts?
[17:39:25] ben_shapiro2020 (uuid: 893a6ed2-6228-4554-a52c-fbaed0f96c6e): do it again
[17:40:19] iMine03 (uuid: 0f9d4172-c235-4bd2-9897-490c4a93ddfe): do /warp alex
[17:41:14] iMine03 (uuid: 0f9d4172-c235-4bd2-9897-490c4a93ddfe): ian has 6 beacons
[17:41:31] ben_shapiro2020 (uuid: 893a6ed2-6228-4554-a52c-fbaed0f96c6e): lemme go in
[17:41:52] iMine03 (uuid: 0f9d4172-c235-4bd2-9897-490c4a93ddfe): auts
[17:42:23] iMine03 (uuid: 0f9d4172-c235-4bd2-9897-490c4a93ddfe): nice hacks
[21:33:57] iiBethanyii (uuid: 017ec225-2727-4d08-b15d-c5d9f307a55c): Wheres my chromebook
[21:50:26] bryantandpat (uuid: 7961a874-c35f-4f34-a0d1-37205c235291): wheres james
[21:51:17] iiBethanyii (uuid: 017ec225-2727-4d08-b15d-c5d9f307a55c): idk
[21:51:26] iiBethanyii (uuid: 017ec225-2727-4d08-b15d-c5d9f307a55c): he said hed add slimefun over thanksgiving
[21:51:30] iiBethanyii (uuid: 017ec225-2727-4d08-b15d-c5d9f307a55c): Slimefun my ass
[21:54:11] iiBethanyii (uuid: 017ec225-2727-4d08-b15d-c5d9f307a55c): Slimefun my ass
[21:54:22] bryantandpat (uuid: 7961a874-c35f-4f34-a0d1-37205c235291): ye rip
[21:54:31] bryantandpat (uuid: 7961a874-c35f-4f34-a0d1-37205c235291): is derek afk
[21:54:34] iiBethanyii (uuid: 017ec225-2727-4d08-b15d-c5d9f307a55c): yea
[21:54:51] iiBethanyii (uuid: 017ec225-2727-4d08-b15d-c5d9f307a55c): i got 10k just now
[21:54:59] iiBethanyii (uuid: 017ec225-2727-4d08-b15d-c5d9f307a55c): 3 inventories of gunpowder
[21:55:18] bryantandpat (uuid: 7961a874-c35f-4f34-a0d1-37205c235291): did u make afarm
[21:55:47] iiBethanyii (uuid: 017ec225-2727-4d08-b15d-c5d9f307a55c): for?
[21:55:52] bryantandpat (uuid: 7961a874-c35f-4f34-a0d1-37205c235291): creeprs
[21:56:06] bryantandpat (uuid: 7961a874-c35f-4f34-a0d1-37205c235291): wait cant
[21:56:08] iiBethanyii (uuid: 017ec225-2727-4d08-b15d-c5d9f307a55c): I thought i showed u
[21:56:13] bryantandpat (uuid: 7961a874-c35f-4f34-a0d1-37205c235291): what
[21:56:28] iiBethanyii (uuid: 017ec225-2727-4d08-b15d-c5d9f307a55c): acept
[21:56:30] iiBethanyii (uuid: 017ec225-2727-4d08-b15d-c5d9f307a55c): jew jew
[21:56:35] bryantandpat (uuid: 7961a874-c35f-4f34-a0d1-37205c235291): srry
[21:56:43] bryantandpat (uuid: 7961a874-c35f-4f34-a0d1-37205c235291): im in an undisclosable location
[21:56:44] iiBethanyii (uuid: 017ec225-2727-4d08-b15d-c5d9f307a55c): ima come and rape u
[21:56:50] iiBethanyii (uuid: 017ec225-2727-4d08-b15d-c5d9f307a55c): you know i can find you
[21:56:59] bryantandpat (uuid: 7961a874-c35f-4f34-a0d1-37205c235291): how
[21:58:48] bryantandpat (uuid: 7961a874-c35f-4f34-a0d1-37205c235291): bet where am i rn
[21:59:15] iiBethanyii (uuid: 017ec225-2727-4d08-b15d-c5d9f307a55c): Underneath the place im going to kill your villagers at
[21:59:24] bryantandpat (uuid: 7961a874-c35f-4f34-a0d1-37205c235291): mhm
[21:59:27] iiBethanyii (uuid: 017ec225-2727-4d08-b15d-c5d9f307a55c): Fgt
[21:59:30] iiBethanyii (uuid: 017ec225-2727-4d08-b15d-c5d9f307a55c): Dont remove my trust
[21:59:34] iiBethanyii (uuid: 017ec225-2727-4d08-b15d-c5d9f307a55c): I will rape u
[21:59:36] bryantandpat (uuid: 7961a874-c35f-4f34-a0d1-37205c235291): wait howd u know
[21:59:40] bryantandpat (uuid: 7961a874-c35f-4f34-a0d1-37205c235291): where u the chicken
[21:59:44] iiBethanyii (uuid: 017ec225-2727-4d08-b15d-c5d9f307a55c): no
[21:59:46] iiBethanyii (uuid: 017ec225-2727-4d08-b15d-c5d9f307a55c): thats another
[21:59:53] iiBethanyii (uuid: 017ec225-2727-4d08-b15d-c5d9f307a55c): im inside the farm
[21:59:56] iiBethanyii (uuid: 017ec225-2727-4d08-b15d-c5d9f307a55c): and i cant get out
[22:00:03] iiBethanyii (uuid: 017ec225-2727-4d08-b15d-c5d9f307a55c): because i dont have perms to open
[22:00:09] bryantandpat (uuid: 7961a874-c35f-4f34-a0d1-37205c235291): LOL
[22:00:12] iiBethanyii (uuid: 017ec225-2727-4d08-b15d-c5d9f307a55c): give perms or i will kill them
[22:00:16] iiBethanyii (uuid: 017ec225-2727-4d08-b15d-c5d9f307a55c): u want me to try
[22:00:21] bryantandpat (uuid: 7961a874-c35f-4f34-a0d1-37205c235291): bet u cant kill them
[22:00:26] iiBethanyii (uuid: 017ec225-2727-4d08-b15d-c5d9f307a55c): ok then
[22:00:37] iiBethanyii (uuid: 017ec225-2727-4d08-b15d-c5d9f307a55c): You know i can make a tnt cannon
[22:00:37] bryantandpat (uuid: 7961a874-c35f-4f34-a0d1-37205c235291): ye nice try nigget
[22:00:55] iiBethanyii (uuid: 017ec225-2727-4d08-b15d-c5d9f307a55c): LMAO
[22:01:01] iiBethanyii (uuid: 017ec225-2727-4d08-b15d-c5d9f307a55c): u want the other to die too
[22:01:02] bryantandpat (uuid: 7961a874-c35f-4f34-a0d1-37205c235291): wtf howd u hurt him
[22:01:07] iiBethanyii (uuid: 017ec225-2727-4d08-b15d-c5d9f307a55c): I fucked his ass
[22:01:09] iiBethanyii (uuid: 017ec225-2727-4d08-b15d-c5d9f307a55c): and he bled
[22:01:10] bryantandpat (uuid: 7961a874-c35f-4f34-a0d1-37205c235291): nigga holy
[22:01:12] bryantandpat (uuid: 7961a874-c35f-4f34-a0d1-37205c235291): bruh wtf
[22:01:16] bryantandpat (uuid: 7961a874-c35f-4f34-a0d1-37205c235291): u actually kileld him
[22:01:19] bryantandpat (uuid: 7961a874-c35f-4f34-a0d1-37205c235291): u fucking retard
[22:01:22] iiBethanyii (uuid: 017ec225-2727-4d08-b15d-c5d9f307a55c): You told me to
[22:01:24] iiBethanyii (uuid: 017ec225-2727-4d08-b15d-c5d9f307a55c): "bet"
[22:01:33] bryantandpat (uuid: 7961a874-c35f-4f34-a0d1-37205c235291): that doesnt mean do it u autist
[22:01:38] iiBethanyii (uuid: 017ec225-2727-4d08-b15d-c5d9f307a55c): hes alive lmao
[22:01:40] iiBethanyii (uuid: 017ec225-2727-4d08-b15d-c5d9f307a55c): He down there
[22:01:45] bryantandpat (uuid: 7961a874-c35f-4f34-a0d1-37205c235291): HOLY FUCJ
[22:01:51] bryantandpat (uuid: 7961a874-c35f-4f34-a0d1-37205c235291): how tf do i get him out
[22:01:55] bryantandpat (uuid: 7961a874-c35f-4f34-a0d1-37205c235291): its hard as fuck
[22:01:56] iiBethanyii (uuid: 017ec225-2727-4d08-b15d-c5d9f307a55c): thers a another dudee
[22:01:58] iiBethanyii (uuid: 017ec225-2727-4d08-b15d-c5d9f307a55c): they can have babies
[22:01:59] bryantandpat (uuid: 7961a874-c35f-4f34-a0d1-37205c235291): u
[22:02:00] bryantandpat (uuid: 7961a874-c35f-4f34-a0d1-37205c235291): fucking
[22:02:03] bryantandpat (uuid: 7961a874-c35f-4f34-a0d1-37205c235291): autist
[22:02:04] iiBethanyii (uuid: 017ec225-2727-4d08-b15d-c5d9f307a55c): They dont need babies up here
[22:02:06] bryantandpat (uuid: 7961a874-c35f-4f34-a0d1-37205c235291): thats not how it works
[22:02:10] iiBethanyii (uuid: 017ec225-2727-4d08-b15d-c5d9f307a55c): ohhhh
[22:02:11] iiBethanyii (uuid: 017ec225-2727-4d08-b15d-c5d9f307a55c): i see
[22:02:15] iiBethanyii (uuid: 017ec225-2727-4d08-b15d-c5d9f307a55c): its ok
[22:02:18] bryantandpat (uuid: 7961a874-c35f-4f34-a0d1-37205c235291): say bye to ur perms faggot
[22:02:22] iiBethanyii (uuid: 017ec225-2727-4d08-b15d-c5d9f307a55c): Let him healand ill bring him up
[22:02:27] bryantandpat (uuid: 7961a874-c35f-4f34-a0d1-37205c235291): mhm how
[22:02:31] iiBethanyii (uuid: 017ec225-2727-4d08-b15d-c5d9f307a55c): u wil lsee
[22:02:38] iiBethanyii (uuid: 017ec225-2727-4d08-b15d-c5d9f307a55c): give trust
[22:02:40] bryantandpat (uuid: 7961a874-c35f-4f34-a0d1-37205c235291): im not trusting u again
[22:02:48] iiBethanyii (uuid: 017ec225-2727-4d08-b15d-c5d9f307a55c): ima drop ur farmer if u dont
[22:02:57] bryantandpat (uuid: 7961a874-c35f-4f34-a0d1-37205c235291): k ill ask james to spawn them in again
[22:03:02] iiBethanyii (uuid: 017ec225-2727-4d08-b15d-c5d9f307a55c): lemme fix it nigtard
[22:03:12] bryantandpat (uuid: 7961a874-c35f-4f34-a0d1-37205c235291): how r u gna get them up
[22:03:16] iiBethanyii (uuid: 017ec225-2727-4d08-b15d-c5d9f307a55c): Just let me
[22:03:20] iiBethanyii (uuid: 017ec225-2727-4d08-b15d-c5d9f307a55c): toruhst
[22:03:22] iiBethanyii (uuid: 017ec225-2727-4d08-b15d-c5d9f307a55c): Meh
[22:03:23] bryantandpat (uuid: 7961a874-c35f-4f34-a0d1-37205c235291): mhm
[22:03:31] bryantandpat (uuid: 7961a874-c35f-4f34-a0d1-37205c235291): u have 60 seconds
[22:03:34] iiBethanyii (uuid: 017ec225-2727-4d08-b15d-c5d9f307a55c): dude
[22:03:35] iiBethanyii (uuid: 017ec225-2727-4d08-b15d-c5d9f307a55c): he left
[22:03:37] bryantandpat (uuid: 7961a874-c35f-4f34-a0d1-37205c235291): LMAO
[22:03:37] iiBethanyii (uuid: 017ec225-2727-4d08-b15d-c5d9f307a55c): lemme get him bacl
[22:03:41] bryantandpat (uuid: 7961a874-c35f-4f34-a0d1-37205c235291): wym
[22:04:05] iiBethanyii (uuid: 017ec225-2727-4d08-b15d-c5d9f307a55c): u can put em in boats right
[22:04:09] bryantandpat (uuid: 7961a874-c35f-4f34-a0d1-37205c235291): idk
[22:05:06] iiBethanyii (uuid: 017ec225-2727-4d08-b15d-c5d9f307a55c): does it matter which one
[22:05:13] bryantandpat (uuid: 7961a874-c35f-4f34-a0d1-37205c235291): the brown one needs to be back up
[22:05:15] bryantandpat (uuid: 7961a874-c35f-4f34-a0d1-37205c235291): the farmer
[22:05:18] iiBethanyii (uuid: 017ec225-2727-4d08-b15d-c5d9f307a55c): wtf
[22:05:21] iiBethanyii (uuid: 017ec225-2727-4d08-b15d-c5d9f307a55c): the farmer is here
[22:05:23] bryantandpat (uuid: 7961a874-c35f-4f34-a0d1-37205c235291): o
[22:05:27] bryantandpat (uuid: 7961a874-c35f-4f34-a0d1-37205c235291): then it doesnt matt
[22:06:01] iiBethanyii (uuid: 017ec225-2727-4d08-b15d-c5d9f307a55c): i quit swimming
[22:06:03] iiBethanyii (uuid: 017ec225-2727-4d08-b15d-c5d9f307a55c): today last day
[22:06:06] bryantandpat (uuid: 7961a874-c35f-4f34-a0d1-37205c235291): ezz
[22:06:10] bryantandpat (uuid: 7961a874-c35f-4f34-a0d1-37205c235291): whos still there
[22:06:16] iiBethanyii (uuid: 017ec225-2727-4d08-b15d-c5d9f307a55c): aijewshi
[22:06:32] iiBethanyii (uuid: 017ec225-2727-4d08-b15d-c5d9f307a55c): they do ride boats
[22:06:35] iiBethanyii (uuid: 017ec225-2727-4d08-b15d-c5d9f307a55c): ez il lget him up
[22:06:37] bryantandpat (uuid: 7961a874-c35f-4f34-a0d1-37205c235291): o
[22:06:49] bryantandpat (uuid: 7961a874-c35f-4f34-a0d1-37205c235291): is anyone new going to coach lmao
[22:06:55] iiBethanyii (uuid: 017ec225-2727-4d08-b15d-c5d9f307a55c): no
[22:06:58] bryantandpat (uuid: 7961a874-c35f-4f34-a0d1-37205c235291): rip
[22:07:03] bryantandpat (uuid: 7961a874-c35f-4f34-a0d1-37205c235291): running out of business
[22:07:11] iiBethanyii (uuid: 017ec225-2727-4d08-b15d-c5d9f307a55c): thers stil lpeople
[22:07:16] iiBethanyii (uuid: 017ec225-2727-4d08-b15d-c5d9f307a55c): wait i dont need boat
[22:07:18] iiBethanyii (uuid: 017ec225-2727-4d08-b15d-c5d9f307a55c): ezzz
[22:07:21] iiBethanyii (uuid: 017ec225-2727-4d08-b15d-c5d9f307a55c): can i have water
[22:07:25] iiBethanyii (uuid: 017ec225-2727-4d08-b15d-c5d9f307a55c): nvm
[22:07:45] iiBethanyii (uuid: 017ec225-2727-4d08-b15d-c5d9f307a55c): nigga
[22:07:48] iiBethanyii (uuid: 017ec225-2727-4d08-b15d-c5d9f307a55c): u auts
[22:07:51] iiBethanyii (uuid: 017ec225-2727-4d08-b15d-c5d9f307a55c): im trying to help u
[22:07:56] bryantandpat (uuid: 7961a874-c35f-4f34-a0d1-37205c235291): ye bruh
[22:08:00] iiBethanyii (uuid: 017ec225-2727-4d08-b15d-c5d9f307a55c): give trust
[22:08:02] bryantandpat (uuid: 7961a874-c35f-4f34-a0d1-37205c235291): villagers have more chromosomes than moore
[22:08:04] bryantandpat (uuid: 7961a874-c35f-4f34-a0d1-37205c235291): i did
[22:08:16] iiBethanyii (uuid: 017ec225-2727-4d08-b15d-c5d9f307a55c): not trusted i na part
[22:08:48] bryantandpat (uuid: 7961a874-c35f-4f34-a0d1-37205c235291): where
[22:08:49] iiBethanyii (uuid: 017ec225-2727-4d08-b15d-c5d9f307a55c): tada
[22:08:55] iiBethanyii (uuid: 017ec225-2727-4d08-b15d-c5d9f307a55c): ur other claim
[22:09:03] iiBethanyii (uuid: 017ec225-2727-4d08-b15d-c5d9f307a55c): Wait
[22:09:06] iiBethanyii (uuid: 017ec225-2727-4d08-b15d-c5d9f307a55c): ther is no farmer here
[22:09:09] iiBethanyii (uuid: 017ec225-2727-4d08-b15d-c5d9f307a55c): areu blind
[22:09:13] iiBethanyii (uuid: 017ec225-2727-4d08-b15d-c5d9f307a55c): This dude is a fletcher
[22:09:16] bryantandpat (uuid: 7961a874-c35f-4f34-a0d1-37205c235291): wtf
[22:09:20] bryantandpat (uuid: 7961a874-c35f-4f34-a0d1-37205c235291): james scammed me
[22:09:20] iiBethanyii (uuid: 017ec225-2727-4d08-b15d-c5d9f307a55c): U fucking auts
[22:09:23] iiBethanyii (uuid: 017ec225-2727-4d08-b15d-c5d9f307a55c): Did u kill my farmer
[22:09:26] bryantandpat (uuid: 7961a874-c35f-4f34-a0d1-37205c235291): he told me it was a farmer
[22:09:41] bryantandpat (uuid: 7961a874-c35f-4f34-a0d1-37205c235291): auttsssss
[22:09:44] bryantandpat (uuid: 7961a874-c35f-4f34-a0d1-37205c235291): james de jew
[22:09:53] iiBethanyii (uuid: 017ec225-2727-4d08-b15d-c5d9f307a55c): wait
[22:09:57] iiBethanyii (uuid: 017ec225-2727-4d08-b15d-c5d9f307a55c): why am i jumping os high
[22:09:58] iiBethanyii (uuid: 017ec225-2727-4d08-b15d-c5d9f307a55c): oh
[22:09:59] iiBethanyii (uuid: 017ec225-2727-4d08-b15d-c5d9f307a55c): beacon
[22:10:03] iiBethanyii (uuid: 017ec225-2727-4d08-b15d-c5d9f307a55c): wait it reaches here
[22:10:04] iiBethanyii (uuid: 017ec225-2727-4d08-b15d-c5d9f307a55c): ez
[22:10:23] bryantandpat (uuid: 7961a874-c35f-4f34-a0d1-37205c235291): holy
[22:10:24] iiBethanyii (uuid: 017ec225-2727-4d08-b15d-c5d9f307a55c): dude
[22:10:29] iiBethanyii (uuid: 017ec225-2727-4d08-b15d-c5d9f307a55c): fix doesnt work on tridents
[22:10:29] bryantandpat (uuid: 7961a874-c35f-4f34-a0d1-37205c235291): how is there a skeleton horse here
[22:10:33] iiBethanyii (uuid: 017ec225-2727-4d08-b15d-c5d9f307a55c): Theres a ton
[22:10:42] bryantandpat (uuid: 7961a874-c35f-4f34-a0d1-37205c235291): how
[22:10:46] iiBethanyii (uuid: 017ec225-2727-4d08-b15d-c5d9f307a55c): i think james spawned
[22:10:54] iiBethanyii (uuid: 017ec225-2727-4d08-b15d-c5d9f307a55c): it was a skeleton riding a skeleton horse
[22:10:58] iiBethanyii (uuid: 017ec225-2727-4d08-b15d-c5d9f307a55c): I saw lightning strike it
[22:11:03] iiBethanyii (uuid: 017ec225-2727-4d08-b15d-c5d9f307a55c): and then it multiplied to like 10
[22:11:03] bryantandpat (uuid: 7961a874-c35f-4f34-a0d1-37205c235291): damn
[22:11:06] iiBethanyii (uuid: 017ec225-2727-4d08-b15d-c5d9f307a55c): I killed al lthe skeletons
[22:11:15] bryantandpat (uuid: 7961a874-c35f-4f34-a0d1-37205c235291): wtf
[22:11:16] iiBethanyii (uuid: 017ec225-2727-4d08-b15d-c5d9f307a55c): They are slow
[22:11:18] bryantandpat (uuid: 7961a874-c35f-4f34-a0d1-37205c235291): this horse sucks ass
[22:11:24] bryantandpat (uuid: 7961a874-c35f-4f34-a0d1-37205c235291): lless hearts than me
[22:11:27] iiBethanyii (uuid: 017ec225-2727-4d08-b15d-c5d9f307a55c): yea
[22:11:34] iiBethanyii (uuid: 017ec225-2727-4d08-b15d-c5d9f307a55c): Come look at creepre farm
[22:11:43] iiBethanyii (uuid: 017ec225-2727-4d08-b15d-c5d9f307a55c): and do u need food
[22:11:46] bryantandpat (uuid: 7961a874-c35f-4f34-a0d1-37205c235291): looks cool tho
[22:11:56] bryantandpat (uuid: 7961a874-c35f-4f34-a0d1-37205c235291): no
[22:11:57] iiBethanyii (uuid: 017ec225-2727-4d08-b15d-c5d9f307a55c): do u need food nib
[22:11:59] iiBethanyii (uuid: 017ec225-2727-4d08-b15d-c5d9f307a55c): ok come
[22:12:23] iiBethanyii (uuid: 017ec225-2727-4d08-b15d-c5d9f307a55c): where u go
[22:12:31] bryantandpat (uuid: 7961a874-c35f-4f34-a0d1-37205c235291): to my undisclosed location
[22:12:33] iiBethanyii (uuid: 017ec225-2727-4d08-b15d-c5d9f307a55c): Ur secret jew
[22:12:53] bryantandpat (uuid: 7961a874-c35f-4f34-a0d1-37205c235291): bet u cant find me
[22:18:21] iiBethanyii (uuid: 017ec225-2727-4d08-b15d-c5d9f307a55c): hi
[22:18:31] iiBethanyii (uuid: 017ec225-2727-4d08-b15d-c5d9f307a55c): where is matthew's undisclosed location
[22:18:31] TheRealColmagi (uuid: c98c1615-0764-41e1-848d-73152bfabe94): is ucc dicc for money
[22:18:45] iiBethanyii (uuid: 017ec225-2727-4d08-b15d-c5d9f307a55c): dID U SEE TEXT
[22:18:48] TheRealColmagi (uuid: c98c1615-0764-41e1-848d-73152bfabe94): time to kill derek
[22:19:06] TheRealColmagi (uuid: c98c1615-0764-41e1-848d-73152bfabe94): they call me mf captain levi
[22:19:07] TheRealColmagi (uuid: c98c1615-0764-41e1-848d-73152bfabe94): ALLAH
[22:19:16] TheRealColmagi (uuid: c98c1615-0764-41e1-848d-73152bfabe94): well if it isnt the jew himself
[22:19:28] ben_shapiro2020 (uuid: 893a6ed2-6228-4554-a52c-fbaed0f96c6e): ily too
[22:19:43] ben_shapiro2020 (uuid: 893a6ed2-6228-4554-a52c-fbaed0f96c6e): ur gay
[22:19:47] TheRealColmagi (uuid: c98c1615-0764-41e1-848d-73152bfabe94): mhm
[22:19:48] iiBethanyii (uuid: 017ec225-2727-4d08-b15d-c5d9f307a55c): james can i have op
[22:19:48] bryantandpat (uuid: 7961a874-c35f-4f34-a0d1-37205c235291): no hcking pls
[22:19:52] TheRealColmagi (uuid: c98c1615-0764-41e1-848d-73152bfabe94): no
[22:19:53] iiBethanyii (uuid: 017ec225-2727-4d08-b15d-c5d9f307a55c): i wanna add a shop sign
[22:19:56] iiBethanyii (uuid: 017ec225-2727-4d08-b15d-c5d9f307a55c): :(
[22:19:59] iiBethanyii (uuid: 017ec225-2727-4d08-b15d-c5d9f307a55c): i dont aboos
[22:20:03] TheRealColmagi (uuid: c98c1615-0764-41e1-848d-73152bfabe94): fat bet
[22:20:08] iiBethanyii (uuid: 017ec225-2727-4d08-b15d-c5d9f307a55c): I never abused
[22:20:16] ben_shapiro2020 (uuid: 893a6ed2-6228-4554-a52c-fbaed0f96c6e): nibber give me perms
[22:20:16] iiBethanyii (uuid: 017ec225-2727-4d08-b15d-c5d9f307a55c): U removed my op because i crashed the server
[22:20:16] TheRealColmagi (uuid: c98c1615-0764-41e1-848d-73152bfabe94): mhm
[22:20:22] iiBethanyii (uuid: 017ec225-2727-4d08-b15d-c5d9f307a55c): i was testing because nobody was on
[22:20:23] bryantandpat (uuid: 7961a874-c35f-4f34-a0d1-37205c235291): jesos ian
[22:20:24] TheRealColmagi (uuid: c98c1615-0764-41e1-848d-73152bfabe94): gave u op and discovered u spawned in a stack of diamond blocks
[22:20:29] bryantandpat (uuid: 7961a874-c35f-4f34-a0d1-37205c235291): u left a whole in the roof
[22:20:31] iiBethanyii (uuid: 017ec225-2727-4d08-b15d-c5d9f307a55c): wait u know those were legi right
[22:20:36] TheRealColmagi (uuid: c98c1615-0764-41e1-848d-73152bfabe94): mhm
[22:20:41] ben_shapiro2020 (uuid: 893a6ed2-6228-4554-a52c-fbaed0f96c6e): hmm whole in the roof
[22:20:43] iiBethanyii (uuid: 017ec225-2727-4d08-b15d-c5d9f307a55c): I told u and u never responded
[22:21:18] TheRealColmagi (uuid: c98c1615-0764-41e1-848d-73152bfabe94): u flyhack again and ill ban
[22:21:22] iiBethanyii (uuid: 017ec225-2727-4d08-b15d-c5d9f307a55c): ;c
[22:21:29] iiBethanyii (uuid: 017ec225-2727-4d08-b15d-c5d9f307a55c): im truing to find maffu
[22:21:33] TheRealColmagi (uuid: c98c1615-0764-41e1-848d-73152bfabe94): alex zeng you too
[22:21:34] bryantandpat (uuid: 7961a874-c35f-4f34-a0d1-37205c235291): im here
[22:21:42] ben_shapiro2020 (uuid: 893a6ed2-6228-4554-a52c-fbaed0f96c6e): hey i dont hack
[22:21:46] TheRealColmagi (uuid: c98c1615-0764-41e1-848d-73152bfabe94): yes u do
[22:21:49] iiBethanyii (uuid: 017ec225-2727-4d08-b15d-c5d9f307a55c): 1v1 me
[22:21:59] iiBethanyii (uuid: 017ec225-2727-4d08-b15d-c5d9f307a55c): ben shit piniso
[22:22:07] bryantandpat (uuid: 7961a874-c35f-4f34-a0d1-37205c235291): 
[22:22:20] TheRealColmagi (uuid: c98c1615-0764-41e1-848d-73152bfabe94): lmao
[22:22:23] bryantandpat (uuid: 7961a874-c35f-4f34-a0d1-37205c235291): lmao i watched so many ben shapiro vids ober the break
[22:22:27] bryantandpat (uuid: 7961a874-c35f-4f34-a0d1-37205c235291): theyre actually so funny
[22:22:29] TheRealColmagi (uuid: c98c1615-0764-41e1-848d-73152bfabe94): wtf lmao
[22:22:31] iiBethanyii (uuid: 017ec225-2727-4d08-b15d-c5d9f307a55c): /fix dont work on trident
[22:22:37] ben_shapiro2020 (uuid: 893a6ed2-6228-4554-a52c-fbaed0f96c6e): theyre actually good
[22:22:40] TheRealColmagi (uuid: c98c1615-0764-41e1-848d-73152bfabe94): cuz they dont
[22:22:43] TheRealColmagi (uuid: c98c1615-0764-41e1-848d-73152bfabe94): recognize the item
[22:22:44] TheRealColmagi (uuid: c98c1615-0764-41e1-848d-73152bfabe94): since its 1.13
[22:22:52] iiBethanyii (uuid: 017ec225-2727-4d08-b15d-c5d9f307a55c): oh yea i locked myself out of my own chest
[22:22:56] iiBethanyii (uuid: 017ec225-2727-4d08-b15d-c5d9f307a55c): part of why i want op
[22:23:02] iiBethanyii (uuid: 017ec225-2727-4d08-b15d-c5d9f307a55c): Whole lotta gang shit
[22:23:15] iiBethanyii (uuid: 017ec225-2727-4d08-b15d-c5d9f307a55c): alex is flying
[22:23:26] TheRealColmagi (uuid: c98c1615-0764-41e1-848d-73152bfabe94): time to baan
[22:23:33] ben_shapiro2020 (uuid: 893a6ed2-6228-4554-a52c-fbaed0f96c6e): im not flying
[22:23:33] bryantandpat (uuid: 7961a874-c35f-4f34-a0d1-37205c235291): rip
[22:23:40] bryantandpat (uuid: 7961a874-c35f-4f34-a0d1-37205c235291): cya alex
[22:23:54] iiBethanyii (uuid: 017ec225-2727-4d08-b15d-c5d9f307a55c): where the hell my elytra at
[22:23:56] TheRealColmagi (uuid: c98c1615-0764-41e1-848d-73152bfabe94): who wants to see me fight titan
[22:23:59] TheRealColmagi (uuid: c98c1615-0764-41e1-848d-73152bfabe94): ittans
[22:24:07] ben_shapiro2020 (uuid: 893a6ed2-6228-4554-a52c-fbaed0f96c6e): thanos lived on titan
[22:24:08] iiBethanyii (uuid: 017ec225-2727-4d08-b15d-c5d9f307a55c): james can u remove this lock
[22:24:18] bryantandpat (uuid: 7961a874-c35f-4f34-a0d1-37205c235291): james u should add an attacjk ontitan mod
[22:24:20] TheRealColmagi (uuid: c98c1615-0764-41e1-848d-73152bfabe94): wat
[22:24:21] ben_shapiro2020 (uuid: 893a6ed2-6228-4554-a52c-fbaed0f96c6e): perfectly balanced as all things should be
[22:24:27] TheRealColmagi (uuid: c98c1615-0764-41e1-848d-73152bfabe94): lmao
[22:24:33] iiBethanyii (uuid: 017ec225-2727-4d08-b15d-c5d9f307a55c): Ay
[22:24:37] TheRealColmagi (uuid: c98c1615-0764-41e1-848d-73152bfabe94): watch this niggas
[22:24:38] iiBethanyii (uuid: 017ec225-2727-4d08-b15d-c5d9f307a55c): Hes flying
[22:24:40] TheRealColmagi (uuid: c98c1615-0764-41e1-848d-73152bfabe94): watch this niggas
[22:24:43] iiBethanyii (uuid: 017ec225-2727-4d08-b15d-c5d9f307a55c): im tracer
[22:24:45] iiBethanyii (uuid: 017ec225-2727-4d08-b15d-c5d9f307a55c): i can see u
[22:24:55] ben_shapiro2020 (uuid: 893a6ed2-6228-4554-a52c-fbaed0f96c6e): im mia khalifa
[22:24:59] iiBethanyii (uuid: 017ec225-2727-4d08-b15d-c5d9f307a55c): im a jew
[22:25:02] ben_shapiro2020 (uuid: 893a6ed2-6228-4554-a52c-fbaed0f96c6e): hit or miss
[22:25:08] iiBethanyii (uuid: 017ec225-2727-4d08-b15d-c5d9f307a55c): im going to kill you
[22:25:09] TheRealColmagi (uuid: c98c1615-0764-41e1-848d-73152bfabe94): im levi
[22:25:13] iiBethanyii (uuid: 017ec225-2727-4d08-b15d-c5d9f307a55c): jamesa ginve op
[22:25:22] TheRealColmagi (uuid: c98c1615-0764-41e1-848d-73152bfabe94): o i cucked him
[22:25:25] iiBethanyii (uuid: 017ec225-2727-4d08-b15d-c5d9f307a55c): or can i fly
[22:25:27] TheRealColmagi (uuid: c98c1615-0764-41e1-848d-73152bfabe94): watch this
[22:25:59] TheRealColmagi (uuid: c98c1615-0764-41e1-848d-73152bfabe94): i am captain levi
[22:26:02] TheRealColmagi (uuid: c98c1615-0764-41e1-848d-73152bfabe94): killin giants like a mofo
[22:26:17] iiBethanyii (uuid: 017ec225-2727-4d08-b15d-c5d9f307a55c): slimefun
[22:26:44] bryantandpat (uuid: 7961a874-c35f-4f34-a0d1-37205c235291): ride with the mob
[22:26:47] bryantandpat (uuid: 7961a874-c35f-4f34-a0d1-37205c235291): hum to allah
[22:26:50] bryantandpat (uuid: 7961a874-c35f-4f34-a0d1-37205c235291): check in with me
[22:26:50] ben_shapiro2020 (uuid: 893a6ed2-6228-4554-a52c-fbaed0f96c6e): nibber im not flying
[22:26:54] TheRealColmagi (uuid: c98c1615-0764-41e1-848d-73152bfabe94): MHM
[22:26:54] bryantandpat (uuid: 7961a874-c35f-4f34-a0d1-37205c235291): and do your job
[22:26:58] TheRealColmagi (uuid: c98c1615-0764-41e1-848d-73152bfabe94): watch me pull up anticheat agian
[22:27:05] ben_shapiro2020 (uuid: 893a6ed2-6228-4554-a52c-fbaed0f96c6e): im using speed
[22:27:17] bryantandpat (uuid: 7961a874-c35f-4f34-a0d1-37205c235291): mhm why was the boat flying
[22:27:21] iiBethanyii (uuid: 017ec225-2727-4d08-b15d-c5d9f307a55c): im outsmarting anticheat
[22:27:26] TheRealColmagi (uuid: c98c1615-0764-41e1-848d-73152bfabe94): there is no anticheat
[22:27:31] bryantandpat (uuid: 7961a874-c35f-4f34-a0d1-37205c235291): ye cant detect speedclicker
[22:27:35] iiBethanyii (uuid: 017ec225-2727-4d08-b15d-c5d9f307a55c): SHHH
[22:27:41] TheRealColmagi (uuid: c98c1615-0764-41e1-848d-73152bfabe94): i had to get rid of it
[22:27:42] iiBethanyii (uuid: 017ec225-2727-4d08-b15d-c5d9f307a55c): i will rape u matthew
[22:27:42] bryantandpat (uuid: 7961a874-c35f-4f34-a0d1-37205c235291): ay no worries
[22:27:47] TheRealColmagi (uuid: c98c1615-0764-41e1-848d-73152bfabe94): ian ur banned too
[22:27:47] iiBethanyii (uuid: 017ec225-2727-4d08-b15d-c5d9f307a55c): i will delete it
[22:27:56] iiBethanyii (uuid: 017ec225-2727-4d08-b15d-c5d9f307a55c): hello
[22:27:56] bryantandpat (uuid: 7961a874-c35f-4f34-a0d1-37205c235291): LMAO
[22:27:57] iiBethanyii (uuid: 017ec225-2727-4d08-b15d-c5d9f307a55c): elytra
[22:28:11] ben_shapiro2020 (uuid: 893a6ed2-6228-4554-a52c-fbaed0f96c6e): james jew is a fagget
[22:28:19] bryantandpat (uuid: 7961a874-c35f-4f34-a0d1-37205c235291): where r u ian
[22:28:24] iiBethanyii (uuid: 017ec225-2727-4d08-b15d-c5d9f307a55c): flying above u
[22:28:28] iiBethanyii (uuid: 017ec225-2727-4d08-b15d-c5d9f307a55c): chicken
[22:28:29] bryantandpat (uuid: 7961a874-c35f-4f34-a0d1-37205c235291): mh
[22:28:40] iiBethanyii (uuid: 017ec225-2727-4d08-b15d-c5d9f307a55c): alex flyjnh
[22:28:51] bryantandpat (uuid: 7961a874-c35f-4f34-a0d1-37205c235291): yo u guys should 1v1 again
[22:28:58] bryantandpat (uuid: 7961a874-c35f-4f34-a0d1-37205c235291): see who activates killaura first
[22:29:02] iiBethanyii (uuid: 017ec225-2727-4d08-b15d-c5d9f307a55c): ez
[22:29:12] iiBethanyii (uuid: 017ec225-2727-4d08-b15d-c5d9f307a55c): i school shooted him
[22:29:35] iiBethanyii (uuid: 017ec225-2727-4d08-b15d-c5d9f307a55c): james are autoclickers allowed
[22:29:36] iiBethanyii (uuid: 017ec225-2727-4d08-b15d-c5d9f307a55c): 15 CPS
[22:29:37] TheRealColmagi (uuid: c98c1615-0764-41e1-848d-73152bfabe94): no
[22:29:53] bryantandpat (uuid: 7961a874-c35f-4f34-a0d1-37205c235291): no worries i can click 10 cps without hacks
[22:30:04] iiBethanyii (uuid: 017ec225-2727-4d08-b15d-c5d9f307a55c): mhm
[22:30:18] iiBethanyii (uuid: 017ec225-2727-4d08-b15d-c5d9f307a55c): stop flying u jew
[22:30:42] iiBethanyii (uuid: 017ec225-2727-4d08-b15d-c5d9f307a55c): JEOSS
[22:30:56] iiBethanyii (uuid: 017ec225-2727-4d08-b15d-c5d9f307a55c): how much health
[22:31:04] TheRealColmagi (uuid: c98c1615-0764-41e1-848d-73152bfabe94): nigga
[22:31:06] TheRealColmagi (uuid: c98c1615-0764-41e1-848d-73152bfabe94): im levi
[22:31:08] TheRealColmagi (uuid: c98c1615-0764-41e1-848d-73152bfabe94): let me kill em
[22:31:13] iiBethanyii (uuid: 017ec225-2727-4d08-b15d-c5d9f307a55c): Spawn giant chicken
[22:32:00] TheRealColmagi (uuid: c98c1615-0764-41e1-848d-73152bfabe94): oops
[22:32:10] iiBethanyii (uuid: 017ec225-2727-4d08-b15d-c5d9f307a55c): chicken
[22:32:41] TheRealColmagi (uuid: c98c1615-0764-41e1-848d-73152bfabe94): stop killing em dammit
[22:32:46] iiBethanyii (uuid: 017ec225-2727-4d08-b15d-c5d9f307a55c): What are u doing
[22:32:51] TheRealColmagi (uuid: c98c1615-0764-41e1-848d-73152bfabe94): fighting giants
[22:32:57] iiBethanyii (uuid: 017ec225-2727-4d08-b15d-c5d9f307a55c): They dint even fight back
[22:33:02] TheRealColmagi (uuid: c98c1615-0764-41e1-848d-73152bfabe94): its cool tho
[22:33:08] iiBethanyii (uuid: 017ec225-2727-4d08-b15d-c5d9f307a55c): Giant ghast
[22:33:14] bryantandpat (uuid: 7961a874-c35f-4f34-a0d1-37205c235291): LMAO
[22:33:21] bryantandpat (uuid: 7961a874-c35f-4f34-a0d1-37205c235291): search up i was almost a school shooter ted talk
[22:33:29] TheRealColmagi (uuid: c98c1615-0764-41e1-848d-73152bfabe94): mhm
[22:33:35] iiBethanyii (uuid: 017ec225-2727-4d08-b15d-c5d9f307a55c): where are u alex
[22:33:35] bryantandpat (uuid: 7961a874-c35f-4f34-a0d1-37205c235291): bruh wtf
[22:33:38] iiBethanyii (uuid: 017ec225-2727-4d08-b15d-c5d9f307a55c): james can i have fixall
[22:33:44] bryantandpat (uuid: 7961a874-c35f-4f34-a0d1-37205c235291): alex has like speed 3 or smth
[22:33:51] iiBethanyii (uuid: 017ec225-2727-4d08-b15d-c5d9f307a55c): hes flying
[22:34:01] iiBethanyii (uuid: 017ec225-2727-4d08-b15d-c5d9f307a55c): where he disconnectr
[22:34:46] TheRealColmagi (uuid: c98c1615-0764-41e1-848d-73152bfabe94): i just boosted up at 10000 mph wtf
[22:35:03] bryantandpat (uuid: 7961a874-c35f-4f34-a0d1-37205c235291): how do u see ur mph
[22:35:23] TheRealColmagi (uuid: c98c1615-0764-41e1-848d-73152bfabe94): o i was guessing
[22:35:27] bryantandpat (uuid: 7961a874-c35f-4f34-a0d1-37205c235291): o
[22:35:41] iiBethanyii (uuid: 017ec225-2727-4d08-b15d-c5d9f307a55c): (sqrt gayness * 3)^ 69
[22:39:45] iiBethanyii (uuid: 017ec225-2727-4d08-b15d-c5d9f307a55c): ez
[22:39:53] ben_shapiro2020 (uuid: 893a6ed2-6228-4554-a52c-fbaed0f96c6e): ian likes to eat giant cocks
[22:39:58] iiBethanyii (uuid: 017ec225-2727-4d08-b15d-c5d9f307a55c): whos ian
[22:40:00] bryantandpat (uuid: 7961a874-c35f-4f34-a0d1-37205c235291): mhm
[22:40:21] iiBethanyii (uuid: 017ec225-2727-4d08-b15d-c5d9f307a55c): are u talking about that black kid
[22:40:25] ben_shapiro2020 (uuid: 893a6ed2-6228-4554-a52c-fbaed0f96c6e): yes
[22:40:33] iiBethanyii (uuid: 017ec225-2727-4d08-b15d-c5d9f307a55c): He acts like a retard
[22:40:40] iiBethanyii (uuid: 017ec225-2727-4d08-b15d-c5d9f307a55c): He lives in a fucking apartment
[22:40:47] iiBethanyii (uuid: 017ec225-2727-4d08-b15d-c5d9f307a55c): and acts like he knows shit
[22:41:13] bryantandpat (uuid: 7961a874-c35f-4f34-a0d1-37205c235291): wtf
[22:41:18] bryantandpat (uuid: 7961a874-c35f-4f34-a0d1-37205c235291): just saw u flying
[22:41:28] ben_shapiro2020 (uuid: 893a6ed2-6228-4554-a52c-fbaed0f96c6e): im not flying
[22:41:30] ben_shapiro2020 (uuid: 893a6ed2-6228-4554-a52c-fbaed0f96c6e): wtf
[22:41:32] bryantandpat (uuid: 7961a874-c35f-4f34-a0d1-37205c235291): ian
[22:42:01] iiBethanyii (uuid: 017ec225-2727-4d08-b15d-c5d9f307a55c): mhm
[22:42:14] ben_shapiro2020 (uuid: 893a6ed2-6228-4554-a52c-fbaed0f96c6e): why dont u shove that up ur ass
[22:42:19] iiBethanyii (uuid: 017ec225-2727-4d08-b15d-c5d9f307a55c): i did
[22:42:27] ben_shapiro2020 (uuid: 893a6ed2-6228-4554-a52c-fbaed0f96c6e): i heard ian was really gay too
[22:42:54] iiBethanyii (uuid: 017ec225-2727-4d08-b15d-c5d9f307a55c): raged
[22:43:11] iiBethanyii (uuid: 017ec225-2727-4d08-b15d-c5d9f307a55c): so borred
[22:45:05] bryantandpat (uuid: 7961a874-c35f-4f34-a0d1-37205c235291): ay
[22:45:07] bryantandpat (uuid: 7961a874-c35f-4f34-a0d1-37205c235291): chill
[22:45:20] iiBethanyii (uuid: 017ec225-2727-4d08-b15d-c5d9f307a55c): I wont kill u
[22:45:23] iiBethanyii (uuid: 017ec225-2727-4d08-b15d-c5d9f307a55c): ican see ur health
[22:45:31] iiBethanyii (uuid: 017ec225-2727-4d08-b15d-c5d9f307a55c): no running
[22:45:38] bryantandpat (uuid: 7961a874-c35f-4f34-a0d1-37205c235291): bruh
[22:45:41] bryantandpat (uuid: 7961a874-c35f-4f34-a0d1-37205c235291): im trying to get flowers
[22:45:47] iiBethanyii (uuid: 017ec225-2727-4d08-b15d-c5d9f307a55c): cool
[22:45:52] iiBethanyii (uuid: 017ec225-2727-4d08-b15d-c5d9f307a55c): use bonemeal
[22:45:53] PiranhaBoy (uuid: 068bfb61-fb8a-4553-8305-2af64537cadb): wtf
[22:45:58] bryantandpat (uuid: 7961a874-c35f-4f34-a0d1-37205c235291): derek help
[22:46:00] bryantandpat (uuid: 7961a874-c35f-4f34-a0d1-37205c235291): ians raping me
[22:46:13] iiBethanyii (uuid: 017ec225-2727-4d08-b15d-c5d9f307a55c): I can make u a flower farm
[22:46:18] PiranhaBoy (uuid: 068bfb61-fb8a-4553-8305-2af64537cadb): mhm
[22:46:31] bryantandpat (uuid: 7961a874-c35f-4f34-a0d1-37205c235291): fuck off
[22:46:43] iiBethanyii (uuid: 017ec225-2727-4d08-b15d-c5d9f307a55c): No run
[22:46:45] bryantandpat (uuid: 7961a874-c35f-4f34-a0d1-37205c235291): wtf
[22:46:49] bryantandpat (uuid: 7961a874-c35f-4f34-a0d1-37205c235291): how r u teleporting
[22:46:52] iiBethanyii (uuid: 017ec225-2727-4d08-b15d-c5d9f307a55c): Im not
[22:46:57] bryantandpat (uuid: 7961a874-c35f-4f34-a0d1-37205c235291): mhm
[22:46:59] iiBethanyii (uuid: 017ec225-2727-4d08-b15d-c5d9f307a55c): elytra
[22:47:00] iiBethanyii (uuid: 017ec225-2727-4d08-b15d-c5d9f307a55c): watch
[22:47:08] iiBethanyii (uuid: 017ec225-2727-4d08-b15d-c5d9f307a55c): Brb
[22:52:52] iiBethanyii (uuid: 017ec225-2727-4d08-b15d-c5d9f307a55c): aw ye
[22:52:56] iiBethanyii (uuid: 017ec225-2727-4d08-b15d-c5d9f307a55c): derek
[22:53:16] iiBethanyii (uuid: 017ec225-2727-4d08-b15d-c5d9f307a55c): dereeke
[22:53:46] PiranhaBoy (uuid: 068bfb61-fb8a-4553-8305-2af64537cadb): anyone else lagging
[22:53:51] iiBethanyii (uuid: 017ec225-2727-4d08-b15d-c5d9f307a55c): just u
[22:54:07] bryantandpat (uuid: 7961a874-c35f-4f34-a0d1-37205c235291): is dark oak the same as spruce
[22:54:14] iiBethanyii (uuid: 017ec225-2727-4d08-b15d-c5d9f307a55c): are you autistic
[22:54:22] iiBethanyii (uuid: 017ec225-2727-4d08-b15d-c5d9f307a55c): if the answer is yes then yes
[23:00:01] iiBethanyii (uuid: 017ec225-2727-4d08-b15d-c5d9f307a55c): matthew
[23:00:03] iiBethanyii (uuid: 017ec225-2727-4d08-b15d-c5d9f307a55c): i made u smth
[23:00:04] iiBethanyii (uuid: 017ec225-2727-4d08-b15d-c5d9f307a55c): tpa
[23:00:12] bryantandpat (uuid: 7961a874-c35f-4f34-a0d1-37205c235291): oyeyeyeye
[23:00:15] iiBethanyii (uuid: 017ec225-2727-4d08-b15d-c5d9f307a55c): seriously
[23:00:26] iiBethanyii (uuid: 017ec225-2727-4d08-b15d-c5d9f307a55c): tp to me
[23:00:39] iiBethanyii (uuid: 017ec225-2727-4d08-b15d-c5d9f307a55c): stand here
[23:00:49] iiBethanyii (uuid: 017ec225-2727-4d08-b15d-c5d9f307a55c): here
[23:00:50] bryantandpat (uuid: 7961a874-c35f-4f34-a0d1-37205c235291): mhm
[23:00:54] iiBethanyii (uuid: 017ec225-2727-4d08-b15d-c5d9f307a55c): Dispensers cant move
[23:00:57] iiBethanyii (uuid: 017ec225-2727-4d08-b15d-c5d9f307a55c): it wont kill u
[23:01:01] iiBethanyii (uuid: 017ec225-2727-4d08-b15d-c5d9f307a55c): u jew
[23:01:05] iiBethanyii (uuid: 017ec225-2727-4d08-b15d-c5d9f307a55c): i made an auto flower farmer
[23:01:07] iiBethanyii (uuid: 017ec225-2727-4d08-b15d-c5d9f307a55c): fagola
[23:01:19] bryantandpat (uuid: 7961a874-c35f-4f34-a0d1-37205c235291): wym
[23:01:21] iiBethanyii (uuid: 017ec225-2727-4d08-b15d-c5d9f307a55c): do u want it or not
[23:01:26] bryantandpat (uuid: 7961a874-c35f-4f34-a0d1-37205c235291): why r all the pistons pointing at me
[23:01:33] PiranhaBoy (uuid: 068bfb61-fb8a-4553-8305-2af64537cadb): LOL
[23:01:35] iiBethanyii (uuid: 017ec225-2727-4d08-b15d-c5d9f307a55c): Because u can pick up drops
[23:01:39] iiBethanyii (uuid: 017ec225-2727-4d08-b15d-c5d9f307a55c): Fine
[23:01:42] iiBethanyii (uuid: 017ec225-2727-4d08-b15d-c5d9f307a55c): dont stand i nthe middle
[23:01:45] iiBethanyii (uuid: 017ec225-2727-4d08-b15d-c5d9f307a55c): tpa
[23:02:07] iiBethanyii (uuid: 017ec225-2727-4d08-b15d-c5d9f307a55c): i wil lfucking sexually anal u
[23:02:11] bryantandpat (uuid: 7961a874-c35f-4f34-a0d1-37205c235291): wait im doing smth
[23:02:27] iiBethanyii (uuid: 017ec225-2727-4d08-b15d-c5d9f307a55c): there
[23:02:28] iiBethanyii (uuid: 017ec225-2727-4d08-b15d-c5d9f307a55c): ee
[23:02:29] iiBethanyii (uuid: 017ec225-2727-4d08-b15d-c5d9f307a55c): wont hurt
[23:02:34] iiBethanyii (uuid: 017ec225-2727-4d08-b15d-c5d9f307a55c): free flowers
[23:02:37] bryantandpat (uuid: 7961a874-c35f-4f34-a0d1-37205c235291): wait how does it work
[23:02:37] PiranhaBoy (uuid: 068bfb61-fb8a-4553-8305-2af64537cadb): someone give me 25k
[23:02:45] iiBethanyii (uuid: 017ec225-2727-4d08-b15d-c5d9f307a55c): it works because it works
[23:02:51] iiBethanyii (uuid: 017ec225-2727-4d08-b15d-c5d9f307a55c): U can sell my gunpowder
[23:02:55] PiranhaBoy (uuid: 068bfb61-fb8a-4553-8305-2af64537cadb): sure
[23:03:01] iiBethanyii (uuid: 017ec225-2727-4d08-b15d-c5d9f307a55c): but u have to pay me
[23:03:10] bryantandpat (uuid: 7961a874-c35f-4f34-a0d1-37205c235291): LMAO
[23:03:18] PiranhaBoy (uuid: 068bfb61-fb8a-4553-8305-2af64537cadb): mhm
[23:03:26] iiBethanyii (uuid: 017ec225-2727-4d08-b15d-c5d9f307a55c): I worked hard for gunpowder
[23:03:27] PiranhaBoy (uuid: 068bfb61-fb8a-4553-8305-2af64537cadb): how much gunpowder you hot
[23:03:28] iiBethanyii (uuid: 017ec225-2727-4d08-b15d-c5d9f307a55c): i want profits
[23:03:33] iiBethanyii (uuid: 017ec225-2727-4d08-b15d-c5d9f307a55c): Chests full
[23:09:43] PiranhaBoy (uuid: 068bfb61-fb8a-4553-8305-2af64537cadb): t
[23:11:12] iiBethanyii (uuid: 017ec225-2727-4d08-b15d-c5d9f307a55c): auts
[23:11:14] TheRealColmagi (uuid: c98c1615-0764-41e1-848d-73152bfabe94): LOL
[23:11:33] iiBethanyii (uuid: 017ec225-2727-4d08-b15d-c5d9f307a55c): james when can we get slimefun
[23:11:43] TheRealColmagi (uuid: c98c1615-0764-41e1-848d-73152bfabe94): i aint got fkn time
[23:11:46] iiBethanyii (uuid: 017ec225-2727-4d08-b15d-c5d9f307a55c): ;c
[23:11:52] TheRealColmagi (uuid: c98c1615-0764-41e1-848d-73152bfabe94): where derek
[23:12:02] PiranhaBoy (uuid: 068bfb61-fb8a-4553-8305-2af64537cadb): im good
[23:13:18] iiBethanyii (uuid: 017ec225-2727-4d08-b15d-c5d9f307a55c): do u have time to op me
[23:13:40] TheRealColmagi (uuid: c98c1615-0764-41e1-848d-73152bfabe94): i would not op u even if i had time
[23:13:45] iiBethanyii (uuid: 017ec225-2727-4d08-b15d-c5d9f307a55c): fuck me
[23:13:53] TheRealColmagi (uuid: c98c1615-0764-41e1-848d-73152bfabe94): u want new bird?
[23:14:07] PiranhaBoy (uuid: 068bfb61-fb8a-4553-8305-2af64537cadb): and 13 stacks of bread
[23:14:12] TheRealColmagi (uuid: c98c1615-0764-41e1-848d-73152bfabe94): jesus
[23:14:19] TheRealColmagi (uuid: c98c1615-0764-41e1-848d-73152bfabe94): wtf
[23:14:24] PiranhaBoy (uuid: 068bfb61-fb8a-4553-8305-2af64537cadb): i want another fuck a doodle doo blue
[23:14:35] TheRealColmagi (uuid: c98c1615-0764-41e1-848d-73152bfabe94): jesus
[23:14:35] PiranhaBoy (uuid: 068bfb61-fb8a-4553-8305-2af64537cadb): dont hut the villagers
[23:15:06] TheRealColmagi (uuid: c98c1615-0764-41e1-848d-73152bfabe94): go
[23:15:23] TheRealColmagi (uuid: c98c1615-0764-41e1-848d-73152bfabe94): there
[23:18:56] TheRealColmagi (uuid: c98c1615-0764-41e1-848d-73152bfabe94): dese fuckers fuckin
[23:19:18] iiBethanyii (uuid: 017ec225-2727-4d08-b15d-c5d9f307a55c): wait holy shit
[23:19:22] iiBethanyii (uuid: 017ec225-2727-4d08-b15d-c5d9f307a55c): I realized this forms a penis
[23:19:23] iiBethanyii (uuid: 017ec225-2727-4d08-b15d-c5d9f307a55c): ez
[23:19:41] TheRealColmagi (uuid: c98c1615-0764-41e1-848d-73152bfabe94): derek wtf u doin
[23:19:58] PiranhaBoy (uuid: 068bfb61-fb8a-4553-8305-2af64537cadb): MY PAROT DROWNED
[23:20:05] TheRealColmagi (uuid: c98c1615-0764-41e1-848d-73152bfabe94): u dont get another one
[23:20:08] TheRealColmagi (uuid: c98c1615-0764-41e1-848d-73152bfabe94): PETA called
[23:20:16] TheRealColmagi (uuid: c98c1615-0764-41e1-848d-73152bfabe94): they dont think u can handle a pet
[23:20:18] PiranhaBoy (uuid: 068bfb61-fb8a-4553-8305-2af64537cadb): NIBAB I SWEAR IM GOOD
[23:20:28] TheRealColmagi (uuid: c98c1615-0764-41e1-848d-73152bfabe94): u managed to get 2 parrots killed
[23:20:42] PiranhaBoy (uuid: 068bfb61-fb8a-4553-8305-2af64537cadb): their dumb nigga fault
[23:20:46] bryantandpat (uuid: 7961a874-c35f-4f34-a0d1-37205c235291): holy shit
[23:20:56] bryantandpat (uuid: 7961a874-c35f-4f34-a0d1-37205c235291): how do u stop this damn mycelium from grwogin
[23:21:01] TheRealColmagi (uuid: c98c1615-0764-41e1-848d-73152bfabe94): idk
[23:21:08] PiranhaBoy (uuid: 068bfb61-fb8a-4553-8305-2af64537cadb): wtf is mycelium
[23:21:23] TheRealColmagi (uuid: c98c1615-0764-41e1-848d-73152bfabe94): there
[23:21:27] bryantandpat (uuid: 7961a874-c35f-4f34-a0d1-37205c235291): its a type of dirt
[23:21:27] TheRealColmagi (uuid: c98c1615-0764-41e1-848d-73152bfabe94): blue jew
[23:21:38] iiBethanyii (uuid: 017ec225-2727-4d08-b15d-c5d9f307a55c): put in under smth
[23:21:44] iiBethanyii (uuid: 017ec225-2727-4d08-b15d-c5d9f307a55c): i mean under the sun
[23:21:49] iiBethanyii (uuid: 017ec225-2727-4d08-b15d-c5d9f307a55c): give it direct access to sky
[23:21:59] iiBethanyii (uuid: 017ec225-2727-4d08-b15d-c5d9f307a55c): mushrooms grow only in dark
[23:22:02] TheRealColmagi (uuid: c98c1615-0764-41e1-848d-73152bfabe94): deek u can put him w my bird
[23:22:04] TheRealColmagi (uuid: c98c1615-0764-41e1-848d-73152bfabe94): on the lower perch
[23:22:13] PiranhaBoy (uuid: 068bfb61-fb8a-4553-8305-2af64537cadb): what if our birds have sex
[23:22:15] iiBethanyii (uuid: 017ec225-2727-4d08-b15d-c5d9f307a55c): deag
[23:22:20] PiranhaBoy (uuid: 068bfb61-fb8a-4553-8305-2af64537cadb): they would have great sex
[23:22:23] TheRealColmagi (uuid: c98c1615-0764-41e1-848d-73152bfabe94): u cant breed parrots
[23:22:51] TheRealColmagi (uuid: c98c1615-0764-41e1-848d-73152bfabe94): pick him up
[23:22:56] TheRealColmagi (uuid: c98c1615-0764-41e1-848d-73152bfabe94): then jump onto the end rod
[23:22:58] TheRealColmagi (uuid: c98c1615-0764-41e1-848d-73152bfabe94): then jump again
[23:23:02] TheRealColmagi (uuid: c98c1615-0764-41e1-848d-73152bfabe94): then make him shit
[23:23:12] TheRealColmagi (uuid: c98c1615-0764-41e1-848d-73152bfabe94): ez
[23:23:18] TheRealColmagi (uuid: c98c1615-0764-41e1-848d-73152bfabe94): AUTS HAHA
[23:23:37] PiranhaBoy (uuid: 068bfb61-fb8a-4553-8305-2af64537cadb): nigga
[23:23:43] TheRealColmagi (uuid: c98c1615-0764-41e1-848d-73152bfabe94): LOL
[23:23:46] TheRealColmagi (uuid: c98c1615-0764-41e1-848d-73152bfabe94): HES MOCKIN U
[23:23:50] PiranhaBoy (uuid: 068bfb61-fb8a-4553-8305-2af64537cadb): this fucker
[23:24:32] PiranhaBoy (uuid: 068bfb61-fb8a-4553-8305-2af64537cadb): ur gna have to call peta soon
[23:24:37] TheRealColmagi (uuid: c98c1615-0764-41e1-848d-73152bfabe94): hahahaha
[23:25:45] bryantandpat (uuid: 7961a874-c35f-4f34-a0d1-37205c235291): wait i just relized
[23:25:57] bryantandpat (uuid: 7961a874-c35f-4f34-a0d1-37205c235291): in cow farms the parents have sex with their kids
[23:25:58] TheRealColmagi (uuid: c98c1615-0764-41e1-848d-73152bfabe94): deek finally got his bird onto it
[23:26:02] TheRealColmagi (uuid: c98c1615-0764-41e1-848d-73152bfabe94): ye
[23:26:06] TheRealColmagi (uuid: c98c1615-0764-41e1-848d-73152bfabe94): incest babies
[23:26:11] bryantandpat (uuid: 7961a874-c35f-4f34-a0d1-37205c235291): ez just like oedipus
[23:26:35] TheRealColmagi (uuid: c98c1615-0764-41e1-848d-73152bfabe94): o u very clever deek
[23:26:38] TheRealColmagi (uuid: c98c1615-0764-41e1-848d-73152bfabe94): fuck a doodle two
[23:26:39] PiranhaBoy (uuid: 068bfb61-fb8a-4553-8305-2af64537cadb): 
[23:26:51] PiranhaBoy (uuid: 068bfb61-fb8a-4553-8305-2af64537cadb): nibba give me my shit back
[23:26:55] TheRealColmagi (uuid: c98c1615-0764-41e1-848d-73152bfabe94): ?
[23:26:55] PiranhaBoy (uuid: 068bfb61-fb8a-4553-8305-2af64537cadb): huberts wearing it
[23:27:28] TheRealColmagi (uuid: c98c1615-0764-41e1-848d-73152bfabe94): mhm
[23:28:35] PiranhaBoy (uuid: 068bfb61-fb8a-4553-8305-2af64537cadb): WTF
[23:28:36] TheRealColmagi (uuid: c98c1615-0764-41e1-848d-73152bfabe94): NIGGA
[23:28:39] PiranhaBoy (uuid: 068bfb61-fb8a-4553-8305-2af64537cadb): I WAS AIMING AT YOU
[23:28:40] bryantandpat (uuid: 7961a874-c35f-4f34-a0d1-37205c235291): ian can u fix my shovel
[23:28:45] TheRealColmagi (uuid: c98c1615-0764-41e1-848d-73152bfabe94): NIGGA
[23:28:47] iiBethanyii (uuid: 017ec225-2727-4d08-b15d-c5d9f307a55c): no fuck u
[23:28:49] TheRealColmagi (uuid: c98c1615-0764-41e1-848d-73152bfabe94): IM GONNA FUCKING BAN YOU
[23:28:51] iiBethanyii (uuid: 017ec225-2727-4d08-b15d-c5d9f307a55c): james give me op
[23:28:56] bryantandpat (uuid: 7961a874-c35f-4f34-a0d1-37205c235291): gay
[23:30:23] bryantandpat (uuid: 7961a874-c35f-4f34-a0d1-37205c235291): rip
[23:33:50] iiBethanyii (uuid: 017ec225-2727-4d08-b15d-c5d9f307a55c): jesus fuckign christ
[23:33:52] iiBethanyii (uuid: 017ec225-2727-4d08-b15d-c5d9f307a55c): im bored
[23:34:43] bryantandpat (uuid: 7961a874-c35f-4f34-a0d1-37205c235291): go fap
[23:36:25] PiranhaBoy (uuid: 068bfb61-fb8a-4553-8305-2af64537cadb): shoulda names him louis II
[23:40:05] TheRealColmagi (uuid: c98c1615-0764-41e1-848d-73152bfabe94): LOL
[23:40:21] TheRealColmagi (uuid: c98c1615-0764-41e1-848d-73152bfabe94): dis nigga tryna build while in pvp
[23:40:30] bryantandpat (uuid: 7961a874-c35f-4f34-a0d1-37205c235291): canu not do that
[23:40:35] TheRealColmagi (uuid: c98c1615-0764-41e1-848d-73152bfabe94): no
[23:40:41] PiranhaBoy (uuid: 068bfb61-fb8a-4553-8305-2af64537cadb): thats lame
[23:40:56] PiranhaBoy (uuid: 068bfb61-fb8a-4553-8305-2af64537cadb): they made a fucking green coat
[23:41:05] TheRealColmagi (uuid: c98c1615-0764-41e1-848d-73152bfabe94): wat
[23:41:08] TheRealColmagi (uuid: c98c1615-0764-41e1-848d-73152bfabe94): o lmao
[23:42:15] TheRealColmagi (uuid: c98c1615-0764-41e1-848d-73152bfabe94): mhm
[23:47:14] iiBethanyii (uuid: 017ec225-2727-4d08-b15d-c5d9f307a55c): server fucking dead
[23:48:15] iiBethanyii (uuid: 017ec225-2727-4d08-b15d-c5d9f307a55c): Dere kare u alive
[23:48:21] iiBethanyii (uuid: 017ec225-2727-4d08-b15d-c5d9f307a55c): or are u fucking dead like everyone else
