[19:30:35] iMine03 (uuid: 0f9d4172-c235-4bd2-9897-490c4a93ddfe): i need mroe glass
[19:40:14] Hubert6194 (uuid: 1ae76006-6711-4e06-9e89-a7e9a547fbfd): ez
[19:40:26] bryantandpat (uuid: 7961a874-c35f-4f34-a0d1-37205c235291): is this ur hose
[19:40:28] Hubert6194 (uuid: 1ae76006-6711-4e06-9e89-a7e9a547fbfd): nah
[19:40:32] Hubert6194 (uuid: 1ae76006-6711-4e06-9e89-a7e9a547fbfd): thats alex nis
[19:40:34] bryantandpat (uuid: 7961a874-c35f-4f34-a0d1-37205c235291): o
[20:01:56] Hubert6194 (uuid: 1ae76006-6711-4e06-9e89-a7e9a547fbfd): i em gay
[20:07:45] Hubert6194 (uuid: 1ae76006-6711-4e06-9e89-a7e9a547fbfd): NICE
[20:07:48] Hubert6194 (uuid: 1ae76006-6711-4e06-9e89-a7e9a547fbfd): WITH YUWEN
[20:08:55] Hubert6194 (uuid: 1ae76006-6711-4e06-9e89-a7e9a547fbfd): IS THIS THE MINE U USE
[20:09:53] bryantandpat (uuid: 7961a874-c35f-4f34-a0d1-37205c235291): wtf enderman in the nether
[20:19:04] Hubert6194 (uuid: 1ae76006-6711-4e06-9e89-a7e9a547fbfd): jesos
[20:19:07] Hubert6194 (uuid: 1ae76006-6711-4e06-9e89-a7e9a547fbfd): how much u enchanting
[20:19:21] bryantandpat (uuid: 7961a874-c35f-4f34-a0d1-37205c235291): trying to get infinity
[20:21:14] Hubert6194 (uuid: 1ae76006-6711-4e06-9e89-a7e9a547fbfd): do u use this
[20:21:19] Hubert6194 (uuid: 1ae76006-6711-4e06-9e89-a7e9a547fbfd): dank mine
[20:25:00] bryantandpat (uuid: 7961a874-c35f-4f34-a0d1-37205c235291): whats that
[20:25:14] Hubert6194 (uuid: 1ae76006-6711-4e06-9e89-a7e9a547fbfd): what
[20:32:26] bryantandpat (uuid: 7961a874-c35f-4f34-a0d1-37205c235291): dank mine
[20:41:48] bryantandpat (uuid: 7961a874-c35f-4f34-a0d1-37205c235291): jesoss
[20:41:53] Hubert6194 (uuid: 1ae76006-6711-4e06-9e89-a7e9a547fbfd): chilll nigga
[20:41:53] bryantandpat (uuid: 7961a874-c35f-4f34-a0d1-37205c235291): what u doing
[20:41:58] Hubert6194 (uuid: 1ae76006-6711-4e06-9e89-a7e9a547fbfd): trying to ill my self
[20:42:08] bryantandpat (uuid: 7961a874-c35f-4f34-a0d1-37205c235291): dont jack it up too much
[20:42:13] Hubert6194 (uuid: 1ae76006-6711-4e06-9e89-a7e9a547fbfd): no worrrrries
[20:42:15] bryantandpat (uuid: 7961a874-c35f-4f34-a0d1-37205c235291): we're gna use it eventually
[22:05:09] iMine03 (uuid: 0f9d4172-c235-4bd2-9897-490c4a93ddfe): get more glass
[22:05:13] iMine03 (uuid: 0f9d4172-c235-4bd2-9897-490c4a93ddfe): we need to complete underwater thingy
[22:05:24] bryantandpat (uuid: 7961a874-c35f-4f34-a0d1-37205c235291): we still dont have enough quartz tho
[22:05:29] bryantandpat (uuid: 7961a874-c35f-4f34-a0d1-37205c235291): also hubert was building there
[22:05:37] iMine03 (uuid: 0f9d4172-c235-4bd2-9897-490c4a93ddfe): no worries some of the stuff can be glass panes
[22:05:38] iMine03 (uuid: 0f9d4172-c235-4bd2-9897-490c4a93ddfe): wtf
[22:05:46] bryantandpat (uuid: 7961a874-c35f-4f34-a0d1-37205c235291): i didnt claim the part between the building and the house
[22:05:51] bryantandpat (uuid: 7961a874-c35f-4f34-a0d1-37205c235291): can u claim
[22:05:55] iMine03 (uuid: 0f9d4172-c235-4bd2-9897-490c4a93ddfe): auts
[22:07:03] iMine03 (uuid: 0f9d4172-c235-4bd2-9897-490c4a93ddfe): wdym i can still build here
[22:07:09] iMine03 (uuid: 0f9d4172-c235-4bd2-9897-490c4a93ddfe): oh wait
[22:11:00] bryantandpat (uuid: 7961a874-c35f-4f34-a0d1-37205c235291): jesoss
[22:11:05] bryantandpat (uuid: 7961a874-c35f-4f34-a0d1-37205c235291): how much steak did u get lmao
[22:11:12] iMine03 (uuid: 0f9d4172-c235-4bd2-9897-490c4a93ddfe): 2 full stacks plus 14
[22:11:15] bryantandpat (uuid: 7961a874-c35f-4f34-a0d1-37205c235291): ezz
[22:11:26] iMine03 (uuid: 0f9d4172-c235-4bd2-9897-490c4a93ddfe): o damn did u build the nether portal
[22:11:28] bryantandpat (uuid: 7961a874-c35f-4f34-a0d1-37205c235291): ye
[22:11:38] bryantandpat (uuid: 7961a874-c35f-4f34-a0d1-37205c235291): o did u see the bow
[22:11:42] iMine03 (uuid: 0f9d4172-c235-4bd2-9897-490c4a93ddfe): we're loaded on bread and steak now
[22:11:44] iMine03 (uuid: 0f9d4172-c235-4bd2-9897-490c4a93ddfe): no
[22:11:48] bryantandpat (uuid: 7961a874-c35f-4f34-a0d1-37205c235291): power 4 flame unbreaking 3
[22:11:49] bryantandpat (uuid: 7961a874-c35f-4f34-a0d1-37205c235291): ezz
[22:11:52] iMine03 (uuid: 0f9d4172-c235-4bd2-9897-490c4a93ddfe): wtf
[22:11:54] iMine03 (uuid: 0f9d4172-c235-4bd2-9897-490c4a93ddfe): busted
[22:12:36] iMine03 (uuid: 0f9d4172-c235-4bd2-9897-490c4a93ddfe): nwo i need to make the cows have sex again
[22:12:52] bryantandpat (uuid: 7961a874-c35f-4f34-a0d1-37205c235291): ez
[22:13:29] iMine03 (uuid: 0f9d4172-c235-4bd2-9897-490c4a93ddfe): holy
[22:13:33] iMine03 (uuid: 0f9d4172-c235-4bd2-9897-490c4a93ddfe): we have so many furnaces
[22:13:47] bryantandpat (uuid: 7961a874-c35f-4f34-a0d1-37205c235291): ez
[22:14:13] iMine03 (uuid: 0f9d4172-c235-4bd2-9897-490c4a93ddfe): more glass
[22:15:53] bryantandpat (uuid: 7961a874-c35f-4f34-a0d1-37205c235291): FUCK
[22:15:59] iMine03 (uuid: 0f9d4172-c235-4bd2-9897-490c4a93ddfe): ez
[22:15:59] bryantandpat (uuid: 7961a874-c35f-4f34-a0d1-37205c235291): mb
[22:16:06] iMine03 (uuid: 0f9d4172-c235-4bd2-9897-490c4a93ddfe): u took outthe redstone
[22:16:10] iMine03 (uuid: 0f9d4172-c235-4bd2-9897-490c4a93ddfe): so the lift is probs broken
[22:16:13] bryantandpat (uuid: 7961a874-c35f-4f34-a0d1-37205c235291): fuckkkk
[22:23:44] TheRealColmagi (uuid: c98c1615-0764-41e1-848d-73152bfabe94): i got auts
[22:24:55] iMine03 (uuid: 0f9d4172-c235-4bd2-9897-490c4a93ddfe): kill mobs with power 4 bow
[22:24:57] TheRealColmagi (uuid: c98c1615-0764-41e1-848d-73152bfabe94): y yall houses so fked up
[22:25:04] bryantandpat (uuid: 7961a874-c35f-4f34-a0d1-37205c235291): wym
[22:25:14] TheRealColmagi (uuid: c98c1615-0764-41e1-848d-73152bfabe94): its like so fke dup
[22:25:42] bryantandpat (uuid: 7961a874-c35f-4f34-a0d1-37205c235291): jesos christ that baby zombie
[22:26:20] TheRealColmagi (uuid: c98c1615-0764-41e1-848d-73152bfabe94): lmao alex ni got an a e s t h e t i c a f h ouse
[22:26:49] iMine03 (uuid: 0f9d4172-c235-4bd2-9897-490c4a93ddfe): o shit
[22:26:57] iMine03 (uuid: 0f9d4172-c235-4bd2-9897-490c4a93ddfe): fuck
[22:27:08] iMine03 (uuid: 0f9d4172-c235-4bd2-9897-490c4a93ddfe): ez
[22:27:11] bryantandpat (uuid: 7961a874-c35f-4f34-a0d1-37205c235291): fuck
[22:27:11] TheRealColmagi (uuid: c98c1615-0764-41e1-848d-73152bfabe94): LMAO
[22:27:16] iMine03 (uuid: 0f9d4172-c235-4bd2-9897-490c4a93ddfe): no worries
[22:27:16] bryantandpat (uuid: 7961a874-c35f-4f34-a0d1-37205c235291): help me jamesag
[22:27:26] TheRealColmagi (uuid: c98c1615-0764-41e1-848d-73152bfabe94): r u guys poisoined
[22:27:29] bryantandpat (uuid: 7961a874-c35f-4f34-a0d1-37205c235291): ye
[22:27:30] TheRealColmagi (uuid: c98c1615-0764-41e1-848d-73152bfabe94): poison cant kill u
[22:27:33] bryantandpat (uuid: 7961a874-c35f-4f34-a0d1-37205c235291): o
[22:27:40] TheRealColmagi (uuid: c98c1615-0764-41e1-848d-73152bfabe94): only 1/2 a heart
[22:27:53] bryantandpat (uuid: 7961a874-c35f-4f34-a0d1-37205c235291): NIGGAA
[22:27:56] TheRealColmagi (uuid: c98c1615-0764-41e1-848d-73152bfabe94): w0t
[22:28:02] bryantandpat (uuid: 7961a874-c35f-4f34-a0d1-37205c235291): skeleton could have killed me
[22:28:06] TheRealColmagi (uuid: c98c1615-0764-41e1-848d-73152bfabe94): i save u
[22:28:11] bryantandpat (uuid: 7961a874-c35f-4f34-a0d1-37205c235291): thank
[22:28:25] TheRealColmagi (uuid: c98c1615-0764-41e1-848d-73152bfabe94): yall need full diamond
[22:28:44] bryantandpat (uuid: 7961a874-c35f-4f34-a0d1-37205c235291): nah thats for poo
[22:28:48] TheRealColmagi (uuid: c98c1615-0764-41e1-848d-73152bfabe94): mhm
[22:28:48] bryantandpat (uuid: 7961a874-c35f-4f34-a0d1-37205c235291): sies
[22:29:18] iMine03 (uuid: 0f9d4172-c235-4bd2-9897-490c4a93ddfe): cancer
[22:29:22] iMine03 (uuid: 0f9d4172-c235-4bd2-9897-490c4a93ddfe): bruh there's another witch over here
[22:29:24] iMine03 (uuid: 0f9d4172-c235-4bd2-9897-490c4a93ddfe): help
[22:29:27] bryantandpat (uuid: 7961a874-c35f-4f34-a0d1-37205c235291): ill get the bow
[22:29:43] TheRealColmagi (uuid: c98c1615-0764-41e1-848d-73152bfabe94): where
[22:29:54] bryantandpat (uuid: 7961a874-c35f-4f34-a0d1-37205c235291): i wanna kill'
[22:29:56] bryantandpat (uuid: 7961a874-c35f-4f34-a0d1-37205c235291): gay
[22:30:06] iMine03 (uuid: 0f9d4172-c235-4bd2-9897-490c4a93ddfe): jessoss
[22:30:08] iMine03 (uuid: 0f9d4172-c235-4bd2-9897-490c4a93ddfe): two hearts
[22:30:21] iMine03 (uuid: 0f9d4172-c235-4bd2-9897-490c4a93ddfe): fuck no
[22:30:23] iMine03 (uuid: 0f9d4172-c235-4bd2-9897-490c4a93ddfe): pls no
[22:30:35] iMine03 (uuid: 0f9d4172-c235-4bd2-9897-490c4a93ddfe): jesos fuck
[22:30:39] iMine03 (uuid: 0f9d4172-c235-4bd2-9897-490c4a93ddfe): 1 and a half hearts
[22:30:41] iMine03 (uuid: 0f9d4172-c235-4bd2-9897-490c4a93ddfe): niggaaaaa
[22:30:46] iMine03 (uuid: 0f9d4172-c235-4bd2-9897-490c4a93ddfe): i have 31 levels
[22:30:51] bryantandpat (uuid: 7961a874-c35f-4f34-a0d1-37205c235291): it doesnt kill u
[22:30:56] bryantandpat (uuid: 7961a874-c35f-4f34-a0d1-37205c235291): o enchant smth
[22:31:30] TheRealColmagi (uuid: c98c1615-0764-41e1-848d-73152bfabe94): o i have 57
[22:31:39] bryantandpat (uuid: 7961a874-c35f-4f34-a0d1-37205c235291): mhm
[22:31:51] iMine03 (uuid: 0f9d4172-c235-4bd2-9897-490c4a93ddfe): james gimme glass
[22:32:23] bryantandpat (uuid: 7961a874-c35f-4f34-a0d1-37205c235291): ersong what u building here
[22:33:17] iMine03 (uuid: 0f9d4172-c235-4bd2-9897-490c4a93ddfe): u have to memorize da penisssss
[22:33:22] TheRealColmagi (uuid: c98c1615-0764-41e1-848d-73152bfabe94): u have glass here
[22:33:28] TheRealColmagi (uuid: c98c1615-0764-41e1-848d-73152bfabe94): auts
[22:33:30] TheRealColmagi (uuid: c98c1615-0764-41e1-848d-73152bfabe94): gotta piss
[22:34:12] bryantandpat (uuid: 7961a874-c35f-4f34-a0d1-37205c235291): we should make a chicken farm
[22:34:16] bryantandpat (uuid: 7961a874-c35f-4f34-a0d1-37205c235291): for eggs and feathers
[22:35:00] TheRealColmagi (uuid: c98c1615-0764-41e1-848d-73152bfabe94): im back nigga
[22:35:03] TheRealColmagi (uuid: c98c1615-0764-41e1-848d-73152bfabe94): good piss
[22:35:08] bryantandpat (uuid: 7961a874-c35f-4f34-a0d1-37205c235291): good nut
[22:35:12] TheRealColmagi (uuid: c98c1615-0764-41e1-848d-73152bfabe94): where tf u guys get legend shit
[22:35:16] bryantandpat (uuid: 7961a874-c35f-4f34-a0d1-37205c235291): maple gave it
[22:35:19] TheRealColmagi (uuid: c98c1615-0764-41e1-848d-73152bfabe94): wow
[22:35:30] bryantandpat (uuid: 7961a874-c35f-4f34-a0d1-37205c235291): only good thing hes done so far
[22:36:00] TheRealColmagi (uuid: c98c1615-0764-41e1-848d-73152bfabe94): xd
[22:36:14] iMine03 (uuid: 0f9d4172-c235-4bd2-9897-490c4a93ddfe): gimme legend rank ;)
[22:36:21] TheRealColmagi (uuid: c98c1615-0764-41e1-848d-73152bfabe94): do u guys have a fortune pick
[22:36:25] bryantandpat (uuid: 7961a874-c35f-4f34-a0d1-37205c235291): ye
[22:36:43] TheRealColmagi (uuid: c98c1615-0764-41e1-848d-73152bfabe94): nvm lmao have my own
[22:36:49] TheRealColmagi (uuid: c98c1615-0764-41e1-848d-73152bfabe94): from back when i played legit survival
[22:36:58] bryantandpat (uuid: 7961a874-c35f-4f34-a0d1-37205c235291): cant u just make one in fcreative
[22:38:33] TheRealColmagi (uuid: c98c1615-0764-41e1-848d-73152bfabe94): wheres ur mine
[22:38:36] TheRealColmagi (uuid: c98c1615-0764-41e1-848d-73152bfabe94): gonnag et u fags some diamonds
[22:38:55] iMine03 (uuid: 0f9d4172-c235-4bd2-9897-490c4a93ddfe): tpa to matjew
[22:39:08] bryantandpat (uuid: 7961a874-c35f-4f34-a0d1-37205c235291): james why r there no emeralds
[22:39:15] TheRealColmagi (uuid: c98c1615-0764-41e1-848d-73152bfabe94): u gotta be in extreme hills biome
[22:39:18] TheRealColmagi (uuid: c98c1615-0764-41e1-848d-73152bfabe94): to find emerald ore
[22:39:18] bryantandpat (uuid: 7961a874-c35f-4f34-a0d1-37205c235291): o
[22:39:26] TheRealColmagi (uuid: c98c1615-0764-41e1-848d-73152bfabe94): rn we're in taiga hills
[22:39:33] iMine03 (uuid: 0f9d4172-c235-4bd2-9897-490c4a93ddfe): fuck off alex
[22:39:35] TheRealColmagi (uuid: c98c1615-0764-41e1-848d-73152bfabe94): why is
[22:39:38] TheRealColmagi (uuid: c98c1615-0764-41e1-848d-73152bfabe94): there glowstone here
[22:39:40] iMine03 (uuid: 0f9d4172-c235-4bd2-9897-490c4a93ddfe): no one likes ur fucking scumbag ass
[22:39:44] iMine03 (uuid: 0f9d4172-c235-4bd2-9897-490c4a93ddfe): oops wait
[22:39:52] iMine03 (uuid: 0f9d4172-c235-4bd2-9897-490c4a93ddfe): nvm i thought u were ben shapiro
[22:40:37] TheRealColmagi (uuid: c98c1615-0764-41e1-848d-73152bfabe94): LMAO
[22:40:41] TheRealColmagi (uuid: c98c1615-0764-41e1-848d-73152bfabe94): EZ DIAMONMDS
[22:40:44] bryantandpat (uuid: 7961a874-c35f-4f34-a0d1-37205c235291): where
[22:40:56] TheRealColmagi (uuid: c98c1615-0764-41e1-848d-73152bfabe94): holy fortune 3 busted
[22:41:00] TheRealColmagi (uuid: c98c1615-0764-41e1-848d-73152bfabe94): 14 from one vein
[22:41:03] bryantandpat (uuid: 7961a874-c35f-4f34-a0d1-37205c235291): fuck u took them?
[22:41:12] ben_shapiro2020 (uuid: 893a6ed2-6228-4554-a52c-fbaed0f96c6e): come to my base
[22:41:19] ben_shapiro2020 (uuid: 893a6ed2-6228-4554-a52c-fbaed0f96c6e): 14 is nothign
[22:42:56] TheRealColmagi (uuid: c98c1615-0764-41e1-848d-73152bfabe94): call me god
[22:42:59] TheRealColmagi (uuid: c98c1615-0764-41e1-848d-73152bfabe94): found more diamonds
[22:43:02] bryantandpat (uuid: 7961a874-c35f-4f34-a0d1-37205c235291): jesos
[22:43:08] bryantandpat (uuid: 7961a874-c35f-4f34-a0d1-37205c235291): why do u need them
[22:43:13] TheRealColmagi (uuid: c98c1615-0764-41e1-848d-73152bfabe94): mining em for u guyus nigga
[22:43:16] bryantandpat (uuid: 7961a874-c35f-4f34-a0d1-37205c235291): o thx
[22:43:36] TheRealColmagi (uuid: c98c1615-0764-41e1-848d-73152bfabe94): wait my dreams are wack af
[22:43:41] TheRealColmagi (uuid: c98c1615-0764-41e1-848d-73152bfabe94): had one where my bird actually liked me
[22:44:06] ben_shapiro2020 (uuid: 893a6ed2-6228-4554-a52c-fbaed0f96c6e): probably had one where michelle actually liked you too
[22:44:20] bryantandpat (uuid: 7961a874-c35f-4f34-a0d1-37205c235291): o shit
[22:44:37] TheRealColmagi (uuid: c98c1615-0764-41e1-848d-73152bfabe94): cunt
[22:46:31] ben_shapiro2020 (uuid: 893a6ed2-6228-4554-a52c-fbaed0f96c6e): someones salty
[22:46:43] TheRealColmagi (uuid: c98c1615-0764-41e1-848d-73152bfabe94): and you wonder why u dont have a rank
[22:49:12] bryantandpat (uuid: 7961a874-c35f-4f34-a0d1-37205c235291): ez found diamonds
[22:51:37] bryantandpat (uuid: 7961a874-c35f-4f34-a0d1-37205c235291): james can u give me one more lvl
[22:52:11] bryantandpat (uuid: 7961a874-c35f-4f34-a0d1-37205c235291): nvm
[22:54:13] TheRealColmagi (uuid: c98c1615-0764-41e1-848d-73152bfabe94): gotem
[22:54:27] bryantandpat (uuid: 7961a874-c35f-4f34-a0d1-37205c235291): what
[22:57:15] TheRealColmagi (uuid: c98c1615-0764-41e1-848d-73152bfabe94): found abandoned mineshaft
[22:57:32] ben_shapiro2020 (uuid: 893a6ed2-6228-4554-a52c-fbaed0f96c6e): very cool kanye thank you
[22:58:33] TheRealColmagi (uuid: c98c1615-0764-41e1-848d-73152bfabe94): 2 chests ez
[23:09:50] TheRealColmagi (uuid: c98c1615-0764-41e1-848d-73152bfabe94): ay nigga
[23:10:03] bryantandpat (uuid: 7961a874-c35f-4f34-a0d1-37205c235291): nani
[23:10:13] bryantandpat (uuid: 7961a874-c35f-4f34-a0d1-37205c235291): howd u get here so fast
[23:10:17] TheRealColmagi (uuid: c98c1615-0764-41e1-848d-73152bfabe94): tped
[23:10:23] TheRealColmagi (uuid: c98c1615-0764-41e1-848d-73152bfabe94): i gotchu some seeds
[23:10:24] TheRealColmagi (uuid: c98c1615-0764-41e1-848d-73152bfabe94): for ur farm
[23:10:28] bryantandpat (uuid: 7961a874-c35f-4f34-a0d1-37205c235291): holy shitttt 38 diamonds
[23:10:33] bryantandpat (uuid: 7961a874-c35f-4f34-a0d1-37205c235291): howd u find so many
[23:10:36] TheRealColmagi (uuid: c98c1615-0764-41e1-848d-73152bfabe94): fortune
[23:10:39] bryantandpat (uuid: 7961a874-c35f-4f34-a0d1-37205c235291): jesos
[23:10:50] bryantandpat (uuid: 7961a874-c35f-4f34-a0d1-37205c235291): kk thx
[23:12:14] TheRealColmagi (uuid: c98c1615-0764-41e1-848d-73152bfabe94): 3 name tags
[23:12:27] bryantandpat (uuid: 7961a874-c35f-4f34-a0d1-37205c235291): jesos how do u find so much stuff so fast
[23:12:41] bryantandpat (uuid: 7961a874-c35f-4f34-a0d1-37205c235291): actually god?
[23:12:44] TheRealColmagi (uuid: c98c1615-0764-41e1-848d-73152bfabe94): ez
[23:13:40] TheRealColmagi (uuid: c98c1615-0764-41e1-848d-73152bfabe94): im gonna name ur cows NIGGER
[23:13:44] bryantandpat (uuid: 7961a874-c35f-4f34-a0d1-37205c235291): kk
[23:13:49] TheRealColmagi (uuid: c98c1615-0764-41e1-848d-73152bfabe94): ur cows dyin
[23:13:54] TheRealColmagi (uuid: c98c1615-0764-41e1-848d-73152bfabe94): LMAO
[23:13:54] bryantandpat (uuid: 7961a874-c35f-4f34-a0d1-37205c235291): rip
[23:13:57] TheRealColmagi (uuid: c98c1615-0764-41e1-848d-73152bfabe94): HE GREW UP AND SUFFOCATED
[23:13:57] bryantandpat (uuid: 7961a874-c35f-4f34-a0d1-37205c235291): why
[23:14:00] bryantandpat (uuid: 7961a874-c35f-4f34-a0d1-37205c235291): wtf
[23:14:05] bryantandpat (uuid: 7961a874-c35f-4f34-a0d1-37205c235291): theres barely any there
[23:14:14] bryantandpat (uuid: 7961a874-c35f-4f34-a0d1-37205c235291): did he get stuck under the mom
[23:15:48] TheRealColmagi (uuid: c98c1615-0764-41e1-848d-73152bfabe94): jesos took a nap until fukin 9:30
[23:15:55] TheRealColmagi (uuid: c98c1615-0764-41e1-848d-73152bfabe94): guess whos not sleeping tonight
[23:16:08] bryantandpat (uuid: 7961a874-c35f-4f34-a0d1-37205c235291): jesos 4 hour nap?
[23:17:09] TheRealColmagi (uuid: c98c1615-0764-41e1-848d-73152bfabe94): 6O MF BLOCKS OF IRON NIBBA
[23:17:19] bryantandpat (uuid: 7961a874-c35f-4f34-a0d1-37205c235291): ez
[23:17:24] TheRealColmagi (uuid: c98c1615-0764-41e1-848d-73152bfabe94): yall are fuckin ballin
[23:17:28] bryantandpat (uuid: 7961a874-c35f-4f34-a0d1-37205c235291): is killing the wither hard
[23:17:32] TheRealColmagi (uuid: c98c1615-0764-41e1-848d-73152bfabe94): nigga no
[23:17:35] bryantandpat (uuid: 7961a874-c35f-4f34-a0d1-37205c235291): i wanna get a beacon
[23:17:36] TheRealColmagi (uuid: c98c1615-0764-41e1-848d-73152bfabe94): better gear up tho
[23:17:54] TheRealColmagi (uuid: c98c1615-0764-41e1-848d-73152bfabe94): or else u get hardass raped by the wither effect
[23:17:58] bryantandpat (uuid: 7961a874-c35f-4f34-a0d1-37205c235291): shit i dont even have the wither skulls yet
[23:18:25] TheRealColmagi (uuid: c98c1615-0764-41e1-848d-73152bfabe94): lmao
[23:18:27] TheRealColmagi (uuid: c98c1615-0764-41e1-848d-73152bfabe94): de a d a s s
[23:18:35] TheRealColmagi (uuid: c98c1615-0764-41e1-848d-73152bfabe94): idk if alex actually fought the wither
[23:18:40] TheRealColmagi (uuid: c98c1615-0764-41e1-848d-73152bfabe94): i think he legit grinded
[23:19:42] bryantandpat (uuid: 7961a874-c35f-4f34-a0d1-37205c235291): nigga wtf
[23:19:44] bryantandpat (uuid: 7961a874-c35f-4f34-a0d1-37205c235291): bruh wtf
[23:20:00] bryantandpat (uuid: 7961a874-c35f-4f34-a0d1-37205c235291): pigmen came after me as soon as i walked into the nether
[23:20:03] TheRealColmagi (uuid: c98c1615-0764-41e1-848d-73152bfabe94): LOL
[23:20:26] TheRealColmagi (uuid: c98c1615-0764-41e1-848d-73152bfabe94): oh fuck nigga run
[23:20:32] bryantandpat (uuid: 7961a874-c35f-4f34-a0d1-37205c235291): whered they go
[23:20:35] TheRealColmagi (uuid: c98c1615-0764-41e1-848d-73152bfabe94): idk
[23:20:38] bryantandpat (uuid: 7961a874-c35f-4f34-a0d1-37205c235291): ez
[23:20:51] TheRealColmagi (uuid: c98c1615-0764-41e1-848d-73152bfabe94): where tf the nether fortresses at
[23:20:55] bryantandpat (uuid: 7961a874-c35f-4f34-a0d1-37205c235291): ye idk
[23:22:31] TheRealColmagi (uuid: c98c1615-0764-41e1-848d-73152bfabe94): found one
[23:22:36] TheRealColmagi (uuid: c98c1615-0764-41e1-848d-73152bfabe94): theres some skellys
[23:22:36] bryantandpat (uuid: 7961a874-c35f-4f34-a0d1-37205c235291): howd u find it
[23:22:39] TheRealColmagi (uuid: c98c1615-0764-41e1-848d-73152bfabe94): flew
[23:23:39] TheRealColmagi (uuid: c98c1615-0764-41e1-848d-73152bfabe94): shiy
[23:23:42] ben_shapiro2020 (uuid: 893a6ed2-6228-4554-a52c-fbaed0f96c6e): ez
[23:23:42] bryantandpat (uuid: 7961a874-c35f-4f34-a0d1-37205c235291): jesoss
[23:23:46] bryantandpat (uuid: 7961a874-c35f-4f34-a0d1-37205c235291): lost all my shit
[23:24:05] bryantandpat (uuid: 7961a874-c35f-4f34-a0d1-37205c235291): jesosssssssss
[23:24:09] bryantandpat (uuid: 7961a874-c35f-4f34-a0d1-37205c235291): auteessmooo
[23:24:24] bryantandpat (uuid: 7961a874-c35f-4f34-a0d1-37205c235291): can u get my stuff back
[23:25:48] bryantandpat (uuid: 7961a874-c35f-4f34-a0d1-37205c235291): james de jew
[23:26:00] bryantandpat (uuid: 7961a874-c35f-4f34-a0d1-37205c235291): i had an efficiency 4 unbreaking 3 diamond pick
[23:26:20] JohnProdman (uuid: 4150cd4b-a415-4298-bdc7-c9e330b466cc): James update this
[23:26:31] JohnProdman (uuid: 4150cd4b-a415-4298-bdc7-c9e330b466cc): am on phone so I'm blind af
[23:26:44] TheRealColmagi (uuid: c98c1615-0764-41e1-848d-73152bfabe94): FUCK
[23:26:48] bryantandpat (uuid: 7961a874-c35f-4f34-a0d1-37205c235291): fuckkking helll
[23:26:50] ben_shapiro2020 (uuid: 893a6ed2-6228-4554-a52c-fbaed0f96c6e): ez
[23:27:06] TheRealColmagi (uuid: c98c1615-0764-41e1-848d-73152bfabe94): GO
[23:27:38] TheRealColmagi (uuid: c98c1615-0764-41e1-848d-73152bfabe94): nigga
[23:27:42] TheRealColmagi (uuid: c98c1615-0764-41e1-848d-73152bfabe94): ur in the nether
[23:27:48] JohnProdman (uuid: 4150cd4b-a415-4298-bdc7-c9e330b466cc): FUCK
[23:27:51] JohnProdman (uuid: 4150cd4b-a415-4298-bdc7-c9e330b466cc): GET ME OUT
[23:27:54] bryantandpat (uuid: 7961a874-c35f-4f34-a0d1-37205c235291): no worries
[23:28:04] bryantandpat (uuid: 7961a874-c35f-4f34-a0d1-37205c235291): tp to me
[23:28:12] TheRealColmagi (uuid: c98c1615-0764-41e1-848d-73152bfabe94): i got him to spawn
[23:28:16] bryantandpat (uuid: 7961a874-c35f-4f34-a0d1-37205c235291): jesus christttttt
[23:28:19] bryantandpat (uuid: 7961a874-c35f-4f34-a0d1-37205c235291): my pick
[23:28:23] TheRealColmagi (uuid: c98c1615-0764-41e1-848d-73152bfabe94): SHIT
[23:28:23] JohnProdman (uuid: 4150cd4b-a415-4298-bdc7-c9e330b466cc): nigga I went home
[23:28:27] JohnProdman (uuid: 4150cd4b-a415-4298-bdc7-c9e330b466cc): I went home
[23:28:46] JohnProdman (uuid: 4150cd4b-a415-4298-bdc7-c9e330b466cc): He's a jolly old jewwww
[23:28:52] JohnProdman (uuid: 4150cd4b-a415-4298-bdc7-c9e330b466cc): He's a Joly old jeewwww
[23:29:01] JohnProdman (uuid: 4150cd4b-a415-4298-bdc7-c9e330b466cc): He's a Joly old jeeeewewwwwww
[23:29:07] JohnProdman (uuid: 4150cd4b-a415-4298-bdc7-c9e330b466cc): He's now Anne frank
[23:29:19] JohnProdman (uuid: 4150cd4b-a415-4298-bdc7-c9e330b466cc): Don't burn me
[23:29:24] bryantandpat (uuid: 7961a874-c35f-4f34-a0d1-37205c235291): james de jewwwwwww can u get my pick back
[23:30:20] bryantandpat (uuid: 7961a874-c35f-4f34-a0d1-37205c235291): u know what
[23:30:26] bryantandpat (uuid: 7961a874-c35f-4f34-a0d1-37205c235291): this servers gay
[23:30:30] bryantandpat (uuid: 7961a874-c35f-4f34-a0d1-37205c235291): fuck this
