[00:07:06] PiranhaBoy (uuid: 068bfb61-fb8a-4553-8305-2af64537cadb): fuck off
[00:07:28] PiranhaBoy (uuid: 068bfb61-fb8a-4553-8305-2af64537cadb): HOLY YOU KILLED ALL MY SHICKEDN
[00:08:05] iiBethanyii (uuid: 017ec225-2727-4d08-b15d-c5d9f307a55c): u only had 5
[00:08:14] iiBethanyii (uuid: 017ec225-2727-4d08-b15d-c5d9f307a55c): what are utrying to do with 5 chicken
[00:08:19] PiranhaBoy (uuid: 068bfb61-fb8a-4553-8305-2af64537cadb): nigger shit the fuck up
[00:08:24] PiranhaBoy (uuid: 068bfb61-fb8a-4553-8305-2af64537cadb): you killed like 200
[00:08:28] iiBethanyii (uuid: 017ec225-2727-4d08-b15d-c5d9f307a55c): wtf
[00:08:30] iiBethanyii (uuid: 017ec225-2727-4d08-b15d-c5d9f307a55c): no
[00:08:33] PiranhaBoy (uuid: 068bfb61-fb8a-4553-8305-2af64537cadb): you ngger fagot dgenerate
[00:08:36] iiBethanyii (uuid: 017ec225-2727-4d08-b15d-c5d9f307a55c): u had 5 niglets sitting there
[00:08:40] PiranhaBoy (uuid: 068bfb61-fb8a-4553-8305-2af64537cadb): no i know how many chickens i have
[00:08:44] PiranhaBoy (uuid: 068bfb61-fb8a-4553-8305-2af64537cadb): and i know that you killed them
[00:08:48] iiBethanyii (uuid: 017ec225-2727-4d08-b15d-c5d9f307a55c): i killed 5
[00:09:06] PiranhaBoy (uuid: 068bfb61-fb8a-4553-8305-2af64537cadb): nigger how does that make sense
[00:09:11] PiranhaBoy (uuid: 068bfb61-fb8a-4553-8305-2af64537cadb): i had two hundre
[00:09:14] PiranhaBoy (uuid: 068bfb61-fb8a-4553-8305-2af64537cadb): you kill them
[00:09:18] PiranhaBoy (uuid: 068bfb61-fb8a-4553-8305-2af64537cadb): and then say you killed 5
[00:09:21] iiBethanyii (uuid: 017ec225-2727-4d08-b15d-c5d9f307a55c): mhm
[00:09:26] PiranhaBoy (uuid: 068bfb61-fb8a-4553-8305-2af64537cadb): okay yea fuck you
[17:23:04] iMine03 (uuid: 0f9d4172-c235-4bd2-9897-490c4a93ddfe): negro derek gimme skyfarm access
[17:23:12] TheRealColmagi (uuid: c98c1615-0764-41e1-848d-73152bfabe94): ;lmao
[17:23:17] TheRealColmagi (uuid: c98c1615-0764-41e1-848d-73152bfabe94): ye deek
[17:23:25] TheRealColmagi (uuid: c98c1615-0764-41e1-848d-73152bfabe94): take his bird hostage
[17:23:30] iMine03 (uuid: 0f9d4172-c235-4bd2-9897-490c4a93ddfe): auts i can expand ur netherwart farm
[17:23:37] PiranhaBoy (uuid: 068bfb61-fb8a-4553-8305-2af64537cadb): give me my chickens back
[17:23:52] iMine03 (uuid: 0f9d4172-c235-4bd2-9897-490c4a93ddfe): i dont have them?
[17:24:12] PiranhaBoy (uuid: 068bfb61-fb8a-4553-8305-2af64537cadb): ian killed em all
[17:24:31] iMine03 (uuid: 0f9d4172-c235-4bd2-9897-490c4a93ddfe): bruh ur wheat farm was depleted until i replanted them all just for u bby
[17:24:43] PiranhaBoy (uuid: 068bfb61-fb8a-4553-8305-2af64537cadb): nibba my wheat farm is broker
[17:26:10] PiranhaBoy (uuid: 068bfb61-fb8a-4553-8305-2af64537cadb): gimme 25 k for acces to skyfarm
[17:26:14] iMine03 (uuid: 0f9d4172-c235-4bd2-9897-490c4a93ddfe): MHM
[17:26:16] TheRealColmagi (uuid: c98c1615-0764-41e1-848d-73152bfabe94): mhm
[17:26:24] PiranhaBoy (uuid: 068bfb61-fb8a-4553-8305-2af64537cadb): i need 25 for a beacon
[17:26:24] TheRealColmagi (uuid: c98c1615-0764-41e1-848d-73152bfabe94): im still numero uno on baltop niggas
[17:26:29] iMine03 (uuid: 0f9d4172-c235-4bd2-9897-490c4a93ddfe): literally said you would gimme access for half profits yesterday
[17:26:41] PiranhaBoy (uuid: 068bfb61-fb8a-4553-8305-2af64537cadb): half profits and 25 k
[17:26:50] iMine03 (uuid: 0f9d4172-c235-4bd2-9897-490c4a93ddfe): fk off
[17:26:53] iMine03 (uuid: 0f9d4172-c235-4bd2-9897-490c4a93ddfe): jesos
[17:26:57] iMine03 (uuid: 0f9d4172-c235-4bd2-9897-490c4a93ddfe): i need to beat maple
[17:27:14] TheRealColmagi (uuid: c98c1615-0764-41e1-848d-73152bfabe94): fuck a doodle two
[17:27:40] iMine03 (uuid: 0f9d4172-c235-4bd2-9897-490c4a93ddfe): fuck a doodle three
[17:28:05] iMine03 (uuid: 0f9d4172-c235-4bd2-9897-490c4a93ddfe): jesos james
[17:28:07] iMine03 (uuid: 0f9d4172-c235-4bd2-9897-490c4a93ddfe): cmere
[17:28:15] TheRealColmagi (uuid: c98c1615-0764-41e1-848d-73152bfabe94): look athtis LOL
[17:28:18] iMine03 (uuid: 0f9d4172-c235-4bd2-9897-490c4a93ddfe): how tf do i have 6 boosts at the same time
[17:28:26] TheRealColmagi (uuid: c98c1615-0764-41e1-848d-73152bfabe94): beacon
[17:28:33] TheRealColmagi (uuid: c98c1615-0764-41e1-848d-73152bfabe94): derek look
[17:28:35] iMine03 (uuid: 0f9d4172-c235-4bd2-9897-490c4a93ddfe): auts it's cuz of ian's beacons
[17:29:43] iMine03 (uuid: 0f9d4172-c235-4bd2-9897-490c4a93ddfe): meerna ajewbi
[17:35:44] TheRealColmagi (uuid: c98c1615-0764-41e1-848d-73152bfabe94): u guys want me to add plugin that makes giants have ai and spawn
[17:35:51] iMine03 (uuid: 0f9d4172-c235-4bd2-9897-490c4a93ddfe): ok
[17:38:50] PiranhaBoy (uuid: 068bfb61-fb8a-4553-8305-2af64537cadb): wtf are giants
[17:38:59] TheRealColmagi (uuid: c98c1615-0764-41e1-848d-73152bfabe94): the giant zombies
[17:40:37] TheRealColmagi (uuid: c98c1615-0764-41e1-848d-73152bfabe94): lets hope it works lol
[17:41:31] TheRealColmagi (uuid: c98c1615-0764-41e1-848d-73152bfabe94): ok dont do anything
[17:41:35] TheRealColmagi (uuid: c98c1615-0764-41e1-848d-73152bfabe94): oops
[17:41:55] TheRealColmagi (uuid: c98c1615-0764-41e1-848d-73152bfabe94): damn it doesnt work
[17:42:07] iMine03 (uuid: 0f9d4172-c235-4bd2-9897-490c4a93ddfe): alex was there math clubor not
[17:42:14] iMine03 (uuid: 0f9d4172-c235-4bd2-9897-490c4a93ddfe): LMAO still flying in a boat
[17:42:14] ben_shapiro2020 (uuid: 893a6ed2-6228-4554-a52c-fbaed0f96c6e): i left
[17:42:30] TheRealColmagi (uuid: c98c1615-0764-41e1-848d-73152bfabe94): gnna ban alex
[17:42:30] iMine03 (uuid: 0f9d4172-c235-4bd2-9897-490c4a93ddfe): dam
[17:42:35] iMine03 (uuid: 0f9d4172-c235-4bd2-9897-490c4a93ddfe): still fly hacking i see
[17:42:39] TheRealColmagi (uuid: c98c1615-0764-41e1-848d-73152bfabe94): all he does is flyhack
[17:42:40] ben_shapiro2020 (uuid: 893a6ed2-6228-4554-a52c-fbaed0f96c6e): no boat
[17:42:44] ben_shapiro2020 (uuid: 893a6ed2-6228-4554-a52c-fbaed0f96c6e): cmhere
[17:42:49] iMine03 (uuid: 0f9d4172-c235-4bd2-9897-490c4a93ddfe): nibba wtf
[17:42:54] TheRealColmagi (uuid: c98c1615-0764-41e1-848d-73152bfabe94): this faget
[17:42:55] iMine03 (uuid: 0f9d4172-c235-4bd2-9897-490c4a93ddfe): kills something without touching it
[17:42:58] TheRealColmagi (uuid: c98c1615-0764-41e1-848d-73152bfabe94): actually gonna bna
[17:42:59] TheRealColmagi (uuid: c98c1615-0764-41e1-848d-73152bfabe94): ban
[17:43:26] iMine03 (uuid: 0f9d4172-c235-4bd2-9897-490c4a93ddfe): auts
[17:43:29] ben_shapiro2020 (uuid: 893a6ed2-6228-4554-a52c-fbaed0f96c6e): make skyfactory
[17:43:34] TheRealColmagi (uuid: c98c1615-0764-41e1-848d-73152bfabe94): fk off
[17:43:49] iMine03 (uuid: 0f9d4172-c235-4bd2-9897-490c4a93ddfe): fly me to the moon
[17:43:56] TheRealColmagi (uuid: c98c1615-0764-41e1-848d-73152bfabe94): lol remember when we had a moon
[17:44:04] ben_shapiro2020 (uuid: 893a6ed2-6228-4554-a52c-fbaed0f96c6e): thats why u get skyfactory
[17:44:04] TheRealColmagi (uuid: c98c1615-0764-41e1-848d-73152bfabe94): now its a elytra launch platform
[17:44:12] iMine03 (uuid: 0f9d4172-c235-4bd2-9897-490c4a93ddfe): lol remember when i had my elytra
[17:44:12] ben_shapiro2020 (uuid: 893a6ed2-6228-4554-a52c-fbaed0f96c6e): its not that hard
[17:44:16] iMine03 (uuid: 0f9d4172-c235-4bd2-9897-490c4a93ddfe): now zach tang has it
[17:44:19] TheRealColmagi (uuid: c98c1615-0764-41e1-848d-73152bfabe94): nobody fking cares
[17:44:38] iMine03 (uuid: 0f9d4172-c235-4bd2-9897-490c4a93ddfe): did u get kicked
[17:44:42] ben_shapiro2020 (uuid: 893a6ed2-6228-4554-a52c-fbaed0f96c6e): i wasnt flying deadass
[17:44:47] TheRealColmagi (uuid: c98c1615-0764-41e1-848d-73152bfabe94): you have like
[17:44:50] TheRealColmagi (uuid: c98c1615-0764-41e1-848d-73152bfabe94): at least 15 offenses
[17:44:58] ben_shapiro2020 (uuid: 893a6ed2-6228-4554-a52c-fbaed0f96c6e): still not flying
[17:45:00] iMine03 (uuid: 0f9d4172-c235-4bd2-9897-490c4a93ddfe): nigget wtf
[17:45:06] iMine03 (uuid: 0f9d4172-c235-4bd2-9897-490c4a93ddfe): how is a drowned here
[17:45:11] ben_shapiro2020 (uuid: 893a6ed2-6228-4554-a52c-fbaed0f96c6e): wait
[17:45:16] ben_shapiro2020 (uuid: 893a6ed2-6228-4554-a52c-fbaed0f96c6e): never seen a drowned
[17:45:41] ben_shapiro2020 (uuid: 893a6ed2-6228-4554-a52c-fbaed0f96c6e): where
[17:45:48] iMine03 (uuid: 0f9d4172-c235-4bd2-9897-490c4a93ddfe): james killed it
[17:46:25] iMine03 (uuid: 0f9d4172-c235-4bd2-9897-490c4a93ddfe): LOL
[17:46:34] TheRealColmagi (uuid: c98c1615-0764-41e1-848d-73152bfabe94): gotem
[17:47:19] iMine03 (uuid: 0f9d4172-c235-4bd2-9897-490c4a93ddfe): gimme trident
[17:47:22] TheRealColmagi (uuid: c98c1615-0764-41e1-848d-73152bfabe94): no
[17:47:28] iMine03 (uuid: 0f9d4172-c235-4bd2-9897-490c4a93ddfe): :(
[17:47:28] ben_shapiro2020 (uuid: 893a6ed2-6228-4554-a52c-fbaed0f96c6e): i was speeding
[17:48:05] TheRealColmagi (uuid: c98c1615-0764-41e1-848d-73152bfabe94): nigga u auts
[17:48:21] TheRealColmagi (uuid: c98c1615-0764-41e1-848d-73152bfabe94): thinking of unclaiming pauls house tonight
[17:48:25] iMine03 (uuid: 0f9d4172-c235-4bd2-9897-490c4a93ddfe): ay ez
[17:50:57] TheRealColmagi (uuid: c98c1615-0764-41e1-848d-73152bfabe94): suh dude
[17:50:59] iMine03 (uuid: 0f9d4172-c235-4bd2-9897-490c4a93ddfe): bruh alex was just on
[17:51:03] iMine03 (uuid: 0f9d4172-c235-4bd2-9897-490c4a93ddfe): flyhacking again
[17:51:06] bryantandpat (uuid: 7961a874-c35f-4f34-a0d1-37205c235291): im gay
[17:51:14] iMine03 (uuid: 0f9d4172-c235-4bd2-9897-490c4a93ddfe): jesos it's hubert
[17:51:17] TheRealColmagi (uuid: c98c1615-0764-41e1-848d-73152bfabe94): is this matjew or hubert
[17:51:21] bryantandpat (uuid: 7961a874-c35f-4f34-a0d1-37205c235291): no jk its me
[17:51:27] TheRealColmagi (uuid: c98c1615-0764-41e1-848d-73152bfabe94): o shit
[17:51:27] iMine03 (uuid: 0f9d4172-c235-4bd2-9897-490c4a93ddfe): it's really him
[17:51:56] PiranhaBoy (uuid: 068bfb61-fb8a-4553-8305-2af64537cadb): who tryna gay
[17:51:58] TheRealColmagi (uuid: c98c1615-0764-41e1-848d-73152bfabe94): perpare for jews
[17:52:02] TheRealColmagi (uuid: c98c1615-0764-41e1-848d-73152bfabe94): deek
[17:52:05] iMine03 (uuid: 0f9d4172-c235-4bd2-9897-490c4a93ddfe): matjew what did u spend ur money on
[17:52:16] bryantandpat (uuid: 7961a874-c35f-4f34-a0d1-37205c235291): nothing
[17:52:19] bryantandpat (uuid: 7961a874-c35f-4f34-a0d1-37205c235291): o some claim blocks
[17:52:24] iMine03 (uuid: 0f9d4172-c235-4bd2-9897-490c4a93ddfe): u went from 60k to 52k
[17:52:25] ben_shapiro2020 (uuid: 893a6ed2-6228-4554-a52c-fbaed0f96c6e): matjew give me perms
[17:52:32] bryantandpat (uuid: 7961a874-c35f-4f34-a0d1-37205c235291): mhm
[17:52:40] ben_shapiro2020 (uuid: 893a6ed2-6228-4554-a52c-fbaed0f96c6e): ill pay u 30k
[17:52:54] PiranhaBoy (uuid: 068bfb61-fb8a-4553-8305-2af64537cadb): whotf is dragon 2934
[17:52:55] bryantandpat (uuid: 7961a874-c35f-4f34-a0d1-37205c235291): find a way to get me into garafola and i will
[17:53:03] TheRealColmagi (uuid: c98c1615-0764-41e1-848d-73152bfabe94): idk
[17:53:19] TheRealColmagi (uuid: c98c1615-0764-41e1-848d-73152bfabe94): riptide more like nigtide
[17:53:29] PiranhaBoy (uuid: 068bfb61-fb8a-4553-8305-2af64537cadb): jame can you drop 13 stackcs of bread
[17:53:36] TheRealColmagi (uuid: c98c1615-0764-41e1-848d-73152bfabe94): fk
[17:53:36] PiranhaBoy (uuid: 068bfb61-fb8a-4553-8305-2af64537cadb): and like 3 stacks of seeds
[17:53:37] ben_shapiro2020 (uuid: 893a6ed2-6228-4554-a52c-fbaed0f96c6e): riptide more like rip ur ass
[17:53:38] TheRealColmagi (uuid: c98c1615-0764-41e1-848d-73152bfabe94): jesus
[17:53:41] TheRealColmagi (uuid: c98c1615-0764-41e1-848d-73152bfabe94): nigggga
[17:53:45] bryantandpat (uuid: 7961a874-c35f-4f34-a0d1-37205c235291): james can u drop a stack of diamonds
[17:53:45] TheRealColmagi (uuid: c98c1615-0764-41e1-848d-73152bfabe94): how much damn bread have i given u
[17:53:54] TheRealColmagi (uuid: c98c1615-0764-41e1-848d-73152bfabe94): fatass
[17:53:56] TheRealColmagi (uuid: c98c1615-0764-41e1-848d-73152bfabe94): go on a diet
[17:54:07] iMine03 (uuid: 0f9d4172-c235-4bd2-9897-490c4a93ddfe): literally fegrek is sucking james' dick every time and asks for a shit ton of stuff while matjew and i have to survive on our own
[17:54:40] bryantandpat (uuid: 7961a874-c35f-4f34-a0d1-37205c235291): ye had to get everything legit
[17:54:45] ben_shapiro2020 (uuid: 893a6ed2-6228-4554-a52c-fbaed0f96c6e): wait but james' dick is like 1 mm how do u even suck it
[17:54:45] PiranhaBoy (uuid: 068bfb61-fb8a-4553-8305-2af64537cadb): nigga im not getting profti from 13 stacks of bread
[17:54:50] bryantandpat (uuid: 7961a874-c35f-4f34-a0d1-37205c235291): never got anything spawned in
[17:54:55] PiranhaBoy (uuid: 068bfb61-fb8a-4553-8305-2af64537cadb): niggerr im not getting profit from 13 stackcs
[17:55:12] TheRealColmagi (uuid: c98c1615-0764-41e1-848d-73152bfabe94): lmao
[17:55:17] PiranhaBoy (uuid: 068bfb61-fb8a-4553-8305-2af64537cadb): you can use skyfarm if you werent niggerr but idk you are
[17:55:33] iMine03 (uuid: 0f9d4172-c235-4bd2-9897-490c4a93ddfe): mhm if ur fatass would gimme permission like u said u would yesterday
[17:55:45] PiranhaBoy (uuid: 068bfb61-fb8a-4553-8305-2af64537cadb): nah i need a beacon first
[17:55:46] TheRealColmagi (uuid: c98c1615-0764-41e1-848d-73152bfabe94): just make some bread lol?
[17:56:01] iMine03 (uuid: 0f9d4172-c235-4bd2-9897-490c4a93ddfe): ye
[17:56:21] TheRealColmagi (uuid: c98c1615-0764-41e1-848d-73152bfabe94): just realized wheat farm with a farmer villager is literally just slave labor
[17:56:35] PiranhaBoy (uuid: 068bfb61-fb8a-4553-8305-2af64537cadb): nigger its not slave labor if its built too close to the iron farm
[17:56:40] TheRealColmagi (uuid: c98c1615-0764-41e1-848d-73152bfabe94): lul auts
[17:56:43] ben_shapiro2020 (uuid: 893a6ed2-6228-4554-a52c-fbaed0f96c6e): i use james for slave labor
[17:56:49] TheRealColmagi (uuid: c98c1615-0764-41e1-848d-73152bfabe94): ill ban u
[17:56:59] iMine03 (uuid: 0f9d4172-c235-4bd2-9897-490c4a93ddfe): nigget was doing test corrections and mccaffrey just busts through the door dressed as santa and starts acting auts
[17:57:03] PiranhaBoy (uuid: 068bfb61-fb8a-4553-8305-2af64537cadb): fucking villager is too busy trying to get to the godamn village rather tahn working my fields
[17:57:05] TheRealColmagi (uuid: c98c1615-0764-41e1-848d-73152bfabe94): mhm
[17:57:44] TheRealColmagi (uuid: c98c1615-0764-41e1-848d-73152bfabe94): my mom is obsessed with gene editing
[17:57:47] TheRealColmagi (uuid: c98c1615-0764-41e1-848d-73152bfabe94): keeps talkinga bout it
[17:57:55] PiranhaBoy (uuid: 068bfb61-fb8a-4553-8305-2af64537cadb): yea make you less autistic
[17:57:58] iMine03 (uuid: 0f9d4172-c235-4bd2-9897-490c4a93ddfe): mhm modify u to decrease gay
[17:58:00] ben_shapiro2020 (uuid: 893a6ed2-6228-4554-a52c-fbaed0f96c6e): prob bc she wished it was there when u were born
[17:58:07] TheRealColmagi (uuid: c98c1615-0764-41e1-848d-73152bfabe94): ok nigger
[17:58:09] PiranhaBoy (uuid: 068bfb61-fb8a-4553-8305-2af64537cadb): LOL WE ALL ROAST JAMES
[17:58:11] TheRealColmagi (uuid: c98c1615-0764-41e1-848d-73152bfabe94): u 3 are getting banned
[17:58:16] iMine03 (uuid: 0f9d4172-c235-4bd2-9897-490c4a93ddfe): oops
[17:58:21] TheRealColmagi (uuid: c98c1615-0764-41e1-848d-73152bfabe94): matjew gets pauls house and skyfarm
[17:58:27] iMine03 (uuid: 0f9d4172-c235-4bd2-9897-490c4a93ddfe): mhm
[17:58:29] PiranhaBoy (uuid: 068bfb61-fb8a-4553-8305-2af64537cadb): K sire
[17:58:33] TheRealColmagi (uuid: c98c1615-0764-41e1-848d-73152bfabe94): i will unclaim pauls house today
[17:58:35] TheRealColmagi (uuid: c98c1615-0764-41e1-848d-73152bfabe94): who gets it idk
[17:58:50] bryantandpat (uuid: 7961a874-c35f-4f34-a0d1-37205c235291): give it to dylan or adam
[17:58:54] TheRealColmagi (uuid: c98c1615-0764-41e1-848d-73152bfabe94): lmao
[17:58:59] iMine03 (uuid: 0f9d4172-c235-4bd2-9897-490c4a93ddfe): ye dylan
[17:59:00] TheRealColmagi (uuid: c98c1615-0764-41e1-848d-73152bfabe94): u realize paul has a lot of shit in it
[17:59:08] TheRealColmagi (uuid: c98c1615-0764-41e1-848d-73152bfabe94): so much fucin gear
[17:59:11] bryantandpat (uuid: 7961a874-c35f-4f34-a0d1-37205c235291): o
[17:59:14] bryantandpat (uuid: 7961a874-c35f-4f34-a0d1-37205c235291): just take it out
[17:59:19] bryantandpat (uuid: 7961a874-c35f-4f34-a0d1-37205c235291): have drop party at spawn again
[17:59:21] TheRealColmagi (uuid: c98c1615-0764-41e1-848d-73152bfabe94): then what do i do w/ it
[17:59:23] ben_shapiro2020 (uuid: 893a6ed2-6228-4554-a52c-fbaed0f96c6e): lmao im going so fast the game is glitching and letting me jump midair
[17:59:25] TheRealColmagi (uuid: c98c1615-0764-41e1-848d-73152bfabe94): wait genius
[17:59:37] bryantandpat (uuid: 7961a874-c35f-4f34-a0d1-37205c235291): mhm how r u going so fast alex
[17:59:46] TheRealColmagi (uuid: c98c1615-0764-41e1-848d-73152bfabe94): i need my anticheat back
[17:59:56] ben_shapiro2020 (uuid: 893a6ed2-6228-4554-a52c-fbaed0f96c6e): no u dont
[18:00:01] TheRealColmagi (uuid: c98c1615-0764-41e1-848d-73152bfabe94): ima see if they updated it
[18:00:02] ben_shapiro2020 (uuid: 893a6ed2-6228-4554-a52c-fbaed0f96c6e): you need michelle back
[18:00:06] iMine03 (uuid: 0f9d4172-c235-4bd2-9897-490c4a93ddfe): o shit alex
[18:00:15] bryantandpat (uuid: 7961a874-c35f-4f34-a0d1-37205c235291): LMAO
[18:00:28] PiranhaBoy (uuid: 068bfb61-fb8a-4553-8305-2af64537cadb): LOL
[18:00:50] TheRealColmagi (uuid: c98c1615-0764-41e1-848d-73152bfabe94): oops
[18:00:53] TheRealColmagi (uuid: c98c1615-0764-41e1-848d-73152bfabe94): might have just banned him
[18:00:56] TheRealColmagi (uuid: c98c1615-0764-41e1-848d-73152bfabe94): whatever
[18:01:00] PiranhaBoy (uuid: 068bfb61-fb8a-4553-8305-2af64537cadb): james get my shit from hubert back
[18:01:08] TheRealColmagi (uuid: c98c1615-0764-41e1-848d-73152bfabe94): so ig we sellin his house too
[18:01:19] iMine03 (uuid: 0f9d4172-c235-4bd2-9897-490c4a93ddfe): ye gimme alex's house
[18:01:19] bryantandpat (uuid: 7961a874-c35f-4f34-a0d1-37205c235291): wait holy shit
[18:01:23] bryantandpat (uuid: 7961a874-c35f-4f34-a0d1-37205c235291): his house has 4 beacons
[18:01:27] TheRealColmagi (uuid: c98c1615-0764-41e1-848d-73152bfabe94): lmao wtf
[18:01:29] iMine03 (uuid: 0f9d4172-c235-4bd2-9897-490c4a93ddfe): matjew let's get it
[18:01:31] TheRealColmagi (uuid: c98c1615-0764-41e1-848d-73152bfabe94): i see 2
[18:02:25] TheRealColmagi (uuid: c98c1615-0764-41e1-848d-73152bfabe94): LOL HES TRYNA RECONNECT
[18:02:28] TheRealColmagi (uuid: c98c1615-0764-41e1-848d-73152bfabe94): HES IN LOBBY RN
[18:02:39] bryantandpat (uuid: 7961a874-c35f-4f34-a0d1-37205c235291): dont let him
[18:02:42] TheRealColmagi (uuid: c98c1615-0764-41e1-848d-73152bfabe94): ye ez
[18:02:43] iMine03 (uuid: 0f9d4172-c235-4bd2-9897-490c4a93ddfe): wait i got it
[18:02:44] bryantandpat (uuid: 7961a874-c35f-4f34-a0d1-37205c235291): we gotta get that house
[18:02:58] iMine03 (uuid: 0f9d4172-c235-4bd2-9897-490c4a93ddfe): let him in once then we suffocate him like zach tang did to hubert
[18:02:58] TheRealColmagi (uuid: c98c1615-0764-41e1-848d-73152bfabe94): ill drop party pauls shit
[18:03:08] TheRealColmagi (uuid: c98c1615-0764-41e1-848d-73152bfabe94): then sell his house to highest bidder
[18:03:10] bryantandpat (uuid: 7961a874-c35f-4f34-a0d1-37205c235291): rn?
[18:03:13] TheRealColmagi (uuid: c98c1615-0764-41e1-848d-73152bfabe94): l8er
[18:03:15] TheRealColmagi (uuid: c98c1615-0764-41e1-848d-73152bfabe94): need more ppl on
[18:03:51] iMine03 (uuid: 0f9d4172-c235-4bd2-9897-490c4a93ddfe): ez
[18:03:57] TheRealColmagi (uuid: c98c1615-0764-41e1-848d-73152bfabe94): hahaha
[18:04:49] iMine03 (uuid: 0f9d4172-c235-4bd2-9897-490c4a93ddfe): mhm
[18:04:55] bryantandpat (uuid: 7961a874-c35f-4f34-a0d1-37205c235291): holy shit
[18:05:02] bryantandpat (uuid: 7961a874-c35f-4f34-a0d1-37205c235291): why did a drowned spawn here
[18:05:15] PiranhaBoy (uuid: 068bfb61-fb8a-4553-8305-2af64537cadb): why dont drowned spawn here
[18:05:24] bryantandpat (uuid: 7961a874-c35f-4f34-a0d1-37205c235291): im next to the ocean
[18:06:19] PiranhaBoy (uuid: 068bfb61-fb8a-4553-8305-2af64537cadb): i broke the game
[18:06:25] PiranhaBoy (uuid: 068bfb61-fb8a-4553-8305-2af64537cadb): theres a sign in water
[18:08:26] TheRealColmagi (uuid: c98c1615-0764-41e1-848d-73152bfabe94): time to yeet
[18:08:33] TheRealColmagi (uuid: c98c1615-0764-41e1-848d-73152bfabe94): sign in water
[18:08:34] TheRealColmagi (uuid: c98c1615-0764-41e1-848d-73152bfabe94): is allowed?
[18:09:13] PiranhaBoy (uuid: 068bfb61-fb8a-4553-8305-2af64537cadb): 20 stacks from one farm of netherwarts
[18:09:32] bryantandpat (uuid: 7961a874-c35f-4f34-a0d1-37205c235291): isnt creeper farm better
[18:09:37] TheRealColmagi (uuid: c98c1615-0764-41e1-848d-73152bfabe94): gimma give
[18:09:43] TheRealColmagi (uuid: c98c1615-0764-41e1-848d-73152bfabe94): andy some eggos
[18:09:56] iMine03 (uuid: 0f9d4172-c235-4bd2-9897-490c4a93ddfe): lex
[18:09:56] PiranhaBoy (uuid: 068bfb61-fb8a-4553-8305-2af64537cadb): only cause ian has a spawner
[18:10:00] bryantandpat (uuid: 7961a874-c35f-4f34-a0d1-37205c235291): o
[18:10:03] PiranhaBoy (uuid: 068bfb61-fb8a-4553-8305-2af64537cadb): mine is bad cause max mob thing
[18:11:40] iMine03 (uuid: 0f9d4172-c235-4bd2-9897-490c4a93ddfe): derek is grinding for that beacon
[18:12:13] PiranhaBoy (uuid: 068bfb61-fb8a-4553-8305-2af64537cadb): half skyfarm pass for 20k down from 25
[18:13:07] iMine03 (uuid: 0f9d4172-c235-4bd2-9897-490c4a93ddfe): matjesus
[18:13:13] bryantandpat (uuid: 7961a874-c35f-4f34-a0d1-37205c235291): what
[18:14:05] iMine03 (uuid: 0f9d4172-c235-4bd2-9897-490c4a93ddfe): let's make a supermassive netherwart farm in the sky
[18:14:15] TheRealColmagi (uuid: c98c1615-0764-41e1-848d-73152bfabe94): mhm
[18:14:16] bryantandpat (uuid: 7961a874-c35f-4f34-a0d1-37205c235291): nah save up for creeper far,
[18:14:25] PiranhaBoy (uuid: 068bfb61-fb8a-4553-8305-2af64537cadb): you dont get acces unless you give 20k
[18:14:26] iMine03 (uuid: 0f9d4172-c235-4bd2-9897-490c4a93ddfe): how do u even get creeper farm
[18:14:30] bryantandpat (uuid: 7961a874-c35f-4f34-a0d1-37205c235291): its way better and u dont have to do anything besides afk
[18:14:35] iMine03 (uuid: 0f9d4172-c235-4bd2-9897-490c4a93ddfe): how does it work
[18:14:36] bryantandpat (uuid: 7961a874-c35f-4f34-a0d1-37205c235291): u can make one without a spawner
[18:14:44] bryantandpat (uuid: 7961a874-c35f-4f34-a0d1-37205c235291): basically creepers r shorter than other movs
[18:14:49] iMine03 (uuid: 0f9d4172-c235-4bd2-9897-490c4a93ddfe): how much money we talking
[18:14:57] bryantandpat (uuid: 7961a874-c35f-4f34-a0d1-37205c235291): idk more than netherwart tho
[18:15:05] iMine03 (uuid: 0f9d4172-c235-4bd2-9897-490c4a93ddfe): kk how much money to buy
[18:15:09] bryantandpat (uuid: 7961a874-c35f-4f34-a0d1-37205c235291): and all u have to do is adk
[18:15:13] bryantandpat (uuid: 7961a874-c35f-4f34-a0d1-37205c235291): 200k lmao
[18:15:22] bryantandpat (uuid: 7961a874-c35f-4f34-a0d1-37205c235291): i think its better to make one without spawner first
[18:15:23] TheRealColmagi (uuid: c98c1615-0764-41e1-848d-73152bfabe94): gotem
[18:15:24] iMine03 (uuid: 0f9d4172-c235-4bd2-9897-490c4a93ddfe): wait we just need 50k more
[18:15:33] PiranhaBoy (uuid: 068bfb61-fb8a-4553-8305-2af64537cadb): i have 50k ;)
[18:15:40] bryantandpat (uuid: 7961a874-c35f-4f34-a0d1-37205c235291): nah i dont think spawner version is eben that much better
[18:15:46] bryantandpat (uuid: 7961a874-c35f-4f34-a0d1-37205c235291): unless u have a shit ton of them
[18:15:53] PiranhaBoy (uuid: 068bfb61-fb8a-4553-8305-2af64537cadb): no matthew theres other factors autism
[18:16:04] bryantandpat (uuid: 7961a874-c35f-4f34-a0d1-37205c235291): wym
[18:16:06] PiranhaBoy (uuid: 068bfb61-fb8a-4553-8305-2af64537cadb): you have to light up all other caves near you
[18:16:11] bryantandpat (uuid: 7961a874-c35f-4f34-a0d1-37205c235291): o
[18:16:17] PiranhaBoy (uuid: 068bfb61-fb8a-4553-8305-2af64537cadb): when you watch a video thats at maximum efficiency
[18:16:24] PiranhaBoy (uuid: 068bfb61-fb8a-4553-8305-2af64537cadb): ie theres no other place for them to spawn
[18:16:35] PiranhaBoy (uuid: 068bfb61-fb8a-4553-8305-2af64537cadb): you build it in the biome with the highest spawn rates
[18:16:41] bryantandpat (uuid: 7961a874-c35f-4f34-a0d1-37205c235291): shit
[18:16:51] bryantandpat (uuid: 7961a874-c35f-4f34-a0d1-37205c235291): no worries i got this
[18:16:58] PiranhaBoy (uuid: 068bfb61-fb8a-4553-8305-2af64537cadb): and you put it close to the bottom cause theres another rule or smth
[18:17:20] iMine03 (uuid: 0f9d4172-c235-4bd2-9897-490c4a93ddfe): what u doin matje
[18:17:32] bryantandpat (uuid: 7961a874-c35f-4f34-a0d1-37205c235291): nothing
[18:18:29] PiranhaBoy (uuid: 068bfb61-fb8a-4553-8305-2af64537cadb): ill give you 50k
[18:18:40] PiranhaBoy (uuid: 068bfb61-fb8a-4553-8305-2af64537cadb): if i get a beacon
[18:18:41] PiranhaBoy (uuid: 068bfb61-fb8a-4553-8305-2af64537cadb): ;)
[18:20:25] iMine03 (uuid: 0f9d4172-c235-4bd2-9897-490c4a93ddfe): do u think we should get stained glass
[18:20:30] bryantandpat (uuid: 7961a874-c35f-4f34-a0d1-37205c235291): ye
[18:20:40] iMine03 (uuid: 0f9d4172-c235-4bd2-9897-490c4a93ddfe): i think they're from flowers
[18:20:43] bryantandpat (uuid: 7961a874-c35f-4f34-a0d1-37205c235291): ye i got some
[18:20:47] iMine03 (uuid: 0f9d4172-c235-4bd2-9897-490c4a93ddfe): okkk
[18:21:00] bryantandpat (uuid: 7961a874-c35f-4f34-a0d1-37205c235291): do u want yellow or red
[18:21:01] PiranhaBoy (uuid: 068bfb61-fb8a-4553-8305-2af64537cadb): HOLY SHIT
[18:21:06] PiranhaBoy (uuid: 068bfb61-fb8a-4553-8305-2af64537cadb): YOU FUCKING NIGGER
[18:21:07] iMine03 (uuid: 0f9d4172-c235-4bd2-9897-490c4a93ddfe): u decide
[18:21:12] PiranhaBoy (uuid: 068bfb61-fb8a-4553-8305-2af64537cadb): BROKE MY WHEAT FARM
[18:21:20] PiranhaBoy (uuid: 068bfb61-fb8a-4553-8305-2af64537cadb): YOU BROKE ALL THE RAIL UNDERNEATH
[18:21:52] PiranhaBoy (uuid: 068bfb61-fb8a-4553-8305-2af64537cadb): fucking retarded
[18:22:01] bryantandpat (uuid: 7961a874-c35f-4f34-a0d1-37205c235291): who
[18:22:05] PiranhaBoy (uuid: 068bfb61-fb8a-4553-8305-2af64537cadb): idk i just found
[18:22:19] PiranhaBoy (uuid: 068bfb61-fb8a-4553-8305-2af64537cadb): coulda happened right afteri made it
[18:25:15] iMine03 (uuid: 0f9d4172-c235-4bd2-9897-490c4a93ddfe): im bored matjew u wanna build something
[18:25:29] TheRealColmagi (uuid: c98c1615-0764-41e1-848d-73152bfabe94): wtf
[18:26:29] PiranhaBoy (uuid: 068bfb61-fb8a-4553-8305-2af64537cadb): lets build a beacon
[18:26:47] PiranhaBoy (uuid: 068bfb61-fb8a-4553-8305-2af64537cadb): lets go end city raid again
[18:26:53] TheRealColmagi (uuid: c98c1615-0764-41e1-848d-73152bfabe94): o ye
[18:26:55] TheRealColmagi (uuid: c98c1615-0764-41e1-848d-73152bfabe94): lets fuckin go
[18:27:01] iMine03 (uuid: 0f9d4172-c235-4bd2-9897-490c4a93ddfe): no elytra
[18:27:04] iMine03 (uuid: 0f9d4172-c235-4bd2-9897-490c4a93ddfe): zach tang stole
[18:27:04] TheRealColmagi (uuid: c98c1615-0764-41e1-848d-73152bfabe94): LOL
[18:27:10] TheRealColmagi (uuid: c98c1615-0764-41e1-848d-73152bfabe94): yall niggas bad
[18:27:11] PiranhaBoy (uuid: 068bfb61-fb8a-4553-8305-2af64537cadb): everyone lost their elytra
[18:27:16] TheRealColmagi (uuid: c98c1615-0764-41e1-848d-73152bfabe94): no worries
[18:27:23] TheRealColmagi (uuid: c98c1615-0764-41e1-848d-73152bfabe94): the scouts are a global organization
[18:27:27] TheRealColmagi (uuid: c98c1615-0764-41e1-848d-73152bfabe94): and i have ties
[18:27:30] PiranhaBoy (uuid: 068bfb61-fb8a-4553-8305-2af64537cadb): LOL
[18:27:34] PiranhaBoy (uuid: 068bfb61-fb8a-4553-8305-2af64537cadb): warp market
[18:27:34] iMine03 (uuid: 0f9d4172-c235-4bd2-9897-490c4a93ddfe): "i was gonna team with u but then that elytra looked spicy af"
[18:29:03] PiranhaBoy (uuid: 068bfb61-fb8a-4553-8305-2af64537cadb): ez
[18:29:05] TheRealColmagi (uuid: c98c1615-0764-41e1-848d-73152bfabe94): wtf
[18:29:08] TheRealColmagi (uuid: c98c1615-0764-41e1-848d-73152bfabe94): that was for ersong
[18:29:18] iMine03 (uuid: 0f9d4172-c235-4bd2-9897-490c4a93ddfe): rip
[18:29:19] PiranhaBoy (uuid: 068bfb61-fb8a-4553-8305-2af64537cadb): ima make him lose money
[18:29:25] iMine03 (uuid: 0f9d4172-c235-4bd2-9897-490c4a93ddfe): i wont bid then
[18:29:31] TheRealColmagi (uuid: c98c1615-0764-41e1-848d-73152bfabe94): jesos
[18:29:33] TheRealColmagi (uuid: c98c1615-0764-41e1-848d-73152bfabe94): fegrek gna have 2
[18:29:54] PiranhaBoy (uuid: 068bfb61-fb8a-4553-8305-2af64537cadb): holy hubert lost my 50phantom membrane
[18:30:17] PiranhaBoy (uuid: 068bfb61-fb8a-4553-8305-2af64537cadb): james we need feather falling and unbreaking
[18:30:23] TheRealColmagi (uuid: c98c1615-0764-41e1-848d-73152bfabe94): unbreaking is on elytra
[18:30:27] TheRealColmagi (uuid: c98c1615-0764-41e1-848d-73152bfabe94): u cant put feather falling n it
[18:30:31] PiranhaBoy (uuid: 068bfb61-fb8a-4553-8305-2af64537cadb): i mean boots
[18:30:35] TheRealColmagi (uuid: c98c1615-0764-41e1-848d-73152bfabe94): mhm
[18:30:40] PiranhaBoy (uuid: 068bfb61-fb8a-4553-8305-2af64537cadb): ff boots and unbreaking elytra
[18:30:47] PiranhaBoy (uuid: 068bfb61-fb8a-4553-8305-2af64537cadb): ~fucking hubert took my featherfalling 4 boook
[18:30:51] TheRealColmagi (uuid: c98c1615-0764-41e1-848d-73152bfabe94): daniel devito
[18:31:15] PiranhaBoy (uuid: 068bfb61-fb8a-4553-8305-2af64537cadb): holy what if hubert lied and just burned all my shit
[18:31:19] TheRealColmagi (uuid: c98c1615-0764-41e1-848d-73152bfabe94): lmao
[18:31:35] PiranhaBoy (uuid: 068bfb61-fb8a-4553-8305-2af64537cadb): james you better spawn my ff4 gbook back
[18:31:45] PiranhaBoy (uuid: 068bfb61-fb8a-4553-8305-2af64537cadb): jk its in here
[18:32:08] iMine03 (uuid: 0f9d4172-c235-4bd2-9897-490c4a93ddfe): jesus chrit
[18:32:18] iMine03 (uuid: 0f9d4172-c235-4bd2-9897-490c4a93ddfe): the cow pen at chong's house is fucking insane
[18:32:22] TheRealColmagi (uuid: c98c1615-0764-41e1-848d-73152bfabe94): ye
[18:32:24] TheRealColmagi (uuid: c98c1615-0764-41e1-848d-73152bfabe94): lag
[18:33:04] iMine03 (uuid: 0f9d4172-c235-4bd2-9897-490c4a93ddfe): jesos is matjew afk
[18:33:12] bryantandpat (uuid: 7961a874-c35f-4f34-a0d1-37205c235291): !im back
[18:33:22] bryantandpat (uuid: 7961a874-c35f-4f34-a0d1-37205c235291): what happneed
[18:33:41] iMine03 (uuid: 0f9d4172-c235-4bd2-9897-490c4a93ddfe): i signed up for night sesion with moore
[18:33:50] bryantandpat (uuid: 7961a874-c35f-4f34-a0d1-37205c235291): wym
[18:33:56] iMine03 (uuid: 0f9d4172-c235-4bd2-9897-490c4a93ddfe): i suck his dick
[18:34:05] bryantandpat (uuid: 7961a874-c35f-4f34-a0d1-37205c235291): brb gta eat
[18:34:44] TheRealColmagi (uuid: c98c1615-0764-41e1-848d-73152bfabe94): wtf is this thing
[18:34:53] PiranhaBoy (uuid: 068bfb61-fb8a-4553-8305-2af64537cadb): no one uses endfarm anymore
[18:34:57] TheRealColmagi (uuid: c98c1615-0764-41e1-848d-73152bfabe94): idk why
[18:35:02] TheRealColmagi (uuid: c98c1615-0764-41e1-848d-73152bfabe94): they all got their own farms
[18:35:23] TheRealColmagi (uuid: c98c1615-0764-41e1-848d-73152bfabe94): i think this farm lags out my server
[18:35:28] TheRealColmagi (uuid: c98c1615-0764-41e1-848d-73152bfabe94): hongs house
[18:35:32] TheRealColmagi (uuid: c98c1615-0764-41e1-848d-73152bfabe94): MHM
[18:35:46] iMine03 (uuid: 0f9d4172-c235-4bd2-9897-490c4a93ddfe): why is there a warp chonk
[18:35:53] PiranhaBoy (uuid: 068bfb61-fb8a-4553-8305-2af64537cadb): mhm
[18:35:56] PiranhaBoy (uuid: 068bfb61-fb8a-4553-8305-2af64537cadb): fuck fegrek
[18:36:11] TheRealColmagi (uuid: c98c1615-0764-41e1-848d-73152bfabe94): jesos alaska gets hit by magnitude 7.0 earthquake
[18:36:43] TheRealColmagi (uuid: c98c1615-0764-41e1-848d-73152bfabe94): why does chong have the jizzer
[18:36:54] PiranhaBoy (uuid: 068bfb61-fb8a-4553-8305-2af64537cadb): THAT
[18:36:55] PiranhaBoy (uuid: 068bfb61-fb8a-4553-8305-2af64537cadb): IS
[18:36:58] PiranhaBoy (uuid: 068bfb61-fb8a-4553-8305-2af64537cadb): MINE
[18:36:58] PiranhaBoy (uuid: 068bfb61-fb8a-4553-8305-2af64537cadb): WTF
[18:37:03] TheRealColmagi (uuid: c98c1615-0764-41e1-848d-73152bfabe94): i may have found ur shit lol
[18:37:11] PiranhaBoy (uuid: 068bfb61-fb8a-4553-8305-2af64537cadb): wtf tp me in
[18:37:25] TheRealColmagi (uuid: c98c1615-0764-41e1-848d-73152bfabe94): its in his claim
[18:37:33] TheRealColmagi (uuid: c98c1615-0764-41e1-848d-73152bfabe94): p sure hub gave ur shit to chong
[18:37:37] TheRealColmagi (uuid: c98c1615-0764-41e1-848d-73152bfabe94): but its in chongs private chest
[18:37:42] TheRealColmagi (uuid: c98c1615-0764-41e1-848d-73152bfabe94): so hubert cant even give to u
[18:37:53] PiranhaBoy (uuid: 068bfb61-fb8a-4553-8305-2af64537cadb): is there a trident
[18:38:06] TheRealColmagi (uuid: c98c1615-0764-41e1-848d-73152bfabe94): no
[18:38:13] PiranhaBoy (uuid: 068bfb61-fb8a-4553-8305-2af64537cadb): whats in there
[18:38:16] TheRealColmagi (uuid: c98c1615-0764-41e1-848d-73152bfabe94): theres a kit elite
[18:38:18] TheRealColmagi (uuid: c98c1615-0764-41e1-848d-73152bfabe94): so its someones
[18:38:18] PiranhaBoy (uuid: 068bfb61-fb8a-4553-8305-2af64537cadb): cause jizzer is def minet
[18:38:22] PiranhaBoy (uuid: 068bfb61-fb8a-4553-8305-2af64537cadb): thats mien nigga
[18:38:29] TheRealColmagi (uuid: c98c1615-0764-41e1-848d-73152bfabe94): kit wood
[18:38:33] PiranhaBoy (uuid: 068bfb61-fb8a-4553-8305-2af64537cadb): also mine
[18:38:57] PiranhaBoy (uuid: 068bfb61-fb8a-4553-8305-2af64537cadb): i legit almost always have kit wood and elite on
[18:40:30] TheRealColmagi (uuid: c98c1615-0764-41e1-848d-73152bfabe94): NICE
[18:41:56] PiranhaBoy (uuid: 068bfb61-fb8a-4553-8305-2af64537cadb): james hepl i cant find
[18:42:07] TheRealColmagi (uuid: c98c1615-0764-41e1-848d-73152bfabe94): where u die
[18:42:13] PiranhaBoy (uuid: 068bfb61-fb8a-4553-8305-2af64537cadb): tp to me
[18:42:19] PiranhaBoy (uuid: 068bfb61-fb8a-4553-8305-2af64537cadb): k
[18:42:27] PiranhaBoy (uuid: 068bfb61-fb8a-4553-8305-2af64537cadb): elytra didnt wowrk
[18:43:22] TheRealColmagi (uuid: c98c1615-0764-41e1-848d-73152bfabe94): jew
[18:45:45] PiranhaBoy (uuid: 068bfb61-fb8a-4553-8305-2af64537cadb): james lemme see that chest
[18:45:46] TheRealColmagi (uuid: c98c1615-0764-41e1-848d-73152bfabe94): louis is a fat bird
[18:45:56] PiranhaBoy (uuid: 068bfb61-fb8a-4553-8305-2af64537cadb): cause who tf else has an elite kit
[18:46:02] TheRealColmagi (uuid: c98c1615-0764-41e1-848d-73152bfabe94): i meant kit wood lool
[18:46:18] PiranhaBoy (uuid: 068bfb61-fb8a-4553-8305-2af64537cadb): nibba i always have kit wood on me
[18:46:27] PiranhaBoy (uuid: 068bfb61-fb8a-4553-8305-2af64537cadb): and it has the jizzer in ther
[18:46:47] TheRealColmagi (uuid: c98c1615-0764-41e1-848d-73152bfabe94): check it
[18:46:49] TheRealColmagi (uuid: c98c1615-0764-41e1-848d-73152bfabe94): her
[18:46:59] PiranhaBoy (uuid: 068bfb61-fb8a-4553-8305-2af64537cadb): ARE
[18:47:03] PiranhaBoy (uuid: 068bfb61-fb8a-4553-8305-2af64537cadb): YOU FUCKING KIDDING ME
[18:47:11] PiranhaBoy (uuid: 068bfb61-fb8a-4553-8305-2af64537cadb): THOSE ARE LITERALLY THE BOOTS YOU SOLD ME
[18:47:17] PiranhaBoy (uuid: 068bfb61-fb8a-4553-8305-2af64537cadb): NO WAY THATS ANYONES BUT MINE
[18:47:28] TheRealColmagi (uuid: c98c1615-0764-41e1-848d-73152bfabe94): nice
[18:47:29] PiranhaBoy (uuid: 068bfb61-fb8a-4553-8305-2af64537cadb): THOSE ARE MY TWO TURTLE EGGS
[18:48:02] PiranhaBoy (uuid: 068bfb61-fb8a-4553-8305-2af64537cadb): holy like half of this is mine
[18:48:08] PiranhaBoy (uuid: 068bfb61-fb8a-4553-8305-2af64537cadb): im taking it back this niga
[18:48:29] TheRealColmagi (uuid: c98c1615-0764-41e1-848d-73152bfabe94): ersong just left
[18:50:07] PiranhaBoy (uuid: 068bfb61-fb8a-4553-8305-2af64537cadb): when did hubert give chong my shit wtf
[18:50:13] TheRealColmagi (uuid: c98c1615-0764-41e1-848d-73152bfabe94): idk
[18:51:11] PiranhaBoy (uuid: 068bfb61-fb8a-4553-8305-2af64537cadb): im taking my meinkamf back
[18:51:23] PiranhaBoy (uuid: 068bfb61-fb8a-4553-8305-2af64537cadb): LOL HIS COWS
[18:51:42] TheRealColmagi (uuid: c98c1615-0764-41e1-848d-73152bfabe94): HOLY U TOOK LIKE HALF HIS CHEST
[18:52:17] PiranhaBoy (uuid: 068bfb61-fb8a-4553-8305-2af64537cadb): holy this man trying to hide my shit from me
[18:52:32] PiranhaBoy (uuid: 068bfb61-fb8a-4553-8305-2af64537cadb): puts a sign on the one chest with my shit and removes my permission
[19:05:43] TheRealColmagi (uuid: c98c1615-0764-41e1-848d-73152bfabe94): imajew
[19:07:22] PiranhaBoy (uuid: 068bfb61-fb8a-4553-8305-2af64537cadb): k i gtg eat then vollunter
[19:07:23] PiranhaBoy (uuid: 068bfb61-fb8a-4553-8305-2af64537cadb): cya
[19:08:21] TheRealColmagi (uuid: c98c1615-0764-41e1-848d-73152bfabe94): wtf ok
[19:11:32] TheRealColmagi (uuid: c98c1615-0764-41e1-848d-73152bfabe94): allahg
[19:11:38] TheRealColmagi (uuid: c98c1615-0764-41e1-848d-73152bfabe94): allahu akbar - michael stanton
[19:14:23] TheRealColmagi (uuid: c98c1615-0764-41e1-848d-73152bfabe94): jew
[19:14:26] TheRealColmagi (uuid: c98c1615-0764-41e1-848d-73152bfabe94): get jewed
[19:14:28] TheRealColmagi (uuid: c98c1615-0764-41e1-848d-73152bfabe94):  on
[19:16:02] TheRealColmagi (uuid: c98c1615-0764-41e1-848d-73152bfabe94): hello again
[19:16:10] bryantandpat (uuid: 7961a874-c35f-4f34-a0d1-37205c235291): LMAO alex is stillin lobby
[19:16:13] TheRealColmagi (uuid: c98c1615-0764-41e1-848d-73152bfabe94): LOL
[19:16:20] TheRealColmagi (uuid: c98c1615-0764-41e1-848d-73152bfabe94): do i unban
[19:16:24] bryantandpat (uuid: 7961a874-c35f-4f34-a0d1-37205c235291): wait why is the beacon so light
[19:16:34] TheRealColmagi (uuid: c98c1615-0764-41e1-848d-73152bfabe94): wat
[19:17:06] bryantandpat (uuid: 7961a874-c35f-4f34-a0d1-37205c235291): jesos
[19:17:09] bryantandpat (uuid: 7961a874-c35f-4f34-a0d1-37205c235291): was that huert
[19:17:14] TheRealColmagi (uuid: c98c1615-0764-41e1-848d-73152bfabe94): WAIT
[19:17:23] TheRealColmagi (uuid: c98c1615-0764-41e1-848d-73152bfabe94): is this matjew or hub
[19:17:31] bryantandpat (uuid: 7961a874-c35f-4f34-a0d1-37205c235291): its matthew no worries
[19:17:34] TheRealColmagi (uuid: c98c1615-0764-41e1-848d-73152bfabe94): bet
[19:17:39] TheRealColmagi (uuid: c98c1615-0764-41e1-848d-73152bfabe94): what does matjew say everytime he joins
[19:17:51] bryantandpat (uuid: 7961a874-c35f-4f34-a0d1-37205c235291): wait james
[19:17:54] TheRealColmagi (uuid: c98c1615-0764-41e1-848d-73152bfabe94): ye
[19:18:00] bryantandpat (uuid: 7961a874-c35f-4f34-a0d1-37205c235291): why is the beacon light so light
[19:18:04] TheRealColmagi (uuid: c98c1615-0764-41e1-848d-73152bfabe94): ??
[19:18:08] bryantandpat (uuid: 7961a874-c35f-4f34-a0d1-37205c235291): i thought it was supposed to be dark red
[19:18:12] bryantandpat (uuid: 7961a874-c35f-4f34-a0d1-37205c235291): the beam
[19:18:29] TheRealColmagi (uuid: c98c1615-0764-41e1-848d-73152bfabe94): hmm
[19:18:34] bryantandpat (uuid: 7961a874-c35f-4f34-a0d1-37205c235291): wait
[19:18:39] bryantandpat (uuid: 7961a874-c35f-4f34-a0d1-37205c235291): it was red just now
[19:18:43] TheRealColmagi (uuid: c98c1615-0764-41e1-848d-73152bfabe94): there
[19:18:44] bryantandpat (uuid: 7961a874-c35f-4f34-a0d1-37205c235291): o
[19:18:47] bryantandpat (uuid: 7961a874-c35f-4f34-a0d1-37205c235291): i see
[19:18:50] TheRealColmagi (uuid: c98c1615-0764-41e1-848d-73152bfabe94): it has to be directly above
[19:18:57] bryantandpat (uuid: 7961a874-c35f-4f34-a0d1-37205c235291): kk thx
[19:19:04] PiranhaBoy (uuid: 068bfb61-fb8a-4553-8305-2af64537cadb): sent two villagers to the gulag today
[19:19:29] PiranhaBoy (uuid: 068bfb61-fb8a-4553-8305-2af64537cadb): hopefully wont have to do more if these niggaers spawn some librarians
[19:21:35] PiranhaBoy (uuid: 068bfb61-fb8a-4553-8305-2af64537cadb): successfully transfered two niggars to gulags
[19:24:36] PiranhaBoy (uuid: 068bfb61-fb8a-4553-8305-2af64537cadb): is chong retarded
[19:24:44] TheRealColmagi (uuid: c98c1615-0764-41e1-848d-73152bfabe94): what
[19:24:45] PiranhaBoy (uuid: 068bfb61-fb8a-4553-8305-2af64537cadb): he removed fire aspect from my sword
[19:24:48] PiranhaBoy (uuid: 068bfb61-fb8a-4553-8305-2af64537cadb): and put flame
[19:24:51] bryantandpat (uuid: 7961a874-c35f-4f34-a0d1-37205c235291): MLAO
[19:24:54] bryantandpat (uuid: 7961a874-c35f-4f34-a0d1-37205c235291): shit
[19:25:08] TheRealColmagi (uuid: c98c1615-0764-41e1-848d-73152bfabe94): l
[19:25:09] TheRealColmagi (uuid: c98c1615-0764-41e1-848d-73152bfabe94): mao
[19:41:55] TheRealColmagi (uuid: c98c1615-0764-41e1-848d-73152bfabe94): its jew man
[19:42:03] iiBethanyii (uuid: 017ec225-2727-4d08-b15d-c5d9f307a55c): lmao
[19:42:06] iiBethanyii (uuid: 017ec225-2727-4d08-b15d-c5d9f307a55c): alex complaining
[19:42:12] TheRealColmagi (uuid: c98c1615-0764-41e1-848d-73152bfabe94): ez ban
[19:42:31] iiBethanyii (uuid: 017ec225-2727-4d08-b15d-c5d9f307a55c): derek
[19:43:05] TheRealColmagi (uuid: c98c1615-0764-41e1-848d-73152bfabe94): dereks off succin dic
[19:43:13] iiBethanyii (uuid: 017ec225-2727-4d08-b15d-c5d9f307a55c): derek got pissed yesterday
[19:43:37] iiBethanyii (uuid: 017ec225-2727-4d08-b15d-c5d9f307a55c): may i have remote access to your computer
[20:22:23] JamListn (uuid: 6e9d3687-88a5-4fc3-95af-688356ddd98b): james how do i claim animals
[20:55:25] TheRealColmagi (uuid: c98c1615-0764-41e1-848d-73152bfabe94): give therealcolmagi trident{ench:[{id:67s,lvl:10}]}
[22:12:06] PiranhaBoy (uuid: 068bfb61-fb8a-4553-8305-2af64537cadb): have fun with the turtles
[22:12:39] TheRealColmagi (uuid: c98c1615-0764-41e1-848d-73152bfabe94): mhm
[22:12:57] PiranhaBoy (uuid: 068bfb61-fb8a-4553-8305-2af64537cadb): nibba give em bread
[22:31:07] TheRealColmagi (uuid: c98c1615-0764-41e1-848d-73152bfabe94): i lik diks
[22:31:20] TheRealColmagi (uuid: c98c1615-0764-41e1-848d-73152bfabe94): gddamn nigga
[22:31:30] TheRealColmagi (uuid: c98c1615-0764-41e1-848d-73152bfabe94): dis a fancy ass place
[22:31:30] bryantandpat (uuid: 7961a874-c35f-4f34-a0d1-37205c235291): what
[22:31:34] bryantandpat (uuid: 7961a874-c35f-4f34-a0d1-37205c235291): ye ez
[22:31:57] TheRealColmagi (uuid: c98c1615-0764-41e1-848d-73152bfabe94): dis a bit empty tho igga
[22:32:03] bryantandpat (uuid: 7961a874-c35f-4f34-a0d1-37205c235291): ye i need to fill it
[22:32:10] TheRealColmagi (uuid: c98c1615-0764-41e1-848d-73152bfabe94): nice windows
[22:32:23] TheRealColmagi (uuid: c98c1615-0764-41e1-848d-73152bfabe94): holy madman even has a garage
[22:32:31] TheRealColmagi (uuid: c98c1615-0764-41e1-848d-73152bfabe94): put a fukn car in here LOL
[22:32:34] bryantandpat (uuid: 7961a874-c35f-4f34-a0d1-37205c235291): mhm
[22:32:49] bryantandpat (uuid: 7961a874-c35f-4f34-a0d1-37205c235291): copied youtube tutorial for everything lmao
[22:32:52] TheRealColmagi (uuid: c98c1615-0764-41e1-848d-73152bfabe94): jesos
[22:33:03] bryantandpat (uuid: 7961a874-c35f-4f34-a0d1-37205c235291): fuck drowned
[22:33:08] bryantandpat (uuid: 7961a874-c35f-4f34-a0d1-37205c235291): give trident pls
[22:33:13] bryantandpat (uuid: 7961a874-c35f-4f34-a0d1-37205c235291): rip
[22:33:28] TheRealColmagi (uuid: c98c1615-0764-41e1-848d-73152bfabe94): do u wan pet ird
[22:33:29] TheRealColmagi (uuid: c98c1615-0764-41e1-848d-73152bfabe94): bird
[22:33:32] bryantandpat (uuid: 7961a874-c35f-4f34-a0d1-37205c235291): ye sure
[22:33:38] PiranhaBoy (uuid: 068bfb61-fb8a-4553-8305-2af64537cadb): 4111
[22:33:41] bryantandpat (uuid: 7961a874-c35f-4f34-a0d1-37205c235291): wait
[22:33:44] PiranhaBoy (uuid: 068bfb61-fb8a-4553-8305-2af64537cadb): 5717
[22:33:45] bryantandpat (uuid: 7961a874-c35f-4f34-a0d1-37205c235291): hes running away
[22:33:51] bryantandpat (uuid: 7961a874-c35f-4f34-a0d1-37205c235291): jesos
[22:33:53] TheRealColmagi (uuid: c98c1615-0764-41e1-848d-73152bfabe94): dammit
[22:33:53] PiranhaBoy (uuid: 068bfb61-fb8a-4553-8305-2af64537cadb): ima make a drowned farm here for tridents
[22:33:56] bryantandpat (uuid: 7961a874-c35f-4f34-a0d1-37205c235291): animal abuse
[22:33:58] TheRealColmagi (uuid: c98c1615-0764-41e1-848d-73152bfabe94): there
[22:34:02] TheRealColmagi (uuid: c98c1615-0764-41e1-848d-73152bfabe94): a color that neither me or fegrek have
[22:34:05] TheRealColmagi (uuid: c98c1615-0764-41e1-848d-73152bfabe94): has
[22:34:07] bryantandpat (uuid: 7961a874-c35f-4f34-a0d1-37205c235291): how do i keep him in place
[22:34:07] TheRealColmagi (uuid: c98c1615-0764-41e1-848d-73152bfabe94): use seed
[22:34:11] TheRealColmagi (uuid: c98c1615-0764-41e1-848d-73152bfabe94): to tame
[22:34:23] bryantandpat (uuid: 7961a874-c35f-4f34-a0d1-37205c235291): just feed it?
[22:34:24] TheRealColmagi (uuid: c98c1615-0764-41e1-848d-73152bfabe94): ye
[22:34:28] bryantandpat (uuid: 7961a874-c35f-4f34-a0d1-37205c235291): ez
[22:34:39] TheRealColmagi (uuid: c98c1615-0764-41e1-848d-73152bfabe94): he goes onto ur shoulder
[22:34:46] bryantandpat (uuid: 7961a874-c35f-4f34-a0d1-37205c235291): bruh hes so slow
[22:34:52] TheRealColmagi (uuid: c98c1615-0764-41e1-848d-73152bfabe94): theyre decorative pets
[22:34:54] bryantandpat (uuid: 7961a874-c35f-4f34-a0d1-37205c235291): damn looks pretty cool tho
[22:34:56] TheRealColmagi (uuid: c98c1615-0764-41e1-848d-73152bfabe94): not like wolves or anything
[22:35:14] TheRealColmagi (uuid: c98c1615-0764-41e1-848d-73152bfabe94): if u right click he sits down
[22:35:30] bryantandpat (uuid: 7961a874-c35f-4f34-a0d1-37205c235291): holy
[22:35:34] bryantandpat (uuid: 7961a874-c35f-4f34-a0d1-37205c235291): this is actually nutty
[22:35:36] TheRealColmagi (uuid: c98c1615-0764-41e1-848d-73152bfabe94): they also dance to jukebox music
[22:35:46] bryantandpat (uuid: 7961a874-c35f-4f34-a0d1-37205c235291): does he teleport with me
[22:35:48] TheRealColmagi (uuid: c98c1615-0764-41e1-848d-73152bfabe94): ye
[22:35:51] TheRealColmagi (uuid: c98c1615-0764-41e1-848d-73152bfabe94): as long as hes standing up
[22:36:11] bryantandpat (uuid: 7961a874-c35f-4f34-a0d1-37205c235291): wot
[22:36:17] bryantandpat (uuid: 7961a874-c35f-4f34-a0d1-37205c235291): o gotem
[22:36:25] TheRealColmagi (uuid: c98c1615-0764-41e1-848d-73152bfabe94): ye
[22:36:45] TheRealColmagi (uuid: c98c1615-0764-41e1-848d-73152bfabe94): hes tryna get t ou
[22:36:58] bryantandpat (uuid: 7961a874-c35f-4f34-a0d1-37205c235291): come here
[22:37:04] TheRealColmagi (uuid: c98c1615-0764-41e1-848d-73152bfabe94): if u jump
[22:37:08] TheRealColmagi (uuid: c98c1615-0764-41e1-848d-73152bfabe94): he leaves ur shoulder
[22:37:10] bryantandpat (uuid: 7961a874-c35f-4f34-a0d1-37205c235291): o
[22:37:19] TheRealColmagi (uuid: c98c1615-0764-41e1-848d-73152bfabe94): auts
[22:37:39] bryantandpat (uuid: 7961a874-c35f-4f34-a0d1-37205c235291): wait every time i go down a block he leaves
[22:37:41] TheRealColmagi (uuid: c98c1615-0764-41e1-848d-73152bfabe94): ye
[22:37:57] TheRealColmagi (uuid: c98c1615-0764-41e1-848d-73152bfabe94): u wanna keep him w/ the other birds
[22:38:00] bryantandpat (uuid: 7961a874-c35f-4f34-a0d1-37205c235291): ye sure
[22:38:02] TheRealColmagi (uuid: c98c1615-0764-41e1-848d-73152bfabe94): up on dereks farm
[22:38:11] bryantandpat (uuid: 7961a874-c35f-4f34-a0d1-37205c235291): he better not die like dereks tho
[22:38:20] TheRealColmagi (uuid: c98c1615-0764-41e1-848d-73152bfabe94): no fegrek drowned his bird
[22:38:23] bryantandpat (uuid: 7961a874-c35f-4f34-a0d1-37205c235291): auts
[22:38:24] TheRealColmagi (uuid: c98c1615-0764-41e1-848d-73152bfabe94): u should nametag him
[22:38:40] bryantandpat (uuid: 7961a874-c35f-4f34-a0d1-37205c235291): kk
[22:40:12] bryantandpat (uuid: 7961a874-c35f-4f34-a0d1-37205c235291): what should i name him
[22:40:17] TheRealColmagi (uuid: c98c1615-0764-41e1-848d-73152bfabe94): idka
[22:40:37] PiranhaBoy (uuid: 068bfb61-fb8a-4553-8305-2af64537cadb): james do you knwo hwere my trident is
[22:40:45] TheRealColmagi (uuid: c98c1615-0764-41e1-848d-73152bfabe94): idk
[22:40:57] PiranhaBoy (uuid: 068bfb61-fb8a-4553-8305-2af64537cadb): fuck it had riptide and im in rainstorm rn
[22:41:09] TheRealColmagi (uuid: c98c1615-0764-41e1-848d-73152bfabe94): mhm
[22:41:11] TheRealColmagi (uuid: c98c1615-0764-41e1-848d-73152bfabe94): u wanna be captain levi
[22:41:51] bryantandpat (uuid: 7961a874-c35f-4f34-a0d1-37205c235291): shit i need to build a cage for him
[22:42:27] TheRealColmagi (uuid: c98c1615-0764-41e1-848d-73152bfabe94): mhm
[22:44:20] PiranhaBoy (uuid: 068bfb61-fb8a-4553-8305-2af64537cadb): HOLY
[22:44:24] TheRealColmagi (uuid: c98c1615-0764-41e1-848d-73152bfabe94): what
[22:44:32] PiranhaBoy (uuid: 068bfb61-fb8a-4553-8305-2af64537cadb): IT SAYS THE TREASURE IS 50 BLOCKS UNDER WATER
[22:44:53] TheRealColmagi (uuid: c98c1615-0764-41e1-848d-73152bfabe94): lul
[22:45:39] TheRealColmagi (uuid: c98c1615-0764-41e1-848d-73152bfabe94): yeEt on em mf niggas
[22:46:12] TheRealColmagi (uuid: c98c1615-0764-41e1-848d-73152bfabe94): matjew u want to put ur bird here or in ur house
[22:46:23] bryantandpat (uuid: 7961a874-c35f-4f34-a0d1-37205c235291): prob in the house
[22:46:25] TheRealColmagi (uuid: c98c1615-0764-41e1-848d-73152bfabe94): kk
[22:46:25] PiranhaBoy (uuid: 068bfb61-fb8a-4553-8305-2af64537cadb): James can you come find it for me
[22:47:31] TheRealColmagi (uuid: c98c1615-0764-41e1-848d-73152bfabe94): ez
[22:47:36] TheRealColmagi (uuid: c98c1615-0764-41e1-848d-73152bfabe94): built a lil overhang
[22:47:39] TheRealColmagi (uuid: c98c1615-0764-41e1-848d-73152bfabe94): so the birds dont get wet
[22:48:25] TheRealColmagi (uuid: c98c1615-0764-41e1-848d-73152bfabe94): ur gey
[22:48:28] PiranhaBoy (uuid: 068bfb61-fb8a-4553-8305-2af64537cadb): wait
[22:48:31] PiranhaBoy (uuid: 068bfb61-fb8a-4553-8305-2af64537cadb): im getting torches
[22:48:31] bryantandpat (uuid: 7961a874-c35f-4f34-a0d1-37205c235291): tf
[22:48:35] bryantandpat (uuid: 7961a874-c35f-4f34-a0d1-37205c235291): the birds not dancing
[22:48:41] TheRealColmagi (uuid: c98c1615-0764-41e1-848d-73152bfabe94): hes gotta be on the ground
[22:48:46] TheRealColmagi (uuid: c98c1615-0764-41e1-848d-73152bfabe94): b4 u start playing cd
[22:48:47] bryantandpat (uuid: 7961a874-c35f-4f34-a0d1-37205c235291): he is
[22:48:49] bryantandpat (uuid: 7961a874-c35f-4f34-a0d1-37205c235291): o
[22:49:01] TheRealColmagi (uuid: c98c1615-0764-41e1-848d-73152bfabe94): cmon deek
[22:49:21] TheRealColmagi (uuid: c98c1615-0764-41e1-848d-73152bfabe94): its hsere
[22:49:41] bryantandpat (uuid: 7961a874-c35f-4f34-a0d1-37205c235291): HELL YE
[22:49:46] bryantandpat (uuid: 7961a874-c35f-4f34-a0d1-37205c235291): hes doing it
[22:49:50] TheRealColmagi (uuid: c98c1615-0764-41e1-848d-73152bfabe94): oops
[22:50:33] PiranhaBoy (uuid: 068bfb61-fb8a-4553-8305-2af64537cadb): another conuduit for the skyfarm
[22:50:45] TheRealColmagi (uuid: c98c1615-0764-41e1-848d-73152bfabe94): lmao
[22:52:31] TheRealColmagi (uuid: c98c1615-0764-41e1-848d-73152bfabe94): je w
