[00:14:41] TheRealColmagi (uuid: c98c1615-0764-41e1-848d-73152bfabe94): wtf who dis
[00:14:49] Aight_Bet (uuid: 1dd55e4e-4731-4fc7-a5b4-c4344ce80533): nigger
[00:14:54] TheRealColmagi (uuid: c98c1615-0764-41e1-848d-73152bfabe94): mhm
[00:14:55] Aight_Bet (uuid: 1dd55e4e-4731-4fc7-a5b4-c4344ce80533): eat my ass
[00:14:57] TheRealColmagi (uuid: c98c1615-0764-41e1-848d-73152bfabe94): give irl name
[00:15:12] Aight_Bet (uuid: 1dd55e4e-4731-4fc7-a5b4-c4344ce80533): Michael Stanton
[00:15:16] TheRealColmagi (uuid: c98c1615-0764-41e1-848d-73152bfabe94): mHM
[00:15:29] TheRealColmagi (uuid: c98c1615-0764-41e1-848d-73152bfabe94): is this
[00:15:30] TheRealColmagi (uuid: c98c1615-0764-41e1-848d-73152bfabe94): faggot
[00:15:40] Aight_Bet (uuid: 1dd55e4e-4731-4fc7-a5b4-c4344ce80533): yea howd u know
[00:15:43] TheRealColmagi (uuid: c98c1615-0764-41e1-848d-73152bfabe94): mhm
[00:16:51] Aight_Bet (uuid: 1dd55e4e-4731-4fc7-a5b4-c4344ce80533): this is kinda cringe
[00:16:58] Aight_Bet (uuid: 1dd55e4e-4731-4fc7-a5b4-c4344ce80533): i should start my hw
[00:17:04] Aight_Bet (uuid: 1dd55e4e-4731-4fc7-a5b4-c4344ce80533): cya James You
[00:18:44] TheRealColmagi (uuid: c98c1615-0764-41e1-848d-73152bfabe94): lmao
[18:07:40] TheRealColmagi (uuid: c98c1615-0764-41e1-848d-73152bfabe94): jesos
[18:07:45] ben_shapiro2020 (uuid: 893a6ed2-6228-4554-a52c-fbaed0f96c6e): afking for food
[18:08:01] TheRealColmagi (uuid: c98c1615-0764-41e1-848d-73152bfabe94): u joined 3 miuntes after i started the server wtf
[18:08:19] ben_shapiro2020 (uuid: 893a6ed2-6228-4554-a52c-fbaed0f96c6e): i set my hacks to join after it starts
[18:08:22] TheRealColmagi (uuid: c98c1615-0764-41e1-848d-73152bfabe94): wtf
[18:08:25] TheRealColmagi (uuid: c98c1615-0764-41e1-848d-73152bfabe94): is that a thing
[18:08:25] ben_shapiro2020 (uuid: 893a6ed2-6228-4554-a52c-fbaed0f96c6e): didnt know it worked
[18:08:34] ben_shapiro2020 (uuid: 893a6ed2-6228-4554-a52c-fbaed0f96c6e): like autojoin
[18:08:37] TheRealColmagi (uuid: c98c1615-0764-41e1-848d-73152bfabe94): bruh
[18:08:40] ben_shapiro2020 (uuid: 893a6ed2-6228-4554-a52c-fbaed0f96c6e): wanted to test it out
[18:15:16] Mrmapl3syrup (uuid: b3f11e18-ff16-45fe-85b7-bb69e73fb17c): yeet
[18:30:45] iMine03 (uuid: 0f9d4172-c235-4bd2-9897-490c4a93ddfe): james gimme veteran rank :)
[18:30:49] iMine03 (uuid: 0f9d4172-c235-4bd2-9897-490c4a93ddfe): ill do anything
[18:30:54] iMine03 (uuid: 0f9d4172-c235-4bd2-9897-490c4a93ddfe): ill suck ur dick for it
[18:32:27] iMine03 (uuid: 0f9d4172-c235-4bd2-9897-490c4a93ddfe): egawg
[18:47:11] ben_shapiro2020 (uuid: 893a6ed2-6228-4554-a52c-fbaed0f96c6e): fuck
[18:47:20] ben_shapiro2020 (uuid: 893a6ed2-6228-4554-a52c-fbaed0f96c6e): i thought pseeds were potates
[18:47:28] ben_shapiro2020 (uuid: 893a6ed2-6228-4554-a52c-fbaed0f96c6e): turns out theyre pumpkins
[18:52:48] TheRealColmagi (uuid: c98c1615-0764-41e1-848d-73152bfabe94): fucking degenerates
[19:07:30] TheRealColmagi (uuid: c98c1615-0764-41e1-848d-73152bfabe94): sup
[19:10:47] TheRealColmagi (uuid: c98c1615-0764-41e1-848d-73152bfabe94): JESUS
[19:10:52] iMine03 (uuid: 0f9d4172-c235-4bd2-9897-490c4a93ddfe): ye busted
[19:10:54] TheRealColmagi (uuid: c98c1615-0764-41e1-848d-73152bfabe94): is this ur get rich quick scheme
[19:11:00] TheRealColmagi (uuid: c98c1615-0764-41e1-848d-73152bfabe94): nigga just make a cobble generator or somethin
[19:11:08] TheRealColmagi (uuid: c98c1615-0764-41e1-848d-73152bfabe94): allah
[19:11:16] ben_shapiro2020 (uuid: 893a6ed2-6228-4554-a52c-fbaed0f96c6e): snackbar
[19:11:22] TheRealColmagi (uuid: c98c1615-0764-41e1-848d-73152bfabe94): hubert yells allah in front of a muslim in chem
[19:11:28] Hubert6194 (uuid: 1ae76006-6711-4e06-9e89-a7e9a547fbfd): mhm
[19:11:29] ben_shapiro2020 (uuid: 893a6ed2-6228-4554-a52c-fbaed0f96c6e): who
[19:11:42] Hubert6194 (uuid: 1ae76006-6711-4e06-9e89-a7e9a547fbfd): 
[19:11:46] Hubert6194 (uuid: 1ae76006-6711-4e06-9e89-a7e9a547fbfd): sarah lodi
[19:12:05] ben_shapiro2020 (uuid: 893a6ed2-6228-4554-a52c-fbaed0f96c6e): isnt that the person who got caught cheating
[19:12:09] Hubert6194 (uuid: 1ae76006-6711-4e06-9e89-a7e9a547fbfd): yep
[19:12:10] iMine03 (uuid: 0f9d4172-c235-4bd2-9897-490c4a93ddfe): ye lmao
[19:12:10] TheRealColmagi (uuid: c98c1615-0764-41e1-848d-73152bfabe94): wtf
[19:12:15] iMine03 (uuid: 0f9d4172-c235-4bd2-9897-490c4a93ddfe): in kite last year
[19:12:17] TheRealColmagi (uuid: c98c1615-0764-41e1-848d-73152bfabe94): oh shit
[19:12:18] iMine03 (uuid: 0f9d4172-c235-4bd2-9897-490c4a93ddfe): i was in her class
[19:12:19] TheRealColmagi (uuid: c98c1615-0764-41e1-848d-73152bfabe94): LMAO
[19:12:26] TheRealColmagi (uuid: c98c1615-0764-41e1-848d-73152bfabe94): auts
[19:12:46] TheRealColmagi (uuid: c98c1615-0764-41e1-848d-73152bfabe94): nigga im gonna make netherrack like 64 for 16
[19:12:49] TheRealColmagi (uuid: c98c1615-0764-41e1-848d-73152bfabe94): its too easy to get it
[19:12:53] iMine03 (uuid: 0f9d4172-c235-4bd2-9897-490c4a93ddfe): no nibba
[19:12:55] iMine03 (uuid: 0f9d4172-c235-4bd2-9897-490c4a93ddfe): pls
[19:12:56] iMine03 (uuid: 0f9d4172-c235-4bd2-9897-490c4a93ddfe): pls
[19:12:57] iMine03 (uuid: 0f9d4172-c235-4bd2-9897-490c4a93ddfe): pls no
[19:13:00] ben_shapiro2020 (uuid: 893a6ed2-6228-4554-a52c-fbaed0f96c6e): wait
[19:13:57] TheRealColmagi (uuid: c98c1615-0764-41e1-848d-73152bfabe94): fkn jew
[19:14:01] iMine03 (uuid: 0f9d4172-c235-4bd2-9897-490c4a93ddfe): pls james no
[19:14:38] TheRealColmagi (uuid: c98c1615-0764-41e1-848d-73152bfabe94): ill tp u to void next time
[19:15:27] TheRealColmagi (uuid: c98c1615-0764-41e1-848d-73152bfabe94): wtf r u doing
[19:15:33] TheRealColmagi (uuid: c98c1615-0764-41e1-848d-73152bfabe94): y r u breakin the seeds
[19:15:41] ben_shapiro2020 (uuid: 893a6ed2-6228-4554-a52c-fbaed0f96c6e): me?
[19:15:43] TheRealColmagi (uuid: c98c1615-0764-41e1-848d-73152bfabe94): yeah
[19:15:52] ben_shapiro2020 (uuid: 893a6ed2-6228-4554-a52c-fbaed0f96c6e): wait wtf playeresp ist seeing u
[19:15:57] TheRealColmagi (uuid: c98c1615-0764-41e1-848d-73152bfabe94): ye thats right nigga
[19:16:00] TheRealColmagi (uuid: c98c1615-0764-41e1-848d-73152bfabe94): u think u can beat me
[19:16:19] Hubert6194 (uuid: 1ae76006-6711-4e06-9e89-a7e9a547fbfd): what
[19:16:46] TheRealColmagi (uuid: c98c1615-0764-41e1-848d-73152bfabe94): ooo sp00ky
[19:16:51] TheRealColmagi (uuid: c98c1615-0764-41e1-848d-73152bfabe94): ima ghost
[19:17:01] Hubert6194 (uuid: 1ae76006-6711-4e06-9e89-a7e9a547fbfd): ok wtf
[19:17:04] TheRealColmagi (uuid: c98c1615-0764-41e1-848d-73152bfabe94): what
[19:17:06] Hubert6194 (uuid: 1ae76006-6711-4e06-9e89-a7e9a547fbfd): im positive someone raided my houset
[19:17:13] TheRealColmagi (uuid: c98c1615-0764-41e1-848d-73152bfabe94): allow me to assess the damage
[19:17:13] Hubert6194 (uuid: 1ae76006-6711-4e06-9e89-a7e9a547fbfd): even though i claimed the land
[19:17:28] TheRealColmagi (uuid: c98c1615-0764-41e1-848d-73152bfabe94): ye its claimed
[19:17:32] TheRealColmagi (uuid: c98c1615-0764-41e1-848d-73152bfabe94): did u share this with anyone
[19:17:36] Hubert6194 (uuid: 1ae76006-6711-4e06-9e89-a7e9a547fbfd): no
[19:17:41] Hubert6194 (uuid: 1ae76006-6711-4e06-9e89-a7e9a547fbfd): nvm guess its nothign
[19:17:58] TheRealColmagi (uuid: c98c1615-0764-41e1-848d-73152bfabe94): nigga ur base is like right next to ethan and matjews LMAO
[19:18:02] TheRealColmagi (uuid: c98c1615-0764-41e1-848d-73152bfabe94): alex is fuckin pimpin in his base tho
[19:18:05] TheRealColmagi (uuid: c98c1615-0764-41e1-848d-73152bfabe94): dayum he expanded that shit
[19:18:10] Hubert6194 (uuid: 1ae76006-6711-4e06-9e89-a7e9a547fbfd): ;)
[19:18:23] TheRealColmagi (uuid: c98c1615-0764-41e1-848d-73152bfabe94): lmao
[19:18:25] TheRealColmagi (uuid: c98c1615-0764-41e1-848d-73152bfabe94): power 5 sword
[19:18:26] TheRealColmagi (uuid: c98c1615-0764-41e1-848d-73152bfabe94): auts
[19:18:35] TheRealColmagi (uuid: c98c1615-0764-41e1-848d-73152bfabe94): flame is not fire aspect nigga wtf
[19:18:39] TheRealColmagi (uuid: c98c1615-0764-41e1-848d-73152bfabe94): why did u put taht on a sword
[19:23:41] iMine03 (uuid: 0f9d4172-c235-4bd2-9897-490c4a93ddfe): wait holyyy auts
[19:23:51] iMine03 (uuid: 0f9d4172-c235-4bd2-9897-490c4a93ddfe): u can't sell seeds that are from the starter kit
[19:23:57] iMine03 (uuid: 0f9d4172-c235-4bd2-9897-490c4a93ddfe): cuz technically they're not "seeds"
[19:25:07] ben_shapiro2020 (uuid: 893a6ed2-6228-4554-a52c-fbaed0f96c6e): hubert i need help
[19:25:12] Hubert6194 (uuid: 1ae76006-6711-4e06-9e89-a7e9a547fbfd): what
[19:26:18] ben_shapiro2020 (uuid: 893a6ed2-6228-4554-a52c-fbaed0f96c6e): tp to me
[19:26:52] Hubert6194 (uuid: 1ae76006-6711-4e06-9e89-a7e9a547fbfd): LOL
[19:27:07] Hubert6194 (uuid: 1ae76006-6711-4e06-9e89-a7e9a547fbfd): a u t z
[19:27:58] Hubert6194 (uuid: 1ae76006-6711-4e06-9e89-a7e9a547fbfd): tnt doesn't break blocks thoguh
[19:28:04] ben_shapiro2020 (uuid: 893a6ed2-6228-4554-a52c-fbaed0f96c6e): wait shit
[19:28:07] ben_shapiro2020 (uuid: 893a6ed2-6228-4554-a52c-fbaed0f96c6e): fuck
[19:28:12] Hubert6194 (uuid: 1ae76006-6711-4e06-9e89-a7e9a547fbfd): LOL
[19:28:18] Hubert6194 (uuid: 1ae76006-6711-4e06-9e89-a7e9a547fbfd): james
[19:28:19] TheRealColmagi (uuid: c98c1615-0764-41e1-848d-73152bfabe94): what
[19:28:25] Hubert6194 (uuid: 1ae76006-6711-4e06-9e89-a7e9a547fbfd): can u make tnt break blocks again
[19:28:28] TheRealColmagi (uuid: c98c1615-0764-41e1-848d-73152bfabe94): no
[19:28:28] Hubert6194 (uuid: 1ae76006-6711-4e06-9e89-a7e9a547fbfd): just for a little
[19:28:31] TheRealColmagi (uuid: c98c1615-0764-41e1-848d-73152bfabe94): cuz that leads to griefing
[19:28:35] ben_shapiro2020 (uuid: 893a6ed2-6228-4554-a52c-fbaed0f96c6e): no
[19:28:39] Hubert6194 (uuid: 1ae76006-6711-4e06-9e89-a7e9a547fbfd): wtf nah m8
[19:28:47] TheRealColmagi (uuid: c98c1615-0764-41e1-848d-73152bfabe94): nigga this is clearly an attempt at a tnt cannon
[19:28:53] TheRealColmagi (uuid: c98c1615-0764-41e1-848d-73152bfabe94): which u are aiming at paul's house
[19:28:55] Hubert6194 (uuid: 1ae76006-6711-4e06-9e89-a7e9a547fbfd): wtf not
[19:28:58] ben_shapiro2020 (uuid: 893a6ed2-6228-4554-a52c-fbaed0f96c6e): not aiming at paul
[19:29:03] ben_shapiro2020 (uuid: 893a6ed2-6228-4554-a52c-fbaed0f96c6e): or the dick house
[19:29:03] Hubert6194 (uuid: 1ae76006-6711-4e06-9e89-a7e9a547fbfd): just expressing the commands of allah
[19:29:11] TheRealColmagi (uuid: c98c1615-0764-41e1-848d-73152bfabe94): plus this would require a server restart
[19:29:20] Hubert6194 (uuid: 1ae76006-6711-4e06-9e89-a7e9a547fbfd): puss c
[19:29:23] TheRealColmagi (uuid: c98c1615-0764-41e1-848d-73152bfabe94): mhm
[19:29:28] TheRealColmagi (uuid: c98c1615-0764-41e1-848d-73152bfabe94): pauls gonna fucking murder u if u destroy his house
[19:29:36] ben_shapiro2020 (uuid: 893a6ed2-6228-4554-a52c-fbaed0f96c6e): i wont im aiming for the sheep
[19:29:41] Hubert6194 (uuid: 1ae76006-6711-4e06-9e89-a7e9a547fbfd): ez
[19:29:46] TheRealColmagi (uuid: c98c1615-0764-41e1-848d-73152bfabe94): mhm
[19:29:52] TheRealColmagi (uuid: c98c1615-0764-41e1-848d-73152bfabe94): nig nogs
[19:30:02] Hubert6194 (uuid: 1ae76006-6711-4e06-9e89-a7e9a547fbfd): wait claim all the land around pauls house
[19:30:06] Hubert6194 (uuid: 1ae76006-6711-4e06-9e89-a7e9a547fbfd): and build a giant wall
[19:30:08] TheRealColmagi (uuid: c98c1615-0764-41e1-848d-73152bfabe94): thats griefing too
[19:30:11] Hubert6194 (uuid: 1ae76006-6711-4e06-9e89-a7e9a547fbfd): and he can;t do shit about it
[19:30:17] TheRealColmagi (uuid: c98c1615-0764-41e1-848d-73152bfabe94): as an admin i can delete unneccesary claims
[19:30:27] Hubert6194 (uuid: 1ae76006-6711-4e06-9e89-a7e9a547fbfd): wtf we followin the rules
[19:30:38] TheRealColmagi (uuid: c98c1615-0764-41e1-848d-73152bfabe94): ur exploiting a loophole to grief
[19:30:44] Hubert6194 (uuid: 1ae76006-6711-4e06-9e89-a7e9a547fbfd): its not a loophole
[19:30:47] Hubert6194 (uuid: 1ae76006-6711-4e06-9e89-a7e9a547fbfd): straight block
[19:30:58] TheRealColmagi (uuid: c98c1615-0764-41e1-848d-73152bfabe94): degenerates
[19:31:02] Hubert6194 (uuid: 1ae76006-6711-4e06-9e89-a7e9a547fbfd): LOL
[19:31:16] Hubert6194 (uuid: 1ae76006-6711-4e06-9e89-a7e9a547fbfd): PRE MATURE EJACULATION
[19:31:19] ben_shapiro2020 (uuid: 893a6ed2-6228-4554-a52c-fbaed0f96c6e): FUCK
[19:31:27] TheRealColmagi (uuid: c98c1615-0764-41e1-848d-73152bfabe94): nice auts
[19:32:40] ben_shapiro2020 (uuid: 893a6ed2-6228-4554-a52c-fbaed0f96c6e): need to get more tnt
[19:32:49] TheRealColmagi (uuid: c98c1615-0764-41e1-848d-73152bfabe94): gay
[19:33:10] TheRealColmagi (uuid: c98c1615-0764-41e1-848d-73152bfabe94): why is it every time i go in dereks basement it looks more destroyed
[19:33:57] ben_shapiro2020 (uuid: 893a6ed2-6228-4554-a52c-fbaed0f96c6e): thx
[19:34:00] TheRealColmagi (uuid: c98c1615-0764-41e1-848d-73152bfabe94): fagass traps
[19:35:05] Hubert6194 (uuid: 1ae76006-6711-4e06-9e89-a7e9a547fbfd): ay fk off niga
[19:35:57] TheRealColmagi (uuid: c98c1615-0764-41e1-848d-73152bfabe94): fagas straps
[19:36:49] TheRealColmagi (uuid: c98c1615-0764-41e1-848d-73152bfabe94): jewZ
[19:37:01] ben_shapiro2020 (uuid: 893a6ed2-6228-4554-a52c-fbaed0f96c6e): gimmie more tnt
[19:37:04] TheRealColmagi (uuid: c98c1615-0764-41e1-848d-73152bfabe94): nah
[19:37:09] ben_shapiro2020 (uuid: 893a6ed2-6228-4554-a52c-fbaed0f96c6e): mhm
[19:41:09] TheRealColmagi (uuid: c98c1615-0764-41e1-848d-73152bfabe94): nice
[19:41:37] ben_shapiro2020 (uuid: 893a6ed2-6228-4554-a52c-fbaed0f96c6e): ez $446
[19:42:25] ben_shapiro2020 (uuid: 893a6ed2-6228-4554-a52c-fbaed0f96c6e): james just open dereks thing up and let me kill his sheep
[19:42:28] TheRealColmagi (uuid: c98c1615-0764-41e1-848d-73152bfabe94): noi
[19:42:30] ben_shapiro2020 (uuid: 893a6ed2-6228-4554-a52c-fbaed0f96c6e): u can spawn them back
[19:42:41] TheRealColmagi (uuid: c98c1615-0764-41e1-848d-73152bfabe94): hell na
[19:44:54] TheRealColmagi (uuid: c98c1615-0764-41e1-848d-73152bfabe94): wtf u doin nigga
[19:44:55] Hubert6194 (uuid: 1ae76006-6711-4e06-9e89-a7e9a547fbfd): ay ez
[19:45:08] Hubert6194 (uuid: 1ae76006-6711-4e06-9e89-a7e9a547fbfd): does armor prevent fall damage
[19:46:17] Hubert6194 (uuid: 1ae76006-6711-4e06-9e89-a7e9a547fbfd): free home renovations for matjew
[19:51:19] TheRealColmagi (uuid: c98c1615-0764-41e1-848d-73152bfabe94): i
[19:51:20] TheRealColmagi (uuid: c98c1615-0764-41e1-848d-73152bfabe94): got
[19:51:22] TheRealColmagi (uuid: c98c1615-0764-41e1-848d-73152bfabe94): AUTS
[19:51:22] Hubert6194 (uuid: 1ae76006-6711-4e06-9e89-a7e9a547fbfd): autusim
[19:51:26] TheRealColmagi (uuid: c98c1615-0764-41e1-848d-73152bfabe94): yeahaha
[19:54:45] ben_shapiro2020 (uuid: 893a6ed2-6228-4554-a52c-fbaed0f96c6e): hubert tpa
[19:55:21] ben_shapiro2020 (uuid: 893a6ed2-6228-4554-a52c-fbaed0f96c6e): wtfd
[19:55:21] Hubert6194 (uuid: 1ae76006-6711-4e06-9e89-a7e9a547fbfd): LOL
[19:55:27] ben_shapiro2020 (uuid: 893a6ed2-6228-4554-a52c-fbaed0f96c6e): didnt do shit
[19:55:27] TheRealColmagi (uuid: c98c1615-0764-41e1-848d-73152bfabe94): lmao
[19:55:31] TheRealColmagi (uuid: c98c1615-0764-41e1-848d-73152bfabe94): banned
[19:55:34] TheRealColmagi (uuid: c98c1615-0764-41e1-848d-73152bfabe94): noticeable hacks
[19:55:43] ben_shapiro2020 (uuid: 893a6ed2-6228-4554-a52c-fbaed0f96c6e): didnt work
[19:55:54] ben_shapiro2020 (uuid: 893a6ed2-6228-4554-a52c-fbaed0f96c6e): why can we get hurt by tnt but not mobs
[19:56:00] TheRealColmagi (uuid: c98c1615-0764-41e1-848d-73152bfabe94): cuz my plugins
[19:56:07] ben_shapiro2020 (uuid: 893a6ed2-6228-4554-a52c-fbaed0f96c6e): delet please
[19:56:58] TheRealColmagi (uuid: c98c1615-0764-41e1-848d-73152bfabe94): mhm
[19:57:13] TheRealColmagi (uuid: c98c1615-0764-41e1-848d-73152bfabe94): without this plugin you would lose all ur shit in 1 day guaranteed
[19:57:26] ben_shapiro2020 (uuid: 893a6ed2-6228-4554-a52c-fbaed0f96c6e): change it so animals can get hurt
[19:57:29] TheRealColmagi (uuid: c98c1615-0764-41e1-848d-73152bfabe94): nigga no
[19:58:29] ben_shapiro2020 (uuid: 893a6ed2-6228-4554-a52c-fbaed0f96c6e): its not like derek got these legit
[19:58:43] TheRealColmagi (uuid: c98c1615-0764-41e1-848d-73152bfabe94): uh
[19:58:46] TheRealColmagi (uuid: c98c1615-0764-41e1-848d-73152bfabe94): idk where he got these from
[20:00:36] ben_shapiro2020 (uuid: 893a6ed2-6228-4554-a52c-fbaed0f96c6e): is that a knockback stick
[20:00:40] TheRealColmagi (uuid: c98c1615-0764-41e1-848d-73152bfabe94): no
[20:00:52] Hubert6194 (uuid: 1ae76006-6711-4e06-9e89-a7e9a547fbfd): omfg
[20:00:56] TheRealColmagi (uuid: c98c1615-0764-41e1-848d-73152bfabe94): wtf u doin
[20:00:56] ben_shapiro2020 (uuid: 893a6ed2-6228-4554-a52c-fbaed0f96c6e): actually auts
[20:01:02] Hubert6194 (uuid: 1ae76006-6711-4e06-9e89-a7e9a547fbfd): ur mym
[20:03:14] Hubert6194 (uuid: 1ae76006-6711-4e06-9e89-a7e9a547fbfd): finally
[20:03:17] Hubert6194 (uuid: 1ae76006-6711-4e06-9e89-a7e9a547fbfd): finally im done
[20:04:01] TheRealColmagi (uuid: c98c1615-0764-41e1-848d-73152bfabe94): LOL
[20:04:03] ben_shapiro2020 (uuid: 893a6ed2-6228-4554-a52c-fbaed0f96c6e): auts
[20:04:05] Hubert6194 (uuid: 1ae76006-6711-4e06-9e89-a7e9a547fbfd): HOLY FUCKING SHIT
[20:07:10] Hubert6194 (uuid: 1ae76006-6711-4e06-9e89-a7e9a547fbfd): ok im actually odne now
[20:07:12] Hubert6194 (uuid: 1ae76006-6711-4e06-9e89-a7e9a547fbfd): finally
[20:18:42] TheRealColmagi (uuid: c98c1615-0764-41e1-848d-73152bfabe94): wtf
[20:20:19] TheRealColmagi (uuid: c98c1615-0764-41e1-848d-73152bfabe94): who dis
[20:20:57] Kokayn (uuid: 060038e9-de3e-4792-976a-fd850035c687): who are you?
[20:20:58] ObamaGivesNoSh (uuid: d3ac07e0-4b18-40a0-b288-4b6e13255b18): why cant i kill ppl
[20:21:03] TheRealColmagi (uuid: c98c1615-0764-41e1-848d-73152bfabe94): this is spawn protection
[20:21:09] TheRealColmagi (uuid: c98c1615-0764-41e1-848d-73152bfabe94): go run out somehwere
[20:21:11] Kokayn (uuid: 060038e9-de3e-4792-976a-fd850035c687): oh
[20:21:17] TheRealColmagi (uuid: c98c1615-0764-41e1-848d-73152bfabe94): if u wanna pvp in an arena theres one here
[20:21:59] Kokayn (uuid: 060038e9-de3e-4792-976a-fd850035c687): where can we break blocks
[20:22:02] Kokayn (uuid: 060038e9-de3e-4792-976a-fd850035c687): im eric btw
[20:22:08] TheRealColmagi (uuid: c98c1615-0764-41e1-848d-73152bfabe94): eric who
[20:22:11] Kokayn (uuid: 060038e9-de3e-4792-976a-fd850035c687): eric jiang
[20:22:13] TheRealColmagi (uuid: c98c1615-0764-41e1-848d-73152bfabe94): once u get further out
[20:22:17] TheRealColmagi (uuid: c98c1615-0764-41e1-848d-73152bfabe94): its p big spawn protection
[20:23:03] Kokayn (uuid: 060038e9-de3e-4792-976a-fd850035c687): who is ben shapiro
[20:23:27] Kokayn (uuid: 060038e9-de3e-4792-976a-fd850035c687): is it paul?
[20:23:34] TheRealColmagi (uuid: c98c1615-0764-41e1-848d-73152bfabe94): no
[20:23:41] TheRealColmagi (uuid: c98c1615-0764-41e1-848d-73152bfabe94): paul's minecraft name is paul_resmer
[20:23:42] Kokayn (uuid: 060038e9-de3e-4792-976a-fd850035c687): help me im stuck
[20:23:49] ObamaGivesNoSh (uuid: d3ac07e0-4b18-40a0-b288-4b6e13255b18): how do i get blocks?
[20:23:50] TheRealColmagi (uuid: c98c1615-0764-41e1-848d-73152bfabe94): do /trapped
[20:24:04] TheRealColmagi (uuid: c98c1615-0764-41e1-848d-73152bfabe94): u break blocks
[20:24:05] TheRealColmagi (uuid: c98c1615-0764-41e1-848d-73152bfabe94): to get blocks
[20:24:09] ObamaGivesNoSh (uuid: d3ac07e0-4b18-40a0-b288-4b6e13255b18): for claiming
[20:24:12] TheRealColmagi (uuid: c98c1615-0764-41e1-848d-73152bfabe94): play
[20:24:19] TheRealColmagi (uuid: c98c1615-0764-41e1-848d-73152bfabe94): u get blocks for ur time played
[20:27:54] ObamaGivesNoSh (uuid: d3ac07e0-4b18-40a0-b288-4b6e13255b18): can we live by paul?
[20:27:58] TheRealColmagi (uuid: c98c1615-0764-41e1-848d-73152bfabe94): sure
[20:28:03] ObamaGivesNoSh (uuid: d3ac07e0-4b18-40a0-b288-4b6e13255b18): ok :D
[20:28:15] TheRealColmagi (uuid: c98c1615-0764-41e1-848d-73152bfabe94): if anything u should ask paul
[20:34:02] TheRealColmagi (uuid: c98c1615-0764-41e1-848d-73152bfabe94): aha
[20:34:10] ObamaGivesNoSh (uuid: d3ac07e0-4b18-40a0-b288-4b6e13255b18): yo ben
[20:34:12] ObamaGivesNoSh (uuid: d3ac07e0-4b18-40a0-b288-4b6e13255b18): can u donate ap ick to me
[20:34:13] ObamaGivesNoSh (uuid: d3ac07e0-4b18-40a0-b288-4b6e13255b18): im poor pls
[20:34:18] ObamaGivesNoSh (uuid: d3ac07e0-4b18-40a0-b288-4b6e13255b18): need to feed my fam
[20:34:30] Kokayn (uuid: 060038e9-de3e-4792-976a-fd850035c687): who are you?
[20:34:46] Kokayn (uuid: 060038e9-de3e-4792-976a-fd850035c687): wtf
[20:34:46] ObamaGivesNoSh (uuid: d3ac07e0-4b18-40a0-b288-4b6e13255b18): yo colmagi
[20:34:51] ObamaGivesNoSh (uuid: d3ac07e0-4b18-40a0-b288-4b6e13255b18): i still havent found iron is this rigged
[20:35:26] Kokayn (uuid: 060038e9-de3e-4792-976a-fd850035c687): LMAO
[20:35:26] TheRealColmagi (uuid: c98c1615-0764-41e1-848d-73152bfabe94): oof
[20:35:28] ObamaGivesNoSh (uuid: d3ac07e0-4b18-40a0-b288-4b6e13255b18): fuk
[20:35:50] ben_shapiro2020 (uuid: 893a6ed2-6228-4554-a52c-fbaed0f96c6e): please
[20:35:57] ben_shapiro2020 (uuid: 893a6ed2-6228-4554-a52c-fbaed0f96c6e): need to get my stuff
[20:36:48] ObamaGivesNoSh (uuid: d3ac07e0-4b18-40a0-b288-4b6e13255b18): ty\
[20:36:56] ben_shapiro2020 (uuid: 893a6ed2-6228-4554-a52c-fbaed0f96c6e): fuck
[20:37:52] Kokayn (uuid: 060038e9-de3e-4792-976a-fd850035c687): ez
[20:37:52] ben_shapiro2020 (uuid: 893a6ed2-6228-4554-a52c-fbaed0f96c6e): gimmie my shit back
[20:37:59] ben_shapiro2020 (uuid: 893a6ed2-6228-4554-a52c-fbaed0f96c6e): ty
[20:38:13] ben_shapiro2020 (uuid: 893a6ed2-6228-4554-a52c-fbaed0f96c6e): give me back the gay
[20:38:30] Kokayn (uuid: 060038e9-de3e-4792-976a-fd850035c687): ?
[20:38:42] ben_shapiro2020 (uuid: 893a6ed2-6228-4554-a52c-fbaed0f96c6e): ef 5 pick
[20:38:43] ObamaGivesNoSh (uuid: d3ac07e0-4b18-40a0-b288-4b6e13255b18): u can kill us
[20:38:45] ObamaGivesNoSh (uuid: d3ac07e0-4b18-40a0-b288-4b6e13255b18): iu dont have it
[20:38:51] TheRealColmagi (uuid: c98c1615-0764-41e1-848d-73152bfabe94): LMAO DID U BURN IT
[20:40:02] TheRealColmagi (uuid: c98c1615-0764-41e1-848d-73152bfabe94): god has arrived
[20:40:20] Paul_Resmer (uuid: 7718f2d7-90cf-49d6-a1d9-8cf4d236ba82): WTF
[20:40:21] ObamaGivesNoSh (uuid: d3ac07e0-4b18-40a0-b288-4b6e13255b18): hey paul!
[20:40:25] Kokayn (uuid: 060038e9-de3e-4792-976a-fd850035c687): ?
[20:40:25] Paul_Resmer (uuid: 7718f2d7-90cf-49d6-a1d9-8cf4d236ba82): the cat is still going
[20:40:25] TheRealColmagi (uuid: c98c1615-0764-41e1-848d-73152bfabe94): LOL
[20:40:26] ObamaGivesNoSh (uuid: d3ac07e0-4b18-40a0-b288-4b6e13255b18): ?
[20:40:33] TheRealColmagi (uuid: c98c1615-0764-41e1-848d-73152bfabe94): hello paul
[20:40:35] Paul_Resmer (uuid: 7718f2d7-90cf-49d6-a1d9-8cf4d236ba82): Rofl
[20:40:38] Paul_Resmer (uuid: 7718f2d7-90cf-49d6-a1d9-8cf4d236ba82): hey yall
[20:40:41] Paul_Resmer (uuid: 7718f2d7-90cf-49d6-a1d9-8cf4d236ba82): wheres deek
[20:40:48] TheRealColmagi (uuid: c98c1615-0764-41e1-848d-73152bfabe94): says hes doin sat prep
[20:40:50] Paul_Resmer (uuid: 7718f2d7-90cf-49d6-a1d9-8cf4d236ba82): bs
[20:40:52] ben_shapiro2020 (uuid: 893a6ed2-6228-4554-a52c-fbaed0f96c6e): james gimmie a eff 5 pick
[20:40:57] TheRealColmagi (uuid: c98c1615-0764-41e1-848d-73152bfabe94): ye hes degen
[20:40:59] ObamaGivesNoSh (uuid: d3ac07e0-4b18-40a0-b288-4b6e13255b18): paul
[20:41:00] ObamaGivesNoSh (uuid: d3ac07e0-4b18-40a0-b288-4b6e13255b18): let me in
[20:41:02] Paul_Resmer (uuid: 7718f2d7-90cf-49d6-a1d9-8cf4d236ba82): look my cat
[20:41:13] Paul_Resmer (uuid: 7718f2d7-90cf-49d6-a1d9-8cf4d236ba82): disc
[20:41:24] TheRealColmagi (uuid: c98c1615-0764-41e1-848d-73152bfabe94): LMAO THE NAME
[20:41:25] TheRealColmagi (uuid: c98c1615-0764-41e1-848d-73152bfabe94): HAHAHA
[20:41:39] Kokayn (uuid: 060038e9-de3e-4792-976a-fd850035c687): do you guys do stuff legit
[20:41:40] Paul_Resmer (uuid: 7718f2d7-90cf-49d6-a1d9-8cf4d236ba82): disc nig
[20:41:50] Kokayn (uuid: 060038e9-de3e-4792-976a-fd850035c687): or is there a lot of MC edit and command shit
[20:41:54] TheRealColmagi (uuid: c98c1615-0764-41e1-848d-73152bfabe94): uh
[20:41:55] TheRealColmagi (uuid: c98c1615-0764-41e1-848d-73152bfabe94): legit
[20:41:57] TheRealColmagi (uuid: c98c1615-0764-41e1-848d-73152bfabe94): we have plugins
[20:42:00] iMine03 (uuid: 0f9d4172-c235-4bd2-9897-490c4a93ddfe): AIGHT
[20:42:03] iMine03 (uuid: 0f9d4172-c235-4bd2-9897-490c4a93ddfe): listen up
[20:42:09] iMine03 (uuid: 0f9d4172-c235-4bd2-9897-490c4a93ddfe): whcih one of u fags is eric
[20:42:14] iMine03 (uuid: 0f9d4172-c235-4bd2-9897-490c4a93ddfe): which one of u faguts is eric jiang
[20:42:57] TheRealColmagi (uuid: c98c1615-0764-41e1-848d-73152bfabe94): LOL
[20:42:59] TheRealColmagi (uuid: c98c1615-0764-41e1-848d-73152bfabe94): HAHAHA
[20:43:01] TheRealColmagi (uuid: c98c1615-0764-41e1-848d-73152bfabe94): HUBERT DID THAT
[20:44:13] TheRealColmagi (uuid: c98c1615-0764-41e1-848d-73152bfabe94): no worries
[20:44:50] iMine03 (uuid: 0f9d4172-c235-4bd2-9897-490c4a93ddfe): where's the rest of it tho
[20:44:54] TheRealColmagi (uuid: c98c1615-0764-41e1-848d-73152bfabe94): uh
[20:45:08] TheRealColmagi (uuid: c98c1615-0764-41e1-848d-73152bfabe94): thats it
[20:45:16] iMine03 (uuid: 0f9d4172-c235-4bd2-9897-490c4a93ddfe): nothing in ur inventory?
[20:45:18] TheRealColmagi (uuid: c98c1615-0764-41e1-848d-73152bfabe94): no
[20:45:24] iMine03 (uuid: 0f9d4172-c235-4bd2-9897-490c4a93ddfe): wtf
[20:45:27] iMine03 (uuid: 0f9d4172-c235-4bd2-9897-490c4a93ddfe): how is that even
[20:46:01] TheRealColmagi (uuid: c98c1615-0764-41e1-848d-73152bfabe94): poi
[20:46:02] TheRealColmagi (uuid: c98c1615-0764-41e1-848d-73152bfabe94): cubt
[20:46:03] TheRealColmagi (uuid: c98c1615-0764-41e1-848d-73152bfabe94): cunt
[20:47:34] Paul_Resmer (uuid: 7718f2d7-90cf-49d6-a1d9-8cf4d236ba82): sorry
[20:47:35] Kokayn (uuid: 060038e9-de3e-4792-976a-fd850035c687): see we dont actully have ur pick
[20:47:37] Paul_Resmer (uuid: 7718f2d7-90cf-49d6-a1d9-8cf4d236ba82): my kill aura
[20:47:54] ben_shapiro2020 (uuid: 893a6ed2-6228-4554-a52c-fbaed0f96c6e): i got 2 shot
[20:48:01] ben_shapiro2020 (uuid: 893a6ed2-6228-4554-a52c-fbaed0f96c6e): wtf
[20:48:02] TheRealColmagi (uuid: c98c1615-0764-41e1-848d-73152bfabe94): holy fk paul
[20:48:04] Paul_Resmer (uuid: 7718f2d7-90cf-49d6-a1d9-8cf4d236ba82): the power of the long dicker
[20:48:14] TheRealColmagi (uuid: c98c1615-0764-41e1-848d-73152bfabe94): stop hacking
[20:48:20] Paul_Resmer (uuid: 7718f2d7-90cf-49d6-a1d9-8cf4d236ba82): iwas kidding
[20:48:49] Paul_Resmer (uuid: 7718f2d7-90cf-49d6-a1d9-8cf4d236ba82): alex what items u need
[20:49:45] Paul_Resmer (uuid: 7718f2d7-90cf-49d6-a1d9-8cf4d236ba82):  i stg
[20:49:47] Paul_Resmer (uuid: 7718f2d7-90cf-49d6-a1d9-8cf4d236ba82): dont hae
[20:49:56] Paul_Resmer (uuid: 7718f2d7-90cf-49d6-a1d9-8cf4d236ba82): i dont
[20:50:05] Paul_Resmer (uuid: 7718f2d7-90cf-49d6-a1d9-8cf4d236ba82): idc abt ur pick
[20:50:10] Paul_Resmer (uuid: 7718f2d7-90cf-49d6-a1d9-8cf4d236ba82): i have eff 4 already
[20:50:51] ObamaGivesNoSh (uuid: d3ac07e0-4b18-40a0-b288-4b6e13255b18): hubert
[20:50:52] ObamaGivesNoSh (uuid: d3ac07e0-4b18-40a0-b288-4b6e13255b18): tp
[20:51:03] iMine03 (uuid: 0f9d4172-c235-4bd2-9897-490c4a93ddfe): fuck off
[20:51:04] Hubert6194 (uuid: 1ae76006-6711-4e06-9e89-a7e9a547fbfd): ay ez
[20:51:13] iMine03 (uuid: 0f9d4172-c235-4bd2-9897-490c4a93ddfe): im raping u at school tomorrow u fag
[20:51:50] Hubert6194 (uuid: 1ae76006-6711-4e06-9e89-a7e9a547fbfd): u want the pistons?
[20:52:10] ObamaGivesNoSh (uuid: d3ac07e0-4b18-40a0-b288-4b6e13255b18): can i have a g shovel
[20:52:14] ObamaGivesNoSh (uuid: d3ac07e0-4b18-40a0-b288-4b6e13255b18): i need to edit claim
[20:52:14] TheRealColmagi (uuid: c98c1615-0764-41e1-848d-73152bfabe94): i did
[20:52:19] TheRealColmagi (uuid: c98c1615-0764-41e1-848d-73152bfabe94): uh
[20:52:36] TheRealColmagi (uuid: c98c1615-0764-41e1-848d-73152bfabe94): here
[20:52:47] ObamaGivesNoSh (uuid: d3ac07e0-4b18-40a0-b288-4b6e13255b18): thx
[20:52:49] TheRealColmagi (uuid: c98c1615-0764-41e1-848d-73152bfabe94): np
[20:55:32] ObamaGivesNoSh (uuid: d3ac07e0-4b18-40a0-b288-4b6e13255b18): u hacker dude
[20:56:37] ObamaGivesNoSh (uuid: d3ac07e0-4b18-40a0-b288-4b6e13255b18): bro
[20:56:40] ObamaGivesNoSh (uuid: d3ac07e0-4b18-40a0-b288-4b6e13255b18): i just want to claim stuff
[20:56:41] ObamaGivesNoSh (uuid: d3ac07e0-4b18-40a0-b288-4b6e13255b18): chill
[20:57:17] TheRealColmagi (uuid: c98c1615-0764-41e1-848d-73152bfabe94): holy maybe i do need to get anticheat
[20:57:36] Paul_Resmer (uuid: 7718f2d7-90cf-49d6-a1d9-8cf4d236ba82): james can u clear the claims around my house
[20:57:39] Paul_Resmer (uuid: 7718f2d7-90cf-49d6-a1d9-8cf4d236ba82): idk where it is
[20:57:42] Paul_Resmer (uuid: 7718f2d7-90cf-49d6-a1d9-8cf4d236ba82): "existing
[20:57:59] TheRealColmagi (uuid: c98c1615-0764-41e1-848d-73152bfabe94): lmao dude i cant delete this claim if theyre using it
[20:58:07] Paul_Resmer (uuid: 7718f2d7-90cf-49d6-a1d9-8cf4d236ba82): just around my fucking house
[20:58:10] Paul_Resmer (uuid: 7718f2d7-90cf-49d6-a1d9-8cf4d236ba82): let me claim my house
[20:58:57] TheRealColmagi (uuid: c98c1615-0764-41e1-848d-73152bfabe94): paul ur gonna have to get em to leave
[20:59:07] TheRealColmagi (uuid: c98c1615-0764-41e1-848d-73152bfabe94): i cant just delete their claim
[20:59:09] TheRealColmagi (uuid: c98c1615-0764-41e1-848d-73152bfabe94): thats a dick move
[20:59:24] Paul_Resmer (uuid: 7718f2d7-90cf-49d6-a1d9-8cf4d236ba82): its in my fucking hosue
[20:59:28] Paul_Resmer (uuid: 7718f2d7-90cf-49d6-a1d9-8cf4d236ba82): hows that a dick mov
[20:59:59] TheRealColmagi (uuid: c98c1615-0764-41e1-848d-73152bfabe94): technically not in ur house
[21:00:03] TheRealColmagi (uuid: c98c1615-0764-41e1-848d-73152bfabe94): on the very border
[21:00:13] Paul_Resmer (uuid: 7718f2d7-90cf-49d6-a1d9-8cf4d236ba82): he keeps breaking this wall
[21:00:20] TheRealColmagi (uuid: c98c1615-0764-41e1-848d-73152bfabe94): thats the border right there
[21:00:23] Kokayn (uuid: 060038e9-de3e-4792-976a-fd850035c687): im not
[21:00:27] Kokayn (uuid: 060038e9-de3e-4792-976a-fd850035c687): liar
[21:00:44] TheRealColmagi (uuid: c98c1615-0764-41e1-848d-73152bfabe94): i mean id reccommend moving a bit
[21:00:46] TheRealColmagi (uuid: c98c1615-0764-41e1-848d-73152bfabe94): away from the house
[21:05:06] TheRealColmagi (uuid: c98c1615-0764-41e1-848d-73152bfabe94): jesos
[21:05:07] Hubert6194 (uuid: 1ae76006-6711-4e06-9e89-a7e9a547fbfd): wot u doing
[21:05:13] TheRealColmagi (uuid: c98c1615-0764-41e1-848d-73152bfabe94): wot u doing
[21:05:20] Hubert6194 (uuid: 1ae76006-6711-4e06-9e89-a7e9a547fbfd): y u stalkin me nibba
[21:05:25] TheRealColmagi (uuid: c98c1615-0764-41e1-848d-73152bfabe94): i just tped to u lmao
[21:09:23] ben_shapiro2020 (uuid: 893a6ed2-6228-4554-a52c-fbaed0f96c6e): nig nogs give me back my pick
[21:09:32] Paul_Resmer (uuid: 7718f2d7-90cf-49d6-a1d9-8cf4d236ba82): james
[21:09:34] Paul_Resmer (uuid: 7718f2d7-90cf-49d6-a1d9-8cf4d236ba82): ban
[21:09:41] ben_shapiro2020 (uuid: 893a6ed2-6228-4554-a52c-fbaed0f96c6e): nigger
[21:09:48] ben_shapiro2020 (uuid: 893a6ed2-6228-4554-a52c-fbaed0f96c6e): niggar
[21:10:37] TheRealColmagi (uuid: c98c1615-0764-41e1-848d-73152bfabe94): LOL
[21:10:42] TheRealColmagi (uuid: c98c1615-0764-41e1-848d-73152bfabe94): wtf is goin on
[21:11:15] ben_shapiro2020 (uuid: 893a6ed2-6228-4554-a52c-fbaed0f96c6e): james give me a pic please
[21:11:19] TheRealColmagi (uuid: c98c1615-0764-41e1-848d-73152bfabe94): holy
[21:11:34] ben_shapiro2020 (uuid: 893a6ed2-6228-4554-a52c-fbaed0f96c6e): he burned all of my shit
[21:11:42] Paul_Resmer (uuid: 7718f2d7-90cf-49d6-a1d9-8cf4d236ba82): me too
[21:11:44] Paul_Resmer (uuid: 7718f2d7-90cf-49d6-a1d9-8cf4d236ba82): just ban
[21:11:47] ObamaGivesNoSh (uuid: d3ac07e0-4b18-40a0-b288-4b6e13255b18): ???
[21:11:48] TheRealColmagi (uuid: c98c1615-0764-41e1-848d-73152bfabe94): why tf r u guys even in their house
[21:11:50] ObamaGivesNoSh (uuid: d3ac07e0-4b18-40a0-b288-4b6e13255b18): u guys dieed in the lava
[21:11:57] Paul_Resmer (uuid: 7718f2d7-90cf-49d6-a1d9-8cf4d236ba82): he claimed my house
[21:12:11] TheRealColmagi (uuid: c98c1615-0764-41e1-848d-73152bfabe94): he claimed the land right next to ur house
[21:12:18] TheRealColmagi (uuid: c98c1615-0764-41e1-848d-73152bfabe94): alex wtf r u doing with them
[21:12:25] TheRealColmagi (uuid: c98c1615-0764-41e1-848d-73152bfabe94): dont u have ur own base
[21:12:25] ben_shapiro2020 (uuid: 893a6ed2-6228-4554-a52c-fbaed0f96c6e): nothing
[21:12:34] ben_shapiro2020 (uuid: 893a6ed2-6228-4554-a52c-fbaed0f96c6e): but id have anything now
[21:12:40] ObamaGivesNoSh (uuid: d3ac07e0-4b18-40a0-b288-4b6e13255b18): alex
[21:12:42] ObamaGivesNoSh (uuid: d3ac07e0-4b18-40a0-b288-4b6e13255b18): can i c ur base
[21:12:53] ObamaGivesNoSh (uuid: d3ac07e0-4b18-40a0-b288-4b6e13255b18): wassup
[21:12:59] ben_shapiro2020 (uuid: 893a6ed2-6228-4554-a52c-fbaed0f96c6e): ily
[21:13:01] ObamaGivesNoSh (uuid: d3ac07e0-4b18-40a0-b288-4b6e13255b18): can i have food
[21:13:02] ObamaGivesNoSh (uuid: d3ac07e0-4b18-40a0-b288-4b6e13255b18): what
[21:13:11] ObamaGivesNoSh (uuid: d3ac07e0-4b18-40a0-b288-4b6e13255b18): thx
[21:14:21] TheRealColmagi (uuid: c98c1615-0764-41e1-848d-73152bfabe94): if u want to tp
[21:14:23] TheRealColmagi (uuid: c98c1615-0764-41e1-848d-73152bfabe94): do /tpa
[21:14:27] TheRealColmagi (uuid: c98c1615-0764-41e1-848d-73152bfabe94): it sends a request
[21:17:16] Paul_Resmer (uuid: 7718f2d7-90cf-49d6-a1d9-8cf4d236ba82): ban
[21:17:18] TheRealColmagi (uuid: c98c1615-0764-41e1-848d-73152bfabe94): paul if u turn off ur hacks ill get em to leave
[21:17:26] Paul_Resmer (uuid: 7718f2d7-90cf-49d6-a1d9-8cf4d236ba82): i literally just have fly
[21:17:29] Paul_Resmer (uuid: 7718f2d7-90cf-49d6-a1d9-8cf4d236ba82): for building this
[21:17:35] Kokayn (uuid: 060038e9-de3e-4792-976a-fd850035c687): which is op as fuck
[21:17:43] Paul_Resmer (uuid: 7718f2d7-90cf-49d6-a1d9-8cf4d236ba82): how i built my house
[21:17:50] Paul_Resmer (uuid: 7718f2d7-90cf-49d6-a1d9-8cf4d236ba82): ill relog w none asap
[21:17:58] TheRealColmagi (uuid: c98c1615-0764-41e1-848d-73152bfabe94): do it and ill remove their claims
[21:18:04] Kokayn (uuid: 060038e9-de3e-4792-976a-fd850035c687): ill move
[21:18:11] Kokayn (uuid: 060038e9-de3e-4792-976a-fd850035c687): paul just has to leave the server
[21:18:20] Kokayn (uuid: 060038e9-de3e-4792-976a-fd850035c687): cuz i dont trust him
[21:20:28] TheRealColmagi (uuid: c98c1615-0764-41e1-848d-73152bfabe94): jesus move already
[21:20:49] Kokayn (uuid: 060038e9-de3e-4792-976a-fd850035c687): i need food
[21:21:07] TheRealColmagi (uuid: c98c1615-0764-41e1-848d-73152bfabe94): rails
[21:21:31] Kokayn (uuid: 060038e9-de3e-4792-976a-fd850035c687): can i have a shovel
[21:21:33] Kokayn (uuid: 060038e9-de3e-4792-976a-fd850035c687): the gold one
[21:21:38] Kokayn (uuid: 060038e9-de3e-4792-976a-fd850035c687): james
[21:27:03] TheRealColmagi (uuid: c98c1615-0764-41e1-848d-73152bfabe94): take it cunt
[21:27:06] ben_shapiro2020 (uuid: 893a6ed2-6228-4554-a52c-fbaed0f96c6e): ily
[21:27:09] TheRealColmagi (uuid: c98c1615-0764-41e1-848d-73152bfabe94): dont lose it ever again
[21:28:06] Kokayn (uuid: 060038e9-de3e-4792-976a-fd850035c687): ?
[21:58:02] PiranhaBoy (uuid: 068bfb61-fb8a-4553-8305-2af64537cadb): james gimme ender pearl
[21:58:05] TheRealColmagi (uuid: c98c1615-0764-41e1-848d-73152bfabe94): allah
[21:58:16] PiranhaBoy (uuid: 068bfb61-fb8a-4553-8305-2af64537cadb): and 52 string
[21:58:43] TheRealColmagi (uuid: c98c1615-0764-41e1-848d-73152bfabe94): nigger cmere
[21:58:54] PiranhaBoy (uuid: 068bfb61-fb8a-4553-8305-2af64537cadb): aight
[21:59:07] PiranhaBoy (uuid: 068bfb61-fb8a-4553-8305-2af64537cadb): wait gimme like 30 enderpearls
[21:59:12] PiranhaBoy (uuid: 068bfb61-fb8a-4553-8305-2af64537cadb): and some steaks
[21:59:27] TheRealColmagi (uuid: c98c1615-0764-41e1-848d-73152bfabe94): fag
[21:59:38] PiranhaBoy (uuid: 068bfb61-fb8a-4553-8305-2af64537cadb): aight
[22:00:53] TheRealColmagi (uuid: c98c1615-0764-41e1-848d-73152bfabe94): gay
[22:02:16] TheRealColmagi (uuid: c98c1615-0764-41e1-848d-73152bfabe94): jew nigger
[22:02:23] TheRealColmagi (uuid: c98c1615-0764-41e1-848d-73152bfabe94): holy wtf
[22:02:41] TheRealColmagi (uuid: c98c1615-0764-41e1-848d-73152bfabe94): is this what u spend ur time doing
[22:02:42] PiranhaBoy (uuid: 068bfb61-fb8a-4553-8305-2af64537cadb): wwhy i said make a warp
[22:02:58] TheRealColmagi (uuid: c98c1615-0764-41e1-848d-73152bfabe94): ok tell me which block to set it on
[22:03:23] PiranhaBoy (uuid: 068bfb61-fb8a-4553-8305-2af64537cadb): on the raile
[22:03:32] TheRealColmagi (uuid: c98c1615-0764-41e1-848d-73152bfabe94): warp endfarm
[22:03:41] PiranhaBoy (uuid: 068bfb61-fb8a-4553-8305-2af64537cadb): jk
[22:03:44] PiranhaBoy (uuid: 068bfb61-fb8a-4553-8305-2af64537cadb): jk wait
[22:03:45] PiranhaBoy (uuid: 068bfb61-fb8a-4553-8305-2af64537cadb): no
[22:03:57] TheRealColmagi (uuid: c98c1615-0764-41e1-848d-73152bfabe94): wot
[22:04:28] PiranhaBoy (uuid: 068bfb61-fb8a-4553-8305-2af64537cadb): here
[22:04:52] PiranhaBoy (uuid: 068bfb61-fb8a-4553-8305-2af64537cadb): down here nig
[22:05:30] PiranhaBoy (uuid: 068bfb61-fb8a-4553-8305-2af64537cadb): here
[22:05:41] TheRealColmagi (uuid: c98c1615-0764-41e1-848d-73152bfabe94): there
[22:05:49] TheRealColmagi (uuid: c98c1615-0764-41e1-848d-73152bfabe94): u lik jew
[22:06:32] TheRealColmagi (uuid: c98c1615-0764-41e1-848d-73152bfabe94): where u want the endermite ngiga
[22:06:58] PiranhaBoy (uuid: 068bfb61-fb8a-4553-8305-2af64537cadb): kill those niggas
[22:07:04] TheRealColmagi (uuid: c98c1615-0764-41e1-848d-73152bfabe94): these guys?
[22:07:07] PiranhaBoy (uuid: 068bfb61-fb8a-4553-8305-2af64537cadb): yea
[22:11:12] TheRealColmagi (uuid: c98c1615-0764-41e1-848d-73152bfabe94): nig u done
[22:11:16] PiranhaBoy (uuid: 068bfb61-fb8a-4553-8305-2af64537cadb): come here
[22:11:22] PiranhaBoy (uuid: 068bfb61-fb8a-4553-8305-2af64537cadb): spawn ender mite on thing
[22:11:41] TheRealColmagi (uuid: c98c1615-0764-41e1-848d-73152bfabe94): LOL
[22:12:00] PiranhaBoy (uuid: 068bfb61-fb8a-4553-8305-2af64537cadb): k
[22:12:17] TheRealColmagi (uuid: c98c1615-0764-41e1-848d-73152bfabe94): i dit it
[22:12:27] PiranhaBoy (uuid: 068bfb61-fb8a-4553-8305-2af64537cadb): NIGAG
[22:12:30] TheRealColmagi (uuid: c98c1615-0764-41e1-848d-73152bfabe94): holy
[22:12:40] TheRealColmagi (uuid: c98c1615-0764-41e1-848d-73152bfabe94): diis shit doesnt even work
[22:12:52] PiranhaBoy (uuid: 068bfb61-fb8a-4553-8305-2af64537cadb): LOL
[22:12:54] TheRealColmagi (uuid: c98c1615-0764-41e1-848d-73152bfabe94): nigga
[22:13:09] TheRealColmagi (uuid: c98c1615-0764-41e1-848d-73152bfabe94): they dont even aggro on it
[22:13:23] PiranhaBoy (uuid: 068bfb61-fb8a-4553-8305-2af64537cadb): LOLAT
[22:13:35] PiranhaBoy (uuid: 068bfb61-fb8a-4553-8305-2af64537cadb): PUSH HIM ON
[22:13:41] PiranhaBoy (uuid: 068bfb61-fb8a-4553-8305-2af64537cadb): AND PUT SLABS ATOUND IT
[22:13:51] TheRealColmagi (uuid: c98c1615-0764-41e1-848d-73152bfabe94): move
[22:14:07] PiranhaBoy (uuid: 068bfb61-fb8a-4553-8305-2af64537cadb): k
[22:14:23] TheRealColmagi (uuid: c98c1615-0764-41e1-848d-73152bfabe94): idk what u mean by slabs
[22:14:54] TheRealColmagi (uuid: c98c1615-0764-41e1-848d-73152bfabe94): do it work
[22:15:09] PiranhaBoy (uuid: 068bfb61-fb8a-4553-8305-2af64537cadb): psuh him more
[22:15:13] TheRealColmagi (uuid: c98c1615-0764-41e1-848d-73152bfabe94): ??
[22:15:15] PiranhaBoy (uuid: 068bfb61-fb8a-4553-8305-2af64537cadb): he should fall in the slot
[22:15:33] PiranhaBoy (uuid: 068bfb61-fb8a-4553-8305-2af64537cadb): put slabs around it
[22:15:36] PiranhaBoy (uuid: 068bfb61-fb8a-4553-8305-2af64537cadb): and double carpte
[22:16:02] PiranhaBoy (uuid: 068bfb61-fb8a-4553-8305-2af64537cadb): double carpt the slabs
[22:16:05] PiranhaBoy (uuid: 068bfb61-fb8a-4553-8305-2af64537cadb): and name tag him
[22:16:11] PiranhaBoy (uuid: 068bfb61-fb8a-4553-8305-2af64537cadb): keetp the slabs atoumd
[22:16:16] PiranhaBoy (uuid: 068bfb61-fb8a-4553-8305-2af64537cadb): nigaa no
[22:16:19] PiranhaBoy (uuid: 068bfb61-fb8a-4553-8305-2af64537cadb): no
[22:16:20] PiranhaBoy (uuid: 068bfb61-fb8a-4553-8305-2af64537cadb): nontontnont
[22:16:21] PiranhaBoy (uuid: 068bfb61-fb8a-4553-8305-2af64537cadb): notnt
[22:16:21] TheRealColmagi (uuid: c98c1615-0764-41e1-848d-73152bfabe94): WTF
[22:16:29] PiranhaBoy (uuid: 068bfb61-fb8a-4553-8305-2af64537cadb): whyd you break that slab
[22:16:34] PiranhaBoy (uuid: 068bfb61-fb8a-4553-8305-2af64537cadb): put that one back
[22:16:40] PiranhaBoy (uuid: 068bfb61-fb8a-4553-8305-2af64537cadb): and ill explain
[22:16:41] TheRealColmagi (uuid: c98c1615-0764-41e1-848d-73152bfabe94): what do u mean by the slot
[22:16:45] PiranhaBoy (uuid: 068bfb61-fb8a-4553-8305-2af64537cadb): here
[22:16:49] PiranhaBoy (uuid: 068bfb61-fb8a-4553-8305-2af64537cadb): put slabs around it
[22:17:13] PiranhaBoy (uuid: 068bfb61-fb8a-4553-8305-2af64537cadb): name tag it
[22:17:42] PiranhaBoy (uuid: 068bfb61-fb8a-4553-8305-2af64537cadb): wtf should work
[22:18:00] TheRealColmagi (uuid: c98c1615-0764-41e1-848d-73152bfabe94): there
[22:18:09] TheRealColmagi (uuid: c98c1615-0764-41e1-848d-73152bfabe94): endermen donte ven aggro
[22:18:58] PiranhaBoy (uuid: 068bfb61-fb8a-4553-8305-2af64537cadb): idk if they agro antmore
[22:19:19] TheRealColmagi (uuid: c98c1615-0764-41e1-848d-73152bfabe94): LOL AUTS
[22:19:32] PiranhaBoy (uuid: 068bfb61-fb8a-4553-8305-2af64537cadb): break these blocks here
[22:19:43] TheRealColmagi (uuid: c98c1615-0764-41e1-848d-73152bfabe94): OH IT HAS TO BE SPAWNED FROM ENDER PEARLS
[22:19:45] PiranhaBoy (uuid: 068bfb61-fb8a-4553-8305-2af64537cadb): come here
[22:20:01] PiranhaBoy (uuid: 068bfb61-fb8a-4553-8305-2af64537cadb): shiet
[22:20:06] PiranhaBoy (uuid: 068bfb61-fb8a-4553-8305-2af64537cadb): yea 1.8 no longer aggro
[22:20:28] TheRealColmagi (uuid: c98c1615-0764-41e1-848d-73152bfabe94): IT WORKS
[22:20:32] PiranhaBoy (uuid: 068bfb61-fb8a-4553-8305-2af64537cadb): yea
[22:20:37] TheRealColmagi (uuid: c98c1615-0764-41e1-848d-73152bfabe94): ez
[22:20:40] TheRealColmagi (uuid: c98c1615-0764-41e1-848d-73152bfabe94): move fag
[22:20:52] TheRealColmagi (uuid: c98c1615-0764-41e1-848d-73152bfabe94): LOL ITS HILARIOUS
[22:21:00] TheRealColmagi (uuid: c98c1615-0764-41e1-848d-73152bfabe94): gotem
[22:21:03] PiranhaBoy (uuid: 068bfb61-fb8a-4553-8305-2af64537cadb): wait
[22:21:06] PiranhaBoy (uuid: 068bfb61-fb8a-4553-8305-2af64537cadb): one thing
[22:21:11] PiranhaBoy (uuid: 068bfb61-fb8a-4553-8305-2af64537cadb): destroy these blocks
[22:21:24] PiranhaBoy (uuid: 068bfb61-fb8a-4553-8305-2af64537cadb): double carpet here
[22:21:27] PiranhaBoy (uuid: 068bfb61-fb8a-4553-8305-2af64537cadb): wait put slab
[22:21:30] PiranhaBoy (uuid: 068bfb61-fb8a-4553-8305-2af64537cadb): and double carpt
[22:21:44] PiranhaBoy (uuid: 068bfb61-fb8a-4553-8305-2af64537cadb): brb
[22:22:23] PiranhaBoy (uuid: 068bfb61-fb8a-4553-8305-2af64537cadb): IM A FUCKING GENIUS
[22:22:32] TheRealColmagi (uuid: c98c1615-0764-41e1-848d-73152bfabe94): lmao dis is fkn hilarious
[22:23:29] TheRealColmagi (uuid: c98c1615-0764-41e1-848d-73152bfabe94): one nigga ist stuck
[22:24:06] PiranhaBoy (uuid: 068bfb61-fb8a-4553-8305-2af64537cadb): im so fucking smart
[22:25:52] PiranhaBoy (uuid: 068bfb61-fb8a-4553-8305-2af64537cadb): im so fucking smart
[22:25:57] TheRealColmagi (uuid: c98c1615-0764-41e1-848d-73152bfabe94): you said that already
[22:26:10] PiranhaBoy (uuid: 068bfb61-fb8a-4553-8305-2af64537cadb): i need you to remember that tho
[22:26:34] TheRealColmagi (uuid: c98c1615-0764-41e1-848d-73152bfabe94): how many lvls
[22:26:38] PiranhaBoy (uuid: 068bfb61-fb8a-4553-8305-2af64537cadb): 33
[22:26:44] PiranhaBoy (uuid: 068bfb61-fb8a-4553-8305-2af64537cadb): in like 5 mins busted
[22:26:53] PiranhaBoy (uuid: 068bfb61-fb8a-4553-8305-2af64537cadb): wait take me to the thing
[22:26:56] TheRealColmagi (uuid: c98c1615-0764-41e1-848d-73152bfabe94): ?
[22:26:58] PiranhaBoy (uuid: 068bfb61-fb8a-4553-8305-2af64537cadb): the city lemme get my gear
[22:27:42] PiranhaBoy (uuid: 068bfb61-fb8a-4553-8305-2af64537cadb): tp me in
[22:27:47] TheRealColmagi (uuid: c98c1615-0764-41e1-848d-73152bfabe94): warp?
[22:28:02] PiranhaBoy (uuid: 068bfb61-fb8a-4553-8305-2af64537cadb): to end city
[22:28:04] TheRealColmagi (uuid: c98c1615-0764-41e1-848d-73152bfabe94): oh
[22:28:08] TheRealColmagi (uuid: c98c1615-0764-41e1-848d-73152bfabe94): lemme find it
[22:28:15] PiranhaBoy (uuid: 068bfb61-fb8a-4553-8305-2af64537cadb): i need an electra
[22:29:40] TheRealColmagi (uuid: c98c1615-0764-41e1-848d-73152bfabe94): up u go
[22:30:00] TheRealColmagi (uuid: c98c1615-0764-41e1-848d-73152bfabe94): auts
[22:30:31] TheRealColmagi (uuid: c98c1615-0764-41e1-848d-73152bfabe94): lul
[22:30:59] TheRealColmagi (uuid: c98c1615-0764-41e1-848d-73152bfabe94): take end chest
[22:31:02] TheRealColmagi (uuid: c98c1615-0764-41e1-848d-73152bfabe94): good shit in ur base
[22:31:03] PiranhaBoy (uuid: 068bfb61-fb8a-4553-8305-2af64537cadb): no pick
[22:31:10] TheRealColmagi (uuid: c98c1615-0764-41e1-848d-73152bfabe94): auts
[22:31:47] TheRealColmagi (uuid: c98c1615-0764-41e1-848d-73152bfabe94): cmere to the ship
[22:31:49] TheRealColmagi (uuid: c98c1615-0764-41e1-848d-73152bfabe94): best loot
[22:32:41] TheRealColmagi (uuid: c98c1615-0764-41e1-848d-73152bfabe94): where u gos
[22:32:46] TheRealColmagi (uuid: c98c1615-0764-41e1-848d-73152bfabe94): down here
[22:33:05] TheRealColmagi (uuid: c98c1615-0764-41e1-848d-73152bfabe94): congrats on ur elytra
[22:33:07] TheRealColmagi (uuid: c98c1615-0764-41e1-848d-73152bfabe94): now u can fly
[22:33:08] TheRealColmagi (uuid: c98c1615-0764-41e1-848d-73152bfabe94): kinda
[22:33:11] PiranhaBoy (uuid: 068bfb61-fb8a-4553-8305-2af64537cadb): fucking mending on iron
[22:33:15] PiranhaBoy (uuid: 068bfb61-fb8a-4553-8305-2af64537cadb): not diamond
[22:33:19] TheRealColmagi (uuid: c98c1615-0764-41e1-848d-73152bfabe94): time to find a new city
[22:33:20] PiranhaBoy (uuid: 068bfb61-fb8a-4553-8305-2af64537cadb): do i take fall damage with it
[22:33:25] TheRealColmagi (uuid: c98c1615-0764-41e1-848d-73152bfabe94): u have to glide
[22:34:19] PiranhaBoy (uuid: 068bfb61-fb8a-4553-8305-2af64537cadb):  do slash endfarm
[22:34:29] TheRealColmagi (uuid: c98c1615-0764-41e1-848d-73152bfabe94): this some good shit
[22:34:45] PiranhaBoy (uuid: 068bfb61-fb8a-4553-8305-2af64537cadb): busted
[22:36:09] bryantandpat (uuid: 7961a874-c35f-4f34-a0d1-37205c235291):  its not working for me
[22:36:22] bryantandpat (uuid: 7961a874-c35f-4f34-a0d1-37205c235291):  says i dont have permission
[22:36:25] TheRealColmagi (uuid: c98c1615-0764-41e1-848d-73152bfabe94): wtf
[22:36:36] PiranhaBoy (uuid: 068bfb61-fb8a-4553-8305-2af64537cadb): slash warp endfarm
[22:36:43] TheRealColmagi (uuid: c98c1615-0764-41e1-848d-73152bfabe94): not just endfarm
[22:36:44] TheRealColmagi (uuid: c98c1615-0764-41e1-848d-73152bfabe94): auts
[22:36:46] PiranhaBoy (uuid: 068bfb61-fb8a-4553-8305-2af64537cadb): bring good sword
[22:36:57] bryantandpat (uuid: 7961a874-c35f-4f34-a0d1-37205c235291): wtf
[22:36:59] bryantandpat (uuid: 7961a874-c35f-4f34-a0d1-37205c235291): they hit me
[22:37:27] PiranhaBoy (uuid: 068bfb61-fb8a-4553-8305-2af64537cadb): bring sharpness sweeping edge
[22:38:09] bryantandpat (uuid: 7961a874-c35f-4f34-a0d1-37205c235291): jesos 12 lvls already
[22:38:19] PiranhaBoy (uuid: 068bfb61-fb8a-4553-8305-2af64537cadb): broken
[22:38:26] bryantandpat (uuid: 7961a874-c35f-4f34-a0d1-37205c235291): how do they spawn so fast
[22:38:37] PiranhaBoy (uuid: 068bfb61-fb8a-4553-8305-2af64537cadb): idk its how the end works
[22:39:23] bryantandpat (uuid: 7961a874-c35f-4f34-a0d1-37205c235291): jesos this is actually busted
[22:39:36] TheRealColmagi (uuid: c98c1615-0764-41e1-848d-73152bfabe94): aha
[22:39:40] PiranhaBoy (uuid: 068bfb61-fb8a-4553-8305-2af64537cadb): do slash warp endfarm
[22:39:42] Paul_Resmer (uuid: 7718f2d7-90cf-49d6-a1d9-8cf4d236ba82): gays
[22:39:45] Paul_Resmer (uuid: 7718f2d7-90cf-49d6-a1d9-8cf4d236ba82): no hax
[22:39:49] Paul_Resmer (uuid: 7718f2d7-90cf-49d6-a1d9-8cf4d236ba82): nah idr wanna play
[22:39:49] TheRealColmagi (uuid: c98c1615-0764-41e1-848d-73152bfabe94): god
[22:39:57] PiranhaBoy (uuid: 068bfb61-fb8a-4553-8305-2af64537cadb): check it out
[22:39:59] PiranhaBoy (uuid: 068bfb61-fb8a-4553-8305-2af64537cadb): nigga
[22:40:01] Paul_Resmer (uuid: 7718f2d7-90cf-49d6-a1d9-8cf4d236ba82): i lost all my stuff an my lvls
[22:40:04] Paul_Resmer (uuid: 7718f2d7-90cf-49d6-a1d9-8cf4d236ba82): from zach lol
[22:40:07] PiranhaBoy (uuid: 068bfb61-fb8a-4553-8305-2af64537cadb): get levels back then
[22:40:10] bryantandpat (uuid: 7961a874-c35f-4f34-a0d1-37205c235291): u get lvls rlly fast here
[22:40:12] PiranhaBoy (uuid: 068bfb61-fb8a-4553-8305-2af64537cadb): niggajust do it
[22:40:13] TheRealColmagi (uuid: c98c1615-0764-41e1-848d-73152bfabe94): ye
[22:40:21] Paul_Resmer (uuid: 7718f2d7-90cf-49d6-a1d9-8cf4d236ba82): i lost all my enchanted stuff too doe
[22:40:21] bryantandpat (uuid: 7961a874-c35f-4f34-a0d1-37205c235291): 21 in like 5 min
[22:40:37] Paul_Resmer (uuid: 7718f2d7-90cf-49d6-a1d9-8cf4d236ba82): idk maybe on the weekend or smth
[22:40:42] PiranhaBoy (uuid: 068bfb61-fb8a-4553-8305-2af64537cadb): LITERALLY
[22:40:46] bryantandpat (uuid: 7961a874-c35f-4f34-a0d1-37205c235291):  shit derek they all died
[22:40:51] bryantandpat (uuid: 7961a874-c35f-4f34-a0d1-37205c235291):  did i mess it up
[22:40:53] PiranhaBoy (uuid: 068bfb61-fb8a-4553-8305-2af64537cadb): JUST DO SLASH WARP ENDFARM
[22:40:54] TheRealColmagi (uuid: c98c1615-0764-41e1-848d-73152bfabe94): HOLY
[22:41:05] TheRealColmagi (uuid: c98c1615-0764-41e1-848d-73152bfabe94): LOOK IN THE CHEST
[22:41:14] PiranhaBoy (uuid: 068bfb61-fb8a-4553-8305-2af64537cadb): yo
[22:41:17] PiranhaBoy (uuid: 068bfb61-fb8a-4553-8305-2af64537cadb): buste
[22:41:17] TheRealColmagi (uuid: c98c1615-0764-41e1-848d-73152bfabe94): fucking dank armor
[22:41:35] bryantandpat (uuid: 7961a874-c35f-4f34-a0d1-37205c235291):  o nvm its working agn
[22:41:41] ben_shapiro2020 (uuid: 893a6ed2-6228-4554-a52c-fbaed0f96c6e): growing potatoes is so much better than wheat
[22:41:46] ben_shapiro2020 (uuid: 893a6ed2-6228-4554-a52c-fbaed0f96c6e): bigger returns
[22:41:51] TheRealColmagi (uuid: c98c1615-0764-41e1-848d-73152bfabe94): nigga u can literally find paul his new armor set
[22:41:52] PiranhaBoy (uuid: 068bfb61-fb8a-4553-8305-2af64537cadb): paul just fucking slash warp end farm
[22:42:10] PiranhaBoy (uuid: 068bfb61-fb8a-4553-8305-2af64537cadb): yo wtf
[22:42:13] PiranhaBoy (uuid: 068bfb61-fb8a-4553-8305-2af64537cadb): this is busted
[22:42:18] TheRealColmagi (uuid: c98c1615-0764-41e1-848d-73152bfabe94): ye ez
[22:43:27] PiranhaBoy (uuid: 068bfb61-fb8a-4553-8305-2af64537cadb): james help
[22:43:42] PiranhaBoy (uuid: 068bfb61-fb8a-4553-8305-2af64537cadb): james outside of the end city you tpd me to
[22:43:50] PiranhaBoy (uuid: 068bfb61-fb8a-4553-8305-2af64537cadb): under the ship plz
[22:43:55] TheRealColmagi (uuid: c98c1615-0764-41e1-848d-73152bfabe94): ?
[22:44:01] PiranhaBoy (uuid: 068bfb61-fb8a-4553-8305-2af64537cadb):  i died
[22:44:05] PiranhaBoy (uuid: 068bfb61-fb8a-4553-8305-2af64537cadb): tp me
[22:44:11] TheRealColmagi (uuid: c98c1615-0764-41e1-848d-73152bfabe94): go
[22:44:41] PiranhaBoy (uuid: 068bfb61-fb8a-4553-8305-2af64537cadb): oh its cause no chest plate on
[22:46:00] PiranhaBoy (uuid: 068bfb61-fb8a-4553-8305-2af64537cadb): wtf is curse of vanishing
[22:46:07] TheRealColmagi (uuid: c98c1615-0764-41e1-848d-73152bfabe94): u lose once u die
[22:46:16] PiranhaBoy (uuid: 068bfb61-fb8a-4553-8305-2af64537cadb): thats counterproductive
[22:46:18] PiranhaBoy (uuid: 068bfb61-fb8a-4553-8305-2af64537cadb): wtf
[22:46:55] TheRealColmagi (uuid: c98c1615-0764-41e1-848d-73152bfabe94): best set of leggins here
[22:47:13] TheRealColmagi (uuid: c98c1615-0764-41e1-848d-73152bfabe94): u know how ethan tong has lots of $$
[22:47:17] PiranhaBoy (uuid: 068bfb61-fb8a-4553-8305-2af64537cadb): end is busted dude
[22:47:18] TheRealColmagi (uuid: c98c1615-0764-41e1-848d-73152bfabe94): u can prob sell these to him
[22:47:38] PiranhaBoy (uuid: 068bfb61-fb8a-4553-8305-2af64537cadb): yea
[22:47:43] PiranhaBoy (uuid: 068bfb61-fb8a-4553-8305-2af64537cadb): 128 for each
[22:48:42] PiranhaBoy (uuid: 068bfb61-fb8a-4553-8305-2af64537cadb): ethan i got some goods to sell
[22:49:46] TheRealColmagi (uuid: c98c1615-0764-41e1-848d-73152bfabe94): its got mending too
[22:50:12] PiranhaBoy (uuid: 068bfb61-fb8a-4553-8305-2af64537cadb): i got some good diamond leggings
[22:50:18] PiranhaBoy (uuid: 068bfb61-fb8a-4553-8305-2af64537cadb): we gotta barter them off
[22:50:26] TheRealColmagi (uuid: c98c1615-0764-41e1-848d-73152bfabe94): lmao do an auction
[22:50:38] TheRealColmagi (uuid: c98c1615-0764-41e1-848d-73152bfabe94): lemme find an auction plugin
[22:51:00] PiranhaBoy (uuid: 068bfb61-fb8a-4553-8305-2af64537cadb): ethan if you lost ur stuff ill sell you some
[22:52:32] bryantandpat (uuid: 7961a874-c35f-4f34-a0d1-37205c235291): lag
[22:53:05] PiranhaBoy (uuid: 068bfb61-fb8a-4553-8305-2af64537cadb): hubert do slash warp endfarm
[22:53:23] Hubert6194 (uuid: 1ae76006-6711-4e06-9e89-a7e9a547fbfd): how does this work
[22:53:28] Hubert6194 (uuid: 1ae76006-6711-4e06-9e89-a7e9a547fbfd): nigga wtf u have cape
[22:53:30] Hubert6194 (uuid: 1ae76006-6711-4e06-9e89-a7e9a547fbfd): nigga wtf u have cape
[22:54:03] TheRealColmagi (uuid: c98c1615-0764-41e1-848d-73152bfabe94): ez getting auction now
[22:54:05] iMine03 (uuid: 0f9d4172-c235-4bd2-9897-490c4a93ddfe): jesosossosososo
[22:54:05] ben_shapiro2020 (uuid: 893a6ed2-6228-4554-a52c-fbaed0f96c6e): ez
[22:54:08] TheRealColmagi (uuid: c98c1615-0764-41e1-848d-73152bfabe94): now u guys can bid on shit
[22:54:09] Hubert6194 (uuid: 1ae76006-6711-4e06-9e89-a7e9a547fbfd): whats auction?
[22:54:11] bryantandpat (uuid: 7961a874-c35f-4f34-a0d1-37205c235291):  james what else can u do with money besides shop
[22:54:14] TheRealColmagi (uuid: c98c1615-0764-41e1-848d-73152bfabe94): u get an item
[22:54:19] TheRealColmagi (uuid: c98c1615-0764-41e1-848d-73152bfabe94): and u want to sell it right
[22:54:22] TheRealColmagi (uuid: c98c1615-0764-41e1-848d-73152bfabe94): so u auction it
[22:54:23] PiranhaBoy (uuid: 068bfb61-fb8a-4553-8305-2af64537cadb): stop adding land to end farm
[22:54:27] TheRealColmagi (uuid: c98c1615-0764-41e1-848d-73152bfabe94): and other ppl with money can bid on it
[22:54:28] iMine03 (uuid: 0f9d4172-c235-4bd2-9897-490c4a93ddfe): where's the shit
[22:54:30] PiranhaBoy (uuid: 068bfb61-fb8a-4553-8305-2af64537cadb): you have to do a layering thing
[22:54:36] TheRealColmagi (uuid: c98c1615-0764-41e1-848d-73152bfabe94): u can set like minimum bid price n shit
[22:54:40] Hubert6194 (uuid: 1ae76006-6711-4e06-9e89-a7e9a547fbfd): how do i use this
[22:54:40] TheRealColmagi (uuid: c98c1615-0764-41e1-848d-73152bfabe94): highest bidder wins
[22:54:44] TheRealColmagi (uuid: c98c1615-0764-41e1-848d-73152bfabe94): they get item u get $$$
[22:54:53] Hubert6194 (uuid: 1ae76006-6711-4e06-9e89-a7e9a547fbfd): jesos derek auts
[22:55:06] PiranhaBoy (uuid: 068bfb61-fb8a-4553-8305-2af64537cadb): literally your fucking fault
[22:55:12] Hubert6194 (uuid: 1ae76006-6711-4e06-9e89-a7e9a547fbfd): wtf i didn't do jack shit
[22:55:15] PiranhaBoy (uuid: 068bfb61-fb8a-4553-8305-2af64537cadb): if you didnt add shit to the platform
[22:55:21] PiranhaBoy (uuid: 068bfb61-fb8a-4553-8305-2af64537cadb): the thing would still be working
[22:55:24] Hubert6194 (uuid: 1ae76006-6711-4e06-9e89-a7e9a547fbfd): i literally didn't know this existed
[22:55:29] bryantandpat (uuid: 7961a874-c35f-4f34-a0d1-37205c235291): jesos hubert killed someone agn?
[22:55:30] Hubert6194 (uuid: 1ae76006-6711-4e06-9e89-a7e9a547fbfd): until u told me to warp endfarm
[22:55:31] PiranhaBoy (uuid: 068bfb61-fb8a-4553-8305-2af64537cadb): and then i wouldnt have to go up to fix it
[22:55:42] PiranhaBoy (uuid: 068bfb61-fb8a-4553-8305-2af64537cadb): and then you niggers wouldnt have made me go up
[22:55:49] PiranhaBoy (uuid: 068bfb61-fb8a-4553-8305-2af64537cadb): to fucking fiz it
[22:55:54] PiranhaBoy (uuid: 068bfb61-fb8a-4553-8305-2af64537cadb): ima claim it now
[22:55:58] Hubert6194 (uuid: 1ae76006-6711-4e06-9e89-a7e9a547fbfd): nigga i didn't add shit here
[22:56:07] TheRealColmagi (uuid: c98c1615-0764-41e1-848d-73152bfabe94): WAIT DID U LOSE UR LOOT FEGREK
[22:56:27] PiranhaBoy (uuid: 068bfb61-fb8a-4553-8305-2af64537cadb): i poot most of it up
[22:56:30] TheRealColmagi (uuid: c98c1615-0764-41e1-848d-73152bfabe94): ok good
[22:56:32] PiranhaBoy (uuid: 068bfb61-fb8a-4553-8305-2af64537cadb): but i lost them good leggings
[22:56:34] TheRealColmagi (uuid: c98c1615-0764-41e1-848d-73152bfabe94): oof
[22:56:40] TheRealColmagi (uuid: c98c1615-0764-41e1-848d-73152bfabe94): means u can auction the rest
[22:56:53] Hubert6194 (uuid: 1ae76006-6711-4e06-9e89-a7e9a547fbfd): doubt derek got that shit legit
[22:57:13] PiranhaBoy (uuid: 068bfb61-fb8a-4553-8305-2af64537cadb): allow land claims in this world
[22:57:18] PiranhaBoy (uuid: 068bfb61-fb8a-4553-8305-2af64537cadb): cause they broke it
[22:57:21] TheRealColmagi (uuid: c98c1615-0764-41e1-848d-73152bfabe94): oof idk how
[22:57:26] Hubert6194 (uuid: 1ae76006-6711-4e06-9e89-a7e9a547fbfd): no don't thats unfair niget
[22:57:31] Hubert6194 (uuid: 1ae76006-6711-4e06-9e89-a7e9a547fbfd): wait did u build all of that
[22:57:33] Hubert6194 (uuid: 1ae76006-6711-4e06-9e89-a7e9a547fbfd): 
[22:57:37] TheRealColmagi (uuid: c98c1615-0764-41e1-848d-73152bfabe94): ye he did
[22:57:40] Hubert6194 (uuid: 1ae76006-6711-4e06-9e89-a7e9a547fbfd): wtf
[22:57:46] Hubert6194 (uuid: 1ae76006-6711-4e06-9e89-a7e9a547fbfd): in survival?
[22:57:50] TheRealColmagi (uuid: c98c1615-0764-41e1-848d-73152bfabe94): yeh
[22:57:51] PiranhaBoy (uuid: 068bfb61-fb8a-4553-8305-2af64537cadb): WHO THE FUCK.
[22:57:54] TheRealColmagi (uuid: c98c1615-0764-41e1-848d-73152bfabe94): i didnt even know he did it
[22:58:01] PiranhaBoy (uuid: 068bfb61-fb8a-4553-8305-2af64537cadb): CLIMBED TO THE TOP WITH ENDER BRICK
[22:58:02] bryantandpat (uuid: 7961a874-c35f-4f34-a0d1-37205c235291):  hubert auts lmao
[22:58:07] TheRealColmagi (uuid: c98c1615-0764-41e1-848d-73152bfabe94): oh the endermite died
[22:58:08] PiranhaBoy (uuid: 068bfb61-fb8a-4553-8305-2af64537cadb): KILLED THE GUY
[22:58:11] Hubert6194 (uuid: 1ae76006-6711-4e06-9e89-a7e9a547fbfd): nigga i didn't do SHIT
[22:58:21] Hubert6194 (uuid: 1ae76006-6711-4e06-9e89-a7e9a547fbfd): i didn't even know that place fuckin existed
[22:58:22] PiranhaBoy (uuid: 068bfb61-fb8a-4553-8305-2af64537cadb): cause they fucking climbed up there without double capet
[22:58:36] PiranhaBoy (uuid: 068bfb61-fb8a-4553-8305-2af64537cadb): so the fucking endermen got a way to climb up to it
[22:58:50] PiranhaBoy (uuid: 068bfb61-fb8a-4553-8305-2af64537cadb): literally made me lose my duck launcher pube cutter and my sword
[22:59:06] TheRealColmagi (uuid: c98c1615-0764-41e1-848d-73152bfabe94): fk
[22:59:26] PiranhaBoy (uuid: 068bfb61-fb8a-4553-8305-2af64537cadb): figure out how to do land claims in here
[22:59:37] PiranhaBoy (uuid: 068bfb61-fb8a-4553-8305-2af64537cadb): cause i dont want anymore niggas touching my shit
[22:59:45] PiranhaBoy (uuid: 068bfb61-fb8a-4553-8305-2af64537cadb): literally i had the waterfall to get up
[22:59:58] PiranhaBoy (uuid: 068bfb61-fb8a-4553-8305-2af64537cadb): and you fucks make a pillar in it that i didnt know about
[23:00:07] PiranhaBoy (uuid: 068bfb61-fb8a-4553-8305-2af64537cadb): so i lose my shit cause i hit it and fall off
[23:00:16] Hubert6194 (uuid: 1ae76006-6711-4e06-9e89-a7e9a547fbfd): a u t s
[23:00:34] PiranhaBoy (uuid: 068bfb61-fb8a-4553-8305-2af64537cadb): ur the fucking auts one
[23:00:36] Hubert6194 (uuid: 1ae76006-6711-4e06-9e89-a7e9a547fbfd): when u nigar and drunk so can't climb waterfal
[23:00:42] PiranhaBoy (uuid: 068bfb61-fb8a-4553-8305-2af64537cadb): broke my farm and got rid of my level
[23:00:51] ben_shapiro2020 (uuid: 893a6ed2-6228-4554-a52c-fbaed0f96c6e): how do u do an auction
[23:00:56] Hubert6194 (uuid: 1ae76006-6711-4e06-9e89-a7e9a547fbfd): wtf when'd i break ur farm
[23:01:19] PiranhaBoy (uuid: 068bfb61-fb8a-4553-8305-2af64537cadb): whoever the fuck built that pillar broke my farm and lost my gear
[23:01:28] bryantandpat (uuid: 7961a874-c35f-4f34-a0d1-37205c235291):  obv hubert
[23:01:32] PiranhaBoy (uuid: 068bfb61-fb8a-4553-8305-2af64537cadb): mhm
[23:01:33] Hubert6194 (uuid: 1ae76006-6711-4e06-9e89-a7e9a547fbfd): nigga stfu
[23:01:41] bryantandpat (uuid: 7961a874-c35f-4f34-a0d1-37205c235291):  who else would it be
[23:01:41] TheRealColmagi (uuid: c98c1615-0764-41e1-848d-73152bfabe94): fixed
[23:01:53] PiranhaBoy (uuid: 068bfb61-fb8a-4553-8305-2af64537cadb): nigga james gimme a good sword
[23:01:56] Hubert6194 (uuid: 1ae76006-6711-4e06-9e89-a7e9a547fbfd): i don't touch other ppls stuff im a good citizen
[23:01:59] PiranhaBoy (uuid: 068bfb61-fb8a-4553-8305-2af64537cadb): so i can get levels again
[23:02:07] TheRealColmagi (uuid: c98c1615-0764-41e1-848d-73152bfabe94): ey uh
[23:02:12] TheRealColmagi (uuid: c98c1615-0764-41e1-848d-73152bfabe94): sit tight for a few secs
[23:02:15] TheRealColmagi (uuid: c98c1615-0764-41e1-848d-73152bfabe94): dont move dont talk
[23:02:17] TheRealColmagi (uuid: c98c1615-0764-41e1-848d-73152bfabe94): reloading
[23:02:34] TheRealColmagi (uuid: c98c1615-0764-41e1-848d-73152bfabe94): ther
[23:02:46] ben_shapiro2020 (uuid: 893a6ed2-6228-4554-a52c-fbaed0f96c6e): add a lottery too
[23:03:02] ben_shapiro2020 (uuid: 893a6ed2-6228-4554-a52c-fbaed0f96c6e): add lottery plugins
[23:03:03] TheRealColmagi (uuid: c98c1615-0764-41e1-848d-73152bfabe94): hell na
[23:03:18] Hubert6194 (uuid: 1ae76006-6711-4e06-9e89-a7e9a547fbfd): nigga stop hitting me
[23:03:19] Hubert6194 (uuid: 1ae76006-6711-4e06-9e89-a7e9a547fbfd): nigga stop hitting me
[23:03:35] PiranhaBoy (uuid: 068bfb61-fb8a-4553-8305-2af64537cadb): james gimme a good sword for reconcilation
[23:03:41] Hubert6194 (uuid: 1ae76006-6711-4e06-9e89-a7e9a547fbfd): wait how do u get it to spawn like that
[23:03:44] Hubert6194 (uuid: 1ae76006-6711-4e06-9e89-a7e9a547fbfd): so fast
[23:03:47] PiranhaBoy (uuid: 068bfb61-fb8a-4553-8305-2af64537cadb): nigga i would tell you
[23:03:53] PiranhaBoy (uuid: 068bfb61-fb8a-4553-8305-2af64537cadb): niggaer i would tell you
[23:03:57] PiranhaBoy (uuid: 068bfb61-fb8a-4553-8305-2af64537cadb): if i didnt lose all my shit
[23:04:04] Hubert6194 (uuid: 1ae76006-6711-4e06-9e89-a7e9a547fbfd): stop blaming ur autism on me
[23:04:13] Hubert6194 (uuid: 1ae76006-6711-4e06-9e89-a7e9a547fbfd): i literally got on the server and warped here for the first time
[23:04:29] PiranhaBoy (uuid: 068bfb61-fb8a-4553-8305-2af64537cadb): literally the reason i went up and hit a thing i didnt expect was b/c of you
[23:04:37] Hubert6194 (uuid: 1ae76006-6711-4e06-9e89-a7e9a547fbfd): nigga how
[23:05:35] Hubert6194 (uuid: 1ae76006-6711-4e06-9e89-a7e9a547fbfd): FUCK U NIGGER
[23:05:46] Hubert6194 (uuid: 1ae76006-6711-4e06-9e89-a7e9a547fbfd): james
[23:05:55] Hubert6194 (uuid: 1ae76006-6711-4e06-9e89-a7e9a547fbfd): can i hvae my god swor back
[23:05:59] Hubert6194 (uuid: 1ae76006-6711-4e06-9e89-a7e9a547fbfd): derke pushed me off the edge
[23:06:05] PiranhaBoy (uuid: 068bfb61-fb8a-4553-8305-2af64537cadb): i literally didnt
[23:06:09] Hubert6194 (uuid: 1ae76006-6711-4e06-9e89-a7e9a547fbfd): yea u fuckin dide
[23:06:19] PiranhaBoy (uuid: 068bfb61-fb8a-4553-8305-2af64537cadb): dude you fell ito the water
[23:06:25] Hubert6194 (uuid: 1ae76006-6711-4e06-9e89-a7e9a547fbfd): cuz u hit me
[23:06:25] PiranhaBoy (uuid: 068bfb61-fb8a-4553-8305-2af64537cadb): i was killing the nigares
[23:06:53] Hubert6194 (uuid: 1ae76006-6711-4e06-9e89-a7e9a547fbfd): jamesh
[23:07:13] TheRealColmagi (uuid: c98c1615-0764-41e1-848d-73152bfabe94): fk me
[23:07:17] Hubert6194 (uuid: 1ae76006-6711-4e06-9e89-a7e9a547fbfd): james actually
[23:07:19] PiranhaBoy (uuid: 068bfb61-fb8a-4553-8305-2af64537cadb): nigga no if hubert gets his sword back for his autism i get all my gear for my farm
[23:07:19] TheRealColmagi (uuid: c98c1615-0764-41e1-848d-73152bfabe94): gotta find a new auctions plugin
[23:07:25] Hubert6194 (uuid: 1ae76006-6711-4e06-9e89-a7e9a547fbfd): that sword was the only good thing i had
[23:07:32] PiranhaBoy (uuid: 068bfb61-fb8a-4553-8305-2af64537cadb): all my shit was good
[23:07:43] Hubert6194 (uuid: 1ae76006-6711-4e06-9e89-a7e9a547fbfd): yeah nigga cuz u play with someone who has hacks on
[23:07:49] Hubert6194 (uuid: 1ae76006-6711-4e06-9e89-a7e9a547fbfd): wonder how much of ur shit was legit
[23:08:05] PiranhaBoy (uuid: 068bfb61-fb8a-4553-8305-2af64537cadb): i didnt hack and paul has no hacks for itesm
[23:08:24] TheRealColmagi (uuid: c98c1615-0764-41e1-848d-73152bfabe94): LOL
[23:08:26] PiranhaBoy (uuid: 068bfb61-fb8a-4553-8305-2af64537cadb): james do a 30 min servver reset
[23:08:29] Hubert6194 (uuid: 1ae76006-6711-4e06-9e89-a7e9a547fbfd): james get me my sworddd
[23:08:34] TheRealColmagi (uuid: c98c1615-0764-41e1-848d-73152bfabe94): lmao i cant do that
[23:08:38] Hubert6194 (uuid: 1ae76006-6711-4e06-9e89-a7e9a547fbfd):  y
[23:09:04] PiranhaBoy (uuid: 068bfb61-fb8a-4553-8305-2af64537cadb): nigga if hubert gets his sword back by doing nothing then i get all my good shit
[23:10:36] Hubert6194 (uuid: 1ae76006-6711-4e06-9e89-a7e9a547fbfd): james jew
[23:13:06] PiranhaBoy (uuid: 068bfb61-fb8a-4553-8305-2af64537cadb): whats the bid things
[23:13:15] TheRealColmagi (uuid: c98c1615-0764-41e1-848d-73152bfabe94): i need to give u guys persm
[23:14:34] TheRealColmagi (uuid: c98c1615-0764-41e1-848d-73152bfabe94): try bidding
[23:14:55] TheRealColmagi (uuid: c98c1615-0764-41e1-848d-73152bfabe94): hello
[23:14:58] TheRealColmagi (uuid: c98c1615-0764-41e1-848d-73152bfabe94): niggas
[23:17:22] TheRealColmagi (uuid: c98c1615-0764-41e1-848d-73152bfabe94): r u afk cunt
[23:17:26] TheRealColmagi (uuid: c98c1615-0764-41e1-848d-73152bfabe94): try bidding
[23:17:28] PiranhaBoy (uuid: 068bfb61-fb8a-4553-8305-2af64537cadb): nah
[23:18:45] PiranhaBoy (uuid: 068bfb61-fb8a-4553-8305-2af64537cadb): yo gimme 6 lapis
[23:19:29] PiranhaBoy (uuid: 068bfb61-fb8a-4553-8305-2af64537cadb): whats the bid command
[23:19:46] TheRealColmagi (uuid: c98c1615-0764-41e1-848d-73152bfabe94): its just /bid
[23:19:59] PiranhaBoy (uuid: 068bfb61-fb8a-4553-8305-2af64537cadb): not enough permissions
[23:20:05] TheRealColmagi (uuid: c98c1615-0764-41e1-848d-73152bfabe94): wtf
[23:20:18] TheRealColmagi (uuid: c98c1615-0764-41e1-848d-73152bfabe94): u should have it
[23:20:38] ben_shapiro2020 (uuid: 893a6ed2-6228-4554-a52c-fbaed0f96c6e): give me permission
[23:20:43] TheRealColmagi (uuid: c98c1615-0764-41e1-848d-73152bfabe94): u should have perms
[23:20:51] ben_shapiro2020 (uuid: 893a6ed2-6228-4554-a52c-fbaed0f96c6e): nope
[23:21:50] ben_shapiro2020 (uuid: 893a6ed2-6228-4554-a52c-fbaed0f96c6e): "u dont have enough permissions to use this command"
[23:21:59] TheRealColmagi (uuid: c98c1615-0764-41e1-848d-73152bfabe94): wtf
[23:22:22] PiranhaBoy (uuid: 068bfb61-fb8a-4553-8305-2af64537cadb): james gimme 6 lapis
[23:22:31] TheRealColmagi (uuid: c98c1615-0764-41e1-848d-73152bfabe94): lemme server restart or somethin
[23:23:48] TheRealColmagi (uuid: c98c1615-0764-41e1-848d-73152bfabe94): try now
[23:23:56] PiranhaBoy (uuid: 068bfb61-fb8a-4553-8305-2af64537cadb): not enough money
[23:23:58] TheRealColmagi (uuid: c98c1615-0764-41e1-848d-73152bfabe94): LOL
[23:24:01] PiranhaBoy (uuid: 068bfb61-fb8a-4553-8305-2af64537cadb): ez
[23:24:06] TheRealColmagi (uuid: c98c1615-0764-41e1-848d-73152bfabe94): consider this a gift
[23:24:09] TheRealColmagi (uuid: c98c1615-0764-41e1-848d-73152bfabe94): gotem
[23:24:15] PiranhaBoy (uuid: 068bfb61-fb8a-4553-8305-2af64537cadb): ezz
[23:24:23] TheRealColmagi (uuid: c98c1615-0764-41e1-848d-73152bfabe94): alex it works now
[23:24:28] ben_shapiro2020 (uuid: 893a6ed2-6228-4554-a52c-fbaed0f96c6e): kk
[23:24:40] PiranhaBoy (uuid: 068bfb61-fb8a-4553-8305-2af64537cadb): wtf thats alex?
[23:24:43] TheRealColmagi (uuid: c98c1615-0764-41e1-848d-73152bfabe94): yes??
[23:24:59] TheRealColmagi (uuid: c98c1615-0764-41e1-848d-73152bfabe94): hell ill buy that
[23:25:17] ben_shapiro2020 (uuid: 893a6ed2-6228-4554-a52c-fbaed0f96c6e): james make it so the nickname of the item shows
[23:25:20] TheRealColmagi (uuid: c98c1615-0764-41e1-848d-73152bfabe94): it does
[23:25:24] TheRealColmagi (uuid: c98c1615-0764-41e1-848d-73152bfabe94): if u hover over it
[23:25:38] ben_shapiro2020 (uuid: 893a6ed2-6228-4554-a52c-fbaed0f96c6e): like directly
[23:25:54] TheRealColmagi (uuid: c98c1615-0764-41e1-848d-73152bfabe94): cant
[23:26:11] ben_shapiro2020 (uuid: 893a6ed2-6228-4554-a52c-fbaed0f96c6e): add the lottery plugin
[23:26:30] TheRealColmagi (uuid: c98c1615-0764-41e1-848d-73152bfabe94): jews
[23:26:33] ben_shapiro2020 (uuid: 893a6ed2-6228-4554-a52c-fbaed0f96c6e): mhm
[23:26:39] TheRealColmagi (uuid: c98c1615-0764-41e1-848d-73152bfabe94): look at the name
[23:27:00] ben_shapiro2020 (uuid: 893a6ed2-6228-4554-a52c-fbaed0f96c6e): i only see james
[23:27:07] PiranhaBoy (uuid: 068bfb61-fb8a-4553-8305-2af64537cadb): whats the command to sell
[23:27:21] TheRealColmagi (uuid: c98c1615-0764-41e1-848d-73152bfabe94): auction start
[23:27:50] PiranhaBoy (uuid: 068bfb61-fb8a-4553-8305-2af64537cadb): james gimme a good sword
[23:28:04] PiranhaBoy (uuid: 068bfb61-fb8a-4553-8305-2af64537cadb): i lost mine and now i got bane of athropods
[23:28:14] ben_shapiro2020 (uuid: 893a6ed2-6228-4554-a52c-fbaed0f96c6e): james add mcmmo and lottery
[23:28:22] TheRealColmagi (uuid: c98c1615-0764-41e1-848d-73152bfabe94): mcmmo is in facs i think
[23:28:29] ben_shapiro2020 (uuid: 893a6ed2-6228-4554-a52c-fbaed0f96c6e): put it her
[23:28:34] TheRealColmagi (uuid: c98c1615-0764-41e1-848d-73152bfabe94): nah
[23:28:35] ben_shapiro2020 (uuid: 893a6ed2-6228-4554-a52c-fbaed0f96c6e): no one plays facs
[23:29:24] ben_shapiro2020 (uuid: 893a6ed2-6228-4554-a52c-fbaed0f96c6e): is the dragons breath real or just text
[23:29:30] TheRealColmagi (uuid: c98c1615-0764-41e1-848d-73152bfabe94): text
[23:29:33] PiranhaBoy (uuid: 068bfb61-fb8a-4553-8305-2af64537cadb): what does it mean by amount
[23:29:35] TheRealColmagi (uuid: c98c1615-0764-41e1-848d-73152bfabe94): its the lore
[23:29:38] TheRealColmagi (uuid: c98c1615-0764-41e1-848d-73152bfabe94): amount of ur damn item
[23:29:54] TheRealColmagi (uuid: c98c1615-0764-41e1-848d-73152bfabe94): im rich
[23:30:20] TheRealColmagi (uuid: c98c1615-0764-41e1-848d-73152bfabe94): no dollar signs retard
[23:30:39] PiranhaBoy (uuid: 068bfb61-fb8a-4553-8305-2af64537cadb): wtf this sword is ass
[23:30:42] TheRealColmagi (uuid: c98c1615-0764-41e1-848d-73152bfabe94): wt
[23:30:45] TheRealColmagi (uuid: c98c1615-0764-41e1-848d-73152bfabe94): its sharp 3 unbreak 34
[23:30:46] TheRealColmagi (uuid: c98c1615-0764-41e1-848d-73152bfabe94): good
[23:30:56] PiranhaBoy (uuid: 068bfb61-fb8a-4553-8305-2af64537cadb): nib
[23:30:56] TheRealColmagi (uuid: c98c1615-0764-41e1-848d-73152bfabe94): alsoo if u hover over the text in auction u can see the tooltips
[23:31:03] TheRealColmagi (uuid: c98c1615-0764-41e1-848d-73152bfabe94): stupid fook
[23:31:10] PiranhaBoy (uuid: 068bfb61-fb8a-4553-8305-2af64537cadb): my last one was sharp 4 fire aspect 2 unbreaking 3 sweeping 3
[23:31:19] TheRealColmagi (uuid: c98c1615-0764-41e1-848d-73152bfabe94): oh well im SORRY
[23:31:20] TheRealColmagi (uuid: c98c1615-0764-41e1-848d-73152bfabe94): nigger
[23:31:31] PiranhaBoy (uuid: 068bfb61-fb8a-4553-8305-2af64537cadb): auction start 1 300 50 autowin
[23:31:31] ben_shapiro2020 (uuid: 893a6ed2-6228-4554-a52c-fbaed0f96c6e): we should be able to say nig
[23:31:37] ben_shapiro2020 (uuid: 893a6ed2-6228-4554-a52c-fbaed0f96c6e): LMAO
[23:31:40] TheRealColmagi (uuid: c98c1615-0764-41e1-848d-73152bfabe94): u dont write autowin
[23:31:42] TheRealColmagi (uuid: c98c1615-0764-41e1-848d-73152bfabe94): stupid fk
[23:31:50] TheRealColmagi (uuid: c98c1615-0764-41e1-848d-73152bfabe94): u put a number for that
[23:31:56] TheRealColmagi (uuid: c98c1615-0764-41e1-848d-73152bfabe94): ur autowin amt
[23:32:03] PiranhaBoy (uuid: 068bfb61-fb8a-4553-8305-2af64537cadb): oh auto win
[23:32:07] PiranhaBoy (uuid: 068bfb61-fb8a-4553-8305-2af64537cadb): is instantly get it
[23:32:43] TheRealColmagi (uuid: c98c1615-0764-41e1-848d-73152bfabe94): is alex just afk
[23:32:48] ben_shapiro2020 (uuid: 893a6ed2-6228-4554-a52c-fbaed0f96c6e): no
[23:32:54] TheRealColmagi (uuid: c98c1615-0764-41e1-848d-73152bfabe94): its a sharp 5 book
[23:32:56] TheRealColmagi (uuid: c98c1615-0764-41e1-848d-73152bfabe94): do u not want it
[23:32:59] ben_shapiro2020 (uuid: 893a6ed2-6228-4554-a52c-fbaed0f96c6e): no money
[23:33:04] TheRealColmagi (uuid: c98c1615-0764-41e1-848d-73152bfabe94): i thought u were rich
[23:33:07] TheRealColmagi (uuid: c98c1615-0764-41e1-848d-73152bfabe94): oh shit no thats ian
[23:33:15] ben_shapiro2020 (uuid: 893a6ed2-6228-4554-a52c-fbaed0f96c6e): i spent 1000 on gunpowder for tnt
[23:33:26] TheRealColmagi (uuid: c98c1615-0764-41e1-848d-73152bfabe94): this shite mate
[23:34:41] TheRealColmagi (uuid: c98c1615-0764-41e1-848d-73152bfabe94): here gave u a thousand bucks
[23:34:42] ben_shapiro2020 (uuid: 893a6ed2-6228-4554-a52c-fbaed0f96c6e): ilu
[23:34:44] TheRealColmagi (uuid: c98c1615-0764-41e1-848d-73152bfabe94): jump start ur economy
[23:34:53] PiranhaBoy (uuid: 068bfb61-fb8a-4553-8305-2af64537cadb): how do you check balajce
[23:35:04] TheRealColmagi (uuid: c98c1615-0764-41e1-848d-73152bfabe94): this will set u for life
[23:35:28] PiranhaBoy (uuid: 068bfb61-fb8a-4553-8305-2af64537cadb): how do i check balance
[23:35:28] TheRealColmagi (uuid: c98c1615-0764-41e1-848d-73152bfabe94): sup ian
[23:35:32] TheRealColmagi (uuid: c98c1615-0764-41e1-848d-73152bfabe94): do /bal
[23:35:36] TheRealColmagi (uuid: c98c1615-0764-41e1-848d-73152bfabe94): wait ian is rich af
[23:35:40] TheRealColmagi (uuid: c98c1615-0764-41e1-848d-73152bfabe94): 2nd richest on the server
[23:35:48] JohnProdman (uuid: 4150cd4b-a415-4298-bdc7-c9e330b466cc): I am an original player
[23:35:52] TheRealColmagi (uuid: c98c1615-0764-41e1-848d-73152bfabe94): ye
[23:35:57] ben_shapiro2020 (uuid: 893a6ed2-6228-4554-a52c-fbaed0f96c6e): add a lottery plugin
[23:36:00] TheRealColmagi (uuid: c98c1615-0764-41e1-848d-73152bfabe94): fk off
[23:36:05] JohnProdman (uuid: 4150cd4b-a415-4298-bdc7-c9e330b466cc): lmao see what I mean
[23:36:14] ben_shapiro2020 (uuid: 893a6ed2-6228-4554-a52c-fbaed0f96c6e): we need to be like csgolotto
[23:36:24] JohnProdman (uuid: 4150cd4b-a415-4298-bdc7-c9e330b466cc): can we have the redstone mods
[23:36:25] TheRealColmagi (uuid: c98c1615-0764-41e1-848d-73152bfabe94): there
[23:36:28] TheRealColmagi (uuid: c98c1615-0764-41e1-848d-73152bfabe94): this is cheaper u fks
[23:36:31] JohnProdman (uuid: 4150cd4b-a415-4298-bdc7-c9e330b466cc): or do u want plugins only
[23:36:35] TheRealColmagi (uuid: c98c1615-0764-41e1-848d-73152bfabe94): cant run mods on this
[23:36:40] JohnProdman (uuid: 4150cd4b-a415-4298-bdc7-c9e330b466cc): wy not
[23:36:41] ben_shapiro2020 (uuid: 893a6ed2-6228-4554-a52c-fbaed0f96c6e): yes you can
[23:36:45] TheRealColmagi (uuid: c98c1615-0764-41e1-848d-73152bfabe94): its a spigot server
[23:36:46] ben_shapiro2020 (uuid: 893a6ed2-6228-4554-a52c-fbaed0f96c6e): i gave u instructions
[23:36:51] ben_shapiro2020 (uuid: 893a6ed2-6228-4554-a52c-fbaed0f96c6e): spongeforge
[23:36:52] TheRealColmagi (uuid: c98c1615-0764-41e1-848d-73152bfabe94): thats for a new server
[23:36:53] TheRealColmagi (uuid: c98c1615-0764-41e1-848d-73152bfabe94): fuck off
[23:37:01] TheRealColmagi (uuid: c98c1615-0764-41e1-848d-73152bfabe94): this one has too much infrastructure
[23:37:03] JohnProdman (uuid: 4150cd4b-a415-4298-bdc7-c9e330b466cc): ok make a spigot and transfer map
[23:37:08] ben_shapiro2020 (uuid: 893a6ed2-6228-4554-a52c-fbaed0f96c6e): ^^
[23:37:14] TheRealColmagi (uuid: c98c1615-0764-41e1-848d-73152bfabe94): mods require ppl to download em???
[23:37:19] JohnProdman (uuid: 4150cd4b-a415-4298-bdc7-c9e330b466cc): so
[23:37:21] ben_shapiro2020 (uuid: 893a6ed2-6228-4554-a52c-fbaed0f96c6e): thats easy
[23:37:26] TheRealColmagi (uuid: c98c1615-0764-41e1-848d-73152bfabe94): niggga nobodys gonna do that
[23:37:34] ben_shapiro2020 (uuid: 893a6ed2-6228-4554-a52c-fbaed0f96c6e): the twitch launcher is easy to get
[23:37:34] JohnProdman (uuid: 4150cd4b-a415-4298-bdc7-c9e330b466cc): it auto downloads right
[23:37:43] TheRealColmagi (uuid: c98c1615-0764-41e1-848d-73152bfabe94): u need a new launcher to run mods
[23:37:45] JohnProdman (uuid: 4150cd4b-a415-4298-bdc7-c9e330b466cc): or is it manual
[23:37:48] TheRealColmagi (uuid: c98c1615-0764-41e1-848d-73152bfabe94): so not autodownload
[23:37:50] JohnProdman (uuid: 4150cd4b-a415-4298-bdc7-c9e330b466cc): oh fuk
[23:37:56] ben_shapiro2020 (uuid: 893a6ed2-6228-4554-a52c-fbaed0f96c6e): everyone has twitch
[23:37:58] TheRealColmagi (uuid: c98c1615-0764-41e1-848d-73152bfabe94): no
[23:38:04] TheRealColmagi (uuid: c98c1615-0764-41e1-848d-73152bfabe94): i didnt even use the twitch launcher when i played mods
[23:38:19] ben_shapiro2020 (uuid: 893a6ed2-6228-4554-a52c-fbaed0f96c6e): then those werent modpacks
[23:38:25] ben_shapiro2020 (uuid: 893a6ed2-6228-4554-a52c-fbaed0f96c6e): atlauncher or twitch
[23:38:33] JohnProdman (uuid: 4150cd4b-a415-4298-bdc7-c9e330b466cc): what's special about spogiot vs bukkit
[23:39:10] PiranhaBoy (uuid: 068bfb61-fb8a-4553-8305-2af64537cadb): james how do i check ballance
[23:39:15] ben_shapiro2020 (uuid: 893a6ed2-6228-4554-a52c-fbaed0f96c6e): bal
[23:39:21] TheRealColmagi (uuid: c98c1615-0764-41e1-848d-73152bfabe94): /bal
[23:39:23] TheRealColmagi (uuid: c98c1615-0764-41e1-848d-73152bfabe94): i said that already
[23:39:30] TheRealColmagi (uuid: c98c1615-0764-41e1-848d-73152bfabe94): spigot and craftbukkit are like the same
[23:39:35] TheRealColmagi (uuid: c98c1615-0764-41e1-848d-73152bfabe94): og bukkit died
[23:39:38] JohnProdman (uuid: 4150cd4b-a415-4298-bdc7-c9e330b466cc): what's difference between spigiot and bukkit
[23:39:47] TheRealColmagi (uuid: c98c1615-0764-41e1-848d-73152bfabe94): no real difference really
[23:39:51] TheRealColmagi (uuid: c98c1615-0764-41e1-848d-73152bfabe94): only different plugins
[23:39:53] PiranhaBoy (uuid: 068bfb61-fb8a-4553-8305-2af64537cadb): k ima go
[23:39:57] TheRealColmagi (uuid: c98c1615-0764-41e1-848d-73152bfabe94): most plugins work on both
[23:40:00] PiranhaBoy (uuid: 068bfb61-fb8a-4553-8305-2af64537cadb): ima get a beacon this weekend
[23:40:03] TheRealColmagi (uuid: c98c1615-0764-41e1-848d-73152bfabe94): cya fegrek
[23:42:12] JohnProdman (uuid: 4150cd4b-a415-4298-bdc7-c9e330b466cc): Alex u sped
[23:42:23] JohnProdman (uuid: 4150cd4b-a415-4298-bdc7-c9e330b466cc): u don't need twitch to download mods
[23:42:34] JohnProdman (uuid: 4150cd4b-a415-4298-bdc7-c9e330b466cc): it's like installing hacked client
[23:42:41] TheRealColmagi (uuid: c98c1615-0764-41e1-848d-73152bfabe94): mhm
[23:43:16] TheRealColmagi (uuid: c98c1615-0764-41e1-848d-73152bfabe94): wtf wireless redstone gay
[23:43:37] TheRealColmagi (uuid: c98c1615-0764-41e1-848d-73152bfabe94): busted
[23:43:40] ben_shapiro2020 (uuid: 893a6ed2-6228-4554-a52c-fbaed0f96c6e): ian for ftb modpacks like skyfactory u do
[23:43:59] ben_shapiro2020 (uuid: 893a6ed2-6228-4554-a52c-fbaed0f96c6e): ian for ftb modpacks like skyfactory u do
[23:44:15] ben_shapiro2020 (uuid: 893a6ed2-6228-4554-a52c-fbaed0f96c6e): bc how else r u gonna download 200 mods
[23:45:15] JohnProdman (uuid: 4150cd4b-a415-4298-bdc7-c9e330b466cc): if u add mods I'll put together a guide for installing
[23:45:27] JohnProdman (uuid: 4150cd4b-a415-4298-bdc7-c9e330b466cc): and a video
[23:45:30] ben_shapiro2020 (uuid: 893a6ed2-6228-4554-a52c-fbaed0f96c6e): ^^
[23:45:55] ben_shapiro2020 (uuid: 893a6ed2-6228-4554-a52c-fbaed0f96c6e): twitch launcher is ez as fuck to get
[23:45:58] JohnProdman (uuid: 4150cd4b-a415-4298-bdc7-c9e330b466cc): using the ehap Google site for at
[23:46:15] JohnProdman (uuid: 4150cd4b-a415-4298-bdc7-c9e330b466cc): nobody wants fucking twitch not everyone has an account fuck you
[23:46:26] JohnProdman (uuid: 4150cd4b-a415-4298-bdc7-c9e330b466cc): bye
[23:46:32] ben_shapiro2020 (uuid: 893a6ed2-6228-4554-a52c-fbaed0f96c6e): u dont need an account for the twitch launcher dumbass
[23:47:57] TheRealColmagi (uuid: c98c1615-0764-41e1-848d-73152bfabe94): im gonna get lockette
[23:48:03] ben_shapiro2020 (uuid: 893a6ed2-6228-4554-a52c-fbaed0f96c6e): what
[23:48:15] TheRealColmagi (uuid: c98c1615-0764-41e1-848d-73152bfabe94): the plugin that lets u lock chests
[23:48:20] TheRealColmagi (uuid: c98c1615-0764-41e1-848d-73152bfabe94): so we can stop this griefing madness
[23:48:40] JohnProdman (uuid: 4150cd4b-a415-4298-bdc7-c9e330b466cc): I know a solution to that problem
[23:48:44] JohnProdman (uuid: 4150cd4b-a415-4298-bdc7-c9e330b466cc): Demote maple promote me
[23:48:48] TheRealColmagi (uuid: c98c1615-0764-41e1-848d-73152bfabe94): mhm
[23:48:56] TheRealColmagi (uuid: c98c1615-0764-41e1-848d-73152bfabe94): not about maple
[23:49:04] TheRealColmagi (uuid: c98c1615-0764-41e1-848d-73152bfabe94): just ppl steal shit from chests if theyre added to a claim
[23:49:40] JohnProdman (uuid: 4150cd4b-a415-4298-bdc7-c9e330b466cc): hi
[23:49:41] TheRealColmagi (uuid: c98c1615-0764-41e1-848d-73152bfabe94): cmere and test this
[23:50:05] TheRealColmagi (uuid: c98c1615-0764-41e1-848d-73152bfabe94): can u open this
[23:50:08] JohnProdman (uuid: 4150cd4b-a415-4298-bdc7-c9e330b466cc): non
[23:50:13] TheRealColmagi (uuid: c98c1615-0764-41e1-848d-73152bfabe94): ez
[23:50:32] JohnProdman (uuid: 4150cd4b-a415-4298-bdc7-c9e330b466cc): lemme try break in
[23:50:32] TheRealColmagi (uuid: c98c1615-0764-41e1-848d-73152bfabe94): now canu open it
[23:50:36] JohnProdman (uuid: 4150cd4b-a415-4298-bdc7-c9e330b466cc): ye
[23:50:38] TheRealColmagi (uuid: c98c1615-0764-41e1-848d-73152bfabe94): gotem
[23:50:55] TheRealColmagi (uuid: c98c1615-0764-41e1-848d-73152bfabe94): u try doin tit
[23:50:59] TheRealColmagi (uuid: c98c1615-0764-41e1-848d-73152bfabe94): doing it
[23:51:00] TheRealColmagi (uuid: c98c1615-0764-41e1-848d-73152bfabe94): see if it works
[23:51:15] JohnProdman (uuid: 4150cd4b-a415-4298-bdc7-c9e330b466cc): Shift place auto fills
[23:51:18] TheRealColmagi (uuid: c98c1615-0764-41e1-848d-73152bfabe94): o ye it works
[23:51:23] TheRealColmagi (uuid: c98c1615-0764-41e1-848d-73152bfabe94): i can still access
[23:51:24] TheRealColmagi (uuid: c98c1615-0764-41e1-848d-73152bfabe94): cuz im op
[23:51:27] JohnProdman (uuid: 4150cd4b-a415-4298-bdc7-c9e330b466cc): fuk u
[23:51:30] JohnProdman (uuid: 4150cd4b-a415-4298-bdc7-c9e330b466cc): reported
[23:56:31] TheRealColmagi (uuid: c98c1615-0764-41e1-848d-73152bfabe94): mhm
[23:56:50] JohnProdman (uuid: 4150cd4b-a415-4298-bdc7-c9e330b466cc): 
[23:56:57] JohnProdman (uuid: 4150cd4b-a415-4298-bdc7-c9e330b466cc): gimmie mods
[23:57:08] JohnProdman (uuid: 4150cd4b-a415-4298-bdc7-c9e330b466cc): Dont do it its a scam
[23:57:15] JohnProdman (uuid: 4150cd4b-a415-4298-bdc7-c9e330b466cc): Can u lock hopeprs
[23:57:23] TheRealColmagi (uuid: c98c1615-0764-41e1-848d-73152bfabe94): any container i think
[23:57:55] TheRealColmagi (uuid: c98c1615-0764-41e1-848d-73152bfabe94): i could restrict lockette to ranks only
[23:58:01] TheRealColmagi (uuid: c98c1615-0764-41e1-848d-73152bfabe94): buuuut that doesnt solve the griefing issue
[23:58:06] TheRealColmagi (uuid: c98c1615-0764-41e1-848d-73152bfabe94): so ill keep it to everyone
[23:58:08] JohnProdman (uuid: 4150cd4b-a415-4298-bdc7-c9e330b466cc): Can i make a rank up
[23:58:12] TheRealColmagi (uuid: c98c1615-0764-41e1-848d-73152bfabe94): mhm
[23:58:15] JohnProdman (uuid: 4150cd4b-a415-4298-bdc7-c9e330b466cc): Im a veteran
[23:58:15] TheRealColmagi (uuid: c98c1615-0764-41e1-848d-73152bfabe94): w/ what
[23:58:25] TheRealColmagi (uuid: c98c1615-0764-41e1-848d-73152bfabe94): what u give me for that sweet rankup
[23:58:37] JohnProdman (uuid: 4150cd4b-a415-4298-bdc7-c9e330b466cc): enchanted leather boots
[23:58:40] TheRealColmagi (uuid: c98c1615-0764-41e1-848d-73152bfabe94): mhm
[23:58:48] JohnProdman (uuid: 4150cd4b-a415-4298-bdc7-c9e330b466cc): Something irl or in here
[23:58:53] TheRealColmagi (uuid: c98c1615-0764-41e1-848d-73152bfabe94): preferably irl
[23:58:59] JohnProdman (uuid: 4150cd4b-a415-4298-bdc7-c9e330b466cc): my virginity
[23:59:03] TheRealColmagi (uuid: c98c1615-0764-41e1-848d-73152bfabe94): not that pls
[23:59:13] TheRealColmagi (uuid: c98c1615-0764-41e1-848d-73152bfabe94): u got some sweet steam gift cards?
[23:59:15] TheRealColmagi (uuid: c98c1615-0764-41e1-848d-73152bfabe94): kappa
[23:59:17] TheRealColmagi (uuid: c98c1615-0764-41e1-848d-73152bfabe94): maybe tf2 hats
[23:59:27] JohnProdman (uuid: 4150cd4b-a415-4298-bdc7-c9e330b466cc): non i need to trade those up
[23:59:34] TheRealColmagi (uuid: c98c1615-0764-41e1-848d-73152bfabe94): jesos
[23:59:42] TheRealColmagi (uuid: c98c1615-0764-41e1-848d-73152bfabe94): give me like 1 dollar worth of steam items lul
[23:59:46] JohnProdman (uuid: 4150cd4b-a415-4298-bdc7-c9e330b466cc): I want panzer pants
[23:59:49] JohnProdman (uuid: 4150cd4b-a415-4298-bdc7-c9e330b466cc): hell no
[23:59:59] TheRealColmagi (uuid: c98c1615-0764-41e1-848d-73152bfabe94): csgo skins
