[00:00:00] JohnProdman (uuid: 4150cd4b-a415-4298-bdc7-c9e330b466cc): I dont make money
[00:00:10] TheRealColmagi (uuid: c98c1615-0764-41e1-848d-73152bfabe94): wait no thats alex
[00:00:12] JohnProdman (uuid: 4150cd4b-a415-4298-bdc7-c9e330b466cc): no unless uwant my trash one
[00:00:17] TheRealColmagi (uuid: c98c1615-0764-41e1-848d-73152bfabe94): uh
[00:00:19] TheRealColmagi (uuid: c98c1615-0764-41e1-848d-73152bfabe94): hm
[00:00:25] TheRealColmagi (uuid: c98c1615-0764-41e1-848d-73152bfabe94): make me admin of apse
[00:00:32] JohnProdman (uuid: 4150cd4b-a415-4298-bdc7-c9e330b466cc): Aight ill do it
[00:00:34] TheRealColmagi (uuid: c98c1615-0764-41e1-848d-73152bfabe94): lmao
[00:00:49] JohnProdman (uuid: 4150cd4b-a415-4298-bdc7-c9e330b466cc): Just dont invite ppl because if the stufff we post gets public we are gonan get in trouble
[00:00:54] TheRealColmagi (uuid: c98c1615-0764-41e1-848d-73152bfabe94): yeye i wont
[00:01:05] JohnProdman (uuid: 4150cd4b-a415-4298-bdc7-c9e330b466cc): Admin for admin
[00:01:12] TheRealColmagi (uuid: c98c1615-0764-41e1-848d-73152bfabe94): hell no wtf
[00:01:18] JohnProdman (uuid: 4150cd4b-a415-4298-bdc7-c9e330b466cc): Lmao ill promote u
[00:01:22] TheRealColmagi (uuid: c98c1615-0764-41e1-848d-73152bfabe94): ezs
[00:01:26] JohnProdman (uuid: 4150cd4b-a415-4298-bdc7-c9e330b466cc): Why do u even want admin
[00:01:32] JohnProdman (uuid: 4150cd4b-a415-4298-bdc7-c9e330b466cc): U cant do anything
[00:01:34] TheRealColmagi (uuid: c98c1615-0764-41e1-848d-73152bfabe94): o idk thats like the only irl thing u can offer me
[00:01:53] JohnProdman (uuid: 4150cd4b-a415-4298-bdc7-c9e330b466cc): Ill give u my lunch
[00:02:57] JohnProdman (uuid: 4150cd4b-a415-4298-bdc7-c9e330b466cc): Wait ill make a guide for installing forge and the mods
[00:03:03] TheRealColmagi (uuid: c98c1615-0764-41e1-848d-73152bfabe94): nig
[00:03:05] TheRealColmagi (uuid: c98c1615-0764-41e1-848d-73152bfabe94): no
[00:03:09] TheRealColmagi (uuid: c98c1615-0764-41e1-848d-73152bfabe94): am i admin of apse yet
[00:03:13] JohnProdman (uuid: 4150cd4b-a415-4298-bdc7-c9e330b466cc): ye
[00:03:20] TheRealColmagi (uuid: c98c1615-0764-41e1-848d-73152bfabe94): lemme check
[00:03:26] JohnProdman (uuid: 4150cd4b-a415-4298-bdc7-c9e330b466cc): shit wait
[00:04:04] TheRealColmagi (uuid: c98c1615-0764-41e1-848d-73152bfabe94): lmao gotem
[00:04:16] TheRealColmagi (uuid: c98c1615-0764-41e1-848d-73152bfabe94): welcome to veteran nigga
[00:06:31] JohnProdman (uuid: 4150cd4b-a415-4298-bdc7-c9e330b466cc): Trails?
[00:06:34] TheRealColmagi (uuid: c98c1615-0764-41e1-848d-73152bfabe94): hm
[00:06:51] TheRealColmagi (uuid: c98c1615-0764-41e1-848d-73152bfabe94): u can disguise now
[00:06:53] TheRealColmagi (uuid: c98c1615-0764-41e1-848d-73152bfabe94): uh
[00:06:57] JohnProdman (uuid: 4150cd4b-a415-4298-bdc7-c9e330b466cc): trails dont work
[00:07:01] JohnProdman (uuid: 4150cd4b-a415-4298-bdc7-c9e330b466cc): wait i have particles off
[00:07:45] TheRealColmagi (uuid: c98c1615-0764-41e1-848d-73152bfabe94): u can /fix, /j, /hat, set warps, set more homes, do /kit veteran, disguise as chicken, cow, pig, sheep, and squid,
[00:07:47] TheRealColmagi (uuid: c98c1615-0764-41e1-848d-73152bfabe94): i think thats all
[00:08:06] JohnProdman (uuid: 4150cd4b-a415-4298-bdc7-c9e330b466cc): ooooh fix
[00:08:10] TheRealColmagi (uuid: c98c1615-0764-41e1-848d-73152bfabe94): and do trails that too
[00:08:11] JohnProdman (uuid: 4150cd4b-a415-4298-bdc7-c9e330b466cc): whats /j
[00:08:13] TheRealColmagi (uuid: c98c1615-0764-41e1-848d-73152bfabe94): jump
[00:08:19] TheRealColmagi (uuid: c98c1615-0764-41e1-848d-73152bfabe94): teleports u to where ur looking i think
[00:08:22] JohnProdman (uuid: 4150cd4b-a415-4298-bdc7-c9e330b466cc): Im not permitted to do that
[00:10:16] JohnProdman (uuid: 4150cd4b-a415-4298-bdc7-c9e330b466cc): wait what does more homes do
[00:10:19] JohnProdman (uuid: 4150cd4b-a415-4298-bdc7-c9e330b466cc): i mean warps
[00:10:20] JohnProdman (uuid: 4150cd4b-a415-4298-bdc7-c9e330b466cc): set warps
[00:10:25] JohnProdman (uuid: 4150cd4b-a415-4298-bdc7-c9e330b466cc): is it global warp?
[00:10:39] TheRealColmagi (uuid: c98c1615-0764-41e1-848d-73152bfabe94): ye
[00:10:41] TheRealColmagi (uuid: c98c1615-0764-41e1-848d-73152bfabe94): u can like
[00:10:43] TheRealColmagi (uuid: c98c1615-0764-41e1-848d-73152bfabe94): set warps now
[00:10:45] TheRealColmagi (uuid: c98c1615-0764-41e1-848d-73152bfabe94): u cant delete em
[00:10:46] JohnProdman (uuid: 4150cd4b-a415-4298-bdc7-c9e330b466cc): o shit
[00:10:49] TheRealColmagi (uuid: c98c1615-0764-41e1-848d-73152bfabe94): u gotta ask admins to do that
[00:10:51] TheRealColmagi (uuid: c98c1615-0764-41e1-848d-73152bfabe94): but u can set warps
[00:10:52] JohnProdman (uuid: 4150cd4b-a415-4298-bdc7-c9e330b466cc): i probably shouldnt use that
[00:11:01] JohnProdman (uuid: 4150cd4b-a415-4298-bdc7-c9e330b466cc): Except for the gas chamber ima build matthew
[00:11:01] TheRealColmagi (uuid: c98c1615-0764-41e1-848d-73152bfabe94): and then u can set more homes
[00:11:07] TheRealColmagi (uuid: c98c1615-0764-41e1-848d-73152bfabe94): so like defaults can set 1
[00:11:09] TheRealColmagi (uuid: c98c1615-0764-41e1-848d-73152bfabe94): elites 2
[00:11:13] TheRealColmagi (uuid: c98c1615-0764-41e1-848d-73152bfabe94): veteran might be 4 or something
[00:11:19] TheRealColmagi (uuid: c98c1615-0764-41e1-848d-73152bfabe94): o wow
[00:11:22] TheRealColmagi (uuid: c98c1615-0764-41e1-848d-73152bfabe94): is shep
[00:11:25] JohnProdman (uuid: 4150cd4b-a415-4298-bdc7-c9e330b466cc): I dont see it
[00:11:35] TheRealColmagi (uuid: c98c1615-0764-41e1-848d-73152bfabe94): u have the enderman trail
[00:11:46] JohnProdman (uuid: 4150cd4b-a415-4298-bdc7-c9e330b466cc): why cant i see shep
[00:11:54] TheRealColmagi (uuid: c98c1615-0764-41e1-848d-73152bfabe94): disguise doesnt work on ur local model
[00:11:58] JohnProdman (uuid: 4150cd4b-a415-4298-bdc7-c9e330b466cc): aw
[00:12:00] TheRealColmagi (uuid: c98c1615-0764-41e1-848d-73152bfabe94): u are a sheep to me tho
[00:12:07] JohnProdman (uuid: 4150cd4b-a415-4298-bdc7-c9e330b466cc): can u see name
[00:13:22] TheRealColmagi (uuid: c98c1615-0764-41e1-848d-73152bfabe94): uh
[00:13:36] TheRealColmagi (uuid: c98c1615-0764-41e1-848d-73152bfabe94): no name
[00:13:42] JohnProdman (uuid: 4150cd4b-a415-4298-bdc7-c9e330b466cc): yay
[00:13:43] TheRealColmagi (uuid: c98c1615-0764-41e1-848d-73152bfabe94): should i add infernal mobs plugin
[00:13:51] JohnProdman (uuid: 4150cd4b-a415-4298-bdc7-c9e330b466cc): whats that
[00:14:00] TheRealColmagi (uuid: c98c1615-0764-41e1-848d-73152bfabe94): gives mobs that spawn a chance to be like op
[00:14:17] JohnProdman (uuid: 4150cd4b-a415-4298-bdc7-c9e330b466cc): can u restrict to certain areas
[00:14:26] TheRealColmagi (uuid: c98c1615-0764-41e1-848d-73152bfabe94): dont think so
[00:16:01] JohnProdman (uuid: 4150cd4b-a415-4298-bdc7-c9e330b466cc): I gtg
[00:16:03] JohnProdman (uuid: 4150cd4b-a415-4298-bdc7-c9e330b466cc): Byeee
[18:35:40] ben_shapiro2020 (uuid: 893a6ed2-6228-4554-a52c-fbaed0f96c6e): gay
[18:52:06] TheRealColmagi (uuid: c98c1615-0764-41e1-848d-73152bfabe94): jesos
[18:52:10] TheRealColmagi (uuid: c98c1615-0764-41e1-848d-73152bfabe94): where are the jews
[18:53:15] TheRealColmagi (uuid: c98c1615-0764-41e1-848d-73152bfabe94): fagola
[18:55:14] TheRealColmagi (uuid: c98c1615-0764-41e1-848d-73152bfabe94): what a nigger
[18:57:51] ben_shapiro2020 (uuid: 893a6ed2-6228-4554-a52c-fbaed0f96c6e): wait what the hell when did i login
[18:58:23] TheRealColmagi (uuid: c98c1615-0764-41e1-848d-73152bfabe94): lmao
[19:00:37] ben_shapiro2020 (uuid: 893a6ed2-6228-4554-a52c-fbaed0f96c6e): james get mods
[19:00:47] ben_shapiro2020 (uuid: 893a6ed2-6228-4554-a52c-fbaed0f96c6e): make a new server and copy over this map
[19:10:52] JohnProdman (uuid: 4150cd4b-a415-4298-bdc7-c9e330b466cc): james
[19:12:59] JohnProdman (uuid: 4150cd4b-a415-4298-bdc7-c9e330b466cc): This is why u have hacks
[19:13:03] bryantandpat (uuid: 7961a874-c35f-4f34-a0d1-37205c235291): what
[19:13:04] JohnProdman (uuid: 4150cd4b-a415-4298-bdc7-c9e330b466cc): So you can fix redstone thru walls
[19:13:07] bryantandpat (uuid: 7961a874-c35f-4f34-a0d1-37205c235291): mhm
[19:14:17] Hubert6194 (uuid: 1ae76006-6711-4e06-9e89-a7e9a547fbfd): ay ez
[19:15:08] bryantandpat (uuid: 7961a874-c35f-4f34-a0d1-37205c235291): james de jew
[19:15:16] bryantandpat (uuid: 7961a874-c35f-4f34-a0d1-37205c235291): can i have the pick back pls
[19:17:34] TheRealColmagi (uuid: c98c1615-0764-41e1-848d-73152bfabe94): sup
[19:17:42] bryantandpat (uuid: 7961a874-c35f-4f34-a0d1-37205c235291):  jamessssahhhh
[19:17:43] TheRealColmagi (uuid: c98c1615-0764-41e1-848d-73152bfabe94): holy he left
[19:18:20] bryantandpat (uuid: 7961a874-c35f-4f34-a0d1-37205c235291):  JAMES NIGGERRFAGGOT
[19:19:59] TheRealColmagi (uuid: c98c1615-0764-41e1-848d-73152bfabe94): jesos
[19:21:05] TheRealColmagi (uuid: c98c1615-0764-41e1-848d-73152bfabe94): jesos
[19:21:07] bryantandpat (uuid: 7961a874-c35f-4f34-a0d1-37205c235291):  james u fucktard
[19:21:11] bryantandpat (uuid: 7961a874-c35f-4f34-a0d1-37205c235291):  do u even read chat
[19:21:13] TheRealColmagi (uuid: c98c1615-0764-41e1-848d-73152bfabe94): what
[19:21:24] bryantandpat (uuid: 7961a874-c35f-4f34-a0d1-37205c235291):  give me my goddman pick
[19:21:31] TheRealColmagi (uuid: c98c1615-0764-41e1-848d-73152bfabe94): wtf did it have
[19:21:40] bryantandpat (uuid: 7961a874-c35f-4f34-a0d1-37205c235291):  efficiency 4 unbreaking 3
[19:21:49] TheRealColmagi (uuid: c98c1615-0764-41e1-848d-73152bfabe94): there
[19:21:56] bryantandpat (uuid: 7961a874-c35f-4f34-a0d1-37205c235291): kk thx
[19:24:27] TheRealColmagi (uuid: c98c1615-0764-41e1-848d-73152bfabe94): xd
[19:28:41] TheRealColmagi (uuid: c98c1615-0764-41e1-848d-73152bfabe94): ok
[19:28:43] TheRealColmagi (uuid: c98c1615-0764-41e1-848d-73152bfabe94): so for like ur rank
[19:28:46] TheRealColmagi (uuid: c98c1615-0764-41e1-848d-73152bfabe94): do u guys want like
[19:28:54] TheRealColmagi (uuid: c98c1615-0764-41e1-848d-73152bfabe94): ur name color to match ur rank
[19:29:00] TheRealColmagi (uuid: c98c1615-0764-41e1-848d-73152bfabe94): so like elites get green
[19:29:01] TheRealColmagi (uuid: c98c1615-0764-41e1-848d-73152bfabe94): names
[19:29:07] TheRealColmagi (uuid: c98c1615-0764-41e1-848d-73152bfabe94): or would u guys want white
[19:29:36] bryantandpat (uuid: 7961a874-c35f-4f34-a0d1-37205c235291): white is fine
[19:29:46] TheRealColmagi (uuid: c98c1615-0764-41e1-848d-73152bfabe94): ok
[19:31:43] JohnProdman (uuid: 4150cd4b-a415-4298-bdc7-c9e330b466cc): wat
[19:32:12] JohnProdman (uuid: 4150cd4b-a415-4298-bdc7-c9e330b466cc): where do i put gas chamber
[19:32:18] JohnProdman (uuid: 4150cd4b-a415-4298-bdc7-c9e330b466cc): matthew
[19:32:20] JohnProdman (uuid: 4150cd4b-a415-4298-bdc7-c9e330b466cc): do u see me
[19:32:26] bryantandpat (uuid: 7961a874-c35f-4f34-a0d1-37205c235291): where r u
[19:32:31] JohnProdman (uuid: 4150cd4b-a415-4298-bdc7-c9e330b466cc): behind u
[19:32:40] JohnProdman (uuid: 4150cd4b-a415-4298-bdc7-c9e330b466cc): Do u see a shee[
[19:32:41] JohnProdman (uuid: 4150cd4b-a415-4298-bdc7-c9e330b466cc): sheep
[19:32:44] bryantandpat (uuid: 7961a874-c35f-4f34-a0d1-37205c235291): no
[19:32:53] JohnProdman (uuid: 4150cd4b-a415-4298-bdc7-c9e330b466cc): u see me
[19:32:56] bryantandpat (uuid: 7961a874-c35f-4f34-a0d1-37205c235291): ye
[19:32:59] JohnProdman (uuid: 4150cd4b-a415-4298-bdc7-c9e330b466cc): U lied
[19:33:03] JohnProdman (uuid: 4150cd4b-a415-4298-bdc7-c9e330b466cc): there
[19:33:06] bryantandpat (uuid: 7961a874-c35f-4f34-a0d1-37205c235291): o i see it now
[19:33:10] bryantandpat (uuid: 7961a874-c35f-4f34-a0d1-37205c235291): jesos
[19:33:41] bryantandpat (uuid: 7961a874-c35f-4f34-a0d1-37205c235291): can u build it here
[19:33:48] JohnProdman (uuid: 4150cd4b-a415-4298-bdc7-c9e330b466cc): oof ok
[19:33:52] bryantandpat (uuid: 7961a874-c35f-4f34-a0d1-37205c235291): u dont wanna?
[19:33:55] JohnProdman (uuid: 4150cd4b-a415-4298-bdc7-c9e330b466cc): Do u have supplies or can i use stone brick
[19:34:02] bryantandpat (uuid: 7961a874-c35f-4f34-a0d1-37205c235291): build it wherever u want
[19:34:08] JohnProdman (uuid: 4150cd4b-a415-4298-bdc7-c9e330b466cc): wait where do u want it
[19:34:12] JohnProdman (uuid: 4150cd4b-a415-4298-bdc7-c9e330b466cc): flush with this platform?
[19:34:12] bryantandpat (uuid: 7961a874-c35f-4f34-a0d1-37205c235291): ye u can use whatevers in the chests
[19:34:17] bryantandpat (uuid: 7961a874-c35f-4f34-a0d1-37205c235291): anyhwere is fine
[19:34:18] JohnProdman (uuid: 4150cd4b-a415-4298-bdc7-c9e330b466cc): lie kthis
[19:34:23] JohnProdman (uuid: 4150cd4b-a415-4298-bdc7-c9e330b466cc): i dont have perms
[19:34:26] JohnProdman (uuid: 4150cd4b-a415-4298-bdc7-c9e330b466cc): because ersong
[19:34:33] JohnProdman (uuid: 4150cd4b-a415-4298-bdc7-c9e330b466cc): im not going to build in his claim
[19:34:35] bryantandpat (uuid: 7961a874-c35f-4f34-a0d1-37205c235291): o its ersongs claim
[19:34:38] iMine03 (uuid: 0f9d4172-c235-4bd2-9897-490c4a93ddfe): wtf
[19:34:41] JohnProdman (uuid: 4150cd4b-a415-4298-bdc7-c9e330b466cc): hes gonna revote it guaranteed
[19:34:46] PiranhaBoy (uuid: 068bfb61-fb8a-4553-8305-2af64537cadb): i legit got on 1 min ago
[19:34:46] JohnProdman (uuid: 4150cd4b-a415-4298-bdc7-c9e330b466cc): revoke
[19:34:47] iMine03 (uuid: 0f9d4172-c235-4bd2-9897-490c4a93ddfe): how did u know i would be here
[19:34:54] JohnProdman (uuid: 4150cd4b-a415-4298-bdc7-c9e330b466cc): how far does it go
[19:34:58] PiranhaBoy (uuid: 068bfb61-fb8a-4553-8305-2af64537cadb): idk i spawned here
[19:35:01] bryantandpat (uuid: 7961a874-c35f-4f34-a0d1-37205c235291): idk
[19:35:07] bryantandpat (uuid: 7961a874-c35f-4f34-a0d1-37205c235291): can u build it underground here then
[19:35:13] JohnProdman (uuid: 4150cd4b-a415-4298-bdc7-c9e330b466cc): behind?
[19:35:17] bryantandpat (uuid: 7961a874-c35f-4f34-a0d1-37205c235291): o ye
[19:35:22] bryantandpat (uuid: 7961a874-c35f-4f34-a0d1-37205c235291): thats actually good
[19:36:17] bryantandpat (uuid: 7961a874-c35f-4f34-a0d1-37205c235291): wtf does sweeping edge do
[19:36:29] JohnProdman (uuid: 4150cd4b-a415-4298-bdc7-c9e330b466cc): idk
[19:36:30] JohnProdman (uuid: 4150cd4b-a415-4298-bdc7-c9e330b466cc): google it
[19:37:23] JohnProdman (uuid: 4150cd4b-a415-4298-bdc7-c9e330b466cc): ethan why r u so mad
[19:38:10] JohnProdman (uuid: 4150cd4b-a415-4298-bdc7-c9e330b466cc): ethan
[19:38:24] JohnProdman (uuid: 4150cd4b-a415-4298-bdc7-c9e330b466cc): jesos
[19:42:20] TheRealColmagi (uuid: c98c1615-0764-41e1-848d-73152bfabe94): jewz
[19:42:42] JohnProdman (uuid: 4150cd4b-a415-4298-bdc7-c9e330b466cc): I need ur dirt
[19:42:44] JohnProdman (uuid: 4150cd4b-a415-4298-bdc7-c9e330b466cc): Update server
[19:43:00] PiranhaBoy (uuid: 068bfb61-fb8a-4553-8305-2af64537cadb): why the fuck is there a moat
[19:43:26] PiranhaBoy (uuid: 068bfb61-fb8a-4553-8305-2af64537cadb): nigga
[19:43:36] PiranhaBoy (uuid: 068bfb61-fb8a-4553-8305-2af64537cadb): REEE
[19:43:45] JohnProdman (uuid: 4150cd4b-a415-4298-bdc7-c9e330b466cc): Lmao my driving lessons got canceled because of rain
[19:44:04] iMine03 (uuid: 0f9d4172-c235-4bd2-9897-490c4a93ddfe): wtf is ben shapiro doing here
[19:44:12] bryantandpat (uuid: 7961a874-c35f-4f34-a0d1-37205c235291): s
[19:45:23] TheRealColmagi (uuid: c98c1615-0764-41e1-848d-73152bfabe94): hol up reloading
[19:45:25] TheRealColmagi (uuid: c98c1615-0764-41e1-848d-73152bfabe94): dont do anything
[19:45:34] TheRealColmagi (uuid: c98c1615-0764-41e1-848d-73152bfabe94): no
[19:45:34] JohnProdman (uuid: 4150cd4b-a415-4298-bdc7-c9e330b466cc): server update
[19:45:36] JohnProdman (uuid: 4150cd4b-a415-4298-bdc7-c9e330b466cc): fuk
[19:45:53] TheRealColmagi (uuid: c98c1615-0764-41e1-848d-73152bfabe94): btw u guys can auction shit now
[19:46:08] JohnProdman (uuid: 4150cd4b-a415-4298-bdc7-c9e330b466cc): U should use the gui auction
[19:46:17] TheRealColmagi (uuid: c98c1615-0764-41e1-848d-73152bfabe94): whatever
[19:46:17] bryantandpat (uuid: 7961a874-c35f-4f34-a0d1-37205c235291): how do i bid
[19:46:21] TheRealColmagi (uuid: c98c1615-0764-41e1-848d-73152bfabe94): do /bid lmao
[19:47:24] iMine03 (uuid: 0f9d4172-c235-4bd2-9897-490c4a93ddfe): nigggaaaaaaa
[19:47:24] bryantandpat (uuid: 7961a874-c35f-4f34-a0d1-37205c235291): ez snipe
[19:47:34] bryantandpat (uuid: 7961a874-c35f-4f34-a0d1-37205c235291): ill put in the chest
[19:47:41] PiranhaBoy (uuid: 068bfb61-fb8a-4553-8305-2af64537cadb): how do i buy claim
[19:47:52] JohnProdman (uuid: 4150cd4b-a415-4298-bdc7-c9e330b466cc): U should give matthew a rank
[19:48:11] PiranhaBoy (uuid: 068bfb61-fb8a-4553-8305-2af64537cadb): shit am i allowed to buy other peoples claims
[19:48:29] JohnProdman (uuid: 4150cd4b-a415-4298-bdc7-c9e330b466cc): no
[19:48:36] bryantandpat (uuid: 7961a874-c35f-4f34-a0d1-37205c235291): autism
[19:48:42] ben_shapiro2020 (uuid: 893a6ed2-6228-4554-a52c-fbaed0f96c6e): hover over the item
[19:48:44] bryantandpat (uuid: 7961a874-c35f-4f34-a0d1-37205c235291): auction ur beacon
[19:49:03] ben_shapiro2020 (uuid: 893a6ed2-6228-4554-a52c-fbaed0f96c6e): bid
[19:49:42] TheRealColmagi (uuid: c98c1615-0764-41e1-848d-73152bfabe94): yo im gonna uh
[19:49:48] JohnProdman (uuid: 4150cd4b-a415-4298-bdc7-c9e330b466cc): update the server
[19:49:50] TheRealColmagi (uuid: c98c1615-0764-41e1-848d-73152bfabe94): shut down the server for a few seconds
[19:49:54] TheRealColmagi (uuid: c98c1615-0764-41e1-848d-73152bfabe94): just sit tight in the lobby
[19:49:58] JohnProdman (uuid: 4150cd4b-a415-4298-bdc7-c9e330b466cc): update
[19:49:58] TheRealColmagi (uuid: c98c1615-0764-41e1-848d-73152bfabe94): gonna clean up some server shit
[19:49:59] JohnProdman (uuid: 4150cd4b-a415-4298-bdc7-c9e330b466cc): please
[19:50:01] JohnProdman (uuid: 4150cd4b-a415-4298-bdc7-c9e330b466cc): fuck
[19:52:05] iMine03 (uuid: 0f9d4172-c235-4bd2-9897-490c4a93ddfe): hi
[19:52:09] iMine03 (uuid: 0f9d4172-c235-4bd2-9897-490c4a93ddfe): big digcks
[19:52:10] bryantandpat (uuid: 7961a874-c35f-4f34-a0d1-37205c235291): whatd u change
[19:53:11] bryantandpat (uuid: 7961a874-c35f-4f34-a0d1-37205c235291): can u auction tools and shit
[19:53:56] bryantandpat (uuid: 7961a874-c35f-4f34-a0d1-37205c235291): tf
[19:54:00] bryantandpat (uuid: 7961a874-c35f-4f34-a0d1-37205c235291): how does this work
[19:54:11] iMine03 (uuid: 0f9d4172-c235-4bd2-9897-490c4a93ddfe): BRUH
[19:54:23] TheRealColmagi (uuid: c98c1615-0764-41e1-848d-73152bfabe94): lmao
[19:54:33] TheRealColmagi (uuid: c98c1615-0764-41e1-848d-73152bfabe94): if u hover over the name it gives the tooltips
[19:54:35] TheRealColmagi (uuid: c98c1615-0764-41e1-848d-73152bfabe94): so enchants n shit
[19:54:51] bryantandpat (uuid: 7961a874-c35f-4f34-a0d1-37205c235291): ye but i still dont know how to start an auction
[19:55:02] bryantandpat (uuid: 7961a874-c35f-4f34-a0d1-37205c235291): like what do u put after /auction start
[19:55:12] JohnProdman (uuid: 4150cd4b-a415-4298-bdc7-c9e330b466cc): CRATEAS
[19:55:18] TheRealColmagi (uuid: c98c1615-0764-41e1-848d-73152bfabe94): im testing ok
[19:55:26] JohnProdman (uuid: 4150cd4b-a415-4298-bdc7-c9e330b466cc): update server
[19:55:42] bryantandpat (uuid: 7961a874-c35f-4f34-a0d1-37205c235291): o i got it
[19:55:58] ben_shapiro2020 (uuid: 893a6ed2-6228-4554-a52c-fbaed0f96c6e): matjew open the gate
[19:56:51] TheRealColmagi (uuid: c98c1615-0764-41e1-848d-73152bfabe94): lmao i dont think the crates are gonna work
[19:56:54] TheRealColmagi (uuid: c98c1615-0764-41e1-848d-73152bfabe94): too hard
[19:57:06] bryantandpat (uuid: 7961a874-c35f-4f34-a0d1-37205c235291):  LMAOO
[19:57:14] TheRealColmagi (uuid: c98c1615-0764-41e1-848d-73152bfabe94): wasnt fegrek on
[19:57:14] bryantandpat (uuid: 7961a874-c35f-4f34-a0d1-37205c235291): wtf james can read private chat
[19:57:16] TheRealColmagi (uuid: c98c1615-0764-41e1-848d-73152bfabe94): where he go
[19:57:20] TheRealColmagi (uuid: c98c1615-0764-41e1-848d-73152bfabe94): no wait hes driving drunk
[19:57:35] iMine03 (uuid: 0f9d4172-c235-4bd2-9897-490c4a93ddfe): msg bryantandpat dude he's gonna buy bet
[19:57:39] iMine03 (uuid: 0f9d4172-c235-4bd2-9897-490c4a93ddfe): fuck
[19:57:51] bryantandpat (uuid: 7961a874-c35f-4f34-a0d1-37205c235291): kk im doing it
[19:58:07] iMine03 (uuid: 0f9d4172-c235-4bd2-9897-490c4a93ddfe): what kind of diamond chesplate tho
[19:58:32] bryantandpat (uuid: 7961a874-c35f-4f34-a0d1-37205c235291): ezz
[19:58:42] TheRealColmagi (uuid: c98c1615-0764-41e1-848d-73152bfabe94): im gonna ban
[19:59:05] bryantandpat (uuid: 7961a874-c35f-4f34-a0d1-37205c235291): srry jamesah
[19:59:07] TheRealColmagi (uuid: c98c1615-0764-41e1-848d-73152bfabe94): wtf does nobody else bid
[19:59:14] TheRealColmagi (uuid: c98c1615-0764-41e1-848d-73152bfabe94): nice
[19:59:35] TheRealColmagi (uuid: c98c1615-0764-41e1-848d-73152bfabe94): jesos
[19:59:45] iMine03 (uuid: 0f9d4172-c235-4bd2-9897-490c4a93ddfe): ez
[19:59:50] iMine03 (uuid: 0f9d4172-c235-4bd2-9897-490c4a93ddfe): oooo legendary
[19:59:55] iMine03 (uuid: 0f9d4172-c235-4bd2-9897-490c4a93ddfe): matjew we got another legendary
[19:59:57] bryantandpat (uuid: 7961a874-c35f-4f34-a0d1-37205c235291): ezz
[20:01:22] iMine03 (uuid: 0f9d4172-c235-4bd2-9897-490c4a93ddfe): ez
[20:01:27] iMine03 (uuid: 0f9d4172-c235-4bd2-9897-490c4a93ddfe): holy
[20:02:03] bryantandpat (uuid: 7961a874-c35f-4f34-a0d1-37205c235291): holy shit
[20:02:23] TheRealColmagi (uuid: c98c1615-0764-41e1-848d-73152bfabe94): HOLY
[20:02:26] iMine03 (uuid: 0f9d4172-c235-4bd2-9897-490c4a93ddfe): EZZ
[20:02:30] bryantandpat (uuid: 7961a874-c35f-4f34-a0d1-37205c235291): ez value
[20:02:30] TheRealColmagi (uuid: c98c1615-0764-41e1-848d-73152bfabe94): nice
[20:02:32] TheRealColmagi (uuid: c98c1615-0764-41e1-848d-73152bfabe94): im fkn rich
[20:02:44] iMine03 (uuid: 0f9d4172-c235-4bd2-9897-490c4a93ddfe): LOL I WENT FROM 6K to 1K
[20:02:48] iMine03 (uuid: 0f9d4172-c235-4bd2-9897-490c4a93ddfe): ezz worth it
[20:03:39] ben_shapiro2020 (uuid: 893a6ed2-6228-4554-a52c-fbaed0f96c6e): wtf
[20:03:57] ben_shapiro2020 (uuid: 893a6ed2-6228-4554-a52c-fbaed0f96c6e): ur inflating the price of beacons
[20:04:22] bryantandpat (uuid: 7961a874-c35f-4f34-a0d1-37205c235291): what r u guys learning in ap bio
[20:04:23] TheRealColmagi (uuid: c98c1615-0764-41e1-848d-73152bfabe94): HOLY SHIT
[20:04:32] TheRealColmagi (uuid: c98c1615-0764-41e1-848d-73152bfabe94): I THOUGHT WE SOLD BEACONS FOR 8000 NOT 80000
[20:04:39] bryantandpat (uuid: 7961a874-c35f-4f34-a0d1-37205c235291):  jesosss
[20:04:40] TheRealColmagi (uuid: c98c1615-0764-41e1-848d-73152bfabe94): fuck
[20:04:45] ben_shapiro2020 (uuid: 893a6ed2-6228-4554-a52c-fbaed0f96c6e): niggar take them back
[20:04:46] iMine03 (uuid: 0f9d4172-c235-4bd2-9897-490c4a93ddfe): wtf
[20:04:46] TheRealColmagi (uuid: c98c1615-0764-41e1-848d-73152bfabe94): im takin back that star
[20:04:50] iMine03 (uuid: 0f9d4172-c235-4bd2-9897-490c4a93ddfe): bruhhh
[20:04:53] bryantandpat (uuid: 7961a874-c35f-4f34-a0d1-37205c235291):  nigga u better not
[20:04:53] JohnProdman (uuid: 4150cd4b-a415-4298-bdc7-c9e330b466cc): How do u even get stars
[20:04:55] ben_shapiro2020 (uuid: 893a6ed2-6228-4554-a52c-fbaed0f96c6e): reimburse him
[20:04:58] bryantandpat (uuid: 7961a874-c35f-4f34-a0d1-37205c235291):  bruh u better not
[20:05:02] iMine03 (uuid: 0f9d4172-c235-4bd2-9897-490c4a93ddfe): j e s o s
[20:05:18] ben_shapiro2020 (uuid: 893a6ed2-6228-4554-a52c-fbaed0f96c6e): get wither heads from wither skeletons and make a wither
[20:05:34] bryantandpat (uuid: 7961a874-c35f-4f34-a0d1-37205c235291):  wither heads are hard as shit to find
[20:05:45] JohnProdman (uuid: 4150cd4b-a415-4298-bdc7-c9e330b466cc): but with slimefun
[20:05:53] JohnProdman (uuid: 4150cd4b-a415-4298-bdc7-c9e330b466cc): u can craft a sword that increases head drop chance
[20:07:14] iMine03 (uuid: 0f9d4172-c235-4bd2-9897-490c4a93ddfe): matjew help
[20:07:17] iMine03 (uuid: 0f9d4172-c235-4bd2-9897-490c4a93ddfe): argue our case
[20:07:26] TheRealColmagi (uuid: c98c1615-0764-41e1-848d-73152bfabe94): im gonna reimburse u
[20:07:30] ben_shapiro2020 (uuid: 893a6ed2-6228-4554-a52c-fbaed0f96c6e): yes
[20:07:33] ben_shapiro2020 (uuid: 893a6ed2-6228-4554-a52c-fbaed0f96c6e): looting 3
[20:07:36] iMine03 (uuid: 0f9d4172-c235-4bd2-9897-490c4a93ddfe): kk
[20:08:44] TheRealColmagi (uuid: c98c1615-0764-41e1-848d-73152bfabe94): there
[20:08:45] TheRealColmagi (uuid: c98c1615-0764-41e1-848d-73152bfabe94): i took it
[20:08:51] TheRealColmagi (uuid: c98c1615-0764-41e1-848d-73152bfabe94): i gave u an extra 1k
[20:08:51] iMine03 (uuid: 0f9d4172-c235-4bd2-9897-490c4a93ddfe): ezzzz
[20:08:55] iMine03 (uuid: 0f9d4172-c235-4bd2-9897-490c4a93ddfe): nice
[20:08:57] TheRealColmagi (uuid: c98c1615-0764-41e1-848d-73152bfabe94): as apology
[20:09:03] iMine03 (uuid: 0f9d4172-c235-4bd2-9897-490c4a93ddfe): thx bby
[20:09:05] TheRealColmagi (uuid: c98c1615-0764-41e1-848d-73152bfabe94): np
[20:09:28] bryantandpat (uuid: 7961a874-c35f-4f34-a0d1-37205c235291): how do u get heads of mobs
[20:09:45] iMine03 (uuid: 0f9d4172-c235-4bd2-9897-490c4a93ddfe): what kidn of potion is it
[20:10:14] TheRealColmagi (uuid: c98c1615-0764-41e1-848d-73152bfabe94): gonna go raid some end cities and auction off osme loot
[20:10:57] ben_shapiro2020 (uuid: 893a6ed2-6228-4554-a52c-fbaed0f96c6e): get me an elytra
[20:11:23] iMine03 (uuid: 0f9d4172-c235-4bd2-9897-490c4a93ddfe): fuck
[20:12:32] TheRealColmagi (uuid: c98c1615-0764-41e1-848d-73152bfabe94): OHOHO THESE ARE SOME GOOD SHIT
[20:12:48] TheRealColmagi (uuid: c98c1615-0764-41e1-848d-73152bfabe94): check that fkn enchant
[20:13:02] iMine03 (uuid: 0f9d4172-c235-4bd2-9897-490c4a93ddfe): dayum
[20:13:04] iMine03 (uuid: 0f9d4172-c235-4bd2-9897-490c4a93ddfe): matjew should i cop
[20:13:49] JohnProdman (uuid: 4150cd4b-a415-4298-bdc7-c9e330b466cc): Give us perms to see auc queues
[20:13:50] TheRealColmagi (uuid: c98c1615-0764-41e1-848d-73152bfabe94): alright u guys better bid on this then
[20:15:07] iMine03 (uuid: 0f9d4172-c235-4bd2-9897-490c4a93ddfe): wait wtf is mending
[20:15:29] TheRealColmagi (uuid: c98c1615-0764-41e1-848d-73152bfabe94): nigga wtf
[20:15:32] JohnProdman (uuid: 4150cd4b-a415-4298-bdc7-c9e330b466cc): bid
[20:15:32] TheRealColmagi (uuid: c98c1615-0764-41e1-848d-73152bfabe94): this is a legit fuckin deal
[20:15:42] JohnProdman (uuid: 4150cd4b-a415-4298-bdc7-c9e330b466cc): mine
[20:15:54] bryantandpat (uuid: 7961a874-c35f-4f34-a0d1-37205c235291): bruh i only have 1k
[20:16:01] JohnProdman (uuid: 4150cd4b-a415-4298-bdc7-c9e330b466cc): so
[20:16:08] bryantandpat (uuid: 7961a874-c35f-4f34-a0d1-37205c235291):  gotta spend wisely
[20:18:12] TheRealColmagi (uuid: c98c1615-0764-41e1-848d-73152bfabe94): its fcking 100 dollars
[20:18:15] TheRealColmagi (uuid: c98c1615-0764-41e1-848d-73152bfabe94): its cheap as hell
[20:18:34] TheRealColmagi (uuid: c98c1615-0764-41e1-848d-73152bfabe94): u cant snipe lol
[20:18:37] TheRealColmagi (uuid: c98c1615-0764-41e1-848d-73152bfabe94): auc has shit agianst that
[20:18:56] iMine03 (uuid: 0f9d4172-c235-4bd2-9897-490c4a93ddfe): mhm
[20:18:58] ben_shapiro2020 (uuid: 893a6ed2-6228-4554-a52c-fbaed0f96c6e): what the fuck
[20:18:59] bryantandpat (uuid: 7961a874-c35f-4f34-a0d1-37205c235291): mhm who says i cant snipe
[20:19:13] ben_shapiro2020 (uuid: 893a6ed2-6228-4554-a52c-fbaed0f96c6e): niggar im gonna kill u
[20:19:18] bryantandpat (uuid: 7961a874-c35f-4f34-a0d1-37205c235291):  get cucked
[20:19:28] bryantandpat (uuid: 7961a874-c35f-4f34-a0d1-37205c235291):  why dont u just hack one
[20:21:15] TheRealColmagi (uuid: c98c1615-0764-41e1-848d-73152bfabe94): this is
[20:21:18] TheRealColmagi (uuid: c98c1615-0764-41e1-848d-73152bfabe94): a literal busted pick
[20:21:25] ben_shapiro2020 (uuid: 893a6ed2-6228-4554-a52c-fbaed0f96c6e): mine is still better
[20:21:41] ben_shapiro2020 (uuid: 893a6ed2-6228-4554-a52c-fbaed0f96c6e): no fortune 3
[20:21:59] iMine03 (uuid: 0f9d4172-c235-4bd2-9897-490c4a93ddfe): mhm
[20:22:01] iMine03 (uuid: 0f9d4172-c235-4bd2-9897-490c4a93ddfe): fly
[20:22:04] bryantandpat (uuid: 7961a874-c35f-4f34-a0d1-37205c235291): how
[20:22:07] TheRealColmagi (uuid: c98c1615-0764-41e1-848d-73152bfabe94): holy this is a big ass end city
[20:22:07] iMine03 (uuid: 0f9d4172-c235-4bd2-9897-490c4a93ddfe): idk
[20:22:29] iMine03 (uuid: 0f9d4172-c235-4bd2-9897-490c4a93ddfe): nice hacks
[20:22:38] bryantandpat (uuid: 7961a874-c35f-4f34-a0d1-37205c235291): nigga it doesnt work
[20:22:49] bryantandpat (uuid: 7961a874-c35f-4f34-a0d1-37205c235291): tf is this
[20:23:27] iMine03 (uuid: 0f9d4172-c235-4bd2-9897-490c4a93ddfe): here lemme try\
[20:23:43] iMine03 (uuid: 0f9d4172-c235-4bd2-9897-490c4a93ddfe): i got it
[20:23:46] iMine03 (uuid: 0f9d4172-c235-4bd2-9897-490c4a93ddfe): look
[20:23:55] iMine03 (uuid: 0f9d4172-c235-4bd2-9897-490c4a93ddfe): wait gimme blcoks
[20:24:07] JohnProdman (uuid: 4150cd4b-a415-4298-bdc7-c9e330b466cc): Ethan why r u still mad
[20:24:20] iMine03 (uuid: 0f9d4172-c235-4bd2-9897-490c4a93ddfe): kk look
[20:24:30] JohnProdman (uuid: 4150cd4b-a415-4298-bdc7-c9e330b466cc): are u pulling an abean
[20:24:39] bryantandpat (uuid: 7961a874-c35f-4f34-a0d1-37205c235291): nigga how
[20:25:22] JohnProdman (uuid: 4150cd4b-a415-4298-bdc7-c9e330b466cc): Lets all go to james' house and scream trick or treat at his mom
[20:25:24] bryantandpat (uuid: 7961a874-c35f-4f34-a0d1-37205c235291): here lemme try
[20:26:37] bryantandpat (uuid: 7961a874-c35f-4f34-a0d1-37205c235291): o shit
[20:26:41] TheRealColmagi (uuid: c98c1615-0764-41e1-848d-73152bfabe94): very cheap silk touch diamond pick
[20:26:53] bryantandpat (uuid: 7961a874-c35f-4f34-a0d1-37205c235291): wait wtf
[20:26:56] bryantandpat (uuid: 7961a874-c35f-4f34-a0d1-37205c235291): its not working now
[20:26:59] ben_shapiro2020 (uuid: 893a6ed2-6228-4554-a52c-fbaed0f96c6e): do anothe elytra
[20:27:53] bryantandpat (uuid: 7961a874-c35f-4f34-a0d1-37205c235291): ez
[20:27:53] iMine03 (uuid: 0f9d4172-c235-4bd2-9897-490c4a93ddfe): ezzz
[20:27:54] ben_shapiro2020 (uuid: 893a6ed2-6228-4554-a52c-fbaed0f96c6e): wtf
[20:28:23] TheRealColmagi (uuid: c98c1615-0764-41e1-848d-73152bfabe94): prot 4
[20:28:37] iMine03 (uuid: 0f9d4172-c235-4bd2-9897-490c4a93ddfe): no nut november tomorrow guys
[20:28:40] iMine03 (uuid: 0f9d4172-c235-4bd2-9897-490c4a93ddfe): get ur last faps in tonight
[20:28:44] iMine03 (uuid: 0f9d4172-c235-4bd2-9897-490c4a93ddfe): @alex
[20:28:48] bryantandpat (uuid: 7961a874-c35f-4f34-a0d1-37205c235291): ersong how d o u use it
[20:28:56] iMine03 (uuid: 0f9d4172-c235-4bd2-9897-490c4a93ddfe): press space while ur falling
[20:28:59] bryantandpat (uuid: 7961a874-c35f-4f34-a0d1-37205c235291): i did
[20:29:00] iMine03 (uuid: 0f9d4172-c235-4bd2-9897-490c4a93ddfe): press and hold
[20:29:22] iMine03 (uuid: 0f9d4172-c235-4bd2-9897-490c4a93ddfe): jesos
[20:29:28] bryantandpat (uuid: 7961a874-c35f-4f34-a0d1-37205c235291): doesnt work
[20:29:32] iMine03 (uuid: 0f9d4172-c235-4bd2-9897-490c4a93ddfe): here gimme
[20:29:45] iMine03 (uuid: 0f9d4172-c235-4bd2-9897-490c4a93ddfe): it works nibba
[20:29:56] iMine03 (uuid: 0f9d4172-c235-4bd2-9897-490c4a93ddfe): see that
[20:29:57] bryantandpat (uuid: 7961a874-c35f-4f34-a0d1-37205c235291): nigga wtfff
[20:30:01] bryantandpat (uuid: 7961a874-c35f-4f34-a0d1-37205c235291): u just press and hold?
[20:30:04] iMine03 (uuid: 0f9d4172-c235-4bd2-9897-490c4a93ddfe): yea
[20:30:09] bryantandpat (uuid: 7961a874-c35f-4f34-a0d1-37205c235291): i did
[20:30:09] iMine03 (uuid: 0f9d4172-c235-4bd2-9897-490c4a93ddfe): wait lemme see if
[20:30:11] iMine03 (uuid: 0f9d4172-c235-4bd2-9897-490c4a93ddfe): i can glide
[20:30:12] bryantandpat (uuid: 7961a874-c35f-4f34-a0d1-37205c235291): nothing happens
[20:30:47] ObamaGivesNoSh (uuid: d3ac07e0-4b18-40a0-b288-4b6e13255b18): i dont have money
[20:30:48] ObamaGivesNoSh (uuid: d3ac07e0-4b18-40a0-b288-4b6e13255b18): no
[20:30:49] ObamaGivesNoSh (uuid: d3ac07e0-4b18-40a0-b288-4b6e13255b18): fuck
[20:30:51] iMine03 (uuid: 0f9d4172-c235-4bd2-9897-490c4a93ddfe): jesos
[20:30:52] ObamaGivesNoSh (uuid: d3ac07e0-4b18-40a0-b288-4b6e13255b18): wth
[20:31:11] bryantandpat (uuid: 7961a874-c35f-4f34-a0d1-37205c235291): lemme try
[20:31:49] TheRealColmagi (uuid: c98c1615-0764-41e1-848d-73152bfabe94): prot 4 unbreak 3
[20:32:11] bryantandpat (uuid: 7961a874-c35f-4f34-a0d1-37205c235291): O SHITTT
[20:32:13] bryantandpat (uuid: 7961a874-c35f-4f34-a0d1-37205c235291): it worked
[20:32:27] TheRealColmagi (uuid: c98c1615-0764-41e1-848d-73152bfabe94): a wise choice
[20:33:02] iMine03 (uuid: 0f9d4172-c235-4bd2-9897-490c4a93ddfe): jesos
[20:33:04] bryantandpat (uuid: 7961a874-c35f-4f34-a0d1-37205c235291): rip
[20:33:10] iMine03 (uuid: 0f9d4172-c235-4bd2-9897-490c4a93ddfe): buy buy buy
[20:33:13] iMine03 (uuid: 0f9d4172-c235-4bd2-9897-490c4a93ddfe): eEZ
[20:33:13] TheRealColmagi (uuid: c98c1615-0764-41e1-848d-73152bfabe94): YEAHAHAHA
[20:33:25] bryantandpat (uuid: 7961a874-c35f-4f34-a0d1-37205c235291): i think u have to delay the press a bit
[20:33:27] JohnProdman (uuid: 4150cd4b-a415-4298-bdc7-c9e330b466cc): are u ok
[20:33:34] TheRealColmagi (uuid: c98c1615-0764-41e1-848d-73152bfabe94): u wanna join the bidding war
[20:33:43] iMine03 (uuid: 0f9d4172-c235-4bd2-9897-490c4a93ddfe): bid on iron ashley pan
[20:33:44] ben_shapiro2020 (uuid: 893a6ed2-6228-4554-a52c-fbaed0f96c6e): james add a lottery
[20:33:45] iMine03 (uuid: 0f9d4172-c235-4bd2-9897-490c4a93ddfe): *hoe
[20:33:49] bryantandpat (uuid: 7961a874-c35f-4f34-a0d1-37205c235291): wait fuck nigga
[20:33:52] bryantandpat (uuid: 7961a874-c35f-4f34-a0d1-37205c235291): its losing durability
[20:33:59] iMine03 (uuid: 0f9d4172-c235-4bd2-9897-490c4a93ddfe): LOL
[20:34:08] iMine03 (uuid: 0f9d4172-c235-4bd2-9897-490c4a93ddfe): LMAO
[20:34:16] JohnProdman (uuid: 4150cd4b-a415-4298-bdc7-c9e330b466cc): matthew
[20:34:19] bryantandpat (uuid: 7961a874-c35f-4f34-a0d1-37205c235291):  what
[20:34:25] JohnProdman (uuid: 4150cd4b-a415-4298-bdc7-c9e330b466cc): How do u want the gas chamber to kill
[20:34:29] JohnProdman (uuid: 4150cd4b-a415-4298-bdc7-c9e330b466cc): Kill by crushing?
[20:34:33] JohnProdman (uuid: 4150cd4b-a415-4298-bdc7-c9e330b466cc): or by flames
[20:34:35] TheRealColmagi (uuid: c98c1615-0764-41e1-848d-73152bfabe94): we already have a gas chamber
[20:34:36] bryantandpat (uuid: 7961a874-c35f-4f34-a0d1-37205c235291):  flames
[20:34:39] JohnProdman (uuid: 4150cd4b-a415-4298-bdc7-c9e330b466cc): aight
[20:34:41] bryantandpat (uuid: 7961a874-c35f-4f34-a0d1-37205c235291):  make it historically accurate
[20:34:51] JohnProdman (uuid: 4150cd4b-a415-4298-bdc7-c9e330b466cc): its gonna be cramped
[20:35:00] JohnProdman (uuid: 4150cd4b-a415-4298-bdc7-c9e330b466cc): because historically accurate
[20:35:13] iMine03 (uuid: 0f9d4172-c235-4bd2-9897-490c4a93ddfe): wtf is
[20:35:27] iMine03 (uuid: 0f9d4172-c235-4bd2-9897-490c4a93ddfe): eZZZ
[20:35:29] ben_shapiro2020 (uuid: 893a6ed2-6228-4554-a52c-fbaed0f96c6e): wtf
[20:35:33] TheRealColmagi (uuid: c98c1615-0764-41e1-848d-73152bfabe94): LOL DAYUM THOSE REFLEXES
[20:35:33] iMine03 (uuid: 0f9d4172-c235-4bd2-9897-490c4a93ddfe): fuck u alex
[20:35:38] iMine03 (uuid: 0f9d4172-c235-4bd2-9897-490c4a93ddfe): gotem
[20:35:54] ben_shapiro2020 (uuid: 893a6ed2-6228-4554-a52c-fbaed0f96c6e): james u gotta get that last nut in rn
[20:36:13] JohnProdman (uuid: 4150cd4b-a415-4298-bdc7-c9e330b466cc): o shit
[20:36:19] JohnProdman (uuid: 4150cd4b-a415-4298-bdc7-c9e330b466cc): tomorrow my brothers birthday
[20:37:03] TheRealColmagi (uuid: c98c1615-0764-41e1-848d-73152bfabe94): holy im 23k blocks out in the end
[20:37:48] iMine03 (uuid: 0f9d4172-c235-4bd2-9897-490c4a93ddfe): dam
[20:37:50] ben_shapiro2020 (uuid: 893a6ed2-6228-4554-a52c-fbaed0f96c6e): ez
[20:38:23] TheRealColmagi (uuid: c98c1615-0764-41e1-848d-73152bfabe94): u guys realize u can set ur bid amount right
[20:38:31] TheRealColmagi (uuid: c98c1615-0764-41e1-848d-73152bfabe94): like if u want to jack up the price by 100 feel free
[20:38:36] ben_shapiro2020 (uuid: 893a6ed2-6228-4554-a52c-fbaed0f96c6e): ik
[20:39:48] bryantandpat (uuid: 7961a874-c35f-4f34-a0d1-37205c235291): \
[20:39:48] TheRealColmagi (uuid: c98c1615-0764-41e1-848d-73152bfabe94): there
[20:40:04] TheRealColmagi (uuid: c98c1615-0764-41e1-848d-73152bfabe94): now auctions have 4 anti snipes for 10 seconds each
[20:40:09] TheRealColmagi (uuid: c98c1615-0764-41e1-848d-73152bfabe94): instead of 3 for 5
[20:40:13] TheRealColmagi (uuid: c98c1615-0764-41e1-848d-73152bfabe94): gives more time for reacc
[20:40:16] ben_shapiro2020 (uuid: 893a6ed2-6228-4554-a52c-fbaed0f96c6e): bid on my meat its only 10
[20:40:16] TheRealColmagi (uuid: c98c1615-0764-41e1-848d-73152bfabe94): and punishes snipers more
[20:40:47] TheRealColmagi (uuid: c98c1615-0764-41e1-848d-73152bfabe94): its in the queue probably
[20:41:09] TheRealColmagi (uuid: c98c1615-0764-41e1-848d-73152bfabe94): i want this
[20:41:23] iMine03 (uuid: 0f9d4172-c235-4bd2-9897-490c4a93ddfe): wtf
[20:41:57] TheRealColmagi (uuid: c98c1615-0764-41e1-848d-73152bfabe94): ez
[20:41:57] iMine03 (uuid: 0f9d4172-c235-4bd2-9897-490c4a93ddfe): LOL
[20:42:04] bryantandpat (uuid: 7961a874-c35f-4f34-a0d1-37205c235291): o i see it now
[20:42:42] TheRealColmagi (uuid: c98c1615-0764-41e1-848d-73152bfabe94): sup
[20:42:50] TheRealColmagi (uuid: c98c1615-0764-41e1-848d-73152bfabe94): sup
[20:42:54] bigboi2016 (uuid: bddd595a-c3c6-47b5-b788-70d5b62550ff): hello
[20:42:59] JohnProdman (uuid: 4150cd4b-a415-4298-bdc7-c9e330b466cc): henlo
[20:43:42] ben_shapiro2020 (uuid: 893a6ed2-6228-4554-a52c-fbaed0f96c6e): give me permission
[20:43:48] bryantandpat (uuid: 7961a874-c35f-4f34-a0d1-37205c235291):  mhm
[20:43:50] iMine03 (uuid: 0f9d4172-c235-4bd2-9897-490c4a93ddfe): hi alex
[20:44:15] bryantandpat (uuid: 7961a874-c35f-4f34-a0d1-37205c235291): autism
[20:44:16] TheRealColmagi (uuid: c98c1615-0764-41e1-848d-73152bfabe94): lmao
[20:44:19] TheRealColmagi (uuid: c98c1615-0764-41e1-848d-73152bfabe94): nobody has that much money
[20:44:22] bigboi2016 (uuid: bddd595a-c3c6-47b5-b788-70d5b62550ff): yo
[20:44:23] bigboi2016 (uuid: bddd595a-c3c6-47b5-b788-70d5b62550ff): help
[20:44:24] TheRealColmagi (uuid: c98c1615-0764-41e1-848d-73152bfabe94): except maple
[20:44:28] bigboi2016 (uuid: bddd595a-c3c6-47b5-b788-70d5b62550ff): im trapped in my house
[20:44:34] iMine03 (uuid: 0f9d4172-c235-4bd2-9897-490c4a93ddfe): EZ
[20:45:01] ben_shapiro2020 (uuid: 893a6ed2-6228-4554-a52c-fbaed0f96c6e): wtf gimmie my potatoes back
[20:45:07] bryantandpat (uuid: 7961a874-c35f-4f34-a0d1-37205c235291): kk tp to me
[20:45:30] bryantandpat (uuid: 7961a874-c35f-4f34-a0d1-37205c235291):  tp to me
[20:45:41] TheRealColmagi (uuid: c98c1615-0764-41e1-848d-73152bfabe94): i think ima set a warp to the big ass village
[20:45:54] JohnProdman (uuid: 4150cd4b-a415-4298-bdc7-c9e330b466cc): what big ass village
[20:45:59] TheRealColmagi (uuid: c98c1615-0764-41e1-848d-73152bfabe94): the one arthur and i built
[20:46:02] ben_shapiro2020 (uuid: 893a6ed2-6228-4554-a52c-fbaed0f96c6e): mhm
[20:46:06] JohnProdman (uuid: 4150cd4b-a415-4298-bdc7-c9e330b466cc): Arthur was here?
[20:46:11] TheRealColmagi (uuid: c98c1615-0764-41e1-848d-73152bfabe94): ye long ago
[20:46:27] JohnProdman (uuid: 4150cd4b-a415-4298-bdc7-c9e330b466cc): can i have 36 flint and steel
[20:46:29] TheRealColmagi (uuid: c98c1615-0764-41e1-848d-73152bfabe94): its warp medieval_village
[20:46:30] TheRealColmagi (uuid: c98c1615-0764-41e1-848d-73152bfabe94): come visit
[20:47:16] JohnProdman (uuid: 4150cd4b-a415-4298-bdc7-c9e330b466cc): james can i have 36 flint steel
[20:47:19] TheRealColmagi (uuid: c98c1615-0764-41e1-848d-73152bfabe94): uh wtf
[20:47:22] TheRealColmagi (uuid: c98c1615-0764-41e1-848d-73152bfabe94): why do u need that many
[20:47:22] JohnProdman (uuid: 4150cd4b-a415-4298-bdc7-c9e330b466cc): I need to have pogroms
[20:47:27] TheRealColmagi (uuid: c98c1615-0764-41e1-848d-73152bfabe94): HOLY
[20:47:41] TheRealColmagi (uuid: c98c1615-0764-41e1-848d-73152bfabe94): watch
[20:47:47] TheRealColmagi (uuid: c98c1615-0764-41e1-848d-73152bfabe94): we alerady have a concentration camp
[20:47:52] JohnProdman (uuid: 4150cd4b-a415-4298-bdc7-c9e330b466cc): no
[20:48:02] JohnProdman (uuid: 4150cd4b-a415-4298-bdc7-c9e330b466cc): wtf
[20:48:03] TheRealColmagi (uuid: c98c1615-0764-41e1-848d-73152bfabe94): u wannag et gassed
[20:48:11] JohnProdman (uuid: 4150cd4b-a415-4298-bdc7-c9e330b466cc): that dude is gay
[20:48:13] TheRealColmagi (uuid: c98c1615-0764-41e1-848d-73152bfabe94): i can put u in the gas chamber
[20:48:25] TheRealColmagi (uuid: c98c1615-0764-41e1-848d-73152bfabe94): xd
[20:48:33] JohnProdman (uuid: 4150cd4b-a415-4298-bdc7-c9e330b466cc): does that use charges
[20:48:34] TheRealColmagi (uuid: c98c1615-0764-41e1-848d-73152bfabe94): u want a copy of mein kampf too
[20:48:40] TheRealColmagi (uuid: c98c1615-0764-41e1-848d-73152bfabe94): why dont u step inside the shower
[20:48:44] JohnProdman (uuid: 4150cd4b-a415-4298-bdc7-c9e330b466cc): no
[20:48:49] TheRealColmagi (uuid: c98c1615-0764-41e1-848d-73152bfabe94): hbere ill just demonstrate
[20:49:02] TheRealColmagi (uuid: c98c1615-0764-41e1-848d-73152bfabe94): gas
[20:49:07] JohnProdman (uuid: 4150cd4b-a415-4298-bdc7-c9e330b466cc): I want flint steel
[20:49:10] TheRealColmagi (uuid: c98c1615-0764-41e1-848d-73152bfabe94): dafuq
[20:49:18] TheRealColmagi (uuid: c98c1615-0764-41e1-848d-73152bfabe94): ill auction off some flint
[20:49:28] ben_shapiro2020 (uuid: 893a6ed2-6228-4554-a52c-fbaed0f96c6e): lmao id have permission
[20:50:34] TheRealColmagi (uuid: c98c1615-0764-41e1-848d-73152bfabe94): LOL
[20:50:36] JohnProdman (uuid: 4150cd4b-a415-4298-bdc7-c9e330b466cc): fuck you
[20:50:41] ben_shapiro2020 (uuid: 893a6ed2-6228-4554-a52c-fbaed0f96c6e): when and where
[20:50:43] TheRealColmagi (uuid: c98c1615-0764-41e1-848d-73152bfabe94): why didnt u rebid
[20:50:48] JohnProdman (uuid: 4150cd4b-a415-4298-bdc7-c9e330b466cc): I went afk
[20:50:51] TheRealColmagi (uuid: c98c1615-0764-41e1-848d-73152bfabe94): auts
[20:59:04] JohnProdman (uuid: 4150cd4b-a415-4298-bdc7-c9e330b466cc): Alex tpa
[20:59:50] JohnProdman (uuid: 4150cd4b-a415-4298-bdc7-c9e330b466cc): im at ur stuff
[21:00:17] JohnProdman (uuid: 4150cd4b-a415-4298-bdc7-c9e330b466cc): james can u update they added pandas and amboo
[21:00:25] TheRealColmagi (uuid: c98c1615-0764-41e1-848d-73152bfabe94): half these plugins arent updated
[21:00:28] TheRealColmagi (uuid: c98c1615-0764-41e1-848d-73152bfabe94): to 1.13
[21:00:31] TheRealColmagi (uuid: c98c1615-0764-41e1-848d-73152bfabe94): neither is spigot
[21:00:37] TheRealColmagi (uuid: c98c1615-0764-41e1-848d-73152bfabe94): its 1.13 isnt even that stable
[21:00:42] TheRealColmagi (uuid: c98c1615-0764-41e1-848d-73152bfabe94): and 1.14 just came out
[21:00:54] JohnProdman (uuid: 4150cd4b-a415-4298-bdc7-c9e330b466cc): They arent gonna add more to 1.13
[21:18:52] bigboi2016 (uuid: bddd595a-c3c6-47b5-b788-70d5b62550ff): no hacking
[21:18:56] ben_shapiro2020 (uuid: 893a6ed2-6228-4554-a52c-fbaed0f96c6e): whoops
[21:18:59] ben_shapiro2020 (uuid: 893a6ed2-6228-4554-a52c-fbaed0f96c6e): sorry
[21:43:37] TheRealColmagi (uuid: c98c1615-0764-41e1-848d-73152bfabe94): i need some help
[21:43:39] TheRealColmagi (uuid: c98c1615-0764-41e1-848d-73152bfabe94): someone
[21:43:42] JohnProdman (uuid: 4150cd4b-a415-4298-bdc7-c9e330b466cc): with
[21:43:46] TheRealColmagi (uuid: c98c1615-0764-41e1-848d-73152bfabe94): tsting something
[21:43:48] TheRealColmagi (uuid: c98c1615-0764-41e1-848d-73152bfabe94): ill pay u
[21:43:56] JohnProdman (uuid: 4150cd4b-a415-4298-bdc7-c9e330b466cc): will i die
[21:43:58] TheRealColmagi (uuid: c98c1615-0764-41e1-848d-73152bfabe94): no
[21:44:01] TheRealColmagi (uuid: c98c1615-0764-41e1-848d-73152bfabe94): takes like 5 seconds
[21:44:07] JohnProdman (uuid: 4150cd4b-a415-4298-bdc7-c9e330b466cc): I only accept server updates as payment
[21:44:09] JohnProdman (uuid: 4150cd4b-a415-4298-bdc7-c9e330b466cc): sorry
[21:44:12] TheRealColmagi (uuid: c98c1615-0764-41e1-848d-73152bfabe94): nigger
[21:44:17] TheRealColmagi (uuid: c98c1615-0764-41e1-848d-73152bfabe94): literally
[21:44:24] TheRealColmagi (uuid: c98c1615-0764-41e1-848d-73152bfabe94): can u open that chest
[21:44:31] TheRealColmagi (uuid: c98c1615-0764-41e1-848d-73152bfabe94): fucker
[21:44:33] JohnProdman (uuid: 4150cd4b-a415-4298-bdc7-c9e330b466cc): sorry
[21:44:38] JohnProdman (uuid: 4150cd4b-a415-4298-bdc7-c9e330b466cc): yes
[21:44:38] TheRealColmagi (uuid: c98c1615-0764-41e1-848d-73152bfabe94): ok
[21:44:40] TheRealColmagi (uuid: c98c1615-0764-41e1-848d-73152bfabe94): canu open this one
[21:44:44] JohnProdman (uuid: 4150cd4b-a415-4298-bdc7-c9e330b466cc): no
[21:44:46] TheRealColmagi (uuid: c98c1615-0764-41e1-848d-73152bfabe94): ok good
[21:44:48] TheRealColmagi (uuid: c98c1615-0764-41e1-848d-73152bfabe94): u can elave now
[21:46:45] JohnProdman (uuid: 4150cd4b-a415-4298-bdc7-c9e330b466cc): when ur fucking redstone gets wiped by water
[21:46:49] TheRealColmagi (uuid: c98c1615-0764-41e1-848d-73152bfabe94): rip
[21:53:08] JohnProdman (uuid: 4150cd4b-a415-4298-bdc7-c9e330b466cc): are u religious
[21:53:10] TheRealColmagi (uuid: c98c1615-0764-41e1-848d-73152bfabe94): no
[21:53:24] JohnProdman (uuid: 4150cd4b-a415-4298-bdc7-c9e330b466cc): cmere
[21:54:42] JohnProdman (uuid: 4150cd4b-a415-4298-bdc7-c9e330b466cc): James cmere
[21:54:57] TheRealColmagi (uuid: c98c1615-0764-41e1-848d-73152bfabe94): wow
[21:54:58] JohnProdman (uuid: 4150cd4b-a415-4298-bdc7-c9e330b466cc): come
[21:55:15] TheRealColmagi (uuid: c98c1615-0764-41e1-848d-73152bfabe94): dafuq
[21:55:19] JohnProdman (uuid: 4150cd4b-a415-4298-bdc7-c9e330b466cc): left side
[21:55:23] JohnProdman (uuid: 4150cd4b-a415-4298-bdc7-c9e330b466cc): no
[21:55:38] TheRealColmagi (uuid: c98c1615-0764-41e1-848d-73152bfabe94): das busted
[21:55:57] TheRealColmagi (uuid: c98c1615-0764-41e1-848d-73152bfabe94): holy
[21:55:58] JohnProdman (uuid: 4150cd4b-a415-4298-bdc7-c9e330b466cc): ez
[21:56:03] TheRealColmagi (uuid: c98c1615-0764-41e1-848d-73152bfabe94): u fukin nazi
[21:56:10] JohnProdman (uuid: 4150cd4b-a415-4298-bdc7-c9e330b466cc): i need nazi banners
[21:56:13] TheRealColmagi (uuid: c98c1615-0764-41e1-848d-73152bfabe94): kk
[21:56:32] TheRealColmagi (uuid: c98c1615-0764-41e1-848d-73152bfabe94): wya
[21:56:39] JohnProdman (uuid: 4150cd4b-a415-4298-bdc7-c9e330b466cc): thats not nazi :c
[21:56:43] TheRealColmagi (uuid: c98c1615-0764-41e1-848d-73152bfabe94): its close enough
[21:56:47] JohnProdman (uuid: 4150cd4b-a415-4298-bdc7-c9e330b466cc): ima find one
[21:57:11] JohnProdman (uuid: 4150cd4b-a415-4298-bdc7-c9e330b466cc): minecraft 1.14 has looms
[21:57:15] JohnProdman (uuid: 4150cd4b-a415-4298-bdc7-c9e330b466cc): for banner making
[21:57:19] TheRealColmagi (uuid: c98c1615-0764-41e1-848d-73152bfabe94): i heard
[21:59:17] JohnProdman (uuid: 4150cd4b-a415-4298-bdc7-c9e330b466cc): can u give me tools
[21:59:20] JohnProdman (uuid: 4150cd4b-a415-4298-bdc7-c9e330b466cc): supplies
[21:59:26] JohnProdman (uuid: 4150cd4b-a415-4298-bdc7-c9e330b466cc): or giveme creative
[21:59:29] TheRealColmagi (uuid: c98c1615-0764-41e1-848d-73152bfabe94): community armor chest
[21:59:34] JohnProdman (uuid: 4150cd4b-a415-4298-bdc7-c9e330b466cc): or builder or sum shit
[21:59:37] TheRealColmagi (uuid: c98c1615-0764-41e1-848d-73152bfabe94): in the medieval village
[22:00:54] JohnProdman (uuid: 4150cd4b-a415-4298-bdc7-c9e330b466cc): what does curse of vanishing do
[22:00:57] TheRealColmagi (uuid: c98c1615-0764-41e1-848d-73152bfabe94): disappears once u die
[22:01:05] JohnProdman (uuid: 4150cd4b-a415-4298-bdc7-c9e330b466cc): how did u get it
[22:01:32] JohnProdman (uuid: 4150cd4b-a415-4298-bdc7-c9e330b466cc): these arent supplies:c
[22:01:36] TheRealColmagi (uuid: c98c1615-0764-41e1-848d-73152bfabe94): go buy
[22:01:38] TheRealColmagi (uuid: c98c1615-0764-41e1-848d-73152bfabe94): u have like 60k
[22:01:39] JohnProdman (uuid: 4150cd4b-a415-4298-bdc7-c9e330b466cc): can u just lemme spawn stuff
[22:02:27] JohnProdman (uuid: 4150cd4b-a415-4298-bdc7-c9e330b466cc): what does this cmd blok do
[22:02:31] TheRealColmagi (uuid: c98c1615-0764-41e1-848d-73152bfabe94): fires fireballs
[22:02:55] TheRealColmagi (uuid: c98c1615-0764-41e1-848d-73152bfabe94): LMAO I JUST REALIZED THE CONCENTRATION CAMP IS VERY CLOSE TO THE VILLAGE
[22:04:13] JohnProdman (uuid: 4150cd4b-a415-4298-bdc7-c9e330b466cc): ur server lagging
[22:06:09] JohnProdman (uuid: 4150cd4b-a415-4298-bdc7-c9e330b466cc): penises
[22:06:53] JohnProdman (uuid: 4150cd4b-a415-4298-bdc7-c9e330b466cc): JAMES REEE
[22:07:02] TheRealColmagi (uuid: c98c1615-0764-41e1-848d-73152bfabe94): what
[22:07:08] JohnProdman (uuid: 4150cd4b-a415-4298-bdc7-c9e330b466cc): u dont sell squid shit
[22:07:19] TheRealColmagi (uuid: c98c1615-0764-41e1-848d-73152bfabe94): go kill some squids then
[22:08:27] JohnProdman (uuid: 4150cd4b-a415-4298-bdc7-c9e330b466cc): does mycenium make trees grow taller
[22:08:31] TheRealColmagi (uuid: c98c1615-0764-41e1-848d-73152bfabe94): wtf idk
[22:08:38] JohnProdman (uuid: 4150cd4b-a415-4298-bdc7-c9e330b466cc): Hubert needs some
[22:09:10] TheRealColmagi (uuid: c98c1615-0764-41e1-848d-73152bfabe94): i have drugs
[22:09:13] JohnProdman (uuid: 4150cd4b-a415-4298-bdc7-c9e330b466cc): There are so many fucking squids they are annoying but when u need them they are gone
[22:09:42] TheRealColmagi (uuid: c98c1615-0764-41e1-848d-73152bfabe94): JEWS
[22:09:45] TheRealColmagi (uuid: c98c1615-0764-41e1-848d-73152bfabe94): FUCK
[22:09:59] JohnProdman (uuid: 4150cd4b-a415-4298-bdc7-c9e330b466cc): I have 1 friend
[22:10:02] JohnProdman (uuid: 4150cd4b-a415-4298-bdc7-c9e330b466cc): U wanna be the second
[22:10:10] TheRealColmagi (uuid: c98c1615-0764-41e1-848d-73152bfabe94): ok
[22:10:19] JohnProdman (uuid: 4150cd4b-a415-4298-bdc7-c9e330b466cc): yay i have 2 friends
[22:10:56] JohnProdman (uuid: 4150cd4b-a415-4298-bdc7-c9e330b466cc): this is a strange peice of land
[22:11:11] JohnProdman (uuid: 4150cd4b-a415-4298-bdc7-c9e330b466cc): Would be great for a home
[22:11:21] TheRealColmagi (uuid: c98c1615-0764-41e1-848d-73152bfabe94): mhm
[22:12:10] JohnProdman (uuid: 4150cd4b-a415-4298-bdc7-c9e330b466cc): whats wrong with ur computer
[22:12:16] TheRealColmagi (uuid: c98c1615-0764-41e1-848d-73152bfabe94): laggy
[22:12:25] JohnProdman (uuid: 4150cd4b-a415-4298-bdc7-c9e330b466cc): get better
[22:12:35] TheRealColmagi (uuid: c98c1615-0764-41e1-848d-73152bfabe94): im just gassing some jews
[22:13:41] ben_shapiro2020 (uuid: 893a6ed2-6228-4554-a52c-fbaed0f96c6e): holy shit james ur pc is shit
[22:13:45] TheRealColmagi (uuid: c98c1615-0764-41e1-848d-73152bfabe94): wtf
[22:13:48] ben_shapiro2020 (uuid: 893a6ed2-6228-4554-a52c-fbaed0f96c6e): im lagging like crazy
[22:14:50] JohnProdman (uuid: 4150cd4b-a415-4298-bdc7-c9e330b466cc): can i have op for a min
[22:14:56] TheRealColmagi (uuid: c98c1615-0764-41e1-848d-73152bfabe94): no
[22:15:19] JohnProdman (uuid: 4150cd4b-a415-4298-bdc7-c9e330b466cc): :c
[22:15:28] JohnProdman (uuid: 4150cd4b-a415-4298-bdc7-c9e330b466cc): its not like ima nuke the server
[22:18:03] JohnProdman (uuid: 4150cd4b-a415-4298-bdc7-c9e330b466cc): ima go then
[22:18:06] TheRealColmagi (uuid: c98c1615-0764-41e1-848d-73152bfabe94): lmao
[22:18:13] JohnProdman (uuid: 4150cd4b-a415-4298-bdc7-c9e330b466cc): op 30 seconds
[22:18:24] TheRealColmagi (uuid: c98c1615-0764-41e1-848d-73152bfabe94): what r u planning to do hmm
[22:18:26] JohnProdman (uuid: 4150cd4b-a415-4298-bdc7-c9e330b466cc): I wont spawn anything
[22:18:30] JohnProdman (uuid: 4150cd4b-a415-4298-bdc7-c9e330b466cc): Wont nuke
[22:18:34] JohnProdman (uuid: 4150cd4b-a415-4298-bdc7-c9e330b466cc): no cmd blocks
[22:18:42] JohnProdman (uuid: 4150cd4b-a415-4298-bdc7-c9e330b466cc): u will see
[22:18:47] TheRealColmagi (uuid: c98c1615-0764-41e1-848d-73152bfabe94): jew god is back
[22:19:16] iMine03 (uuid: 0f9d4172-c235-4bd2-9897-490c4a93ddfe): when did matjew leave
[22:19:19] TheRealColmagi (uuid: c98c1615-0764-41e1-848d-73152bfabe94): idk
[22:19:55] iMine03 (uuid: 0f9d4172-c235-4bd2-9897-490c4a93ddfe): wtf
[22:19:57] TheRealColmagi (uuid: c98c1615-0764-41e1-848d-73152bfabe94): LOL
[22:20:41] JohnProdman (uuid: 4150cd4b-a415-4298-bdc7-c9e330b466cc): op me
[22:20:44] TheRealColmagi (uuid: c98c1615-0764-41e1-848d-73152bfabe94): no
[22:20:48] JohnProdman (uuid: 4150cd4b-a415-4298-bdc7-c9e330b466cc): 10 seconds
[22:21:10] JohnProdman (uuid: 4150cd4b-a415-4298-bdc7-c9e330b466cc): U can watch me
[22:22:00] JohnProdman (uuid: 4150cd4b-a415-4298-bdc7-c9e330b466cc): fine bye
[22:22:33] iMine03 (uuid: 0f9d4172-c235-4bd2-9897-490c4a93ddfe): i have no idea wtf the ce is
[22:22:45] ben_shapiro2020 (uuid: 893a6ed2-6228-4554-a52c-fbaed0f96c6e): bid
[22:22:49] TheRealColmagi (uuid: c98c1615-0764-41e1-848d-73152bfabe94): MHM
[22:22:54] ben_shapiro2020 (uuid: 893a6ed2-6228-4554-a52c-fbaed0f96c6e): 1 buck
[22:26:08] JohnProdman (uuid: 4150cd4b-a415-4298-bdc7-c9e330b466cc): thot
[22:26:10] JohnProdman (uuid: 4150cd4b-a415-4298-bdc7-c9e330b466cc): im poor
[22:27:43] iMine03 (uuid: 0f9d4172-c235-4bd2-9897-490c4a93ddfe): matjew
[22:27:47] bryantandpat (uuid: 7961a874-c35f-4f34-a0d1-37205c235291): what
[22:27:50] iMine03 (uuid: 0f9d4172-c235-4bd2-9897-490c4a93ddfe): did we have any hw
[22:27:53] bryantandpat (uuid: 7961a874-c35f-4f34-a0d1-37205c235291): calc
[22:27:54] bryantandpat (uuid: 7961a874-c35f-4f34-a0d1-37205c235291): ce
[22:27:59] iMine03 (uuid: 0f9d4172-c235-4bd2-9897-490c4a93ddfe): that it?
[22:28:00] bryantandpat (uuid: 7961a874-c35f-4f34-a0d1-37205c235291): think thats it
[22:28:05] bryantandpat (uuid: 7961a874-c35f-4f34-a0d1-37205c235291): irp for u guys
[22:28:19] iMine03 (uuid: 0f9d4172-c235-4bd2-9897-490c4a93ddfe): ye fuck burke
[22:29:35] ben_shapiro2020 (uuid: 893a6ed2-6228-4554-a52c-fbaed0f96c6e): 1 buck
[22:30:28] bryantandpat (uuid: 7961a874-c35f-4f34-a0d1-37205c235291): ersong are we growing the melons wrong or smth
[22:30:34] iMine03 (uuid: 0f9d4172-c235-4bd2-9897-490c4a93ddfe): bid
[22:30:53] bryantandpat (uuid: 7961a874-c35f-4f34-a0d1-37205c235291): they havent changed since yestrerday
[22:31:53] iMine03 (uuid: 0f9d4172-c235-4bd2-9897-490c4a93ddfe): wtf alex
[22:31:56] bryantandpat (uuid: 7961a874-c35f-4f34-a0d1-37205c235291): jesos
[22:32:02] ben_shapiro2020 (uuid: 893a6ed2-6228-4554-a52c-fbaed0f96c6e): potatoes are a better food crop
[22:32:07] TheRealColmagi (uuid: c98c1615-0764-41e1-848d-73152bfabe94): yes
[22:32:20] ben_shapiro2020 (uuid: 893a6ed2-6228-4554-a52c-fbaed0f96c6e): u need 3 wheat per bread but each potato crop gives 4 potatoes
[22:32:20] bryantandpat (uuid: 7961a874-c35f-4f34-a0d1-37205c235291):  the wheat is just for the cows
[22:32:44] iMine03 (uuid: 0f9d4172-c235-4bd2-9897-490c4a93ddfe): irish potato famine
[22:34:04] ben_shapiro2020 (uuid: 893a6ed2-6228-4554-a52c-fbaed0f96c6e): wtf
[22:34:05] iMine03 (uuid: 0f9d4172-c235-4bd2-9897-490c4a93ddfe): i got the boat
[22:34:14] ben_shapiro2020 (uuid: 893a6ed2-6228-4554-a52c-fbaed0f96c6e): auts
[22:34:22] ben_shapiro2020 (uuid: 893a6ed2-6228-4554-a52c-fbaed0f96c6e): give me permission
[22:37:16] iMine03 (uuid: 0f9d4172-c235-4bd2-9897-490c4a93ddfe): im going on the boat
[22:39:44] iMine03 (uuid: 0f9d4172-c235-4bd2-9897-490c4a93ddfe): ALEX
[22:39:51] TheRealColmagi (uuid: c98c1615-0764-41e1-848d-73152bfabe94): yo
[22:39:52] TheRealColmagi (uuid: c98c1615-0764-41e1-848d-73152bfabe94): uh
[22:40:08] TheRealColmagi (uuid: c98c1615-0764-41e1-848d-73152bfabe94): come to /warp medieval_village
[22:40:14] TheRealColmagi (uuid: c98c1615-0764-41e1-848d-73152bfabe94): come to the blacksmith
[22:40:23] TheRealColmagi (uuid: c98c1615-0764-41e1-848d-73152bfabe94): and thers a shit ton of free stuff
[22:40:37] TheRealColmagi (uuid: c98c1615-0764-41e1-848d-73152bfabe94): over here
[22:40:57] TheRealColmagi (uuid: c98c1615-0764-41e1-848d-73152bfabe94): holy shit
[22:41:01] TheRealColmagi (uuid: c98c1615-0764-41e1-848d-73152bfabe94): alex just stole half the stuff
[22:41:08] bryantandpat (uuid: 7961a874-c35f-4f34-a0d1-37205c235291): no worries
[22:41:11] TheRealColmagi (uuid: c98c1615-0764-41e1-848d-73152bfabe94): fucking kill that degen
[22:43:31] iMine03 (uuid: 0f9d4172-c235-4bd2-9897-490c4a93ddfe): ez at 8k now
[22:44:59] ben_shapiro2020 (uuid: 893a6ed2-6228-4554-a52c-fbaed0f96c6e): ay yo guys do u want any of the armor
[22:45:04] bryantandpat (uuid: 7961a874-c35f-4f34-a0d1-37205c235291):  ye
[22:45:06] ben_shapiro2020 (uuid: 893a6ed2-6228-4554-a52c-fbaed0f96c6e): theyre all worthless
[22:45:13] iMine03 (uuid: 0f9d4172-c235-4bd2-9897-490c4a93ddfe): matjew did u build the twin towers here
[22:45:14] ben_shapiro2020 (uuid: 893a6ed2-6228-4554-a52c-fbaed0f96c6e): half of them have curse of vanishing
[22:45:27] bryantandpat (uuid: 7961a874-c35f-4f34-a0d1-37205c235291):  whats that
[22:45:28] iMine03 (uuid: 0f9d4172-c235-4bd2-9897-490c4a93ddfe): matjew literally built the world trade centere here
[22:45:34] ben_shapiro2020 (uuid: 893a6ed2-6228-4554-a52c-fbaed0f96c6e): dissapears if u die
[22:45:41] bryantandpat (uuid: 7961a874-c35f-4f34-a0d1-37205c235291):  how can u tell
[22:45:45] ben_shapiro2020 (uuid: 893a6ed2-6228-4554-a52c-fbaed0f96c6e): it says it
[22:47:59] iMine03 (uuid: 0f9d4172-c235-4bd2-9897-490c4a93ddfe): niggaaaaaa
[22:48:01] bryantandpat (uuid: 7961a874-c35f-4f34-a0d1-37205c235291): jesosss
[22:48:02] TheRealColmagi (uuid: c98c1615-0764-41e1-848d-73152bfabe94): LOL
[22:48:39] iMine03 (uuid: 0f9d4172-c235-4bd2-9897-490c4a93ddfe): just gimme emeralds ill pay u
[22:48:45] iMine03 (uuid: 0f9d4172-c235-4bd2-9897-490c4a93ddfe): wait can we buy ranks
[22:51:02] iMine03 (uuid: 0f9d4172-c235-4bd2-9897-490c4a93ddfe): wait fuck
[22:51:11] iMine03 (uuid: 0f9d4172-c235-4bd2-9897-490c4a93ddfe): jesos
[22:51:34] iMine03 (uuid: 0f9d4172-c235-4bd2-9897-490c4a93ddfe): ezzz
[22:51:35] TheRealColmagi (uuid: c98c1615-0764-41e1-848d-73152bfabe94): MHM
[22:51:37] iMine03 (uuid: 0f9d4172-c235-4bd2-9897-490c4a93ddfe): more value
[22:52:33] TheRealColmagi (uuid: c98c1615-0764-41e1-848d-73152bfabe94): rekt
[22:52:36] iMine03 (uuid: 0f9d4172-c235-4bd2-9897-490c4a93ddfe): oops
[22:55:00] TheRealColmagi (uuid: c98c1615-0764-41e1-848d-73152bfabe94): look at the name
[22:55:25] ben_shapiro2020 (uuid: 893a6ed2-6228-4554-a52c-fbaed0f96c6e): why buy that when u can blow yisong for free
[22:55:29] TheRealColmagi (uuid: c98c1615-0764-41e1-848d-73152bfabe94): MHM
[22:55:32] bryantandpat (uuid: 7961a874-c35f-4f34-a0d1-37205c235291):  autism
[22:56:32] TheRealColmagi (uuid: c98c1615-0764-41e1-848d-73152bfabe94): cyka blyat
[22:56:52] ben_shapiro2020 (uuid: 893a6ed2-6228-4554-a52c-fbaed0f96c6e): u can kill dogs on property
[22:57:11] bryantandpat (uuid: 7961a874-c35f-4f34-a0d1-37205c235291):  mhm nice name
[22:58:54] ben_shapiro2020 (uuid: 893a6ed2-6228-4554-a52c-fbaed0f96c6e): how much is it
[22:59:14] ben_shapiro2020 (uuid: 893a6ed2-6228-4554-a52c-fbaed0f96c6e): how much is the egg
[23:00:10] TheRealColmagi (uuid: c98c1615-0764-41e1-848d-73152bfabe94): buy it
[23:00:14] iMine03 (uuid: 0f9d4172-c235-4bd2-9897-490c4a93ddfe): mhm
[23:00:32] TheRealColmagi (uuid: c98c1615-0764-41e1-848d-73152bfabe94): do it
[23:00:40] iMine03 (uuid: 0f9d4172-c235-4bd2-9897-490c4a93ddfe): wtf
[23:00:42] TheRealColmagi (uuid: c98c1615-0764-41e1-848d-73152bfabe94): LOL
[23:00:42] bryantandpat (uuid: 7961a874-c35f-4f34-a0d1-37205c235291): fuck me
[23:00:43] iMine03 (uuid: 0f9d4172-c235-4bd2-9897-490c4a93ddfe): a u t s
[23:00:53] bryantandpat (uuid: 7961a874-c35f-4f34-a0d1-37205c235291):  james can i get the pick back again
[23:00:56] iMine03 (uuid: 0f9d4172-c235-4bd2-9897-490c4a93ddfe): LOL
[23:01:26] TheRealColmagi (uuid: c98c1615-0764-41e1-848d-73152bfabe94): litearlly free
[23:02:14] iMine03 (uuid: 0f9d4172-c235-4bd2-9897-490c4a93ddfe): buy it
[23:02:24] iMine03 (uuid: 0f9d4172-c235-4bd2-9897-490c4a93ddfe): wtf
[23:03:22] TheRealColmagi (uuid: c98c1615-0764-41e1-848d-73152bfabe94): creeper
