[17:48:07] TheRealColmagi (uuid: c98c1615-0764-41e1-848d-73152bfabe94): ok
[17:48:09] TheRealColmagi (uuid: c98c1615-0764-41e1-848d-73152bfabe94): dont respond
[17:48:11] TheRealColmagi (uuid: c98c1615-0764-41e1-848d-73152bfabe94): cuz
[17:48:16] TheRealColmagi (uuid: c98c1615-0764-41e1-848d-73152bfabe94): itll say u dont have perms
[17:48:18] TheRealColmagi (uuid: c98c1615-0764-41e1-848d-73152bfabe94): ill work on that
[17:48:19] TheRealColmagi (uuid: c98c1615-0764-41e1-848d-73152bfabe94): right now
[17:48:20] TheRealColmagi (uuid: c98c1615-0764-41e1-848d-73152bfabe94): just
[17:48:34] TheRealColmagi (uuid: c98c1615-0764-41e1-848d-73152bfabe94): go watch youtube or something cuz theres a LOT of perms i gotta add
[17:49:20] TheRealColmagi (uuid: c98c1615-0764-41e1-848d-73152bfabe94): fuzzy
[17:49:24] TheRealColmagi (uuid: c98c1615-0764-41e1-848d-73152bfabe94): msg me ur response on steam
[17:49:26] TheRealColmagi (uuid: c98c1615-0764-41e1-848d-73152bfabe94): can u build?
[17:49:34] TheRealColmagi (uuid: c98c1615-0764-41e1-848d-73152bfabe94): or destroy?
[17:49:50] TheRealColmagi (uuid: c98c1615-0764-41e1-848d-73152bfabe94): k then that worked
[17:50:56] TheRealColmagi (uuid: c98c1615-0764-41e1-848d-73152bfabe94): ok
[17:50:58] TheRealColmagi (uuid: c98c1615-0764-41e1-848d-73152bfabe94): can u guys talk
[17:51:00] masteroftheepics (uuid: 4150cd4b-a415-4298-bdc7-c9e330b466cc): wadawd
[17:51:02] TheRealColmagi (uuid: c98c1615-0764-41e1-848d-73152bfabe94): k
[17:51:03] badmaner (uuid: d0393654-9897-4501-8417-24c9eb6a9333): uhh
[17:51:04] badmaner (uuid: d0393654-9897-4501-8417-24c9eb6a9333): ye
[17:51:06] TheRealColmagi (uuid: c98c1615-0764-41e1-848d-73152bfabe94): i added 1 plugin
[17:51:09] TheRealColmagi (uuid: c98c1615-0764-41e1-848d-73152bfabe94): i mean
[17:51:11] TheRealColmagi (uuid: c98c1615-0764-41e1-848d-73152bfabe94): 1 perm
[17:51:13] TheRealColmagi (uuid: c98c1615-0764-41e1-848d-73152bfabe94): permission
[17:51:24] TheRealColmagi (uuid: c98c1615-0764-41e1-848d-73152bfabe94): ill work on doing home and warp and msg and stuff but itll take a while
[17:51:32] masteroftheepics (uuid: 4150cd4b-a415-4298-bdc7-c9e330b466cc): I WANT ACCESS TO /help
[17:51:33] TheRealColmagi (uuid: c98c1615-0764-41e1-848d-73152bfabe94): for now all u can do is build and talk in chat
[17:51:42] badmaner (uuid: d0393654-9897-4501-8417-24c9eb6a9333): and mine
[17:51:42] masteroftheepics (uuid: 4150cd4b-a415-4298-bdc7-c9e330b466cc): OK
[17:51:44] TheRealColmagi (uuid: c98c1615-0764-41e1-848d-73152bfabe94): so continue on what u were doing
[17:51:47] badmaner (uuid: d0393654-9897-4501-8417-24c9eb6a9333): what about craftin
[17:52:00] badmaner (uuid: d0393654-9897-4501-8417-24c9eb6a9333): woah. this pic has likke 1 durability
[17:52:10] masteroftheepics (uuid: 4150cd4b-a415-4298-bdc7-c9e330b466cc): I wanna enchant stuff
[17:52:17] badmaner (uuid: d0393654-9897-4501-8417-24c9eb6a9333): i'll keep that for my display
[17:52:22] masteroftheepics (uuid: 4150cd4b-a415-4298-bdc7-c9e330b466cc): cmon lets grind exp
[17:52:22] badmaner (uuid: d0393654-9897-4501-8417-24c9eb6a9333): on literally every tool
[17:52:24] masteroftheepics (uuid: 4150cd4b-a415-4298-bdc7-c9e330b466cc): thenenchant
[17:52:40] badmaner (uuid: d0393654-9897-4501-8417-24c9eb6a9333): k
[17:52:52] badmaner (uuid: d0393654-9897-4501-8417-24c9eb6a9333): wait
[17:52:56] badmaner (uuid: d0393654-9897-4501-8417-24c9eb6a9333): imma check the farms
[17:54:05] badmaner (uuid: d0393654-9897-4501-8417-24c9eb6a9333): gotta let this path grow
[17:54:20] masteroftheepics (uuid: 4150cd4b-a415-4298-bdc7-c9e330b466cc): cmon
[17:55:11] badmaner (uuid: d0393654-9897-4501-8417-24c9eb6a9333): brb. gotta do dishes
[17:55:15] masteroftheepics (uuid: 4150cd4b-a415-4298-bdc7-c9e330b466cc): kk
[17:55:28] badmaner (uuid: d0393654-9897-4501-8417-24c9eb6a9333): *afk
[18:00:20] masteroftheepics (uuid: 4150cd4b-a415-4298-bdc7-c9e330b466cc): JAMES
[18:01:16] badmaner (uuid: d0393654-9897-4501-8417-24c9eb6a9333): am back
[18:01:25] masteroftheepics (uuid: 4150cd4b-a415-4298-bdc7-c9e330b466cc): A ZOMBIE CAME OUTTA STRIP MINE
[18:01:29] TheRealColmagi (uuid: c98c1615-0764-41e1-848d-73152bfabe94): welcome back
[18:01:34] masteroftheepics (uuid: 4150cd4b-a415-4298-bdc7-c9e330b466cc): HOW TO MAKE FENCE
[18:01:38] badmaner (uuid: d0393654-9897-4501-8417-24c9eb6a9333): uhh
[18:01:43] TheRealColmagi (uuid: c98c1615-0764-41e1-848d-73152bfabe94): ur just bad
[18:01:55] TheRealColmagi (uuid: c98c1615-0764-41e1-848d-73152bfabe94): lmao
[18:01:57] TheRealColmagi (uuid: c98c1615-0764-41e1-848d-73152bfabe94): dont use periods
[18:02:02] badmaner (uuid: d0393654-9897-4501-8417-24c9eb6a9333): ok, get 2 sticks and 4 logs
[18:02:03] TheRealColmagi (uuid: c98c1615-0764-41e1-848d-73152bfabe94): or they think ur writing ads
[18:02:07] badmaner (uuid: d0393654-9897-4501-8417-24c9eb6a9333): BUT PUNCTUATION
[18:02:08] badmaner (uuid: d0393654-9897-4501-8417-24c9eb6a9333): WTF
[18:02:14] TheRealColmagi (uuid: c98c1615-0764-41e1-848d-73152bfabe94): rip
[18:02:18] badmaner (uuid: d0393654-9897-4501-8417-24c9eb6a9333): Sorry, planks. Not logs
[18:02:39] TheRealColmagi (uuid: c98c1615-0764-41e1-848d-73152bfabe94): test
[18:02:39] badmaner (uuid: d0393654-9897-4501-8417-24c9eb6a9333): Put the sticks in the mid and bottom-mid
[18:02:43] TheRealColmagi (uuid: c98c1615-0764-41e1-848d-73152bfabe94): shit
[18:03:11] badmaner (uuid: d0393654-9897-4501-8417-24c9eb6a9333): the planks on the left-mid/bottom-left and right
[18:03:15] masteroftheepics (uuid: 4150cd4b-a415-4298-bdc7-c9e330b466cc): now bout gate
[18:03:19] badmaner (uuid: d0393654-9897-4501-8417-24c9eb6a9333): and the gate is the reverse
[18:03:25] badmaner (uuid: d0393654-9897-4501-8417-24c9eb6a9333): 4 sticks 2 planks
[18:03:43] badmaner (uuid: d0393654-9897-4501-8417-24c9eb6a9333): Wait. You're new to MC, arent u.
[18:03:51] badmaner (uuid: d0393654-9897-4501-8417-24c9eb6a9333): I guess I'll build a school at some point
[18:03:51] masteroftheepics (uuid: 4150cd4b-a415-4298-bdc7-c9e330b466cc): mhm
[18:03:59] badmaner (uuid: d0393654-9897-4501-8417-24c9eb6a9333): School/Training
[18:04:01] masteroftheepics (uuid: 4150cd4b-a415-4298-bdc7-c9e330b466cc): lez goenchant shit
[18:04:02] badmaner (uuid: d0393654-9897-4501-8417-24c9eb6a9333): brb for a sec
[18:04:47] TheRealColmagi (uuid: c98c1615-0764-41e1-848d-73152bfabe94): test
[18:04:50] TheRealColmagi (uuid: c98c1615-0764-41e1-848d-73152bfabe94): there
[18:04:52] TheRealColmagi (uuid: c98c1615-0764-41e1-848d-73152bfabe94): there
[18:04:55] masteroftheepics (uuid: 4150cd4b-a415-4298-bdc7-c9e330b466cc): dude
[18:04:56] badmaner (uuid: d0393654-9897-4501-8417-24c9eb6a9333): am back
[18:05:03] masteroftheepics (uuid: 4150cd4b-a415-4298-bdc7-c9e330b466cc): donthave so many effects on ur name
[18:05:06] masteroftheepics (uuid: 4150cd4b-a415-4298-bdc7-c9e330b466cc): its annoying
[18:05:15] badmaner (uuid: d0393654-9897-4501-8417-24c9eb6a9333): ye
[18:08:54] badmaner (uuid: d0393654-9897-4501-8417-24c9eb6a9333): fuzz, check it
[18:09:02] badmaner (uuid: d0393654-9897-4501-8417-24c9eb6a9333): brb
[18:09:03] masteroftheepics (uuid: 4150cd4b-a415-4298-bdc7-c9e330b466cc): hm
[18:09:22] TheRealColmagi (uuid: c98c1615-0764-41e1-848d-73152bfabe94): ok so
[18:09:27] badmaner (uuid: d0393654-9897-4501-8417-24c9eb6a9333): back
[18:09:29] TheRealColmagi (uuid: c98c1615-0764-41e1-848d-73152bfabe94): i think ive done most of the useful commands
[18:09:30] masteroftheepics (uuid: 4150cd4b-a415-4298-bdc7-c9e330b466cc): REMOVE THE EFFECTS
[18:09:31] badmaner (uuid: d0393654-9897-4501-8417-24c9eb6a9333): look at the paintin
[18:09:39] masteroftheepics (uuid: 4150cd4b-a415-4298-bdc7-c9e330b466cc): gay
[18:09:47] masteroftheepics (uuid: 4150cd4b-a415-4298-bdc7-c9e330b466cc): gay
[18:09:48] badmaner (uuid: d0393654-9897-4501-8417-24c9eb6a9333): what even is that
[18:09:51] badmaner (uuid: d0393654-9897-4501-8417-24c9eb6a9333): a panini?
[18:09:59] masteroftheepics (uuid: 4150cd4b-a415-4298-bdc7-c9e330b466cc): can we make our own painings
[18:10:05] TheRealColmagi (uuid: c98c1615-0764-41e1-848d-73152bfabe94): ok
[18:10:09] TheRealColmagi (uuid: c98c1615-0764-41e1-848d-73152bfabe94): try to tpa to me
[18:10:10] badmaner (uuid: d0393654-9897-4501-8417-24c9eb6a9333): not without mods/texture packs
[18:10:17] TheRealColmagi (uuid: c98c1615-0764-41e1-848d-73152bfabe94): ok it wokrs
[18:10:20] masteroftheepics (uuid: 4150cd4b-a415-4298-bdc7-c9e330b466cc): accept
[18:10:22] TheRealColmagi (uuid: c98c1615-0764-41e1-848d-73152bfabe94): u guys can set 1 home
[18:10:24] TheRealColmagi (uuid: c98c1615-0764-41e1-848d-73152bfabe94): go home
[18:10:26] TheRealColmagi (uuid: c98c1615-0764-41e1-848d-73152bfabe94): warp
[18:10:27] TheRealColmagi (uuid: c98c1615-0764-41e1-848d-73152bfabe94): tpa
[18:10:28] badmaner (uuid: d0393654-9897-4501-8417-24c9eb6a9333): oh
[18:10:30] TheRealColmagi (uuid: c98c1615-0764-41e1-848d-73152bfabe94): send mail
[18:10:31] TheRealColmagi (uuid: c98c1615-0764-41e1-848d-73152bfabe94): and msg
[18:10:40] badmaner (uuid: d0393654-9897-4501-8417-24c9eb6a9333): uhh... add a /help
[18:10:46] TheRealColmagi (uuid: c98c1615-0764-41e1-848d-73152bfabe94): there is a chat radius
[18:10:54] badmaner (uuid: d0393654-9897-4501-8417-24c9eb6a9333): ...
[18:10:57] badmaner (uuid: d0393654-9897-4501-8417-24c9eb6a9333): why is that..?
[18:10:59] TheRealColmagi (uuid: c98c1615-0764-41e1-848d-73152bfabe94): anyone outside of a 100 block radius wont hear you
[18:11:03] masteroftheepics (uuid: 4150cd4b-a415-4298-bdc7-c9e330b466cc): why
[18:11:06] TheRealColmagi (uuid: c98c1615-0764-41e1-848d-73152bfabe94): ITS SO I DONT SEE ALL UR TALKING WHEN IM TRYING TO BUILD
[18:11:15] masteroftheepics (uuid: 4150cd4b-a415-4298-bdc7-c9e330b466cc): then make a global and group chat
[18:11:17] TheRealColmagi (uuid: c98c1615-0764-41e1-848d-73152bfabe94): OR WHEN IM TRYING TO TALK TO SOMEONE ELSE
[18:11:20] badmaner (uuid: d0393654-9897-4501-8417-24c9eb6a9333): what, do you WANT us to sneak off and plan a revolution?
[18:11:24] TheRealColmagi (uuid: c98c1615-0764-41e1-848d-73152bfabe94): this is simpler
[18:11:31] masteroftheepics (uuid: 4150cd4b-a415-4298-bdc7-c9e330b466cc): he can read console
[18:11:33] TheRealColmagi (uuid: c98c1615-0764-41e1-848d-73152bfabe94): if someone is outside 100 blocks
[18:11:39] TheRealColmagi (uuid: c98c1615-0764-41e1-848d-73152bfabe94): they wont see ur msgs
[18:11:43] TheRealColmagi (uuid: c98c1615-0764-41e1-848d-73152bfabe94): however
[18:11:53] TheRealColmagi (uuid: c98c1615-0764-41e1-848d-73152bfabe94): you can still talk to them by putting ! before your message
[18:11:57] TheRealColmagi (uuid: c98c1615-0764-41e1-848d-73152bfabe94): like this: !hello
[18:11:59] TheRealColmagi (uuid: c98c1615-0764-41e1-848d-73152bfabe94): hello
[18:11:59] badmaner (uuid: d0393654-9897-4501-8417-24c9eb6a9333): !hi
[18:12:04] badmaner (uuid: d0393654-9897-4501-8417-24c9eb6a9333): ...
[18:12:06] masteroftheepics (uuid: 4150cd4b-a415-4298-bdc7-c9e330b466cc): !allahuakbar
[18:12:07] TheRealColmagi (uuid: c98c1615-0764-41e1-848d-73152bfabe94): oh goddammit
[18:12:10] badmaner (uuid: d0393654-9897-4501-8417-24c9eb6a9333): !WOWOWO
[18:12:10] TheRealColmagi (uuid: c98c1615-0764-41e1-848d-73152bfabe94): it didnt work
[18:12:17] badmaner (uuid: d0393654-9897-4501-8417-24c9eb6a9333): !xD
[18:12:22] masteroftheepics (uuid: 4150cd4b-a415-4298-bdc7-c9e330b466cc): xD
[18:12:26] masteroftheepics (uuid: 4150cd4b-a415-4298-bdc7-c9e330b466cc): Sout not workin
[18:12:36] TheRealColmagi (uuid: c98c1615-0764-41e1-848d-73152bfabe94): ik im tryin
[18:12:37] masteroftheepics (uuid: 4150cd4b-a415-4298-bdc7-c9e330b466cc): hey bad
[18:12:41] masteroftheepics (uuid: 4150cd4b-a415-4298-bdc7-c9e330b466cc): want armor
[18:12:42] badmaner (uuid: d0393654-9897-4501-8417-24c9eb6a9333): hm
[18:12:43] badmaner (uuid: d0393654-9897-4501-8417-24c9eb6a9333): sure
[18:12:45] badmaner (uuid: d0393654-9897-4501-8417-24c9eb6a9333): wait
[18:12:47] badmaner (uuid: d0393654-9897-4501-8417-24c9eb6a9333): no leggings
[18:12:50] badmaner (uuid: d0393654-9897-4501-8417-24c9eb6a9333): unless you have leather
[18:13:07] badmaner (uuid: d0393654-9897-4501-8417-24c9eb6a9333): just because I can
[18:13:12] masteroftheepics (uuid: 4150cd4b-a415-4298-bdc7-c9e330b466cc): here
[18:13:17] masteroftheepics (uuid: 4150cd4b-a415-4298-bdc7-c9e330b466cc): quick i gtg
[18:13:41] badmaner (uuid: d0393654-9897-4501-8417-24c9eb6a9333): ooh, new sound effects
[18:13:42] badmaner (uuid: d0393654-9897-4501-8417-24c9eb6a9333): noice
[18:13:49] masteroftheepics (uuid: 4150cd4b-a415-4298-bdc7-c9e330b466cc): ok bye
[18:13:54] badmaner (uuid: d0393654-9897-4501-8417-24c9eb6a9333): bye :/
[18:13:56] TheRealColmagi (uuid: c98c1615-0764-41e1-848d-73152bfabe94): k bye
[18:14:25] TheRealColmagi (uuid: c98c1615-0764-41e1-848d-73152bfabe94): !why
[18:14:27] badmaner (uuid: d0393654-9897-4501-8417-24c9eb6a9333): So, I guess I'll just... wait here..?
[18:14:28] TheRealColmagi (uuid: c98c1615-0764-41e1-848d-73152bfabe94): !does this not work
[18:16:06] badmaner (uuid: d0393654-9897-4501-8417-24c9eb6a9333): !I dont know
[18:18:20] badmaner (uuid: d0393654-9897-4501-8417-24c9eb6a9333): oh no. the villagers are taking over our house
[18:19:01] TheRealColmagi (uuid: c98c1615-0764-41e1-848d-73152bfabe94): !test
[18:19:03] TheRealColmagi (uuid: c98c1615-0764-41e1-848d-73152bfabe94): balls
[18:21:08] TheRealColmagi (uuid: c98c1615-0764-41e1-848d-73152bfabe94): i dont know the permission node to allow global chat
[18:21:17] badmaner (uuid: d0393654-9897-4501-8417-24c9eb6a9333): don't ask me
[18:21:23] TheRealColmagi (uuid: c98c1615-0764-41e1-848d-73152bfabe94): !test
[18:21:27] badmaner (uuid: d0393654-9897-4501-8417-24c9eb6a9333): !test
[18:21:42] badmaner (uuid: d0393654-9897-4501-8417-24c9eb6a9333): Have you gone in the nether yet? Or is this portal just... here
[18:23:00] TheRealColmagi (uuid: c98c1615-0764-41e1-848d-73152bfabe94): !test
[18:23:03] TheRealColmagi (uuid: c98c1615-0764-41e1-848d-73152bfabe94): ive gone in the nether
[18:23:33] badmaner (uuid: d0393654-9897-4501-8417-24c9eb6a9333): is there a safe-spot on the other side of the portal yet?
[18:24:34] TheRealColmagi (uuid: c98c1615-0764-41e1-848d-73152bfabe94): yeah
[18:24:36] TheRealColmagi (uuid: c98c1615-0764-41e1-848d-73152bfabe94): test
[18:24:40] badmaner (uuid: d0393654-9897-4501-8417-24c9eb6a9333): test
[18:24:41] TheRealColmagi (uuid: c98c1615-0764-41e1-848d-73152bfabe94): hell yeah got it to work
[18:24:46] badmaner (uuid: d0393654-9897-4501-8417-24c9eb6a9333): wooo
[18:24:57] badmaner (uuid: d0393654-9897-4501-8417-24c9eb6a9333): ooh, i like that color
[18:25:01] badmaner (uuid: d0393654-9897-4501-8417-24c9eb6a9333): yep
[18:25:20] TheRealColmagi (uuid: c98c1615-0764-41e1-848d-73152bfabe94): that wasnt supposed to happen
[18:25:28] TheRealColmagi (uuid: c98c1615-0764-41e1-848d-73152bfabe94): lol
[18:25:30] TheRealColmagi (uuid: c98c1615-0764-41e1-848d-73152bfabe94): that wasnt supposed to happen
[18:25:33] TheRealColmagi (uuid: c98c1615-0764-41e1-848d-73152bfabe94): try now
[18:25:35] badmaner (uuid: d0393654-9897-4501-8417-24c9eb6a9333): What? My name changin color?
[18:25:37] TheRealColmagi (uuid: c98c1615-0764-41e1-848d-73152bfabe94): yeah
[18:25:38] badmaner (uuid: d0393654-9897-4501-8417-24c9eb6a9333): Aww
[18:25:48] TheRealColmagi (uuid: c98c1615-0764-41e1-848d-73152bfabe94): ima get some prefixes so we can look better
[18:25:53] badmaner (uuid: d0393654-9897-4501-8417-24c9eb6a9333): Get out of my house you filthy Librarian!
[18:26:18] TheRealColmagi (uuid: c98c1615-0764-41e1-848d-73152bfabe94): ok well im gonna eat
[18:26:23] badmaner (uuid: d0393654-9897-4501-8417-24c9eb6a9333): k
[18:26:23] TheRealColmagi (uuid: c98c1615-0764-41e1-848d-73152bfabe94): brb gonna eat
[18:26:26] badmaner (uuid: d0393654-9897-4501-8417-24c9eb6a9333): k
[18:26:56] badmaner (uuid: d0393654-9897-4501-8417-24c9eb6a9333): GTFO
[18:27:04] badmaner (uuid: d0393654-9897-4501-8417-24c9eb6a9333): FUCKIN VILLAGERS
[18:27:18] badmaner (uuid: d0393654-9897-4501-8417-24c9eb6a9333): Im off to the Nether!
[18:28:08] badmaner (uuid: d0393654-9897-4501-8417-24c9eb6a9333): ADVENTURE
[18:33:42] badmaner (uuid: d0393654-9897-4501-8417-24c9eb6a9333): woah
[18:37:35] TheRealColmagi (uuid: c98c1615-0764-41e1-848d-73152bfabe94): ur still here?
[18:37:40] TheRealColmagi (uuid: c98c1615-0764-41e1-848d-73152bfabe94): ur still here
[18:37:43] TheRealColmagi (uuid: c98c1615-0764-41e1-848d-73152bfabe94): wow
[18:37:43] badmaner (uuid: d0393654-9897-4501-8417-24c9eb6a9333): ye
[18:37:45] badmaner (uuid: d0393654-9897-4501-8417-24c9eb6a9333): ye
[18:37:50] badmaner (uuid: d0393654-9897-4501-8417-24c9eb6a9333): Check out the nether base
[18:37:50] TheRealColmagi (uuid: c98c1615-0764-41e1-848d-73152bfabe94): quite the dedicated player
[18:38:05] badmaner (uuid: d0393654-9897-4501-8417-24c9eb6a9333): Meh. More stubborn, because getting off means that my bro gets on
[18:38:12] TheRealColmagi (uuid: c98c1615-0764-41e1-848d-73152bfabe94): lol
[18:38:34] TheRealColmagi (uuid: c98c1615-0764-41e1-848d-73152bfabe94): i feel u dude i had to deal with a brother all the way until he moved out and i got my own computer
[18:39:04] TheRealColmagi (uuid: c98c1615-0764-41e1-848d-73152bfabe94): im gonna go work more on plugins n stuff
[18:39:10] badmaner (uuid: d0393654-9897-4501-8417-24c9eb6a9333): He should have done his homework over the 2 week break instead of just doing it last-minute
[18:39:15] badmaner (uuid: d0393654-9897-4501-8417-24c9eb6a9333): but NOOO
[18:39:17] TheRealColmagi (uuid: c98c1615-0764-41e1-848d-73152bfabe94): lol
[18:39:24] badmaner (uuid: d0393654-9897-4501-8417-24c9eb6a9333): I wouldn't do it here
[18:39:30] badmaner (uuid: d0393654-9897-4501-8417-24c9eb6a9333): A ghast might fly by
[18:39:36] TheRealColmagi (uuid: c98c1615-0764-41e1-848d-73152bfabe94): im in creative its fine
[18:40:11] TheRealColmagi (uuid: c98c1615-0764-41e1-848d-73152bfabe94): what should i call my next rank
[18:40:17] badmaner (uuid: d0393654-9897-4501-8417-24c9eb6a9333): ..?
[18:40:28] TheRealColmagi (uuid: c98c1615-0764-41e1-848d-73152bfabe94): nvm
[18:40:39] badmaner (uuid: d0393654-9897-4501-8417-24c9eb6a9333): rank... dank...
[18:40:41] badmaner (uuid: d0393654-9897-4501-8417-24c9eb6a9333): dank
[18:40:45] TheRealColmagi (uuid: c98c1615-0764-41e1-848d-73152bfabe94): lol nah
[18:45:14] badmaner (uuid: d0393654-9897-4501-8417-24c9eb6a9333): Hmm
[18:45:24] badmaner (uuid: d0393654-9897-4501-8417-24c9eb6a9333): What version did you enter the nether in..?
[18:45:27] badmaner (uuid: d0393654-9897-4501-8417-24c9eb6a9333): Or is this a new world
[18:45:45] badmaner (uuid: d0393654-9897-4501-8417-24c9eb6a9333): WOAH
[18:45:50] badmaner (uuid: d0393654-9897-4501-8417-24c9eb6a9333): VILLAGER IN THE NETER
[18:45:59] TheRealColmagi (uuid: c98c1615-0764-41e1-848d-73152bfabe94): oh yeah its him
[18:46:11] TheRealColmagi (uuid: c98c1615-0764-41e1-848d-73152bfabe94): he walked into the portal one day
[18:46:14] badmaner (uuid: d0393654-9897-4501-8417-24c9eb6a9333): Has silk touch book
[18:46:15] TheRealColmagi (uuid: c98c1615-0764-41e1-848d-73152bfabe94): so he just chills here
[18:46:26] badmaner (uuid: d0393654-9897-4501-8417-24c9eb6a9333): You aren't gonna... bring him back..?
[18:46:38] TheRealColmagi (uuid: c98c1615-0764-41e1-848d-73152bfabe94): wow
[18:46:51] TheRealColmagi (uuid: c98c1615-0764-41e1-848d-73152bfabe94): there
[18:47:03] TheRealColmagi (uuid: c98c1615-0764-41e1-848d-73152bfabe94): its kinda hard to bring him back
[18:47:10] TheRealColmagi (uuid: c98c1615-0764-41e1-848d-73152bfabe94): leads dont work and punching him would kill him
[18:47:32] badmaner (uuid: d0393654-9897-4501-8417-24c9eb6a9333): yeah...
[18:47:50] badmaner (uuid: d0393654-9897-4501-8417-24c9eb6a9333): uh
[18:47:58] badmaner (uuid: d0393654-9897-4501-8417-24c9eb6a9333): I found a netherfortress
[18:52:56] badmaner (uuid: d0393654-9897-4501-8417-24c9eb6a9333): Hey
[18:54:14] badmaner (uuid: d0393654-9897-4501-8417-24c9eb6a9333): Shit
[18:56:32] TheRealColmagi (uuid: c98c1615-0764-41e1-848d-73152bfabe94): there
[18:56:36] badmaner (uuid: d0393654-9897-4501-8417-24c9eb6a9333): uh oh
[18:56:37] TheRealColmagi (uuid: c98c1615-0764-41e1-848d-73152bfabe94): uh oh
[18:56:41] TheRealColmagi (uuid: c98c1615-0764-41e1-848d-73152bfabe94): u ded
[18:56:44] badmaner (uuid: d0393654-9897-4501-8417-24c9eb6a9333): im sorta stuck in the nether now
[18:56:48] badmaner (uuid: d0393654-9897-4501-8417-24c9eb6a9333): I have my stuff tho
[18:57:21] badmaner (uuid: d0393654-9897-4501-8417-24c9eb6a9333): mind tping me to the porta?
[18:57:45] TheRealColmagi (uuid: c98c1615-0764-41e1-848d-73152bfabe94): u can tpa dude
[18:58:10] TheRealColmagi (uuid: c98c1615-0764-41e1-848d-73152bfabe94): ok try again now
[18:58:25] TheRealColmagi (uuid: c98c1615-0764-41e1-848d-73152bfabe94): shit
[18:58:29] TheRealColmagi (uuid: c98c1615-0764-41e1-848d-73152bfabe94): does it not work
[18:59:19] TheRealColmagi (uuid: c98c1615-0764-41e1-848d-73152bfabe94): test
[18:59:22] TheRealColmagi (uuid: c98c1615-0764-41e1-848d-73152bfabe94): DAMMIT
[19:00:13] TheRealColmagi (uuid: c98c1615-0764-41e1-848d-73152bfabe94): welp
[19:00:17] TheRealColmagi (uuid: c98c1615-0764-41e1-848d-73152bfabe94): WHAT THE HELL
[19:00:43] TheRealColmagi (uuid: c98c1615-0764-41e1-848d-73152bfabe94): why
[19:00:45] TheRealColmagi (uuid: c98c1615-0764-41e1-848d-73152bfabe94): does it refuse to work
[19:10:29] TheRealColmagi (uuid: c98c1615-0764-41e1-848d-73152bfabe94): help
[19:10:34] TheRealColmagi (uuid: c98c1615-0764-41e1-848d-73152bfabe94): I FIXED IT HELL YEAH
[19:10:37] TheRealColmagi (uuid: c98c1615-0764-41e1-848d-73152bfabe94): SUCK DICKS
[19:10:51] TheRealColmagi (uuid: c98c1615-0764-41e1-848d-73152bfabe94): quite lit
[19:11:16] TheRealColmagi (uuid: c98c1615-0764-41e1-848d-73152bfabe94): get int he fucking discord
[19:11:44] TheBlueGamer0 (uuid: 654713d4-034f-41ff-acad-c3b9ced485de): osjdklsakjd
[19:11:46] TheBlueGamer0 (uuid: 654713d4-034f-41ff-acad-c3b9ced485de): k
[19:11:52] TheBlueGamer0 (uuid: 654713d4-034f-41ff-acad-c3b9ced485de): gimme amin rank faggot
[19:11:56] TheBlueGamer0 (uuid: 654713d4-034f-41ff-acad-c3b9ced485de): actually
[19:12:01] TheBlueGamer0 (uuid: 654713d4-034f-41ff-acad-c3b9ced485de): gimme builder rank
[19:12:02] TheRealColmagi (uuid: c98c1615-0764-41e1-848d-73152bfabe94): i havent coded one yet
[19:12:18] TheRealColmagi (uuid: c98c1615-0764-41e1-848d-73152bfabe94): all i have is a sort of beta donator rank, owner, and default
[19:13:46] TheRealColmagi (uuid: c98c1615-0764-41e1-848d-73152bfabe94): stfu
[19:13:56] TheBlueGamer0 (uuid: 654713d4-034f-41ff-acad-c3b9ced485de): heccin normative
[19:14:05] TheRealColmagi (uuid: c98c1615-0764-41e1-848d-73152bfabe94): kek dab
[19:15:53] TheRealColmagi (uuid: c98c1615-0764-41e1-848d-73152bfabe94): btch
[19:15:57] TheRealColmagi (uuid: c98c1615-0764-41e1-848d-73152bfabe94): yo a ho
[20:10:39] TheBlueGamer0 (uuid: 654713d4-034f-41ff-acad-c3b9ced485de): hi
[20:10:41] masteroftheepics (uuid: 4150cd4b-a415-4298-bdc7-c9e330b466cc): Hweeo!
[20:13:34] masteroftheepics (uuid: 4150cd4b-a415-4298-bdc7-c9e330b466cc): BlueGamer?
[20:15:15] TheBlueGamer0 (uuid: 654713d4-034f-41ff-acad-c3b9ced485de): gg
[20:17:07] masteroftheepics (uuid: 4150cd4b-a415-4298-bdc7-c9e330b466cc): Bluegamer?
[20:17:10] TheBlueGamer0 (uuid: 654713d4-034f-41ff-acad-c3b9ced485de): ye
[20:17:27] masteroftheepics (uuid: 4150cd4b-a415-4298-bdc7-c9e330b466cc): are u there?
[20:17:32] TheBlueGamer0 (uuid: 654713d4-034f-41ff-acad-c3b9ced485de): yeah
[20:17:43] masteroftheepics (uuid: 4150cd4b-a415-4298-bdc7-c9e330b466cc): Add a exclamation mark to shout
[20:17:47] TheBlueGamer0 (uuid: 654713d4-034f-41ff-acad-c3b9ced485de): oh
[20:17:53] TheBlueGamer0 (uuid: 654713d4-034f-41ff-acad-c3b9ced485de): yes im here
[20:18:00] masteroftheepics (uuid: 4150cd4b-a415-4298-bdc7-c9e330b466cc): u live at village?
[20:18:17] TheBlueGamer0 (uuid: 654713d4-034f-41ff-acad-c3b9ced485de): I used t, im moving out currently
[20:18:25] masteroftheepics (uuid: 4150cd4b-a415-4298-bdc7-c9e330b466cc): Whats ur name?
[20:18:28] masteroftheepics (uuid: 4150cd4b-a415-4298-bdc7-c9e330b466cc): is it ian?
[20:18:33] TheBlueGamer0 (uuid: 654713d4-034f-41ff-acad-c3b9ced485de): yeah
[20:18:38] masteroftheepics (uuid: 4150cd4b-a415-4298-bdc7-c9e330b466cc): COOL!
[20:18:41] masteroftheepics (uuid: 4150cd4b-a415-4298-bdc7-c9e330b466cc): Mine is Ian too
[20:18:43] TheBlueGamer0 (uuid: 654713d4-034f-41ff-acad-c3b9ced485de): ?
[20:18:49] TheBlueGamer0 (uuid: 654713d4-034f-41ff-acad-c3b9ced485de): oh
[20:18:52] TheBlueGamer0 (uuid: 654713d4-034f-41ff-acad-c3b9ced485de): nice
[20:19:05] masteroftheepics (uuid: 4150cd4b-a415-4298-bdc7-c9e330b466cc): Do u have an enchantment table on top of ur house
[20:19:16] TheBlueGamer0 (uuid: 654713d4-034f-41ff-acad-c3b9ced485de): my old house, yes
[20:19:28] TheBlueGamer0 (uuid: 654713d4-034f-41ff-acad-c3b9ced485de): i left alot of things there
[20:20:41] masteroftheepics (uuid: 4150cd4b-a415-4298-bdc7-c9e330b466cc): ah ok
[20:21:02] masteroftheepics (uuid: 4150cd4b-a415-4298-bdc7-c9e330b466cc): Can I take it? xD
[20:28:39] TheRealColmagi (uuid: c98c1615-0764-41e1-848d-73152bfabe94): oh
[20:28:43] TheRealColmagi (uuid: c98c1615-0764-41e1-848d-73152bfabe94): wow ppl are still on?
[20:28:52] TheBlueGamer0 (uuid: 654713d4-034f-41ff-acad-c3b9ced485de): ye
[20:28:53] masteroftheepics (uuid: 4150cd4b-a415-4298-bdc7-c9e330b466cc): ALLAH
[20:29:04] TheRealColmagi (uuid: c98c1615-0764-41e1-848d-73152bfabe94): tell ur friend i fixed the server
[20:29:16] masteroftheepics (uuid: 4150cd4b-a415-4298-bdc7-c9e330b466cc): K... What was wrong with it
[20:29:19] TheRealColmagi (uuid: c98c1615-0764-41e1-848d-73152bfabe94): oh
[20:29:21] masteroftheepics (uuid: 4150cd4b-a415-4298-bdc7-c9e330b466cc): and also, hes offline
[20:29:22] TheRealColmagi (uuid: c98c1615-0764-41e1-848d-73152bfabe94): i fucked up the plugins
[20:29:27] masteroftheepics (uuid: 4150cd4b-a415-4298-bdc7-c9e330b466cc): hm..
[20:29:32] masteroftheepics (uuid: 4150cd4b-a415-4298-bdc7-c9e330b466cc): wasnt there for that
[20:29:46] masteroftheepics (uuid: 4150cd4b-a415-4298-bdc7-c9e330b466cc): Can I take ur fishing rod? :3
[20:29:55] TheRealColmagi (uuid: c98c1615-0764-41e1-848d-73152bfabe94): who
[20:29:57] TheRealColmagi (uuid: c98c1615-0764-41e1-848d-73152bfabe94): bluegamer?
[20:30:00] masteroftheepics (uuid: 4150cd4b-a415-4298-bdc7-c9e330b466cc): yee
[20:30:00] TheRealColmagi (uuid: c98c1615-0764-41e1-848d-73152bfabe94): or me
[20:30:01] TheBlueGamer0 (uuid: 654713d4-034f-41ff-acad-c3b9ced485de): no
[20:30:03] TheBlueGamer0 (uuid: 654713d4-034f-41ff-acad-c3b9ced485de): no
[20:30:07] masteroftheepics (uuid: 4150cd4b-a415-4298-bdc7-c9e330b466cc): Kk
[20:30:59] masteroftheepics (uuid: 4150cd4b-a415-4298-bdc7-c9e330b466cc): colmagi, do u have apples?
[20:31:05] masteroftheepics (uuid: 4150cd4b-a415-4298-bdc7-c9e330b466cc): I want a horsie!
[20:31:32] masteroftheepics (uuid: 4150cd4b-a415-4298-bdc7-c9e330b466cc): colmagi?
[20:31:37] TheRealColmagi (uuid: c98c1615-0764-41e1-848d-73152bfabe94): idk
[20:31:51] TheRealColmagi (uuid: c98c1615-0764-41e1-848d-73152bfabe94): tame him just by riding on him u dont need apples
[20:31:56] masteroftheepics (uuid: 4150cd4b-a415-4298-bdc7-c9e330b466cc): oh
[20:32:09] masteroftheepics (uuid: 4150cd4b-a415-4298-bdc7-c9e330b466cc): shud i tame a orse or a pig
[20:32:13] TheRealColmagi (uuid: c98c1615-0764-41e1-848d-73152bfabe94): u cant tame horses
[20:32:18] masteroftheepics (uuid: 4150cd4b-a415-4298-bdc7-c9e330b466cc): o
[20:32:28] masteroftheepics (uuid: 4150cd4b-a415-4298-bdc7-c9e330b466cc): do i just.. go find a horse?
[20:33:33] masteroftheepics (uuid: 4150cd4b-a415-4298-bdc7-c9e330b466cc): Oh is it that u need to tame horse on phone
[20:33:39] TheBlueGamer0 (uuid: 654713d4-034f-41ff-acad-c3b9ced485de): ?
[20:33:52] masteroftheepics (uuid: 4150cd4b-a415-4298-bdc7-c9e330b466cc): On minecraft pe
[20:34:09] TheBlueGamer0 (uuid: 654713d4-034f-41ff-acad-c3b9ced485de): i have no idea what you mean
[20:34:17] masteroftheepics (uuid: 4150cd4b-a415-4298-bdc7-c9e330b466cc): Cuz I got minecraft pe using isaiah
[20:34:22] masteroftheepics (uuid: 4150cd4b-a415-4298-bdc7-c9e330b466cc): Talking to colmagi
[20:34:22] TheBlueGamer0 (uuid: 654713d4-034f-41ff-acad-c3b9ced485de): ik that there is a minecraft pe
[20:34:27] TheBlueGamer0 (uuid: 654713d4-034f-41ff-acad-c3b9ced485de): oh
[20:35:04] masteroftheepics (uuid: 4150cd4b-a415-4298-bdc7-c9e330b466cc): When getting a horse, is there a special kind I shud look for
[20:35:08] TheRealColmagi (uuid: c98c1615-0764-41e1-848d-73152bfabe94): doesnt matter
[20:35:19] TheRealColmagi (uuid: c98c1615-0764-41e1-848d-73152bfabe94): pick a horse thats fast or has lots of health
[20:35:31] masteroftheepics (uuid: 4150cd4b-a415-4298-bdc7-c9e330b466cc): Can I take saddles off?
[20:35:46] masteroftheepics (uuid: 4150cd4b-a415-4298-bdc7-c9e330b466cc): Can I take saddles off?
[20:35:50] TheRealColmagi (uuid: c98c1615-0764-41e1-848d-73152bfabe94): i got saddles
[20:36:12] TheRealColmagi (uuid: c98c1615-0764-41e1-848d-73152bfabe94): where u at
[20:36:32] masteroftheepics (uuid: 4150cd4b-a415-4298-bdc7-c9e330b466cc): Walk opposite direction of treehouse
[20:36:47] masteroftheepics (uuid: 4150cd4b-a415-4298-bdc7-c9e330b466cc): He isnt lettin me mount
[20:36:54] TheRealColmagi (uuid: c98c1615-0764-41e1-848d-73152bfabe94): use empty hand
[20:36:55] TheRealColmagi (uuid: c98c1615-0764-41e1-848d-73152bfabe94): idiot
[20:39:43] TheRealColmagi (uuid: c98c1615-0764-41e1-848d-73152bfabe94): LOL
[20:39:45] TheRealColmagi (uuid: c98c1615-0764-41e1-848d-73152bfabe94): TRASH
[20:39:51] TheBlueGamer0 (uuid: 654713d4-034f-41ff-acad-c3b9ced485de): lol u succ
[20:40:04] TheRealColmagi (uuid: c98c1615-0764-41e1-848d-73152bfabe94): wheres ur shit
[20:40:07] masteroftheepics (uuid: 4150cd4b-a415-4298-bdc7-c9e330b466cc): He chased me to the outside of the village
[20:40:17] masteroftheepics (uuid: 4150cd4b-a415-4298-bdc7-c9e330b466cc): WHY IS THERE A VILLAGER IN MY HOUSE
[20:40:32] TheRealColmagi (uuid: c98c1615-0764-41e1-848d-73152bfabe94): you couldnt kill a zombie
[20:40:34] TheRealColmagi (uuid: c98c1615-0764-41e1-848d-73152bfabe94): BAD
[20:40:46] masteroftheepics (uuid: 4150cd4b-a415-4298-bdc7-c9e330b466cc): Baby ZOmbie
[20:40:53] TheBlueGamer0 (uuid: 654713d4-034f-41ff-acad-c3b9ced485de): hahaha
[20:40:54] TheRealColmagi (uuid: c98c1615-0764-41e1-848d-73152bfabe94): EVEN WORSE
[20:40:59] TheRealColmagi (uuid: c98c1615-0764-41e1-848d-73152bfabe94): CANT EVEN KILL A BABY
[20:41:14] TheBlueGamer0 (uuid: 654713d4-034f-41ff-acad-c3b9ced485de): i kill babys all the time
[20:41:14] masteroftheepics (uuid: 4150cd4b-a415-4298-bdc7-c9e330b466cc): Well u have enchanted fking swords
[20:41:22] TheBlueGamer0 (uuid: 654713d4-034f-41ff-acad-c3b9ced485de): im atheist
[20:41:28] masteroftheepics (uuid: 4150cd4b-a415-4298-bdc7-c9e330b466cc): Same
[20:41:46] masteroftheepics (uuid: 4150cd4b-a415-4298-bdc7-c9e330b466cc): I had half a health left
[20:41:52] masteroftheepics (uuid: 4150cd4b-a415-4298-bdc7-c9e330b466cc): and this baby runs after me
[20:42:10] masteroftheepics (uuid: 4150cd4b-a415-4298-bdc7-c9e330b466cc): Sleep?
[20:42:15] masteroftheepics (uuid: 4150cd4b-a415-4298-bdc7-c9e330b466cc): Sleep?
[20:42:35] masteroftheepics (uuid: 4150cd4b-a415-4298-bdc7-c9e330b466cc): GETTIN BED!
[20:42:39] TheRealColmagi (uuid: c98c1615-0764-41e1-848d-73152bfabe94): no
[20:47:51] masteroftheepics (uuid: 4150cd4b-a415-4298-bdc7-c9e330b466cc): How do u find the horse's speed
[20:58:01] masteroftheepics (uuid: 4150cd4b-a415-4298-bdc7-c9e330b466cc): a
[20:59:05] masteroftheepics (uuid: 4150cd4b-a415-4298-bdc7-c9e330b466cc): How Do iappy a nametag
[20:59:28] TheBlueGamer0 (uuid: 654713d4-034f-41ff-acad-c3b9ced485de): you need to rename it first
[20:59:37] masteroftheepics (uuid: 4150cd4b-a415-4298-bdc7-c9e330b466cc): Rename the nametag?
[20:59:48] masteroftheepics (uuid: 4150cd4b-a415-4298-bdc7-c9e330b466cc): Rename the nametag?
[20:59:49] TheBlueGamer0 (uuid: 654713d4-034f-41ff-acad-c3b9ced485de): then you right-click on whatever you want to name
[20:59:54] TheBlueGamer0 (uuid: 654713d4-034f-41ff-acad-c3b9ced485de): yeah
[20:59:59] TheBlueGamer0 (uuid: 654713d4-034f-41ff-acad-c3b9ced485de): in an anvil
[21:00:04] masteroftheepics (uuid: 4150cd4b-a415-4298-bdc7-c9e330b466cc): K thnx
[21:00:08] TheBlueGamer0 (uuid: 654713d4-034f-41ff-acad-c3b9ced485de): np
[21:05:13] TheBlueGamer0 (uuid: 654713d4-034f-41ff-acad-c3b9ced485de): that sore is edgy
[21:05:17] TheBlueGamer0 (uuid: 654713d4-034f-41ff-acad-c3b9ced485de): store
[21:05:20] masteroftheepics (uuid: 4150cd4b-a415-4298-bdc7-c9e330b466cc): ?
[21:08:19] TheRealColmagi (uuid: c98c1615-0764-41e1-848d-73152bfabe94): omg u guys are still here
[21:09:19] masteroftheepics (uuid: 4150cd4b-a415-4298-bdc7-c9e330b466cc): I kelled a baby
[21:14:01] masteroftheepics (uuid: 4150cd4b-a415-4298-bdc7-c9e330b466cc): wha
[21:14:08] TheBlueGamer0 (uuid: 654713d4-034f-41ff-acad-c3b9ced485de): yeah
[21:14:11] TheBlueGamer0 (uuid: 654713d4-034f-41ff-acad-c3b9ced485de): so what
[21:14:29] masteroftheepics (uuid: 4150cd4b-a415-4298-bdc7-c9e330b466cc): Colmagi?
[21:14:34] masteroftheepics (uuid: 4150cd4b-a415-4298-bdc7-c9e330b466cc): Rip
[21:18:10] TheBlueGamer0 (uuid: 654713d4-034f-41ff-acad-c3b9ced485de): ty
[21:18:15] masteroftheepics (uuid: 4150cd4b-a415-4298-bdc7-c9e330b466cc): mbm
[21:18:26] masteroftheepics (uuid: 4150cd4b-a415-4298-bdc7-c9e330b466cc): 0_0
[21:19:04] TheBlueGamer0 (uuid: 654713d4-034f-41ff-acad-c3b9ced485de): i need my silk pic
[21:19:08] TheBlueGamer0 (uuid: 654713d4-034f-41ff-acad-c3b9ced485de): pick
[21:19:09] masteroftheepics (uuid: 4150cd4b-a415-4298-bdc7-c9e330b466cc): silk?
[21:19:12] TheBlueGamer0 (uuid: 654713d4-034f-41ff-acad-c3b9ced485de): yeah
[21:19:20] masteroftheepics (uuid: 4150cd4b-a415-4298-bdc7-c9e330b466cc): wots dat
[21:19:53] TheBlueGamer0 (uuid: 654713d4-034f-41ff-acad-c3b9ced485de): when you break something like stone, it stays stone, and same as grass, and things that change when you break them
[21:19:58] masteroftheepics (uuid: 4150cd4b-a415-4298-bdc7-c9e330b466cc): ah
[21:20:02] masteroftheepics (uuid: 4150cd4b-a415-4298-bdc7-c9e330b466cc): I dont have it
[22:02:44] TheRealColmagi (uuid: c98c1615-0764-41e1-848d-73152bfabe94): ur still on?
[22:02:48] masteroftheepics (uuid: 4150cd4b-a415-4298-bdc7-c9e330b466cc): Yee
[22:02:58] masteroftheepics (uuid: 4150cd4b-a415-4298-bdc7-c9e330b466cc): yee
[22:03:01] masteroftheepics (uuid: 4150cd4b-a415-4298-bdc7-c9e330b466cc): yeeee
[22:03:20] masteroftheepics (uuid: 4150cd4b-a415-4298-bdc7-c9e330b466cc): Can i not have a roof
[22:03:44] masteroftheepics (uuid: 4150cd4b-a415-4298-bdc7-c9e330b466cc): look at my roof
[22:04:18] masteroftheepics (uuid: 4150cd4b-a415-4298-bdc7-c9e330b466cc): WHAT THE FUCK TREE?
[22:04:23] masteroftheepics (uuid: 4150cd4b-a415-4298-bdc7-c9e330b466cc): It grew in me
[22:04:24] TheRealColmagi (uuid: c98c1615-0764-41e1-848d-73152bfabe94): LOL
[22:04:28] TheRealColmagi (uuid: c98c1615-0764-41e1-848d-73152bfabe94): THATS WHAT SHE SAID
[22:05:01] TheRealColmagi (uuid: c98c1615-0764-41e1-848d-73152bfabe94): ian what do u even do
[22:05:04] masteroftheepics (uuid: 4150cd4b-a415-4298-bdc7-c9e330b466cc): idk
[22:05:13] TheRealColmagi (uuid: c98c1615-0764-41e1-848d-73152bfabe94): do u want elite rank like bluegamer
[22:05:45] masteroftheepics (uuid: 4150cd4b-a415-4298-bdc7-c9e330b466cc): Yea
[22:05:48] masteroftheepics (uuid: 4150cd4b-a415-4298-bdc7-c9e330b466cc): But i gtg
[22:05:51] masteroftheepics (uuid: 4150cd4b-a415-4298-bdc7-c9e330b466cc): soon
[22:06:04] masteroftheepics (uuid: 4150cd4b-a415-4298-bdc7-c9e330b466cc): wa
[22:06:24] masteroftheepics (uuid: 4150cd4b-a415-4298-bdc7-c9e330b466cc): wa
[22:07:05] masteroftheepics (uuid: 4150cd4b-a415-4298-bdc7-c9e330b466cc): Doood
[22:07:07] TheRealColmagi (uuid: c98c1615-0764-41e1-848d-73152bfabe94): boo
[22:07:49] masteroftheepics (uuid: 4150cd4b-a415-4298-bdc7-c9e330b466cc): Bread
[22:08:04] TheRealColmagi (uuid: c98c1615-0764-41e1-848d-73152bfabe94): THAT WAS JENNIFER
[22:08:06] TheRealColmagi (uuid: c98c1615-0764-41e1-848d-73152bfabe94): SHES ON MY COMPUTER
[22:08:07] TheRealColmagi (uuid: c98c1615-0764-41e1-848d-73152bfabe94): RUN
[22:08:09] masteroftheepics (uuid: 4150cd4b-a415-4298-bdc7-c9e330b466cc): ?
[22:08:10] TheRealColmagi (uuid: c98c1615-0764-41e1-848d-73152bfabe94): WHILE YOU STILL CAN
[22:08:11] TheRealColmagi (uuid: c98c1615-0764-41e1-848d-73152bfabe94): RUN
[22:08:16] masteroftheepics (uuid: 4150cd4b-a415-4298-bdc7-c9e330b466cc): Whaddafak
[22:08:16] TheRealColmagi (uuid: c98c1615-0764-41e1-848d-73152bfabe94): SHE HAS CONTROL OF THE MOUSE
[22:08:19] TheRealColmagi (uuid: c98c1615-0764-41e1-848d-73152bfabe94): GEKO]A
[22:08:21] TheRealColmagi (uuid: c98c1615-0764-41e1-848d-73152bfabe94): STOP
[22:08:23] TheRealColmagi (uuid: c98c1615-0764-41e1-848d-73152bfabe94): RUN
[22:08:26] TheRealColmagi (uuid: c98c1615-0764-41e1-848d-73152bfabe94): RUN FAR AWAY
[22:08:48] masteroftheepics (uuid: 4150cd4b-a415-4298-bdc7-c9e330b466cc): Den how r u chatting
[22:08:51] masteroftheepics (uuid: 4150cd4b-a415-4298-bdc7-c9e330b466cc): and jennifer?
[22:08:54] masteroftheepics (uuid: 4150cd4b-a415-4298-bdc7-c9e330b466cc): Wtf
[22:09:05] masteroftheepics (uuid: 4150cd4b-a415-4298-bdc7-c9e330b466cc): oh
[22:09:09] masteroftheepics (uuid: 4150cd4b-a415-4298-bdc7-c9e330b466cc): gay niggers
[22:09:26] masteroftheepics (uuid: 4150cd4b-a415-4298-bdc7-c9e330b466cc): dammit i made it rain in bad's house
[22:09:52] masteroftheepics (uuid: 4150cd4b-a415-4298-bdc7-c9e330b466cc): well kek dab
[22:09:56] masteroftheepics (uuid: 4150cd4b-a415-4298-bdc7-c9e330b466cc): fack u
[22:09:57] masteroftheepics (uuid: 4150cd4b-a415-4298-bdc7-c9e330b466cc): bye
[22:09:59] masteroftheepics (uuid: 4150cd4b-a415-4298-bdc7-c9e330b466cc): ima sleep
[22:10:10] masteroftheepics (uuid: 4150cd4b-a415-4298-bdc7-c9e330b466cc): Stay with allah.
[22:23:25] TheRealColmagi (uuid: c98c1615-0764-41e1-848d-73152bfabe94): fak
[22:26:06] TheRealColmagi (uuid: c98c1615-0764-41e1-848d-73152bfabe94): fak
[22:26:08] TheRealColmagi (uuid: c98c1615-0764-41e1-848d-73152bfabe94): again
[22:26:47] TheRealColmagi (uuid: c98c1615-0764-41e1-848d-73152bfabe94): same
[22:51:22] TheRealColmagi (uuid: c98c1615-0764-41e1-848d-73152bfabe94): same
[23:40:18] TheRealColmagi (uuid: c98c1615-0764-41e1-848d-73152bfabe94): ay
[23:40:20] TheRealColmagi (uuid: c98c1615-0764-41e1-848d-73152bfabe94): SUH
[23:40:31] TheRealColmagi (uuid: c98c1615-0764-41e1-848d-73152bfabe94): kek
[23:40:38] TheRealColmagi (uuid: c98c1615-0764-41e1-848d-73152bfabe94): yay
[23:40:47] TheRealColmagi (uuid: c98c1615-0764-41e1-848d-73152bfabe94): oh no
[23:41:04] TheRealColmagi (uuid: c98c1615-0764-41e1-848d-73152bfabe94): dab
[23:41:12] TheRealColmagi (uuid: c98c1615-0764-41e1-848d-73152bfabe94): ya
[23:41:21] TheRealColmagi (uuid: c98c1615-0764-41e1-848d-73152bfabe94): same
[23:41:42] TheRealColmagi (uuid: c98c1615-0764-41e1-848d-73152bfabe94): yah
[23:41:49] TheRealColmagi (uuid: c98c1615-0764-41e1-848d-73152bfabe94): lol
[23:41:59] TheRealColmagi (uuid: c98c1615-0764-41e1-848d-73152bfabe94): :(
[23:45:20] TheRealColmagi (uuid: c98c1615-0764-41e1-848d-73152bfabe94): kek
[23:56:34] TheRealColmagi (uuid: c98c1615-0764-41e1-848d-73152bfabe94): §8gay
[23:57:52] TheRealColmagi (uuid: c98c1615-0764-41e1-848d-73152bfabe94): bottom kek
