[11:20:44] iiBethanyii (uuid: 017ec225-2727-4d08-b15d-c5d9f307a55c): Connected using PickaxeChat for Android
[13:19:24] Paul_Resmer (uuid: 7718f2d7-90cf-49d6-a1d9-8cf4d236ba82): wtf are u doing lol
[17:42:16] TheRealColmagi (uuid: c98c1615-0764-41e1-848d-73152bfabe94): just saying
[17:42:21] TheRealColmagi (uuid: c98c1615-0764-41e1-848d-73152bfabe94): u should turn it off now
[17:42:22] TheRealColmagi (uuid: c98c1615-0764-41e1-848d-73152bfabe94): cuz
[17:42:26] TheRealColmagi (uuid: c98c1615-0764-41e1-848d-73152bfabe94): if it detects u too many times u get banned
[17:42:45] TheRealColmagi (uuid: c98c1615-0764-41e1-848d-73152bfabe94): so yeah
[17:59:16] TheRealColmagi (uuid: c98c1615-0764-41e1-848d-73152bfabe94): wait jesus
[17:59:16] JohnProdman (uuid: 4150cd4b-a415-4298-bdc7-c9e330b466cc): See what happened
[17:59:24] JohnProdman (uuid: 4150cd4b-a415-4298-bdc7-c9e330b466cc): U moved
[17:59:25] JohnProdman (uuid: 4150cd4b-a415-4298-bdc7-c9e330b466cc): it crashed
[17:59:27] JohnProdman (uuid: 4150cd4b-a415-4298-bdc7-c9e330b466cc): jk
[17:59:28] bryantandpat (uuid: 7961a874-c35f-4f34-a0d1-37205c235291):  wait wtf
[17:59:30] TheRealColmagi (uuid: c98c1615-0764-41e1-848d-73152bfabe94): mhm
[18:00:00] JohnProdman (uuid: 4150cd4b-a415-4298-bdc7-c9e330b466cc): Lmao
[18:00:04] JohnProdman (uuid: 4150cd4b-a415-4298-bdc7-c9e330b466cc): its ur fault mathew
[18:00:07] bryantandpat (uuid: 7961a874-c35f-4f34-a0d1-37205c235291):  mhm
[18:00:10] JohnProdman (uuid: 4150cd4b-a415-4298-bdc7-c9e330b466cc): "let me see what happens if i move"
[18:00:12] JohnProdman (uuid: 4150cd4b-a415-4298-bdc7-c9e330b466cc): server crashes
[18:00:13] TheRealColmagi (uuid: c98c1615-0764-41e1-848d-73152bfabe94): here goes nothing
[18:00:17] TheRealColmagi (uuid: c98c1615-0764-41e1-848d-73152bfabe94): hope this damn thing works
[18:00:18] bryantandpat (uuid: 7961a874-c35f-4f34-a0d1-37205c235291):  bruh alex is flying
[18:00:23] bryantandpat (uuid: 7961a874-c35f-4f34-a0d1-37205c235291):  anticheat doesnt even work
[18:00:25] TheRealColmagi (uuid: c98c1615-0764-41e1-848d-73152bfabe94): yeah cuz this server doesnt have anticheat
[18:00:30] TheRealColmagi (uuid: c98c1615-0764-41e1-848d-73152bfabe94): the survival one does
[18:00:40] JohnProdman (uuid: 4150cd4b-a415-4298-bdc7-c9e330b466cc): This placei snt protected
[18:00:43] TheRealColmagi (uuid: c98c1615-0764-41e1-848d-73152bfabe94): ye
[18:13:16] JohnProdman (uuid: 4150cd4b-a415-4298-bdc7-c9e330b466cc): REE!REE
[18:13:16] JohnProdman (uuid: 4150cd4b-a415-4298-bdc7-c9e330b466cc): REE!REE
[18:13:17] JohnProdman (uuid: 4150cd4b-a415-4298-bdc7-c9e330b466cc): REE!REE
[18:13:17] JohnProdman (uuid: 4150cd4b-a415-4298-bdc7-c9e330b466cc): REE!REE
[18:13:17] JohnProdman (uuid: 4150cd4b-a415-4298-bdc7-c9e330b466cc): REE!REE
[18:13:21] bryantandpat (uuid: 7961a874-c35f-4f34-a0d1-37205c235291):  wtf
[18:13:27] JohnProdman (uuid: 4150cd4b-a415-4298-bdc7-c9e330b466cc): REE test spam
[18:13:27] JohnProdman (uuid: 4150cd4b-a415-4298-bdc7-c9e330b466cc): REE test spam
[18:13:27] JohnProdman (uuid: 4150cd4b-a415-4298-bdc7-c9e330b466cc): REE test spam
[18:13:27] JohnProdman (uuid: 4150cd4b-a415-4298-bdc7-c9e330b466cc): REE test spam
[18:13:27] JohnProdman (uuid: 4150cd4b-a415-4298-bdc7-c9e330b466cc): REE test spam
[18:13:27] JohnProdman (uuid: 4150cd4b-a415-4298-bdc7-c9e330b466cc): REE test spam
[18:13:27] JohnProdman (uuid: 4150cd4b-a415-4298-bdc7-c9e330b466cc): REE test spam
[18:13:27] JohnProdman (uuid: 4150cd4b-a415-4298-bdc7-c9e330b466cc): REE test spam
[18:13:27] JohnProdman (uuid: 4150cd4b-a415-4298-bdc7-c9e330b466cc): REE test spam
[18:13:27] JohnProdman (uuid: 4150cd4b-a415-4298-bdc7-c9e330b466cc): REE test spam
[18:13:27] JohnProdman (uuid: 4150cd4b-a415-4298-bdc7-c9e330b466cc): REE test spam
[18:13:27] JohnProdman (uuid: 4150cd4b-a415-4298-bdc7-c9e330b466cc): REE test spam
[18:13:31] JohnProdman (uuid: 4150cd4b-a415-4298-bdc7-c9e330b466cc): lol
[18:13:41] bryantandpat (uuid: 7961a874-c35f-4f34-a0d1-37205c235291): wheres gaymes
[18:13:51] TheRealColmagi (uuid: c98c1615-0764-41e1-848d-73152bfabe94): guess ill just get nocheat+
[18:14:07] TheRealColmagi (uuid: c98c1615-0764-41e1-848d-73152bfabe94): wtf is he doin
[18:14:56] JohnProdman (uuid: 4150cd4b-a415-4298-bdc7-c9e330b466cc): JOIN CHEM CLUB
[18:14:59] JohnProdman (uuid: 4150cd4b-a415-4298-bdc7-c9e330b466cc): CHEM CLUB GUYS
[18:15:01] ben_shapiro2020 (uuid: 893a6ed2-6228-4554-a52c-fbaed0f96c6e): mhm
