[15:59:05] masteroftheepics (uuid: 4150cd4b-a415-4298-bdc7-c9e330b466cc): hwhy
[16:02:40] masteroftheepics (uuid: 4150cd4b-a415-4298-bdc7-c9e330b466cc): hai
[16:02:44] watermelonman53 (uuid: 26666a91-29a2-487f-bda5-16d4919282a0): hi
[16:03:45] masteroftheepics (uuid: 4150cd4b-a415-4298-bdc7-c9e330b466cc): Sleep
[16:03:53] watermelonman53 (uuid: 26666a91-29a2-487f-bda5-16d4919282a0): k
[16:04:01] masteroftheepics (uuid: 4150cd4b-a415-4298-bdc7-c9e330b466cc): *Snore*
[16:04:55] watermelonman53 (uuid: 26666a91-29a2-487f-bda5-16d4919282a0): haha your here
[16:12:37] watermelonman53 (uuid: 26666a91-29a2-487f-bda5-16d4919282a0): WHO THE HELL ATE MY CAKE ON MY BED
[16:19:01] masteroftheepics (uuid: 4150cd4b-a415-4298-bdc7-c9e330b466cc): r u in bed
[16:19:15] masteroftheepics (uuid: 4150cd4b-a415-4298-bdc7-c9e330b466cc): Thnx
[16:36:30] masteroftheepics (uuid: 4150cd4b-a415-4298-bdc7-c9e330b466cc): Wat are the warps?
[16:46:39] watermelonman53 (uuid: 26666a91-29a2-487f-bda5-16d4919282a0): who owns all of the hourses
[16:46:45] masteroftheepics (uuid: 4150cd4b-a415-4298-bdc7-c9e330b466cc): I own fuzzy
[16:47:10] watermelonman53 (uuid: 26666a91-29a2-487f-bda5-16d4919282a0): do you want to trade something good
[16:47:22] masteroftheepics (uuid: 4150cd4b-a415-4298-bdc7-c9e330b466cc): For my horse?
[16:47:41] masteroftheepics (uuid: 4150cd4b-a415-4298-bdc7-c9e330b466cc): or anything in particular
[16:48:07] masteroftheepics (uuid: 4150cd4b-a415-4298-bdc7-c9e330b466cc): :3
[16:48:12] masteroftheepics (uuid: 4150cd4b-a415-4298-bdc7-c9e330b466cc): I dont have anything
[16:48:12] watermelonman53 (uuid: 26666a91-29a2-487f-bda5-16d4919282a0): you can have that for a cake
[16:48:33] masteroftheepics (uuid: 4150cd4b-a415-4298-bdc7-c9e330b466cc): uhhhh how do u make calke
[16:48:35] masteroftheepics (uuid: 4150cd4b-a415-4298-bdc7-c9e330b466cc): cake
[16:48:43] watermelonman53 (uuid: 26666a91-29a2-487f-bda5-16d4919282a0): look it up
[16:50:07] masteroftheepics (uuid: 4150cd4b-a415-4298-bdc7-c9e330b466cc): Sleep plez
[16:50:58] watermelonman53 (uuid: 26666a91-29a2-487f-bda5-16d4919282a0): do you need iron
[16:51:02] masteroftheepics (uuid: 4150cd4b-a415-4298-bdc7-c9e330b466cc): Nope
[16:51:29] watermelonman53 (uuid: 26666a91-29a2-487f-bda5-16d4919282a0): oh haaaayyyyy
[16:51:29] Mrmapl3syrup (uuid: b3f11e18-ff16-45fe-85b7-bb69e73fb17c): nig
[16:51:45] masteroftheepics (uuid: 4150cd4b-a415-4298-bdc7-c9e330b466cc): Did he make the mob's healths lower?
[16:51:50] Mrmapl3syrup (uuid: b3f11e18-ff16-45fe-85b7-bb69e73fb17c): Join the discord
[16:53:22] masteroftheepics (uuid: 4150cd4b-a415-4298-bdc7-c9e330b466cc): How many cakes for the armor
[16:53:27] watermelonman53 (uuid: 26666a91-29a2-487f-bda5-16d4919282a0): 2
[16:58:49] masteroftheepics (uuid: 4150cd4b-a415-4298-bdc7-c9e330b466cc): wait
[16:58:54] masteroftheepics (uuid: 4150cd4b-a415-4298-bdc7-c9e330b466cc): i need the lag to leave
[16:59:02] watermelonman53 (uuid: 26666a91-29a2-487f-bda5-16d4919282a0): k
[16:59:12] masteroftheepics (uuid: 4150cd4b-a415-4298-bdc7-c9e330b466cc): So laggggy
[16:59:29] masteroftheepics (uuid: 4150cd4b-a415-4298-bdc7-c9e330b466cc): there
[16:59:43] watermelonman53 (uuid: 26666a91-29a2-487f-bda5-16d4919282a0): great
[16:59:59] watermelonman53 (uuid: 26666a91-29a2-487f-bda5-16d4919282a0): the armor is on the hourse
[17:00:03] masteroftheepics (uuid: 4150cd4b-a415-4298-bdc7-c9e330b466cc): k thn
[17:00:07] Mrmapl3syrup (uuid: b3f11e18-ff16-45fe-85b7-bb69e73fb17c): horse
[17:00:23] Mrmapl3syrup (uuid: b3f11e18-ff16-45fe-85b7-bb69e73fb17c): horse
[17:01:44] Mrmapl3syrup (uuid: b3f11e18-ff16-45fe-85b7-bb69e73fb17c): sleep
[17:01:45] masteroftheepics (uuid: 4150cd4b-a415-4298-bdc7-c9e330b466cc): Sweep
[17:11:22] masteroftheepics (uuid: 4150cd4b-a415-4298-bdc7-c9e330b466cc): Im selling horses
[17:11:55] masteroftheepics (uuid: 4150cd4b-a415-4298-bdc7-c9e330b466cc): 13 Hearts
[17:12:04] masteroftheepics (uuid: 4150cd4b-a415-4298-bdc7-c9e330b466cc): White horse
[17:15:08] Mrmapl3syrup (uuid: b3f11e18-ff16-45fe-85b7-bb69e73fb17c): sweet
[17:15:30] Mrmapl3syrup (uuid: b3f11e18-ff16-45fe-85b7-bb69e73fb17c): I had already found diamonds its just I didnt have the required stuff xd
[17:15:31] masteroftheepics (uuid: 4150cd4b-a415-4298-bdc7-c9e330b466cc): Who has a name tag
[17:15:48] watermelonman53 (uuid: 26666a91-29a2-487f-bda5-16d4919282a0): i has a name tag
[17:15:57] masteroftheepics (uuid: 4150cd4b-a415-4298-bdc7-c9e330b466cc): Can i buy for uh
[17:16:03] masteroftheepics (uuid: 4150cd4b-a415-4298-bdc7-c9e330b466cc): wheat
[17:16:28] watermelonman53 (uuid: 26666a91-29a2-487f-bda5-16d4919282a0): try harder tags are hgard to find
[17:16:36] masteroftheepics (uuid: 4150cd4b-a415-4298-bdc7-c9e330b466cc): hm?
[17:16:39] masteroftheepics (uuid: 4150cd4b-a415-4298-bdc7-c9e330b466cc): Whats that
[17:16:42] Mrmapl3syrup (uuid: b3f11e18-ff16-45fe-85b7-bb69e73fb17c): Up your price
[17:16:42] masteroftheepics (uuid: 4150cd4b-a415-4298-bdc7-c9e330b466cc): hard tag
[17:16:56] masteroftheepics (uuid: 4150cd4b-a415-4298-bdc7-c9e330b466cc): oh
[17:16:58] masteroftheepics (uuid: 4150cd4b-a415-4298-bdc7-c9e330b466cc): Well
[17:17:02] masteroftheepics (uuid: 4150cd4b-a415-4298-bdc7-c9e330b466cc): ill try later
[17:17:04] masteroftheepics (uuid: 4150cd4b-a415-4298-bdc7-c9e330b466cc): I have to go
[17:17:13] masteroftheepics (uuid: 4150cd4b-a415-4298-bdc7-c9e330b466cc): bye
[17:17:23] masteroftheepics (uuid: 4150cd4b-a415-4298-bdc7-c9e330b466cc): Btw the white horse that is unnamed is also mine
[17:26:46] watermelonman53 (uuid: 26666a91-29a2-487f-bda5-16d4919282a0): hey i will take 16 iron for one name tag
[17:26:54] watermelonman53 (uuid: 26666a91-29a2-487f-bda5-16d4919282a0): rip
[17:54:05] Mrmapl3syrup (uuid: b3f11e18-ff16-45fe-85b7-bb69e73fb17c): t
[18:53:13] Mrmapl3syrup (uuid: b3f11e18-ff16-45fe-85b7-bb69e73fb17c): W A I T I N G
[19:21:39] badmaner (uuid: d0393654-9897-4501-8417-24c9eb6a9333): ...
[19:21:43] Mrmapl3syrup (uuid: b3f11e18-ff16-45fe-85b7-bb69e73fb17c): hi
[19:21:48] badmaner (uuid: d0393654-9897-4501-8417-24c9eb6a9333): Hi..?
[19:22:03] badmaner (uuid: d0393654-9897-4501-8417-24c9eb6a9333): ok... you just fly away then...
[19:22:08] Mrmapl3syrup (uuid: b3f11e18-ff16-45fe-85b7-bb69e73fb17c): o lol
[19:22:13] Mrmapl3syrup (uuid: b3f11e18-ff16-45fe-85b7-bb69e73fb17c): I didnt see u xd
[19:22:36] badmaner (uuid: d0393654-9897-4501-8417-24c9eb6a9333): WHO TOOK MY SHOVEL
[19:22:40] Mrmapl3syrup (uuid: b3f11e18-ff16-45fe-85b7-bb69e73fb17c): idk
[19:22:43] badmaner (uuid: d0393654-9897-4501-8417-24c9eb6a9333): WTF
[19:22:48] badmaner (uuid: d0393654-9897-4501-8417-24c9eb6a9333): WHO STEALS A WOODEN SHOVEL
[19:22:52] Mrmapl3syrup (uuid: b3f11e18-ff16-45fe-85b7-bb69e73fb17c): idfk
[19:22:58] badmaner (uuid: d0393654-9897-4501-8417-24c9eb6a9333): Ugh, brb
[19:23:15] Mrmapl3syrup (uuid: b3f11e18-ff16-45fe-85b7-bb69e73fb17c): sleep pls
[19:30:57] badmaner (uuid: d0393654-9897-4501-8417-24c9eb6a9333): Nuggy..?
[19:33:33] badmaner (uuid: d0393654-9897-4501-8417-24c9eb6a9333): Whats a Nuggy
[19:33:38] Mrmapl3syrup (uuid: b3f11e18-ff16-45fe-85b7-bb69e73fb17c): ?
[19:33:43] Mrmapl3syrup (uuid: b3f11e18-ff16-45fe-85b7-bb69e73fb17c): Wtf is a nuggy xd
[19:33:45] badmaner (uuid: d0393654-9897-4501-8417-24c9eb6a9333): Is that like a furry, but with nuggets?
[19:34:05] Mrmapl3syrup (uuid: b3f11e18-ff16-45fe-85b7-bb69e73fb17c): fine...
[19:34:09] Mrmapl3syrup (uuid: b3f11e18-ff16-45fe-85b7-bb69e73fb17c): I will show you nuggy
[19:34:13] badmaner (uuid: d0393654-9897-4501-8417-24c9eb6a9333): Ok..?
[19:34:29] watermelonman53 (uuid: 26666a91-29a2-487f-bda5-16d4919282a0): badmaner we bistow apon you nuggy
[19:34:31] Mrmapl3syrup (uuid: b3f11e18-ff16-45fe-85b7-bb69e73fb17c): tpa to me
[19:34:44] watermelonman53 (uuid: 26666a91-29a2-487f-bda5-16d4919282a0): dont touch
[19:34:45] Mrmapl3syrup (uuid: b3f11e18-ff16-45fe-85b7-bb69e73fb17c): THAT
[19:34:48] Mrmapl3syrup (uuid: b3f11e18-ff16-45fe-85b7-bb69e73fb17c): IS NUGGY
[19:34:50] Mrmapl3syrup (uuid: b3f11e18-ff16-45fe-85b7-bb69e73fb17c): OUR LORD
[19:35:02] badmaner (uuid: d0393654-9897-4501-8417-24c9eb6a9333): What's with the chest..?
[19:35:03] Mrmapl3syrup (uuid: b3f11e18-ff16-45fe-85b7-bb69e73fb17c): No touching
[19:35:09] Mrmapl3syrup (uuid: b3f11e18-ff16-45fe-85b7-bb69e73fb17c): Those are his offerings
[19:35:13] Mrmapl3syrup (uuid: b3f11e18-ff16-45fe-85b7-bb69e73fb17c): and also Josh c:
[19:35:16] badmaner (uuid: d0393654-9897-4501-8417-24c9eb6a9333): Oh. ok..?
[19:35:29] Mrmapl3syrup (uuid: b3f11e18-ff16-45fe-85b7-bb69e73fb17c): now get out xd
[19:35:34] badmaner (uuid: d0393654-9897-4501-8417-24c9eb6a9333): You don't need to shout when you talk... I'm right here...
[19:35:38] Mrmapl3syrup (uuid: b3f11e18-ff16-45fe-85b7-bb69e73fb17c): I know
[19:39:16] Mrmapl3syrup (uuid: b3f11e18-ff16-45fe-85b7-bb69e73fb17c): Their are two diamonds in the community chests if you want them
[19:44:17] badmaner (uuid: d0393654-9897-4501-8417-24c9eb6a9333): Wowowowo
[19:44:21] Mrmapl3syrup (uuid: b3f11e18-ff16-45fe-85b7-bb69e73fb17c): ?
[19:44:28] badmaner (uuid: d0393654-9897-4501-8417-24c9eb6a9333): You heard me
[19:44:32] badmaner (uuid: d0393654-9897-4501-8417-24c9eb6a9333): Wowowowowo
[19:44:39] Mrmapl3syrup (uuid: b3f11e18-ff16-45fe-85b7-bb69e73fb17c): What about wowowowowo
[19:51:07] badmaner (uuid: d0393654-9897-4501-8417-24c9eb6a9333): WTF
[19:51:09] badmaner (uuid: d0393654-9897-4501-8417-24c9eb6a9333): STOP
[19:51:14] watermelonman53 (uuid: 26666a91-29a2-487f-bda5-16d4919282a0): hooker4
[19:51:45] badmaner (uuid: d0393654-9897-4501-8417-24c9eb6a9333): There are reasons I dont play multiplayer anymore
[19:51:55] Mrmapl3syrup (uuid: b3f11e18-ff16-45fe-85b7-bb69e73fb17c): xd
[19:52:45] badmaner (uuid: d0393654-9897-4501-8417-24c9eb6a9333): Im gonna go play Rimworld until Fuzzy gets on
[19:52:52] Mrmapl3syrup (uuid: b3f11e18-ff16-45fe-85b7-bb69e73fb17c): Alrighty cya
[19:53:02] badmaner (uuid: d0393654-9897-4501-8417-24c9eb6a9333): If you find a wooden shovel, please return in
[19:53:04] badmaner (uuid: d0393654-9897-4501-8417-24c9eb6a9333): *it
[20:42:44] TheRealColmagi (uuid: c98c1615-0764-41e1-848d-73152bfabe94): WHERES EVERYONE
[20:42:52] TheRealColmagi (uuid: c98c1615-0764-41e1-848d-73152bfabe94): fking niggers
[20:43:07] TheRealColmagi (uuid: c98c1615-0764-41e1-848d-73152bfabe94): hello
[20:43:18] TheRealColmagi (uuid: c98c1615-0764-41e1-848d-73152bfabe94): also the spawners arent overpriced
[20:43:22] TheRealColmagi (uuid: c98c1615-0764-41e1-848d-73152bfabe94): everything is underpriced
[20:43:27] Mrmapl3syrup (uuid: b3f11e18-ff16-45fe-85b7-bb69e73fb17c): o-o
[20:43:33] TheRealColmagi (uuid: c98c1615-0764-41e1-848d-73152bfabe94): u guys have a huge discount on anything non spawner related
[20:43:51] Mrmapl3syrup (uuid: b3f11e18-ff16-45fe-85b7-bb69e73fb17c): IT WOULD TAKE MONTHS TO GET THE SPAWNER
[20:43:54] watermelonman53 (uuid: 26666a91-29a2-487f-bda5-16d4919282a0): but the spawners are 500000 and we have hardly made 1000
[20:44:00] TheRealColmagi (uuid: c98c1615-0764-41e1-848d-73152bfabe94): ok nvm
[20:44:00] Mrmapl3syrup (uuid: b3f11e18-ff16-45fe-85b7-bb69e73fb17c): ye
[20:44:04] TheRealColmagi (uuid: c98c1615-0764-41e1-848d-73152bfabe94): i thought they were like 50k
[20:44:08] TheRealColmagi (uuid: c98c1615-0764-41e1-848d-73152bfabe94): lmfao
[20:44:12] Mrmapl3syrup (uuid: b3f11e18-ff16-45fe-85b7-bb69e73fb17c): they are half a mil xd
[20:44:26] TheRealColmagi (uuid: c98c1615-0764-41e1-848d-73152bfabe94): i mean like the server i was on ppl had money in the hundred thousands
[20:44:33] TheRealColmagi (uuid: c98c1615-0764-41e1-848d-73152bfabe94): i mean
[20:44:37] TheRealColmagi (uuid: c98c1615-0764-41e1-848d-73152bfabe94): hundred millions
[20:44:38] Mrmapl3syrup (uuid: b3f11e18-ff16-45fe-85b7-bb69e73fb17c): They grinded for 5847438579 hours
[20:44:44] TheRealColmagi (uuid: c98c1615-0764-41e1-848d-73152bfabe94): the richest guy had more than a hundred mil
[20:44:57] TheRealColmagi (uuid: c98c1615-0764-41e1-848d-73152bfabe94): 8 diamondblocks for 512 is hilariously underpriced
[20:45:05] Mrmapl3syrup (uuid: b3f11e18-ff16-45fe-85b7-bb69e73fb17c): ye
[20:50:59] Mrmapl3syrup (uuid: b3f11e18-ff16-45fe-85b7-bb69e73fb17c): hey colmagi
[20:51:15] Mrmapl3syrup (uuid: b3f11e18-ff16-45fe-85b7-bb69e73fb17c): are you raising the price of everything?
[20:59:49] TheRealColmagi (uuid: c98c1615-0764-41e1-848d-73152bfabe94): no
[20:59:54] TheRealColmagi (uuid: c98c1615-0764-41e1-848d-73152bfabe94): i was takin a shit
[20:59:57] Mrmapl3syrup (uuid: b3f11e18-ff16-45fe-85b7-bb69e73fb17c): k
[21:04:00] Mrmapl3syrup (uuid: b3f11e18-ff16-45fe-85b7-bb69e73fb17c): uh magi
[21:04:09] Mrmapl3syrup (uuid: b3f11e18-ff16-45fe-85b7-bb69e73fb17c): look at your house...
[21:28:33] watermelonman53 (uuid: 26666a91-29a2-487f-bda5-16d4919282a0): hey do you still want a name tag
[21:29:30] masteroftheepics (uuid: 4150cd4b-a415-4298-bdc7-c9e330b466cc): Yea
[21:29:43] watermelonman53 (uuid: 26666a91-29a2-487f-bda5-16d4919282a0): im selling for 16 iron
[21:31:05] masteroftheepics (uuid: 4150cd4b-a415-4298-bdc7-c9e330b466cc): Titsmagi
[21:32:29] masteroftheepics (uuid: 4150cd4b-a415-4298-bdc7-c9e330b466cc): Do u have diamond boots for sale
[21:32:41] watermelonman53 (uuid: 26666a91-29a2-487f-bda5-16d4919282a0): no but i can
[21:32:50] masteroftheepics (uuid: 4150cd4b-a415-4298-bdc7-c9e330b466cc): how much would it be
[21:33:08] watermelonman53 (uuid: 26666a91-29a2-487f-bda5-16d4919282a0): let me do the math
[21:34:13] watermelonman53 (uuid: 26666a91-29a2-487f-bda5-16d4919282a0): 32 iron
[21:34:29] masteroftheepics (uuid: 4150cd4b-a415-4298-bdc7-c9e330b466cc): ok
[21:34:49] Mrmapl3syrup (uuid: b3f11e18-ff16-45fe-85b7-bb69e73fb17c): hey colmagi
[21:34:54] Mrmapl3syrup (uuid: b3f11e18-ff16-45fe-85b7-bb69e73fb17c): R u back
[21:35:02] masteroftheepics (uuid: 4150cd4b-a415-4298-bdc7-c9e330b466cc): Hes afk
[21:35:07] Mrmapl3syrup (uuid: b3f11e18-ff16-45fe-85b7-bb69e73fb17c): ugh
[21:36:18] masteroftheepics (uuid: 4150cd4b-a415-4298-bdc7-c9e330b466cc): How to repair a fishing rod
[21:36:24] Mrmapl3syrup (uuid: b3f11e18-ff16-45fe-85b7-bb69e73fb17c): use an anvil
[21:36:34] masteroftheepics (uuid: 4150cd4b-a415-4298-bdc7-c9e330b466cc): But what do u do
[21:36:41] masteroftheepics (uuid: 4150cd4b-a415-4298-bdc7-c9e330b466cc): what item
[21:36:47] watermelonman53 (uuid: 26666a91-29a2-487f-bda5-16d4919282a0): as a bounus
[21:36:53] masteroftheepics (uuid: 4150cd4b-a415-4298-bdc7-c9e330b466cc): thnx
[21:36:58] masteroftheepics (uuid: 4150cd4b-a415-4298-bdc7-c9e330b466cc): Do u use string?
[21:37:47] masteroftheepics (uuid: 4150cd4b-a415-4298-bdc7-c9e330b466cc): AYYY BAD
[21:37:52] watermelonman53 (uuid: 26666a91-29a2-487f-bda5-16d4919282a0): with you\off
[21:38:04] badmaner (uuid: d0393654-9897-4501-8417-24c9eb6a9333): ALRIGHT
[21:38:11] masteroftheepics (uuid: 4150cd4b-a415-4298-bdc7-c9e330b466cc): can i have 1 string
[21:38:14] badmaner (uuid: d0393654-9897-4501-8417-24c9eb6a9333): WHICH ONE OF YOU BASTARDS TOOK MY SHOVEL
[21:38:28] Mrmapl3syrup (uuid: b3f11e18-ff16-45fe-85b7-bb69e73fb17c): nut me
[21:38:29] masteroftheepics (uuid: 4150cd4b-a415-4298-bdc7-c9e330b466cc): nope
[21:38:30] badmaner (uuid: d0393654-9897-4501-8417-24c9eb6a9333): Hi fuz
[21:38:32] masteroftheepics (uuid: 4150cd4b-a415-4298-bdc7-c9e330b466cc): hai
[21:38:36] Mrmapl3syrup (uuid: b3f11e18-ff16-45fe-85b7-bb69e73fb17c): we dun want ur shovel xd
[21:38:49] badmaner (uuid: d0393654-9897-4501-8417-24c9eb6a9333): Srsly tho. Its a wooden %@#*$ shovel.
[21:39:23] masteroftheepics (uuid: 4150cd4b-a415-4298-bdc7-c9e330b466cc): YES JUST DO IT
[21:39:27] masteroftheepics (uuid: 4150cd4b-a415-4298-bdc7-c9e330b466cc): I got a bed
[21:39:32] masteroftheepics (uuid: 4150cd4b-a415-4298-bdc7-c9e330b466cc): its getting dark
[21:39:39] masteroftheepics (uuid: 4150cd4b-a415-4298-bdc7-c9e330b466cc): grab ur shit
[21:39:43] masteroftheepics (uuid: 4150cd4b-a415-4298-bdc7-c9e330b466cc): we are leavin
[21:39:45] badmaner (uuid: d0393654-9897-4501-8417-24c9eb6a9333): inv full
[21:39:56] Mrmapl3syrup (uuid: b3f11e18-ff16-45fe-85b7-bb69e73fb17c): you guys r moving out?
[21:40:02] badmaner (uuid: d0393654-9897-4501-8417-24c9eb6a9333): %#*$#@ yes
[21:40:10] Mrmapl3syrup (uuid: b3f11e18-ff16-45fe-85b7-bb69e73fb17c): alrighty
[21:40:17] masteroftheepics (uuid: 4150cd4b-a415-4298-bdc7-c9e330b466cc): u can use my new chest for now
[21:40:23] badmaner (uuid: d0393654-9897-4501-8417-24c9eb6a9333): wait
[21:40:23] masteroftheepics (uuid: 4150cd4b-a415-4298-bdc7-c9e330b466cc): wait
[21:40:28] masteroftheepics (uuid: 4150cd4b-a415-4298-bdc7-c9e330b466cc): brb
[21:40:28] badmaner (uuid: d0393654-9897-4501-8417-24c9eb6a9333): ok, you go to the place
[21:40:56] Mrmapl3syrup (uuid: b3f11e18-ff16-45fe-85b7-bb69e73fb17c): i wanna see :D
[21:40:58] badmaner (uuid: d0393654-9897-4501-8417-24c9eb6a9333): Thankyouthankyouthankyou
[21:41:12] masteroftheepics (uuid: 4150cd4b-a415-4298-bdc7-c9e330b466cc): :( Its bluegamer's base
[21:41:27] Mrmapl3syrup (uuid: b3f11e18-ff16-45fe-85b7-bb69e73fb17c): Can I pls come though :(
[21:41:31] Mrmapl3syrup (uuid: b3f11e18-ff16-45fe-85b7-bb69e73fb17c): I wont steal
[21:41:39] Mrmapl3syrup (uuid: b3f11e18-ff16-45fe-85b7-bb69e73fb17c): im not a petty thief
[21:41:41] masteroftheepics (uuid: 4150cd4b-a415-4298-bdc7-c9e330b466cc): I cant let u without blue's permission
[21:41:48] Mrmapl3syrup (uuid: b3f11e18-ff16-45fe-85b7-bb69e73fb17c): D;
[21:41:57] Mrmapl3syrup (uuid: b3f11e18-ff16-45fe-85b7-bb69e73fb17c): I wont go inside ;-;
[21:42:01] masteroftheepics (uuid: 4150cd4b-a415-4298-bdc7-c9e330b466cc): Still
[21:42:03] badmaner (uuid: d0393654-9897-4501-8417-24c9eb6a9333): wait
[21:42:10] Mrmapl3syrup (uuid: b3f11e18-ff16-45fe-85b7-bb69e73fb17c): aight :I
[21:42:11] masteroftheepics (uuid: 4150cd4b-a415-4298-bdc7-c9e330b466cc): cmere bad
[21:42:14] watermelonman53 (uuid: 26666a91-29a2-487f-bda5-16d4919282a0): what the hell would he steal he has everything
[21:42:18] badmaner (uuid: d0393654-9897-4501-8417-24c9eb6a9333): Ready
[21:44:17] masteroftheepics (uuid: 4150cd4b-a415-4298-bdc7-c9e330b466cc): Sleepydoo?
[21:44:22] badmaner (uuid: d0393654-9897-4501-8417-24c9eb6a9333): SHITSHITSHIT
[21:44:25] badmaner (uuid: d0393654-9897-4501-8417-24c9eb6a9333): WHERE AM I
[21:44:35] badmaner (uuid: d0393654-9897-4501-8417-24c9eb6a9333): Fuzzy..? I shouldn't have put the bed there
[21:44:41] masteroftheepics (uuid: 4150cd4b-a415-4298-bdc7-c9e330b466cc): oh yea
[21:44:45] masteroftheepics (uuid: 4150cd4b-a415-4298-bdc7-c9e330b466cc): Are u in a lil place
[21:44:48] masteroftheepics (uuid: 4150cd4b-a415-4298-bdc7-c9e330b466cc): With a torch
[21:44:52] badmaner (uuid: d0393654-9897-4501-8417-24c9eb6a9333): No torch
[21:44:52] masteroftheepics (uuid: 4150cd4b-a415-4298-bdc7-c9e330b466cc): And some wood around u
[21:45:05] watermelonman53 (uuid: 26666a91-29a2-487f-bda5-16d4919282a0): boooooooobs
[21:45:08] badmaner (uuid: d0393654-9897-4501-8417-24c9eb6a9333): But there's logs on two sides, granite on the other
[21:45:13] masteroftheepics (uuid: 4150cd4b-a415-4298-bdc7-c9e330b466cc): dude
[21:45:16] masteroftheepics (uuid: 4150cd4b-a415-4298-bdc7-c9e330b466cc): Rlly
[21:45:23] masteroftheepics (uuid: 4150cd4b-a415-4298-bdc7-c9e330b466cc): That happened to me once
[21:45:24] badmaner (uuid: d0393654-9897-4501-8417-24c9eb6a9333): Just put it back
[21:45:36] masteroftheepics (uuid: 4150cd4b-a415-4298-bdc7-c9e330b466cc): sleep
[21:45:41] masteroftheepics (uuid: 4150cd4b-a415-4298-bdc7-c9e330b466cc): lez sleep boys
[21:45:44] badmaner (uuid: d0393654-9897-4501-8417-24c9eb6a9333): U have my bed
[21:45:59] badmaner (uuid: d0393654-9897-4501-8417-24c9eb6a9333): ...
[21:46:00] masteroftheepics (uuid: 4150cd4b-a415-4298-bdc7-c9e330b466cc): oh man
[21:46:08] masteroftheepics (uuid: 4150cd4b-a415-4298-bdc7-c9e330b466cc): We cant put the bed there
[21:46:11] badmaner (uuid: d0393654-9897-4501-8417-24c9eb6a9333): Ignore this
[21:46:17] badmaner (uuid: d0393654-9897-4501-8417-24c9eb6a9333): We aren't sleeping together
[21:46:18] masteroftheepics (uuid: 4150cd4b-a415-4298-bdc7-c9e330b466cc): Lets sleep
[21:46:24] masteroftheepics (uuid: 4150cd4b-a415-4298-bdc7-c9e330b466cc): or fly
[21:46:29] masteroftheepics (uuid: 4150cd4b-a415-4298-bdc7-c9e330b466cc): or god or go to creative
[21:46:32] masteroftheepics (uuid: 4150cd4b-a415-4298-bdc7-c9e330b466cc): Or whatever
[21:46:38] badmaner (uuid: d0393654-9897-4501-8417-24c9eb6a9333): I don liek da flyin thin
[21:46:43] masteroftheepics (uuid: 4150cd4b-a415-4298-bdc7-c9e330b466cc): why
[21:46:47] badmaner (uuid: d0393654-9897-4501-8417-24c9eb6a9333): I thought this was a survival world
[21:46:48] watermelonman53 (uuid: 26666a91-29a2-487f-bda5-16d4919282a0): a n a l
[21:46:50] masteroftheepics (uuid: 4150cd4b-a415-4298-bdc7-c9e330b466cc): mhm
[21:46:52] masteroftheepics (uuid: 4150cd4b-a415-4298-bdc7-c9e330b466cc): plugins
[21:46:56] masteroftheepics (uuid: 4150cd4b-a415-4298-bdc7-c9e330b466cc): those guys payed
[21:47:02] badmaner (uuid: d0393654-9897-4501-8417-24c9eb6a9333): But the flyin ruins the whole 'lets adventure' thing
[21:47:20] masteroftheepics (uuid: 4150cd4b-a415-4298-bdc7-c9e330b466cc): R u sleeping?
[21:47:21] badmaner (uuid: d0393654-9897-4501-8417-24c9eb6a9333): *Jeapordy music plays*
[21:47:30] masteroftheepics (uuid: 4150cd4b-a415-4298-bdc7-c9e330b466cc): Thnx
[21:48:02] badmaner (uuid: d0393654-9897-4501-8417-24c9eb6a9333): frostwalker. noice
[21:48:06] masteroftheepics (uuid: 4150cd4b-a415-4298-bdc7-c9e330b466cc): yaboy
[21:48:22] masteroftheepics (uuid: 4150cd4b-a415-4298-bdc7-c9e330b466cc): luck of the sea
[21:50:05] Mrmapl3syrup (uuid: b3f11e18-ff16-45fe-85b7-bb69e73fb17c): oh wait Bluegamer?
[21:50:13] Mrmapl3syrup (uuid: b3f11e18-ff16-45fe-85b7-bb69e73fb17c): he let me into his house a few days ago xd
[21:50:20] masteroftheepics (uuid: 4150cd4b-a415-4298-bdc7-c9e330b466cc): Which house
[21:50:27] Mrmapl3syrup (uuid: b3f11e18-ff16-45fe-85b7-bb69e73fb17c): The one on the island'
[21:50:33] masteroftheepics (uuid: 4150cd4b-a415-4298-bdc7-c9e330b466cc): mmmm
[21:50:38] Mrmapl3syrup (uuid: b3f11e18-ff16-45fe-85b7-bb69e73fb17c): With the medevial themed houses
[21:50:48] masteroftheepics (uuid: 4150cd4b-a415-4298-bdc7-c9e330b466cc): mmm
[21:50:52] badmaner (uuid: d0393654-9897-4501-8417-24c9eb6a9333): ITS NOT MIDEVIAL. ITS VICTORIAN
[21:50:56] masteroftheepics (uuid: 4150cd4b-a415-4298-bdc7-c9e330b466cc): xD
[21:50:57] badmaner (uuid: d0393654-9897-4501-8417-24c9eb6a9333): Sort of... ish?
[21:50:58] Mrmapl3syrup (uuid: b3f11e18-ff16-45fe-85b7-bb69e73fb17c): sorry xd
[21:51:03] badmaner (uuid: d0393654-9897-4501-8417-24c9eb6a9333): But it sure aint midevial
[21:51:05] Mrmapl3syrup (uuid: b3f11e18-ff16-45fe-85b7-bb69e73fb17c): And he lived there
[21:51:36] masteroftheepics (uuid: 4150cd4b-a415-4298-bdc7-c9e330b466cc): hehe
[21:51:43] badmaner (uuid: d0393654-9897-4501-8417-24c9eb6a9333): You could've killed me
[21:51:46] masteroftheepics (uuid: 4150cd4b-a415-4298-bdc7-c9e330b466cc): no
[21:51:49] masteroftheepics (uuid: 4150cd4b-a415-4298-bdc7-c9e330b466cc): ur too fat
[21:51:57] badmaner (uuid: d0393654-9897-4501-8417-24c9eb6a9333): Trapped me under the ice. Drowned me
[21:52:04] masteroftheepics (uuid: 4150cd4b-a415-4298-bdc7-c9e330b466cc): ur too tall and fat
[21:52:15] masteroftheepics (uuid: 4150cd4b-a415-4298-bdc7-c9e330b466cc): wanna ine
[21:52:23] masteroftheepics (uuid: 4150cd4b-a415-4298-bdc7-c9e330b466cc): mine
[21:52:35] badmaner (uuid: d0393654-9897-4501-8417-24c9eb6a9333): One sec. Let me get my housing sorted
[21:52:49] masteroftheepics (uuid: 4150cd4b-a415-4298-bdc7-c9e330b466cc): oops
[21:52:51] masteroftheepics (uuid: 4150cd4b-a415-4298-bdc7-c9e330b466cc): get on
[21:53:31] badmaner (uuid: d0393654-9897-4501-8417-24c9eb6a9333): Thunder
[21:53:34] badmaner (uuid: d0393654-9897-4501-8417-24c9eb6a9333): THUNDER
[21:53:39] badmaner (uuid: d0393654-9897-4501-8417-24c9eb6a9333): THUNDER CATS!
[21:53:44] badmaner (uuid: d0393654-9897-4501-8417-24c9eb6a9333): HUUUUUUEEEE
[21:54:13] badmaner (uuid: d0393654-9897-4501-8417-24c9eb6a9333): U have glass..?
