[18:14:05] TheRealColmagi (uuid: c98c1615-0764-41e1-848d-73152bfabe94): hi fags
[18:14:17] Mrmapl3syrup (uuid: b3f11e18-ff16-45fe-85b7-bb69e73fb17c): YAY THE FARM
[18:14:20] Optivat_YT (uuid: 061f9ad6-a6fb-45da-8990-73890f965939): What village
[18:14:21] Mrmapl3syrup (uuid: b3f11e18-ff16-45fe-85b7-bb69e73fb17c): it was saaved :D
[18:14:27] Mrmapl3syrup (uuid: b3f11e18-ff16-45fe-85b7-bb69e73fb17c): like it shorty?
[18:14:43] Mrmapl3syrup (uuid: b3f11e18-ff16-45fe-85b7-bb69e73fb17c): I havent finished it yet tho
[18:14:51] Optivat_YT (uuid: 061f9ad6-a6fb-45da-8990-73890f965939): can you op me I need my elctra and my op sword
[18:14:54] Optivat_YT (uuid: 061f9ad6-a6fb-45da-8990-73890f965939): lol
[18:15:15] Optivat_YT (uuid: 061f9ad6-a6fb-45da-8990-73890f965939): I CANT SPAWN ANYTHING
[18:15:40] Optivat_YT (uuid: 061f9ad6-a6fb-45da-8990-73890f965939): uhhhhh sharp 4 knock back 2 idk the rest
[18:15:47] Optivat_YT (uuid: 061f9ad6-a6fb-45da-8990-73890f965939): can u op me so I can make it
[18:15:59] Optivat_YT (uuid: 061f9ad6-a6fb-45da-8990-73890f965939): not op creative
[18:16:11] Optivat_YT (uuid: 061f9ad6-a6fb-45da-8990-73890f965939): this is not the sword
[18:16:27] Olli_Kop (uuid: 26666a91-29a2-487f-bda5-16d4919282a0): dix
[18:16:27] Optivat_YT (uuid: 061f9ad6-a6fb-45da-8990-73890f965939): I DONT REMEMBWER
[18:16:53] Optivat_YT (uuid: 061f9ad6-a6fb-45da-8990-73890f965939): It had the new enchantment for pvp
[18:17:02] Optivat_YT (uuid: 061f9ad6-a6fb-45da-8990-73890f965939): it had the new enchantment for pvp
[18:17:34] Optivat_YT (uuid: 061f9ad6-a6fb-45da-8990-73890f965939): F*** My random block in the air is gone
[18:17:38] Optivat_YT (uuid: 061f9ad6-a6fb-45da-8990-73890f965939): :(
[18:18:11] Mrmapl3syrup (uuid: b3f11e18-ff16-45fe-85b7-bb69e73fb17c): do you want me to do the rest of the village tho
[18:18:52] Optivat_YT (uuid: 061f9ad6-a6fb-45da-8990-73890f965939): wait...
[18:18:56] Mrmapl3syrup (uuid: b3f11e18-ff16-45fe-85b7-bb69e73fb17c): anal
[18:18:58] Optivat_YT (uuid: 061f9ad6-a6fb-45da-8990-73890f965939): my home to the end portal
[18:19:02] Optivat_YT (uuid: 061f9ad6-a6fb-45da-8990-73890f965939):  FUCK THIS GAME
[18:19:04] TheRealColmagi (uuid: c98c1615-0764-41e1-848d-73152bfabe94): ugh goddammit
[18:19:04] Mrmapl3syrup (uuid: b3f11e18-ff16-45fe-85b7-bb69e73fb17c): rip
[18:19:09] Mrmapl3syrup (uuid: b3f11e18-ff16-45fe-85b7-bb69e73fb17c): we dont
[18:19:10] Optivat_YT (uuid: 061f9ad6-a6fb-45da-8990-73890f965939):  I am out
[18:19:12] Mrmapl3syrup (uuid: b3f11e18-ff16-45fe-85b7-bb69e73fb17c): well I dont
[18:19:12] TheRealColmagi (uuid: c98c1615-0764-41e1-848d-73152bfabe94): NO
[18:19:17] TheRealColmagi (uuid: c98c1615-0764-41e1-848d-73152bfabe94): SHORT HAS A HOME TO IT
[18:19:18] Mrmapl3syrup (uuid: b3f11e18-ff16-45fe-85b7-bb69e73fb17c): I have one in the end city
[18:19:24] Optivat_YT (uuid: 061f9ad6-a6fb-45da-8990-73890f965939): I AM IN THE VOICE CHAT
[18:19:42] Mrmapl3syrup (uuid: b3f11e18-ff16-45fe-85b7-bb69e73fb17c): if you want to get to the end city and stuff
[18:19:45] Mrmapl3syrup (uuid: b3f11e18-ff16-45fe-85b7-bb69e73fb17c): just tp to me
[18:20:15] Mrmapl3syrup (uuid: b3f11e18-ff16-45fe-85b7-bb69e73fb17c): what the fuck
[18:20:20] Optivat_YT (uuid: 061f9ad6-a6fb-45da-8990-73890f965939): I need my end warp back
[18:20:22] Mrmapl3syrup (uuid: b3f11e18-ff16-45fe-85b7-bb69e73fb17c): he copied the spawn
[18:20:28] Optivat_YT (uuid: 061f9ad6-a6fb-45da-8990-73890f965939): I am a homeless man with out
[18:20:28] Mrmapl3syrup (uuid: b3f11e18-ff16-45fe-85b7-bb69e73fb17c): one sec
[18:21:05] Mrmapl3syrup (uuid: b3f11e18-ff16-45fe-85b7-bb69e73fb17c): btw this place was already raided by me
[18:21:18] Mrmapl3syrup (uuid: b3f11e18-ff16-45fe-85b7-bb69e73fb17c): so many signs now lol\
[18:21:31] Optivat_YT (uuid: 061f9ad6-a6fb-45da-8990-73890f965939):  Maple I died acccept it plz
[18:21:49] Optivat_YT (uuid: 061f9ad6-a6fb-45da-8990-73890f965939): MAPLE!!! I died accept it plz
[18:21:55] Optivat_YT (uuid: 061f9ad6-a6fb-45da-8990-73890f965939): :((((
[18:22:00] Mrmapl3syrup (uuid: b3f11e18-ff16-45fe-85b7-bb69e73fb17c): GIVE ME A MINUTE
[18:22:09] Optivat_YT (uuid: 061f9ad6-a6fb-45da-8990-73890f965939): I need a water bucket
[18:22:27] Mrmapl3syrup (uuid: b3f11e18-ff16-45fe-85b7-bb69e73fb17c): my minecraft water looks better then vanilla skyrim water
[18:22:35] Optivat_YT (uuid: 061f9ad6-a6fb-45da-8990-73890f965939): HELP ME
[18:22:40] Optivat_YT (uuid: 061f9ad6-a6fb-45da-8990-73890f965939): half a heart
[18:22:46] Mrmapl3syrup (uuid: b3f11e18-ff16-45fe-85b7-bb69e73fb17c): that is your fault
[18:23:13] Mrmapl3syrup (uuid: b3f11e18-ff16-45fe-85b7-bb69e73fb17c): ¯\_(?)_/¯
[18:23:16] Mrmapl3syrup (uuid: b3f11e18-ff16-45fe-85b7-bb69e73fb17c): ¯\_(?)_/¯
[18:23:25] Mrmapl3syrup (uuid: b3f11e18-ff16-45fe-85b7-bb69e73fb17c): ¯\_(?)_/¯¯\_(?)_/¯¯\_(?)_/¯¯\_(?)_/¯¯\_(?)_/¯
[18:23:45] Mrmapl3syrup (uuid: b3f11e18-ff16-45fe-85b7-bb69e73fb17c): hi
[18:23:54] Optivat_YT (uuid: 061f9ad6-a6fb-45da-8990-73890f965939): IT HAD THE NEW ENCHANTMENT
[18:23:54] Mrmapl3syrup (uuid: b3f11e18-ff16-45fe-85b7-bb69e73fb17c): ew
[18:23:57] Mrmapl3syrup (uuid: b3f11e18-ff16-45fe-85b7-bb69e73fb17c): this
[18:23:59] Mrmapl3syrup (uuid: b3f11e18-ff16-45fe-85b7-bb69e73fb17c): is groos
[18:25:03] Mrmapl3syrup (uuid: b3f11e18-ff16-45fe-85b7-bb69e73fb17c): he is mentally ill Kappa
[18:25:05] Mrmapl3syrup (uuid: b3f11e18-ff16-45fe-85b7-bb69e73fb17c): ¯\_(?)_/¯¯\_(?)_/¯¯\_(?)_/¯¯\_(?)_/¯¯\_(?)_/¯
[18:25:12] Mrmapl3syrup (uuid: b3f11e18-ff16-45fe-85b7-bb69e73fb17c): Kappa
[18:25:16] Mrmapl3syrup (uuid: b3f11e18-ff16-45fe-85b7-bb69e73fb17c): KappaPride
[18:25:19] Mrmapl3syrup (uuid: b3f11e18-ff16-45fe-85b7-bb69e73fb17c): Keepo
[18:25:31] Mrmapl3syrup (uuid: b3f11e18-ff16-45fe-85b7-bb69e73fb17c): tfRAGE
[18:25:42] Mrmapl3syrup (uuid: b3f11e18-ff16-45fe-85b7-bb69e73fb17c): tfplebs
[18:26:03] Mrmapl3syrup (uuid: b3f11e18-ff16-45fe-85b7-bb69e73fb17c): tfplebs tfplebs tfplebs
[18:26:03] Mrmapl3syrup (uuid: b3f11e18-ff16-45fe-85b7-bb69e73fb17c): tfslurp tfplebs tfplebs
[18:26:54] Optivat_YT (uuid: 061f9ad6-a6fb-45da-8990-73890f965939): ME
[18:26:55] Mrmapl3syrup (uuid: b3f11e18-ff16-45fe-85b7-bb69e73fb17c): me
[18:27:06] Optivat_YT (uuid: 061f9ad6-a6fb-45da-8990-73890f965939): me
[18:27:06] Mrmapl3syrup (uuid: b3f11e18-ff16-45fe-85b7-bb69e73fb17c): ok
[18:27:09] Optivat_YT (uuid: 061f9ad6-a6fb-45da-8990-73890f965939): ME Plz
[18:27:21] Mrmapl3syrup (uuid: b3f11e18-ff16-45fe-85b7-bb69e73fb17c): i feel hurt
[18:27:58] Mrmapl3syrup (uuid: b3f11e18-ff16-45fe-85b7-bb69e73fb17c): DO YOU LIKE ANAL
[18:28:01] Mrmapl3syrup (uuid: b3f11e18-ff16-45fe-85b7-bb69e73fb17c): yes you like anal
[18:28:05] Mrmapl3syrup (uuid: b3f11e18-ff16-45fe-85b7-bb69e73fb17c): do we all like anal
[18:28:08] Mrmapl3syrup (uuid: b3f11e18-ff16-45fe-85b7-bb69e73fb17c): yes we like anal
[18:28:14] Mrmapl3syrup (uuid: b3f11e18-ff16-45fe-85b7-bb69e73fb17c): ¯\_(?)_/¯
[18:28:17] Mrmapl3syrup (uuid: b3f11e18-ff16-45fe-85b7-bb69e73fb17c): not my problem
[18:29:16] Mrmapl3syrup (uuid: b3f11e18-ff16-45fe-85b7-bb69e73fb17c): d
[18:29:22] TheRealColmagi (uuid: c98c1615-0764-41e1-848d-73152bfabe94): for duck
[18:29:23] Mrmapl3syrup (uuid: b3f11e18-ff16-45fe-85b7-bb69e73fb17c): ICK
[18:29:26] Mrmapl3syrup (uuid: b3f11e18-ff16-45fe-85b7-bb69e73fb17c): DICK
[18:29:27] Mrmapl3syrup (uuid: b3f11e18-ff16-45fe-85b7-bb69e73fb17c): FOR DICK
[18:29:28] TheRealColmagi (uuid: c98c1615-0764-41e1-848d-73152bfabe94): i was gonna write dick
[18:29:33] TheRealColmagi (uuid: c98c1615-0764-41e1-848d-73152bfabe94): but i misspelled it
[18:29:38] Mrmapl3syrup (uuid: b3f11e18-ff16-45fe-85b7-bb69e73fb17c): d
[18:29:39] Mrmapl3syrup (uuid: b3f11e18-ff16-45fe-85b7-bb69e73fb17c): ick
[18:30:59] Mrmapl3syrup (uuid: b3f11e18-ff16-45fe-85b7-bb69e73fb17c): not me
[18:31:03] Mrmapl3syrup (uuid: b3f11e18-ff16-45fe-85b7-bb69e73fb17c): KITTY CANNON
[18:31:33] Mrmapl3syrup (uuid: b3f11e18-ff16-45fe-85b7-bb69e73fb17c): how do I find out the subtypes for stuff
[18:31:40] Mrmapl3syrup (uuid: b3f11e18-ff16-45fe-85b7-bb69e73fb17c): ReeeEEeEEe
[18:31:52] Mrmapl3syrup (uuid: b3f11e18-ff16-45fe-85b7-bb69e73fb17c): you should wait until I get my mic fixed on may 8th
[18:31:59] Mrmapl3syrup (uuid: b3f11e18-ff16-45fe-85b7-bb69e73fb17c): then I will REEEEEEEEEEEEE
[18:32:07] Mrmapl3syrup (uuid: b3f11e18-ff16-45fe-85b7-bb69e73fb17c): LAFsS KioKk ik olOOL l
[18:32:10] Mrmapl3syrup (uuid: b3f11e18-ff16-45fe-85b7-bb69e73fb17c): ¯\_(?)_/¯¯\_(?)_/¯¯\_(?)_/¯¯\_(?)_/¯¯\_(?)_/¯¯\_(?)_/¯¯\_(?)_/¯¯\_(?)_/¯¯\_(?)_/¯¯\_(?)_/¯¯\_(?)_/¯¯\_(?)_/¯
[18:32:53] Mrmapl3syrup (uuid: b3f11e18-ff16-45fe-85b7-bb69e73fb17c): what happened to that poor mountain
[18:34:08] Mrmapl3syrup (uuid: b3f11e18-ff16-45fe-85b7-bb69e73fb17c): nop
[18:36:25] Mrmapl3syrup (uuid: b3f11e18-ff16-45fe-85b7-bb69e73fb17c): ima go do things
[18:36:34] Mrmapl3syrup (uuid: b3f11e18-ff16-45fe-85b7-bb69e73fb17c): im gonna go eat thing
[18:37:06] Mrmapl3syrup (uuid: b3f11e18-ff16-45fe-85b7-bb69e73fb17c): im gonna go eat thing
[18:38:38] Mrmapl3syrup (uuid: b3f11e18-ff16-45fe-85b7-bb69e73fb17c): do you like anal
[18:38:41] Mrmapl3syrup (uuid: b3f11e18-ff16-45fe-85b7-bb69e73fb17c): yes you like anal
[18:38:42] Olli_Kop (uuid: 26666a91-29a2-487f-bda5-16d4919282a0): no
[18:38:43] Mrmapl3syrup (uuid: b3f11e18-ff16-45fe-85b7-bb69e73fb17c): do we like anal
[18:38:45] Mrmapl3syrup (uuid: b3f11e18-ff16-45fe-85b7-bb69e73fb17c): yes we like anal
[18:38:55] Mrmapl3syrup (uuid: b3f11e18-ff16-45fe-85b7-bb69e73fb17c): i has food
[18:38:59] Olli_Kop (uuid: 26666a91-29a2-487f-bda5-16d4919282a0): ok
[18:40:23] Mrmapl3syrup (uuid: b3f11e18-ff16-45fe-85b7-bb69e73fb17c): dickseption
[18:40:53] Mrmapl3syrup (uuid: b3f11e18-ff16-45fe-85b7-bb69e73fb17c): uh
[18:40:58] Mrmapl3syrup (uuid: b3f11e18-ff16-45fe-85b7-bb69e73fb17c): why is there abunch of water missing
[18:41:05] Mrmapl3syrup (uuid: b3f11e18-ff16-45fe-85b7-bb69e73fb17c): jesus
[18:41:08] Mrmapl3syrup (uuid: b3f11e18-ff16-45fe-85b7-bb69e73fb17c): what happened here
[18:42:03] Mrmapl3syrup (uuid: b3f11e18-ff16-45fe-85b7-bb69e73fb17c): WHAT THE FUCKKK
[18:42:04] Mrmapl3syrup (uuid: b3f11e18-ff16-45fe-85b7-bb69e73fb17c): AHHH
[18:42:31] Mrmapl3syrup (uuid: b3f11e18-ff16-45fe-85b7-bb69e73fb17c): anal
[18:43:53] Mrmapl3syrup (uuid: b3f11e18-ff16-45fe-85b7-bb69e73fb17c): is it a ground dick
[18:44:17] Mrmapl3syrup (uuid: b3f11e18-ff16-45fe-85b7-bb69e73fb17c): THiS IS A ChriStain MinEcRaft ServEr No RaCiSt ThINGs @EEWWW
[18:45:17] Olli_Kop (uuid: 26666a91-29a2-487f-bda5-16d4919282a0): come stand in the center
[18:45:23] Mrmapl3syrup (uuid: b3f11e18-ff16-45fe-85b7-bb69e73fb17c): no
[18:45:28] Mrmapl3syrup (uuid: b3f11e18-ff16-45fe-85b7-bb69e73fb17c): you will tra pme
[18:45:49] Mrmapl3syrup (uuid: b3f11e18-ff16-45fe-85b7-bb69e73fb17c): laffs
[18:46:58] Mrmapl3syrup (uuid: b3f11e18-ff16-45fe-85b7-bb69e73fb17c): swastica is penis
[18:47:02] Mrmapl3syrup (uuid: b3f11e18-ff16-45fe-85b7-bb69e73fb17c): confirmes
[18:47:05] Mrmapl3syrup (uuid: b3f11e18-ff16-45fe-85b7-bb69e73fb17c): d
[18:47:59] Olli_Kop (uuid: 26666a91-29a2-487f-bda5-16d4919282a0): look
[18:49:47] Mrmapl3syrup (uuid: b3f11e18-ff16-45fe-85b7-bb69e73fb17c): ima go
[19:19:09] Optivat_YT (uuid: 061f9ad6-a6fb-45da-8990-73890f965939): hi
[19:19:51] Zephyrbot (uuid: f06e2a56-f278-420d-8836-0f62847b956a): hi
[19:29:14] Optivat_YT (uuid: 061f9ad6-a6fb-45da-8990-73890f965939): lag
[19:44:49] TheRealColmagi (uuid: c98c1615-0764-41e1-848d-73152bfabe94): whos zephyrbot
[19:44:53] WendadonPlayz_YT (uuid: cb30c930-c6c8-450f-a5fe-80d4cc292106): idk
[19:45:31] Optivat_YT (uuid: 061f9ad6-a6fb-45da-8990-73890f965939): yea
[19:50:20] Optivat_YT (uuid: 061f9ad6-a6fb-45da-8990-73890f965939): hi
[19:53:52] Zephyrbot (uuid: f06e2a56-f278-420d-8836-0f62847b956a): hi
[19:53:54] Optivat_YT (uuid: 061f9ad6-a6fb-45da-8990-73890f965939): who are u
[19:54:01] Zephyrbot (uuid: f06e2a56-f278-420d-8836-0f62847b956a): a human
[19:54:17] Zephyrbot (uuid: f06e2a56-f278-420d-8836-0f62847b956a): the ip was put on ties discord
[20:04:49] WendadonPlayz_YT (uuid: cb30c930-c6c8-450f-a5fe-80d4cc292106): dude fortune pick these diamonds
[20:36:34] TheRealColmagi (uuid: c98c1615-0764-41e1-848d-73152bfabe94): ofc
[20:36:45] TheRealColmagi (uuid: c98c1615-0764-41e1-848d-73152bfabe94): joined from ties discord
[20:40:43] TheRealColmagi (uuid: c98c1615-0764-41e1-848d-73152bfabe94): i am sueper sueper gay
[20:41:31] TheRealColmagi (uuid: c98c1615-0764-41e1-848d-73152bfabe94): hot damn this is some gay shit
