[16:35:51] TheBlueGamer0 (uuid: 654713d4-034f-41ff-acad-c3b9ced485de): yo
[16:35:57] watermelonman53 (uuid: 26666a91-29a2-487f-bda5-16d4919282a0): hio
[16:36:03] watermelonman53 (uuid: 26666a91-29a2-487f-bda5-16d4919282a0): hi*
[16:39:05] TheBlueGamer0 (uuid: 654713d4-034f-41ff-acad-c3b9ced485de): yall should check the creeper faarm
[16:44:20] Mrmapl3syrup (uuid: b3f11e18-ff16-45fe-85b7-bb69e73fb17c): yo
[16:44:24] TheBlueGamer0 (uuid: 654713d4-034f-41ff-acad-c3b9ced485de): profits from the gunpowder
[16:44:26] watermelonman53 (uuid: 26666a91-29a2-487f-bda5-16d4919282a0): thanks
[16:44:33] TheBlueGamer0 (uuid: 654713d4-034f-41ff-acad-c3b9ced485de): is maple afk?
[16:44:34] Mrmapl3syrup (uuid: b3f11e18-ff16-45fe-85b7-bb69e73fb17c): wait
[16:44:43] Mrmapl3syrup (uuid: b3f11e18-ff16-45fe-85b7-bb69e73fb17c): why tf did you sell our gunpowder m8
[16:44:50] TheBlueGamer0 (uuid: 654713d4-034f-41ff-acad-c3b9ced485de): idk
[16:44:55] Mrmapl3syrup (uuid: b3f11e18-ff16-45fe-85b7-bb69e73fb17c): im triggered
[16:44:58] TheBlueGamer0 (uuid: 654713d4-034f-41ff-acad-c3b9ced485de):  :/
[16:46:08] Mrmapl3syrup (uuid: b3f11e18-ff16-45fe-85b7-bb69e73fb17c): wanna see our pet zombie :D
[16:46:13] Mrmapl3syrup (uuid: b3f11e18-ff16-45fe-85b7-bb69e73fb17c): his name is zoomie
[16:46:17] TheBlueGamer0 (uuid: 654713d4-034f-41ff-acad-c3b9ced485de): nice
[16:46:20] Mrmapl3syrup (uuid: b3f11e18-ff16-45fe-85b7-bb69e73fb17c): thx
[16:56:07] Mrmapl3syrup (uuid: b3f11e18-ff16-45fe-85b7-bb69e73fb17c): hey hows it going
[16:56:17] Mrmapl3syrup (uuid: b3f11e18-ff16-45fe-85b7-bb69e73fb17c): So hows life
[16:56:24] Mrmapl3syrup (uuid: b3f11e18-ff16-45fe-85b7-bb69e73fb17c): Check it out
[16:56:35] Mrmapl3syrup (uuid: b3f11e18-ff16-45fe-85b7-bb69e73fb17c): I got apprentice rank out of no where :D
[16:56:45] watermelonman53 (uuid: 26666a91-29a2-487f-bda5-16d4919282a0): faker
[16:56:50] Mrmapl3syrup (uuid: b3f11e18-ff16-45fe-85b7-bb69e73fb17c): ur gay lol
[16:56:55] Mrmapl3syrup (uuid: b3f11e18-ff16-45fe-85b7-bb69e73fb17c): low rank weeb XD
[16:59:26] Mrmapl3syrup (uuid: b3f11e18-ff16-45fe-85b7-bb69e73fb17c): cunt
[17:11:05] TheBlueGamer0 (uuid: 654713d4-034f-41ff-acad-c3b9ced485de): hello
[17:11:10] masteroftheepics (uuid: 4150cd4b-a415-4298-bdc7-c9e330b466cc): hai
[17:11:13] masteroftheepics (uuid: 4150cd4b-a415-4298-bdc7-c9e330b466cc): hai
[17:11:53] TheBlueGamer0 (uuid: 654713d4-034f-41ff-acad-c3b9ced485de): i made a nether portal
[17:11:58] masteroftheepics (uuid: 4150cd4b-a415-4298-bdc7-c9e330b466cc): i saw
[17:12:16] masteroftheepics (uuid: 4150cd4b-a415-4298-bdc7-c9e330b466cc): is this gonna be a mod only place
[17:12:22] TheBlueGamer0 (uuid: 654713d4-034f-41ff-acad-c3b9ced485de): kinda
[17:12:32] masteroftheepics (uuid: 4150cd4b-a415-4298-bdc7-c9e330b466cc): do i have to move out?
[17:12:34] watermelonman53 (uuid: 26666a91-29a2-487f-bda5-16d4919282a0): complamentary door
[17:12:42] TheBlueGamer0 (uuid: 654713d4-034f-41ff-acad-c3b9ced485de): no, thats why i said kinda
[17:13:07] masteroftheepics (uuid: 4150cd4b-a415-4298-bdc7-c9e330b466cc): k
[17:15:50] TheBlueGamer0 (uuid: 654713d4-034f-41ff-acad-c3b9ced485de): HERRO
[17:15:58] masteroftheepics (uuid: 4150cd4b-a415-4298-bdc7-c9e330b466cc): yo james
[17:16:04] Mrmapl3syrup (uuid: b3f11e18-ff16-45fe-85b7-bb69e73fb17c): herro
[17:16:13] masteroftheepics (uuid: 4150cd4b-a415-4298-bdc7-c9e330b466cc): Can u assist jordan with the plugin process?
[17:16:13] TheRealColmagi (uuid: c98c1615-0764-41e1-848d-73152bfabe94): what time is njhs meeting tmrw fuz
[17:16:18] masteroftheepics (uuid: 4150cd4b-a415-4298-bdc7-c9e330b466cc): Hes gonna buy a server
[17:16:19] Mrmapl3syrup (uuid: b3f11e18-ff16-45fe-85b7-bb69e73fb17c): Also
[17:16:26] masteroftheepics (uuid: 4150cd4b-a415-4298-bdc7-c9e330b466cc): ummmm before and after school?
[17:16:28] masteroftheepics (uuid: 4150cd4b-a415-4298-bdc7-c9e330b466cc): No shit
[17:16:35] TheRealColmagi (uuid: c98c1615-0764-41e1-848d-73152bfabe94): tell him to fuck off cuz he burned my treehouse
[17:16:38] Mrmapl3syrup (uuid: b3f11e18-ff16-45fe-85b7-bb69e73fb17c): ye
[17:16:47] masteroftheepics (uuid: 4150cd4b-a415-4298-bdc7-c9e330b466cc): he says he didnt do it
[17:16:48] TheBlueGamer0 (uuid: 654713d4-034f-41ff-acad-c3b9ced485de): nationa junior honor society?
[17:16:53] masteroftheepics (uuid: 4150cd4b-a415-4298-bdc7-c9e330b466cc): I did it
[17:16:59] Mrmapl3syrup (uuid: b3f11e18-ff16-45fe-85b7-bb69e73fb17c): I doubt that
[17:17:00] TheBlueGamer0 (uuid: 654713d4-034f-41ff-acad-c3b9ced485de): national junior honor society?
[17:17:01] TheRealColmagi (uuid: c98c1615-0764-41e1-848d-73152bfabe94): you werent on when it happened
[17:17:04] Mrmapl3syrup (uuid: b3f11e18-ff16-45fe-85b7-bb69e73fb17c): yeah
[17:17:05] TheRealColmagi (uuid: c98c1615-0764-41e1-848d-73152bfabe94): yeah
[17:17:11] TheBlueGamer0 (uuid: 654713d4-034f-41ff-acad-c3b9ced485de): i used to be in that
[17:17:14] TheBlueGamer0 (uuid: 654713d4-034f-41ff-acad-c3b9ced485de): M8
[17:17:22] TheBlueGamer0 (uuid: 654713d4-034f-41ff-acad-c3b9ced485de): DONT USE FROST WALKER IN THE BASE
[17:17:27] TheBlueGamer0 (uuid: 654713d4-034f-41ff-acad-c3b9ced485de): DUDE
[17:17:28] masteroftheepics (uuid: 4150cd4b-a415-4298-bdc7-c9e330b466cc): HAHA
[17:17:29] TheBlueGamer0 (uuid: 654713d4-034f-41ff-acad-c3b9ced485de): REALLY
[17:17:33] masteroftheepics (uuid: 4150cd4b-a415-4298-bdc7-c9e330b466cc): sorry
[17:17:43] TheBlueGamer0 (uuid: 654713d4-034f-41ff-acad-c3b9ced485de): DONT WEAR FROST WAKER NEAR THE BASE
[17:17:53] TheBlueGamer0 (uuid: 654713d4-034f-41ff-acad-c3b9ced485de): LOOK WHAT YOU FUCKING DID
[17:18:11] masteroftheepics (uuid: 4150cd4b-a415-4298-bdc7-c9e330b466cc): shouldve kept it frozen -_-
[17:18:22] TheBlueGamer0 (uuid: 654713d4-034f-41ff-acad-c3b9ced485de): I TOLD YOU THAT ALREADY, NO FROST WALKER
[17:18:27] TheBlueGamer0 (uuid: 654713d4-034f-41ff-acad-c3b9ced485de): STOP
[17:18:29] masteroftheepics (uuid: 4150cd4b-a415-4298-bdc7-c9e330b466cc): YES SIR
[17:19:44] masteroftheepics (uuid: 4150cd4b-a415-4298-bdc7-c9e330b466cc): im terribly sorry senpai i will go punish myself for the crimes.
[17:25:00] TheRealColmagi (uuid: c98c1615-0764-41e1-848d-73152bfabe94): big
[17:25:02] TheRealColmagi (uuid: c98c1615-0764-41e1-848d-73152bfabe94): ger
[17:25:03] TheRealColmagi (uuid: c98c1615-0764-41e1-848d-73152bfabe94): nig
[17:25:07] TheRealColmagi (uuid: c98c1615-0764-41e1-848d-73152bfabe94): ger
[17:25:13] TheRealColmagi (uuid: c98c1615-0764-41e1-848d-73152bfabe94): ohhohohoh im so funny
[17:27:38] TheBlueGamer0 (uuid: 654713d4-034f-41ff-acad-c3b9ced485de): XDDDDDD
[19:08:13] Mrmapl3syrup (uuid: b3f11e18-ff16-45fe-85b7-bb69e73fb17c):  A N U S
[22:02:36] TheRealColmagi (uuid: c98c1615-0764-41e1-848d-73152bfabe94): suk dik
[22:02:40] masteroftheepics (uuid: 4150cd4b-a415-4298-bdc7-c9e330b466cc): FUCK OFF ENDERSHIT
[22:02:49] masteroftheepics (uuid: 4150cd4b-a415-4298-bdc7-c9e330b466cc): STOP TAKIN APART BLUE'S ISLAND
[22:02:56] masteroftheepics (uuid: 4150cd4b-a415-4298-bdc7-c9e330b466cc): JAMES
[22:02:58] TheRealColmagi (uuid: c98c1615-0764-41e1-848d-73152bfabe94): what
[22:03:02] masteroftheepics (uuid: 4150cd4b-a415-4298-bdc7-c9e330b466cc): HE TOOK APART BLUE'S ISLAND
[22:03:07] TheRealColmagi (uuid: c98c1615-0764-41e1-848d-73152bfabe94): who
[22:03:11] masteroftheepics (uuid: 4150cd4b-a415-4298-bdc7-c9e330b466cc): ENDERNIGGER
[22:03:40] masteroftheepics (uuid: 4150cd4b-a415-4298-bdc7-c9e330b466cc): oh shit its leakin
[22:03:42] masteroftheepics (uuid: 4150cd4b-a415-4298-bdc7-c9e330b466cc): wait
[22:03:46] TheRealColmagi (uuid: c98c1615-0764-41e1-848d-73152bfabe94): no
[22:03:46] masteroftheepics (uuid: 4150cd4b-a415-4298-bdc7-c9e330b466cc): i think its supposed to
[22:03:48] TheRealColmagi (uuid: c98c1615-0764-41e1-848d-73152bfabe94): duh
[22:03:51] TheRealColmagi (uuid: c98c1615-0764-41e1-848d-73152bfabe94): dip
[22:03:53] masteroftheepics (uuid: 4150cd4b-a415-4298-bdc7-c9e330b466cc): but he was holding a dirt block
[22:04:23] TheRealColmagi (uuid: c98c1615-0764-41e1-848d-73152bfabe94): lmao the nether portal
[22:04:35] masteroftheepics (uuid: 4150cd4b-a415-4298-bdc7-c9e330b466cc): ya
[22:04:42] TheRealColmagi (uuid: c98c1615-0764-41e1-848d-73152bfabe94): i demand a house to live in here
[22:04:50] masteroftheepics (uuid: 4150cd4b-a415-4298-bdc7-c9e330b466cc): how do u move so ast... oh wait U CAN FLY
[22:04:57] TheRealColmagi (uuid: c98c1615-0764-41e1-848d-73152bfabe94): hell im in creative
[22:05:09] masteroftheepics (uuid: 4150cd4b-a415-4298-bdc7-c9e330b466cc): bad lives with me in 1 squisy house
[22:05:17] masteroftheepics (uuid: 4150cd4b-a415-4298-bdc7-c9e330b466cc): this ones empty
[22:05:36] masteroftheepics (uuid: 4150cd4b-a415-4298-bdc7-c9e330b466cc): will he approve
[22:05:48] masteroftheepics (uuid: 4150cd4b-a415-4298-bdc7-c9e330b466cc): wait
[22:05:52] masteroftheepics (uuid: 4150cd4b-a415-4298-bdc7-c9e330b466cc): go in creative
[22:05:53] TheRealColmagi (uuid: c98c1615-0764-41e1-848d-73152bfabe94): if he doesnt its not like he can do shit
[22:05:56] masteroftheepics (uuid: 4150cd4b-a415-4298-bdc7-c9e330b466cc): ima make it day
[22:06:09] masteroftheepics (uuid: 4150cd4b-a415-4298-bdc7-c9e330b466cc): Good point
[22:06:16] masteroftheepics (uuid: 4150cd4b-a415-4298-bdc7-c9e330b466cc): u can demote him
[22:06:18] masteroftheepics (uuid: 4150cd4b-a415-4298-bdc7-c9e330b466cc): and promote me
[22:06:18] TheRealColmagi (uuid: c98c1615-0764-41e1-848d-73152bfabe94): lol
[22:06:20] masteroftheepics (uuid: 4150cd4b-a415-4298-bdc7-c9e330b466cc): right
[22:06:21] TheRealColmagi (uuid: c98c1615-0764-41e1-848d-73152bfabe94): no
[22:06:23] masteroftheepics (uuid: 4150cd4b-a415-4298-bdc7-c9e330b466cc): xD
[22:06:38] masteroftheepics (uuid: 4150cd4b-a415-4298-bdc7-c9e330b466cc): name urself NICKER
[22:06:43] TheRealColmagi (uuid: c98c1615-0764-41e1-848d-73152bfabe94): uh no
[22:06:47] masteroftheepics (uuid: 4150cd4b-a415-4298-bdc7-c9e330b466cc): fucking lag
[22:07:31] masteroftheepics (uuid: 4150cd4b-a415-4298-bdc7-c9e330b466cc): how do u do that
[22:07:39] masteroftheepics (uuid: 4150cd4b-a415-4298-bdc7-c9e330b466cc): the scrambled nickers
[22:09:08] TheRealColmagi (uuid: c98c1615-0764-41e1-848d-73152bfabe94): lol
[22:09:09] TheRealColmagi (uuid: c98c1615-0764-41e1-848d-73152bfabe94): no
[22:10:31] masteroftheepics (uuid: 4150cd4b-a415-4298-bdc7-c9e330b466cc): UNHOLY BASTARDS
[22:10:39] masteroftheepics (uuid: 4150cd4b-a415-4298-bdc7-c9e330b466cc): Did u download this shop
