[10:41:32] TheRealColmagi (uuid: c98c1615-0764-41e1-848d-73152bfabe94): hi
[10:42:43] TheRealColmagi (uuid: c98c1615-0764-41e1-848d-73152bfabe94): hi
[10:47:10] TheRealColmagi (uuid: c98c1615-0764-41e1-848d-73152bfabe94): hi
[10:49:04] TheRealColmagi (uuid: c98c1615-0764-41e1-848d-73152bfabe94): hi
[10:58:09] TheRealColmagi (uuid: c98c1615-0764-41e1-848d-73152bfabe94): hi
[10:59:44] TheRealColmagi (uuid: c98c1615-0764-41e1-848d-73152bfabe94): hi
[11:51:45] TheRealColmagi (uuid: c98c1615-0764-41e1-848d-73152bfabe94): hi
[11:52:05] TheRealColmagi (uuid: c98c1615-0764-41e1-848d-73152bfabe94): hi
[11:53:57] TheRealColmagi (uuid: c98c1615-0764-41e1-848d-73152bfabe94): oui
[11:54:06] TheRealColmagi (uuid: c98c1615-0764-41e1-848d-73152bfabe94): xd
[11:54:07] TheRealColmagi (uuid: c98c1615-0764-41e1-848d-73152bfabe94): xd
[11:54:08] TheRealColmagi (uuid: c98c1615-0764-41e1-848d-73152bfabe94): xd
[11:58:43] TheRealColmagi (uuid: c98c1615-0764-41e1-848d-73152bfabe94): wat
[12:38:50] PhadingFuzzy (uuid: 4150cd4b-a415-4298-bdc7-c9e330b466cc): im just wasting tim
[12:38:52] PhadingFuzzy (uuid: 4150cd4b-a415-4298-bdc7-c9e330b466cc): time
[12:38:59] PhadingFuzzy (uuid: 4150cd4b-a415-4298-bdc7-c9e330b466cc): I want hi to setup a slimefun server
[12:39:01] PhadingFuzzy (uuid: 4150cd4b-a415-4298-bdc7-c9e330b466cc): hima
[12:39:10] Mrmapl3syrup (uuid: b3f11e18-ff16-45fe-85b7-bb69e73fb17c): he might
[12:39:13] Mrmapl3syrup (uuid: b3f11e18-ff16-45fe-85b7-bb69e73fb17c): idk
[12:39:17] PhadingFuzzy (uuid: 4150cd4b-a415-4298-bdc7-c9e330b466cc): Yea he said he would
[12:39:22] PhadingFuzzy (uuid: 4150cd4b-a415-4298-bdc7-c9e330b466cc): butz its a plugin
[12:39:23] Mrmapl3syrup (uuid: b3f11e18-ff16-45fe-85b7-bb69e73fb17c): our other two places could really be anything
[12:39:25] PhadingFuzzy (uuid: 4150cd4b-a415-4298-bdc7-c9e330b466cc): Cuz
[12:39:37] PhadingFuzzy (uuid: 4150cd4b-a415-4298-bdc7-c9e330b466cc): 0.0 Spammy shit condom land?
[12:39:47] Mrmapl3syrup (uuid: b3f11e18-ff16-45fe-85b7-bb69e73fb17c): sounds good with me
[13:04:25] Optivat_YT (uuid: 061f9ad6-a6fb-45da-8990-73890f965939): dada
[15:35:25] TheRealColmagi (uuid: c98c1615-0764-41e1-848d-73152bfabe94): TES
[15:35:27] TheRealColmagi (uuid: c98c1615-0764-41e1-848d-73152bfabe94): T
[16:00:04] TheRealColmagi (uuid: c98c1615-0764-41e1-848d-73152bfabe94): heloo again
[16:01:41] TheRealColmagi (uuid: c98c1615-0764-41e1-848d-73152bfabe94): pls
[16:04:48] TheRealColmagi (uuid: c98c1615-0764-41e1-848d-73152bfabe94): why
[16:05:58] TheRealColmagi (uuid: c98c1615-0764-41e1-848d-73152bfabe94): help
[16:08:28] TheRealColmagi (uuid: c98c1615-0764-41e1-848d-73152bfabe94): WHY JUST WHY
[16:09:49] TheRealColmagi (uuid: c98c1615-0764-41e1-848d-73152bfabe94): WHY THO
[16:11:20] TheRealColmagi (uuid: c98c1615-0764-41e1-848d-73152bfabe94): test
[16:17:06] TheRealColmagi (uuid: c98c1615-0764-41e1-848d-73152bfabe94): hi
[16:22:03] TheRealColmagi (uuid: c98c1615-0764-41e1-848d-73152bfabe94): ugh
[16:24:15] TheRealColmagi (uuid: c98c1615-0764-41e1-848d-73152bfabe94): omfg
[16:24:17] TheRealColmagi (uuid: c98c1615-0764-41e1-848d-73152bfabe94): WHY
[16:24:24] TheRealColmagi (uuid: c98c1615-0764-41e1-848d-73152bfabe94): im literally gonna kms
[16:25:47] TheRealColmagi (uuid: c98c1615-0764-41e1-848d-73152bfabe94): FUCK
[16:26:39] TheRealColmagi (uuid: c98c1615-0764-41e1-848d-73152bfabe94): HELP
[16:27:42] TheRealColmagi (uuid: c98c1615-0764-41e1-848d-73152bfabe94): WHY
[16:27:48] TheRealColmagi (uuid: c98c1615-0764-41e1-848d-73152bfabe94): PREFIXES WHERE DID YOU GO
[17:32:00] TheRealColmagi (uuid: c98c1615-0764-41e1-848d-73152bfabe94): help
[17:34:13] TheRealColmagi (uuid: c98c1615-0764-41e1-848d-73152bfabe94): halp
[18:13:09] TheRealColmagi (uuid: c98c1615-0764-41e1-848d-73152bfabe94): YAY
[18:13:14] TheRealColmagi (uuid: c98c1615-0764-41e1-848d-73152bfabe94): IT FUCKIGN WORKED
[18:58:50] TheRealColmagi (uuid: c98c1615-0764-41e1-848d-73152bfabe94): can confirm, am gay af
[20:30:50] PhadingFuzzy (uuid: 4150cd4b-a415-4298-bdc7-c9e330b466cc): hai
[20:31:18] TheRealColmagi (uuid: c98c1615-0764-41e1-848d-73152bfabe94): where is he hmmmmmmm
[20:33:22] TheRealColmagi (uuid: c98c1615-0764-41e1-848d-73152bfabe94): xd
[20:33:28] PhadingFuzzy (uuid: 4150cd4b-a415-4298-bdc7-c9e330b466cc): huh
[20:35:28] TheRealColmagi (uuid: c98c1615-0764-41e1-848d-73152bfabe94): is it badmaner
[20:35:31] TheRealColmagi (uuid: c98c1615-0764-41e1-848d-73152bfabe94): where did he go
[20:35:31] PhadingFuzzy (uuid: 4150cd4b-a415-4298-bdc7-c9e330b466cc): no
[20:35:35] PhadingFuzzy (uuid: 4150cd4b-a415-4298-bdc7-c9e330b466cc): his name is agariolover
[20:35:37] PhadingFuzzy (uuid: 4150cd4b-a415-4298-bdc7-c9e330b466cc): idk
[20:35:43] PhadingFuzzy (uuid: 4150cd4b-a415-4298-bdc7-c9e330b466cc): bad's brother took over his comp
[20:35:46] TheRealColmagi (uuid: c98c1615-0764-41e1-848d-73152bfabe94): hiiiii
[20:35:46] PhadingFuzzy (uuid: 4150cd4b-a415-4298-bdc7-c9e330b466cc): oh there he is!
[20:35:50] PhadingFuzzy (uuid: 4150cd4b-a415-4298-bdc7-c9e330b466cc): hello
[20:35:50] Mrmapl3syrup (uuid: b3f11e18-ff16-45fe-85b7-bb69e73fb17c): anal
[20:35:53] TheRealColmagi (uuid: c98c1615-0764-41e1-848d-73152bfabe94): fuzzys trin to get ppl on
[20:35:53] PhadingFuzzy (uuid: 4150cd4b-a415-4298-bdc7-c9e330b466cc): See
[20:35:56] PhadingFuzzy (uuid: 4150cd4b-a415-4298-bdc7-c9e330b466cc): Hes a hacker
[20:35:59] PhadingFuzzy (uuid: 4150cd4b-a415-4298-bdc7-c9e330b466cc): he got admin already
[20:36:05] Mrmapl3syrup (uuid: b3f11e18-ff16-45fe-85b7-bb69e73fb17c): cool
[20:36:20] Mrmapl3syrup (uuid: b3f11e18-ff16-45fe-85b7-bb69e73fb17c): get in the discord magi
[20:36:31] TheRealColmagi (uuid: c98c1615-0764-41e1-848d-73152bfabe94): do u want to listen to sqeaky clarinet sound
[20:36:36] Mrmapl3syrup (uuid: b3f11e18-ff16-45fe-85b7-bb69e73fb17c): not really
[20:36:40] TheRealColmagi (uuid: c98c1615-0764-41e1-848d-73152bfabe94): then i wont join
[20:36:45] Mrmapl3syrup (uuid: b3f11e18-ff16-45fe-85b7-bb69e73fb17c): join please
[20:36:46] PhadingFuzzy (uuid: 4150cd4b-a415-4298-bdc7-c9e330b466cc): he cant join
[20:36:48] PhadingFuzzy (uuid: 4150cd4b-a415-4298-bdc7-c9e330b466cc): idk
[20:36:56] TheRealColmagi (uuid: c98c1615-0764-41e1-848d-73152bfabe94): ask him for the error msg
[20:36:58] PhadingFuzzy (uuid: 4150cd4b-a415-4298-bdc7-c9e330b466cc): we probs gonna go to a diff server
[20:37:03] PhadingFuzzy (uuid: 4150cd4b-a415-4298-bdc7-c9e330b466cc): it says restart game
[20:37:07] PhadingFuzzy (uuid: 4150cd4b-a415-4298-bdc7-c9e330b466cc): and hedid
[20:37:12] PhadingFuzzy (uuid: 4150cd4b-a415-4298-bdc7-c9e330b466cc): bye!
[20:37:14] TheRealColmagi (uuid: c98c1615-0764-41e1-848d-73152bfabe94): invalid session?
[20:37:15] Mrmapl3syrup (uuid: b3f11e18-ff16-45fe-85b7-bb69e73fb17c): what version is he running
[20:37:16] Mrmapl3syrup (uuid: b3f11e18-ff16-45fe-85b7-bb69e73fb17c): oh.
[20:37:19] Mrmapl3syrup (uuid: b3f11e18-ff16-45fe-85b7-bb69e73fb17c): nevermind then
[20:37:22] Mrmapl3syrup (uuid: b3f11e18-ff16-45fe-85b7-bb69e73fb17c): now it is just you and me
[20:37:40] Mrmapl3syrup (uuid: b3f11e18-ff16-45fe-85b7-bb69e73fb17c): ???? ??? ???? ????? ???? ???? ?????
[20:37:45] Mrmapl3syrup (uuid: b3f11e18-ff16-45fe-85b7-bb69e73fb17c): reee
[20:38:08] TheRealColmagi (uuid: c98c1615-0764-41e1-848d-73152bfabe94): i was checking logs
[20:38:27] TheRealColmagi (uuid: c98c1615-0764-41e1-848d-73152bfabe94): he did connect to the server
[20:38:31] TheRealColmagi (uuid: c98c1615-0764-41e1-848d-73152bfabe94): i guess he never logged in?
[20:38:46] TheRealColmagi (uuid: c98c1615-0764-41e1-848d-73152bfabe94): wtf
[20:39:27] Mrmapl3syrup (uuid: b3f11e18-ff16-45fe-85b7-bb69e73fb17c): rn im getting my minecraft to look
[20:39:29] Mrmapl3syrup (uuid: b3f11e18-ff16-45fe-85b7-bb69e73fb17c): s e x y
[20:41:07] TheRealColmagi (uuid: c98c1615-0764-41e1-848d-73152bfabe94): k
[20:41:39] Mrmapl3syrup (uuid: b3f11e18-ff16-45fe-85b7-bb69e73fb17c): holy shit
[20:41:48] Mrmapl3syrup (uuid: b3f11e18-ff16-45fe-85b7-bb69e73fb17c): shorty gave me a garbo pc a while ago
[20:41:52] Mrmapl3syrup (uuid: b3f11e18-ff16-45fe-85b7-bb69e73fb17c): and now that he is mad
[20:41:56] Mrmapl3syrup (uuid: b3f11e18-ff16-45fe-85b7-bb69e73fb17c): he wants it back
[20:41:57] Mrmapl3syrup (uuid: b3f11e18-ff16-45fe-85b7-bb69e73fb17c): . . .
[20:41:59] Mrmapl3syrup (uuid: b3f11e18-ff16-45fe-85b7-bb69e73fb17c): w o t
[20:42:14] Mrmapl3syrup (uuid: b3f11e18-ff16-45fe-85b7-bb69e73fb17c): Well he was gonna want it back
[20:42:21] Mrmapl3syrup (uuid: b3f11e18-ff16-45fe-85b7-bb69e73fb17c): but, i lied and said I was gonna give it to my cousin
[20:42:23] Mrmapl3syrup (uuid: b3f11e18-ff16-45fe-85b7-bb69e73fb17c): laffs
[20:43:53] TheRealColmagi (uuid: c98c1615-0764-41e1-848d-73152bfabe94): xd
[22:52:40] TheRealColmagi (uuid: c98c1615-0764-41e1-848d-73152bfabe94): ay
[22:52:46] TheRealColmagi (uuid: c98c1615-0764-41e1-848d-73152bfabe94): do u have a rank?
[22:59:22] PhadingFuzzy (uuid: 4150cd4b-a415-4298-bdc7-c9e330b466cc): Connected with MineChat
[23:04:06] PhadingFuzzy (uuid: 4150cd4b-a415-4298-bdc7-c9e330b466cc): Connected with MineChat
