[12:32:46] TheRealColmagi (uuid: c98c1615-0764-41e1-848d-73152bfabe94): hi bitch
[12:35:08] Mrmapl3syrup (uuid: b3f11e18-ff16-45fe-85b7-bb69e73fb17c): Yo
[12:35:15] Mrmapl3syrup (uuid: b3f11e18-ff16-45fe-85b7-bb69e73fb17c): everything was griefed
[12:35:24] masteroftheepics (uuid: 4150cd4b-a415-4298-bdc7-c9e330b466cc): no shit
[12:35:28] TheRealColmagi (uuid: c98c1615-0764-41e1-848d-73152bfabe94): he knows already
[12:35:29] Mrmapl3syrup (uuid: b3f11e18-ff16-45fe-85b7-bb69e73fb17c): o u already know
[12:36:27] masteroftheepics (uuid: 4150cd4b-a415-4298-bdc7-c9e330b466cc): Can i make a IG Farm
[12:36:29] Mrmapl3syrup (uuid: b3f11e18-ff16-45fe-85b7-bb69e73fb17c): Bluegamermaster and Colmagi are the only people who are suspects
[12:36:35] TheRealColmagi (uuid: c98c1615-0764-41e1-848d-73152bfabe94): wow ok
[12:36:37] Mrmapl3syrup (uuid: b3f11e18-ff16-45fe-85b7-bb69e73fb17c): I think its blue
[12:36:38] TheRealColmagi (uuid: c98c1615-0764-41e1-848d-73152bfabe94): totally me
[12:36:52] masteroftheepics (uuid: 4150cd4b-a415-4298-bdc7-c9e330b466cc): Can i make a IG Farm
[12:37:43] masteroftheepics (uuid: 4150cd4b-a415-4298-bdc7-c9e330b466cc): Can I make a IG Farm
[12:40:09] masteroftheepics (uuid: 4150cd4b-a415-4298-bdc7-c9e330b466cc): Can i make a IG Farm
[12:40:10] masteroftheepics (uuid: 4150cd4b-a415-4298-bdc7-c9e330b466cc): Can i make a IG Farm
[12:40:11] masteroftheepics (uuid: 4150cd4b-a415-4298-bdc7-c9e330b466cc): Can i make a IG Farm
[12:40:12] masteroftheepics (uuid: 4150cd4b-a415-4298-bdc7-c9e330b466cc): Can i make a IG Farm
[12:40:12] masteroftheepics (uuid: 4150cd4b-a415-4298-bdc7-c9e330b466cc): Can i make a IG Farm
[12:40:53] Mrmapl3syrup (uuid: b3f11e18-ff16-45fe-85b7-bb69e73fb17c): Master your the only main suspect :V
[12:41:04] masteroftheepics (uuid: 4150cd4b-a415-4298-bdc7-c9e330b466cc): Good to know.
[12:41:34] Mrmapl3syrup (uuid: b3f11e18-ff16-45fe-85b7-bb69e73fb17c): All the griefing happened after Colmagi left
[12:41:53] masteroftheepics (uuid: 4150cd4b-a415-4298-bdc7-c9e330b466cc): Fuck off I don't want to listen to your "Sherlock" SHit
[12:42:11] Mrmapl3syrup (uuid: b3f11e18-ff16-45fe-85b7-bb69e73fb17c): Alright I wont tell you the evidence
[12:45:04] watermelonman53 (uuid: 26666a91-29a2-487f-bda5-16d4919282a0): suiside
[12:47:06] masteroftheepics (uuid: 4150cd4b-a415-4298-bdc7-c9e330b466cc): If I see u in my house agian
[12:47:12] masteroftheepics (uuid: 4150cd4b-a415-4298-bdc7-c9e330b466cc): I will kill you
[12:47:18] Mrmapl3syrup (uuid: b3f11e18-ff16-45fe-85b7-bb69e73fb17c): lol
[12:49:36] masteroftheepics (uuid: 4150cd4b-a415-4298-bdc7-c9e330b466cc): Last time
[12:49:38] masteroftheepics (uuid: 4150cd4b-a415-4298-bdc7-c9e330b466cc): Fuck
[12:49:39] masteroftheepics (uuid: 4150cd4b-a415-4298-bdc7-c9e330b466cc): Off
[12:49:47] Mrmapl3syrup (uuid: b3f11e18-ff16-45fe-85b7-bb69e73fb17c): wtf r we doing
[12:49:50] Mrmapl3syrup (uuid: b3f11e18-ff16-45fe-85b7-bb69e73fb17c): This isnt your village
[12:49:54] masteroftheepics (uuid: 4150cd4b-a415-4298-bdc7-c9e330b466cc): Thats it
[12:50:48] Mrmapl3syrup (uuid: b3f11e18-ff16-45fe-85b7-bb69e73fb17c): Ass hat
[12:51:09] Mrmapl3syrup (uuid: b3f11e18-ff16-45fe-85b7-bb69e73fb17c): We didnt do shit
[12:51:19] Mrmapl3syrup (uuid: b3f11e18-ff16-45fe-85b7-bb69e73fb17c): You were griefing
[12:51:20] masteroftheepics (uuid: 4150cd4b-a415-4298-bdc7-c9e330b466cc): Listen here u lil shit
[12:51:25] masteroftheepics (uuid: 4150cd4b-a415-4298-bdc7-c9e330b466cc): I told you to FUCK OFF
[12:51:30] masteroftheepics (uuid: 4150cd4b-a415-4298-bdc7-c9e330b466cc): So do it.
[12:51:32] masteroftheepics (uuid: 4150cd4b-a415-4298-bdc7-c9e330b466cc): FUCK OFF
[12:51:37] Mrmapl3syrup (uuid: b3f11e18-ff16-45fe-85b7-bb69e73fb17c): No
[12:52:34] Mrmapl3syrup (uuid: b3f11e18-ff16-45fe-85b7-bb69e73fb17c): tpa to me if you want ur stuff back
[12:52:47] masteroftheepics (uuid: 4150cd4b-a415-4298-bdc7-c9e330b466cc): No. Its evidence you two are being lil shits
[12:52:49] Mrmapl3syrup (uuid: b3f11e18-ff16-45fe-85b7-bb69e73fb17c): :v
[12:52:55] Mrmapl3syrup (uuid: b3f11e18-ff16-45fe-85b7-bb69e73fb17c): We are????
[12:53:00] Mrmapl3syrup (uuid: b3f11e18-ff16-45fe-85b7-bb69e73fb17c): You were griefing!!
[12:53:04] Mrmapl3syrup (uuid: b3f11e18-ff16-45fe-85b7-bb69e73fb17c): I stopped you
[12:53:14] masteroftheepics (uuid: 4150cd4b-a415-4298-bdc7-c9e330b466cc): And you were going into my house repeatedly after I told you to FUCK OFF
[12:53:33] Mrmapl3syrup (uuid: b3f11e18-ff16-45fe-85b7-bb69e73fb17c): I was checking for some of the items we lost
[12:53:39] Mrmapl3syrup (uuid: b3f11e18-ff16-45fe-85b7-bb69e73fb17c): Like all of our enchanted books
[12:53:51] masteroftheepics (uuid: 4150cd4b-a415-4298-bdc7-c9e330b466cc): Yea shut up you liar. You couldve told me. Stop making up shit lies
[12:54:02] Mrmapl3syrup (uuid: b3f11e18-ff16-45fe-85b7-bb69e73fb17c): Im not lieing
[12:54:06] Mrmapl3syrup (uuid: b3f11e18-ff16-45fe-85b7-bb69e73fb17c): You can ask magi
[12:54:11] Mrmapl3syrup (uuid: b3f11e18-ff16-45fe-85b7-bb69e73fb17c): Our books were stolen
[12:54:24] masteroftheepics (uuid: 4150cd4b-a415-4298-bdc7-c9e330b466cc): Yea, my ass. I was there when we saw the shit burned
[12:54:32] watermelonman53 (uuid: 26666a91-29a2-487f-bda5-16d4919282a0): we are missing half of our chests
[12:54:36] Mrmapl3syrup (uuid: b3f11e18-ff16-45fe-85b7-bb69e73fb17c): Yeah
[12:54:37] masteroftheepics (uuid: 4150cd4b-a415-4298-bdc7-c9e330b466cc): Meanwhile, you two werent even on the fucking server
[12:54:43] Mrmapl3syrup (uuid: b3f11e18-ff16-45fe-85b7-bb69e73fb17c): Yep
[12:54:50] Mrmapl3syrup (uuid: b3f11e18-ff16-45fe-85b7-bb69e73fb17c): Someone stole our enchanted books
[12:54:57] Mrmapl3syrup (uuid: b3f11e18-ff16-45fe-85b7-bb69e73fb17c): And we were checking if you had them
[12:55:02] Mrmapl3syrup (uuid: b3f11e18-ff16-45fe-85b7-bb69e73fb17c): Nothing more nothing less
[12:55:04] masteroftheepics (uuid: 4150cd4b-a415-4298-bdc7-c9e330b466cc): Well guess what? NOT ME
[12:55:06] masteroftheepics (uuid: 4150cd4b-a415-4298-bdc7-c9e330b466cc): NOW FUCK OFF
[12:55:10] Mrmapl3syrup (uuid: b3f11e18-ff16-45fe-85b7-bb69e73fb17c): Do you want your stuff back or not?
[12:55:21] Mrmapl3syrup (uuid: b3f11e18-ff16-45fe-85b7-bb69e73fb17c): Its all here waiting for ya
[12:55:24] masteroftheepics (uuid: 4150cd4b-a415-4298-bdc7-c9e330b466cc): THE MORE U SAY THAT SHIT THE MORE IM CONVINCED YOU TWO ARE LIL SHITS
[12:55:35] masteroftheepics (uuid: 4150cd4b-a415-4298-bdc7-c9e330b466cc): Fuck off/
[12:55:40] Mrmapl3syrup (uuid: b3f11e18-ff16-45fe-85b7-bb69e73fb17c): So you dont?
[12:55:50] masteroftheepics (uuid: 4150cd4b-a415-4298-bdc7-c9e330b466cc): No. As I said before, its evidence.
[12:56:01] Mrmapl3syrup (uuid: b3f11e18-ff16-45fe-85b7-bb69e73fb17c): Evidence for what?
[12:56:10] masteroftheepics (uuid: 4150cd4b-a415-4298-bdc7-c9e330b466cc): The shit you did.
[12:56:13] Mrmapl3syrup (uuid: b3f11e18-ff16-45fe-85b7-bb69e73fb17c): Trying to get me banned or something because we are suspicous???
[12:56:17] Mrmapl3syrup (uuid: b3f11e18-ff16-45fe-85b7-bb69e73fb17c): wtf did I do????
[12:56:18] masteroftheepics (uuid: 4150cd4b-a415-4298-bdc7-c9e330b466cc): Now stop talking. Leave me alone. FUCK OFF
[12:57:51] Mrmapl3syrup (uuid: b3f11e18-ff16-45fe-85b7-bb69e73fb17c): Your stuff just despawned m8
[12:58:22] masteroftheepics (uuid: 4150cd4b-a415-4298-bdc7-c9e330b466cc): Can you repeat the last two words I said
[12:58:33] Mrmapl3syrup (uuid: b3f11e18-ff16-45fe-85b7-bb69e73fb17c): ¯\_(?)_/¯
[12:58:38] Mrmapl3syrup (uuid: b3f11e18-ff16-45fe-85b7-bb69e73fb17c): CAN I
[12:58:52] masteroftheepics (uuid: 4150cd4b-a415-4298-bdc7-c9e330b466cc): No, looks like you cant. It says FUCK OFF
[12:59:02] Mrmapl3syrup (uuid: b3f11e18-ff16-45fe-85b7-bb69e73fb17c): Oh thanks for telling me
[12:59:33] TheRealColmagi (uuid: c98c1615-0764-41e1-848d-73152bfabe94): aloha snackabar
[12:59:36] masteroftheepics (uuid: 4150cd4b-a415-4298-bdc7-c9e330b466cc): Look here. I don't care who the shit you think you are. Just cuz you are spoiled little shits and you pay for a fucking rank dosent give you the right to fuck around.
[12:59:41] masteroftheepics (uuid: 4150cd4b-a415-4298-bdc7-c9e330b466cc): Now. FUCK OFF
[13:03:54] masteroftheepics (uuid: 4150cd4b-a415-4298-bdc7-c9e330b466cc): FUCK OFF
[13:03:55] masteroftheepics (uuid: 4150cd4b-a415-4298-bdc7-c9e330b466cc): FUCK OFF
[13:03:55] masteroftheepics (uuid: 4150cd4b-a415-4298-bdc7-c9e330b466cc): FUCK OFF
[13:03:55] masteroftheepics (uuid: 4150cd4b-a415-4298-bdc7-c9e330b466cc): FUCK OFF
[13:03:56] masteroftheepics (uuid: 4150cd4b-a415-4298-bdc7-c9e330b466cc): FUCK OFF
[13:03:56] masteroftheepics (uuid: 4150cd4b-a415-4298-bdc7-c9e330b466cc): FUCK OFF
[13:03:56] masteroftheepics (uuid: 4150cd4b-a415-4298-bdc7-c9e330b466cc): FUCK OFF
[13:03:57] masteroftheepics (uuid: 4150cd4b-a415-4298-bdc7-c9e330b466cc): FUCK OFF
[13:03:57] masteroftheepics (uuid: 4150cd4b-a415-4298-bdc7-c9e330b466cc): FUCK OFF
[13:03:57] masteroftheepics (uuid: 4150cd4b-a415-4298-bdc7-c9e330b466cc): FUCK OFF
[13:03:58] masteroftheepics (uuid: 4150cd4b-a415-4298-bdc7-c9e330b466cc): FUCK OFF
[13:04:00] Mrmapl3syrup (uuid: b3f11e18-ff16-45fe-85b7-bb69e73fb17c): lol
[13:04:03] TheRealColmagi (uuid: c98c1615-0764-41e1-848d-73152bfabe94): it was a mistake on his part
[13:04:07] TheRealColmagi (uuid: c98c1615-0764-41e1-848d-73152bfabe94): he meant to tp to me
[13:07:03] Mrmapl3syrup (uuid: b3f11e18-ff16-45fe-85b7-bb69e73fb17c): wat r u doing
[13:07:07] masteroftheepics (uuid: 4150cd4b-a415-4298-bdc7-c9e330b466cc): FUCK OFF
[13:07:08] masteroftheepics (uuid: 4150cd4b-a415-4298-bdc7-c9e330b466cc): FUCK OFF
[13:07:08] masteroftheepics (uuid: 4150cd4b-a415-4298-bdc7-c9e330b466cc): FUCK OFF
[13:07:08] masteroftheepics (uuid: 4150cd4b-a415-4298-bdc7-c9e330b466cc): FUCK OFF
[13:07:10] masteroftheepics (uuid: 4150cd4b-a415-4298-bdc7-c9e330b466cc): FUCK OFF
[13:07:11] masteroftheepics (uuid: 4150cd4b-a415-4298-bdc7-c9e330b466cc): FUCK OFF
[13:07:11] masteroftheepics (uuid: 4150cd4b-a415-4298-bdc7-c9e330b466cc): FUCK OFF
[13:07:11] masteroftheepics (uuid: 4150cd4b-a415-4298-bdc7-c9e330b466cc): FUCK OFF
[13:09:53] TheRealColmagi (uuid: c98c1615-0764-41e1-848d-73152bfabe94): jesus christ
[13:09:55] TheRealColmagi (uuid: c98c1615-0764-41e1-848d-73152bfabe94): what u doin
[13:10:01] masteroftheepics (uuid: 4150cd4b-a415-4298-bdc7-c9e330b466cc): Making a house.
[13:10:12] TheRealColmagi (uuid: c98c1615-0764-41e1-848d-73152bfabe94): above the village?
[13:10:14] TheRealColmagi (uuid: c98c1615-0764-41e1-848d-73152bfabe94): uh huh
[13:10:19] Mrmapl3syrup (uuid: b3f11e18-ff16-45fe-85b7-bb69e73fb17c): Yeah right above it,,,
[13:10:24] masteroftheepics (uuid: 4150cd4b-a415-4298-bdc7-c9e330b466cc): FUCK OFF
[13:10:25] masteroftheepics (uuid: 4150cd4b-a415-4298-bdc7-c9e330b466cc): FUCK OFF
[13:10:25] masteroftheepics (uuid: 4150cd4b-a415-4298-bdc7-c9e330b466cc): FUCK OFF
[13:10:26] masteroftheepics (uuid: 4150cd4b-a415-4298-bdc7-c9e330b466cc): FUCK OFF
[13:10:26] masteroftheepics (uuid: 4150cd4b-a415-4298-bdc7-c9e330b466cc): FUCK OFF
[13:10:49] TheRealColmagi (uuid: c98c1615-0764-41e1-848d-73152bfabe94): well ur gonna have to check with bluegamer to see if its ok
[13:11:08] masteroftheepics (uuid: 4150cd4b-a415-4298-bdc7-c9e330b466cc): Unless 2 lil shits grief it first
[13:11:17] Mrmapl3syrup (uuid: b3f11e18-ff16-45fe-85b7-bb69e73fb17c): We didnt grief a thing
[13:11:25] masteroftheepics (uuid: 4150cd4b-a415-4298-bdc7-c9e330b466cc): My
[13:11:27] masteroftheepics (uuid: 4150cd4b-a415-4298-bdc7-c9e330b466cc): Ass
[13:11:34] Mrmapl3syrup (uuid: b3f11e18-ff16-45fe-85b7-bb69e73fb17c): What did we grief????
[13:11:49] masteroftheepics (uuid: 4150cd4b-a415-4298-bdc7-c9e330b466cc): FUCK OFF
[13:11:58] masteroftheepics (uuid: 4150cd4b-a415-4298-bdc7-c9e330b466cc): Btw, thats in my copy/paste
[13:12:02] Mrmapl3syrup (uuid: b3f11e18-ff16-45fe-85b7-bb69e73fb17c): Ik
[13:13:04] TheRealColmagi (uuid: c98c1615-0764-41e1-848d-73152bfabe94): hi blue
[13:13:08] Mrmapl3syrup (uuid: b3f11e18-ff16-45fe-85b7-bb69e73fb17c): hi blue
[13:13:17] Mrmapl3syrup (uuid: b3f11e18-ff16-45fe-85b7-bb69e73fb17c): Might wanna look above your village
[13:13:21] masteroftheepics (uuid: 4150cd4b-a415-4298-bdc7-c9e330b466cc): FUCK OFF
[13:13:47] Mrmapl3syrup (uuid: b3f11e18-ff16-45fe-85b7-bb69e73fb17c): how does it look lol
[13:13:47] TheBlueGamer0 (uuid: 654713d4-034f-41ff-acad-c3b9ced485de): why are you bulding shit, havent i told you not to?
[13:14:09] Mrmapl3syrup (uuid: b3f11e18-ff16-45fe-85b7-bb69e73fb17c): OMG
[13:14:10] Mrmapl3syrup (uuid: b3f11e18-ff16-45fe-85b7-bb69e73fb17c): LMAO
[13:14:21] TheRealColmagi (uuid: c98c1615-0764-41e1-848d-73152bfabe94): we got worldedit for that
[13:15:44] masteroftheepics (uuid: 4150cd4b-a415-4298-bdc7-c9e330b466cc): Hey, james, maybe you should remove the "Have Fun!" Sign from spawn.
[13:15:53] Mrmapl3syrup (uuid: b3f11e18-ff16-45fe-85b7-bb69e73fb17c): I like it
[13:15:56] Mrmapl3syrup (uuid: b3f11e18-ff16-45fe-85b7-bb69e73fb17c): Its fun
[13:16:01] masteroftheepics (uuid: 4150cd4b-a415-4298-bdc7-c9e330b466cc): FUCK OFF
[13:16:02] masteroftheepics (uuid: 4150cd4b-a415-4298-bdc7-c9e330b466cc): FUCK OFF
[13:16:02] masteroftheepics (uuid: 4150cd4b-a415-4298-bdc7-c9e330b466cc): FUCK OFF
[13:16:02] masteroftheepics (uuid: 4150cd4b-a415-4298-bdc7-c9e330b466cc): FUCK OFF
[13:16:02] masteroftheepics (uuid: 4150cd4b-a415-4298-bdc7-c9e330b466cc): FUCK OFF
[13:16:03] masteroftheepics (uuid: 4150cd4b-a415-4298-bdc7-c9e330b466cc): FUCK OFF
[13:16:03] masteroftheepics (uuid: 4150cd4b-a415-4298-bdc7-c9e330b466cc): FUCK OFF
[13:16:06] Mrmapl3syrup (uuid: b3f11e18-ff16-45fe-85b7-bb69e73fb17c): Stop spamming
[13:16:12] masteroftheepics (uuid: 4150cd4b-a415-4298-bdc7-c9e330b466cc): STOP FUCKING FOLLOWING ME U LITTLE SHIT
[13:16:13] TheBlueGamer0 (uuid: 654713d4-034f-41ff-acad-c3b9ced485de): FrostyPyro has traded for: Taunt: Party Trick
[13:16:20] Mrmapl3syrup (uuid: b3f11e18-ff16-45fe-85b7-bb69e73fb17c): I didnt know u were here
[13:16:20] TheBlueGamer0 (uuid: 654713d4-034f-41ff-acad-c3b9ced485de): unusual :P
[13:16:24] masteroftheepics (uuid: 4150cd4b-a415-4298-bdc7-c9e330b466cc): MY ASS
[13:16:33] Mrmapl3syrup (uuid: b3f11e18-ff16-45fe-85b7-bb69e73fb17c): How would I know?
[13:16:35] TheBlueGamer0 (uuid: 654713d4-034f-41ff-acad-c3b9ced485de): wanna bet
[13:16:37] TheRealColmagi (uuid: c98c1615-0764-41e1-848d-73152bfabe94): its pretty obvious that when u die u respawn at SPAWN
[13:16:40] masteroftheepics (uuid: 4150cd4b-a415-4298-bdc7-c9e330b466cc): "I didn't know you were here"
[13:16:41] Mrmapl3syrup (uuid: b3f11e18-ff16-45fe-85b7-bb69e73fb17c): o
[13:16:44] Mrmapl3syrup (uuid: b3f11e18-ff16-45fe-85b7-bb69e73fb17c): lol
[13:16:49] Mrmapl3syrup (uuid: b3f11e18-ff16-45fe-85b7-bb69e73fb17c): I thought he had a bed tho
[13:16:54] TheBlueGamer0 (uuid: 654713d4-034f-41ff-acad-c3b9ced485de): master
[13:16:59] TheBlueGamer0 (uuid: 654713d4-034f-41ff-acad-c3b9ced485de): master
[13:17:03] masteroftheepics (uuid: 4150cd4b-a415-4298-bdc7-c9e330b466cc): Except I dont want to live near a asshole
[13:17:09] masteroftheepics (uuid: 4150cd4b-a415-4298-bdc7-c9e330b466cc): yes
[13:17:11] Mrmapl3syrup (uuid: b3f11e18-ff16-45fe-85b7-bb69e73fb17c): I didnt do shit
[13:17:20] TheBlueGamer0 (uuid: 654713d4-034f-41ff-acad-c3b9ced485de): ook, this is your last chance, if you need anything built on here ask me first, its my village
[13:17:24] masteroftheepics (uuid: 4150cd4b-a415-4298-bdc7-c9e330b466cc): yea, nothing but kill me and fuck around
[13:17:36] Mrmapl3syrup (uuid: b3f11e18-ff16-45fe-85b7-bb69e73fb17c): Stop holding a grudge
[13:17:41] masteroftheepics (uuid: 4150cd4b-a415-4298-bdc7-c9e330b466cc): Dont worry, im not living in the village anymore
[13:17:45] TheBlueGamer0 (uuid: 654713d4-034f-41ff-acad-c3b9ced485de): okay
[13:17:51] TheBlueGamer0 (uuid: 654713d4-034f-41ff-acad-c3b9ced485de): kay
[13:18:19] masteroftheepics (uuid: 4150cd4b-a415-4298-bdc7-c9e330b466cc): Yo james, tell me when you get rid of the two little shits.
[13:18:21] masteroftheepics (uuid: 4150cd4b-a415-4298-bdc7-c9e330b466cc): Bye
[13:18:28] TheBlueGamer0 (uuid: 654713d4-034f-41ff-acad-c3b9ced485de): then you may start from scratch
[13:18:30] TheBlueGamer0 (uuid: 654713d4-034f-41ff-acad-c3b9ced485de): oh
[13:18:30] TheRealColmagi (uuid: c98c1615-0764-41e1-848d-73152bfabe94): §4§LTRIGGERED
[13:18:34] TheRealColmagi (uuid: c98c1615-0764-41e1-848d-73152bfabe94): §4§LTRIGGERED
[13:18:35] TheRealColmagi (uuid: c98c1615-0764-41e1-848d-73152bfabe94): §4§LTRIGGERED
[13:18:39] TheBlueGamer0 (uuid: 654713d4-034f-41ff-acad-c3b9ced485de): he is added to my skyblock brb'
[13:18:44] TheRealColmagi (uuid: c98c1615-0764-41e1-848d-73152bfabe94): OH SHIT
[13:18:48] Mrmapl3syrup (uuid: b3f11e18-ff16-45fe-85b7-bb69e73fb17c): OH SHIT THE DRAMA
[13:19:02] Mrmapl3syrup (uuid: b3f11e18-ff16-45fe-85b7-bb69e73fb17c): TUNE IT NEXT TIME ON BIG BLOCK TO SEE IF WE GET BANNED!!!
[13:19:05] TheRealColmagi (uuid: c98c1615-0764-41e1-848d-73152bfabe94): WHAT IS §LUP §RDRAMA ALERT NATION IM YOUR HOST §LKILLER KEEEEEMSTAR
[13:31:33] TheRealColmagi (uuid: c98c1615-0764-41e1-848d-73152bfabe94): stop muting urself pls
[13:36:34] TheBlueGamer0 (uuid: 654713d4-034f-41ff-acad-c3b9ced485de): one sec ok
[13:36:38] TheRealColmagi (uuid: c98c1615-0764-41e1-848d-73152bfabe94): bluegamer
[13:36:41] TheRealColmagi (uuid: c98c1615-0764-41e1-848d-73152bfabe94): y u mute urself
[13:36:51] TheRealColmagi (uuid: c98c1615-0764-41e1-848d-73152bfabe94): why
[13:40:53] TheRealColmagi (uuid: c98c1615-0764-41e1-848d-73152bfabe94): KIT LEGEND GIVEAWAY
[13:41:00] TheRealColmagi (uuid: c98c1615-0764-41e1-848d-73152bfabe94): OOOOOOOOOOOOOOOOOOOHHHHHHHHHHH
[13:41:05] TheRealColmagi (uuid: c98c1615-0764-41e1-848d-73152bfabe94): WHOS GONA WIN
[13:41:13] TheBlueGamer0 (uuid: 654713d4-034f-41ff-acad-c3b9ced485de): me
[13:42:13] Mrmapl3syrup (uuid: b3f11e18-ff16-45fe-85b7-bb69e73fb17c): GIVE ME MOD NOW FAGGOTS XDDDDDDDDDDDD
[13:42:17] Mrmapl3syrup (uuid: b3f11e18-ff16-45fe-85b7-bb69e73fb17c): XXDDDD
[13:42:19] TheBlueGamer0 (uuid: 654713d4-034f-41ff-acad-c3b9ced485de): xdddddd
[13:44:14] TheRealColmagi (uuid: c98c1615-0764-41e1-848d-73152bfabe94): IM BACK BITCHES
[13:45:59] TheRealColmagi (uuid: c98c1615-0764-41e1-848d-73152bfabe94): lets build shit
[13:46:28] TheRealColmagi (uuid: c98c1615-0764-41e1-848d-73152bfabe94): fukin retard
[13:47:22] TheRealColmagi (uuid: c98c1615-0764-41e1-848d-73152bfabe94): yoga pants
[13:47:26] TheRealColmagi (uuid: c98c1615-0764-41e1-848d-73152bfabe94): maple's favorite
[13:47:33] Mrmapl3syrup (uuid: b3f11e18-ff16-45fe-85b7-bb69e73fb17c): *ORGASM*
[13:52:17] TheRealColmagi (uuid: c98c1615-0764-41e1-848d-73152bfabe94): dont tell me what to do bitch
[13:52:24] TheRealColmagi (uuid: c98c1615-0764-41e1-848d-73152bfabe94): if i want to be baltop i will
[13:53:56] Mrmapl3syrup (uuid: b3f11e18-ff16-45fe-85b7-bb69e73fb17c): lick my butt
[13:56:38] TheRealColmagi (uuid: c98c1615-0764-41e1-848d-73152bfabe94): big ger
[13:56:42] TheRealColmagi (uuid: c98c1615-0764-41e1-848d-73152bfabe94): nig ger
[13:56:47] Mrmapl3syrup (uuid: b3f11e18-ff16-45fe-85b7-bb69e73fb17c): RACIST
[13:56:54] Mrmapl3syrup (uuid: b3f11e18-ff16-45fe-85b7-bb69e73fb17c): BAN HIM BAN HIOIIIIIIIIIIIIm
[13:56:57] TheRealColmagi (uuid: c98c1615-0764-41e1-848d-73152bfabe94): i said big and ger?
[13:56:59] TheRealColmagi (uuid: c98c1615-0764-41e1-848d-73152bfabe94): and nig
[13:57:02] TheRealColmagi (uuid: c98c1615-0764-41e1-848d-73152bfabe94): and ger
[13:57:09] TheRealColmagi (uuid: c98c1615-0764-41e1-848d-73152bfabe94): those arent even words
[13:57:11] Mrmapl3syrup (uuid: b3f11e18-ff16-45fe-85b7-bb69e73fb17c): Nig nog
[13:57:11] TheRealColmagi (uuid: c98c1615-0764-41e1-848d-73152bfabe94): except big
[13:57:16] watermelonman53 (uuid: 26666a91-29a2-487f-bda5-16d4919282a0): nig nog
[13:57:46] TheRealColmagi (uuid: c98c1615-0764-41e1-848d-73152bfabe94): YOU CANNOT BAN
[13:57:50] TheRealColmagi (uuid: c98c1615-0764-41e1-848d-73152bfabe94): THE NICKER
[13:58:44] TheRealColmagi (uuid: c98c1615-0764-41e1-848d-73152bfabe94): u negro
[13:58:46] TheRealColmagi (uuid: c98c1615-0764-41e1-848d-73152bfabe94): watch this
[13:58:52] TheRealColmagi (uuid: c98c1615-0764-41e1-848d-73152bfabe94): ez
[13:59:04] TheRealColmagi (uuid: c98c1615-0764-41e1-848d-73152bfabe94): sik dab
[13:59:31] TheRealColmagi (uuid: c98c1615-0764-41e1-848d-73152bfabe94): nigger
[14:06:07] TheRealColmagi (uuid: c98c1615-0764-41e1-848d-73152bfabe94): why are there random patches of light
[14:06:41] Mrmapl3syrup (uuid: b3f11e18-ff16-45fe-85b7-bb69e73fb17c): idk
[14:23:30] Mrmapl3syrup (uuid: b3f11e18-ff16-45fe-85b7-bb69e73fb17c): Yo Colmagiw
[15:04:37] Mrmapl3syrup (uuid: b3f11e18-ff16-45fe-85b7-bb69e73fb17c): IWE ARE BUILDING SHIT
[15:04:39] TheRealColmagi (uuid: c98c1615-0764-41e1-848d-73152bfabe94): fucking banned
[15:04:40] Mrmapl3syrup (uuid: b3f11e18-ff16-45fe-85b7-bb69e73fb17c): COME LOOK
[15:04:43] TheRealColmagi (uuid: c98c1615-0764-41e1-848d-73152bfabe94): dafuq
[15:04:55] Mrmapl3syrup (uuid: b3f11e18-ff16-45fe-85b7-bb69e73fb17c): See?
[15:04:56] TheRealColmagi (uuid: c98c1615-0764-41e1-848d-73152bfabe94): what is this shit
[15:05:02] Mrmapl3syrup (uuid: b3f11e18-ff16-45fe-85b7-bb69e73fb17c): its our new base
[15:05:02] watermelonman53 (uuid: 26666a91-29a2-487f-bda5-16d4919282a0): i am just makeing a big area
[15:05:14] TheRealColmagi (uuid: c98c1615-0764-41e1-848d-73152bfabe94): new home
[15:05:18] Mrmapl3syrup (uuid: b3f11e18-ff16-45fe-85b7-bb69e73fb17c): yep
[15:05:20] TheRealColmagi (uuid: c98c1615-0764-41e1-848d-73152bfabe94): looks like a giant mushroom
[15:05:24] Mrmapl3syrup (uuid: b3f11e18-ff16-45fe-85b7-bb69e73fb17c): lol
[15:05:32] Mrmapl3syrup (uuid: b3f11e18-ff16-45fe-85b7-bb69e73fb17c): I like it
[15:05:56] TheRealColmagi (uuid: c98c1615-0764-41e1-848d-73152bfabe94): brb pissing
[15:07:16] TheRealColmagi (uuid: c98c1615-0764-41e1-848d-73152bfabe94): big ger
[15:07:19] TheRealColmagi (uuid: c98c1615-0764-41e1-848d-73152bfabe94): NIG NOG
[15:07:33] Mrmapl3syrup (uuid: b3f11e18-ff16-45fe-85b7-bb69e73fb17c): :O
[15:07:34] TheRealColmagi (uuid: c98c1615-0764-41e1-848d-73152bfabe94): huexd
[15:07:37] Mrmapl3syrup (uuid: b3f11e18-ff16-45fe-85b7-bb69e73fb17c): :OOOOOOOOOO
[15:07:40] Mrmapl3syrup (uuid: b3f11e18-ff16-45fe-85b7-bb69e73fb17c): I AM A GOD
[15:07:49] TheRealColmagi (uuid: c98c1615-0764-41e1-848d-73152bfabe94): ur a nig nog
[15:07:57] Mrmapl3syrup (uuid: b3f11e18-ff16-45fe-85b7-bb69e73fb17c): HOW DO I STOP SPAWNING TREES
[15:08:06] TheRealColmagi (uuid: c98c1615-0764-41e1-848d-73152bfabe94): wtf
[15:08:08] TheRealColmagi (uuid: c98c1615-0764-41e1-848d-73152bfabe94): bedrock?
[15:08:10] TheRealColmagi (uuid: c98c1615-0764-41e1-848d-73152bfabe94): thats abuse
[15:08:15] Mrmapl3syrup (uuid: b3f11e18-ff16-45fe-85b7-bb69e73fb17c): Aight
[15:08:19] Mrmapl3syrup (uuid: b3f11e18-ff16-45fe-85b7-bb69e73fb17c): We will remove it
[15:08:32] TheRealColmagi (uuid: c98c1615-0764-41e1-848d-73152bfabe94): where the fuck is this
[15:08:37] Mrmapl3syrup (uuid: b3f11e18-ff16-45fe-85b7-bb69e73fb17c): The middle of no where
[15:08:39] TheRealColmagi (uuid: c98c1615-0764-41e1-848d-73152bfabe94): where the fuck is this
[15:08:54] Mrmapl3syrup (uuid: b3f11e18-ff16-45fe-85b7-bb69e73fb17c): I literally just flew in one direction for 5 mins
[15:11:55] Mrmapl3syrup (uuid: b3f11e18-ff16-45fe-85b7-bb69e73fb17c): HELP
[15:12:00] TheRealColmagi (uuid: c98c1615-0764-41e1-848d-73152bfabe94): smaller nigger
[15:12:02] Mrmapl3syrup (uuid: b3f11e18-ff16-45fe-85b7-bb69e73fb17c): MY HAND IS BOUND TO SPAWN TREES
[15:12:08] TheRealColmagi (uuid: c98c1615-0764-41e1-848d-73152bfabe94): dumb bitch
[15:12:14] TheRealColmagi (uuid: c98c1615-0764-41e1-848d-73152bfabe94): do /pt
[15:12:30] TheRealColmagi (uuid: c98c1615-0764-41e1-848d-73152bfabe94): fukin retard
[15:12:30] Mrmapl3syrup (uuid: b3f11e18-ff16-45fe-85b7-bb69e73fb17c): IT DOESNT DO A THING
[15:13:01] TheRealColmagi (uuid: c98c1615-0764-41e1-848d-73152bfabe94): stop giving urself spawners
[15:13:04] TheRealColmagi (uuid: c98c1615-0764-41e1-848d-73152bfabe94): cheater
[15:13:06] Mrmapl3syrup (uuid: b3f11e18-ff16-45fe-85b7-bb69e73fb17c): I accidently
[15:13:09] Mrmapl3syrup (uuid: b3f11e18-ff16-45fe-85b7-bb69e73fb17c): Broke 4
[15:13:12] Mrmapl3syrup (uuid: b3f11e18-ff16-45fe-85b7-bb69e73fb17c): :C
[15:13:16] Mrmapl3syrup (uuid: b3f11e18-ff16-45fe-85b7-bb69e73fb17c): And fixed it
[15:13:30] Mrmapl3syrup (uuid: b3f11e18-ff16-45fe-85b7-bb69e73fb17c): Blue gamer put in a shit load
[15:13:35] TheRealColmagi (uuid: c98c1615-0764-41e1-848d-73152bfabe94): do /powertool on empty hand
[15:13:42] Mrmapl3syrup (uuid: b3f11e18-ff16-45fe-85b7-bb69e73fb17c): And I was trying to make it better
[15:13:56] Mrmapl3syrup (uuid: b3f11e18-ff16-45fe-85b7-bb69e73fb17c): It says Error command cant be attached to air,
[15:13:59] Mrmapl3syrup (uuid: b3f11e18-ff16-45fe-85b7-bb69e73fb17c): brb'
[15:14:09] TheRealColmagi (uuid: c98c1615-0764-41e1-848d-73152bfabe94): maples retarded
[15:14:14] Mrmapl3syrup (uuid: b3f11e18-ff16-45fe-85b7-bb69e73fb17c): I am
[15:14:17] watermelonman53 (uuid: 26666a91-29a2-487f-bda5-16d4919282a0): yes
[15:14:22] Mrmapl3syrup (uuid: b3f11e18-ff16-45fe-85b7-bb69e73fb17c): help
[15:14:29] Mrmapl3syrup (uuid: b3f11e18-ff16-45fe-85b7-bb69e73fb17c): I place trees nao
[15:14:36] TheRealColmagi (uuid: c98c1615-0764-41e1-848d-73152bfabe94): how did u manage to bind tree to your fukin hand
[15:14:42] Mrmapl3syrup (uuid: b3f11e18-ff16-45fe-85b7-bb69e73fb17c): IDFK
[15:14:49] watermelonman53 (uuid: 26666a91-29a2-487f-bda5-16d4919282a0): im friendly
[15:14:50] Mrmapl3syrup (uuid: b3f11e18-ff16-45fe-85b7-bb69e73fb17c): I JUST DID /Tree to see what it did D:
[15:15:47] TheRealColmagi (uuid: c98c1615-0764-41e1-848d-73152bfabe94): u r dumfuk
[15:15:50] Mrmapl3syrup (uuid: b3f11e18-ff16-45fe-85b7-bb69e73fb17c): I KNOW
[15:15:57] Mrmapl3syrup (uuid: b3f11e18-ff16-45fe-85b7-bb69e73fb17c): welp
[15:16:02] Mrmapl3syrup (uuid: b3f11e18-ff16-45fe-85b7-bb69e73fb17c): Im stuck like this forever
[15:16:08] Mrmapl3syrup (uuid: b3f11e18-ff16-45fe-85b7-bb69e73fb17c): Forever spawning trees
[15:16:21] TheRealColmagi (uuid: c98c1615-0764-41e1-848d-73152bfabe94): try now
[15:16:24] Mrmapl3syrup (uuid: b3f11e18-ff16-45fe-85b7-bb69e73fb17c): :O
[15:16:28] Mrmapl3syrup (uuid: b3f11e18-ff16-45fe-85b7-bb69e73fb17c): :D
[15:16:30] TheRealColmagi (uuid: c98c1615-0764-41e1-848d-73152bfabe94): i deopped you
[15:16:33] Mrmapl3syrup (uuid: b3f11e18-ff16-45fe-85b7-bb69e73fb17c): Can I have creative back?
[15:16:39] TheRealColmagi (uuid: c98c1615-0764-41e1-848d-73152bfabe94): hell no
[15:16:44] Mrmapl3syrup (uuid: b3f11e18-ff16-45fe-85b7-bb69e73fb17c): :(
[15:16:47] Mrmapl3syrup (uuid: b3f11e18-ff16-45fe-85b7-bb69e73fb17c): But my home
[15:16:52] Mrmapl3syrup (uuid: b3f11e18-ff16-45fe-85b7-bb69e73fb17c): Its nut feeneshed
[15:17:00] TheRealColmagi (uuid: c98c1615-0764-41e1-848d-73152bfabe94): well finish it legit
[15:17:13] watermelonman53 (uuid: 26666a91-29a2-487f-bda5-16d4919282a0): well shaty
[15:17:22] watermelonman53 (uuid: 26666a91-29a2-487f-bda5-16d4919282a0): shit
[15:17:32] Mrmapl3syrup (uuid: b3f11e18-ff16-45fe-85b7-bb69e73fb17c): FUXCK
[15:17:34] TheRealColmagi (uuid: c98c1615-0764-41e1-848d-73152bfabe94): im taking the bedrock
[15:17:35] Mrmapl3syrup (uuid: b3f11e18-ff16-45fe-85b7-bb69e73fb17c): FUCKING SHIT
[15:17:44] Mrmapl3syrup (uuid: b3f11e18-ff16-45fe-85b7-bb69e73fb17c): NOW MY HOUSE IS BLOWN UP!!!
[15:18:16] TheRealColmagi (uuid: c98c1615-0764-41e1-848d-73152bfabe94): fukin retard
[15:20:49] Mrmapl3syrup (uuid: b3f11e18-ff16-45fe-85b7-bb69e73fb17c): cool
[15:21:00] Mrmapl3syrup (uuid: b3f11e18-ff16-45fe-85b7-bb69e73fb17c): yeah
[15:21:59] Mrmapl3syrup (uuid: b3f11e18-ff16-45fe-85b7-bb69e73fb17c): meems
[15:22:44] TheRealColmagi (uuid: c98c1615-0764-41e1-848d-73152bfabe94): maple is a fucking YEEEE
[15:23:20] TheRealColmagi (uuid: c98c1615-0764-41e1-848d-73152bfabe94): cmere
[15:23:21] TheRealColmagi (uuid: c98c1615-0764-41e1-848d-73152bfabe94): WHAT THE FUCKJ
[15:23:23] Mrmapl3syrup (uuid: b3f11e18-ff16-45fe-85b7-bb69e73fb17c): no
[15:23:25] Mrmapl3syrup (uuid: b3f11e18-ff16-45fe-85b7-bb69e73fb17c): ?
[15:23:33] TheRealColmagi (uuid: c98c1615-0764-41e1-848d-73152bfabe94): wtf is this
[15:23:35] TheRealColmagi (uuid: c98c1615-0764-41e1-848d-73152bfabe94): shit
[15:23:38] TheRealColmagi (uuid: c98c1615-0764-41e1-848d-73152bfabe94): how does this work
[15:23:39] Mrmapl3syrup (uuid: b3f11e18-ff16-45fe-85b7-bb69e73fb17c): wat
[15:23:47] TheRealColmagi (uuid: c98c1615-0764-41e1-848d-73152bfabe94): cmere bitch
[15:23:58] Mrmapl3syrup (uuid: b3f11e18-ff16-45fe-85b7-bb69e73fb17c): where are you???????
[15:24:02] TheRealColmagi (uuid: c98c1615-0764-41e1-848d-73152bfabe94): outside dumbass
[15:24:16] Mrmapl3syrup (uuid: b3f11e18-ff16-45fe-85b7-bb69e73fb17c): wat
[15:24:16] TheRealColmagi (uuid: c98c1615-0764-41e1-848d-73152bfabe94): apparently trapdoors can stand alone
[15:24:28] TheRealColmagi (uuid: c98c1615-0764-41e1-848d-73152bfabe94): thats fucked yo
[15:27:28] TheRealColmagi (uuid: c98c1615-0764-41e1-848d-73152bfabe94): i want to fucking die
[15:27:31] Mrmapl3syrup (uuid: b3f11e18-ff16-45fe-85b7-bb69e73fb17c): why
[15:27:40] TheRealColmagi (uuid: c98c1615-0764-41e1-848d-73152bfabe94): fuck me kill me now
[15:27:45] Mrmapl3syrup (uuid: b3f11e18-ff16-45fe-85b7-bb69e73fb17c): k
[15:28:04] Mrmapl3syrup (uuid: b3f11e18-ff16-45fe-85b7-bb69e73fb17c): wat r u doing
[15:28:12] TheRealColmagi (uuid: c98c1615-0764-41e1-848d-73152bfabe94): idk
