[18:00:49] PhadingFuzzy (uuid: 4150cd4b-a415-4298-bdc7-c9e330b466cc): Connected with MineChat
[18:00:57] PhadingFuzzy (uuid: 4150cd4b-a415-4298-bdc7-c9e330b466cc): wtf
[18:01:22] PhadingFuzzy (uuid: 4150cd4b-a415-4298-bdc7-c9e330b466cc): this looks so gay
[18:01:31] PhadingFuzzy (uuid: 4150cd4b-a415-4298-bdc7-c9e330b466cc): whys everything in red
[18:01:51] PhadingFuzzy (uuid: 4150cd4b-a415-4298-bdc7-c9e330b466cc): and combat logging? ew!
[18:02:29] TheRealColmagi (uuid: c98c1615-0764-41e1-848d-73152bfabe94): ha
[18:02:32] TheRealColmagi (uuid: c98c1615-0764-41e1-848d-73152bfabe94): cuz ur gat
[18:02:36] PhadingFuzzy (uuid: 4150cd4b-a415-4298-bdc7-c9e330b466cc): whys it red
[18:02:41] TheRealColmagi (uuid: c98c1615-0764-41e1-848d-73152bfabe94): What
[18:02:43] PhadingFuzzy (uuid: 4150cd4b-a415-4298-bdc7-c9e330b466cc): n!oh wait nvm
[18:02:49] PhadingFuzzy (uuid: 4150cd4b-a415-4298-bdc7-c9e330b466cc): wait nvm
[18:02:56] Optivat_YT (uuid: 061f9ad6-a6fb-45da-8990-73890f965939): why dont you guys get onw the discord
[18:03:02] TheRealColmagi (uuid: c98c1615-0764-41e1-848d-73152bfabe94): cuz i cant talk
[18:03:05] TheRealColmagi (uuid: c98c1615-0764-41e1-848d-73152bfabe94): and fuzzys on minechat
[18:03:18] Optivat_YT (uuid: 061f9ad6-a6fb-45da-8990-73890f965939): what is a minechat
[18:03:26] PhadingFuzzy (uuid: 4150cd4b-a415-4298-bdc7-c9e330b466cc): there
[18:04:18] TheRealColmagi (uuid: c98c1615-0764-41e1-848d-73152bfabe94): wait
[18:04:23] TheRealColmagi (uuid: c98c1615-0764-41e1-848d-73152bfabe94): why does it say rip here lies colamgi
[18:04:25] TheRealColmagi (uuid: c98c1615-0764-41e1-848d-73152bfabe94): i didnt die
[18:04:30] PhadingFuzzy (uuid: 4150cd4b-a415-4298-bdc7-c9e330b466cc): yea
[18:04:39] PhadingFuzzy (uuid: 4150cd4b-a415-4298-bdc7-c9e330b466cc): i stuck u tuere when u went afk
[18:05:12] TheRealColmagi (uuid: c98c1615-0764-41e1-848d-73152bfabe94): stop fucking msging urself i get the fucking chats on my screen and its autistic
[18:05:19] Optivat_YT (uuid: 061f9ad6-a6fb-45da-8990-73890f965939): ???
[18:05:23] TheRealColmagi (uuid: c98c1615-0764-41e1-848d-73152bfabe94): talking to fuzzy
[18:05:35] PhadingFuzzy (uuid: 4150cd4b-a415-4298-bdc7-c9e330b466cc): oh i thought it only shiwed on console
[18:05:43] TheRealColmagi (uuid: c98c1615-0764-41e1-848d-73152bfabe94): no admins see it too
[18:05:46] TheRealColmagi (uuid: c98c1615-0764-41e1-848d-73152bfabe94): its autistic
[18:05:51] PhadingFuzzy (uuid: 4150cd4b-a415-4298-bdc7-c9e330b466cc): so u see everything, eh
[18:05:56] TheRealColmagi (uuid: c98c1615-0764-41e1-848d-73152bfabe94): 1yeah
[18:05:57] TheRealColmagi (uuid: c98c1615-0764-41e1-848d-73152bfabe94): yeah
[18:06:00] PhadingFuzzy (uuid: 4150cd4b-a415-4298-bdc7-c9e330b466cc): are y tue only admin
[18:06:11] PhadingFuzzy (uuid: 4150cd4b-a415-4298-bdc7-c9e330b466cc): wtf
[18:06:14] PhadingFuzzy (uuid: 4150cd4b-a415-4298-bdc7-c9e330b466cc): didu hit me
[18:06:17] TheRealColmagi (uuid: c98c1615-0764-41e1-848d-73152bfabe94): no
[18:06:20] PhadingFuzzy (uuid: 4150cd4b-a415-4298-bdc7-c9e330b466cc): i lost health
[18:06:26] TheRealColmagi (uuid: c98c1615-0764-41e1-848d-73152bfabe94): no bluegamer is the other admin
[18:06:50] Optivat_YT (uuid: 061f9ad6-a6fb-45da-8990-73890f965939): moving houses
[18:06:54] TheRealColmagi (uuid: c98c1615-0764-41e1-848d-73152bfabe94): ok
[18:06:55] Optivat_YT (uuid: 061f9ad6-a6fb-45da-8990-73890f965939): then removing this one
[18:06:55] PhadingFuzzy (uuid: 4150cd4b-a415-4298-bdc7-c9e330b466cc): can u see the comands everyone type
[18:07:04] TheRealColmagi (uuid: c98c1615-0764-41e1-848d-73152bfabe94): no thats a console thing
[18:07:09] Optivat_YT (uuid: 061f9ad6-a6fb-45da-8990-73890f965939): This house leaves a bad mark on this village
[18:07:14] PhadingFuzzy (uuid: 4150cd4b-a415-4298-bdc7-c9e330b466cc): god
[18:07:16] PhadingFuzzy (uuid: 4150cd4b-a415-4298-bdc7-c9e330b466cc): good
[18:07:17] TheRealColmagi (uuid: c98c1615-0764-41e1-848d-73152bfabe94): yeah its ugly af
[18:09:08] TheRealColmagi (uuid: c98c1615-0764-41e1-848d-73152bfabe94): oh great now ur talking in chnese
[18:09:11] TheRealColmagi (uuid: c98c1615-0764-41e1-848d-73152bfabe94): chinese
[18:10:23] PhadingFuzzy (uuid: 4150cd4b-a415-4298-bdc7-c9e330b466cc): ?/msg PhadingFuzzy ????????????????????????
[18:10:38] Optivat_YT (uuid: 061f9ad6-a6fb-45da-8990-73890f965939): YES!!! Silk Touch works on ender chests
[18:10:47] PhadingFuzzy (uuid: 4150cd4b-a415-4298-bdc7-c9e330b466cc): ?????????????????????????
[18:11:03] PhadingFuzzy (uuid: 4150cd4b-a415-4298-bdc7-c9e330b466cc): xD
[18:11:12] PhadingFuzzy (uuid: 4150cd4b-a415-4298-bdc7-c9e330b466cc): Please reduce your noise level. Spammers will be banned.
[18:11:18] PhadingFuzzy (uuid: 4150cd4b-a415-4298-bdc7-c9e330b466cc): Please reduce your noise level. Spammers will be banned.
[18:11:30] PhadingFuzzy (uuid: 4150cd4b-a415-4298-bdc7-c9e330b466cc): why not kicked
[18:12:00] PhadingFuzzy (uuid: 4150cd4b-a415-4298-bdc7-c9e330b466cc): ????????????????????????
[18:12:25] TheRealColmagi (uuid: c98c1615-0764-41e1-848d-73152bfabe94): kekkle
[18:12:31] TheRealColmagi (uuid: c98c1615-0764-41e1-848d-73152bfabe94): fukin sotp
[18:12:39] TheRealColmagi (uuid: c98c1615-0764-41e1-848d-73152bfabe94): im making a rule that states that you have to talk in english
[18:13:26] PhadingFuzzy (uuid: 4150cd4b-a415-4298-bdc7-c9e330b466cc): [~iiTheRealColmagiii -> me] shut the fuck up op
[18:13:36] PhadingFuzzy (uuid: 4150cd4b-a415-4298-bdc7-c9e330b466cc): op this is for u
[18:13:43] Optivat_YT (uuid: 061f9ad6-a6fb-45da-8990-73890f965939): ????
[18:14:18] TheRealColmagi (uuid: c98c1615-0764-41e1-848d-73152bfabe94): what the fuck
[18:16:26] TheRealColmagi (uuid: c98c1615-0764-41e1-848d-73152bfabe94): wtf why do most of ur houses not have windows
[18:16:36] Optivat_YT (uuid: 061f9ad6-a6fb-45da-8990-73890f965939): cause I am lazy to smelt glass
[18:21:31] TheRealColmagi (uuid: c98c1615-0764-41e1-848d-73152bfabe94): im just makin kits and doin configs rn
[18:27:44] TheRealColmagi (uuid: c98c1615-0764-41e1-848d-73152bfabe94): gotta go eat
[21:05:36] TheRealColmagi (uuid: c98c1615-0764-41e1-848d-73152bfabe94): whoah when did luigi join
[21:13:23] PhadingFuzzy (uuid: 4150cd4b-a415-4298-bdc7-c9e330b466cc): Connected with MineChat
[21:16:59] PhadingFuzzy (uuid: 4150cd4b-a415-4298-bdc7-c9e330b466cc):  oo9oooo9oooo9 I was wondering how many people and I would like you had a good weekend and a half
[21:17:09] PhadingFuzzy (uuid: 4150cd4b-a415-4298-bdc7-c9e330b466cc):  I am looking forward with a result in legal advice privilege I have will will have will not be ha
[21:17:10] PhadingFuzzy (uuid: 4150cd4b-a415-4298-bdc7-c9e330b466cc): it a you me a few more
[21:17:10] PhadingFuzzy (uuid: 4150cd4b-a415-4298-bdc7-c9e330b466cc): things questions days things to consider me
[21:17:11] PhadingFuzzy (uuid: 4150cd4b-a415-4298-bdc7-c9e330b466cc): know a
[21:17:11] PhadingFuzzy (uuid: 4150cd4b-a415-4298-bdc7-c9e330b466cc): little time
[21:17:11] PhadingFuzzy (uuid: 4150cd4b-a415-4298-bdc7-c9e330b466cc): and a
[21:17:12] PhadingFuzzy (uuid: 4150cd4b-a415-4298-bdc7-c9e330b466cc): few lot
