[09:54:26] PhadingFuzzy (uuid: 4150cd4b-a415-4298-bdc7-c9e330b466cc): Connected with MineChat
[09:54:37] PhadingFuzzy (uuid: 4150cd4b-a415-4298-bdc7-c9e330b466cc): man of watermelons
[09:54:42] watermelonman53 (uuid: 26666a91-29a2-487f-bda5-16d4919282a0): yes
[09:54:56] PhadingFuzzy (uuid: 4150cd4b-a415-4298-bdc7-c9e330b466cc): i have coookies
[09:55:03] watermelonman53 (uuid: 26666a91-29a2-487f-bda5-16d4919282a0): neet
[09:56:12] PhadingFuzzy (uuid: 4150cd4b-a415-4298-bdc7-c9e330b466cc): did u say neet illegal characters in chat
[09:56:30] watermelonman53 (uuid: 26666a91-29a2-487f-bda5-16d4919282a0): wat
[09:56:36] PhadingFuzzy (uuid: 4150cd4b-a415-4298-bdc7-c9e330b466cc): or was that the server kick nessage
[09:56:47] watermelonman53 (uuid: 26666a91-29a2-487f-bda5-16d4919282a0): kik message
[09:56:57] PhadingFuzzy (uuid: 4150cd4b-a415-4298-bdc7-c9e330b466cc): cuz for some reason, it said that u said it
[09:57:09] watermelonman53 (uuid: 26666a91-29a2-487f-bda5-16d4919282a0): ok
[09:57:15] PhadingFuzzy (uuid: 4150cd4b-a415-4298-bdc7-c9e330b466cc): i was spamming random characters on my phone
[10:08:03] Dragon2934 (uuid: 5f4a6885-835e-4444-9949-0f5e26585363): hey duuudddee
[10:08:07] watermelonman53 (uuid: 26666a91-29a2-487f-bda5-16d4919282a0): hiw
[10:08:21] Dragon2934 (uuid: 5f4a6885-835e-4444-9949-0f5e26585363): howa u doin
[10:08:25] watermelonman53 (uuid: 26666a91-29a2-487f-bda5-16d4919282a0): ok'
[10:08:32] watermelonman53 (uuid: 26666a91-29a2-487f-bda5-16d4919282a0): where are you
[10:08:36] Dragon2934 (uuid: 5f4a6885-835e-4444-9949-0f5e26585363): mall
[10:08:51] Dragon2934 (uuid: 5f4a6885-835e-4444-9949-0f5e26585363): mall
[10:09:23] Dragon2934 (uuid: 5f4a6885-835e-4444-9949-0f5e26585363): just do warp mall
[10:09:48] watermelonman53 (uuid: 26666a91-29a2-487f-bda5-16d4919282a0): when did this get here
[10:10:03] Dragon2934 (uuid: 5f4a6885-835e-4444-9949-0f5e26585363): we built it last night
[10:10:18] watermelonman53 (uuid: 26666a91-29a2-487f-bda5-16d4919282a0): whos we
[10:10:26] Dragon2934 (uuid: 5f4a6885-835e-4444-9949-0f5e26585363): magi and i
[10:11:22] watermelonman53 (uuid: 26666a91-29a2-487f-bda5-16d4919282a0): no open stors
[10:11:32] Dragon2934 (uuid: 5f4a6885-835e-4444-9949-0f5e26585363): he said i was getting a plot but i dont have one yet
[10:11:47] watermelonman53 (uuid: 26666a91-29a2-487f-bda5-16d4919282a0): ooooohohhhhhh
[10:11:58] watermelonman53 (uuid: 26666a91-29a2-487f-bda5-16d4919282a0): these are going to be plot
[10:12:13] watermelonman53 (uuid: 26666a91-29a2-487f-bda5-16d4919282a0): welcome back
[10:12:19] Dragon2934 (uuid: 5f4a6885-835e-4444-9949-0f5e26585363): wow apparantly i was flying
[10:12:30] watermelonman53 (uuid: 26666a91-29a2-487f-bda5-16d4919282a0): these are going to be plot
[10:12:34] Dragon2934 (uuid: 5f4a6885-835e-4444-9949-0f5e26585363): yes
[10:13:11] Dragon2934 (uuid: 5f4a6885-835e-4444-9949-0f5e26585363): we should be able to sell nether rack
[10:13:25] Dragon2934 (uuid: 5f4a6885-835e-4444-9949-0f5e26585363): ?
[10:13:36] watermelonman53 (uuid: 26666a91-29a2-487f-bda5-16d4919282a0): no point in shops if we have plots
[10:13:55] Dragon2934 (uuid: 5f4a6885-835e-4444-9949-0f5e26585363): no its for selling
[10:15:48] Dragon2934 (uuid: 5f4a6885-835e-4444-9949-0f5e26585363): wheres quartz blocks
[10:15:55] watermelonman53 (uuid: 26666a91-29a2-487f-bda5-16d4919282a0): idk
[10:16:11] Dragon2934 (uuid: 5f4a6885-835e-4444-9949-0f5e26585363): just shit clikc
[10:16:16] watermelonman53 (uuid: 26666a91-29a2-487f-bda5-16d4919282a0): o
[10:16:25] Dragon2934 (uuid: 5f4a6885-835e-4444-9949-0f5e26585363): WOW
[10:20:20] PhadingFuzzy (uuid: 4150cd4b-a415-4298-bdc7-c9e330b466cc): Does anyone have extra andesite i can use for my house
[10:20:27] watermelonman53 (uuid: 26666a91-29a2-487f-bda5-16d4919282a0): me
[10:20:32] Optivat_YT (uuid: 061f9ad6-a6fb-45da-8990-73890f965939): me
[10:21:00] PhadingFuzzy (uuid: 4150cd4b-a415-4298-bdc7-c9e330b466cc): i cant fight any mobs
[10:21:01] PhadingFuzzy (uuid: 4150cd4b-a415-4298-bdc7-c9e330b466cc): so laggy
[10:21:14] watermelonman53 (uuid: 26666a91-29a2-487f-bda5-16d4919282a0): wat is this
[10:21:14] PhadingFuzzy (uuid: 4150cd4b-a415-4298-bdc7-c9e330b466cc): ?
[10:21:18] PhadingFuzzy (uuid: 4150cd4b-a415-4298-bdc7-c9e330b466cc): Oh a shop
[10:21:26] watermelonman53 (uuid: 26666a91-29a2-487f-bda5-16d4919282a0): what is it selling
[10:21:39] PhadingFuzzy (uuid: 4150cd4b-a415-4298-bdc7-c9e330b466cc): it was selling firt
[10:21:49] PhadingFuzzy (uuid: 4150cd4b-a415-4298-bdc7-c9e330b466cc): until dragon took it and stuck 2 stacks of diamond blocks in there
[10:21:53] PhadingFuzzy (uuid: 4150cd4b-a415-4298-bdc7-c9e330b466cc): and said i was hackin
[10:22:13] Optivat_YT (uuid: 061f9ad6-a6fb-45da-8990-73890f965939): is dragon afk
[10:22:44] PhadingFuzzy (uuid: 4150cd4b-a415-4298-bdc7-c9e330b466cc): thnx
[10:22:48] watermelonman53 (uuid: 26666a91-29a2-487f-bda5-16d4919282a0): do bal top
[10:23:12] Dragon2934 (uuid: 5f4a6885-835e-4444-9949-0f5e26585363): anyone have ood?
[10:23:24] Optivat_YT (uuid: 061f9ad6-a6fb-45da-8990-73890f965939): idk
[10:23:31] Dragon2934 (uuid: 5f4a6885-835e-4444-9949-0f5e26585363): food*
[10:23:36] Optivat_YT (uuid: 061f9ad6-a6fb-45da-8990-73890f965939): yea
[10:23:40] Optivat_YT (uuid: 061f9ad6-a6fb-45da-8990-73890f965939): I have plentyyyyy
[10:24:20] Optivat_YT (uuid: 061f9ad6-a6fb-45da-8990-73890f965939): ....
[10:24:28] Optivat_YT (uuid: 061f9ad6-a6fb-45da-8990-73890f965939): lol
[10:24:36] Dragon2934 (uuid: 5f4a6885-835e-4444-9949-0f5e26585363): FUCK YOU
[10:24:42] watermelonman53 (uuid: 26666a91-29a2-487f-bda5-16d4919282a0): come here
[10:25:04] Dragon2934 (uuid: 5f4a6885-835e-4444-9949-0f5e26585363): fuck you
[10:25:09] Optivat_YT (uuid: 061f9ad6-a6fb-45da-8990-73890f965939): where did u die
[10:25:14] Dragon2934 (uuid: 5f4a6885-835e-4444-9949-0f5e26585363): IN THE NETHER
[10:25:49] Dragon2934 (uuid: 5f4a6885-835e-4444-9949-0f5e26585363): my stuff
[10:25:55] Dragon2934 (uuid: 5f4a6885-835e-4444-9949-0f5e26585363): blew up
[10:26:01] Optivat_YT (uuid: 061f9ad6-a6fb-45da-8990-73890f965939): ...
[10:26:03] Dragon2934 (uuid: 5f4a6885-835e-4444-9949-0f5e26585363): i hate you
[10:26:06] Optivat_YT (uuid: 061f9ad6-a6fb-45da-8990-73890f965939): me?!?!?
[10:26:09] Dragon2934 (uuid: 5f4a6885-835e-4444-9949-0f5e26585363): YES
[10:26:15] Dragon2934 (uuid: 5f4a6885-835e-4444-9949-0f5e26585363): you set up the trap
[10:26:24] Optivat_YT (uuid: 061f9ad6-a6fb-45da-8990-73890f965939): what trap
[10:26:34] Dragon2934 (uuid: 5f4a6885-835e-4444-9949-0f5e26585363): TE ONE THAT BLEWME UP
[10:26:49] Optivat_YT (uuid: 061f9ad6-a6fb-45da-8990-73890f965939): ???? I didnt set any trap
[10:26:57] Dragon2934 (uuid: 5f4a6885-835e-4444-9949-0f5e26585363): who did then
[10:27:00] Optivat_YT (uuid: 061f9ad6-a6fb-45da-8990-73890f965939): idk
[10:27:15] Dragon2934 (uuid: 5f4a6885-835e-4444-9949-0f5e26585363): did anyone trap optivats nether portal
[10:27:33] Optivat_YT (uuid: 061f9ad6-a6fb-45da-8990-73890f965939): Dragon u needed food right?
[10:28:02] PhadingFuzzy (uuid: 4150cd4b-a415-4298-bdc7-c9e330b466cc): Look at ur discord
[10:28:24] Dragon2934 (uuid: 5f4a6885-835e-4444-9949-0f5e26585363): ANYONE?
[10:28:30] Dragon2934 (uuid: 5f4a6885-835e-4444-9949-0f5e26585363): anyone?
[10:28:39] Optivat_YT (uuid: 061f9ad6-a6fb-45da-8990-73890f965939): maple or colmagi
[10:29:34] Dragon2934 (uuid: 5f4a6885-835e-4444-9949-0f5e26585363): i had a full inventory wih diamonds and diamond armor and seeds and cobble and...
[10:29:39] Dragon2934 (uuid: 5f4a6885-835e-4444-9949-0f5e26585363): well a lot
[10:29:43] Optivat_YT (uuid: 061f9ad6-a6fb-45da-8990-73890f965939): that sucks
[10:29:48] Dragon2934 (uuid: 5f4a6885-835e-4444-9949-0f5e26585363): bye
[10:29:57] Dragon2934 (uuid: 5f4a6885-835e-4444-9949-0f5e26585363): im not playing on this server
[10:30:40] PhadingFuzzy (uuid: 4150cd4b-a415-4298-bdc7-c9e330b466cc): wee
[10:30:42] PhadingFuzzy (uuid: 4150cd4b-a415-4298-bdc7-c9e330b466cc): u
[10:30:43] PhadingFuzzy (uuid: 4150cd4b-a415-4298-bdc7-c9e330b466cc): r
[10:30:45] PhadingFuzzy (uuid: 4150cd4b-a415-4298-bdc7-c9e330b466cc): discord
[10:39:24] PhadingFuzzy (uuid: 4150cd4b-a415-4298-bdc7-c9e330b466cc): Does anyone have some andesite i can have
[10:39:32] PhadingFuzzy (uuid: 4150cd4b-a415-4298-bdc7-c9e330b466cc): Like 8 stacks
[10:39:44] watermelonman53 (uuid: 26666a91-29a2-487f-bda5-16d4919282a0): one min
[10:39:48] watermelonman53 (uuid: 26666a91-29a2-487f-bda5-16d4919282a0): one min
[10:42:13] Luigi_138 (uuid: da59ddb8-d4cf-42fa-a787-b311376a1a11): hi all
[10:47:07] TheRealColmagi (uuid: c98c1615-0764-41e1-848d-73152bfabe94): hello nerds
[10:47:11] watermelonman53 (uuid: 26666a91-29a2-487f-bda5-16d4919282a0): hi how aRE YA';
[10:47:12] Luigi_138 (uuid: da59ddb8-d4cf-42fa-a787-b311376a1a11): yee
[10:47:18] TheRealColmagi (uuid: c98c1615-0764-41e1-848d-73152bfabe94): i suck dicks
[10:47:21] TheRealColmagi (uuid: c98c1615-0764-41e1-848d-73152bfabe94): ye
[10:47:22] PhadingFuzzy (uuid: 4150cd4b-a415-4298-bdc7-c9e330b466cc): James
[10:47:26] TheRealColmagi (uuid: c98c1615-0764-41e1-848d-73152bfabe94): what
[10:47:39] PhadingFuzzy (uuid: 4150cd4b-a415-4298-bdc7-c9e330b466cc): Whats the easiest way to get rid of mobs
[10:47:43] TheRealColmagi (uuid: c98c1615-0764-41e1-848d-73152bfabe94): /butcher
[10:47:45] PhadingFuzzy (uuid: 4150cd4b-a415-4298-bdc7-c9e330b466cc): Theres a cave under my house
[10:47:46] TheRealColmagi (uuid: c98c1615-0764-41e1-848d-73152bfabe94): but u cant do that
[10:47:49] watermelonman53 (uuid: 26666a91-29a2-487f-bda5-16d4919282a0): by killen them
[10:47:55] TheRealColmagi (uuid: c98c1615-0764-41e1-848d-73152bfabe94): nigga ass burn them alive
[10:47:57] PhadingFuzzy (uuid: 4150cd4b-a415-4298-bdc7-c9e330b466cc): And its dreepy af
[10:49:01] TheRealColmagi (uuid: c98c1615-0764-41e1-848d-73152bfabe94): holy shit shorty where'd u get all ur $$$
[10:49:16] watermelonman53 (uuid: 26666a91-29a2-487f-bda5-16d4919282a0): i sold a bunch of diamond blocks
[10:49:27] TheRealColmagi (uuid: c98c1615-0764-41e1-848d-73152bfabe94): oh ok
[10:49:28] watermelonman53 (uuid: 26666a91-29a2-487f-bda5-16d4919282a0): i dont need them
[10:50:44] watermelonman53 (uuid: 26666a91-29a2-487f-bda5-16d4919282a0): colmagi
[10:50:53] TheRealColmagi (uuid: c98c1615-0764-41e1-848d-73152bfabe94): yo what the hell
[10:50:58] TheRealColmagi (uuid: c98c1615-0764-41e1-848d-73152bfabe94): who tnted the nether portal
[10:51:22] PhadingFuzzy (uuid: 4150cd4b-a415-4298-bdc7-c9e330b466cc): andesite?
[10:51:26] watermelonman53 (uuid: 26666a91-29a2-487f-bda5-16d4919282a0): i will get rid of the god pick axe if you give me 25% of your munz
[10:51:38] PhadingFuzzy (uuid: 4150cd4b-a415-4298-bdc7-c9e330b466cc): zhankz
[10:51:39] TheRealColmagi (uuid: c98c1615-0764-41e1-848d-73152bfabe94): or i can just ban u
[10:51:42] TheRealColmagi (uuid: c98c1615-0764-41e1-848d-73152bfabe94): fukin delete it
[10:51:43] watermelonman53 (uuid: 26666a91-29a2-487f-bda5-16d4919282a0): ok
[10:51:49] watermelonman53 (uuid: 26666a91-29a2-487f-bda5-16d4919282a0): fine
[10:51:56] TheRealColmagi (uuid: c98c1615-0764-41e1-848d-73152bfabe94): also who made the tnt trap
[10:52:14] watermelonman53 (uuid: 26666a91-29a2-487f-bda5-16d4919282a0): in the nethrer that was me
[10:52:18] TheRealColmagi (uuid: c98c1615-0764-41e1-848d-73152bfabe94): u shithead
[10:52:21] TheRealColmagi (uuid: c98c1615-0764-41e1-848d-73152bfabe94): u killed dragon
[10:52:25] watermelonman53 (uuid: 26666a91-29a2-487f-bda5-16d4919282a0): l;ol
[10:52:32] TheRealColmagi (uuid: c98c1615-0764-41e1-848d-73152bfabe94): optivat will have his revenge
[10:52:34] PhadingFuzzy (uuid: 4150cd4b-a415-4298-bdc7-c9e330b466cc): He tried killing me -_-
[10:52:40] TheRealColmagi (uuid: c98c1615-0764-41e1-848d-73152bfabe94): though doin this is technically not agains the rules
[10:52:59] TheRealColmagi (uuid: c98c1615-0764-41e1-848d-73152bfabe94): i mean like i can make a rule
[10:53:11] TheRealColmagi (uuid: c98c1615-0764-41e1-848d-73152bfabe94): shorty u fukhead
[10:53:17] watermelonman53 (uuid: 26666a91-29a2-487f-bda5-16d4919282a0): wut now
[10:53:22] TheRealColmagi (uuid: c98c1615-0764-41e1-848d-73152bfabe94): ur banned from my walmart
[10:53:24] TheRealColmagi (uuid: c98c1615-0764-41e1-848d-73152bfabe94): dont visit ever
[10:53:29] watermelonman53 (uuid: 26666a91-29a2-487f-bda5-16d4919282a0): nnnnuuuuuuuuuuuuu
[10:53:47] watermelonman53 (uuid: 26666a91-29a2-487f-bda5-16d4919282a0): damn it
[10:53:56] watermelonman53 (uuid: 26666a91-29a2-487f-bda5-16d4919282a0): i was going to buy a plot
[10:54:22] PhadingFuzzy (uuid: 4150cd4b-a415-4298-bdc7-c9e330b466cc): Is there a way to make claims mob free
[10:54:36] PhadingFuzzy (uuid: 4150cd4b-a415-4298-bdc7-c9e330b466cc): Cuz this is actually retarded as fuck
[10:54:48] TheRealColmagi (uuid: c98c1615-0764-41e1-848d-73152bfabe94): nope
[10:54:52] TheRealColmagi (uuid: c98c1615-0764-41e1-848d-73152bfabe94): unless u use worldguard and thats admin only
[10:55:00] PhadingFuzzy (uuid: 4150cd4b-a415-4298-bdc7-c9e330b466cc): Can u do that for me
[10:55:03] TheRealColmagi (uuid: c98c1615-0764-41e1-848d-73152bfabe94): no
[10:55:08] TheRealColmagi (uuid: c98c1615-0764-41e1-848d-73152bfabe94): i dont give out admin shit
[10:55:27] watermelonman53 (uuid: 26666a91-29a2-487f-bda5-16d4919282a0): :J
[10:55:48] watermelonman53 (uuid: 26666a91-29a2-487f-bda5-16d4919282a0): i found another temple
[11:04:46] PhadingFuzzy (uuid: 4150cd4b-a415-4298-bdc7-c9e330b466cc): wb
[11:04:53] TheRealColmagi (uuid: c98c1615-0764-41e1-848d-73152bfabe94): hi
[11:04:54] TheRealColmagi (uuid: c98c1615-0764-41e1-848d-73152bfabe94): dylan
[11:04:57] _PandaGamerFTW_ (uuid: c68ab8f3-1a2e-4f01-9686-c18063570892): hi
[11:05:08] TheRealColmagi (uuid: c98c1615-0764-41e1-848d-73152bfabe94): right now we have 4 possible winners
[11:05:21] TheRealColmagi (uuid: c98c1615-0764-41e1-848d-73152bfabe94): dylan, optivat, luigi, and fuzzy
[11:05:32] TheRealColmagi (uuid: c98c1615-0764-41e1-848d-73152bfabe94): i think we should have at least 5
[11:05:46] TheRealColmagi (uuid: c98c1615-0764-41e1-848d-73152bfabe94): ok
[11:05:47] TheRealColmagi (uuid: c98c1615-0764-41e1-848d-73152bfabe94): so
[11:05:53] TheRealColmagi (uuid: c98c1615-0764-41e1-848d-73152bfabe94): ill do like a rank giveaway for the 4 people
[11:06:07] TheRealColmagi (uuid: c98c1615-0764-41e1-848d-73152bfabe94): and then include everyone except admins in the money giveaway minus whoever won the rank giveaway
[11:06:12] TheRealColmagi (uuid: c98c1615-0764-41e1-848d-73152bfabe94): so like ill give 100k to a person
[11:06:21] TheRealColmagi (uuid: c98c1615-0764-41e1-848d-73152bfabe94): but shorty and maple are included
[11:06:26] TheRealColmagi (uuid: c98c1615-0764-41e1-848d-73152bfabe94): ok maybe 50k
[11:08:27] TheRealColmagi (uuid: c98c1615-0764-41e1-848d-73152bfabe94): dylan
[11:08:31] TheRealColmagi (uuid: c98c1615-0764-41e1-848d-73152bfabe94): u wanna check out the mall
[11:08:34] TheRealColmagi (uuid: c98c1615-0764-41e1-848d-73152bfabe94): do /warp walmart
[11:08:56] TheRealColmagi (uuid: c98c1615-0764-41e1-848d-73152bfabe94): look at it
[11:09:04] TheRealColmagi (uuid: c98c1615-0764-41e1-848d-73152bfabe94): people can have their own shops
[11:09:07] TheRealColmagi (uuid: c98c1615-0764-41e1-848d-73152bfabe94): im selling plots
[11:09:12] _PandaGamerFTW_ (uuid: c68ab8f3-1a2e-4f01-9686-c18063570892): why did ypu make
[11:09:14] _PandaGamerFTW_ (uuid: c68ab8f3-1a2e-4f01-9686-c18063570892): you
[11:09:21] _PandaGamerFTW_ (uuid: c68ab8f3-1a2e-4f01-9686-c18063570892): a walmart.....
[11:09:26] TheRealColmagi (uuid: c98c1615-0764-41e1-848d-73152bfabe94): i was bored
[11:09:28] TheRealColmagi (uuid: c98c1615-0764-41e1-848d-73152bfabe94): idk
[11:09:32] _PandaGamerFTW_ (uuid: c68ab8f3-1a2e-4f01-9686-c18063570892): oh lol
[11:09:52] _PandaGamerFTW_ (uuid: c68ab8f3-1a2e-4f01-9686-c18063570892): soooo
[11:09:54] TheRealColmagi (uuid: c98c1615-0764-41e1-848d-73152bfabe94): wheres nomguy
[11:09:59] TheRealColmagi (uuid: c98c1615-0764-41e1-848d-73152bfabe94): so i can start the giveawy
[11:10:10] _PandaGamerFTW_ (uuid: c68ab8f3-1a2e-4f01-9686-c18063570892): why did you tell me to get on?
[11:10:24] TheRealColmagi (uuid: c98c1615-0764-41e1-848d-73152bfabe94): do u plan on playing on this server
[11:10:25] TheRealColmagi (uuid: c98c1615-0764-41e1-848d-73152bfabe94): like
[11:10:31] TheRealColmagi (uuid: c98c1615-0764-41e1-848d-73152bfabe94): every once in a while at lesat
[11:10:35] _PandaGamerFTW_ (uuid: c68ab8f3-1a2e-4f01-9686-c18063570892): ya
[11:10:41] TheRealColmagi (uuid: c98c1615-0764-41e1-848d-73152bfabe94): cuz that gives u eligibility for the rankupgrade giveaway
[11:10:51] _PandaGamerFTW_ (uuid: c68ab8f3-1a2e-4f01-9686-c18063570892): ya
[11:10:59] TheRealColmagi (uuid: c98c1615-0764-41e1-848d-73152bfabe94): so like once every 2 days unless ur parents dont let u play on weekdays
[11:11:08] _PandaGamerFTW_ (uuid: c68ab8f3-1a2e-4f01-9686-c18063570892): they do XD
[11:11:11] TheRealColmagi (uuid: c98c1615-0764-41e1-848d-73152bfabe94): that means u get on by urself
[11:11:15] TheRealColmagi (uuid: c98c1615-0764-41e1-848d-73152bfabe94): like i dont have to tell you to get on
[11:11:24] _PandaGamerFTW_ (uuid: c68ab8f3-1a2e-4f01-9686-c18063570892): ya
[11:11:24] TheRealColmagi (uuid: c98c1615-0764-41e1-848d-73152bfabe94): like fuzzy and optivat
[11:11:31] _PandaGamerFTW_ (uuid: c68ab8f3-1a2e-4f01-9686-c18063570892): i just get on
[11:11:52] _PandaGamerFTW_ (uuid: c68ab8f3-1a2e-4f01-9686-c18063570892): they dont tell when i cant get in
[11:11:56] _PandaGamerFTW_ (uuid: c68ab8f3-1a2e-4f01-9686-c18063570892): on
[11:11:58] TheRealColmagi (uuid: c98c1615-0764-41e1-848d-73152bfabe94): should i just do it with 4 ppl
[11:12:05] _PandaGamerFTW_ (uuid: c68ab8f3-1a2e-4f01-9686-c18063570892): sure idk
[11:12:10] PhadingFuzzy (uuid: 4150cd4b-a415-4298-bdc7-c9e330b466cc): Do wat
[11:12:24] TheRealColmagi (uuid: c98c1615-0764-41e1-848d-73152bfabe94): rank giveaway
[11:12:28] TheRealColmagi (uuid: c98c1615-0764-41e1-848d-73152bfabe94): then money giveaway
[11:12:28] PhadingFuzzy (uuid: 4150cd4b-a415-4298-bdc7-c9e330b466cc): idk
[11:12:34] TheRealColmagi (uuid: c98c1615-0764-41e1-848d-73152bfabe94): ok ill do it
[11:12:47] _PandaGamerFTW_ (uuid: c68ab8f3-1a2e-4f01-9686-c18063570892): one thing
[11:12:52] _PandaGamerFTW_ (uuid: c68ab8f3-1a2e-4f01-9686-c18063570892): can i have food XD
[11:12:56] TheRealColmagi (uuid: c98c1615-0764-41e1-848d-73152bfabe94): ask someone
[11:13:00] TheRealColmagi (uuid: c98c1615-0764-41e1-848d-73152bfabe94): busy rn
[11:13:31] TheRealColmagi (uuid: c98c1615-0764-41e1-848d-73152bfabe94): OPTIVAT WON
[11:13:34] TheRealColmagi (uuid: c98c1615-0764-41e1-848d-73152bfabe94): HOLYYYYY JESUS
[11:13:36] _PandaGamerFTW_ (uuid: c68ab8f3-1a2e-4f01-9686-c18063570892): ;-;
[11:14:02] TheRealColmagi (uuid: c98c1615-0764-41e1-848d-73152bfabe94): congrats optivat on expert!
[11:14:07] Optivat_YT (uuid: 061f9ad6-a6fb-45da-8990-73890f965939): YES
[11:14:19] Optivat_YT (uuid: 061f9ad6-a6fb-45da-8990-73890f965939): I like to thank my mum and my dad
[11:14:26] PhadingFuzzy (uuid: 4150cd4b-a415-4298-bdc7-c9e330b466cc): *clap* *Clap*
[11:15:27] Optivat_YT (uuid: 061f9ad6-a6fb-45da-8990-73890f965939): I am the real
[11:15:34] TheRealColmagi (uuid: c98c1615-0764-41e1-848d-73152bfabe94): thats staff impersonation
[11:15:38] TheRealColmagi (uuid: c98c1615-0764-41e1-848d-73152bfabe94): its a bannable offense
[11:15:42] Optivat_YT (uuid: 061f9ad6-a6fb-45da-8990-73890f965939): hi
[11:15:48] PhadingFuzzy (uuid: 4150cd4b-a415-4298-bdc7-c9e330b466cc): Then man urself
[11:15:51] Optivat_YT (uuid: 061f9ad6-a6fb-45da-8990-73890f965939): no plz
[11:15:54] PhadingFuzzy (uuid: 4150cd4b-a415-4298-bdc7-c9e330b466cc): ban
[11:15:55] PhadingFuzzy (uuid: 4150cd4b-a415-4298-bdc7-c9e330b466cc): xD
[11:15:58] Optivat_YT (uuid: 061f9ad6-a6fb-45da-8990-73890f965939): no
[11:15:58] TheRealColmagi (uuid: c98c1615-0764-41e1-848d-73152bfabe94): i reccomend some color in ur name
[11:16:01] Optivat_YT (uuid: 061f9ad6-a6fb-45da-8990-73890f965939): NO
[11:16:29] TheRealColmagi (uuid: c98c1615-0764-41e1-848d-73152bfabe94): @LNOW FOR THE 50K GIVEAWAY
[11:16:36] TheRealColmagi (uuid: c98c1615-0764-41e1-848d-73152bfabe94): §LNOW FOR THE 50K GIVEAWAY
[11:16:44] TheRealColmagi (uuid: c98c1615-0764-41e1-848d-73152bfabe94): §LAND THE WINNER IS
[11:17:00] TheRealColmagi (uuid: c98c1615-0764-41e1-848d-73152bfabe94): §LLUIGI
[11:17:03] TheRealColmagi (uuid: c98c1615-0764-41e1-848d-73152bfabe94): congrats
[11:17:20] PhadingFuzzy (uuid: 4150cd4b-a415-4298-bdc7-c9e330b466cc): *More clapping*
[11:17:25] TheRealColmagi (uuid: c98c1615-0764-41e1-848d-73152bfabe94): dam he rich
[11:17:28] Luigi_138 (uuid: da59ddb8-d4cf-42fa-a787-b311376a1a11): and some slapping
[11:18:01] PhadingFuzzy (uuid: 4150cd4b-a415-4298-bdc7-c9e330b466cc): James theres another flaw in shop
[11:18:05] TheRealColmagi (uuid: c98c1615-0764-41e1-848d-73152bfabe94): what
[11:18:14] PhadingFuzzy (uuid: 4150cd4b-a415-4298-bdc7-c9e330b466cc): Buy pumpkins, change to seeds, sell
[11:18:19] PhadingFuzzy (uuid: 4150cd4b-a415-4298-bdc7-c9e330b466cc): Gets 1k per round
[11:18:34] TheRealColmagi (uuid: c98c1615-0764-41e1-848d-73152bfabe94): luigi u failed me
[11:18:38] PhadingFuzzy (uuid: 4150cd4b-a415-4298-bdc7-c9e330b466cc): Luigi is using it
[11:18:47] PhadingFuzzy (uuid: 4150cd4b-a415-4298-bdc7-c9e330b466cc): Now he knows....
[11:19:16] PhadingFuzzy (uuid: 4150cd4b-a415-4298-bdc7-c9e330b466cc): made it to baltop 3 m9
[11:19:22] PhadingFuzzy (uuid: 4150cd4b-a415-4298-bdc7-c9e330b466cc): thanks dragon
[11:19:30] PhadingFuzzy (uuid: 4150cd4b-a415-4298-bdc7-c9e330b466cc): for giving me a ton of shitty diamond blocks
[11:19:44] TheRealColmagi (uuid: c98c1615-0764-41e1-848d-73152bfabe94): its &
[11:19:53] Optivat_YT (uuid: 061f9ad6-a6fb-45da-8990-73890f965939): hi
[11:19:57] Optivat_YT (uuid: 061f9ad6-a6fb-45da-8990-73890f965939): hi
[11:20:21] Optivat_YT (uuid: 061f9ad6-a6fb-45da-8990-73890f965939): YEA
[11:21:08] TheRealColmagi (uuid: c98c1615-0764-41e1-848d-73152bfabe94): wtf
[11:21:24] PhadingFuzzy (uuid: 4150cd4b-a415-4298-bdc7-c9e330b466cc): Oh yea book buy and sell prices are the same
[11:21:47] TheRealColmagi (uuid: c98c1615-0764-41e1-848d-73152bfabe94): well screw u too dylan
[11:22:07] TheRealColmagi (uuid: c98c1615-0764-41e1-848d-73152bfabe94): oh wait he crashed
[11:22:11] PhadingFuzzy (uuid: 4150cd4b-a415-4298-bdc7-c9e330b466cc): and here
[11:22:22] PhadingFuzzy (uuid: 4150cd4b-a415-4298-bdc7-c9e330b466cc): It says buy.. u cant sell zombie heads
[11:22:31] watermelonman53 (uuid: 26666a91-29a2-487f-bda5-16d4919282a0): sad day
[11:23:27] PhadingFuzzy (uuid: 4150cd4b-a415-4298-bdc7-c9e330b466cc): and quartz buy/sell prices are the same
[11:24:14] PhadingFuzzy (uuid: 4150cd4b-a415-4298-bdc7-c9e330b466cc): Same goes for magmacream
[11:25:34] PhadingFuzzy (uuid: 4150cd4b-a415-4298-bdc7-c9e330b466cc): q
[11:26:09] TheRealColmagi (uuid: c98c1615-0764-41e1-848d-73152bfabe94): fukin google chrome
[11:26:10] PhadingFuzzy (uuid: 4150cd4b-a415-4298-bdc7-c9e330b466cc): rhat the hell
[11:26:15] PhadingFuzzy (uuid: 4150cd4b-a415-4298-bdc7-c9e330b466cc): Dude its lagy af
[11:26:19] PhadingFuzzy (uuid: 4150cd4b-a415-4298-bdc7-c9e330b466cc): I cant open any chests
[11:26:28] Optivat_YT (uuid: 061f9ad6-a6fb-45da-8990-73890f965939): this is laggy af
[11:26:31] Optivat_YT (uuid: 061f9ad6-a6fb-45da-8990-73890f965939): dud
[11:48:04] TheRealColmagi (uuid: c98c1615-0764-41e1-848d-73152bfabe94): staff impersonation
[11:48:06] TheRealColmagi (uuid: c98c1615-0764-41e1-848d-73152bfabe94): banned
[11:50:07] TheRealColmagi (uuid: c98c1615-0764-41e1-848d-73152bfabe94): /d ur gay ecksdeee
[11:56:05] Optivat_YT (uuid: 061f9ad6-a6fb-45da-8990-73890f965939): g
[12:05:02] TheRealColmagi (uuid: c98c1615-0764-41e1-848d-73152bfabe94): hi blyat
[12:05:05] TheBlueGamer0 (uuid: 654713d4-034f-41ff-acad-c3b9ced485de): sup
[12:05:11] TheRealColmagi (uuid: c98c1615-0764-41e1-848d-73152bfabe94): yes
[12:28:37] Optivat_YT (uuid: 061f9ad6-a6fb-45da-8990-73890f965939): gtg
[13:40:47] PhadingFuzzy (uuid: 4150cd4b-a415-4298-bdc7-c9e330b466cc): Connected with MineChat
[14:26:10] TheRealColmagi (uuid: c98c1615-0764-41e1-848d-73152bfabe94): hi
[14:26:11] TheRealColmagi (uuid: c98c1615-0764-41e1-848d-73152bfabe94): uh
[14:26:23] TheRealColmagi (uuid: c98c1615-0764-41e1-848d-73152bfabe94): u know what happened between luigi and blue? or were u not on
[14:26:37] TheRealColmagi (uuid: c98c1615-0764-41e1-848d-73152bfabe94): also u want a plot in the mall?
[14:26:47] TheRealColmagi (uuid: c98c1615-0764-41e1-848d-73152bfabe94): u can have luigi's cuz he said he wasnt gonna play anymore
[14:27:24] TheRealColmagi (uuid: c98c1615-0764-41e1-848d-73152bfabe94): water
[14:27:26] TheRealColmagi (uuid: c98c1615-0764-41e1-848d-73152bfabe94): u there?
[14:29:08] TheRealColmagi (uuid: c98c1615-0764-41e1-848d-73152bfabe94): shorty
[14:29:12] watermelonman53 (uuid: 26666a91-29a2-487f-bda5-16d4919282a0): ye
[14:29:15] TheRealColmagi (uuid: c98c1615-0764-41e1-848d-73152bfabe94): wtf
[14:29:22] TheRealColmagi (uuid: c98c1615-0764-41e1-848d-73152bfabe94): u know what happened between luigi and blue? or were u not on
[14:29:35] watermelonman53 (uuid: 26666a91-29a2-487f-bda5-16d4919282a0): iv been working on a project
[14:29:41] TheRealColmagi (uuid: c98c1615-0764-41e1-848d-73152bfabe94): were u on tho?
[14:29:45] watermelonman53 (uuid: 26666a91-29a2-487f-bda5-16d4919282a0): no
[14:29:49] TheRealColmagi (uuid: c98c1615-0764-41e1-848d-73152bfabe94): ah ok
[14:29:51] TheRealColmagi (uuid: c98c1615-0764-41e1-848d-73152bfabe94): maybe optivat knows
[14:29:56] TheRealColmagi (uuid: c98c1615-0764-41e1-848d-73152bfabe94): since he was in the call
[14:29:59] TheRealColmagi (uuid: c98c1615-0764-41e1-848d-73152bfabe94): i believe
[14:30:06] watermelonman53 (uuid: 26666a91-29a2-487f-bda5-16d4919282a0): wanna get everyone on
[14:30:10] TheRealColmagi (uuid: c98c1615-0764-41e1-848d-73152bfabe94): yes i would
[14:30:11] TheRealColmagi (uuid: c98c1615-0764-41e1-848d-73152bfabe94): but
[14:30:14] TheRealColmagi (uuid: c98c1615-0764-41e1-848d-73152bfabe94): luigi quit after that
[14:30:19] TheRealColmagi (uuid: c98c1615-0764-41e1-848d-73152bfabe94): said he probably would never get on again
[14:30:22] TheRealColmagi (uuid: c98c1615-0764-41e1-848d-73152bfabe94): blue's busy
[14:30:29] TheRealColmagi (uuid: c98c1615-0764-41e1-848d-73152bfabe94): i have no fukn idea where optivat is
[14:30:33] TheRealColmagi (uuid: c98c1615-0764-41e1-848d-73152bfabe94): and same with fuzzy
[14:30:42] TheRealColmagi (uuid: c98c1615-0764-41e1-848d-73152bfabe94): and maple
[14:30:51] watermelonman53 (uuid: 26666a91-29a2-487f-bda5-16d4919282a0): maple is at waterpark
[14:30:55] TheRealColmagi (uuid: c98c1615-0764-41e1-848d-73152bfabe94): ok
[14:31:01] TheRealColmagi (uuid: c98c1615-0764-41e1-848d-73152bfabe94): change ur nick its retarded
[14:31:14] TheRealColmagi (uuid: c98c1615-0764-41e1-848d-73152bfabe94): do u want another drain command
[14:31:17] TheRealColmagi (uuid: c98c1615-0764-41e1-848d-73152bfabe94): cuz i can do that for u
[14:32:04] TheRealColmagi (uuid: c98c1615-0764-41e1-848d-73152bfabe94): u there|
[14:32:23] watermelonman53 (uuid: 26666a91-29a2-487f-bda5-16d4919282a0): done
[14:32:32] TheRealColmagi (uuid: c98c1615-0764-41e1-848d-73152bfabe94): with what
[14:32:39] watermelonman53 (uuid: 26666a91-29a2-487f-bda5-16d4919282a0): name change
[14:32:41] TheRealColmagi (uuid: c98c1615-0764-41e1-848d-73152bfabe94): ah
[14:32:45] TheRealColmagi (uuid: c98c1615-0764-41e1-848d-73152bfabe94): u want me to drain
[14:32:51] TheRealColmagi (uuid: c98c1615-0764-41e1-848d-73152bfabe94): do //drain?
[14:33:00] TheRealColmagi (uuid: c98c1615-0764-41e1-848d-73152bfabe94): like the other temple
[14:33:23] watermelonman53 (uuid: 26666a91-29a2-487f-bda5-16d4919282a0): if you want this is neer fuzzy;'s base
[14:33:29] TheRealColmagi (uuid: c98c1615-0764-41e1-848d-73152bfabe94): lol ur skin is slightly different
[14:33:41] watermelonman53 (uuid: 26666a91-29a2-487f-bda5-16d4919282a0): no its the same
[14:33:45] watermelonman53 (uuid: 26666a91-29a2-487f-bda5-16d4919282a0): i stole
[14:33:47] watermelonman53 (uuid: 26666a91-29a2-487f-bda5-16d4919282a0): it
[14:33:48] TheRealColmagi (uuid: c98c1615-0764-41e1-848d-73152bfabe94): look at the hands
[14:33:49] watermelonman53 (uuid: 26666a91-29a2-487f-bda5-16d4919282a0): from
[14:33:57] watermelonman53 (uuid: 26666a91-29a2-487f-bda5-16d4919282a0): OH
[14:34:01] watermelonman53 (uuid: 26666a91-29a2-487f-bda5-16d4919282a0): caps
[14:34:32] TheRealColmagi (uuid: c98c1615-0764-41e1-848d-73152bfabe94): hi
[14:34:36] TheBlueGamer0 (uuid: 654713d4-034f-41ff-acad-c3b9ced485de): nice ban
[14:34:38] TheRealColmagi (uuid: c98c1615-0764-41e1-848d-73152bfabe94): mind telling us what happened
[14:34:45] TheRealColmagi (uuid: c98c1615-0764-41e1-848d-73152bfabe94): i didnt ban u after u told me what happened
[14:34:55] TheRealColmagi (uuid: c98c1615-0764-41e1-848d-73152bfabe94): shit found the elder guardian
[14:35:04] TheBlueGamer0 (uuid: 654713d4-034f-41ff-acad-c3b9ced485de): sure
[14:35:16] TheBlueGamer0 (uuid: 654713d4-034f-41ff-acad-c3b9ced485de): lets just say luigi is a total bitch anyways
[14:36:24] TheRealColmagi (uuid: c98c1615-0764-41e1-848d-73152bfabe94): there that did it
[14:36:27] TheBlueGamer0 (uuid: 654713d4-034f-41ff-acad-c3b9ced485de): anyways...
[14:36:30] TheRealColmagi (uuid: c98c1615-0764-41e1-848d-73152bfabe94): drained the whole shithole
[14:36:52] TheRealColmagi (uuid: c98c1615-0764-41e1-848d-73152bfabe94): suus yo
[14:36:57] TheBlueGamer0 (uuid: 654713d4-034f-41ff-acad-c3b9ced485de): well
[14:37:23] TheBlueGamer0 (uuid: 654713d4-034f-41ff-acad-c3b9ced485de): he has fucking yelled at me before just because i didnt make a sword in terraria, he is constantly calling me shit
[14:37:32] TheRealColmagi (uuid: c98c1615-0764-41e1-848d-73152bfabe94): ok
[14:37:44] TheBlueGamer0 (uuid: 654713d4-034f-41ff-acad-c3b9ced485de): and he told me that i wasted 1 ref in tf2 and that i should just stop playing the game
[14:38:02] TheBlueGamer0 (uuid: 654713d4-034f-41ff-acad-c3b9ced485de): he deseved what he got, and idk why you ever let him on the server
[14:38:16] TheBlueGamer0 (uuid: 654713d4-034f-41ff-acad-c3b9ced485de): well goodbye
[14:38:21] TheBlueGamer0 (uuid: 654713d4-034f-41ff-acad-c3b9ced485de): seeing as im getting banned
[14:38:54] PhadingFuzzy (uuid: 4150cd4b-a415-4298-bdc7-c9e330b466cc): Connected with MineChat
[14:39:00] PhadingFuzzy (uuid: 4150cd4b-a415-4298-bdc7-c9e330b466cc): eeee
[14:39:33] PhadingFuzzy (uuid: 4150cd4b-a415-4298-bdc7-c9e330b466cc): xxxx
[14:39:38] PhadingFuzzy (uuid: 4150cd4b-a415-4298-bdc7-c9e330b466cc): dddd
[14:39:40] PhadingFuzzy (uuid: 4150cd4b-a415-4298-bdc7-c9e330b466cc): eeee
[14:45:18] TheRealColmagi (uuid: c98c1615-0764-41e1-848d-73152bfabe94): wait
[14:46:56] watermelonman53 (uuid: 26666a91-29a2-487f-bda5-16d4919282a0): oh god
[14:47:28] TheBlueGamer0 (uuid: 654713d4-034f-41ff-acad-c3b9ced485de): g
[14:47:45] TheBlueGamer0 (uuid: 654713d4-034f-41ff-acad-c3b9ced485de):  i need soething to do for 20 minutes
[14:47:49] TheBlueGamer0 (uuid: 654713d4-034f-41ff-acad-c3b9ced485de): something
[14:47:53] TheBlueGamer0 (uuid: 654713d4-034f-41ff-acad-c3b9ced485de): something
[14:48:01] TheRealColmagi (uuid: c98c1615-0764-41e1-848d-73152bfabe94): wat
[14:48:02] TheRealColmagi (uuid: c98c1615-0764-41e1-848d-73152bfabe94): oh ok
[14:48:05] TheRealColmagi (uuid: c98c1615-0764-41e1-848d-73152bfabe94): ummm
[14:48:06] TheBlueGamer0 (uuid: 654713d4-034f-41ff-acad-c3b9ced485de): idk
[14:48:10] TheBlueGamer0 (uuid: 654713d4-034f-41ff-acad-c3b9ced485de): just somehing to build
[14:48:11] TheRealColmagi (uuid: c98c1615-0764-41e1-848d-73152bfabe94): revamp the pvp arena so it doesnt SUCK
[14:48:15] TheBlueGamer0 (uuid: 654713d4-034f-41ff-acad-c3b9ced485de): okay
[14:48:15] TheRealColmagi (uuid: c98c1615-0764-41e1-848d-73152bfabe94): duh
[14:51:27] TheRealColmagi (uuid: c98c1615-0764-41e1-848d-73152bfabe94): holy shit
[14:51:50] TheRealColmagi (uuid: c98c1615-0764-41e1-848d-73152bfabe94): well ill put my trust in you
[14:51:54] TheRealColmagi (uuid: c98c1615-0764-41e1-848d-73152bfabe94): do a good job
[14:54:13] TheRealColmagi (uuid: c98c1615-0764-41e1-848d-73152bfabe94): whoah blue
[14:54:14] TheRealColmagi (uuid: c98c1615-0764-41e1-848d-73152bfabe94): wtf
[14:54:20] TheRealColmagi (uuid: c98c1615-0764-41e1-848d-73152bfabe94): oh its just haste
[14:54:25] TheRealColmagi (uuid: c98c1615-0764-41e1-848d-73152bfabe94): i was like wtf
[14:54:29] TheRealColmagi (uuid: c98c1615-0764-41e1-848d-73152bfabe94): wtaer
[14:54:30] TheRealColmagi (uuid: c98c1615-0764-41e1-848d-73152bfabe94): water
[14:54:34] TheRealColmagi (uuid: c98c1615-0764-41e1-848d-73152bfabe94): u want a plot at the mall
[14:54:37] TheRealColmagi (uuid: c98c1615-0764-41e1-848d-73152bfabe94): for ur shops
[14:54:40] watermelonman53 (uuid: 26666a91-29a2-487f-bda5-16d4919282a0): ye
[14:54:43] TheRealColmagi (uuid: c98c1615-0764-41e1-848d-73152bfabe94): yee boi
[14:54:46] TheBlueGamer0 (uuid: 654713d4-034f-41ff-acad-c3b9ced485de): guys
[14:54:46] TheRealColmagi (uuid: c98c1615-0764-41e1-848d-73152bfabe94): u can have luigis
[14:54:51] TheRealColmagi (uuid: c98c1615-0764-41e1-848d-73152bfabe94): wat
[14:54:54] TheBlueGamer0 (uuid: 654713d4-034f-41ff-acad-c3b9ced485de): im not even donw eith the spawn btw
[14:54:58] TheRealColmagi (uuid: c98c1615-0764-41e1-848d-73152bfabe94): ok
[14:55:05] TheRealColmagi (uuid: c98c1615-0764-41e1-848d-73152bfabe94): oh yeah
[14:55:07] TheBlueGamer0 (uuid: 654713d4-034f-41ff-acad-c3b9ced485de): i was going to make a markey and shit
[14:55:07] TheRealColmagi (uuid: c98c1615-0764-41e1-848d-73152bfabe94): u hate luigi right
[14:55:12] TheBlueGamer0 (uuid: 654713d4-034f-41ff-acad-c3b9ced485de): im covering all the water
[14:55:15] TheRealColmagi (uuid: c98c1615-0764-41e1-848d-73152bfabe94): well luigi decided
[14:55:15] TheBlueGamer0 (uuid: 654713d4-034f-41ff-acad-c3b9ced485de): yeah
[14:55:22] TheRealColmagi (uuid: c98c1615-0764-41e1-848d-73152bfabe94): to remove ur slimeblock thingy
[14:55:26] TheRealColmagi (uuid: c98c1615-0764-41e1-848d-73152bfabe94): and built a spiral staircase
[14:55:28] TheRealColmagi (uuid: c98c1615-0764-41e1-848d-73152bfabe94): in the shop area
[14:55:28] TheBlueGamer0 (uuid: 654713d4-034f-41ff-acad-c3b9ced485de): ik
[14:55:34] TheBlueGamer0 (uuid: 654713d4-034f-41ff-acad-c3b9ced485de): i replaced it
[14:55:35] TheRealColmagi (uuid: c98c1615-0764-41e1-848d-73152bfabe94): oh lol u removed it
[14:55:45] TheRealColmagi (uuid: c98c1615-0764-41e1-848d-73152bfabe94): wait ur gonna build a market
[14:55:48] TheRealColmagi (uuid: c98c1615-0764-41e1-848d-73152bfabe94): on the water
[14:55:48] TheBlueGamer0 (uuid: 654713d4-034f-41ff-acad-c3b9ced485de): yes
[14:55:49] TheRealColmagi (uuid: c98c1615-0764-41e1-848d-73152bfabe94): ok
[14:55:52] TheBlueGamer0 (uuid: 654713d4-034f-41ff-acad-c3b9ced485de): it is midevil
[14:55:56] TheBlueGamer0 (uuid: 654713d4-034f-41ff-acad-c3b9ced485de): not modern
[14:56:00] TheRealColmagi (uuid: c98c1615-0764-41e1-848d-73152bfabe94): i gotta give
[14:56:02] TheRealColmagi (uuid: c98c1615-0764-41e1-848d-73152bfabe94): water
[14:56:05] TheBlueGamer0 (uuid: 654713d4-034f-41ff-acad-c3b9ced485de): not modern
[14:56:05] TheRealColmagi (uuid: c98c1615-0764-41e1-848d-73152bfabe94): his plot at the mall
[14:56:16] TheRealColmagi (uuid: c98c1615-0764-41e1-848d-73152bfabe94): boi
[14:56:19] TheRealColmagi (uuid: c98c1615-0764-41e1-848d-73152bfabe94): where u at shorty
[14:56:38] watermelonman53 (uuid: 26666a91-29a2-487f-bda5-16d4919282a0): where are you
[14:56:46] TheRealColmagi (uuid: c98c1615-0764-41e1-848d-73152bfabe94): im at /warp walmart
[14:57:06] TheRealColmagi (uuid: c98c1615-0764-41e1-848d-73152bfabe94): there
[14:57:13] TheRealColmagi (uuid: c98c1615-0764-41e1-848d-73152bfabe94): you can build in this area
[14:57:17] TheRealColmagi (uuid: c98c1615-0764-41e1-848d-73152bfabe94): but cannot change the floor or roof
[14:57:27] watermelonman53 (uuid: 26666a91-29a2-487f-bda5-16d4919282a0): or the walls
[14:57:29] TheRealColmagi (uuid: c98c1615-0764-41e1-848d-73152bfabe94): since the floor is the bottom shop's roof
[14:57:30] TheRealColmagi (uuid: c98c1615-0764-41e1-848d-73152bfabe94): yeah
[14:57:33] TheRealColmagi (uuid: c98c1615-0764-41e1-848d-73152bfabe94): hiiii pulse
[14:57:34] BetterBacon (uuid: 587d0daa-1557-408a-b721-6a28b691a838): hello
[14:57:40] BetterBacon (uuid: 587d0daa-1557-408a-b721-6a28b691a838): lol 15 Fps
[14:57:42] TheRealColmagi (uuid: c98c1615-0764-41e1-848d-73152bfabe94): eks de
[14:57:44] BetterBacon (uuid: 587d0daa-1557-408a-b721-6a28b691a838): lol
[14:57:47] BetterBacon (uuid: 587d0daa-1557-408a-b721-6a28b691a838): 15 fps
[14:57:48] TheRealColmagi (uuid: c98c1615-0764-41e1-848d-73152bfabe94): i built a walmart
[14:57:57] TheBlueGamer0 (uuid: 654713d4-034f-41ff-acad-c3b9ced485de): its probably becuase of me
[14:57:57] TheRealColmagi (uuid: c98c1615-0764-41e1-848d-73152bfabe94): ur claim expired btw
[14:58:02] BetterBacon (uuid: 587d0daa-1557-408a-b721-6a28b691a838): ?
[14:58:04] BetterBacon (uuid: 587d0daa-1557-408a-b721-6a28b691a838): ?
[14:58:04] TheRealColmagi (uuid: c98c1615-0764-41e1-848d-73152bfabe94): like
[14:58:07] TheRealColmagi (uuid: c98c1615-0764-41e1-848d-73152bfabe94): u werent on
[14:58:10] TheRealColmagi (uuid: c98c1615-0764-41e1-848d-73152bfabe94): so ur claim expired
[14:58:27] TheRealColmagi (uuid: c98c1615-0764-41e1-848d-73152bfabe94): u wanna check out the walmart
[14:58:34] BetterBacon (uuid: 587d0daa-1557-408a-b721-6a28b691a838): donations?
[14:58:37] BetterBacon (uuid: 587d0daa-1557-408a-b721-6a28b691a838): donations?
[14:58:45] TheRealColmagi (uuid: c98c1615-0764-41e1-848d-73152bfabe94): oh yes daddy
[14:58:56] TheBlueGamer0 (uuid: 654713d4-034f-41ff-acad-c3b9ced485de): you guys ready for lag?
[14:58:59] TheRealColmagi (uuid: c98c1615-0764-41e1-848d-73152bfabe94): HELL YEAH
[14:59:01] BetterBacon (uuid: 587d0daa-1557-408a-b721-6a28b691a838): I will do a lap dance for u for 20 diamonds
[14:59:10] BetterBacon (uuid: 587d0daa-1557-408a-b721-6a28b691a838): i will do lap dance for 20 diamonds
[14:59:10] TheRealColmagi (uuid: c98c1615-0764-41e1-848d-73152bfabe94): ok
[14:59:19] TheRealColmagi (uuid: c98c1615-0764-41e1-848d-73152bfabe94): do it
[14:59:22] BetterBacon (uuid: 587d0daa-1557-408a-b721-6a28b691a838): cum here
[14:59:23] TheRealColmagi (uuid: c98c1615-0764-41e1-848d-73152bfabe94): -emperor palpatine
[14:59:29] BetterBacon (uuid: 587d0daa-1557-408a-b721-6a28b691a838): sit
[14:59:32] TheBlueGamer0 (uuid: 654713d4-034f-41ff-acad-c3b9ced485de): prostitution is illegal
[14:59:35] TheRealColmagi (uuid: c98c1615-0764-41e1-848d-73152bfabe94): no
[14:59:37] TheRealColmagi (uuid: c98c1615-0764-41e1-848d-73152bfabe94): its a lapdance
[14:59:44] TheBlueGamer0 (uuid: 654713d4-034f-41ff-acad-c3b9ced485de): prostitution is illegal
[15:00:15] TheRealColmagi (uuid: c98c1615-0764-41e1-848d-73152bfabe94): buckets of cum
[15:00:18] BetterBacon (uuid: 587d0daa-1557-408a-b721-6a28b691a838): wanna drink my milk?
[15:00:31] BetterBacon (uuid: 587d0daa-1557-408a-b721-6a28b691a838): from my nips
[15:00:47] TheRealColmagi (uuid: c98c1615-0764-41e1-848d-73152bfabe94): betterbacon
[15:00:50] BetterBacon (uuid: 587d0daa-1557-408a-b721-6a28b691a838): ?
[15:00:53] TheRealColmagi (uuid: c98c1615-0764-41e1-848d-73152bfabe94): the prostitute
[15:00:54] TheBlueGamer0 (uuid: 654713d4-034f-41ff-acad-c3b9ced485de): no
[15:00:55] TheRealColmagi (uuid: c98c1615-0764-41e1-848d-73152bfabe94): has a nice ring to it
[15:01:00] TheRealColmagi (uuid: c98c1615-0764-41e1-848d-73152bfabe94): betterbacon the stripper
[15:01:01] BetterBacon (uuid: 587d0daa-1557-408a-b721-6a28b691a838): can i get role?
[15:01:07] TheRealColmagi (uuid: c98c1615-0764-41e1-848d-73152bfabe94): theres no stripper role
[15:01:18] BetterBacon (uuid: 587d0daa-1557-408a-b721-6a28b691a838): make one for me plz
[15:01:33] TheRealColmagi (uuid: c98c1615-0764-41e1-848d-73152bfabe94): S????????????????E????????????????????N??????D???????????? ????????????N??????U????????D?????????E?????????????S??????????????
[15:01:33] BetterBacon (uuid: 587d0daa-1557-408a-b721-6a28b691a838): ill flash u my tits
[15:01:42] TheRealColmagi (uuid: c98c1615-0764-41e1-848d-73152bfabe94): can u read what it says
[15:01:45] BetterBacon (uuid: 587d0daa-1557-408a-b721-6a28b691a838): yes
[15:01:49] BetterBacon (uuid: 587d0daa-1557-408a-b721-6a28b691a838): Send nudes
[15:01:53] TheRealColmagi (uuid: c98c1615-0764-41e1-848d-73152bfabe94): yes
[15:02:02] TheRealColmagi (uuid: c98c1615-0764-41e1-848d-73152bfabe94): SE?ND ?NU?D?E?S
[15:02:07] BetterBacon (uuid: 587d0daa-1557-408a-b721-6a28b691a838): if u make a role/rank for me ill send nudes :)
[15:02:10] TheRealColmagi (uuid: c98c1615-0764-41e1-848d-73152bfabe94): @lSE?ND ?NU?D?E?S
[15:02:13] TheRealColmagi (uuid: c98c1615-0764-41e1-848d-73152bfabe94): §lSE?ND ?NU?D?E?S
[15:02:18] TheBlueGamer0 (uuid: 654713d4-034f-41ff-acad-c3b9ced485de): shit my server is almost up
[15:02:23] TheBlueGamer0 (uuid: 654713d4-034f-41ff-acad-c3b9ced485de): ill finish spawn later
[15:02:24] TheRealColmagi (uuid: c98c1615-0764-41e1-848d-73152bfabe94): §l§kSE?ND ?NU?D?E?S
[15:02:31] TheBlueGamer0 (uuid: 654713d4-034f-41ff-acad-c3b9ced485de): ill finish spawn later guys
[15:02:31] BetterBacon (uuid: 587d0daa-1557-408a-b721-6a28b691a838): yes or nw?
[15:02:33] TheBlueGamer0 (uuid: 654713d4-034f-41ff-acad-c3b9ced485de): cya
[15:02:34] TheRealColmagi (uuid: c98c1615-0764-41e1-848d-73152bfabe94): cmon
[15:02:38] BetterBacon (uuid: 587d0daa-1557-408a-b721-6a28b691a838): it will make u cream
[15:02:38] TheRealColmagi (uuid: c98c1615-0764-41e1-848d-73152bfabe94): u lazy
[15:02:42] TheRealColmagi (uuid: c98c1615-0764-41e1-848d-73152bfabe94): it hasnt been 20 min
[15:02:42] TheBlueGamer0 (uuid: 654713d4-034f-41ff-acad-c3b9ced485de): no
[15:02:45] BetterBacon (uuid: 587d0daa-1557-408a-b721-6a28b691a838): i can build spawn
[15:02:48] TheRealColmagi (uuid: c98c1615-0764-41e1-848d-73152bfabe94): no
[15:02:50] TheBlueGamer0 (uuid: 654713d4-034f-41ff-acad-c3b9ced485de): i waited an hour for my server to come up
[15:02:53] TheBlueGamer0 (uuid: 654713d4-034f-41ff-acad-c3b9ced485de): and its up
[15:02:55] TheRealColmagi (uuid: c98c1615-0764-41e1-848d-73152bfabe94): i only trust bluegamer cuz everyone else sucks
[15:02:56] TheBlueGamer0 (uuid: 654713d4-034f-41ff-acad-c3b9ced485de): ill be on later
[15:02:58] TheRealColmagi (uuid: c98c1615-0764-41e1-848d-73152bfabe94): fine
[15:03:11] TheRealColmagi (uuid: c98c1615-0764-41e1-848d-73152bfabe94): but now we aint got no goddamn pvp arena
[15:03:20] BetterBacon (uuid: 587d0daa-1557-408a-b721-6a28b691a838): gtg
[15:03:24] BetterBacon (uuid: 587d0daa-1557-408a-b721-6a28b691a838): gtg
[15:03:24] TheRealColmagi (uuid: c98c1615-0764-41e1-848d-73152bfabe94): fuk u
[15:03:31] TheRealColmagi (uuid: c98c1615-0764-41e1-848d-73152bfabe94): no my stripper
[15:03:42] TheRealColmagi (uuid: c98c1615-0764-41e1-848d-73152bfabe94): lol
[15:03:46] TheBlueGamer0 (uuid: 654713d4-034f-41ff-acad-c3b9ced485de): eh nvm
[15:03:54] TheBlueGamer0 (uuid: 654713d4-034f-41ff-acad-c3b9ced485de): my friend isnton
[15:04:41] TheRealColmagi (uuid: c98c1615-0764-41e1-848d-73152bfabe94): kek
[15:05:32] TheRealColmagi (uuid: c98c1615-0764-41e1-848d-73152bfabe94): im not gonna promote maple to admin
[15:05:35] TheRealColmagi (uuid: c98c1615-0764-41e1-848d-73152bfabe94): hes gonna stay mod
[15:05:39] TheRealColmagi (uuid: c98c1615-0764-41e1-848d-73152bfabe94): after blue goes to builder rank
[15:05:52] TheRealColmagi (uuid: c98c1615-0764-41e1-848d-73152bfabe94): since i cant really trust anyone with op
[15:06:24] TheRealColmagi (uuid: c98c1615-0764-41e1-848d-73152bfabe94): water this is a goddamn shop not ur home
[15:06:27] TheRealColmagi (uuid: c98c1615-0764-41e1-848d-73152bfabe94): make chestshops
[15:06:31] TheRealColmagi (uuid: c98c1615-0764-41e1-848d-73152bfabe94): lol
[15:07:50] watermelonman53 (uuid: 26666a91-29a2-487f-bda5-16d4919282a0): imma do math
[15:07:56] TheRealColmagi (uuid: c98c1615-0764-41e1-848d-73152bfabe94): wait
[15:08:00] TheRealColmagi (uuid: c98c1615-0764-41e1-848d-73152bfabe94): u misspelled meth
[15:08:02] TheRealColmagi (uuid: c98c1615-0764-41e1-848d-73152bfabe94): wtf
[15:08:05] watermelonman53 (uuid: 26666a91-29a2-487f-bda5-16d4919282a0): i know
[15:08:09] watermelonman53 (uuid: 26666a91-29a2-487f-bda5-16d4919282a0): meth*
[15:08:10] TheRealColmagi (uuid: c98c1615-0764-41e1-848d-73152bfabe94): hehehehehehhehHEHHEHEHEH
[15:08:19] TheRealColmagi (uuid: c98c1615-0764-41e1-848d-73152bfabe94): wtf
[15:08:22] TheRealColmagi (uuid: c98c1615-0764-41e1-848d-73152bfabe94): r u in creative
[15:09:28] TheRealColmagi (uuid: c98c1615-0764-41e1-848d-73152bfabe94): should i make my own stall in the shop
[15:09:48] watermelonman53 (uuid: 26666a91-29a2-487f-bda5-16d4919282a0): frosty slite problem
[15:09:51] TheBlueGamer0 (uuid: 654713d4-034f-41ff-acad-c3b9ced485de): your choice
[15:09:53] TheBlueGamer0 (uuid: 654713d4-034f-41ff-acad-c3b9ced485de): ?
[15:10:06] watermelonman53 (uuid: 26666a91-29a2-487f-bda5-16d4919282a0): tp to me
[15:10:08] TheBlueGamer0 (uuid: 654713d4-034f-41ff-acad-c3b9ced485de): oh lol
[15:10:41] TheBlueGamer0 (uuid: 654713d4-034f-41ff-acad-c3b9ced485de): i messed upwith my world edit
[15:10:44] TheBlueGamer0 (uuid: 654713d4-034f-41ff-acad-c3b9ced485de): thanks
[15:10:57] watermelonman53 (uuid: 26666a91-29a2-487f-bda5-16d4919282a0): wat is price for blaze rods
[15:11:11] TheBlueGamer0 (uuid: 654713d4-034f-41ff-acad-c3b9ced485de): ill fix it later
[15:11:20] watermelonman53 (uuid: 26666a91-29a2-487f-bda5-16d4919282a0): wat is price
[15:11:25] TheRealColmagi (uuid: c98c1615-0764-41e1-848d-73152bfabe94): u want some help
[15:11:28] TheRealColmagi (uuid: c98c1615-0764-41e1-848d-73152bfabe94): ill clear trees with u
[15:11:33] TheBlueGamer0 (uuid: 654713d4-034f-41ff-acad-c3b9ced485de): k
[15:12:01] TheBlueGamer0 (uuid: 654713d4-034f-41ff-acad-c3b9ced485de): lol i was about t do that
[15:12:55] TheRealColmagi (uuid: c98c1615-0764-41e1-848d-73152bfabe94): haste only works in survival lol
[15:13:57] TheBlueGamer0 (uuid: 654713d4-034f-41ff-acad-c3b9ced485de): i have an idea
[15:14:07] TheRealColmagi (uuid: c98c1615-0764-41e1-848d-73152bfabe94): burn it
[15:14:08] TheRealColmagi (uuid: c98c1615-0764-41e1-848d-73152bfabe94): jk
[15:14:12] TheBlueGamer0 (uuid: 654713d4-034f-41ff-acad-c3b9ced485de): lol yeah
[15:14:13] TheRealColmagi (uuid: c98c1615-0764-41e1-848d-73152bfabe94): griefprevention doesnt let us do that
[15:14:16] TheBlueGamer0 (uuid: 654713d4-034f-41ff-acad-c3b9ced485de): oh
[15:14:47] TheRealColmagi (uuid: c98c1615-0764-41e1-848d-73152bfabe94): i fuked up
[15:15:10] TheRealColmagi (uuid: c98c1615-0764-41e1-848d-73152bfabe94): holy shit
[15:15:15] TheBlueGamer0 (uuid: 654713d4-034f-41ff-acad-c3b9ced485de): there
[15:16:10] TheRealColmagi (uuid: c98c1615-0764-41e1-848d-73152bfabe94): gud shit
[15:17:21] TheRealColmagi (uuid: c98c1615-0764-41e1-848d-73152bfabe94): ay
[15:17:32] TheBlueGamer0 (uuid: 654713d4-034f-41ff-acad-c3b9ced485de): ?
[15:17:36] TheRealColmagi (uuid: c98c1615-0764-41e1-848d-73152bfabe94): wat now
[15:17:47] TheBlueGamer0 (uuid: 654713d4-034f-41ff-acad-c3b9ced485de): TERRA-FORMING!
[15:17:53] TheBlueGamer0 (uuid: 654713d4-034f-41ff-acad-c3b9ced485de): also
[15:17:54] TheRealColmagi (uuid: c98c1615-0764-41e1-848d-73152bfabe94): oh hell ya
[15:18:02] TheBlueGamer0 (uuid: 654713d4-034f-41ff-acad-c3b9ced485de): take the guards off the castle
[15:18:07] TheRealColmagi (uuid: c98c1615-0764-41e1-848d-73152bfabe94): kek
[15:18:10] TheRealColmagi (uuid: c98c1615-0764-41e1-848d-73152bfabe94): will do
[15:20:02] TheRealColmagi (uuid: c98c1615-0764-41e1-848d-73152bfabe94): it has been completed
[15:20:11] TheBlueGamer0 (uuid: 654713d4-034f-41ff-acad-c3b9ced485de): cool
[15:21:22] TheRealColmagi (uuid: c98c1615-0764-41e1-848d-73152bfabe94): montenegro
[15:21:34] TheRealColmagi (uuid: c98c1615-0764-41e1-848d-73152bfabe94): is a rcisgt cuntry
[15:21:44] TheBlueGamer0 (uuid: 654713d4-034f-41ff-acad-c3b9ced485de): cool
[15:24:21] watermelonman53 (uuid: 26666a91-29a2-487f-bda5-16d4919282a0):  how do you sell different potions
[15:24:28] TheBlueGamer0 (uuid: 654713d4-034f-41ff-acad-c3b9ced485de): magic
[15:24:31] TheRealColmagi (uuid: c98c1615-0764-41e1-848d-73152bfabe94): do /itemdaya
[15:24:39] TheRealColmagi (uuid: c98c1615-0764-41e1-848d-73152bfabe94): shit
[15:24:41] TheRealColmagi (uuid: c98c1615-0764-41e1-848d-73152bfabe94): uh
[15:24:51] TheBlueGamer0 (uuid: 654713d4-034f-41ff-acad-c3b9ced485de): brb
[15:25:09] watermelonman53 (uuid: 26666a91-29a2-487f-bda5-16d4919282a0):  item info
[15:25:14] TheRealColmagi (uuid: c98c1615-0764-41e1-848d-73152bfabe94): 1yeah
[15:25:15] TheRealColmagi (uuid: c98c1615-0764-41e1-848d-73152bfabe94): yeah
[15:25:19] TheRealColmagi (uuid: c98c1615-0764-41e1-848d-73152bfabe94): and copy it
[15:25:28] TheRealColmagi (uuid: c98c1615-0764-41e1-848d-73152bfabe94): wb
[15:25:34] watermelonman53 (uuid: 26666a91-29a2-487f-bda5-16d4919282a0): but i typed it in and didnt do it
[15:25:46] TheRealColmagi (uuid: c98c1615-0764-41e1-848d-73152bfabe94): wtf
[15:25:52] watermelonman53 (uuid: 26666a91-29a2-487f-bda5-16d4919282a0): tp here
[15:26:28] TheBlueGamer0 (uuid: 654713d4-034f-41ff-acad-c3b9ced485de): woops
[15:26:42] TheRealColmagi (uuid: c98c1615-0764-41e1-848d-73152bfabe94): it works
[15:26:44] TheRealColmagi (uuid: c98c1615-0764-41e1-848d-73152bfabe94): what kind of potion
[15:26:59] watermelonman53 (uuid: 26666a91-29a2-487f-bda5-16d4919282a0): poisen
[15:27:03] TheRealColmagi (uuid: c98c1615-0764-41e1-848d-73152bfabe94): gimme
[15:27:06] TheRealColmagi (uuid: c98c1615-0764-41e1-848d-73152bfabe94): let me see
[15:27:07] watermelonman53 (uuid: 26666a91-29a2-487f-bda5-16d4919282a0): slowness
[15:27:19] watermelonman53 (uuid: 26666a91-29a2-487f-bda5-16d4919282a0): i have the sign
[15:27:24] TheRealColmagi (uuid: c98c1615-0764-41e1-848d-73152bfabe94): 438#6
[15:28:29] watermelonman53 (uuid: 26666a91-29a2-487f-bda5-16d4919282a0): hey
[15:28:47] watermelonman53 (uuid: 26666a91-29a2-487f-bda5-16d4919282a0): wtf
[15:28:53] TheRealColmagi (uuid: c98c1615-0764-41e1-848d-73152bfabe94): u buy it lol
[15:29:02] TheRealColmagi (uuid: c98c1615-0764-41e1-848d-73152bfabe94): no
[15:29:03] TheRealColmagi (uuid: c98c1615-0764-41e1-848d-73152bfabe94): its
[15:29:11] TheRealColmagi (uuid: c98c1615-0764-41e1-848d-73152bfabe94): 438#6
[15:29:19] watermelonman53 (uuid: 26666a91-29a2-487f-bda5-16d4919282a0): thats what i fucking diod
[15:29:27] TheRealColmagi (uuid: c98c1615-0764-41e1-848d-73152bfabe94): no its #9 for this one
[15:29:35] TheRealColmagi (uuid: c98c1615-0764-41e1-848d-73152bfabe94): 438#9
[15:29:44] watermelonman53 (uuid: 26666a91-29a2-487f-bda5-16d4919282a0): wrong fucking potion
[15:29:47] TheRealColmagi (uuid: c98c1615-0764-41e1-848d-73152bfabe94): LOL
[15:29:58] TheRealColmagi (uuid: c98c1615-0764-41e1-848d-73152bfabe94): ay
[15:30:19] TheRealColmagi (uuid: c98c1615-0764-41e1-848d-73152bfabe94): kek
[15:33:00] TheRealColmagi (uuid: c98c1615-0764-41e1-848d-73152bfabe94): lol
[15:33:02] TheRealColmagi (uuid: c98c1615-0764-41e1-848d-73152bfabe94): water
[15:33:05] TheRealColmagi (uuid: c98c1615-0764-41e1-848d-73152bfabe94): r u editing the signs
[15:33:07] TheRealColmagi (uuid: c98c1615-0764-41e1-848d-73152bfabe94): r u opped wtf
[15:33:25] TheRealColmagi (uuid: c98c1615-0764-41e1-848d-73152bfabe94): im gonna make an apothecary
[15:33:30] TheRealColmagi (uuid: c98c1615-0764-41e1-848d-73152bfabe94): where i sell potions n shit
[15:33:39] TheBlueGamer0 (uuid: 654713d4-034f-41ff-acad-c3b9ced485de): we can put it in the town
[15:33:53] TheBlueGamer0 (uuid: 654713d4-034f-41ff-acad-c3b9ced485de): we can put it in the town
[15:33:56] TheRealColmagi (uuid: c98c1615-0764-41e1-848d-73152bfabe94): no
[15:33:58] TheRealColmagi (uuid: c98c1615-0764-41e1-848d-73152bfabe94): its in my mall
[15:34:03] TheRealColmagi (uuid: c98c1615-0764-41e1-848d-73152bfabe94): like with chestshops
[15:34:07] TheRealColmagi (uuid: c98c1615-0764-41e1-848d-73152bfabe94): limited supply
[15:34:29] TheRealColmagi (uuid: c98c1615-0764-41e1-848d-73152bfabe94): dont sell potions in the market
[15:34:37] watermelonman53 (uuid: 26666a91-29a2-487f-bda5-16d4919282a0): why
[15:34:39] TheRealColmagi (uuid: c98c1615-0764-41e1-848d-73152bfabe94): most shops dont do that
[15:34:43] TheRealColmagi (uuid: c98c1615-0764-41e1-848d-73152bfabe94): but the malls fine
[15:34:47] TheRealColmagi (uuid: c98c1615-0764-41e1-848d-73152bfabe94): u can sell whatever u want there
[15:37:58] TheRealColmagi (uuid: c98c1615-0764-41e1-848d-73152bfabe94): AY FAM
[15:38:04] Mrmapl3syrup (uuid: b3f11e18-ff16-45fe-85b7-bb69e73fb17c): my duderino
[15:38:08] Mrmapl3syrup (uuid: b3f11e18-ff16-45fe-85b7-bb69e73fb17c): I dont have a pick
[15:38:10] Mrmapl3syrup (uuid: b3f11e18-ff16-45fe-85b7-bb69e73fb17c): xd
[15:38:46] Mrmapl3syrup (uuid: b3f11e18-ff16-45fe-85b7-bb69e73fb17c): is everyone else afk?
[15:38:48] TheRealColmagi (uuid: c98c1615-0764-41e1-848d-73152bfabe94): nope
[15:38:56] Mrmapl3syrup (uuid: b3f11e18-ff16-45fe-85b7-bb69e73fb17c): Water is I think
[15:38:57] TheRealColmagi (uuid: c98c1615-0764-41e1-848d-73152bfabe94): shorty and i are building in the mall
[15:39:05] TheRealColmagi (uuid: c98c1615-0764-41e1-848d-73152bfabe94): and blue's building spawn
[15:39:09] TheRealColmagi (uuid: c98c1615-0764-41e1-848d-73152bfabe94): wait
[15:39:13] TheRealColmagi (uuid: c98c1615-0764-41e1-848d-73152bfabe94): u dont even know we have a mall
[15:39:16] TheRealColmagi (uuid: c98c1615-0764-41e1-848d-73152bfabe94): do /warp walmart
[15:39:20] Mrmapl3syrup (uuid: b3f11e18-ff16-45fe-85b7-bb69e73fb17c): LMAO
[15:39:22] Mrmapl3syrup (uuid: b3f11e18-ff16-45fe-85b7-bb69e73fb17c): WALMART
[15:39:28] TheRealColmagi (uuid: c98c1615-0764-41e1-848d-73152bfabe94): or /warp mall
[15:39:32] Mrmapl3syrup (uuid: b3f11e18-ff16-45fe-85b7-bb69e73fb17c): HOLY
[15:39:37] TheRealColmagi (uuid: c98c1615-0764-41e1-848d-73152bfabe94): built it yesterday
[15:39:46] Mrmapl3syrup (uuid: b3f11e18-ff16-45fe-85b7-bb69e73fb17c): Can I build a store here?
[15:39:49] TheRealColmagi (uuid: c98c1615-0764-41e1-848d-73152bfabe94): yep
[15:39:50] Mrmapl3syrup (uuid: b3f11e18-ff16-45fe-85b7-bb69e73fb17c): In one of the rooms
[15:39:53] TheRealColmagi (uuid: c98c1615-0764-41e1-848d-73152bfabe94): thats my whole idea
[15:39:56] TheRealColmagi (uuid: c98c1615-0764-41e1-848d-73152bfabe94): a community market
[15:39:58] Mrmapl3syrup (uuid: b3f11e18-ff16-45fe-85b7-bb69e73fb17c): It is a good one as well
[15:40:02] TheRealColmagi (uuid: c98c1615-0764-41e1-848d-73152bfabe94): thats shortys
[15:40:09] TheRealColmagi (uuid: c98c1615-0764-41e1-848d-73152bfabe94): next to it is optivat
[15:40:10] TheRealColmagi (uuid: c98c1615-0764-41e1-848d-73152bfabe94): take ur pick
[15:40:13] Mrmapl3syrup (uuid: b3f11e18-ff16-45fe-85b7-bb69e73fb17c): ?
[15:40:13] TheRealColmagi (uuid: c98c1615-0764-41e1-848d-73152bfabe94): whichever one u want
[15:40:23] Mrmapl3syrup (uuid: b3f11e18-ff16-45fe-85b7-bb69e73fb17c): wut do u means
[15:40:27] TheRealColmagi (uuid: c98c1615-0764-41e1-848d-73152bfabe94): like
[15:40:29] TheRealColmagi (uuid: c98c1615-0764-41e1-848d-73152bfabe94): which store u want
[15:40:32] Mrmapl3syrup (uuid: b3f11e18-ff16-45fe-85b7-bb69e73fb17c): oooo
[15:40:33] TheRealColmagi (uuid: c98c1615-0764-41e1-848d-73152bfabe94): 2nd floor or 1st floor
[15:40:47] Mrmapl3syrup (uuid: b3f11e18-ff16-45fe-85b7-bb69e73fb17c): First
[15:40:50] TheRealColmagi (uuid: c98c1615-0764-41e1-848d-73152bfabe94): kk
[15:40:50] Mrmapl3syrup (uuid: b3f11e18-ff16-45fe-85b7-bb69e73fb17c): tis one
[15:40:53] TheRealColmagi (uuid: c98c1615-0764-41e1-848d-73152bfabe94): ill get it set up
[15:40:55] Mrmapl3syrup (uuid: b3f11e18-ff16-45fe-85b7-bb69e73fb17c): kkk
[15:40:56] Mrmapl3syrup (uuid: b3f11e18-ff16-45fe-85b7-bb69e73fb17c): brb
[15:42:30] Mrmapl3syrup (uuid: b3f11e18-ff16-45fe-85b7-bb69e73fb17c): also guess what my duderino
[15:42:43] Mrmapl3syrup (uuid: b3f11e18-ff16-45fe-85b7-bb69e73fb17c): Sense I has a TI-84 calculator
[15:42:49] Mrmapl3syrup (uuid: b3f11e18-ff16-45fe-85b7-bb69e73fb17c): I can has gams on it C:
[15:43:31] Mrmapl3syrup (uuid: b3f11e18-ff16-45fe-85b7-bb69e73fb17c): o look
[15:43:34] Mrmapl3syrup (uuid: b3f11e18-ff16-45fe-85b7-bb69e73fb17c): a nig ger
[15:43:36] Mrmapl3syrup (uuid: b3f11e18-ff16-45fe-85b7-bb69e73fb17c): XDDDD
[15:43:39] TheBlueGamer0 (uuid: 654713d4-034f-41ff-acad-c3b9ced485de): k
[15:43:39] Mrmapl3syrup (uuid: b3f11e18-ff16-45fe-85b7-bb69e73fb17c): XD
[15:43:40] Mrmapl3syrup (uuid: b3f11e18-ff16-45fe-85b7-bb69e73fb17c): xdd
[15:44:06] TheRealColmagi (uuid: c98c1615-0764-41e1-848d-73152bfabe94): its all set up
[15:44:11] TheRealColmagi (uuid: c98c1615-0764-41e1-848d-73152bfabe94): u can build in this area
[15:44:13] Mrmapl3syrup (uuid: b3f11e18-ff16-45fe-85b7-bb69e73fb17c): succ
[15:44:20] TheRealColmagi (uuid: c98c1615-0764-41e1-848d-73152bfabe94): but u cant touch the roof or floors or walls
[15:45:43] Mrmapl3syrup (uuid: b3f11e18-ff16-45fe-85b7-bb69e73fb17c): these stairs
[15:45:48] Mrmapl3syrup (uuid: b3f11e18-ff16-45fe-85b7-bb69e73fb17c): THEY SADDEN ME
[15:45:48] TheRealColmagi (uuid: c98c1615-0764-41e1-848d-73152bfabe94): ya
[15:45:50] TheRealColmagi (uuid: c98c1615-0764-41e1-848d-73152bfabe94): y
[15:45:55] Mrmapl3syrup (uuid: b3f11e18-ff16-45fe-85b7-bb69e73fb17c): in shortys place
[15:45:59] TheRealColmagi (uuid: c98c1615-0764-41e1-848d-73152bfabe94): oh lol
[15:46:01] TheRealColmagi (uuid: c98c1615-0764-41e1-848d-73152bfabe94): yeah
[15:46:08] TheRealColmagi (uuid: c98c1615-0764-41e1-848d-73152bfabe94): i think he copied a witch hut
[15:46:21] Mrmapl3syrup (uuid: b3f11e18-ff16-45fe-85b7-bb69e73fb17c): He did kek
[15:46:22] Mrmapl3syrup (uuid: b3f11e18-ff16-45fe-85b7-bb69e73fb17c): also
[15:46:28] Mrmapl3syrup (uuid: b3f11e18-ff16-45fe-85b7-bb69e73fb17c): what did u gift heeim
[15:46:35] TheRealColmagi (uuid: c98c1615-0764-41e1-848d-73152bfabe94): some chests and signs
[15:46:39] Mrmapl3syrup (uuid: b3f11e18-ff16-45fe-85b7-bb69e73fb17c): o
[15:47:17] Mrmapl3syrup (uuid: b3f11e18-ff16-45fe-85b7-bb69e73fb17c): No
[15:47:21] Mrmapl3syrup (uuid: b3f11e18-ff16-45fe-85b7-bb69e73fb17c): NOES
[15:47:29] Mrmapl3syrup (uuid: b3f11e18-ff16-45fe-85b7-bb69e73fb17c): MY KITTENS
[15:47:32] Mrmapl3syrup (uuid: b3f11e18-ff16-45fe-85b7-bb69e73fb17c): are gone ;-;
[15:50:56] TheRealColmagi (uuid: c98c1615-0764-41e1-848d-73152bfabe94): leave
[15:51:19] Mrmapl3syrup (uuid: b3f11e18-ff16-45fe-85b7-bb69e73fb17c): wtf is that
[15:51:25] TheRealColmagi (uuid: c98c1615-0764-41e1-848d-73152bfabe94): u know
[15:51:28] TheRealColmagi (uuid: c98c1615-0764-41e1-848d-73152bfabe94): the mannequins in malls
[15:51:28] Mrmapl3syrup (uuid: b3f11e18-ff16-45fe-85b7-bb69e73fb17c): ?????
[15:51:30] TheRealColmagi (uuid: c98c1615-0764-41e1-848d-73152bfabe94): its kinda like that
[15:51:39] Mrmapl3syrup (uuid: b3f11e18-ff16-45fe-85b7-bb69e73fb17c): THAT ISNT A FUCKING MANNEQUIN LOL
[15:51:48] TheRealColmagi (uuid: c98c1615-0764-41e1-848d-73152bfabe94): but its like a showcase
[15:51:51] Mrmapl3syrup (uuid: b3f11e18-ff16-45fe-85b7-bb69e73fb17c): o
[15:52:38] Mrmapl3syrup (uuid: b3f11e18-ff16-45fe-85b7-bb69e73fb17c): my duderino I wanna make a mannequin show off thingy but, I cant edit the shit I wanna edit
[15:52:54] TheRealColmagi (uuid: c98c1615-0764-41e1-848d-73152bfabe94): what u tryin to edit
[15:52:59] Mrmapl3syrup (uuid: b3f11e18-ff16-45fe-85b7-bb69e73fb17c): thx
[15:53:01] Mrmapl3syrup (uuid: b3f11e18-ff16-45fe-85b7-bb69e73fb17c): same here pls
[15:53:17] Mrmapl3syrup (uuid: b3f11e18-ff16-45fe-85b7-bb69e73fb17c): thx cunterino
[15:56:34] TheBlueGamer0 (uuid: 654713d4-034f-41ff-acad-c3b9ced485de): salami
[15:56:36] TheRealColmagi (uuid: c98c1615-0764-41e1-848d-73152bfabe94): ya
[15:56:38] TheBlueGamer0 (uuid: 654713d4-034f-41ff-acad-c3b9ced485de): get in voice
[15:56:41] TheRealColmagi (uuid: c98c1615-0764-41e1-848d-73152bfabe94): cant
[15:56:43] TheBlueGamer0 (uuid: 654713d4-034f-41ff-acad-c3b9ced485de): y
[15:56:43] TheRealColmagi (uuid: c98c1615-0764-41e1-848d-73152bfabe94): talk
[15:56:51] TheRealColmagi (uuid: c98c1615-0764-41e1-848d-73152bfabe94): am not supposed to be playin xd
[15:56:59] TheBlueGamer0 (uuid: 654713d4-034f-41ff-acad-c3b9ced485de): k
[15:57:06] TheBlueGamer0 (uuid: 654713d4-034f-41ff-acad-c3b9ced485de): bad boi
[15:57:09] TheRealColmagi (uuid: c98c1615-0764-41e1-848d-73152bfabe94): huehueheue
[15:57:17] TheBlueGamer0 (uuid: 654713d4-034f-41ff-acad-c3b9ced485de): calm down brazil
[15:57:36] TheBlueGamer0 (uuid: 654713d4-034f-41ff-acad-c3b9ced485de): t
[15:57:38] TheBlueGamer0 (uuid: 654713d4-034f-41ff-acad-c3b9ced485de): tp
[15:57:44] TheRealColmagi (uuid: c98c1615-0764-41e1-848d-73152bfabe94): what is it
[15:57:53] TheBlueGamer0 (uuid: 654713d4-034f-41ff-acad-c3b9ced485de): you like the fountain?
[15:59:28] Mrmapl3syrup (uuid: b3f11e18-ff16-45fe-85b7-bb69e73fb17c): I like it
[15:59:31] TheRealColmagi (uuid: c98c1615-0764-41e1-848d-73152bfabe94): ya
[15:59:40] TheRealColmagi (uuid: c98c1615-0764-41e1-848d-73152bfabe94): kek
[15:59:54] TheRealColmagi (uuid: c98c1615-0764-41e1-848d-73152bfabe94): hi
[15:59:59] Mrmapl3syrup (uuid: b3f11e18-ff16-45fe-85b7-bb69e73fb17c): That is just the spawn
[16:00:09] Mrmapl3syrup (uuid: b3f11e18-ff16-45fe-85b7-bb69e73fb17c): Well my house is modern lol
[16:02:05] Mrmapl3syrup (uuid: b3f11e18-ff16-45fe-85b7-bb69e73fb17c): wut
[16:02:15] Mrmapl3syrup (uuid: b3f11e18-ff16-45fe-85b7-bb69e73fb17c): Make it more spaced
[16:02:29] Mrmapl3syrup (uuid: b3f11e18-ff16-45fe-85b7-bb69e73fb17c): Divide into sectors each having a specific purpose
[16:02:38] Mrmapl3syrup (uuid: b3f11e18-ff16-45fe-85b7-bb69e73fb17c): That is what im gonna do
[16:02:45] Mrmapl3syrup (uuid: b3f11e18-ff16-45fe-85b7-bb69e73fb17c): Make it organized
[16:02:48] Mrmapl3syrup (uuid: b3f11e18-ff16-45fe-85b7-bb69e73fb17c): thanks u
[16:02:56] Mrmapl3syrup (uuid: b3f11e18-ff16-45fe-85b7-bb69e73fb17c): im too lazy to make the other stand xd
[16:03:02] Mrmapl3syrup (uuid: b3f11e18-ff16-45fe-85b7-bb69e73fb17c): So im gonna show off a nuggy
[16:03:22] TheRealColmagi (uuid: c98c1615-0764-41e1-848d-73152bfabe94): heh
[16:03:25] TheRealColmagi (uuid: c98c1615-0764-41e1-848d-73152bfabe94): k
[16:05:19] Mrmapl3syrup (uuid: b3f11e18-ff16-45fe-85b7-bb69e73fb17c): u r not nugged
[16:05:23] Mrmapl3syrup (uuid: b3f11e18-ff16-45fe-85b7-bb69e73fb17c): TRIGGERED
[16:05:42] Mrmapl3syrup (uuid: b3f11e18-ff16-45fe-85b7-bb69e73fb17c): TOO THE NUGGY TEMPLE
[16:05:54] Mrmapl3syrup (uuid: b3f11e18-ff16-45fe-85b7-bb69e73fb17c): I am
[16:06:01] Mrmapl3syrup (uuid: b3f11e18-ff16-45fe-85b7-bb69e73fb17c): why
[16:06:04] Mrmapl3syrup (uuid: b3f11e18-ff16-45fe-85b7-bb69e73fb17c): we arnt making
[16:06:11] Mrmapl3syrup (uuid: b3f11e18-ff16-45fe-85b7-bb69e73fb17c): another nuggy temple
[16:06:20] TheRealColmagi (uuid: c98c1615-0764-41e1-848d-73152bfabe94): lol
[16:06:25] Mrmapl3syrup (uuid: b3f11e18-ff16-45fe-85b7-bb69e73fb17c): wut r u making it for
[16:06:39] Mrmapl3syrup (uuid: b3f11e18-ff16-45fe-85b7-bb69e73fb17c): what r u gonna use it for
[16:07:24] Mrmapl3syrup (uuid: b3f11e18-ff16-45fe-85b7-bb69e73fb17c): I met a 9 year old minecraft hacker on The Hive one day
[16:07:34] Mrmapl3syrup (uuid: b3f11e18-ff16-45fe-85b7-bb69e73fb17c): Im not joking it was hilarious
[16:07:47] Mrmapl3syrup (uuid: b3f11e18-ff16-45fe-85b7-bb69e73fb17c): LOL
[16:07:52] Mrmapl3syrup (uuid: b3f11e18-ff16-45fe-85b7-bb69e73fb17c): THAT IS SO FUNNY
[16:08:00] Mrmapl3syrup (uuid: b3f11e18-ff16-45fe-85b7-bb69e73fb17c): no
[16:08:07] Mrmapl3syrup (uuid: b3f11e18-ff16-45fe-85b7-bb69e73fb17c): it is actually funny
[16:08:13] Mrmapl3syrup (uuid: b3f11e18-ff16-45fe-85b7-bb69e73fb17c): But, pathetic
[16:08:38] Mrmapl3syrup (uuid: b3f11e18-ff16-45fe-85b7-bb69e73fb17c): wuts a buby
[16:08:42] Mrmapl3syrup (uuid: b3f11e18-ff16-45fe-85b7-bb69e73fb17c): XDDDD PRANKED
[16:09:00] Mrmapl3syrup (uuid: b3f11e18-ff16-45fe-85b7-bb69e73fb17c): wut was ur reaction
[16:09:19] Mrmapl3syrup (uuid: b3f11e18-ff16-45fe-85b7-bb69e73fb17c): "innocent"
[16:09:26] Mrmapl3syrup (uuid: b3f11e18-ff16-45fe-85b7-bb69e73fb17c): *shows bluegamer now*
[16:09:39] Mrmapl3syrup (uuid: b3f11e18-ff16-45fe-85b7-bb69e73fb17c): Water lost his in first grade I believe
[16:09:45] Mrmapl3syrup (uuid: b3f11e18-ff16-45fe-85b7-bb69e73fb17c): rip Shortys innocence
[16:10:13] Mrmapl3syrup (uuid: b3f11e18-ff16-45fe-85b7-bb69e73fb17c): Shorty
[16:10:17] Mrmapl3syrup (uuid: b3f11e18-ff16-45fe-85b7-bb69e73fb17c): how did you lose ur innocence
[16:10:25] Mrmapl3syrup (uuid: b3f11e18-ff16-45fe-85b7-bb69e73fb17c): I was just exposed over time KEK
[16:10:31] Mrmapl3syrup (uuid: b3f11e18-ff16-45fe-85b7-bb69e73fb17c): EXPOSEED
[16:10:35] Mrmapl3syrup (uuid: b3f11e18-ff16-45fe-85b7-bb69e73fb17c): IF U KNOW WHAT I MEAN XDDDDD
[16:10:39] Mrmapl3syrup (uuid: b3f11e18-ff16-45fe-85b7-bb69e73fb17c): KEKS DEE
[16:10:43] Mrmapl3syrup (uuid: b3f11e18-ff16-45fe-85b7-bb69e73fb17c): we are curious
[16:11:12] Mrmapl3syrup (uuid: b3f11e18-ff16-45fe-85b7-bb69e73fb17c): subject CHANANANANAGEEGEGEGED
[16:11:14] Mrmapl3syrup (uuid: b3f11e18-ff16-45fe-85b7-bb69e73fb17c): REEEEEEEEEE
[16:11:19] Mrmapl3syrup (uuid: b3f11e18-ff16-45fe-85b7-bb69e73fb17c): *SCREAMING*
[16:11:24] Mrmapl3syrup (uuid: b3f11e18-ff16-45fe-85b7-bb69e73fb17c): YOPU OAWR O YODAIWO YOD
[16:11:29] Mrmapl3syrup (uuid: b3f11e18-ff16-45fe-85b7-bb69e73fb17c): UR BANNNNED!!!
[16:11:31] Mrmapl3syrup (uuid: b3f11e18-ff16-45fe-85b7-bb69e73fb17c): ;-;
[16:11:33] Mrmapl3syrup (uuid: b3f11e18-ff16-45fe-85b7-bb69e73fb17c): AHHAhhaAH
[16:11:36] Mrmapl3syrup (uuid: b3f11e18-ff16-45fe-85b7-bb69e73fb17c): *dies*
[16:11:58] Mrmapl3syrup (uuid: b3f11e18-ff16-45fe-85b7-bb69e73fb17c): AH YEAH DADDY
[16:12:02] Mrmapl3syrup (uuid: b3f11e18-ff16-45fe-85b7-bb69e73fb17c): succ me harder
[16:12:12] Mrmapl3syrup (uuid: b3f11e18-ff16-45fe-85b7-bb69e73fb17c): *cums on rock*
[16:12:32] Mrmapl3syrup (uuid: b3f11e18-ff16-45fe-85b7-bb69e73fb17c): *screams as you just shoved a cock up a rock*
[16:12:35] TheRealColmagi (uuid: c98c1615-0764-41e1-848d-73152bfabe94): gud job on spawn
[16:12:42] Mrmapl3syrup (uuid: b3f11e18-ff16-45fe-85b7-bb69e73fb17c): *and the poor cock is bleeding on the floor*
[16:13:00] Mrmapl3syrup (uuid: b3f11e18-ff16-45fe-85b7-bb69e73fb17c): *INHALES*
[16:13:09] Mrmapl3syrup (uuid: b3f11e18-ff16-45fe-85b7-bb69e73fb17c): WHY IS THERE A DRAGON EGG AT UR BILLLAGE OMMMGHGG
[16:13:11] Mrmapl3syrup (uuid: b3f11e18-ff16-45fe-85b7-bb69e73fb17c): RIJHUOAIAWOF
[16:13:13] Mrmapl3syrup (uuid: b3f11e18-ff16-45fe-85b7-bb69e73fb17c): screaming*
[16:13:23] Mrmapl3syrup (uuid: b3f11e18-ff16-45fe-85b7-bb69e73fb17c): ur mom
[16:13:26] Mrmapl3syrup (uuid: b3f11e18-ff16-45fe-85b7-bb69e73fb17c): XDDDDDDDDDDDDDDDDDDDDDDDDDDDDDDDDDDDDDDDDDDDDDDDDDDD
[16:13:37] Mrmapl3syrup (uuid: b3f11e18-ff16-45fe-85b7-bb69e73fb17c): uh
[16:13:39] Mrmapl3syrup (uuid: b3f11e18-ff16-45fe-85b7-bb69e73fb17c): son
[16:13:44] Mrmapl3syrup (uuid: b3f11e18-ff16-45fe-85b7-bb69e73fb17c): What habe u been watching
[16:13:49] Mrmapl3syrup (uuid: b3f11e18-ff16-45fe-85b7-bb69e73fb17c): why is the fbi here
[16:13:56] Mrmapl3syrup (uuid: b3f11e18-ff16-45fe-85b7-bb69e73fb17c): 666
[16:14:07] Mrmapl3syrup (uuid: b3f11e18-ff16-45fe-85b7-bb69e73fb17c): busy
[16:14:27] Mrmapl3syrup (uuid: b3f11e18-ff16-45fe-85b7-bb69e73fb17c): dont cum to ur village blue gamer
[16:14:29] Mrmapl3syrup (uuid: b3f11e18-ff16-45fe-85b7-bb69e73fb17c): isnt a penis
[16:14:34] Mrmapl3syrup (uuid: b3f11e18-ff16-45fe-85b7-bb69e73fb17c): in the middle of it
[16:14:48] Mrmapl3syrup (uuid: b3f11e18-ff16-45fe-85b7-bb69e73fb17c): definetly not
[16:16:00] Mrmapl3syrup (uuid: b3f11e18-ff16-45fe-85b7-bb69e73fb17c): I MADE A GOOMBA
[16:16:03] Mrmapl3syrup (uuid: b3f11e18-ff16-45fe-85b7-bb69e73fb17c): :)
[16:16:13] Mrmapl3syrup (uuid: b3f11e18-ff16-45fe-85b7-bb69e73fb17c): pls don tp to me
[16:16:17] Mrmapl3syrup (uuid: b3f11e18-ff16-45fe-85b7-bb69e73fb17c): iz a secret goomba
[16:16:22] Mrmapl3syrup (uuid: b3f11e18-ff16-45fe-85b7-bb69e73fb17c): that floats
[16:16:50] Mrmapl3syrup (uuid: b3f11e18-ff16-45fe-85b7-bb69e73fb17c): rip goomba :C
[16:16:53] Mrmapl3syrup (uuid: b3f11e18-ff16-45fe-85b7-bb69e73fb17c): is ded
[16:17:01] Mrmapl3syrup (uuid: b3f11e18-ff16-45fe-85b7-bb69e73fb17c): ASS TITTIES
[16:17:04] Mrmapl3syrup (uuid: b3f11e18-ff16-45fe-85b7-bb69e73fb17c): ASS AND TITTIES
[16:17:13] Mrmapl3syrup (uuid: b3f11e18-ff16-45fe-85b7-bb69e73fb17c): fuck no
[16:17:17] Mrmapl3syrup (uuid: b3f11e18-ff16-45fe-85b7-bb69e73fb17c): ik
[16:17:21] Mrmapl3syrup (uuid: b3f11e18-ff16-45fe-85b7-bb69e73fb17c): I named it that too
[16:17:33] Mrmapl3syrup (uuid: b3f11e18-ff16-45fe-85b7-bb69e73fb17c): no
[16:17:41] Mrmapl3syrup (uuid: b3f11e18-ff16-45fe-85b7-bb69e73fb17c): im not even gonna do anything xdddd
[16:17:46] Mrmapl3syrup (uuid: b3f11e18-ff16-45fe-85b7-bb69e73fb17c): im just gonna own it XDDDDDDDDDDDDDDDDDD
[16:18:04] Mrmapl3syrup (uuid: b3f11e18-ff16-45fe-85b7-bb69e73fb17c): also im gonna get off cya later u doot diddly donger CUCKERINOS
[16:18:15] TheRealColmagi (uuid: c98c1615-0764-41e1-848d-73152bfabe94): wtf
[16:19:17] TheRealColmagi (uuid: c98c1615-0764-41e1-848d-73152bfabe94): welp
[16:19:20] TheRealColmagi (uuid: c98c1615-0764-41e1-848d-73152bfabe94): everyones ded
[16:19:24] TheBlueGamer0 (uuid: 654713d4-034f-41ff-acad-c3b9ced485de): im not
[16:19:30] TheBlueGamer0 (uuid: 654713d4-034f-41ff-acad-c3b9ced485de): just busy
[16:19:32] TheRealColmagi (uuid: c98c1615-0764-41e1-848d-73152bfabe94): kkk
[16:19:34] TheBlueGamer0 (uuid: 654713d4-034f-41ff-acad-c3b9ced485de): ill be on soon
[16:19:45] TheRealColmagi (uuid: c98c1615-0764-41e1-848d-73152bfabe94): im bored about the shop
[16:19:51] TheRealColmagi (uuid: c98c1615-0764-41e1-848d-73152bfabe94): msg me on discord if u need help on spawn
[16:38:42] TheBlueGamer0 (uuid: 654713d4-034f-41ff-acad-c3b9ced485de): im bak
[16:56:25] TheRealColmagi (uuid: c98c1615-0764-41e1-848d-73152bfabe94): IM GAY
[17:43:06] PhadingFuzzy (uuid: 4150cd4b-a415-4298-bdc7-c9e330b466cc): Connected with MineChat
[17:43:16] PhadingFuzzy (uuid: 4150cd4b-a415-4298-bdc7-c9e330b466cc): hai fag
[17:43:27] PhadingFuzzy (uuid: 4150cd4b-a415-4298-bdc7-c9e330b466cc): hi nicker
[17:56:51] TheRealColmagi (uuid: c98c1615-0764-41e1-848d-73152bfabe94): ha
[19:24:58] TheRealColmagi (uuid: c98c1615-0764-41e1-848d-73152bfabe94): i suk dik
[19:35:12] TheRealColmagi (uuid: c98c1615-0764-41e1-848d-73152bfabe94): ay fam
[19:35:28] Nomguy76 (uuid: b82d0899-0316-4a60-b46e-4bd94a047d00): oi
[19:35:38] TheRealColmagi (uuid: c98c1615-0764-41e1-848d-73152bfabe94): do /warp walmart
[19:35:51] TheRealColmagi (uuid: c98c1615-0764-41e1-848d-73152bfabe94): do it
[19:36:11] TheRealColmagi (uuid: c98c1615-0764-41e1-848d-73152bfabe94): welcome to the mall of walmart
[19:36:12] Nomguy76 (uuid: b82d0899-0316-4a60-b46e-4bd94a047d00): wow xdd
[19:36:26] TheRealColmagi (uuid: c98c1615-0764-41e1-848d-73152bfabe94): most of the shops arent finished
[19:36:31] TheRealColmagi (uuid: c98c1615-0764-41e1-848d-73152bfabe94): cmere
[19:36:51] TheRealColmagi (uuid: c98c1615-0764-41e1-848d-73152bfabe94): shorty has a shop
[19:36:59] Nomguy76 (uuid: b82d0899-0316-4a60-b46e-4bd94a047d00): xdd
[19:37:20] TheRealColmagi (uuid: c98c1615-0764-41e1-848d-73152bfabe94): so yeah
[19:37:23] TheRealColmagi (uuid: c98c1615-0764-41e1-848d-73152bfabe94): im giving people plots
[19:37:32] TheRealColmagi (uuid: c98c1615-0764-41e1-848d-73152bfabe94): if ur up for a chestshop ill give u one
[19:37:33] Nomguy76 (uuid: b82d0899-0316-4a60-b46e-4bd94a047d00): koo
[19:37:59] Nomguy76 (uuid: b82d0899-0316-4a60-b46e-4bd94a047d00): sure fam ill take one
[19:38:07] TheRealColmagi (uuid: c98c1615-0764-41e1-848d-73152bfabe94): very well
[19:38:28] Nomguy76 (uuid: b82d0899-0316-4a60-b46e-4bd94a047d00): but how am i gonna make it??
[19:38:41] TheRealColmagi (uuid: c98c1615-0764-41e1-848d-73152bfabe94): just build anything u want
[19:38:44] TheRealColmagi (uuid: c98c1615-0764-41e1-848d-73152bfabe94): cmere
[19:38:47] TheRealColmagi (uuid: c98c1615-0764-41e1-848d-73152bfabe94): bottom floor
[19:39:24] TheRealColmagi (uuid: c98c1615-0764-41e1-848d-73152bfabe94): there
[19:39:31] TheRealColmagi (uuid: c98c1615-0764-41e1-848d-73152bfabe94): u can build anywhere in this are
[19:39:32] TheRealColmagi (uuid: c98c1615-0764-41e1-848d-73152bfabe94): area
[19:39:33] Nomguy76 (uuid: b82d0899-0316-4a60-b46e-4bd94a047d00): yeh but how i get materials?
[19:39:37] TheRealColmagi (uuid: c98c1615-0764-41e1-848d-73152bfabe94): oh thats ur issue
[19:39:42] TheRealColmagi (uuid: c98c1615-0764-41e1-848d-73152bfabe94): u mine and stuff for stuff
[19:39:53] TheRealColmagi (uuid: c98c1615-0764-41e1-848d-73152bfabe94): its a community market
[19:40:03] Nomguy76 (uuid: b82d0899-0316-4a60-b46e-4bd94a047d00): ugh fine
[19:40:18] Nomguy76 (uuid: b82d0899-0316-4a60-b46e-4bd94a047d00): i need pic though
[19:40:40] TheRealColmagi (uuid: c98c1615-0764-41e1-848d-73152bfabe94): wat
[19:40:48] Nomguy76 (uuid: b82d0899-0316-4a60-b46e-4bd94a047d00): i need pic
[19:40:56] TheRealColmagi (uuid: c98c1615-0764-41e1-848d-73152bfabe94): oh
[19:40:59] TheRealColmagi (uuid: c98c1615-0764-41e1-848d-73152bfabe94): do /kit starter
[19:41:06] Nomguy76 (uuid: b82d0899-0316-4a60-b46e-4bd94a047d00): i lost all items xddd
[19:41:50] TheRealColmagi (uuid: c98c1615-0764-41e1-848d-73152bfabe94): wat
[19:41:59] TheRealColmagi (uuid: c98c1615-0764-41e1-848d-73152bfabe94): k
[19:42:42] Nomguy76 (uuid: b82d0899-0316-4a60-b46e-4bd94a047d00): aww thanks guys
[19:42:46] Nomguy76 (uuid: b82d0899-0316-4a60-b46e-4bd94a047d00): xdd
[19:48:20] Nomguy76 (uuid: b82d0899-0316-4a60-b46e-4bd94a047d00): ay colmagi can u give me some enchantment books ;))))))
[19:48:23] TheRealColmagi (uuid: c98c1615-0764-41e1-848d-73152bfabe94): nien
[19:48:25] TheRealColmagi (uuid: c98c1615-0764-41e1-848d-73152bfabe94): heil hitler
[19:48:37] TheRealColmagi (uuid: c98c1615-0764-41e1-848d-73152bfabe94): lol
[19:48:40] Nomguy76 (uuid: b82d0899-0316-4a60-b46e-4bd94a047d00): whey nawwwt
[19:49:04] TheRealColmagi (uuid: c98c1615-0764-41e1-848d-73152bfabe94): cuz thats cheting
[19:49:25] Nomguy76 (uuid: b82d0899-0316-4a60-b46e-4bd94a047d00):  jus one ??? pls ;)))))
[19:49:31] TheRealColmagi (uuid: c98c1615-0764-41e1-848d-73152bfabe94): pay me 5 usd
[19:49:51] Nomguy76 (uuid: b82d0899-0316-4a60-b46e-4bd94a047d00): five credits in game?? ok!
[19:49:55] Nomguy76 (uuid: b82d0899-0316-4a60-b46e-4bd94a047d00): xddd
[19:49:57] TheRealColmagi (uuid: c98c1615-0764-41e1-848d-73152bfabe94): no
[19:50:02] TheRealColmagi (uuid: c98c1615-0764-41e1-848d-73152bfabe94): i said 5 usd thats us dollars
[19:50:04] TheRealColmagi (uuid: c98c1615-0764-41e1-848d-73152bfabe94): pay up
[19:50:36] Nomguy76 (uuid: b82d0899-0316-4a60-b46e-4bd94a047d00): well i dont have usd i have earth doll hairs
[19:50:41] TheRealColmagi (uuid: c98c1615-0764-41e1-848d-73152bfabe94): eww wtf man
[19:51:29] Nomguy76 (uuid: b82d0899-0316-4a60-b46e-4bd94a047d00): wait you guys sell enchant books?
[19:51:49] Nomguy76 (uuid: b82d0899-0316-4a60-b46e-4bd94a047d00): do you?
[19:51:51] TheRealColmagi (uuid: c98c1615-0764-41e1-848d-73152bfabe94): where
[19:52:03] Nomguy76 (uuid: b82d0899-0316-4a60-b46e-4bd94a047d00): at teh store
[19:52:07] TheRealColmagi (uuid: c98c1615-0764-41e1-848d-73152bfabe94): not at the shop
[19:52:18] Nomguy76 (uuid: b82d0899-0316-4a60-b46e-4bd94a047d00): where then?
[19:52:19] TheRealColmagi (uuid: c98c1615-0764-41e1-848d-73152bfabe94): theres too many books
[19:52:27] TheRealColmagi (uuid: c98c1615-0764-41e1-848d-73152bfabe94): ill probs sell them at the shop im making
[19:52:39] Nomguy76 (uuid: b82d0899-0316-4a60-b46e-4bd94a047d00): pls make chep
[19:53:29] Nomguy76 (uuid: b82d0899-0316-4a60-b46e-4bd94a047d00): so muc w e e d
[19:53:33] TheRealColmagi (uuid: c98c1615-0764-41e1-848d-73152bfabe94): LOL
[19:54:10] Nomguy76 (uuid: b82d0899-0316-4a60-b46e-4bd94a047d00): wuh?, want sum w e e d?
[19:55:36] Nomguy76 (uuid: b82d0899-0316-4a60-b46e-4bd94a047d00): thx fam
[19:55:47] TheRealColmagi (uuid: c98c1615-0764-41e1-848d-73152bfabe94): i have autISM
[19:56:00] Nomguy76 (uuid: b82d0899-0316-4a60-b46e-4bd94a047d00): you D0o?
[19:56:55] Nomguy76 (uuid: b82d0899-0316-4a60-b46e-4bd94a047d00): how to t e l e p o r t 101
[19:57:48] Nomguy76 (uuid: b82d0899-0316-4a60-b46e-4bd94a047d00): you are a s i n
[19:57:57] TheRealColmagi (uuid: c98c1615-0764-41e1-848d-73152bfabe94): u racist bastard
[19:58:26] Nomguy76 (uuid: b82d0899-0316-4a60-b46e-4bd94a047d00): who you calling r a c i s t you n i g g e r
[19:58:55] Nomguy76 (uuid: b82d0899-0316-4a60-b46e-4bd94a047d00): gotye
[19:59:19] Nomguy76 (uuid: b82d0899-0316-4a60-b46e-4bd94a047d00): if i hit you when you fly i get 100,000 points
[19:59:34] Nomguy76 (uuid: b82d0899-0316-4a60-b46e-4bd94a047d00): thats 3
[19:59:43] Nomguy76 (uuid: b82d0899-0316-4a60-b46e-4bd94a047d00): thats 5
[19:59:59] Nomguy76 (uuid: b82d0899-0316-4a60-b46e-4bd94a047d00): i get half a million
[20:00:24] TheRealColmagi (uuid: c98c1615-0764-41e1-848d-73152bfabe94): MOVE
[20:01:55] Nomguy76 (uuid: b82d0899-0316-4a60-b46e-4bd94a047d00): XDD
[20:03:09] Nomguy76 (uuid: b82d0899-0316-4a60-b46e-4bd94a047d00): that is g a y
[20:03:15] TheRealColmagi (uuid: c98c1615-0764-41e1-848d-73152bfabe94): end ur l i f e
[20:03:21] TheRealColmagi (uuid: c98c1615-0764-41e1-848d-73152bfabe94): y dont u do somethin
[20:03:41] Nomguy76 (uuid: b82d0899-0316-4a60-b46e-4bd94a047d00): ill do somthin for a book
[20:03:48] Nomguy76 (uuid: b82d0899-0316-4a60-b46e-4bd94a047d00): enchanted book
[20:04:21] Nomguy76 (uuid: b82d0899-0316-4a60-b46e-4bd94a047d00): uneven
[20:04:21] TheRealColmagi (uuid: c98c1615-0764-41e1-848d-73152bfabe94): can u leave
[20:04:38] TheRealColmagi (uuid: c98c1615-0764-41e1-848d-73152bfabe94): can
[20:04:40] TheRealColmagi (uuid: c98c1615-0764-41e1-848d-73152bfabe94): U
[20:04:40] TheRealColmagi (uuid: c98c1615-0764-41e1-848d-73152bfabe94): LEAVE
[20:04:52] Nomguy76 (uuid: b82d0899-0316-4a60-b46e-4bd94a047d00): for a e n c h a n t b o o k
[20:05:48] TheRealColmagi (uuid: c98c1615-0764-41e1-848d-73152bfabe94): leave
[20:06:24] TheRealColmagi (uuid: c98c1615-0764-41e1-848d-73152bfabe94): leave
[20:06:29] TheRealColmagi (uuid: c98c1615-0764-41e1-848d-73152bfabe94): im tryin to build
[20:06:30] Nomguy76 (uuid: b82d0899-0316-4a60-b46e-4bd94a047d00): c u n t
[20:11:58] Nomguy76 (uuid: b82d0899-0316-4a60-b46e-4bd94a047d00): ayy
[20:12:04] TheRealColmagi (uuid: c98c1615-0764-41e1-848d-73152bfabe94): WHAT THE FUCK
[20:12:17] TheRealColmagi (uuid: c98c1615-0764-41e1-848d-73152bfabe94): NO FUKIN WAY
[20:12:27] TheRealColmagi (uuid: c98c1615-0764-41e1-848d-73152bfabe94): outta here
[20:13:13] Nomguy76 (uuid: b82d0899-0316-4a60-b46e-4bd94a047d00): whuy
[20:13:21] TheRealColmagi (uuid: c98c1615-0764-41e1-848d-73152bfabe94): cuz u keep tryin to fuk with my building
[20:17:41] TheRealColmagi (uuid: c98c1615-0764-41e1-848d-73152bfabe94): ok malls open
[20:17:44] TheRealColmagi (uuid: c98c1615-0764-41e1-848d-73152bfabe94): cuz i gotta do stuff
[21:18:33] PhadingFuzzy (uuid: 4150cd4b-a415-4298-bdc7-c9e330b466cc): R u afk
[21:18:46] PhadingFuzzy (uuid: 4150cd4b-a415-4298-bdc7-c9e330b466cc): Dammit
[23:31:28] TheRealColmagi (uuid: c98c1615-0764-41e1-848d-73152bfabe94): damn niggers
