[10:29:59] JohnProdman (uuid: 4150cd4b-a415-4298-bdc7-c9e330b466cc): Connected using PickaxeChat for Android
[10:31:59] iiBethanyii (uuid: 017ec225-2727-4d08-b15d-c5d9f307a55c): Connected using PickaxeChat for Android
[10:52:32] JohnProdman (uuid: 4150cd4b-a415-4298-bdc7-c9e330b466cc): Connected using PickaxeChat for Android
[10:53:58] iiBethanyii (uuid: 017ec225-2727-4d08-b15d-c5d9f307a55c): Connected using PickaxeChat for Android
[18:23:15] iMine03 (uuid: 0f9d4172-c235-4bd2-9897-490c4a93ddfe): wtf
[18:23:20] iMine03 (uuid: 0f9d4172-c235-4bd2-9897-490c4a93ddfe): can i connect to the damn server
[18:23:23] iMine03 (uuid: 0f9d4172-c235-4bd2-9897-490c4a93ddfe): james help
[18:28:48] TheRealColmagi (uuid: c98c1615-0764-41e1-848d-73152bfabe94): jesos dude
[18:28:54] TheRealColmagi (uuid: c98c1615-0764-41e1-848d-73152bfabe94): r u having connection problems or something
[18:29:03] TheRealColmagi (uuid: c98c1615-0764-41e1-848d-73152bfabe94): ur breaking my console xd
[18:29:21] TheRealColmagi (uuid: c98c1615-0764-41e1-848d-73152bfabe94): dude ur breaking my console wtf
[18:29:23] bryantandpat (uuid: 7961a874-c35f-4f34-a0d1-37205c235291): literally can't connec wtf
[18:29:23] TheRealColmagi (uuid: c98c1615-0764-41e1-848d-73152bfabe94): try relogging
[18:29:27] bryantandpat (uuid: 7961a874-c35f-4f34-a0d1-37205c235291): i tried that
[18:29:30] bryantandpat (uuid: 7961a874-c35f-4f34-a0d1-37205c235291): and restarting game
[18:29:34] TheRealColmagi (uuid: c98c1615-0764-41e1-848d-73152bfabe94): holy
[18:29:42] bryantandpat (uuid: 7961a874-c35f-4f34-a0d1-37205c235291): my internet's fine tho
[18:29:47] TheRealColmagi (uuid: c98c1615-0764-41e1-848d-73152bfabe94): wait it doesnt work for me either
[18:29:52] bryantandpat (uuid: 7961a874-c35f-4f34-a0d1-37205c235291): wtf auts
[18:29:55] bryantandpat (uuid: 7961a874-c35f-4f34-a0d1-37205c235291): rip
[18:30:06] TheRealColmagi (uuid: c98c1615-0764-41e1-848d-73152bfabe94): restarting server
[18:30:24] TheRealColmagi (uuid: c98c1615-0764-41e1-848d-73152bfabe94): ig we chill here
[18:30:34] TheRealColmagi (uuid: c98c1615-0764-41e1-848d-73152bfabe94): mhm
[18:30:36] PiranhaBoy (uuid: 068bfb61-fb8a-4553-8305-2af64537cadb): wtf
[18:30:41] PiranhaBoy (uuid: 068bfb61-fb8a-4553-8305-2af64537cadb): not even factions
[18:30:45] TheRealColmagi (uuid: c98c1615-0764-41e1-848d-73152bfabe94): matjew couldnt connect
[18:30:48] TheRealColmagi (uuid: c98c1615-0764-41e1-848d-73152bfabe94): then i couldnt either
[18:30:51] TheRealColmagi (uuid: c98c1615-0764-41e1-848d-73152bfabe94): so somethin was fked up
[18:30:59] PiranhaBoy (uuid: 068bfb61-fb8a-4553-8305-2af64537cadb): ima make a wheat farm
[18:31:16] PiranhaBoy (uuid: 068bfb61-fb8a-4553-8305-2af64537cadb): and then my sky farm is done
[18:32:36] TheRealColmagi (uuid: c98c1615-0764-41e1-848d-73152bfabe94): join survival
[18:32:40] TheRealColmagi (uuid: c98c1615-0764-41e1-848d-73152bfabe94): nigga u afk?
[18:32:51] PiranhaBoy (uuid: 068bfb61-fb8a-4553-8305-2af64537cadb): ii gotta eat
[18:32:52] TheRealColmagi (uuid: c98c1615-0764-41e1-848d-73152bfabe94): cmere fag
[18:32:54] TheRealColmagi (uuid: c98c1615-0764-41e1-848d-73152bfabe94): jesos
