[18:37:52] TheBlueGamer0 (uuid: 654713d4-034f-41ff-acad-c3b9ced485de): thanks famoose
[18:38:27] TheRealColmagi (uuid: c98c1615-0764-41e1-848d-73152bfabe94): ill give u builder as soon as i can figure out how to let u build in spawn wthout bein an admin lol
[18:38:35] TheBlueGamer0 (uuid: 654713d4-034f-41ff-acad-c3b9ced485de): lol k
[18:41:21] TheRealColmagi (uuid: c98c1615-0764-41e1-848d-73152bfabe94): damn
[18:41:24] TheRealColmagi (uuid: c98c1615-0764-41e1-848d-73152bfabe94): daniel
[18:41:31] TheBlueGamer0 (uuid: 654713d4-034f-41ff-acad-c3b9ced485de): fucking nig-nog
[18:41:43] TheBlueGamer0 (uuid: 654713d4-034f-41ff-acad-c3b9ced485de): voice?
[18:43:46] TheRealColmagi (uuid: c98c1615-0764-41e1-848d-73152bfabe94): oooh
[18:43:48] TheRealColmagi (uuid: c98c1615-0764-41e1-848d-73152bfabe94): lemme guess
[18:43:50] TheRealColmagi (uuid: c98c1615-0764-41e1-848d-73152bfabe94): this is
[18:43:51] TheRealColmagi (uuid: c98c1615-0764-41e1-848d-73152bfabe94): the mines
[18:43:52] TheBlueGamer0 (uuid: 654713d4-034f-41ff-acad-c3b9ced485de): ?
[18:43:54] TheBlueGamer0 (uuid: 654713d4-034f-41ff-acad-c3b9ced485de): no
[18:43:56] TheRealColmagi (uuid: c98c1615-0764-41e1-848d-73152bfabe94): dahell
[18:43:58] TheBlueGamer0 (uuid: 654713d4-034f-41ff-acad-c3b9ced485de): wip pvp arena
[18:43:59] TheRealColmagi (uuid: c98c1615-0764-41e1-848d-73152bfabe94): what is it then
[18:44:01] TheRealColmagi (uuid: c98c1615-0764-41e1-848d-73152bfabe94): oh
[18:44:05] TheRealColmagi (uuid: c98c1615-0764-41e1-848d-73152bfabe94): nigga it a bit smol
[18:44:10] TheRealColmagi (uuid: c98c1615-0764-41e1-848d-73152bfabe94): maybe a 1v1
[18:44:17] TheBlueGamer0 (uuid: 654713d4-034f-41ff-acad-c3b9ced485de): it goes underground
[18:44:22] TheRealColmagi (uuid: c98c1615-0764-41e1-848d-73152bfabe94): ik i was just kidding
[18:44:25] TheBlueGamer0 (uuid: 654713d4-034f-41ff-acad-c3b9ced485de): its mineshaft-themes
[18:44:26] TheRealColmagi (uuid: c98c1615-0764-41e1-848d-73152bfabe94): anyways gotta go eat lmao
[18:44:28] TheBlueGamer0 (uuid: 654713d4-034f-41ff-acad-c3b9ced485de): oh
[18:44:32] TheRealColmagi (uuid: c98c1615-0764-41e1-848d-73152bfabe94): bbl
[18:44:36] TheBlueGamer0 (uuid: 654713d4-034f-41ff-acad-c3b9ced485de): get in voice hen you are back
[18:59:33] TheRealColmagi (uuid: c98c1615-0764-41e1-848d-73152bfabe94): hehehehe its like christmas morning
[18:59:41] TheRealColmagi (uuid: c98c1615-0764-41e1-848d-73152bfabe94): ayo my niqqua
[18:59:44] TheRealColmagi (uuid: c98c1615-0764-41e1-848d-73152bfabe94): nibba
[18:59:47] TheRealColmagi (uuid: c98c1615-0764-41e1-848d-73152bfabe94): only the freshest dank memes
[18:59:48] TheBlueGamer0 (uuid: 654713d4-034f-41ff-acad-c3b9ced485de): ayo
[19:00:00] TheRealColmagi (uuid: c98c1615-0764-41e1-848d-73152bfabe94): shit dude ur awesome at building
[19:00:05] TheBlueGamer0 (uuid: 654713d4-034f-41ff-acad-c3b9ced485de): thanks bby
[19:00:16] TheRealColmagi (uuid: c98c1615-0764-41e1-848d-73152bfabe94): i now feel vastly inferior
[19:00:34] TheRealColmagi (uuid: c98c1615-0764-41e1-848d-73152bfabe94): u want me to put some random ores at the front
[19:00:44] TheBlueGamer0 (uuid: 654713d4-034f-41ff-acad-c3b9ced485de): i gawt it m9
[19:00:47] TheBlueGamer0 (uuid: 654713d4-034f-41ff-acad-c3b9ced485de): but thanks
[19:01:05] TheRealColmagi (uuid: c98c1615-0764-41e1-848d-73152bfabe94): wont really talk that much
[19:01:09] TheRealColmagi (uuid: c98c1615-0764-41e1-848d-73152bfabe94): ima pull a maple
[19:01:14] TheRealColmagi (uuid: c98c1615-0764-41e1-848d-73152bfabe94): so just respond in voice chat
[19:03:31] TheRealColmagi (uuid: c98c1615-0764-41e1-848d-73152bfabe94): waow
[19:04:14] TheRealColmagi (uuid: c98c1615-0764-41e1-848d-73152bfabe94): this is why i dont use voice chat
[19:04:25] TheRealColmagi (uuid: c98c1615-0764-41e1-848d-73152bfabe94): yeah i told her i had hw
[19:04:27] TheRealColmagi (uuid: c98c1615-0764-41e1-848d-73152bfabe94): but i rly done
[19:04:29] TheRealColmagi (uuid: c98c1615-0764-41e1-848d-73152bfabe94): dont
[19:04:37] TheRealColmagi (uuid: c98c1615-0764-41e1-848d-73152bfabe94): so i get to play and not do shit at all
[19:04:39] TheRealColmagi (uuid: c98c1615-0764-41e1-848d-73152bfabe94): yeah
[19:04:50] TheRealColmagi (uuid: c98c1615-0764-41e1-848d-73152bfabe94): is ok
[19:04:55] TheRealColmagi (uuid: c98c1615-0764-41e1-848d-73152bfabe94): mc > everything else
[19:13:00] TheRealColmagi (uuid: c98c1615-0764-41e1-848d-73152bfabe94): no
[19:13:03] TheRealColmagi (uuid: c98c1615-0764-41e1-848d-73152bfabe94): plenty of ppl get onm
[19:13:04] TheRealColmagi (uuid: c98c1615-0764-41e1-848d-73152bfabe94): optivat
[19:13:07] TheRealColmagi (uuid: c98c1615-0764-41e1-848d-73152bfabe94): maple and shorty
[19:13:16] TheRealColmagi (uuid: c98c1615-0764-41e1-848d-73152bfabe94): and occasionally
[19:13:19] TheRealColmagi (uuid: c98c1615-0764-41e1-848d-73152bfabe94): optivats friends
[19:13:43] TheRealColmagi (uuid: c98c1615-0764-41e1-848d-73152bfabe94): wat
[19:13:50] TheRealColmagi (uuid: c98c1615-0764-41e1-848d-73152bfabe94): wow kool kid
[19:28:08] TheRealColmagi (uuid: c98c1615-0764-41e1-848d-73152bfabe94): should i make it sound like im working and being realisitc
[19:28:09] TheRealColmagi (uuid: c98c1615-0764-41e1-848d-73152bfabe94): like
[19:28:19] TheRealColmagi (uuid: c98c1615-0764-41e1-848d-73152bfabe94): sprout some random debate bullshit every once in a while
[19:28:30] TheRealColmagi (uuid: c98c1615-0764-41e1-848d-73152bfabe94): yea
[19:28:38] TheRealColmagi (uuid: c98c1615-0764-41e1-848d-73152bfabe94): dont plan on doin it in hs
[19:33:34] TheRealColmagi (uuid: c98c1615-0764-41e1-848d-73152bfabe94): lol my friend told me "moo"
[19:33:37] TheRealColmagi (uuid: c98c1615-0764-41e1-848d-73152bfabe94): i told him to fuck off
[19:34:12] TheBlueGamer0 (uuid: 654713d4-034f-41ff-acad-c3b9ced485de): ass burgers
[19:42:04] TheBlueGamer0 (uuid: 654713d4-034f-41ff-acad-c3b9ced485de): ???????
[19:49:32] TheBlueGamer0 (uuid: 654713d4-034f-41ff-acad-c3b9ced485de): sup nigger
[19:52:05] TheBlueGamer0 (uuid: 654713d4-034f-41ff-acad-c3b9ced485de): brb
[19:54:18] Luigi_138 (uuid: da59ddb8-d4cf-42fa-a787-b311376a1a11): so no suggestions when you're building?
[19:55:25] TheRealColmagi (uuid: c98c1615-0764-41e1-848d-73152bfabe94): hi jacob
[20:00:17] DragonStarGaming (uuid: 6ff7f947-8be9-4835-9512-0f81dd75f2ae): .
[20:18:23] Luigi_138 (uuid: da59ddb8-d4cf-42fa-a787-b311376a1a11): yo i found ur drug tunnel
[20:18:34] DragonStarGaming (uuid: 6ff7f947-8be9-4835-9512-0f81dd75f2ae): well
[20:18:36] Luigi_138 (uuid: da59ddb8-d4cf-42fa-a787-b311376a1a11): ya darn cartel
[20:18:36] DragonStarGaming (uuid: 6ff7f947-8be9-4835-9512-0f81dd75f2ae): I found it
[20:21:04] DragonStarGaming (uuid: 6ff7f947-8be9-4835-9512-0f81dd75f2ae): TheRealColmagi, does everyone not have perms to the village?
[20:31:17] Mrmapl3syrup (uuid: b3f11e18-ff16-45fe-85b7-bb69e73fb17c): why will my claim expire
[20:32:59] Mrmapl3syrup (uuid: b3f11e18-ff16-45fe-85b7-bb69e73fb17c): Magi
[20:33:04] Mrmapl3syrup (uuid: b3f11e18-ff16-45fe-85b7-bb69e73fb17c): r u living?
[20:33:25] DragonStarGaming (uuid: 6ff7f947-8be9-4835-9512-0f81dd75f2ae): oh hi
[20:33:31] DragonStarGaming (uuid: 6ff7f947-8be9-4835-9512-0f81dd75f2ae): scared me
[20:33:32] Mrmapl3syrup (uuid: b3f11e18-ff16-45fe-85b7-bb69e73fb17c): hi human
[20:33:37] DragonStarGaming (uuid: 6ff7f947-8be9-4835-9512-0f81dd75f2ae): whatcha doin?
[20:33:40] Mrmapl3syrup (uuid: b3f11e18-ff16-45fe-85b7-bb69e73fb17c): Im bored
[20:33:46] DragonStarGaming (uuid: 6ff7f947-8be9-4835-9512-0f81dd75f2ae): oh
[20:33:46] Mrmapl3syrup (uuid: b3f11e18-ff16-45fe-85b7-bb69e73fb17c): Magi wont respond
[20:33:48] DragonStarGaming (uuid: 6ff7f947-8be9-4835-9512-0f81dd75f2ae): morphs?
[20:33:51] Mrmapl3syrup (uuid: b3f11e18-ff16-45fe-85b7-bb69e73fb17c): Ye
[20:33:54] DragonStarGaming (uuid: 6ff7f947-8be9-4835-9512-0f81dd75f2ae): nice
[20:33:59] Mrmapl3syrup (uuid: b3f11e18-ff16-45fe-85b7-bb69e73fb17c): Sense ur default u cant sadly
[20:34:15] DragonStarGaming (uuid: 6ff7f947-8be9-4835-9512-0f81dd75f2ae): k. I don't really need it anyhow
[20:34:17] Mrmapl3syrup (uuid: b3f11e18-ff16-45fe-85b7-bb69e73fb17c): But, If u plan to get a rank it is /d or /disguise
[20:34:20] Mrmapl3syrup (uuid: b3f11e18-ff16-45fe-85b7-bb69e73fb17c): brb
[20:34:48] Mrmapl3syrup (uuid: b3f11e18-ff16-45fe-85b7-bb69e73fb17c): I dont have a mic xd
[20:35:29] Mrmapl3syrup (uuid: b3f11e18-ff16-45fe-85b7-bb69e73fb17c): u cant xd
[20:35:37] Mrmapl3syrup (uuid: b3f11e18-ff16-45fe-85b7-bb69e73fb17c): noot
[20:35:42] Mrmapl3syrup (uuid: b3f11e18-ff16-45fe-85b7-bb69e73fb17c): A giant xd
[20:35:54] Mrmapl3syrup (uuid: b3f11e18-ff16-45fe-85b7-bb69e73fb17c): Yeah I can disguise as nearly any mob
[20:36:05] Mrmapl3syrup (uuid: b3f11e18-ff16-45fe-85b7-bb69e73fb17c): Do I look like a cat?
[20:36:12] watermelonman53 (uuid: 26666a91-29a2-487f-bda5-16d4919282a0): hi
[20:36:18] Mrmapl3syrup (uuid: b3f11e18-ff16-45fe-85b7-bb69e73fb17c): yw
[20:36:27] Mrmapl3syrup (uuid: b3f11e18-ff16-45fe-85b7-bb69e73fb17c): Why are you here?
[20:36:43] Mrmapl3syrup (uuid: b3f11e18-ff16-45fe-85b7-bb69e73fb17c): y r u here
[20:36:51] Mrmapl3syrup (uuid: b3f11e18-ff16-45fe-85b7-bb69e73fb17c): cuz I am
[20:37:02] Mrmapl3syrup (uuid: b3f11e18-ff16-45fe-85b7-bb69e73fb17c): Do I look like a cat?
[20:37:11] Mrmapl3syrup (uuid: b3f11e18-ff16-45fe-85b7-bb69e73fb17c): Or am I a ocelot
[20:37:18] Mrmapl3syrup (uuid: b3f11e18-ff16-45fe-85b7-bb69e73fb17c): k
[20:39:03] Mrmapl3syrup (uuid: b3f11e18-ff16-45fe-85b7-bb69e73fb17c): Dragon am I a tabby cat?
[20:39:19] Mrmapl3syrup (uuid: b3f11e18-ff16-45fe-85b7-bb69e73fb17c): disguise
[20:39:28] Mrmapl3syrup (uuid: b3f11e18-ff16-45fe-85b7-bb69e73fb17c): Am I a cat?
[20:39:34] Mrmapl3syrup (uuid: b3f11e18-ff16-45fe-85b7-bb69e73fb17c): Watermelonman
[20:39:37] Mrmapl3syrup (uuid: b3f11e18-ff16-45fe-85b7-bb69e73fb17c): :D
[20:39:52] Mrmapl3syrup (uuid: b3f11e18-ff16-45fe-85b7-bb69e73fb17c): Hah
[20:39:54] Mrmapl3syrup (uuid: b3f11e18-ff16-45fe-85b7-bb69e73fb17c): No
[20:39:58] Mrmapl3syrup (uuid: b3f11e18-ff16-45fe-85b7-bb69e73fb17c): ur a normal ocelot :D
[20:40:01] Mrmapl3syrup (uuid: b3f11e18-ff16-45fe-85b7-bb69e73fb17c): U need to use a sub type
[20:40:05] Mrmapl3syrup (uuid: b3f11e18-ff16-45fe-85b7-bb69e73fb17c): sub types
[20:40:22] Mrmapl3syrup (uuid: b3f11e18-ff16-45fe-85b7-bb69e73fb17c): what i did is /d black baby cat
[20:40:30] Mrmapl3syrup (uuid: b3f11e18-ff16-45fe-85b7-bb69e73fb17c): baby and black is a subtype
[20:40:39] Mrmapl3syrup (uuid: b3f11e18-ff16-45fe-85b7-bb69e73fb17c): no
[20:40:43] Mrmapl3syrup (uuid: b3f11e18-ff16-45fe-85b7-bb69e73fb17c): Ur a ocelot
[20:40:45] Mrmapl3syrup (uuid: b3f11e18-ff16-45fe-85b7-bb69e73fb17c): a baby one
[20:41:03] Mrmapl3syrup (uuid: b3f11e18-ff16-45fe-85b7-bb69e73fb17c): Nope
[20:41:16] Mrmapl3syrup (uuid: b3f11e18-ff16-45fe-85b7-bb69e73fb17c): There ya go
[20:41:23] Mrmapl3syrup (uuid: b3f11e18-ff16-45fe-85b7-bb69e73fb17c): be siamese
[20:41:31] Mrmapl3syrup (uuid: b3f11e18-ff16-45fe-85b7-bb69e73fb17c): so we are the different
[20:41:39] Mrmapl3syrup (uuid: b3f11e18-ff16-45fe-85b7-bb69e73fb17c): And also be grown
[20:41:52] Mrmapl3syrup (uuid: b3f11e18-ff16-45fe-85b7-bb69e73fb17c): yay
[20:42:23] Mrmapl3syrup (uuid: b3f11e18-ff16-45fe-85b7-bb69e73fb17c): to magi
[20:42:33] Mrmapl3syrup (uuid: b3f11e18-ff16-45fe-85b7-bb69e73fb17c): im a mod lol
[20:43:06] Mrmapl3syrup (uuid: b3f11e18-ff16-45fe-85b7-bb69e73fb17c): ???
[20:43:15] Mrmapl3syrup (uuid: b3f11e18-ff16-45fe-85b7-bb69e73fb17c): Yes
[20:43:29] Mrmapl3syrup (uuid: b3f11e18-ff16-45fe-85b7-bb69e73fb17c): They were not
[20:43:36] Mrmapl3syrup (uuid: b3f11e18-ff16-45fe-85b7-bb69e73fb17c): Was it filled with chests
[20:43:48] Mrmapl3syrup (uuid: b3f11e18-ff16-45fe-85b7-bb69e73fb17c): oh
[20:43:51] Mrmapl3syrup (uuid: b3f11e18-ff16-45fe-85b7-bb69e73fb17c): that isnt ours
[20:43:57] Mrmapl3syrup (uuid: b3f11e18-ff16-45fe-85b7-bb69e73fb17c): We live FAR away
[20:44:34] Mrmapl3syrup (uuid: b3f11e18-ff16-45fe-85b7-bb69e73fb17c): noice
[20:44:51] Mrmapl3syrup (uuid: b3f11e18-ff16-45fe-85b7-bb69e73fb17c): Meewwwwewoe
[20:47:32] Mrmapl3syrup (uuid: b3f11e18-ff16-45fe-85b7-bb69e73fb17c): These are basically admin homes lol
[20:48:02] Mrmapl3syrup (uuid: b3f11e18-ff16-45fe-85b7-bb69e73fb17c): nah
[20:48:17] Mrmapl3syrup (uuid: b3f11e18-ff16-45fe-85b7-bb69e73fb17c): That stuff is just filled with actual pay too wins lol
[20:49:27] Mrmapl3syrup (uuid: b3f11e18-ff16-45fe-85b7-bb69e73fb17c): LOL
[20:49:31] Mrmapl3syrup (uuid: b3f11e18-ff16-45fe-85b7-bb69e73fb17c): OPTIVATS HOMES
[20:49:58] Mrmapl3syrup (uuid: b3f11e18-ff16-45fe-85b7-bb69e73fb17c): THEY
[20:50:00] Mrmapl3syrup (uuid: b3f11e18-ff16-45fe-85b7-bb69e73fb17c): ARE SO BAD
[20:51:17] Mrmapl3syrup (uuid: b3f11e18-ff16-45fe-85b7-bb69e73fb17c): :o
[20:52:55] Mrmapl3syrup (uuid: b3f11e18-ff16-45fe-85b7-bb69e73fb17c): LOL
[20:53:00] Mrmapl3syrup (uuid: b3f11e18-ff16-45fe-85b7-bb69e73fb17c): this hut is sad
[20:53:08] Mrmapl3syrup (uuid: b3f11e18-ff16-45fe-85b7-bb69e73fb17c): I found a hut
[20:53:15] Mrmapl3syrup (uuid: b3f11e18-ff16-45fe-85b7-bb69e73fb17c): Idfk
[20:53:19] Mrmapl3syrup (uuid: b3f11e18-ff16-45fe-85b7-bb69e73fb17c): the middle of no where
[20:53:34] Mrmapl3syrup (uuid: b3f11e18-ff16-45fe-85b7-bb69e73fb17c): Idk???
[20:53:39] Mrmapl3syrup (uuid: b3f11e18-ff16-45fe-85b7-bb69e73fb17c): oh
[20:53:41] Mrmapl3syrup (uuid: b3f11e18-ff16-45fe-85b7-bb69e73fb17c): this was?
[20:57:03] TheRealColmagi (uuid: c98c1615-0764-41e1-848d-73152bfabe94): ay guys
[20:57:13] watermelonman53 (uuid: 26666a91-29a2-487f-bda5-16d4919282a0): HI
[20:57:15] Mrmapl3syrup (uuid: b3f11e18-ff16-45fe-85b7-bb69e73fb17c): Wtf do u mean by our claims will expire
[20:57:16] TheRealColmagi (uuid: c98c1615-0764-41e1-848d-73152bfabe94): godadmmit
[20:57:20] TheBlueGamer0 (uuid: 654713d4-034f-41ff-acad-c3b9ced485de): su
[20:57:28] TheRealColmagi (uuid: c98c1615-0764-41e1-848d-73152bfabe94): change ur nik
[20:57:31] TheRealColmagi (uuid: c98c1615-0764-41e1-848d-73152bfabe94): its so racist
[20:57:54] Mrmapl3syrup (uuid: b3f11e18-ff16-45fe-85b7-bb69e73fb17c): hi
[20:57:56] TheRealColmagi (uuid: c98c1615-0764-41e1-848d-73152bfabe94): nig og
[20:58:51] Mrmapl3syrup (uuid: b3f11e18-ff16-45fe-85b7-bb69e73fb17c): gola
[20:58:53] Mrmapl3syrup (uuid: b3f11e18-ff16-45fe-85b7-bb69e73fb17c): hola
[20:59:01] TheBlueGamer0 (uuid: 654713d4-034f-41ff-acad-c3b9ced485de): hola coemo estus
[20:59:10] Mrmapl3syrup (uuid: b3f11e18-ff16-45fe-85b7-bb69e73fb17c): cumo estoucm
[20:59:32] Mrmapl3syrup (uuid: b3f11e18-ff16-45fe-85b7-bb69e73fb17c): Magi
[20:59:41] Mrmapl3syrup (uuid: b3f11e18-ff16-45fe-85b7-bb69e73fb17c): what did u mean by our claims expiring or something
[20:59:47] TheRealColmagi (uuid: c98c1615-0764-41e1-848d-73152bfabe94): if u dont get on ur claims expire
[20:59:56] Mrmapl3syrup (uuid: b3f11e18-ff16-45fe-85b7-bb69e73fb17c): that is dumb
[21:00:11] TheRealColmagi (uuid: c98c1615-0764-41e1-848d-73152bfabe94): no its so if u never get back on the server again
[21:00:17] TheRealColmagi (uuid: c98c1615-0764-41e1-848d-73152bfabe94): people can build where ur claims are
[21:00:21] Mrmapl3syrup (uuid: b3f11e18-ff16-45fe-85b7-bb69e73fb17c): But, I was planning too
[21:00:27] TheBlueGamer0 (uuid: 654713d4-034f-41ff-acad-c3b9ced485de): to*
[21:00:33] Mrmapl3syrup (uuid: b3f11e18-ff16-45fe-85b7-bb69e73fb17c): What will happen while im on vacation for two weeks???
[21:00:41] TheRealColmagi (uuid: c98c1615-0764-41e1-848d-73152bfabe94): idk i think its a month
[21:00:43] TheBlueGamer0 (uuid: 654713d4-034f-41ff-acad-c3b9ced485de): you will die in a sinkhole
[21:00:52] Mrmapl3syrup (uuid: b3f11e18-ff16-45fe-85b7-bb69e73fb17c): Then why were you warning me lmao
[21:01:07] TheBlueGamer0 (uuid: 654713d4-034f-41ff-acad-c3b9ced485de): lol just to get people on
[21:01:12] Mrmapl3syrup (uuid: b3f11e18-ff16-45fe-85b7-bb69e73fb17c): lol
[21:02:37] Mrmapl3syrup (uuid: b3f11e18-ff16-45fe-85b7-bb69e73fb17c): suc
[21:03:02] Mrmapl3syrup (uuid: b3f11e18-ff16-45fe-85b7-bb69e73fb17c): can i has succ
[21:03:16] watermelonman53 (uuid: 26666a91-29a2-487f-bda5-16d4919282a0): alright
[21:03:21] TheRealColmagi (uuid: c98c1615-0764-41e1-848d-73152bfabe94): damn thats fancy af
[21:03:25] TheRealColmagi (uuid: c98c1615-0764-41e1-848d-73152bfabe94): brb gotta piss
[21:03:38] Mrmapl3syrup (uuid: b3f11e18-ff16-45fe-85b7-bb69e73fb17c): it isnt fancy
[21:03:44] Mrmapl3syrup (uuid: b3f11e18-ff16-45fe-85b7-bb69e73fb17c): It is niqqer like :^)
[21:03:54] Mrmapl3syrup (uuid: b3f11e18-ff16-45fe-85b7-bb69e73fb17c): Which doesnt make sense
[21:03:55] Mrmapl3syrup (uuid: b3f11e18-ff16-45fe-85b7-bb69e73fb17c): so
[21:04:01] Mrmapl3syrup (uuid: b3f11e18-ff16-45fe-85b7-bb69e73fb17c): it isnt funny either
[21:04:08] Mrmapl3syrup (uuid: b3f11e18-ff16-45fe-85b7-bb69e73fb17c): my life
[21:04:09] TheBlueGamer0 (uuid: 654713d4-034f-41ff-acad-c3b9ced485de): .i barrier
[21:04:11] Mrmapl3syrup (uuid: b3f11e18-ff16-45fe-85b7-bb69e73fb17c): and everything
[21:04:12] Mrmapl3syrup (uuid: b3f11e18-ff16-45fe-85b7-bb69e73fb17c): ?
[21:04:35] Mrmapl3syrup (uuid: b3f11e18-ff16-45fe-85b7-bb69e73fb17c): stop using ur void bow thing on me pls
[21:04:38] TheRealColmagi (uuid: c98c1615-0764-41e1-848d-73152bfabe94): wtf
[21:04:41] Mrmapl3syrup (uuid: b3f11e18-ff16-45fe-85b7-bb69e73fb17c): ?
[21:04:56] Mrmapl3syrup (uuid: b3f11e18-ff16-45fe-85b7-bb69e73fb17c): lol
[21:05:12] Mrmapl3syrup (uuid: b3f11e18-ff16-45fe-85b7-bb69e73fb17c): Dude I know ur just using freaking spectral arrows
[21:05:16] TheRealColmagi (uuid: c98c1615-0764-41e1-848d-73152bfabe94): wtf
[21:05:18] Mrmapl3syrup (uuid: b3f11e18-ff16-45fe-85b7-bb69e73fb17c): ur not wall hacking lmfao
[21:05:29] Mrmapl3syrup (uuid: b3f11e18-ff16-45fe-85b7-bb69e73fb17c): it wasnt funy
[21:05:39] Mrmapl3syrup (uuid: b3f11e18-ff16-45fe-85b7-bb69e73fb17c): I know
[21:05:43] Mrmapl3syrup (uuid: b3f11e18-ff16-45fe-85b7-bb69e73fb17c): ok
[21:05:53] Mrmapl3syrup (uuid: b3f11e18-ff16-45fe-85b7-bb69e73fb17c): idc
[21:06:04] Mrmapl3syrup (uuid: b3f11e18-ff16-45fe-85b7-bb69e73fb17c): stoeep
[21:06:14] Mrmapl3syrup (uuid: b3f11e18-ff16-45fe-85b7-bb69e73fb17c): ??
[21:07:06] Mrmapl3syrup (uuid: b3f11e18-ff16-45fe-85b7-bb69e73fb17c): succ
[21:08:24] Mrmapl3syrup (uuid: b3f11e18-ff16-45fe-85b7-bb69e73fb17c): i am cat
[21:08:28] Mrmapl3syrup (uuid: b3f11e18-ff16-45fe-85b7-bb69e73fb17c): am pus pus
[21:08:39] Mrmapl3syrup (uuid: b3f11e18-ff16-45fe-85b7-bb69e73fb17c): oops
[21:08:40] Mrmapl3syrup (uuid: b3f11e18-ff16-45fe-85b7-bb69e73fb17c): xd
[21:09:07] Mrmapl3syrup (uuid: b3f11e18-ff16-45fe-85b7-bb69e73fb17c): Why are you making a whole village tho xd
[21:09:17] Mrmapl3syrup (uuid: b3f11e18-ff16-45fe-85b7-bb69e73fb17c): If no one can use it
[21:09:22] TheRealColmagi (uuid: c98c1615-0764-41e1-848d-73152bfabe94): aesthetics
[21:09:23] Mrmapl3syrup (uuid: b3f11e18-ff16-45fe-85b7-bb69e73fb17c): Except admins and stuff
[21:09:37] Mrmapl3syrup (uuid: b3f11e18-ff16-45fe-85b7-bb69e73fb17c): Hecc I cant even open doors
[21:09:45] TheRealColmagi (uuid: c98c1615-0764-41e1-848d-73152bfabe94): wtf
[21:09:45] Mrmapl3syrup (uuid: b3f11e18-ff16-45fe-85b7-bb69e73fb17c): nvm
[21:09:46] TheRealColmagi (uuid: c98c1615-0764-41e1-848d-73152bfabe94): thats allowed
[21:09:46] Mrmapl3syrup (uuid: b3f11e18-ff16-45fe-85b7-bb69e73fb17c): I can
[21:11:09] Mrmapl3syrup (uuid: b3f11e18-ff16-45fe-85b7-bb69e73fb17c): stop
[21:11:15] Mrmapl3syrup (uuid: b3f11e18-ff16-45fe-85b7-bb69e73fb17c): stop teleporting mee
[21:11:17] TheRealColmagi (uuid: c98c1615-0764-41e1-848d-73152bfabe94): GET OUT OF THE LAVA U FUK
[21:11:29] TheRealColmagi (uuid: c98c1615-0764-41e1-848d-73152bfabe94): tahts why I WAS TELEPORTING YOU
[21:11:41] Mrmapl3syrup (uuid: b3f11e18-ff16-45fe-85b7-bb69e73fb17c): YOU WERE TELEPORTING ME INTO THE LAVA
[21:12:11] Mrmapl3syrup (uuid: b3f11e18-ff16-45fe-85b7-bb69e73fb17c): uh
[21:12:15] Mrmapl3syrup (uuid: b3f11e18-ff16-45fe-85b7-bb69e73fb17c): come to the second flor
[21:12:23] Mrmapl3syrup (uuid: b3f11e18-ff16-45fe-85b7-bb69e73fb17c): the bed
[21:12:24] Mrmapl3syrup (uuid: b3f11e18-ff16-45fe-85b7-bb69e73fb17c): is
[21:12:29] TheRealColmagi (uuid: c98c1615-0764-41e1-848d-73152bfabe94): move it fatty
[21:12:35] Mrmapl3syrup (uuid: b3f11e18-ff16-45fe-85b7-bb69e73fb17c): stfu up niqqer
[21:13:00] Mrmapl3syrup (uuid: b3f11e18-ff16-45fe-85b7-bb69e73fb17c): i will drop a hot new diss track called "magi is a niqqer and pineapple pizza IS NOT real pizza"
[21:13:10] TheRealColmagi (uuid: c98c1615-0764-41e1-848d-73152bfabe94): wow
[21:13:20] Mrmapl3syrup (uuid: b3f11e18-ff16-45fe-85b7-bb69e73fb17c): yeah i know u should be sacaredd
[21:13:20] TheRealColmagi (uuid: c98c1615-0764-41e1-848d-73152bfabe94): fuk u all
[21:13:21] Mrmapl3syrup (uuid: b3f11e18-ff16-45fe-85b7-bb69e73fb17c): from eeee
[21:13:22] TheBlueGamer0 (uuid: 654713d4-034f-41ff-acad-c3b9ced485de): preach nibba
[21:13:25] Mrmapl3syrup (uuid: b3f11e18-ff16-45fe-85b7-bb69e73fb17c): :oO
[21:13:26] TheRealColmagi (uuid: c98c1615-0764-41e1-848d-73152bfabe94): BED BOMBS ALLAHU AKBAR
[21:13:30] Mrmapl3syrup (uuid: b3f11e18-ff16-45fe-85b7-bb69e73fb17c): THIS IS A CHRISTAIN SERVEr
[21:13:37] TheBlueGamer0 (uuid: 654713d4-034f-41ff-acad-c3b9ced485de): um
[21:13:39] Mrmapl3syrup (uuid: b3f11e18-ff16-45fe-85b7-bb69e73fb17c): stop cursing this is a christain server
[21:13:42] Mrmapl3syrup (uuid: b3f11e18-ff16-45fe-85b7-bb69e73fb17c): omgmgmgogmoggmogo
[21:13:44] Mrmapl3syrup (uuid: b3f11e18-ff16-45fe-85b7-bb69e73fb17c): SCREE
[21:13:48] Mrmapl3syrup (uuid: b3f11e18-ff16-45fe-85b7-bb69e73fb17c): UH
[21:14:35] Mrmapl3syrup (uuid: b3f11e18-ff16-45fe-85b7-bb69e73fb17c): HAH
[21:14:39] TheRealColmagi (uuid: c98c1615-0764-41e1-848d-73152bfabe94): LOL
[21:14:39] Mrmapl3syrup (uuid: b3f11e18-ff16-45fe-85b7-bb69e73fb17c): how do u do
[21:14:41] TheRealColmagi (uuid: c98c1615-0764-41e1-848d-73152bfabe94): u niqqua
[21:14:45] Mrmapl3syrup (uuid: b3f11e18-ff16-45fe-85b7-bb69e73fb17c): TELL ME
[21:14:52] Mrmapl3syrup (uuid: b3f11e18-ff16-45fe-85b7-bb69e73fb17c): I told you how to be a cat!
[21:15:00] Mrmapl3syrup (uuid: b3f11e18-ff16-45fe-85b7-bb69e73fb17c): Why wont you tell me! :C
[21:15:09] Mrmapl3syrup (uuid: b3f11e18-ff16-45fe-85b7-bb69e73fb17c): ffs tell me>:C
[21:16:34] Mrmapl3syrup (uuid: b3f11e18-ff16-45fe-85b7-bb69e73fb17c): I SUCC HIM DRY
[21:16:35] Mrmapl3syrup (uuid: b3f11e18-ff16-45fe-85b7-bb69e73fb17c): ERE
[21:16:40] Mrmapl3syrup (uuid: b3f11e18-ff16-45fe-85b7-bb69e73fb17c): i succ
[21:16:41] TheRealColmagi (uuid: c98c1615-0764-41e1-848d-73152bfabe94): REE
[21:16:46] Mrmapl3syrup (uuid: b3f11e18-ff16-45fe-85b7-bb69e73fb17c): I SELL 5 DOLLAR SUCCY SUCCY
[21:16:49] Mrmapl3syrup (uuid: b3f11e18-ff16-45fe-85b7-bb69e73fb17c): u buy
[21:16:51] Mrmapl3syrup (uuid: b3f11e18-ff16-45fe-85b7-bb69e73fb17c): I succ
[21:16:56] Mrmapl3syrup (uuid: b3f11e18-ff16-45fe-85b7-bb69e73fb17c): u get mon mon
[21:16:59] Mrmapl3syrup (uuid: b3f11e18-ff16-45fe-85b7-bb69e73fb17c): and succ
[21:17:11] Mrmapl3syrup (uuid: b3f11e18-ff16-45fe-85b7-bb69e73fb17c): can i one shot u with my COCK
[21:17:43] Mrmapl3syrup (uuid: b3f11e18-ff16-45fe-85b7-bb69e73fb17c): FUNNY
[21:17:44] Mrmapl3syrup (uuid: b3f11e18-ff16-45fe-85b7-bb69e73fb17c): Joke
[21:17:45] Mrmapl3syrup (uuid: b3f11e18-ff16-45fe-85b7-bb69e73fb17c): MY DUDUDUE
[21:18:01] Mrmapl3syrup (uuid: b3f11e18-ff16-45fe-85b7-bb69e73fb17c): I wanna nuke someone
[21:18:04] TheRealColmagi (uuid: c98c1615-0764-41e1-848d-73152bfabe94): ha wither loses cuz hes gay
[21:18:07] Mrmapl3syrup (uuid: b3f11e18-ff16-45fe-85b7-bb69e73fb17c): magi do /nuke pls :^)
[21:18:10] TheRealColmagi (uuid: c98c1615-0764-41e1-848d-73152bfabe94): no
[21:18:12] Mrmapl3syrup (uuid: b3f11e18-ff16-45fe-85b7-bb69e73fb17c): >:C
[21:18:31] Mrmapl3syrup (uuid: b3f11e18-ff16-45fe-85b7-bb69e73fb17c): why does blue gamer get op :C
[21:18:59] Mrmapl3syrup (uuid: b3f11e18-ff16-45fe-85b7-bb69e73fb17c): He actually has aimbot
[21:19:04] Mrmapl3syrup (uuid: b3f11e18-ff16-45fe-85b7-bb69e73fb17c): lmao
[21:19:08] TheRealColmagi (uuid: c98c1615-0764-41e1-848d-73152bfabe94): wticher bitch
[21:19:19] Mrmapl3syrup (uuid: b3f11e18-ff16-45fe-85b7-bb69e73fb17c): Man
[21:19:23] Mrmapl3syrup (uuid: b3f11e18-ff16-45fe-85b7-bb69e73fb17c): IF ONLY I COULD
[21:19:25] Mrmapl3syrup (uuid: b3f11e18-ff16-45fe-85b7-bb69e73fb17c): do that :)
[21:19:36] Mrmapl3syrup (uuid: b3f11e18-ff16-45fe-85b7-bb69e73fb17c): ?
[21:19:57] Mrmapl3syrup (uuid: b3f11e18-ff16-45fe-85b7-bb69e73fb17c): ;-;
[21:20:04] Mrmapl3syrup (uuid: b3f11e18-ff16-45fe-85b7-bb69e73fb17c): can I shoot fire balls :(
[21:20:15] Mrmapl3syrup (uuid: b3f11e18-ff16-45fe-85b7-bb69e73fb17c): Can I do cool shit? :C
[21:20:29] Mrmapl3syrup (uuid: b3f11e18-ff16-45fe-85b7-bb69e73fb17c): hard core xxx enderdragon wither porn
[21:20:46] Mrmapl3syrup (uuid: b3f11e18-ff16-45fe-85b7-bb69e73fb17c): >:C
[21:20:57] Mrmapl3syrup (uuid: b3f11e18-ff16-45fe-85b7-bb69e73fb17c): no
[21:21:05] Mrmapl3syrup (uuid: b3f11e18-ff16-45fe-85b7-bb69e73fb17c): He actually does habe aim bot
[21:21:07] Mrmapl3syrup (uuid: b3f11e18-ff16-45fe-85b7-bb69e73fb17c): lol
[21:21:23] Mrmapl3syrup (uuid: b3f11e18-ff16-45fe-85b7-bb69e73fb17c): Turn off god mode and we will see how useless it is :^)
[21:22:14] Mrmapl3syrup (uuid: b3f11e18-ff16-45fe-85b7-bb69e73fb17c): ur head is gay
[21:22:50] Mrmapl3syrup (uuid: b3f11e18-ff16-45fe-85b7-bb69e73fb17c): succ
[21:22:54] Mrmapl3syrup (uuid: b3f11e18-ff16-45fe-85b7-bb69e73fb17c): also
[21:22:57] Mrmapl3syrup (uuid: b3f11e18-ff16-45fe-85b7-bb69e73fb17c): i has the piwer
[21:23:01] Mrmapl3syrup (uuid: b3f11e18-ff16-45fe-85b7-bb69e73fb17c): OF THE KICK
[21:23:06] Mrmapl3syrup (uuid: b3f11e18-ff16-45fe-85b7-bb69e73fb17c): >:D
[21:23:14] Mrmapl3syrup (uuid: b3f11e18-ff16-45fe-85b7-bb69e73fb17c): :C
[21:23:18] Mrmapl3syrup (uuid: b3f11e18-ff16-45fe-85b7-bb69e73fb17c): can i has
[21:23:24] Mrmapl3syrup (uuid: b3f11e18-ff16-45fe-85b7-bb69e73fb17c): YEs
[21:23:37] Mrmapl3syrup (uuid: b3f11e18-ff16-45fe-85b7-bb69e73fb17c): Well what do you want?
[21:23:42] Mrmapl3syrup (uuid: b3f11e18-ff16-45fe-85b7-bb69e73fb17c): My windmill design?
[21:23:44] Mrmapl3syrup (uuid: b3f11e18-ff16-45fe-85b7-bb69e73fb17c): Aww
[21:23:48] Mrmapl3syrup (uuid: b3f11e18-ff16-45fe-85b7-bb69e73fb17c): I wanted to make a windmill
[21:23:56] Mrmapl3syrup (uuid: b3f11e18-ff16-45fe-85b7-bb69e73fb17c): Alright
[21:23:59] Mrmapl3syrup (uuid: b3f11e18-ff16-45fe-85b7-bb69e73fb17c): I will :D
[21:24:02] Mrmapl3syrup (uuid: b3f11e18-ff16-45fe-85b7-bb69e73fb17c): kkk
[21:24:11] Mrmapl3syrup (uuid: b3f11e18-ff16-45fe-85b7-bb69e73fb17c): lemme get the stuff I need
[21:25:16] Mrmapl3syrup (uuid: b3f11e18-ff16-45fe-85b7-bb69e73fb17c): I cant build lol
[21:25:26] Mrmapl3syrup (uuid: b3f11e18-ff16-45fe-85b7-bb69e73fb17c): I CANT
[21:25:27] Mrmapl3syrup (uuid: b3f11e18-ff16-45fe-85b7-bb69e73fb17c): BUilkd
[21:25:31] Mrmapl3syrup (uuid: b3f11e18-ff16-45fe-85b7-bb69e73fb17c): I DONT HAVE PERM TO BUILD
[21:25:40] Mrmapl3syrup (uuid: b3f11e18-ff16-45fe-85b7-bb69e73fb17c): I dont have op
[21:25:41] Mrmapl3syrup (uuid: b3f11e18-ff16-45fe-85b7-bb69e73fb17c): nope
[21:25:42] Mrmapl3syrup (uuid: b3f11e18-ff16-45fe-85b7-bb69e73fb17c): cant
[21:25:59] watermelonman53 (uuid: 26666a91-29a2-487f-bda5-16d4919282a0): §cG§6a§ey §aD§9i§bc§5k§cs§0
[21:26:16] Mrmapl3syrup (uuid: b3f11e18-ff16-45fe-85b7-bb69e73fb17c): I will make the house small btw it isnt too big tell me if u want it bigger tho
[21:26:28] Mrmapl3syrup (uuid: b3f11e18-ff16-45fe-85b7-bb69e73fb17c): k
[21:26:52] Mrmapl3syrup (uuid: b3f11e18-ff16-45fe-85b7-bb69e73fb17c): This house is super small btw
[21:27:01] watermelonman53 (uuid: 26666a91-29a2-487f-bda5-16d4919282a0): doop
[21:36:05] Mrmapl3syrup (uuid: b3f11e18-ff16-45fe-85b7-bb69e73fb17c): Yo magi could u make it day or something???
[21:36:10] Mrmapl3syrup (uuid: b3f11e18-ff16-45fe-85b7-bb69e73fb17c): As im trying to build
[21:36:43] Mrmapl3syrup (uuid: b3f11e18-ff16-45fe-85b7-bb69e73fb17c): it is still night lol
[21:36:44] Mrmapl3syrup (uuid: b3f11e18-ff16-45fe-85b7-bb69e73fb17c): :E
[21:36:53] Mrmapl3syrup (uuid: b3f11e18-ff16-45fe-85b7-bb69e73fb17c): no
[21:37:24] Mrmapl3syrup (uuid: b3f11e18-ff16-45fe-85b7-bb69e73fb17c): Give it time :)
[21:37:54] TheRealColmagi (uuid: c98c1615-0764-41e1-848d-73152bfabe94): dis is ugly
[21:38:00] Mrmapl3syrup (uuid: b3f11e18-ff16-45fe-85b7-bb69e73fb17c): I will show you just wait!!!
[21:38:07] Mrmapl3syrup (uuid: b3f11e18-ff16-45fe-85b7-bb69e73fb17c): :)
[21:38:54] TheRealColmagi (uuid: c98c1615-0764-41e1-848d-73152bfabe94): fuk ya
[21:38:58] TheRealColmagi (uuid: c98c1615-0764-41e1-848d-73152bfabe94): a real mans home
[21:39:06] Mrmapl3syrup (uuid: b3f11e18-ff16-45fe-85b7-bb69e73fb17c): The resource pack im using makes it look so much better btw lol
[21:39:07] Mrmapl3syrup (uuid: b3f11e18-ff16-45fe-85b7-bb69e73fb17c): Also
[21:39:11] Mrmapl3syrup (uuid: b3f11e18-ff16-45fe-85b7-bb69e73fb17c): make it day
[21:40:24] TheRealColmagi (uuid: c98c1615-0764-41e1-848d-73152bfabe94): look at maple and his shit house
[21:40:29] TheRealColmagi (uuid: c98c1615-0764-41e1-848d-73152bfabe94): this is the best house
[21:40:34] watermelonman53 (uuid: 26666a91-29a2-487f-bda5-16d4919282a0): I am hacking xD pvynsrcilviwifzwrwwx
[21:40:36] watermelonman53 (uuid: 26666a91-29a2-487f-bda5-16d4919282a0): I am hacking xD sziwkebzelozdeotfypm
[21:41:08] TheRealColmagi (uuid: c98c1615-0764-41e1-848d-73152bfabe94): shit my nigga tyrone
[21:41:15] TheRealColmagi (uuid: c98c1615-0764-41e1-848d-73152bfabe94): what the fuck is ur roof LOL
[21:41:15] Mrmapl3syrup (uuid: b3f11e18-ff16-45fe-85b7-bb69e73fb17c): It isnt finished btw
[21:41:20] Mrmapl3syrup (uuid: b3f11e18-ff16-45fe-85b7-bb69e73fb17c): IT ISNT FINISHED
[21:41:22] Mrmapl3syrup (uuid: b3f11e18-ff16-45fe-85b7-bb69e73fb17c): >:C
[21:41:26] TheRealColmagi (uuid: c98c1615-0764-41e1-848d-73152bfabe94): i say we burn it to the ground
[21:41:30] TheRealColmagi (uuid: c98c1615-0764-41e1-848d-73152bfabe94): AND LIV EHERE
[21:41:32] Mrmapl3syrup (uuid: b3f11e18-ff16-45fe-85b7-bb69e73fb17c): Go away
[21:41:34] TheRealColmagi (uuid: c98c1615-0764-41e1-848d-73152bfabe94): best home
[21:41:50] TheRealColmagi (uuid: c98c1615-0764-41e1-848d-73152bfabe94): ur property value goes down by 99% cuz this ugly piece of shit house is here
[21:43:47] Mrmapl3syrup (uuid: b3f11e18-ff16-45fe-85b7-bb69e73fb17c): no
[21:43:50] TheRealColmagi (uuid: c98c1615-0764-41e1-848d-73152bfabe94): dis roof shold be burn to ground
[21:43:54] TheRealColmagi (uuid: c98c1615-0764-41e1-848d-73152bfabe94): is ugly
[21:43:58] Mrmapl3syrup (uuid: b3f11e18-ff16-45fe-85b7-bb69e73fb17c): So should the jews
[21:44:00] TheRealColmagi (uuid: c98c1615-0764-41e1-848d-73152bfabe94): ass shite
[21:44:03] TheRealColmagi (uuid: c98c1615-0764-41e1-848d-73152bfabe94): wow
[21:44:10] TheRealColmagi (uuid: c98c1615-0764-41e1-848d-73152bfabe94): rasist bich
[21:44:20] TheRealColmagi (uuid: c98c1615-0764-41e1-848d-73152bfabe94): shut the fuk up
[21:44:24] TheRealColmagi (uuid: c98c1615-0764-41e1-848d-73152bfabe94): im kool cid
[21:44:40] TheRealColmagi (uuid: c98c1615-0764-41e1-848d-73152bfabe94): even if i tipe lik sex yeer old
[21:44:57] TheRealColmagi (uuid: c98c1615-0764-41e1-848d-73152bfabe94): but at leest i dont hate jiws
[21:45:26] TheRealColmagi (uuid: c98c1615-0764-41e1-848d-73152bfabe94): ok u no what ur mum gay xd
[22:10:33] TheRealColmagi (uuid: c98c1615-0764-41e1-848d-73152bfabe94): 1ur house is shit
[22:10:37] TheRealColmagi (uuid: c98c1615-0764-41e1-848d-73152bfabe94): ur house is shit
[22:10:53] Mrmapl3syrup (uuid: b3f11e18-ff16-45fe-85b7-bb69e73fb17c): Thanks for the complement my dude
[22:21:26] Mrmapl3syrup (uuid: b3f11e18-ff16-45fe-85b7-bb69e73fb17c): Welcome
[22:21:29] Mrmapl3syrup (uuid: b3f11e18-ff16-45fe-85b7-bb69e73fb17c): im making another home
[22:21:49] TheBlueGamer0 (uuid: 654713d4-034f-41ff-acad-c3b9ced485de): k
[22:33:25] Mrmapl3syrup (uuid: b3f11e18-ff16-45fe-85b7-bb69e73fb17c): hi
[22:33:26] TheRealColmagi (uuid: c98c1615-0764-41e1-848d-73152bfabe94): gay
[22:33:30] Mrmapl3syrup (uuid: b3f11e18-ff16-45fe-85b7-bb69e73fb17c): ur gay as fuck
[23:03:46] Mrmapl3syrup (uuid: b3f11e18-ff16-45fe-85b7-bb69e73fb17c): I WAS ABOUT
[23:03:48] Mrmapl3syrup (uuid: b3f11e18-ff16-45fe-85b7-bb69e73fb17c): TO SUCC U DRy
[23:03:57] Mrmapl3syrup (uuid: b3f11e18-ff16-45fe-85b7-bb69e73fb17c): reee
[23:04:02] Mrmapl3syrup (uuid: b3f11e18-ff16-45fe-85b7-bb69e73fb17c): time to finish this home
[23:11:22] Mrmapl3syrup (uuid: b3f11e18-ff16-45fe-85b7-bb69e73fb17c): STOp
[23:11:26] Mrmapl3syrup (uuid: b3f11e18-ff16-45fe-85b7-bb69e73fb17c): IM TRYING TO LISTEEEEEEn
[23:11:31] TheRealColmagi (uuid: c98c1615-0764-41e1-848d-73152bfabe94): to what
[23:11:40] Mrmapl3syrup (uuid: b3f11e18-ff16-45fe-85b7-bb69e73fb17c): A VEEDEO
[23:11:43] TheRealColmagi (uuid: c98c1615-0764-41e1-848d-73152bfabe94): LOL
[23:11:45] TheRealColmagi (uuid: c98c1615-0764-41e1-848d-73152bfabe94): gay fag
