[09:54:04] TheRealColmagi (uuid: c98c1615-0764-41e1-848d-73152bfabe94): say i have autims
[09:54:05] TheRealColmagi (uuid: c98c1615-0764-41e1-848d-73152bfabe94): lol
[10:02:23] TheRealColmagi (uuid: c98c1615-0764-41e1-848d-73152bfabe94): fuk yeah
[10:02:30] TheRealColmagi (uuid: c98c1615-0764-41e1-848d-73152bfabe94): im gay
[10:07:18] TheRealColmagi (uuid: c98c1615-0764-41e1-848d-73152bfabe94): im gay xd
[10:28:30] BigBlockEnergy (uuid: 0e35f655-bb50-49de-824c-085f55effebd): its glitchy af rn
[10:28:34] BigBlockEnergy (uuid: 0e35f655-bb50-49de-824c-085f55effebd): wouldnt suggest going
[10:28:34] JohnProdman (uuid: 4150cd4b-a415-4298-bdc7-c9e330b466cc): hee hee
[10:28:37] JohnProdman (uuid: 4150cd4b-a415-4298-bdc7-c9e330b466cc): i lost it
[10:28:56] JohnProdman (uuid: 4150cd4b-a415-4298-bdc7-c9e330b466cc): im laggy as hell
[10:47:56] JohnProdman (uuid: 4150cd4b-a415-4298-bdc7-c9e330b466cc): ARE U LAGGING
[10:47:57] TheRealColmagi (uuid: c98c1615-0764-41e1-848d-73152bfabe94): nocheatplus is basically going off
[10:47:58] JohnProdman (uuid: 4150cd4b-a415-4298-bdc7-c9e330b466cc): like shit
[10:48:05] TheRealColmagi (uuid: c98c1615-0764-41e1-848d-73152bfabe94): and so its kicking everyone for flying
[10:48:08] TheRealColmagi (uuid: c98c1615-0764-41e1-848d-73152bfabe94): i disabled it
[10:48:16] JohnProdman (uuid: 4150cd4b-a415-4298-bdc7-c9e330b466cc): whats with the immense lag
[10:48:32] TheRealColmagi (uuid: c98c1615-0764-41e1-848d-73152bfabe94): cuz i have fb open
[10:48:46] JohnProdman (uuid: 4150cd4b-a415-4298-bdc7-c9e330b466cc): :c
[10:49:20] PiranhaBoy (uuid: 068bfb61-fb8a-4553-8305-2af64537cadb): gimme warp ability
[10:49:22] JohnProdman (uuid: 4150cd4b-a415-4298-bdc7-c9e330b466cc): I want u to open task manager
[10:49:29] JohnProdman (uuid: 4150cd4b-a415-4298-bdc7-c9e330b466cc): Find System Processes
[17:04:12] Nellynutton0614 (uuid: 521aa102-c0d6-44d5-afa8-6d17c398dd35): damn wat is this
[22:57:51] TheRealColmagi (uuid: c98c1615-0764-41e1-848d-73152bfabe94): wup
[22:57:53] TheRealColmagi (uuid: c98c1615-0764-41e1-848d-73152bfabe94): wait check somethin
[22:57:53] iiBethanyii (uuid: 017ec225-2727-4d08-b15d-c5d9f307a55c): hi
[22:57:55] TheRealColmagi (uuid: c98c1615-0764-41e1-848d-73152bfabe94): ok
[22:58:02] TheRealColmagi (uuid: c98c1615-0764-41e1-848d-73152bfabe94): seems my mysql database is still conneccted
[22:58:09] TheRealColmagi (uuid: c98c1615-0764-41e1-848d-73152bfabe94): so ur ranks are universal across all servers
[22:58:12] iiBethanyii (uuid: 017ec225-2727-4d08-b15d-c5d9f307a55c): nice
[22:58:20] iiBethanyii (uuid: 017ec225-2727-4d08-b15d-c5d9f307a55c): wtf
[22:58:22] iiBethanyii (uuid: 017ec225-2727-4d08-b15d-c5d9f307a55c): double jump?
[22:58:28] TheRealColmagi (uuid: c98c1615-0764-41e1-848d-73152bfabe94): wtf
[22:58:37] iiBethanyii (uuid: 017ec225-2727-4d08-b15d-c5d9f307a55c): whats this
[22:58:41] TheRealColmagi (uuid: c98c1615-0764-41e1-848d-73152bfabe94): might be my hug
[22:58:41] iiBethanyii (uuid: 017ec225-2727-4d08-b15d-c5d9f307a55c): if i try to fly
[22:58:42] TheRealColmagi (uuid: c98c1615-0764-41e1-848d-73152bfabe94): hub
[22:58:48] TheRealColmagi (uuid: c98c1615-0764-41e1-848d-73152bfabe94): ye
[22:58:51] TheRealColmagi (uuid: c98c1615-0764-41e1-848d-73152bfabe94): my hub plugin
[23:07:52] iiBethanyii (uuid: 017ec225-2727-4d08-b15d-c5d9f307a55c): yres
[23:07:53] TheRealColmagi (uuid: c98c1615-0764-41e1-848d-73152bfabe94): suh
[23:13:36] iiBethanyii (uuid: 017ec225-2727-4d08-b15d-c5d9f307a55c): wow
[23:13:48] TheRealColmagi (uuid: c98c1615-0764-41e1-848d-73152bfabe94): wait im breaking my server oops
[23:14:20] iiBethanyii (uuid: 017ec225-2727-4d08-b15d-c5d9f307a55c): fuck
[23:14:21] iiBethanyii (uuid: 017ec225-2727-4d08-b15d-c5d9f307a55c): i fell
[23:14:32] iMine03 (uuid: 0f9d4172-c235-4bd2-9897-490c4a93ddfe): holy shit u can fly?
[23:14:35] iiBethanyii (uuid: 017ec225-2727-4d08-b15d-c5d9f307a55c): no
[23:14:36] iMine03 (uuid: 0f9d4172-c235-4bd2-9897-490c4a93ddfe): nvm
[23:14:37] iiBethanyii (uuid: 017ec225-2727-4d08-b15d-c5d9f307a55c): double jump
[23:14:40] iMine03 (uuid: 0f9d4172-c235-4bd2-9897-490c4a93ddfe): holyyy
[23:14:48] iiBethanyii (uuid: 017ec225-2727-4d08-b15d-c5d9f307a55c): jump out of map
[23:14:48] iiBethanyii (uuid: 017ec225-2727-4d08-b15d-c5d9f307a55c): cmere
[23:15:04] TheRealColmagi (uuid: c98c1615-0764-41e1-848d-73152bfabe94): dont u just come back to spawn
[23:15:14] iiBethanyii (uuid: 017ec225-2727-4d08-b15d-c5d9f307a55c): yea
[23:15:21] iMine03 (uuid: 0f9d4172-c235-4bd2-9897-490c4a93ddfe): james tell hubert he's a fuking degenerate pussy
[23:15:24] TheRealColmagi (uuid: c98c1615-0764-41e1-848d-73152bfabe94): LOL
[23:15:34] iiBethanyii (uuid: 017ec225-2727-4d08-b15d-c5d9f307a55c): wtf
[23:15:36] iMine03 (uuid: 0f9d4172-c235-4bd2-9897-490c4a93ddfe): i jumped out of map
[23:15:36] iiBethanyii (uuid: 017ec225-2727-4d08-b15d-c5d9f307a55c): i can triple jump
[23:15:37] TheRealColmagi (uuid: c98c1615-0764-41e1-848d-73152bfabe94): LOL
[23:15:39] iiBethanyii (uuid: 017ec225-2727-4d08-b15d-c5d9f307a55c): it works sometimes
[23:15:42] iiBethanyii (uuid: 017ec225-2727-4d08-b15d-c5d9f307a55c): see
[23:15:49] iiBethanyii (uuid: 017ec225-2727-4d08-b15d-c5d9f307a55c): holy
[23:15:50] iMine03 (uuid: 0f9d4172-c235-4bd2-9897-490c4a93ddfe): QUADRUPLE JUMP LOL
[23:15:53] TheRealColmagi (uuid: c98c1615-0764-41e1-848d-73152bfabe94): nah just flyhacks
[23:15:55] iiBethanyii (uuid: 017ec225-2727-4d08-b15d-c5d9f307a55c): yea
[23:15:59] iiBethanyii (uuid: 017ec225-2727-4d08-b15d-c5d9f307a55c): bet
[23:16:02] TheRealColmagi (uuid: c98c1615-0764-41e1-848d-73152bfabe94): o i see
[23:16:10] iMine03 (uuid: 0f9d4172-c235-4bd2-9897-490c4a93ddfe): r u restarting survival server
[23:16:12] iiBethanyii (uuid: 017ec225-2727-4d08-b15d-c5d9f307a55c): my island
[23:16:31] iiBethanyii (uuid: 017ec225-2727-4d08-b15d-c5d9f307a55c): wait
[23:16:39] iiBethanyii (uuid: 017ec225-2727-4d08-b15d-c5d9f307a55c): double jump the hold w then double jump i nthe air
[23:16:43] iMine03 (uuid: 0f9d4172-c235-4bd2-9897-490c4a93ddfe): how did ian get expert
[23:17:23] iMine03 (uuid: 0f9d4172-c235-4bd2-9897-490c4a93ddfe): ezz
[23:17:49] iMine03 (uuid: 0f9d4172-c235-4bd2-9897-490c4a93ddfe): jjames de jew
[23:18:42] iMine03 (uuid: 0f9d4172-c235-4bd2-9897-490c4a93ddfe): yello
