[18:19:24] TheRealColmagi (uuid: c98c1615-0764-41e1-848d-73152bfabe94): lol gotta eat tho
[18:19:31] Mrmapl3syrup (uuid: b3f11e18-ff16-45fe-85b7-bb69e73fb17c): I sell gud succ
[18:36:54] Mrmapl3syrup (uuid: b3f11e18-ff16-45fe-85b7-bb69e73fb17c): suc
[18:43:16] Mrmapl3syrup (uuid: b3f11e18-ff16-45fe-85b7-bb69e73fb17c): like my art
[18:43:20] Mrmapl3syrup (uuid: b3f11e18-ff16-45fe-85b7-bb69e73fb17c): dicks
[18:43:22] Mrmapl3syrup (uuid: b3f11e18-ff16-45fe-85b7-bb69e73fb17c): on dicks'
[18:43:23] Mrmapl3syrup (uuid: b3f11e18-ff16-45fe-85b7-bb69e73fb17c): ON DICKS
[18:43:31] Mrmapl3syrup (uuid: b3f11e18-ff16-45fe-85b7-bb69e73fb17c): Isnt it great :D
[18:43:57] Mrmapl3syrup (uuid: b3f11e18-ff16-45fe-85b7-bb69e73fb17c): then go play some bf1
[18:44:17] Mrmapl3syrup (uuid: b3f11e18-ff16-45fe-85b7-bb69e73fb17c): arnt I ur only friend who has it
[18:44:26] Mrmapl3syrup (uuid: b3f11e18-ff16-45fe-85b7-bb69e73fb17c): lol
[18:45:26] Mrmapl3syrup (uuid: b3f11e18-ff16-45fe-85b7-bb69e73fb17c): a place farrrrrrr away
[18:46:20] Mrmapl3syrup (uuid: b3f11e18-ff16-45fe-85b7-bb69e73fb17c): How the fuck do you have so much fucking money
[18:46:30] Mrmapl3syrup (uuid: b3f11e18-ff16-45fe-85b7-bb69e73fb17c): Where did you get them????
[18:46:39] Mrmapl3syrup (uuid: b3f11e18-ff16-45fe-85b7-bb69e73fb17c): ???
[18:46:46] Mrmapl3syrup (uuid: b3f11e18-ff16-45fe-85b7-bb69e73fb17c): DUDE
[18:47:13] Mrmapl3syrup (uuid: b3f11e18-ff16-45fe-85b7-bb69e73fb17c): THOSE WERE JUST TO BE SOLD NOT FOR YOU TO SELL THEM ALL
[18:47:24] Mrmapl3syrup (uuid: b3f11e18-ff16-45fe-85b7-bb69e73fb17c): Wtf
[18:47:28] Mrmapl3syrup (uuid: b3f11e18-ff16-45fe-85b7-bb69e73fb17c): I do
[18:47:41] Mrmapl3syrup (uuid: b3f11e18-ff16-45fe-85b7-bb69e73fb17c): Idc
[18:48:16] Mrmapl3syrup (uuid: b3f11e18-ff16-45fe-85b7-bb69e73fb17c): Because you were not supposed to use them
[18:48:34] Mrmapl3syrup (uuid: b3f11e18-ff16-45fe-85b7-bb69e73fb17c): You should have known not too
[18:48:42] Mrmapl3syrup (uuid: b3f11e18-ff16-45fe-85b7-bb69e73fb17c): also
[18:49:00] Mrmapl3syrup (uuid: b3f11e18-ff16-45fe-85b7-bb69e73fb17c): Also we still have all of our diamonds at our shop
[18:49:05] Mrmapl3syrup (uuid: b3f11e18-ff16-45fe-85b7-bb69e73fb17c): ???
[18:49:16] Mrmapl3syrup (uuid: b3f11e18-ff16-45fe-85b7-bb69e73fb17c): Did you get diamonds from creative?????
[18:49:33] Mrmapl3syrup (uuid: b3f11e18-ff16-45fe-85b7-bb69e73fb17c): Because I am a mod
[18:49:58] Mrmapl3syrup (uuid: b3f11e18-ff16-45fe-85b7-bb69e73fb17c): No it is just that you gave your self a bunch of moneyt
[18:50:11] Mrmapl3syrup (uuid: b3f11e18-ff16-45fe-85b7-bb69e73fb17c): ???
[18:50:24] Mrmapl3syrup (uuid: b3f11e18-ff16-45fe-85b7-bb69e73fb17c): Il ask him if he is okay with you getting diamonds from creative and selling them
[18:50:28] Mrmapl3syrup (uuid: b3f11e18-ff16-45fe-85b7-bb69e73fb17c): k
[18:50:34] Mrmapl3syrup (uuid: b3f11e18-ff16-45fe-85b7-bb69e73fb17c): because im not sure
[19:15:01] TheBlueGamer0 (uuid: 654713d4-034f-41ff-acad-c3b9ced485de): he left...
[19:15:34] Mrmapl3syrup (uuid: b3f11e18-ff16-45fe-85b7-bb69e73fb17c): yeah I know
[19:15:42] Mrmapl3syrup (uuid: b3f11e18-ff16-45fe-85b7-bb69e73fb17c): Check baltop
[19:15:57] TheBlueGamer0 (uuid: 654713d4-034f-41ff-acad-c3b9ced485de): oh
[19:15:59] Mrmapl3syrup (uuid: b3f11e18-ff16-45fe-85b7-bb69e73fb17c): yo
[19:16:01] TheBlueGamer0 (uuid: 654713d4-034f-41ff-acad-c3b9ced485de): ill fo it later
[19:16:02] Mrmapl3syrup (uuid: b3f11e18-ff16-45fe-85b7-bb69e73fb17c): could u r8 my homes
[19:16:04] TheBlueGamer0 (uuid: 654713d4-034f-41ff-acad-c3b9ced485de): im busy
[19:16:06] Mrmapl3syrup (uuid: b3f11e18-ff16-45fe-85b7-bb69e73fb17c): kk
[19:16:08] Mrmapl3syrup (uuid: b3f11e18-ff16-45fe-85b7-bb69e73fb17c): nvm then
[19:16:08] TheBlueGamer0 (uuid: 654713d4-034f-41ff-acad-c3b9ced485de): its great
[19:16:11] Mrmapl3syrup (uuid: b3f11e18-ff16-45fe-85b7-bb69e73fb17c): thanks
[19:16:15] Mrmapl3syrup (uuid: b3f11e18-ff16-45fe-85b7-bb69e73fb17c): What about the modern one?
[19:16:29] Mrmapl3syrup (uuid: b3f11e18-ff16-45fe-85b7-bb69e73fb17c): Had to edit it a bit because of the winter biome
[19:16:32] TheBlueGamer0 (uuid: 654713d4-034f-41ff-acad-c3b9ced485de): i like it
[19:16:35] Mrmapl3syrup (uuid: b3f11e18-ff16-45fe-85b7-bb69e73fb17c): Thanks
[19:16:46] TheBlueGamer0 (uuid: 654713d4-034f-41ff-acad-c3b9ced485de): finish the interior and ill r8
[19:16:47] TheBlueGamer0 (uuid: 654713d4-034f-41ff-acad-c3b9ced485de): cya
[19:16:50] Mrmapl3syrup (uuid: b3f11e18-ff16-45fe-85b7-bb69e73fb17c): kk
[20:18:24] Mrmapl3syrup (uuid: b3f11e18-ff16-45fe-85b7-bb69e73fb17c): yo blue
[20:18:29] TheBlueGamer0 (uuid: 654713d4-034f-41ff-acad-c3b9ced485de): yo
[20:18:40] Mrmapl3syrup (uuid: b3f11e18-ff16-45fe-85b7-bb69e73fb17c): Do u like the house?
[20:18:41] TheBlueGamer0 (uuid: 654713d4-034f-41ff-acad-c3b9ced485de): lol i made an upstairs :P
[20:18:46] TheBlueGamer0 (uuid: 654713d4-034f-41ff-acad-c3b9ced485de): and yes
[20:18:52] Mrmapl3syrup (uuid: b3f11e18-ff16-45fe-85b7-bb69e73fb17c): yay
[20:18:56] TheBlueGamer0 (uuid: 654713d4-034f-41ff-acad-c3b9ced485de): dome here
[20:18:59] TheBlueGamer0 (uuid: 654713d4-034f-41ff-acad-c3b9ced485de): look
[20:19:02] Mrmapl3syrup (uuid: b3f11e18-ff16-45fe-85b7-bb69e73fb17c): Looks cool
[20:19:03] TheBlueGamer0 (uuid: 654713d4-034f-41ff-acad-c3b9ced485de): above the door
[20:19:13] Mrmapl3syrup (uuid: b3f11e18-ff16-45fe-85b7-bb69e73fb17c): Dude thanks
[20:19:15] TheBlueGamer0 (uuid: 654713d4-034f-41ff-acad-c3b9ced485de): np
[20:19:27] Mrmapl3syrup (uuid: b3f11e18-ff16-45fe-85b7-bb69e73fb17c): But, shorty is wanting compensation for the home you blew up btw
[20:19:31] Mrmapl3syrup (uuid: b3f11e18-ff16-45fe-85b7-bb69e73fb17c): As you did kinda
[20:19:36] Mrmapl3syrup (uuid: b3f11e18-ff16-45fe-85b7-bb69e73fb17c): Blow up our huge base
[20:19:38] TheBlueGamer0 (uuid: 654713d4-034f-41ff-acad-c3b9ced485de): lol he said that he didnt care tho
[20:20:08] TheRealColmagi (uuid: c98c1615-0764-41e1-848d-73152bfabe94): what the fuck is this
[20:20:14] TheBlueGamer0 (uuid: 654713d4-034f-41ff-acad-c3b9ced485de): ?
[20:20:24] Mrmapl3syrup (uuid: b3f11e18-ff16-45fe-85b7-bb69e73fb17c): oh that
[20:20:29] Mrmapl3syrup (uuid: b3f11e18-ff16-45fe-85b7-bb69e73fb17c): That was just a prank my dude
[20:20:29] TheBlueGamer0 (uuid: 654713d4-034f-41ff-acad-c3b9ced485de): /
[20:20:30] TheRealColmagi (uuid: c98c1615-0764-41e1-848d-73152bfabe94): uh
[20:20:32] TheBlueGamer0 (uuid: 654713d4-034f-41ff-acad-c3b9ced485de): ?
[20:20:33] TheRealColmagi (uuid: c98c1615-0764-41e1-848d-73152bfabe94): is shorty
[20:20:36] TheRealColmagi (uuid: c98c1615-0764-41e1-848d-73152bfabe94): still in creative
[20:20:39] Mrmapl3syrup (uuid: b3f11e18-ff16-45fe-85b7-bb69e73fb17c): Yeeeep
[20:20:42] TheBlueGamer0 (uuid: 654713d4-034f-41ff-acad-c3b9ced485de): he cheated money in
[20:20:43] TheRealColmagi (uuid: c98c1615-0764-41e1-848d-73152bfabe94): FUCK
[20:20:46] TheRealColmagi (uuid: c98c1615-0764-41e1-848d-73152bfabe94): dammit
[20:20:48] Mrmapl3syrup (uuid: b3f11e18-ff16-45fe-85b7-bb69e73fb17c): He is sorry tho
[20:20:58] Mrmapl3syrup (uuid: b3f11e18-ff16-45fe-85b7-bb69e73fb17c): Also he wants compensation for the home blue blew up
[20:21:04] Mrmapl3syrup (uuid: b3f11e18-ff16-45fe-85b7-bb69e73fb17c): cuz it was kinda our home
[20:21:10] TheRealColmagi (uuid: c98c1615-0764-41e1-848d-73152bfabe94): not worth 300k
[20:21:12] TheBlueGamer0 (uuid: 654713d4-034f-41ff-acad-c3b9ced485de): the one that he "didnt care about"
[20:21:14] Mrmapl3syrup (uuid: b3f11e18-ff16-45fe-85b7-bb69e73fb17c): Yeah I know
[20:21:21] Mrmapl3syrup (uuid: b3f11e18-ff16-45fe-85b7-bb69e73fb17c): Maybe like 50k or less
[20:21:24] Mrmapl3syrup (uuid: b3f11e18-ff16-45fe-85b7-bb69e73fb17c): or more idk xd
[20:21:36] TheBlueGamer0 (uuid: 654713d4-034f-41ff-acad-c3b9ced485de): salami
[20:21:41] TheBlueGamer0 (uuid: 654713d4-034f-41ff-acad-c3b9ced485de): dickscord
[20:21:53] Mrmapl3syrup (uuid: b3f11e18-ff16-45fe-85b7-bb69e73fb17c): I suggest you take away like 200k so he has 100k because he originally had like 50k and wants like 50k of compensation
[20:22:15] TheRealColmagi (uuid: c98c1615-0764-41e1-848d-73152bfabe94): ok
[20:22:27] Mrmapl3syrup (uuid: b3f11e18-ff16-45fe-85b7-bb69e73fb17c): Okay sweet I will tell him
[20:22:50] TheBlueGamer0 (uuid: 654713d4-034f-41ff-acad-c3b9ced485de): SALAMI
[20:22:52] Mrmapl3syrup (uuid: b3f11e18-ff16-45fe-85b7-bb69e73fb17c): Want me to tell him to get on?
[20:22:53] TheRealColmagi (uuid: c98c1615-0764-41e1-848d-73152bfabe94): what
[20:23:00] TheBlueGamer0 (uuid: 654713d4-034f-41ff-acad-c3b9ced485de): DICKSCORD
[20:23:03] Mrmapl3syrup (uuid: b3f11e18-ff16-45fe-85b7-bb69e73fb17c): Also dont get mad at him pls I already did the yelling through caps lol'
[20:23:05] TheRealColmagi (uuid: c98c1615-0764-41e1-848d-73152bfabe94): nah
[20:23:14] TheBlueGamer0 (uuid: 654713d4-034f-41ff-acad-c3b9ced485de): i have bootyful song to play
[20:23:17] TheBlueGamer0 (uuid: 654713d4-034f-41ff-acad-c3b9ced485de): plz
[20:23:25] Mrmapl3syrup (uuid: b3f11e18-ff16-45fe-85b7-bb69e73fb17c): want me to tell him to join tho
[20:23:33] TheRealColmagi (uuid: c98c1615-0764-41e1-848d-73152bfabe94): eh idc
[20:23:38] Mrmapl3syrup (uuid: b3f11e18-ff16-45fe-85b7-bb69e73fb17c): ok
[20:23:45] Mrmapl3syrup (uuid: b3f11e18-ff16-45fe-85b7-bb69e73fb17c): also when will the builder rank be added?
[20:23:52] Mrmapl3syrup (uuid: b3f11e18-ff16-45fe-85b7-bb69e73fb17c): ??
[20:24:29] TheRealColmagi (uuid: c98c1615-0764-41e1-848d-73152bfabe94): as soon as i can figure out how to get nonops to build in an admin claim
[20:24:43] Mrmapl3syrup (uuid: b3f11e18-ff16-45fe-85b7-bb69e73fb17c): k
[20:25:53] TheRealColmagi (uuid: c98c1615-0764-41e1-848d-73152bfabe94): that was shit
[20:26:04] TheRealColmagi (uuid: c98c1615-0764-41e1-848d-73152bfabe94): was just prank
[20:26:05] TheBlueGamer0 (uuid: 654713d4-034f-41ff-acad-c3b9ced485de): shut up you dip
[20:26:07] Mrmapl3syrup (uuid: b3f11e18-ff16-45fe-85b7-bb69e73fb17c): dip
[20:26:10] Mrmapl3syrup (uuid: b3f11e18-ff16-45fe-85b7-bb69e73fb17c): in chips
[20:26:16] Mrmapl3syrup (uuid: b3f11e18-ff16-45fe-85b7-bb69e73fb17c): succ me daddy pls
[20:26:44] Mrmapl3syrup (uuid: b3f11e18-ff16-45fe-85b7-bb69e73fb17c): y r u learning the flute
[20:26:59] Mrmapl3syrup (uuid: b3f11e18-ff16-45fe-85b7-bb69e73fb17c): That literally sounds liek a flute
[20:27:08] TheRealColmagi (uuid: c98c1615-0764-41e1-848d-73152bfabe94): no
[20:27:17] TheRealColmagi (uuid: c98c1615-0764-41e1-848d-73152bfabe94): flute is MUCH more airy sounding
[20:27:20] Mrmapl3syrup (uuid: b3f11e18-ff16-45fe-85b7-bb69e73fb17c): o
[20:27:25] TheRealColmagi (uuid: c98c1615-0764-41e1-848d-73152bfabe94): recorder has sort of more of a fuller sound
[20:27:30] Mrmapl3syrup (uuid: b3f11e18-ff16-45fe-85b7-bb69e73fb17c): well I am a orchestra member so
[20:27:32] Mrmapl3syrup (uuid: b3f11e18-ff16-45fe-85b7-bb69e73fb17c): idk
[20:27:34] Mrmapl3syrup (uuid: b3f11e18-ff16-45fe-85b7-bb69e73fb17c): xd
[20:27:37] TheRealColmagi (uuid: c98c1615-0764-41e1-848d-73152bfabe94): hA ORCHESTRA FAG
[20:27:41] TheRealColmagi (uuid: c98c1615-0764-41e1-848d-73152bfabe94): WHAT DO U PLAY VIOLA HAHAHAHAHAH
[20:27:48] Mrmapl3syrup (uuid: b3f11e18-ff16-45fe-85b7-bb69e73fb17c): Yeah I do
[20:27:51] Mrmapl3syrup (uuid: b3f11e18-ff16-45fe-85b7-bb69e73fb17c): I play Viola
[20:27:53] TheRealColmagi (uuid: c98c1615-0764-41e1-848d-73152bfabe94): LOL
[20:27:55] Mrmapl3syrup (uuid: b3f11e18-ff16-45fe-85b7-bb69e73fb17c): ?
[20:27:57] TheRealColmagi (uuid: c98c1615-0764-41e1-848d-73152bfabe94): I HEARD VIOLAS THE WORST
[20:28:02] Mrmapl3syrup (uuid: b3f11e18-ff16-45fe-85b7-bb69e73fb17c): They arnt lmfao
[20:28:06] Mrmapl3syrup (uuid: b3f11e18-ff16-45fe-85b7-bb69e73fb17c): They are great
[20:28:08] TheRealColmagi (uuid: c98c1615-0764-41e1-848d-73152bfabe94): lol the violins at my school make fun of the viola trash
[20:28:15] Mrmapl3syrup (uuid: b3f11e18-ff16-45fe-85b7-bb69e73fb17c): Because they are fucking ass hats
[20:28:28] Mrmapl3syrup (uuid: b3f11e18-ff16-45fe-85b7-bb69e73fb17c): Everyone freaking hates violas
[20:28:33] Mrmapl3syrup (uuid: b3f11e18-ff16-45fe-85b7-bb69e73fb17c): Calling them shit and stuff
[20:28:49] Mrmapl3syrup (uuid: b3f11e18-ff16-45fe-85b7-bb69e73fb17c): Like bitch THE BEST ORCHESTRA MEMBER IN THIS SCHOOL PLAYS THE VIOLA
[20:28:53] Mrmapl3syrup (uuid: b3f11e18-ff16-45fe-85b7-bb69e73fb17c): and im not joking
[20:29:01] Mrmapl3syrup (uuid: b3f11e18-ff16-45fe-85b7-bb69e73fb17c): The best orchestra member in our school
[20:29:03] TheRealColmagi (uuid: c98c1615-0764-41e1-848d-73152bfabe94): lol our best orchestra player is a violinist
[20:29:14] TheRealColmagi (uuid: c98c1615-0764-41e1-848d-73152bfabe94): fucking legend started like when she was 5
[20:29:21] Mrmapl3syrup (uuid: b3f11e18-ff16-45fe-85b7-bb69e73fb17c): The viola is basically a Violin without an E string
[20:29:24] TheRealColmagi (uuid: c98c1615-0764-41e1-848d-73152bfabe94): shes korean
[20:29:27] Mrmapl3syrup (uuid: b3f11e18-ff16-45fe-85b7-bb69e73fb17c): And has a G string
[20:29:28] TheRealColmagi (uuid: c98c1615-0764-41e1-848d-73152bfabe94): so like tryhard asian
[20:29:47] Mrmapl3syrup (uuid: b3f11e18-ff16-45fe-85b7-bb69e73fb17c): So it can play deeper tones
[20:29:50] TheRealColmagi (uuid: c98c1615-0764-41e1-848d-73152bfabe94): and the orchestra director bent the rule of "no sixth graders in top orchestra" so she oculd play with them
[20:30:01] Mrmapl3syrup (uuid: b3f11e18-ff16-45fe-85b7-bb69e73fb17c): rip
[20:30:12] TheRealColmagi (uuid: c98c1615-0764-41e1-848d-73152bfabe94): yeah cuz it messes up our pe schedule in 6th grade
[20:30:18] TheRealColmagi (uuid: c98c1615-0764-41e1-848d-73152bfabe94): cuz everyone had pe in 2nd period
[20:30:28] Mrmapl3syrup (uuid: b3f11e18-ff16-45fe-85b7-bb69e73fb17c): succ
[20:30:28] TheRealColmagi (uuid: c98c1615-0764-41e1-848d-73152bfabe94): and 2nd period was top band/top orchestra practice hour
[20:30:39] TheRealColmagi (uuid: c98c1615-0764-41e1-848d-73152bfabe94): wind ensemble and chamber kek
[20:31:05] Mrmapl3syrup (uuid: b3f11e18-ff16-45fe-85b7-bb69e73fb17c): goodmorning Russia
[20:31:11] Mrmapl3syrup (uuid: b3f11e18-ff16-45fe-85b7-bb69e73fb17c): cyka
[20:31:13] Mrmapl3syrup (uuid: b3f11e18-ff16-45fe-85b7-bb69e73fb17c): CYKA
[20:31:15] Mrmapl3syrup (uuid: b3f11e18-ff16-45fe-85b7-bb69e73fb17c): CYYYYYKA
[20:31:27] TheRealColmagi (uuid: c98c1615-0764-41e1-848d-73152bfabe94): GOOD MORNING MOTHER RUSSIA CYKA BLYAT YES TEAM BUY P90 RUSH B YES DA VERY GOOOOOD
[20:31:53] Mrmapl3syrup (uuid: b3f11e18-ff16-45fe-85b7-bb69e73fb17c): what do Builders get?
[20:32:01] Mrmapl3syrup (uuid: b3f11e18-ff16-45fe-85b7-bb69e73fb17c): im guessing creative and that is bout it?
[20:32:03] TheRealColmagi (uuid: c98c1615-0764-41e1-848d-73152bfabe94): worldedit
[20:32:05] TheRealColmagi (uuid: c98c1615-0764-41e1-848d-73152bfabe94): yeah
[20:32:12] Mrmapl3syrup (uuid: b3f11e18-ff16-45fe-85b7-bb69e73fb17c): I prob wont use world edit
[20:32:19] TheRealColmagi (uuid: c98c1615-0764-41e1-848d-73152bfabe94): kinda admins but not really
[20:32:29] Mrmapl3syrup (uuid: b3f11e18-ff16-45fe-85b7-bb69e73fb17c): Also magi come look at ur manly house
[20:32:39] Mrmapl3syrup (uuid: b3f11e18-ff16-45fe-85b7-bb69e73fb17c): wut is that
[20:32:41] TheRealColmagi (uuid: c98c1615-0764-41e1-848d-73152bfabe94): since theyre on a different level of existance
[20:32:51] TheRealColmagi (uuid: c98c1615-0764-41e1-848d-73152bfabe94): creative perms like are op
[20:32:53] Mrmapl3syrup (uuid: b3f11e18-ff16-45fe-85b7-bb69e73fb17c): look it is a reel man
[20:33:00] Mrmapl3syrup (uuid: b3f11e18-ff16-45fe-85b7-bb69e73fb17c): Not a penis
[20:33:49] Mrmapl3syrup (uuid: b3f11e18-ff16-45fe-85b7-bb69e73fb17c): keenky :)
[20:33:52] Mrmapl3syrup (uuid: b3f11e18-ff16-45fe-85b7-bb69e73fb17c): reeeee
[20:34:13] Mrmapl3syrup (uuid: b3f11e18-ff16-45fe-85b7-bb69e73fb17c): also Magi pls make a chat channel called "postallpornhere" so I can spam chicken nugget porn'
[20:34:18] Mrmapl3syrup (uuid: b3f11e18-ff16-45fe-85b7-bb69e73fb17c): like actual chicken nuggets
[20:34:20] Mrmapl3syrup (uuid: b3f11e18-ff16-45fe-85b7-bb69e73fb17c): nothin weird
[20:34:21] TheRealColmagi (uuid: c98c1615-0764-41e1-848d-73152bfabe94): thats retarded
[20:34:22] Mrmapl3syrup (uuid: b3f11e18-ff16-45fe-85b7-bb69e73fb17c): just
[20:34:34] Mrmapl3syrup (uuid: b3f11e18-ff16-45fe-85b7-bb69e73fb17c): ur pet rock is retarded
[20:34:40] Mrmapl3syrup (uuid: b3f11e18-ff16-45fe-85b7-bb69e73fb17c): ALong with the rest of them
[20:34:55] Mrmapl3syrup (uuid: b3f11e18-ff16-45fe-85b7-bb69e73fb17c): No not that lmfao
[20:35:04] Mrmapl3syrup (uuid: b3f11e18-ff16-45fe-85b7-bb69e73fb17c): Like actual chicken nuggets
[20:35:09] Mrmapl3syrup (uuid: b3f11e18-ff16-45fe-85b7-bb69e73fb17c): That shit is gross af
[20:35:20] Mrmapl3syrup (uuid: b3f11e18-ff16-45fe-85b7-bb69e73fb17c): Also a discord channel im in has a channel named that
[20:35:27] Mrmapl3syrup (uuid: b3f11e18-ff16-45fe-85b7-bb69e73fb17c): It is filled with hentai and shit lol
[20:35:33] Mrmapl3syrup (uuid: b3f11e18-ff16-45fe-85b7-bb69e73fb17c): And also really gross shit lmapo
[20:35:34] TheRealColmagi (uuid: c98c1615-0764-41e1-848d-73152bfabe94): ew
[20:35:43] TheRealColmagi (uuid: c98c1615-0764-41e1-848d-73152bfabe94): for that im bombing ur mansion
[20:36:08] Mrmapl3syrup (uuid: b3f11e18-ff16-45fe-85b7-bb69e73fb17c): Well this is
[20:36:14] Mrmapl3syrup (uuid: b3f11e18-ff16-45fe-85b7-bb69e73fb17c): meant for a swampyish region
[20:36:18] Mrmapl3syrup (uuid: b3f11e18-ff16-45fe-85b7-bb69e73fb17c): But, I was like
[20:36:21] Mrmapl3syrup (uuid: b3f11e18-ff16-45fe-85b7-bb69e73fb17c): screw it lol
[20:36:27] Mrmapl3syrup (uuid: b3f11e18-ff16-45fe-85b7-bb69e73fb17c): And I think It looks kinda nice
[20:37:55] Mrmapl3syrup (uuid: b3f11e18-ff16-45fe-85b7-bb69e73fb17c): thanks
[20:38:07] Mrmapl3syrup (uuid: b3f11e18-ff16-45fe-85b7-bb69e73fb17c): look at this great tree I made magi
[20:38:27] Mrmapl3syrup (uuid: b3f11e18-ff16-45fe-85b7-bb69e73fb17c): It is a earth cock
[20:38:32] TheRealColmagi (uuid: c98c1615-0764-41e1-848d-73152bfabe94): ok
[20:38:47] Mrmapl3syrup (uuid: b3f11e18-ff16-45fe-85b7-bb69e73fb17c): Also how did u like the dick shrine
[20:38:55] TheRealColmagi (uuid: c98c1615-0764-41e1-848d-73152bfabe94): im bombing ur mansion
[20:38:58] Mrmapl3syrup (uuid: b3f11e18-ff16-45fe-85b7-bb69e73fb17c): wait what
[20:39:02] Mrmapl3syrup (uuid: b3f11e18-ff16-45fe-85b7-bb69e73fb17c): no pls daddy
[20:39:13] Mrmapl3syrup (uuid: b3f11e18-ff16-45fe-85b7-bb69e73fb17c): dont bom ls
[20:39:22] Mrmapl3syrup (uuid: b3f11e18-ff16-45fe-85b7-bb69e73fb17c): no pls
[20:39:31] Mrmapl3syrup (uuid: b3f11e18-ff16-45fe-85b7-bb69e73fb17c): o noes
[20:39:37] Mrmapl3syrup (uuid: b3f11e18-ff16-45fe-85b7-bb69e73fb17c): noo tme mansooin
[20:39:55] Mrmapl3syrup (uuid: b3f11e18-ff16-45fe-85b7-bb69e73fb17c): ALLAHU AKBAR
[20:40:36] Mrmapl3syrup (uuid: b3f11e18-ff16-45fe-85b7-bb69e73fb17c): magi pls spam the nuke command
[20:40:40] TheRealColmagi (uuid: c98c1615-0764-41e1-848d-73152bfabe94): no
[20:40:46] Mrmapl3syrup (uuid: b3f11e18-ff16-45fe-85b7-bb69e73fb17c): >:C
[20:41:07] Mrmapl3syrup (uuid: b3f11e18-ff16-45fe-85b7-bb69e73fb17c): haxor
[20:41:15] Mrmapl3syrup (uuid: b3f11e18-ff16-45fe-85b7-bb69e73fb17c): o shit
[20:41:35] TheRealColmagi (uuid: c98c1615-0764-41e1-848d-73152bfabe94): lol
[20:41:38] TheRealColmagi (uuid: c98c1615-0764-41e1-848d-73152bfabe94): its bearing tnt fruit
[20:41:38] Mrmapl3syrup (uuid: b3f11e18-ff16-45fe-85b7-bb69e73fb17c): KEKS
[20:41:41] Mrmapl3syrup (uuid: b3f11e18-ff16-45fe-85b7-bb69e73fb17c): DEEEEEEEEEEEEEEEEEEEEEE
[20:42:07] Mrmapl3syrup (uuid: b3f11e18-ff16-45fe-85b7-bb69e73fb17c): lmao
[20:42:28] Mrmapl3syrup (uuid: b3f11e18-ff16-45fe-85b7-bb69e73fb17c): hey bradon
[20:42:31] Mrmapl3syrup (uuid: b3f11e18-ff16-45fe-85b7-bb69e73fb17c): u want succy succy
[20:42:33] Mrmapl3syrup (uuid: b3f11e18-ff16-45fe-85b7-bb69e73fb17c): 5 dolla
[20:42:35] Mrmapl3syrup (uuid: b3f11e18-ff16-45fe-85b7-bb69e73fb17c): succy succy
[20:42:38] Mrmapl3syrup (uuid: b3f11e18-ff16-45fe-85b7-bb69e73fb17c): i succ
[20:42:40] Mrmapl3syrup (uuid: b3f11e18-ff16-45fe-85b7-bb69e73fb17c): u pay'
[20:42:43] Mrmapl3syrup (uuid: b3f11e18-ff16-45fe-85b7-bb69e73fb17c): 5 dola dola
[20:42:46] Mrmapl3syrup (uuid: b3f11e18-ff16-45fe-85b7-bb69e73fb17c): for suc csuc
[20:42:51] Mrmapl3syrup (uuid: b3f11e18-ff16-45fe-85b7-bb69e73fb17c): u wanrt yes?
[20:42:54] Mrmapl3syrup (uuid: b3f11e18-ff16-45fe-85b7-bb69e73fb17c): YOU WANT SUCC?
[20:42:55] Mrmapl3syrup (uuid: b3f11e18-ff16-45fe-85b7-bb69e73fb17c): ye
[20:42:56] Mrmapl3syrup (uuid: b3f11e18-ff16-45fe-85b7-bb69e73fb17c): s
[20:42:58] Mrmapl3syrup (uuid: b3f11e18-ff16-45fe-85b7-bb69e73fb17c): u want succ
[20:42:59] Mrmapl3syrup (uuid: b3f11e18-ff16-45fe-85b7-bb69e73fb17c): u pay
[20:43:02] Mrmapl3syrup (uuid: b3f11e18-ff16-45fe-85b7-bb69e73fb17c): for suc
[20:43:08] Mrmapl3syrup (uuid: b3f11e18-ff16-45fe-85b7-bb69e73fb17c): and 5 dowwa for suc suc
[20:43:36] Mrmapl3syrup (uuid: b3f11e18-ff16-45fe-85b7-bb69e73fb17c): look at the sign
[20:44:03] Mrmapl3syrup (uuid: b3f11e18-ff16-45fe-85b7-bb69e73fb17c): THIS IS A CHRISTAIN SERVER
[20:44:09] Mrmapl3syrup (uuid: b3f11e18-ff16-45fe-85b7-bb69e73fb17c): WE do NOT allow cursing of ANY type
[20:44:26] Mrmapl3syrup (uuid: b3f11e18-ff16-45fe-85b7-bb69e73fb17c): and only 18+ erotic roleplaying
[20:44:27] TheRealColmagi (uuid: c98c1615-0764-41e1-848d-73152bfabe94): NIGGER JEW FAG FUCK SHIT TIT ASS FAGGOT GOD HATES GAYS GOD IS A RACSIT PIECE OF SHIT FUCK YOU GOD
[20:44:38] Mrmapl3syrup (uuid: b3f11e18-ff16-45fe-85b7-bb69e73fb17c): ur going to hell fot that lollol XDDD
[20:44:49] TheRealColmagi (uuid: c98c1615-0764-41e1-848d-73152bfabe94): NIGGA NIGGA NIGGA NIGGA NIGGA NIGGA NIGGA NIGGA NIGGA NIGGA NIGGA NIGGA
[20:44:52] TheRealColmagi (uuid: c98c1615-0764-41e1-848d-73152bfabe94): IM 200 PERCENT NIGGA
[20:45:05] Mrmapl3syrup (uuid: b3f11e18-ff16-45fe-85b7-bb69e73fb17c): I have some black in my family tree
[20:45:13] Mrmapl3syrup (uuid: b3f11e18-ff16-45fe-85b7-bb69e73fb17c): they have been hangin therre for a while
[20:45:17] TheRealColmagi (uuid: c98c1615-0764-41e1-848d-73152bfabe94): gas them
[20:45:19] TheRealColmagi (uuid: c98c1615-0764-41e1-848d-73152bfabe94): jk
[20:45:29] Mrmapl3syrup (uuid: b3f11e18-ff16-45fe-85b7-bb69e73fb17c): gas me papi
[20:45:33] Mrmapl3syrup (uuid: b3f11e18-ff16-45fe-85b7-bb69e73fb17c): fill me with ur man succ
[20:45:36] TheRealColmagi (uuid: c98c1615-0764-41e1-848d-73152bfabe94): gas chamb er
[20:45:41] Mrmapl3syrup (uuid: b3f11e18-ff16-45fe-85b7-bb69e73fb17c): OH EYA HDADDY
[20:45:43] Mrmapl3syrup (uuid: b3f11e18-ff16-45fe-85b7-bb69e73fb17c): UHHH
[20:45:49] TheRealColmagi (uuid: c98c1615-0764-41e1-848d-73152bfabe94): kekkle
[20:45:55] Mrmapl3syrup (uuid: b3f11e18-ff16-45fe-85b7-bb69e73fb17c): 18+ minecraft porn right here
[20:45:55] TheRealColmagi (uuid: c98c1615-0764-41e1-848d-73152bfabe94): now for the shower
[20:46:09] TheRealColmagi (uuid: c98c1615-0764-41e1-848d-73152bfabe94): wtf
[20:46:11] Mrmapl3syrup (uuid: b3f11e18-ff16-45fe-85b7-bb69e73fb17c): cums minecraft quartz blocks out of ass
[20:46:33] Mrmapl3syrup (uuid: b3f11e18-ff16-45fe-85b7-bb69e73fb17c): because minecraftians dont have fucking dicks
[20:46:40] Mrmapl3syrup (uuid: b3f11e18-ff16-45fe-85b7-bb69e73fb17c): they have alot of asses
[20:47:51] TheBlueGamer0 (uuid: 654713d4-034f-41ff-acad-c3b9ced485de): samurai jack x jonny bravo is my fav ship
[20:48:10] TheRealColmagi (uuid: c98c1615-0764-41e1-848d-73152bfabe94): how 2 rocketjump
[20:48:40] Mrmapl3syrup (uuid: b3f11e18-ff16-45fe-85b7-bb69e73fb17c): it is a thing
[20:48:44] Mrmapl3syrup (uuid: b3f11e18-ff16-45fe-85b7-bb69e73fb17c): I will send u it
[20:49:51] Mrmapl3syrup (uuid: b3f11e18-ff16-45fe-85b7-bb69e73fb17c): I sent magi the samurai x johnny bravo shit lmfao
[20:50:02] Mrmapl3syrup (uuid: b3f11e18-ff16-45fe-85b7-bb69e73fb17c): It is a thing
[20:52:21] TheRealColmagi (uuid: c98c1615-0764-41e1-848d-73152bfabe94): wat
[20:52:46] TheRealColmagi (uuid: c98c1615-0764-41e1-848d-73152bfabe94): gonna take a pissssssssssssss JARATE
[20:57:22] TheRealColmagi (uuid: c98c1615-0764-41e1-848d-73152bfabe94): i cant handle the autistic recorder
[21:12:27] TheRealColmagi (uuid: c98c1615-0764-41e1-848d-73152bfabe94): LOL JEW
