[00:14:53] Mrmapl3syrup (uuid: b3f11e18-ff16-45fe-85b7-bb69e73fb17c): hows spawn going
[00:15:02] TheBlueGamer0 (uuid: 654713d4-034f-41ff-acad-c3b9ced485de): great, almost halfway done
[00:15:14] Mrmapl3syrup (uuid: b3f11e18-ff16-45fe-85b7-bb69e73fb17c): Me and Watermelon are making a mob farm :D
[00:15:21] TheBlueGamer0 (uuid: 654713d4-034f-41ff-acad-c3b9ced485de): cool
[00:15:28] TheBlueGamer0 (uuid: 654713d4-034f-41ff-acad-c3b9ced485de): great, almost halfway done
[00:15:34] Mrmapl3syrup (uuid: b3f11e18-ff16-45fe-85b7-bb69e73fb17c): Sweet
[00:17:30] TheBlueGamer0 (uuid: 654713d4-034f-41ff-acad-c3b9ced485de): can i see the farm?
[00:17:40] Mrmapl3syrup (uuid: b3f11e18-ff16-45fe-85b7-bb69e73fb17c): Its no where near complete
[00:17:52] TheBlueGamer0 (uuid: 654713d4-034f-41ff-acad-c3b9ced485de): well the spawn isnt either, so
[00:17:57] Mrmapl3syrup (uuid: b3f11e18-ff16-45fe-85b7-bb69e73fb17c): Lol
[00:18:01] TheBlueGamer0 (uuid: 654713d4-034f-41ff-acad-c3b9ced485de): may i?
[00:18:22] Mrmapl3syrup (uuid: b3f11e18-ff16-45fe-85b7-bb69e73fb17c): May you what?
[00:18:25] Mrmapl3syrup (uuid: b3f11e18-ff16-45fe-85b7-bb69e73fb17c): :E
[00:18:28] TheBlueGamer0 (uuid: 654713d4-034f-41ff-acad-c3b9ced485de): see the farm
[00:18:40] Mrmapl3syrup (uuid: b3f11e18-ff16-45fe-85b7-bb69e73fb17c): Its literally just like a stack of dirt right now
[00:18:51] TheBlueGamer0 (uuid: 654713d4-034f-41ff-acad-c3b9ced485de): oh
[00:18:54] TheBlueGamer0 (uuid: 654713d4-034f-41ff-acad-c3b9ced485de): nvm then
[00:19:07] Mrmapl3syrup (uuid: b3f11e18-ff16-45fe-85b7-bb69e73fb17c): Like it was just brought out of planning xd
[00:19:13] TheBlueGamer0 (uuid: 654713d4-034f-41ff-acad-c3b9ced485de): okay
[00:28:20] TheBlueGamer0 (uuid: 654713d4-034f-41ff-acad-c3b9ced485de): do /warp crates or /warp spawn to get to the spawn
[00:28:49] Mrmapl3syrup (uuid: b3f11e18-ff16-45fe-85b7-bb69e73fb17c): What are the letters for?
[00:28:58] TheBlueGamer0 (uuid: 654713d4-034f-41ff-acad-c3b9ced485de): n=north, and so on
[00:29:01] Mrmapl3syrup (uuid: b3f11e18-ff16-45fe-85b7-bb69e73fb17c): oh nvm
[00:29:07] Mrmapl3syrup (uuid: b3f11e18-ff16-45fe-85b7-bb69e73fb17c): I just saw
[00:29:22] Mrmapl3syrup (uuid: b3f11e18-ff16-45fe-85b7-bb69e73fb17c): Well ima go back to making a farm
[00:29:27] TheBlueGamer0 (uuid: 654713d4-034f-41ff-acad-c3b9ced485de): k cya
[00:44:39] Mrmapl3syrup (uuid: b3f11e18-ff16-45fe-85b7-bb69e73fb17c): Whats the crates for?
[00:45:01] TheBlueGamer0 (uuid: 654713d4-034f-41ff-acad-c3b9ced485de): later on people can vote and get keys to have a chance at good items
[00:45:10] Mrmapl3syrup (uuid: b3f11e18-ff16-45fe-85b7-bb69e73fb17c): Why is there no racism lmao
[00:45:18] Mrmapl3syrup (uuid: b3f11e18-ff16-45fe-85b7-bb69e73fb17c): Magi was racist af today xd
[00:45:27] TheBlueGamer0 (uuid: 654713d4-034f-41ff-acad-c3b9ced485de): ik
[00:45:30] Mrmapl3syrup (uuid: b3f11e18-ff16-45fe-85b7-bb69e73fb17c): well are racist joke aloud?
[00:45:31] TheBlueGamer0 (uuid: 654713d4-034f-41ff-acad-c3b9ced485de): we all were
[00:45:36] TheBlueGamer0 (uuid: 654713d4-034f-41ff-acad-c3b9ced485de): it makes my job easier
[00:45:45] Mrmapl3syrup (uuid: b3f11e18-ff16-45fe-85b7-bb69e73fb17c): Alrighty
[00:45:50] TheBlueGamer0 (uuid: 654713d4-034f-41ff-acad-c3b9ced485de): like you can be racist, but only in /msg
[00:45:54] Mrmapl3syrup (uuid: b3f11e18-ff16-45fe-85b7-bb69e73fb17c): k
[00:45:57] TheBlueGamer0 (uuid: 654713d4-034f-41ff-acad-c3b9ced485de): or around your town
[00:46:03] TheBlueGamer0 (uuid: 654713d4-034f-41ff-acad-c3b9ced485de): but not in global chat
[00:46:14] Mrmapl3syrup (uuid: b3f11e18-ff16-45fe-85b7-bb69e73fb17c): K
[00:46:31] Mrmapl3syrup (uuid: b3f11e18-ff16-45fe-85b7-bb69e73fb17c): Will the crates cost real money?
[00:46:49] TheBlueGamer0 (uuid: 654713d4-034f-41ff-acad-c3b9ced485de): to buy keys, yes
[00:46:56] Mrmapl3syrup (uuid: b3f11e18-ff16-45fe-85b7-bb69e73fb17c): eep
[00:46:57] TheBlueGamer0 (uuid: 654713d4-034f-41ff-acad-c3b9ced485de): but vote will be free
[00:47:00] Mrmapl3syrup (uuid: b3f11e18-ff16-45fe-85b7-bb69e73fb17c): k
[00:47:11] TheBlueGamer0 (uuid: 654713d4-034f-41ff-acad-c3b9ced485de): and when you buy a rank, you get 5 o that key
[00:47:23] Mrmapl3syrup (uuid: b3f11e18-ff16-45fe-85b7-bb69e73fb17c): Ahhh Okay
[00:47:25] TheBlueGamer0 (uuid: 654713d4-034f-41ff-acad-c3b9ced485de): so when we get the ranks up n stuff, you will get 5 legend keys
[00:47:35] Mrmapl3syrup (uuid: b3f11e18-ff16-45fe-85b7-bb69e73fb17c): Neato
[00:47:55] TheBlueGamer0 (uuid: 654713d4-034f-41ff-acad-c3b9ced485de): but other than that you can pay in-game money, like 50k for an elite
[00:48:07] TheBlueGamer0 (uuid: 654713d4-034f-41ff-acad-c3b9ced485de): all the way up to like 1 mill for a legend
[00:48:12] Mrmapl3syrup (uuid: b3f11e18-ff16-45fe-85b7-bb69e73fb17c): Kool
[00:48:17] TheBlueGamer0 (uuid: 654713d4-034f-41ff-acad-c3b9ced485de): but there is a limit a week
[00:48:23] TheBlueGamer0 (uuid: 654713d4-034f-41ff-acad-c3b9ced485de): like 1 or 2 a week
[00:48:32] TheBlueGamer0 (uuid: 654713d4-034f-41ff-acad-c3b9ced485de): we will get it sorted out
[00:48:35] Mrmapl3syrup (uuid: b3f11e18-ff16-45fe-85b7-bb69e73fb17c): Well is there gonna be a shop to sell items? for this money
[00:48:38] TheBlueGamer0 (uuid: 654713d4-034f-41ff-acad-c3b9ced485de): yes
[00:48:42] Mrmapl3syrup (uuid: b3f11e18-ff16-45fe-85b7-bb69e73fb17c): Sweet
[00:48:43] TheBlueGamer0 (uuid: 654713d4-034f-41ff-acad-c3b9ced485de): ill make that soon
[00:48:55] TheBlueGamer0 (uuid: 654713d4-034f-41ff-acad-c3b9ced485de): by soon i mean rn
[00:48:58] Mrmapl3syrup (uuid: b3f11e18-ff16-45fe-85b7-bb69e73fb17c): Sweet then our mob farm will have some good use!
[00:49:12] TheBlueGamer0 (uuid: 654713d4-034f-41ff-acad-c3b9ced485de): yep
[00:49:20] Mrmapl3syrup (uuid: b3f11e18-ff16-45fe-85b7-bb69e73fb17c): Sweet!
[00:49:40] TheBlueGamer0 (uuid: 654713d4-034f-41ff-acad-c3b9ced485de): what kind of farm is it?
[00:50:25] TheBlueGamer0 (uuid: 654713d4-034f-41ff-acad-c3b9ced485de): maple?
[00:50:28] TheBlueGamer0 (uuid: 654713d4-034f-41ff-acad-c3b9ced485de): maple
[00:50:32] Mrmapl3syrup (uuid: b3f11e18-ff16-45fe-85b7-bb69e73fb17c): ye
[00:50:34] TheBlueGamer0 (uuid: 654713d4-034f-41ff-acad-c3b9ced485de): what kind of farm is it?
[00:50:54] Mrmapl3syrup (uuid: b3f11e18-ff16-45fe-85b7-bb69e73fb17c): Like a dark farm where the mobs spawn on there own in a small room
[00:50:58] TheBlueGamer0 (uuid: 654713d4-034f-41ff-acad-c3b9ced485de): oh
[00:51:13] TheBlueGamer0 (uuid: 654713d4-034f-41ff-acad-c3b9ced485de): oh, jut a hint, enderman and blaze will be op
[00:51:17] TheBlueGamer0 (uuid: 654713d4-034f-41ff-acad-c3b9ced485de): just
[00:51:19] Mrmapl3syrup (uuid: b3f11e18-ff16-45fe-85b7-bb69e73fb17c): Sweet
[00:53:05] TheBlueGamer0 (uuid: 654713d4-034f-41ff-acad-c3b9ced485de): hey
[00:53:08] Mrmapl3syrup (uuid: b3f11e18-ff16-45fe-85b7-bb69e73fb17c): ye
[00:53:11] TheBlueGamer0 (uuid: 654713d4-034f-41ff-acad-c3b9ced485de): got any potatoes?
[00:53:15] Mrmapl3syrup (uuid: b3f11e18-ff16-45fe-85b7-bb69e73fb17c): tons
[00:53:26] TheBlueGamer0 (uuid: 654713d4-034f-41ff-acad-c3b9ced485de): like in your inv?
[00:53:36] Mrmapl3syrup (uuid: b3f11e18-ff16-45fe-85b7-bb69e73fb17c):  no
[00:53:39] TheBlueGamer0 (uuid: 654713d4-034f-41ff-acad-c3b9ced485de): oh
[00:53:41] Mrmapl3syrup (uuid: b3f11e18-ff16-45fe-85b7-bb69e73fb17c): but at my house I have a stack
[00:53:43] TheBlueGamer0 (uuid: 654713d4-034f-41ff-acad-c3b9ced485de): like in your inv?
[00:53:47] Mrmapl3syrup (uuid: b3f11e18-ff16-45fe-85b7-bb69e73fb17c): well watermelon mans
[00:54:00] TheBlueGamer0 (uuid: 654713d4-034f-41ff-acad-c3b9ced485de): look now
[00:54:07] Mrmapl3syrup (uuid: b3f11e18-ff16-45fe-85b7-bb69e73fb17c): what the fuck
[00:54:09] Mrmapl3syrup (uuid: b3f11e18-ff16-45fe-85b7-bb69e73fb17c): why
[00:54:13] TheBlueGamer0 (uuid: 654713d4-034f-41ff-acad-c3b9ced485de): heheheheh
[00:54:16] TheBlueGamer0 (uuid: 654713d4-034f-41ff-acad-c3b9ced485de): lol
[00:54:18] Mrmapl3syrup (uuid: b3f11e18-ff16-45fe-85b7-bb69e73fb17c): lmao
[00:54:26] Mrmapl3syrup (uuid: b3f11e18-ff16-45fe-85b7-bb69e73fb17c): thanks xd
[00:58:05] Mrmapl3syrup (uuid: b3f11e18-ff16-45fe-85b7-bb69e73fb17c): WTF
[00:58:08] Mrmapl3syrup (uuid: b3f11e18-ff16-45fe-85b7-bb69e73fb17c): MY ITEMS
[00:58:10] TheBlueGamer0 (uuid: 654713d4-034f-41ff-acad-c3b9ced485de): look
[00:58:20] Mrmapl3syrup (uuid: b3f11e18-ff16-45fe-85b7-bb69e73fb17c): *cries in spanish*
[00:58:28] TheBlueGamer0 (uuid: 654713d4-034f-41ff-acad-c3b9ced485de): did you see the axe?
[00:58:33] TheBlueGamer0 (uuid: 654713d4-034f-41ff-acad-c3b9ced485de): did you see the axe?
[00:58:42] Mrmapl3syrup (uuid: b3f11e18-ff16-45fe-85b7-bb69e73fb17c): no :e
[00:58:49] TheBlueGamer0 (uuid: 654713d4-034f-41ff-acad-c3b9ced485de): look
[00:59:08] Mrmapl3syrup (uuid: b3f11e18-ff16-45fe-85b7-bb69e73fb17c): Jeez
[00:59:12] TheBlueGamer0 (uuid: 654713d4-034f-41ff-acad-c3b9ced485de): yeah
[00:59:31] Mrmapl3syrup (uuid: b3f11e18-ff16-45fe-85b7-bb69e73fb17c): I just made a blaze farm xd
[00:59:54] TheBlueGamer0 (uuid: 654713d4-034f-41ff-acad-c3b9ced485de): cool, a stack of rds will be like 300 dollars
[00:59:58] TheBlueGamer0 (uuid: 654713d4-034f-41ff-acad-c3b9ced485de): rods
[01:00:12] Mrmapl3syrup (uuid: b3f11e18-ff16-45fe-85b7-bb69e73fb17c): And thats alot?
[01:00:22] TheBlueGamer0 (uuid: 654713d4-034f-41ff-acad-c3b9ced485de): for the server, yes
[01:00:27] Mrmapl3syrup (uuid: b3f11e18-ff16-45fe-85b7-bb69e73fb17c): sweet
[01:00:43] TheBlueGamer0 (uuid: 654713d4-034f-41ff-acad-c3b9ced485de): 16 epearls will be 150
[01:01:52] TheBlueGamer0 (uuid: 654713d4-034f-41ff-acad-c3b9ced485de): ecks dee
[01:01:54] Mrmapl3syrup (uuid: b3f11e18-ff16-45fe-85b7-bb69e73fb17c): :O
[01:02:07] Mrmapl3syrup (uuid: b3f11e18-ff16-45fe-85b7-bb69e73fb17c): :(
[01:02:08] TheBlueGamer0 (uuid: 654713d4-034f-41ff-acad-c3b9ced485de): asdsgjhflkshdgfjksdl
[01:02:18] TheBlueGamer0 (uuid: 654713d4-034f-41ff-acad-c3b9ced485de): GET MAYMAYD KID
[01:02:25] Mrmapl3syrup (uuid: b3f11e18-ff16-45fe-85b7-bb69e73fb17c): XDDDDD
[01:02:37] Mrmapl3syrup (uuid: b3f11e18-ff16-45fe-85b7-bb69e73fb17c): Would I get mopney for being a ledgend?
[01:02:43] Mrmapl3syrup (uuid: b3f11e18-ff16-45fe-85b7-bb69e73fb17c): SO MUCH MONEY
[01:02:53] TheBlueGamer0 (uuid: 654713d4-034f-41ff-acad-c3b9ced485de): ill let you keep like 10k
[01:03:11] TheBlueGamer0 (uuid: 654713d4-034f-41ff-acad-c3b9ced485de): and
[01:03:23] Mrmapl3syrup (uuid: b3f11e18-ff16-45fe-85b7-bb69e73fb17c): How do I check my mons
[01:03:31] TheBlueGamer0 (uuid: 654713d4-034f-41ff-acad-c3b9ced485de): /bal
[01:03:40] Mrmapl3syrup (uuid: b3f11e18-ff16-45fe-85b7-bb69e73fb17c): I dont have acces xd
[01:03:46] Mrmapl3syrup (uuid: b3f11e18-ff16-45fe-85b7-bb69e73fb17c): access
[01:03:49] TheBlueGamer0 (uuid: 654713d4-034f-41ff-acad-c3b9ced485de): lol
[01:03:53] TheBlueGamer0 (uuid: 654713d4-034f-41ff-acad-c3b9ced485de): rip
[01:04:01] TheBlueGamer0 (uuid: 654713d4-034f-41ff-acad-c3b9ced485de): we will get that fixed
[07:48:51] TheBlueGamer0 (uuid: 654713d4-034f-41ff-acad-c3b9ced485de): THERE
[07:49:25] TheBlueGamer0 (uuid: 654713d4-034f-41ff-acad-c3b9ced485de): none.
[07:49:36] TheBlueGamer0 (uuid: 654713d4-034f-41ff-acad-c3b9ced485de): get on and look at spawn
[07:49:41] TheBlueGamer0 (uuid: 654713d4-034f-41ff-acad-c3b9ced485de): im building the shop rn
[08:10:37] TheBlueGamer0 (uuid: 654713d4-034f-41ff-acad-c3b9ced485de): riperoni
[08:10:40] TheBlueGamer0 (uuid: 654713d4-034f-41ff-acad-c3b9ced485de): rip
[08:11:10] watermelonman53 (uuid: 26666a91-29a2-487f-bda5-16d4919282a0): well the mob farm works
[08:25:07] watermelonman53 (uuid: 26666a91-29a2-487f-bda5-16d4919282a0): the mob farm is finnished
[08:43:28] TheBlueGamer0 (uuid: 654713d4-034f-41ff-acad-c3b9ced485de): riperoni
[08:43:34] TheBlueGamer0 (uuid: 654713d4-034f-41ff-acad-c3b9ced485de): why do you keep dying
[08:43:47] watermelonman53 (uuid: 26666a91-29a2-487f-bda5-16d4919282a0): i keep doing thing
[08:43:51] watermelonman53 (uuid: 26666a91-29a2-487f-bda5-16d4919282a0): s
[08:48:32] watermelonman53 (uuid: 26666a91-29a2-487f-bda5-16d4919282a0): goodbye world
[08:48:42] watermelonman53 (uuid: 26666a91-29a2-487f-bda5-16d4919282a0): goodbye world
[09:04:42] TheBlueGamer0 (uuid: 654713d4-034f-41ff-acad-c3b9ced485de): so whatcha up to?
[09:04:50] watermelonman53 (uuid: 26666a91-29a2-487f-bda5-16d4919282a0): FARMING\
[09:06:43] watermelonman53 (uuid: 26666a91-29a2-487f-bda5-16d4919282a0): did you make it so its always day?
[09:34:37] TheBlueGamer0 (uuid: 654713d4-034f-41ff-acad-c3b9ced485de): wanna see the shop?
[09:34:45] watermelonman53 (uuid: 26666a91-29a2-487f-bda5-16d4919282a0): sure
[09:34:53] TheBlueGamer0 (uuid: 654713d4-034f-41ff-acad-c3b9ced485de): do /warp shop
[09:35:14] watermelonman53 (uuid: 26666a91-29a2-487f-bda5-16d4919282a0): wow
[09:35:33] TheBlueGamer0 (uuid: 654713d4-034f-41ff-acad-c3b9ced485de): i still need colmagi to give me access to make the signs
[09:35:39] TheBlueGamer0 (uuid: 654713d4-034f-41ff-acad-c3b9ced485de): that is the donator shop
[09:35:56] watermelonman53 (uuid: 26666a91-29a2-487f-bda5-16d4919282a0): this is impresive
[09:36:02] TheBlueGamer0 (uuid: 654713d4-034f-41ff-acad-c3b9ced485de): thanks
[09:36:10] TheBlueGamer0 (uuid: 654713d4-034f-41ff-acad-c3b9ced485de): still not done tho
[09:36:17] watermelonman53 (uuid: 26666a91-29a2-487f-bda5-16d4919282a0): o
[09:36:54] TheBlueGamer0 (uuid: 654713d4-034f-41ff-acad-c3b9ced485de): do /back to get back t where you were
[09:37:01] watermelonman53 (uuid: 26666a91-29a2-487f-bda5-16d4919282a0): ok
[10:10:10] TheBlueGamer0 (uuid: 654713d4-034f-41ff-acad-c3b9ced485de): AHHHHHHHH
[10:10:28] watermelonman53 (uuid: 26666a91-29a2-487f-bda5-16d4919282a0): wtf
[10:10:30] TheBlueGamer0 (uuid: 654713d4-034f-41ff-acad-c3b9ced485de): WHAT DID I DO AHAHAHAHAHA
[10:10:41] TheBlueGamer0 (uuid: 654713d4-034f-41ff-acad-c3b9ced485de): OML
[10:10:54] TheBlueGamer0 (uuid: 654713d4-034f-41ff-acad-c3b9ced485de): there
[10:10:56] TheBlueGamer0 (uuid: 654713d4-034f-41ff-acad-c3b9ced485de): you can fly
[10:11:07] TheBlueGamer0 (uuid: 654713d4-034f-41ff-acad-c3b9ced485de): but jesus
[10:11:15] watermelonman53 (uuid: 26666a91-29a2-487f-bda5-16d4919282a0): can you turn on the day night cycle
[10:11:20] TheBlueGamer0 (uuid: 654713d4-034f-41ff-acad-c3b9ced485de): oh yeah
[10:11:24] TheBlueGamer0 (uuid: 654713d4-034f-41ff-acad-c3b9ced485de): srry i forgot
[10:11:37] TheBlueGamer0 (uuid: 654713d4-034f-41ff-acad-c3b9ced485de): there
[10:11:47] watermelonman53 (uuid: 26666a91-29a2-487f-bda5-16d4919282a0): thanks
[10:13:07] watermelonman53 (uuid: 26666a91-29a2-487f-bda5-16d4919282a0): and turn off god
[10:13:18] TheBlueGamer0 (uuid: 654713d4-034f-41ff-acad-c3b9ced485de): for you or me
[10:13:23] watermelonman53 (uuid: 26666a91-29a2-487f-bda5-16d4919282a0): me
[10:13:32] TheBlueGamer0 (uuid: 654713d4-034f-41ff-acad-c3b9ced485de): there
[10:13:36] TheBlueGamer0 (uuid: 654713d4-034f-41ff-acad-c3b9ced485de): you have fly tho
[10:13:37] watermelonman53 (uuid: 26666a91-29a2-487f-bda5-16d4919282a0): thanks
[10:21:48] TheBlueGamer0 (uuid: 654713d4-034f-41ff-acad-c3b9ced485de): watcha lookin for?
[10:21:51] TheBlueGamer0 (uuid: 654713d4-034f-41ff-acad-c3b9ced485de): watcha lookin for?
[10:21:56] watermelonman53 (uuid: 26666a91-29a2-487f-bda5-16d4919282a0): idk
[10:22:03] TheBlueGamer0 (uuid: 654713d4-034f-41ff-acad-c3b9ced485de): k
[10:24:30] TheBlueGamer0 (uuid: 654713d4-034f-41ff-acad-c3b9ced485de): RIP
[10:24:47] watermelonman53 (uuid: 26666a91-29a2-487f-bda5-16d4919282a0): well im never getting those back
[10:35:47] TheBlueGamer0 (uuid: 654713d4-034f-41ff-acad-c3b9ced485de): riperoni
[10:36:00] watermelonman53 (uuid: 26666a91-29a2-487f-bda5-16d4919282a0): fucking creeper
[10:50:25] TheBlueGamer0 (uuid: 654713d4-034f-41ff-acad-c3b9ced485de): welcome back
[10:50:41] watermelonman53 (uuid: 26666a91-29a2-487f-bda5-16d4919282a0): thanks
[11:03:00] TheBlueGamer0 (uuid: 654713d4-034f-41ff-acad-c3b9ced485de): here
[11:03:12] watermelonman53 (uuid: 26666a91-29a2-487f-bda5-16d4919282a0): omg
[11:03:15] TheBlueGamer0 (uuid: 654713d4-034f-41ff-acad-c3b9ced485de): try not to die so much
[11:03:53] TheBlueGamer0 (uuid: 654713d4-034f-41ff-acad-c3b9ced485de): nice place
[11:03:57] watermelonman53 (uuid: 26666a91-29a2-487f-bda5-16d4919282a0): thanks
[11:04:11] TheBlueGamer0 (uuid: 654713d4-034f-41ff-acad-c3b9ced485de): maple
[11:04:14] TheBlueGamer0 (uuid: 654713d4-034f-41ff-acad-c3b9ced485de): maple
[11:04:18] TheBlueGamer0 (uuid: 654713d4-034f-41ff-acad-c3b9ced485de): spawn is finished
[11:04:18] Mrmapl3syrup (uuid: b3f11e18-ff16-45fe-85b7-bb69e73fb17c): Hi
[11:04:22] Mrmapl3syrup (uuid: b3f11e18-ff16-45fe-85b7-bb69e73fb17c): sweet!
[11:04:35] TheBlueGamer0 (uuid: 654713d4-034f-41ff-acad-c3b9ced485de): besides the crattes and shop needing programming
[11:04:41] TheBlueGamer0 (uuid: 654713d4-034f-41ff-acad-c3b9ced485de): come check it out
[11:04:52] Mrmapl3syrup (uuid: b3f11e18-ff16-45fe-85b7-bb69e73fb17c): Dude sick
[11:04:56] TheBlueGamer0 (uuid: 654713d4-034f-41ff-acad-c3b9ced485de): follow me
[11:05:15] watermelonman53 (uuid: 26666a91-29a2-487f-bda5-16d4919282a0): thanks
[11:05:28] TheBlueGamer0 (uuid: 654713d4-034f-41ff-acad-c3b9ced485de): the unfinished shop
[11:05:37] Mrmapl3syrup (uuid: b3f11e18-ff16-45fe-85b7-bb69e73fb17c): Sorry I couldnt get on earlier tho
[11:05:38] TheBlueGamer0 (uuid: 654713d4-034f-41ff-acad-c3b9ced485de): and the donor shop
[11:05:42] TheBlueGamer0 (uuid: 654713d4-034f-41ff-acad-c3b9ced485de): its fine
[11:05:58] TheBlueGamer0 (uuid: 654713d4-034f-41ff-acad-c3b9ced485de): just for donors
[11:06:17] TheBlueGamer0 (uuid: 654713d4-034f-41ff-acad-c3b9ced485de): but only when colmagi gets back from school and i can make the signs
[11:06:24] Mrmapl3syrup (uuid: b3f11e18-ff16-45fe-85b7-bb69e73fb17c): Sweet
[11:06:37] TheBlueGamer0 (uuid: 654713d4-034f-41ff-acad-c3b9ced485de): what should i put here?
[11:06:44] Mrmapl3syrup (uuid: b3f11e18-ff16-45fe-85b7-bb69e73fb17c): idk
[11:06:49] Mrmapl3syrup (uuid: b3f11e18-ff16-45fe-85b7-bb69e73fb17c): Ima go check on shorty
[11:06:53] TheBlueGamer0 (uuid: 654713d4-034f-41ff-acad-c3b9ced485de): you dont know where i am
[11:06:56] TheBlueGamer0 (uuid: 654713d4-034f-41ff-acad-c3b9ced485de): ok
[11:11:06] Mrmapl3syrup (uuid: b3f11e18-ff16-45fe-85b7-bb69e73fb17c): Also Blue are you Frosty?
[11:11:14] TheBlueGamer0 (uuid: 654713d4-034f-41ff-acad-c3b9ced485de): no, nt at all
[11:11:18] TheBlueGamer0 (uuid: 654713d4-034f-41ff-acad-c3b9ced485de): i am
[11:11:21] Mrmapl3syrup (uuid: b3f11e18-ff16-45fe-85b7-bb69e73fb17c): lol
[11:11:22] TheBlueGamer0 (uuid: 654713d4-034f-41ff-acad-c3b9ced485de): im frosty
[11:11:32] Mrmapl3syrup (uuid: b3f11e18-ff16-45fe-85b7-bb69e73fb17c): Watermelon was telling me u had school xd
[11:11:43] TheBlueGamer0 (uuid: 654713d4-034f-41ff-acad-c3b9ced485de): not today
[11:12:16] Mrmapl3syrup (uuid: b3f11e18-ff16-45fe-85b7-bb69e73fb17c): Well Frosty could you make it in the shop where we can buy books and stuff?
[11:12:21] Mrmapl3syrup (uuid: b3f11e18-ff16-45fe-85b7-bb69e73fb17c): Like enchanted ones
[11:12:30] TheBlueGamer0 (uuid: 654713d4-034f-41ff-acad-c3b9ced485de): not enchanted ones
[11:12:36] TheBlueGamer0 (uuid: 654713d4-034f-41ff-acad-c3b9ced485de): but maybe books in general
[11:20:14] TheBlueGamer0 (uuid: 654713d4-034f-41ff-acad-c3b9ced485de): tmobs cant spawn in water
[11:20:24] Mrmapl3syrup (uuid: b3f11e18-ff16-45fe-85b7-bb69e73fb17c): I know D:
[11:20:32] Mrmapl3syrup (uuid: b3f11e18-ff16-45fe-85b7-bb69e73fb17c): Thats why ima trying to feex eet
[11:20:46] TheBlueGamer0 (uuid: 654713d4-034f-41ff-acad-c3b9ced485de): ah
[11:22:50] watermelonman53 (uuid: 26666a91-29a2-487f-bda5-16d4919282a0): whf
[11:22:59] TheBlueGamer0 (uuid: 654713d4-034f-41ff-acad-c3b9ced485de): ?
[11:23:07] watermelonman53 (uuid: 26666a91-29a2-487f-bda5-16d4919282a0): wtf
[11:23:23] watermelonman53 (uuid: 26666a91-29a2-487f-bda5-16d4919282a0): wtf
[11:23:39] watermelonman53 (uuid: 26666a91-29a2-487f-bda5-16d4919282a0): mmmmmmm
[11:24:02] TheBlueGamer0 (uuid: 654713d4-034f-41ff-acad-c3b9ced485de): ?????
[11:24:56] Mrmapl3syrup (uuid: b3f11e18-ff16-45fe-85b7-bb69e73fb17c): He lagged out
[11:25:27] TheBlueGamer0 (uuid: 654713d4-034f-41ff-acad-c3b9ced485de): riproni
[11:47:16] TheBlueGamer0 (uuid: 654713d4-034f-41ff-acad-c3b9ced485de): home
[11:56:22] TheBlueGamer0 (uuid: 654713d4-034f-41ff-acad-c3b9ced485de): do /baltop
[11:57:28] TheBlueGamer0 (uuid: 654713d4-034f-41ff-acad-c3b9ced485de): t
[12:43:12] TheBlueGamer0 (uuid: 654713d4-034f-41ff-acad-c3b9ced485de): k bby
[12:47:14] TheBlueGamer0 (uuid: 654713d4-034f-41ff-acad-c3b9ced485de): buying meemee's for 1 ref each, i will item overpay, trade me if interested
[12:47:32] Mrmapl3syrup (uuid: b3f11e18-ff16-45fe-85b7-bb69e73fb17c): THIS ISNT FUCKING TF2
[12:48:31] Mrmapl3syrup (uuid: b3f11e18-ff16-45fe-85b7-bb69e73fb17c): cunt
[12:51:18] Mrmapl3syrup (uuid: b3f11e18-ff16-45fe-85b7-bb69e73fb17c): Rawr x3 nuzzles how are you pounces on you you're so warm o3o notices you have a bulge o: someone's happy :wink: nuzzles your necky wecky~ murr~ hehehe rubbies your bulgy wolgy you're so big :oooo rubbies more on your bulgy wolgy it doesn't stop growing ·/
[12:51:25] Mrmapl3syrup (uuid: b3f11e18-ff16-45fe-85b7-bb69e73fb17c): Rawr x3 nuzzles how are you pounces on you you're so warm o3o notices you have a bulge o: someone's happy :wink: nuzzles your necky wecky~ murr~ hehehe rubbies your bulgy wolgy you're so big :oooo rubbies more on your bulgy wolgy it doesn't stop growing ·
[12:51:57] TheBlueGamer0 (uuid: 654713d4-034f-41ff-acad-c3b9ced485de): owo
[12:52:11] Mrmapl3syrup (uuid: b3f11e18-ff16-45fe-85b7-bb69e73fb17c):  kisses you and lickies your necky daddy likies (; nuzzles wuzzles I hope daddy really likes $: wiggles butt and squirms I want to see your big daddy meat~ wiggles butt I have a little itch o3o wags tail can you please get my itch~ puts paws on your chest
[12:52:34] Mrmapl3syrup (uuid: b3f11e18-ff16-45fe-85b7-bb69e73fb17c): and bites lip like I need to be punished really good~ paws on your bulge as I lick my lips I'm getting thirsty. I can go for some milk unbuttons your pants as my eyes glow you smell so musky :v licks shaft mmmm~ so musky drools all over your cock your dad
[12:53:11] Mrmapl3syrup (uuid: b3f11e18-ff16-45fe-85b7-bb69e73fb17c): daddy meat I like fondles Mr. Fuzzy Balls hehe puts snout on balls and inhales deeply oh god im so hard~ licks balls punish me daddy~ nyea~ squirms more and wiggles butt I love your musky goodness bites lip please punish me licks lips nyea~ suckles on you
[12:53:56] Mrmapl3syrup (uuid: b3f11e18-ff16-45fe-85b7-bb69e73fb17c):  suckles on your tip so good licks pre of your cock salty goodness~ eyes role back and goes balls deep mmmm~ moans and suckles\
[12:54:38] Mrmapl3syrup (uuid: b3f11e18-ff16-45fe-85b7-bb69e73fb17c): hi mi name es giorgio i woerk in potatoe faktory and since mi padre died in a donkey waggon accident i leav mi wife and ugli daughter to become a pro leagueue of leyendaerio player, everydai i watch rainamndio. i just wante to sai thank you veriyi much ra
[12:55:28] Mrmapl3syrup (uuid: b3f11e18-ff16-45fe-85b7-bb69e73fb17c):  i just wante to sai thank you veriyi much rauinmanio i improvd from bronce 5 to wood 7 in just 6 months. plz no copato pasterato dis is onli my life. i ALso killed mi dog. Sorry fo mi bad englando im not NA
[12:56:01] Mrmapl3syrup (uuid: b3f11e18-ff16-45fe-85b7-bb69e73fb17c): ????? ???? ? ?? ?????s ??s??s? ??????, ????? ?????????. ?? ????? ???? ??? ??? ???? ???s ?? ??????????? ?? ??? ??? ?????????? ???? “s??? ???? ????s????” ??? ????? ???s? ???? ??????s ??? ???? ???s s?? ?? ??s?????? ??? ?????????
[12:56:42] Mrmapl3syrup (uuid: b3f11e18-ff16-45fe-85b7-bb69e73fb17c): ??????????? ( ?° ?? ?°)??????????????????????????????????????????????????????????????????? ????????????????????( ?° ?? ?°)?????????????? ( ?° ?? ?°).
[12:57:29] Mrmapl3syrup (uuid: b3f11e18-ff16-45fe-85b7-bb69e73fb17c): cory in the house is not a better anime than king of the hill. for the most part i agree that it is better than king of the hill, but i have several problems with it:season 17 was far too religious for my liking with the whole satanic curse and rapture th
[12:57:51] Mrmapl3syrup (uuid: b3f11e18-ff16-45fe-85b7-bb69e73fb17c): Hello. I am a 15 year old Rhinoceros. The only problem is that my horn on my head is soft and limp. As you may know this is very devastating to a rhino like myself. If there are any rhinos out there that can help me with my problem it would be appreciated
[13:37:54] watermelonman53 (uuid: 26666a91-29a2-487f-bda5-16d4919282a0): boobies
[13:44:19] Mrmapl3syrup (uuid: b3f11e18-ff16-45fe-85b7-bb69e73fb17c): your mic is muted XD
[13:48:35] TheBlueGamer0 (uuid: 654713d4-034f-41ff-acad-c3b9ced485de): maple
[13:48:39] TheBlueGamer0 (uuid: 654713d4-034f-41ff-acad-c3b9ced485de): maple
[15:47:09] Mrmapl3syrup (uuid: b3f11e18-ff16-45fe-85b7-bb69e73fb17c): yo
[15:47:14] TheBlueGamer0 (uuid: 654713d4-034f-41ff-acad-c3b9ced485de): hi
[15:47:14] Mrmapl3syrup (uuid: b3f11e18-ff16-45fe-85b7-bb69e73fb17c): what r u doing :V
[15:47:18] TheBlueGamer0 (uuid: 654713d4-034f-41ff-acad-c3b9ced485de): me?
[15:47:21] Mrmapl3syrup (uuid: b3f11e18-ff16-45fe-85b7-bb69e73fb17c): yes
[15:47:25] TheBlueGamer0 (uuid: 654713d4-034f-41ff-acad-c3b9ced485de): raping babies
[15:47:28] Mrmapl3syrup (uuid: b3f11e18-ff16-45fe-85b7-bb69e73fb17c): same
[15:47:33] Mrmapl3syrup (uuid: b3f11e18-ff16-45fe-85b7-bb69e73fb17c): srsly tho tell me xddddddddddddddd
[15:47:44] Mrmapl3syrup (uuid: b3f11e18-ff16-45fe-85b7-bb69e73fb17c): er ur beaned from me meen crooft seevreer
[15:48:31] Mrmapl3syrup (uuid: b3f11e18-ff16-45fe-85b7-bb69e73fb17c): :O
[15:48:45] TheBlueGamer0 (uuid: 654713d4-034f-41ff-acad-c3b9ced485de): haehehehhe
[15:48:50] Mrmapl3syrup (uuid: b3f11e18-ff16-45fe-85b7-bb69e73fb17c): wat
[15:48:54] TheBlueGamer0 (uuid: 654713d4-034f-41ff-acad-c3b9ced485de): i made a kit clled niggercock
[15:49:04] Mrmapl3syrup (uuid: b3f11e18-ff16-45fe-85b7-bb69e73fb17c): kit niggercock
[15:49:05] TheRealColmagi (uuid: c98c1615-0764-41e1-848d-73152bfabe94): alright you motherfuckers listen up
[15:49:12] TheBlueGamer0 (uuid: 654713d4-034f-41ff-acad-c3b9ced485de): what
[15:49:14] TheRealColmagi (uuid: c98c1615-0764-41e1-848d-73152bfabe94): blue nice spawn
[15:49:17] Mrmapl3syrup (uuid: b3f11e18-ff16-45fe-85b7-bb69e73fb17c): :D
[15:49:18] TheBlueGamer0 (uuid: 654713d4-034f-41ff-acad-c3b9ced485de): ty
[15:49:19] TheRealColmagi (uuid: c98c1615-0764-41e1-848d-73152bfabe94): dont fucking ban ppl or make kits
[15:49:23] TheRealColmagi (uuid: c98c1615-0764-41e1-848d-73152bfabe94): thats my job
[15:49:24] TheBlueGamer0 (uuid: 654713d4-034f-41ff-acad-c3b9ced485de): get in discord
[15:49:27] TheRealColmagi (uuid: c98c1615-0764-41e1-848d-73152bfabe94): no
[15:49:30] TheRealColmagi (uuid: c98c1615-0764-41e1-848d-73152bfabe94): im busy
[15:49:31] TheBlueGamer0 (uuid: 654713d4-034f-41ff-acad-c3b9ced485de): k
[15:49:34] Mrmapl3syrup (uuid: b3f11e18-ff16-45fe-85b7-bb69e73fb17c): ye
[15:49:37] TheRealColmagi (uuid: c98c1615-0764-41e1-848d-73152bfabe94): whats e s h and shit
[15:49:48] TheBlueGamer0 (uuid: 654713d4-034f-41ff-acad-c3b9ced485de): get the worldprtection plugin and do the sign stuff i told ya about
[15:49:49] TheRealColmagi (uuid: c98c1615-0764-41e1-848d-73152bfabe94): are these north south east and west
[15:49:53] TheBlueGamer0 (uuid: 654713d4-034f-41ff-acad-c3b9ced485de): yes
[15:49:58] TheRealColmagi (uuid: c98c1615-0764-41e1-848d-73152bfabe94): ill od the sign stuff rn
[15:50:02] TheBlueGamer0 (uuid: 654713d4-034f-41ff-acad-c3b9ced485de): ty
[15:50:12] TheRealColmagi (uuid: c98c1615-0764-41e1-848d-73152bfabe94): oh yeah maple did they tell u about how i almost fucked us over
[15:50:19] Mrmapl3syrup (uuid: b3f11e18-ff16-45fe-85b7-bb69e73fb17c): no
[15:50:24] TheRealColmagi (uuid: c98c1615-0764-41e1-848d-73152bfabe94): ok so the server went down right
[15:50:32] TheBlueGamer0 (uuid: 654713d4-034f-41ff-acad-c3b9ced485de): i just tld him
[15:50:33] Mrmapl3syrup (uuid: b3f11e18-ff16-45fe-85b7-bb69e73fb17c): mhmm
[15:50:37] TheRealColmagi (uuid: c98c1615-0764-41e1-848d-73152bfabe94): oh ok
[15:50:40] TheBlueGamer0 (uuid: 654713d4-034f-41ff-acad-c3b9ced485de): i just told him
[15:50:43] TheRealColmagi (uuid: c98c1615-0764-41e1-848d-73152bfabe94): nvm bluegamer says he yold u
[15:50:45] TheRealColmagi (uuid: c98c1615-0764-41e1-848d-73152bfabe94): told
[15:50:50] TheBlueGamer0 (uuid: 654713d4-034f-41ff-acad-c3b9ced485de): get in the FUCKING discord
[15:50:53] TheRealColmagi (uuid: c98c1615-0764-41e1-848d-73152bfabe94): no
[15:50:57] TheRealColmagi (uuid: c98c1615-0764-41e1-848d-73152bfabe94): well i will but i wont talk
[15:51:01] Mrmapl3syrup (uuid: b3f11e18-ff16-45fe-85b7-bb69e73fb17c): Colmagi pls join chet
[15:51:03] TheBlueGamer0 (uuid: 654713d4-034f-41ff-acad-c3b9ced485de): k
[15:51:10] Mrmapl3syrup (uuid: b3f11e18-ff16-45fe-85b7-bb69e73fb17c): on discord
[15:51:37] TheRealColmagi (uuid: c98c1615-0764-41e1-848d-73152bfabe94): im not gonna talk
[15:51:40] Mrmapl3syrup (uuid: b3f11e18-ff16-45fe-85b7-bb69e73fb17c): k
[15:51:52] TheRealColmagi (uuid: c98c1615-0764-41e1-848d-73152bfabe94): maybe
[15:51:59] TheRealColmagi (uuid: c98c1615-0764-41e1-848d-73152bfabe94): wtf
[15:52:03] TheRealColmagi (uuid: c98c1615-0764-41e1-848d-73152bfabe94): lmao
[15:52:29] TheRealColmagi (uuid: c98c1615-0764-41e1-848d-73152bfabe94): ill do the sign shit brb
[15:53:16] TheRealColmagi (uuid: c98c1615-0764-41e1-848d-73152bfabe94): done
[15:53:25] TheRealColmagi (uuid: c98c1615-0764-41e1-848d-73152bfabe94): i reloaded the server congifs
[15:53:29] TheRealColmagi (uuid: c98c1615-0764-41e1-848d-73152bfabe94): we dont need to restart
[15:53:40] TheRealColmagi (uuid: c98c1615-0764-41e1-848d-73152bfabe94): but how u get back?
[15:53:52] TheRealColmagi (uuid: c98c1615-0764-41e1-848d-73152bfabe94): also we should sell spawners
[15:54:02] TheRealColmagi (uuid: c98c1615-0764-41e1-848d-73152bfabe94): u fuked up[
[15:54:06] TheRealColmagi (uuid: c98c1615-0764-41e1-848d-73152bfabe94): u need odllar signs
[15:54:08] TheRealColmagi (uuid: c98c1615-0764-41e1-848d-73152bfabe94): dollar
[15:54:31] TheRealColmagi (uuid: c98c1615-0764-41e1-848d-73152bfabe94): hiya bitch
[15:54:37] masteroftheepics (uuid: 4150cd4b-a415-4298-bdc7-c9e330b466cc): hay
[15:54:40] masteroftheepics (uuid: 4150cd4b-a415-4298-bdc7-c9e330b466cc): Hay
[15:54:48] masteroftheepics (uuid: 4150cd4b-a415-4298-bdc7-c9e330b466cc): Lag?
[15:54:52] TheRealColmagi (uuid: c98c1615-0764-41e1-848d-73152bfabe94): ur just bad
[15:55:04] TheRealColmagi (uuid: c98c1615-0764-41e1-848d-73152bfabe94): get badmaner on
[15:55:11] masteroftheepics (uuid: 4150cd4b-a415-4298-bdc7-c9e330b466cc): Hes offline
[15:55:18] TheRealColmagi (uuid: c98c1615-0764-41e1-848d-73152bfabe94): i bet hes ded
[15:55:29] masteroftheepics (uuid: 4150cd4b-a415-4298-bdc7-c9e330b466cc): Who was in my house
[15:56:04] masteroftheepics (uuid: 4150cd4b-a415-4298-bdc7-c9e330b466cc): Who fucking spit all of my redstone and opened the trapdoor
[15:56:18] masteroftheepics (uuid: 4150cd4b-a415-4298-bdc7-c9e330b466cc): And took all my wood
[15:56:56] TheRealColmagi (uuid: c98c1615-0764-41e1-848d-73152bfabe94): idk man selling stone? thats too ez money lol
[15:56:59] TheRealColmagi (uuid: c98c1615-0764-41e1-848d-73152bfabe94): jk lol
[15:57:04] TheBlueGamer0 (uuid: 654713d4-034f-41ff-acad-c3b9ced485de): :/
[15:57:15] TheRealColmagi (uuid: c98c1615-0764-41e1-848d-73152bfabe94): heading back to village
[15:57:37] masteroftheepics (uuid: 4150cd4b-a415-4298-bdc7-c9e330b466cc): Who slit all my redstone and opened thr trapdoor
[15:57:42] masteroftheepics (uuid: 4150cd4b-a415-4298-bdc7-c9e330b466cc): *Split
[15:57:48] masteroftheepics (uuid: 4150cd4b-a415-4298-bdc7-c9e330b466cc): And they took my wood
[15:57:52] TheRealColmagi (uuid: c98c1615-0764-41e1-848d-73152bfabe94): no
[15:57:54] masteroftheepics (uuid: 4150cd4b-a415-4298-bdc7-c9e330b466cc): and they took my food
[15:57:55] TheRealColmagi (uuid: c98c1615-0764-41e1-848d-73152bfabe94): thats only for ops
[15:58:00] TheRealColmagi (uuid: c98c1615-0764-41e1-848d-73152bfabe94): normal ppl cant go to debt
[15:58:04] TheRealColmagi (uuid: c98c1615-0764-41e1-848d-73152bfabe94): they dont have the persm
[15:58:07] TheRealColmagi (uuid: c98c1615-0764-41e1-848d-73152bfabe94): perms
[15:58:08] masteroftheepics (uuid: 4150cd4b-a415-4298-bdc7-c9e330b466cc): and half of my redstone
[15:58:29] masteroftheepics (uuid: 4150cd4b-a415-4298-bdc7-c9e330b466cc): well Im outta ood now
[15:58:34] TheRealColmagi (uuid: c98c1615-0764-41e1-848d-73152bfabe94): ood
[15:58:38] masteroftheepics (uuid: 4150cd4b-a415-4298-bdc7-c9e330b466cc): Food
[15:58:39] Mrmapl3syrup (uuid: b3f11e18-ff16-45fe-85b7-bb69e73fb17c): I can give u food m8
[15:58:46] masteroftheepics (uuid: 4150cd4b-a415-4298-bdc7-c9e330b466cc): I wanna eat kappas
[15:58:54] masteroftheepics (uuid: 4150cd4b-a415-4298-bdc7-c9e330b466cc): Do you have kappas?
[15:58:59] Mrmapl3syrup (uuid: b3f11e18-ff16-45fe-85b7-bb69e73fb17c): sadly no
[15:59:01] TheRealColmagi (uuid: c98c1615-0764-41e1-848d-73152bfabe94): what the fuck are these
[15:59:16] TheRealColmagi (uuid: c98c1615-0764-41e1-848d-73152bfabe94): cobble cobbler?
[15:59:19] TheRealColmagi (uuid: c98c1615-0764-41e1-848d-73152bfabe94): dahell is this shit?
[15:59:31] masteroftheepics (uuid: 4150cd4b-a415-4298-bdc7-c9e330b466cc): Thanks
[15:59:35] TheRealColmagi (uuid: c98c1615-0764-41e1-848d-73152bfabe94): here lies jeebus chrisp?
[16:00:10] TheRealColmagi (uuid: c98c1615-0764-41e1-848d-73152bfabe94): whats this giant cobble block
[16:00:25] masteroftheepics (uuid: 4150cd4b-a415-4298-bdc7-c9e330b466cc): tpa abort
[16:00:30] TheBlueGamer0 (uuid: 654713d4-034f-41ff-acad-c3b9ced485de): not rn
[16:00:37] TheRealColmagi (uuid: c98c1615-0764-41e1-848d-73152bfabe94): male box? STOP ASSUMINGS ITS GENDER
[16:00:39] TheBlueGamer0 (uuid: 654713d4-034f-41ff-acad-c3b9ced485de): im at spawn if you want to be near me
[16:00:40] masteroftheepics (uuid: 4150cd4b-a415-4298-bdc7-c9e330b466cc): Ik it was an acccedint
[16:00:56] TheRealColmagi (uuid: c98c1615-0764-41e1-848d-73152bfabe94): im right here
[16:01:15] masteroftheepics (uuid: 4150cd4b-a415-4298-bdc7-c9e330b466cc): CREEPER
[16:01:20] TheRealColmagi (uuid: c98c1615-0764-41e1-848d-73152bfabe94): where
[16:01:26] masteroftheepics (uuid: 4150cd4b-a415-4298-bdc7-c9e330b466cc): I dont have arrows
[16:01:47] TheRealColmagi (uuid: c98c1615-0764-41e1-848d-73152bfabe94): have u guys been on all day?
[16:01:56] TheRealColmagi (uuid: c98c1615-0764-41e1-848d-73152bfabe94): what the fuck
[16:02:09] TheRealColmagi (uuid: c98c1615-0764-41e1-848d-73152bfabe94): btw i joined the discord during lunch
[16:02:23] TheRealColmagi (uuid: c98c1615-0764-41e1-848d-73152bfabe94): i was trying to say i was at lunch but i guess the message wasnt sent
[16:02:32] TheRealColmagi (uuid: c98c1615-0764-41e1-848d-73152bfabe94): oh ok
[16:02:35] masteroftheepics (uuid: 4150cd4b-a415-4298-bdc7-c9e330b466cc): And tons of people tried saying shit xD
[16:02:41] TheRealColmagi (uuid: c98c1615-0764-41e1-848d-73152bfabe94): derek and hubert
[16:02:42] TheRealColmagi (uuid: c98c1615-0764-41e1-848d-73152bfabe94): xd
[16:03:02] TheRealColmagi (uuid: c98c1615-0764-41e1-848d-73152bfabe94): idfk
[16:03:07] TheRealColmagi (uuid: c98c1615-0764-41e1-848d-73152bfabe94): i was never good at prcies
[16:03:27] masteroftheepics (uuid: 4150cd4b-a415-4298-bdc7-c9e330b466cc): James we need more farms
[16:03:31] TheRealColmagi (uuid: c98c1615-0764-41e1-848d-73152bfabe94): build one then
[16:03:31] masteroftheepics (uuid: 4150cd4b-a415-4298-bdc7-c9e330b466cc): Lets expand the village
[16:04:02] TheRealColmagi (uuid: c98c1615-0764-41e1-848d-73152bfabe94): ill do it chill out
[16:04:22] TheRealColmagi (uuid: c98c1615-0764-41e1-848d-73152bfabe94): i should probably add lockette
[16:04:32] TheRealColmagi (uuid: c98c1615-0764-41e1-848d-73152bfabe94): but make it donator only LOL
[16:04:44] TheRealColmagi (uuid: c98c1615-0764-41e1-848d-73152bfabe94): the server i played on did that
[16:05:01] TheRealColmagi (uuid: c98c1615-0764-41e1-848d-73152bfabe94): lockette is only for keeping ur friends out of ur shit tbh
[16:05:06] TheRealColmagi (uuid: c98c1615-0764-41e1-848d-73152bfabe94): cuz claim does that for you
[16:05:07] TheRealColmagi (uuid: c98c1615-0764-41e1-848d-73152bfabe94): like
[16:05:15] TheRealColmagi (uuid: c98c1615-0764-41e1-848d-73152bfabe94): u dont need lockette if u claim it
[16:05:28] TheRealColmagi (uuid: c98c1615-0764-41e1-848d-73152bfabe94): yeah thats included in the plugin
[16:06:57] TheRealColmagi (uuid: c98c1615-0764-41e1-848d-73152bfabe94): im not sure how to do that lmfao
[16:07:02] TheRealColmagi (uuid: c98c1615-0764-41e1-848d-73152bfabe94): make warp donator only
[16:07:27] TheRealColmagi (uuid: c98c1615-0764-41e1-848d-73152bfabe94): cmon dont limit item blocks to donatros
[16:07:33] TheRealColmagi (uuid: c98c1615-0764-41e1-848d-73152bfabe94): like i can understand spawners
[16:07:36] TheRealColmagi (uuid: c98c1615-0764-41e1-848d-73152bfabe94): but let the noobs buy diamonds
[16:07:52] TheRealColmagi (uuid: c98c1615-0764-41e1-848d-73152bfabe94): i dont htink i can do that
[16:08:15] TheRealColmagi (uuid: c98c1615-0764-41e1-848d-73152bfabe94): oh ok
[16:08:17] watermelonman53 (uuid: 26666a91-29a2-487f-bda5-16d4919282a0): MMMMMMMMMM
[16:12:03] masteroftheepics (uuid: 4150cd4b-a415-4298-bdc7-c9e330b466cc): Can we sleep? The village is explosed rn
[16:12:29] masteroftheepics (uuid: 4150cd4b-a415-4298-bdc7-c9e330b466cc): No fences around
[16:12:35] masteroftheepics (uuid: 4150cd4b-a415-4298-bdc7-c9e330b466cc): no fences areound
[16:12:51] masteroftheepics (uuid: 4150cd4b-a415-4298-bdc7-c9e330b466cc): thnx
[16:12:53] TheBlueGamer0 (uuid: 654713d4-034f-41ff-acad-c3b9ced485de): np
[16:12:55] TheBlueGamer0 (uuid: 654713d4-034f-41ff-acad-c3b9ced485de): np
[16:14:15] TheRealColmagi (uuid: c98c1615-0764-41e1-848d-73152bfabe94): nigGer
[16:14:24] TheBlueGamer0 (uuid: 654713d4-034f-41ff-acad-c3b9ced485de): LOOK ON THE RULES BOARD
[16:14:28] TheRealColmagi (uuid: c98c1615-0764-41e1-848d-73152bfabe94): I DO NOT ASSOCIATE WITH
[16:14:30] TheRealColmagi (uuid: c98c1615-0764-41e1-848d-73152bfabe94): NICKERS
[16:14:43] TheRealColmagi (uuid: c98c1615-0764-41e1-848d-73152bfabe94): what the fuck is that face
[16:14:59] TheRealColmagi (uuid: c98c1615-0764-41e1-848d-73152bfabe94): hell yeah
[16:16:29] TheRealColmagi (uuid: c98c1615-0764-41e1-848d-73152bfabe94): did your knee grow? cuz ur a NEGRO
[16:16:36] masteroftheepics (uuid: 4150cd4b-a415-4298-bdc7-c9e330b466cc): Shut up
[16:16:51] masteroftheepics (uuid: 4150cd4b-a415-4298-bdc7-c9e330b466cc): its a kneegro
[16:17:01] TheRealColmagi (uuid: c98c1615-0764-41e1-848d-73152bfabe94): niggers
[16:18:45] TheRealColmagi (uuid: c98c1615-0764-41e1-848d-73152bfabe94): fuking niggers
[16:19:00] TheRealColmagi (uuid: c98c1615-0764-41e1-848d-73152bfabe94): fucking jews
[16:19:17] TheRealColmagi (uuid: c98c1615-0764-41e1-848d-73152bfabe94): i bet this skull came from a NIGGER
[16:19:27] TheRealColmagi (uuid: c98c1615-0764-41e1-848d-73152bfabe94): i have no life
[16:19:41] TheRealColmagi (uuid: c98c1615-0764-41e1-848d-73152bfabe94): deport the mexicans
[16:19:49] TheRealColmagi (uuid: c98c1615-0764-41e1-848d-73152bfabe94): call him a negro
[16:20:11] masteroftheepics (uuid: 4150cd4b-a415-4298-bdc7-c9e330b466cc): Go to the Airport, Find someone black. He Might have ebola, so send him back.
[16:20:42] TheRealColmagi (uuid: c98c1615-0764-41e1-848d-73152bfabe94): im back
[16:21:00] TheRealColmagi (uuid: c98c1615-0764-41e1-848d-73152bfabe94): i have such good friends
[16:21:03] watermelonman53 (uuid: 26666a91-29a2-487f-bda5-16d4919282a0): SCUNT\
[16:21:32] TheRealColmagi (uuid: c98c1615-0764-41e1-848d-73152bfabe94): kill me
[16:21:35] TheBlueGamer0 (uuid: 654713d4-034f-41ff-acad-c3b9ced485de): you tried
[16:21:45] TheRealColmagi (uuid: c98c1615-0764-41e1-848d-73152bfabe94): welcome back negro
[16:22:04] TheRealColmagi (uuid: c98c1615-0764-41e1-848d-73152bfabe94): gonna go play some clarinet l@ta motherfukers
[16:24:04] masteroftheepics (uuid: 4150cd4b-a415-4298-bdc7-c9e330b466cc): Sleepy?
[16:24:20] masteroftheepics (uuid: 4150cd4b-a415-4298-bdc7-c9e330b466cc): *Snore*
[16:24:27] Mrmapl3syrup (uuid: b3f11e18-ff16-45fe-85b7-bb69e73fb17c): weiner fuck
[16:29:19] TheBlueGamer0 (uuid: 654713d4-034f-41ff-acad-c3b9ced485de): gay
[16:29:29] Mrmapl3syrup (uuid: b3f11e18-ff16-45fe-85b7-bb69e73fb17c): COLMAGI
[16:29:39] masteroftheepics (uuid: 4150cd4b-a415-4298-bdc7-c9e330b466cc): Hes afk
[16:29:43] Mrmapl3syrup (uuid: b3f11e18-ff16-45fe-85b7-bb69e73fb17c): fio9nawinfawoihwa
[16:35:54] masteroftheepics (uuid: 4150cd4b-a415-4298-bdc7-c9e330b466cc): sleepydoo
[16:35:58] masteroftheepics (uuid: 4150cd4b-a415-4298-bdc7-c9e330b466cc): sleepydoo
[16:36:40] masteroftheepics (uuid: 4150cd4b-a415-4298-bdc7-c9e330b466cc): endernigger
[16:36:48] masteroftheepics (uuid: 4150cd4b-a415-4298-bdc7-c9e330b466cc): behind
[16:42:33] masteroftheepics (uuid: 4150cd4b-a415-4298-bdc7-c9e330b466cc): Hi
[16:43:35] Mrmapl3syrup (uuid: b3f11e18-ff16-45fe-85b7-bb69e73fb17c): wank
[16:47:06] masteroftheepics (uuid: 4150cd4b-a415-4298-bdc7-c9e330b466cc): Wala
[16:47:18] Mrmapl3syrup (uuid: b3f11e18-ff16-45fe-85b7-bb69e73fb17c): gtfo outta here
[16:47:24] masteroftheepics (uuid: 4150cd4b-a415-4298-bdc7-c9e330b466cc): Doggy
[16:47:32] ItzGaVinJ (uuid: f850edc1-47c7-4304-86d5-6d7925823832): kys
[16:54:10] masteroftheepics (uuid: 4150cd4b-a415-4298-bdc7-c9e330b466cc): tpa me
[17:02:27] TheBlueGamer0 (uuid: 654713d4-034f-41ff-acad-c3b9ced485de): ./itemdb
[17:06:32] Mrmapl3syrup (uuid: b3f11e18-ff16-45fe-85b7-bb69e73fb17c): get outta here :V
[17:07:55] Mrmapl3syrup (uuid: b3f11e18-ff16-45fe-85b7-bb69e73fb17c): If I see you in our home again ur dead :V
[17:09:57] Mrmapl3syrup (uuid: b3f11e18-ff16-45fe-85b7-bb69e73fb17c): Stop going into my homes
[17:10:04] Mrmapl3syrup (uuid: b3f11e18-ff16-45fe-85b7-bb69e73fb17c): :V
[17:10:10] masteroftheepics (uuid: 4150cd4b-a415-4298-bdc7-c9e330b466cc): I thought this was the blacksmith
[17:10:16] Mrmapl3syrup (uuid: b3f11e18-ff16-45fe-85b7-bb69e73fb17c): :e
[17:10:17] masteroftheepics (uuid: 4150cd4b-a415-4298-bdc7-c9e330b466cc): Wheres the villager here
[17:10:25] Mrmapl3syrup (uuid: b3f11e18-ff16-45fe-85b7-bb69e73fb17c): They are all dead xd
[17:12:40] masteroftheepics (uuid: 4150cd4b-a415-4298-bdc7-c9e330b466cc): Holy fuck
[17:12:45] TheBlueGamer0 (uuid: 654713d4-034f-41ff-acad-c3b9ced485de): ?
[17:12:46] Mrmapl3syrup (uuid: b3f11e18-ff16-45fe-85b7-bb69e73fb17c): ?
[17:12:47] masteroftheepics (uuid: 4150cd4b-a415-4298-bdc7-c9e330b466cc): A creeper spawned in the village well
[17:12:52] TheBlueGamer0 (uuid: 654713d4-034f-41ff-acad-c3b9ced485de): lol
[17:13:11] masteroftheepics (uuid: 4150cd4b-a415-4298-bdc7-c9e330b466cc): got him
[17:14:23] TheRealColmagi (uuid: c98c1615-0764-41e1-848d-73152bfabe94): maple stop stealing people's shit
[17:14:27] Mrmapl3syrup (uuid: b3f11e18-ff16-45fe-85b7-bb69e73fb17c): Im not
[17:14:31] TheRealColmagi (uuid: c98c1615-0764-41e1-848d-73152bfabe94): uh huh
[17:14:36] Mrmapl3syrup (uuid: b3f11e18-ff16-45fe-85b7-bb69e73fb17c): What did I take?
[17:15:02] Mrmapl3syrup (uuid: b3f11e18-ff16-45fe-85b7-bb69e73fb17c): :v
[17:15:02] TheRealColmagi (uuid: c98c1615-0764-41e1-848d-73152bfabe94): maybe it was gavin
[17:15:08] Mrmapl3syrup (uuid: b3f11e18-ff16-45fe-85b7-bb69e73fb17c): I didnt steal anything
[17:15:16] Mrmapl3syrup (uuid: b3f11e18-ff16-45fe-85b7-bb69e73fb17c): I have been busy all day
[17:16:36] TheRealColmagi (uuid: c98c1615-0764-41e1-848d-73152bfabe94): who took the wooden shovel that was named "first weapon
[17:16:45] Mrmapl3syrup (uuid: b3f11e18-ff16-45fe-85b7-bb69e73fb17c): Not me
[17:16:55] Mrmapl3syrup (uuid: b3f11e18-ff16-45fe-85b7-bb69e73fb17c): Why would I take a shovel?
[17:18:18] TheBlueGamer0 (uuid: 654713d4-034f-41ff-acad-c3b9ced485de): i dont think he is hiding it, probably at his base
[17:19:08] TheRealColmagi (uuid: c98c1615-0764-41e1-848d-73152bfabe94): maple hand back his iron
[17:19:21] Mrmapl3syrup (uuid: b3f11e18-ff16-45fe-85b7-bb69e73fb17c): I dont have any iron on me
[17:19:27] TheRealColmagi (uuid: c98c1615-0764-41e1-848d-73152bfabe94): wheres the iron
[17:19:35] Mrmapl3syrup (uuid: b3f11e18-ff16-45fe-85b7-bb69e73fb17c): It was in my old chest
[17:19:46] Mrmapl3syrup (uuid: b3f11e18-ff16-45fe-85b7-bb69e73fb17c): But it disappeared :v
[17:19:54] TheRealColmagi (uuid: c98c1615-0764-41e1-848d-73152bfabe94): chestmaster is fucking broken
[17:20:02] Mrmapl3syrup (uuid: b3f11e18-ff16-45fe-85b7-bb69e73fb17c): ye
[17:20:09] Mrmapl3syrup (uuid: b3f11e18-ff16-45fe-85b7-bb69e73fb17c): chest 1
[17:20:19] TheRealColmagi (uuid: c98c1615-0764-41e1-848d-73152bfabe94): dont use chestmaster
[17:20:24] Mrmapl3syrup (uuid: b3f11e18-ff16-45fe-85b7-bb69e73fb17c): k
[17:20:25] TheRealColmagi (uuid: c98c1615-0764-41e1-848d-73152bfabe94): get ur shit out of it
[17:20:29] Mrmapl3syrup (uuid: b3f11e18-ff16-45fe-85b7-bb69e73fb17c): Alrighty
[17:20:35] TheRealColmagi (uuid: c98c1615-0764-41e1-848d-73152bfabe94): im disabling the plugin for now
[17:20:48] Mrmapl3syrup (uuid: b3f11e18-ff16-45fe-85b7-bb69e73fb17c): lol it kicked me xd
[17:21:13] TheRealColmagi (uuid: c98c1615-0764-41e1-848d-73152bfabe94): maple hand back his items
[17:21:20] Mrmapl3syrup (uuid: b3f11e18-ff16-45fe-85b7-bb69e73fb17c): What items did he lose?
[17:21:26] TheRealColmagi (uuid: c98c1615-0764-41e1-848d-73152bfabe94): iron
[17:21:30] Mrmapl3syrup (uuid: b3f11e18-ff16-45fe-85b7-bb69e73fb17c): How much?
[17:21:50] Mrmapl3syrup (uuid: b3f11e18-ff16-45fe-85b7-bb69e73fb17c): I didnt steal any but, sure il give him the amount he lost
[17:21:58] TheRealColmagi (uuid: c98c1615-0764-41e1-848d-73152bfabe94): maple it was you
[17:22:01] Mrmapl3syrup (uuid: b3f11e18-ff16-45fe-85b7-bb69e73fb17c): We got plenty from like a 2 hour mine
[17:22:02] TheRealColmagi (uuid: c98c1615-0764-41e1-848d-73152bfabe94): bluegamer confirms it
[17:22:19] Mrmapl3syrup (uuid: b3f11e18-ff16-45fe-85b7-bb69e73fb17c): ?
[17:22:33] ItzGaVinJ (uuid: f850edc1-47c7-4304-86d5-6d7925823832): yo cold salami can i have a donator rank?
[17:22:33] TheRealColmagi (uuid: c98c1615-0764-41e1-848d-73152bfabe94): hey
[17:22:34] TheBlueGamer0 (uuid: 654713d4-034f-41ff-acad-c3b9ced485de): the server is supr laggy atm
[17:22:42] TheRealColmagi (uuid: c98c1615-0764-41e1-848d-73152bfabe94): chestmaster is breakin shit
[17:22:43] Mrmapl3syrup (uuid: b3f11e18-ff16-45fe-85b7-bb69e73fb17c): eep
[17:22:47] Mrmapl3syrup (uuid: b3f11e18-ff16-45fe-85b7-bb69e73fb17c): I kno
[17:22:48] TheRealColmagi (uuid: c98c1615-0764-41e1-848d-73152bfabe94): get ur shit out so i can disable it
[17:22:53] Mrmapl3syrup (uuid: b3f11e18-ff16-45fe-85b7-bb69e73fb17c): k
[17:22:57] Mrmapl3syrup (uuid: b3f11e18-ff16-45fe-85b7-bb69e73fb17c): chest 1
[17:23:18] ItzGaVinJ (uuid: f850edc1-47c7-4304-86d5-6d7925823832): hey colmagi, can i get a donator rank for helping BluGamer with the shop?
[17:23:31] TheRealColmagi (uuid: c98c1615-0764-41e1-848d-73152bfabe94): who opped gavin
[17:23:35] ItzGaVinJ (uuid: f850edc1-47c7-4304-86d5-6d7925823832): blu
[17:23:39] Mrmapl3syrup (uuid: b3f11e18-ff16-45fe-85b7-bb69e73fb17c): Blue
[17:23:45] ItzGaVinJ (uuid: f850edc1-47c7-4304-86d5-6d7925823832): so i could help him
[17:23:46] TheBlueGamer0 (uuid: 654713d4-034f-41ff-acad-c3b9ced485de): @?
[17:23:53] TheBlueGamer0 (uuid: 654713d4-034f-41ff-acad-c3b9ced485de): ye
[17:23:59] TheBlueGamer0 (uuid: 654713d4-034f-41ff-acad-c3b9ced485de): i needed is help
[17:24:03] Mrmapl3syrup (uuid: b3f11e18-ff16-45fe-85b7-bb69e73fb17c): chest 2
[17:24:10] TheRealColmagi (uuid: c98c1615-0764-41e1-848d-73152bfabe94): dont move while chest is open
[17:24:16] ItzGaVinJ (uuid: f850edc1-47c7-4304-86d5-6d7925823832): blu did so i could help him
[17:24:32] Mrmapl3syrup (uuid: b3f11e18-ff16-45fe-85b7-bb69e73fb17c): what bout e chest?
[17:24:37] TheRealColmagi (uuid: c98c1615-0764-41e1-848d-73152bfabe94): echest is fine
[17:24:40] TheRealColmagi (uuid: c98c1615-0764-41e1-848d-73152bfabe94): its a diff plugin
[17:24:40] Mrmapl3syrup (uuid: b3f11e18-ff16-45fe-85b7-bb69e73fb17c): k
[17:24:41] TheBlueGamer0 (uuid: 654713d4-034f-41ff-acad-c3b9ced485de):  can you deop gavin, it wnt let me
[17:24:45] ItzGaVinJ (uuid: f850edc1-47c7-4304-86d5-6d7925823832): can i get a donator rank?
[17:25:29] TheBlueGamer0 (uuid: 654713d4-034f-41ff-acad-c3b9ced485de): i still need his help
[17:25:35] TheRealColmagi (uuid: c98c1615-0764-41e1-848d-73152bfabe94): wtf
[17:25:39] TheBlueGamer0 (uuid: 654713d4-034f-41ff-acad-c3b9ced485de): just wait
[17:25:40] ItzGaVinJ (uuid: f850edc1-47c7-4304-86d5-6d7925823832): gamemode 1
[17:25:42] TheRealColmagi (uuid: c98c1615-0764-41e1-848d-73152bfabe94): then why did u tell me to deop him
[17:25:47] Mrmapl3syrup (uuid: b3f11e18-ff16-45fe-85b7-bb69e73fb17c): xd
[17:25:59] TheBlueGamer0 (uuid: 654713d4-034f-41ff-acad-c3b9ced485de): because i didnt think i still needed him
[17:26:01] masteroftheepics (uuid: 4150cd4b-a415-4298-bdc7-c9e330b466cc): Do I have to wake up for it to claim or do i jsut have to get in
[17:26:18] TheRealColmagi (uuid: c98c1615-0764-41e1-848d-73152bfabe94): get in
[17:26:27] masteroftheepics (uuid: 4150cd4b-a415-4298-bdc7-c9e330b466cc): wtf
[17:26:30] masteroftheepics (uuid: 4150cd4b-a415-4298-bdc7-c9e330b466cc): where am i
[17:26:34] TheRealColmagi (uuid: c98c1615-0764-41e1-848d-73152bfabe94): also did u guys get ur shit out of the chests
[17:26:38] Mrmapl3syrup (uuid: b3f11e18-ff16-45fe-85b7-bb69e73fb17c): ye
[17:26:43] masteroftheepics (uuid: 4150cd4b-a415-4298-bdc7-c9e330b466cc): Not bad
[17:26:54] TheRealColmagi (uuid: c98c1615-0764-41e1-848d-73152bfabe94): k
[17:27:01] masteroftheepics (uuid: 4150cd4b-a415-4298-bdc7-c9e330b466cc): I think i just fell thru the floor
[17:27:21] masteroftheepics (uuid: 4150cd4b-a415-4298-bdc7-c9e330b466cc): thnx
[17:28:16] masteroftheepics (uuid: 4150cd4b-a415-4298-bdc7-c9e330b466cc): WAIT
[17:28:18] TheBlueGamer0 (uuid: 654713d4-034f-41ff-acad-c3b9ced485de): rip
[17:29:09] TheRealColmagi (uuid: c98c1615-0764-41e1-848d-73152bfabe94): le server is le back
[17:29:14] TheRealColmagi (uuid: c98c1615-0764-41e1-848d-73152bfabe94): and the plugin is gone
[17:29:21] TheRealColmagi (uuid: c98c1615-0764-41e1-848d-73152bfabe94): and hopefully we wont have lag spikes
[17:31:31] Mrmapl3syrup (uuid: b3f11e18-ff16-45fe-85b7-bb69e73fb17c): Whos iron did I suposedly steal?
[17:36:09] Mrmapl3syrup (uuid: b3f11e18-ff16-45fe-85b7-bb69e73fb17c): wat evidence did you guys have of me stealing anything
[17:39:44] ItzGaVinJ (uuid: f850edc1-47c7-4304-86d5-6d7925823832): Hey Cold Salami, could i do something for you, i really don't know what to do rn
[17:45:13] Mrmapl3syrup (uuid: b3f11e18-ff16-45fe-85b7-bb69e73fb17c): Someone stole our damn water bucket
[17:46:32] Mrmapl3syrup (uuid: b3f11e18-ff16-45fe-85b7-bb69e73fb17c): Magi did u steal my water bucket
[17:48:41] TheBlueGamer0 (uuid: 654713d4-034f-41ff-acad-c3b9ced485de): colmagi
[17:49:07] TheBlueGamer0 (uuid: 654713d4-034f-41ff-acad-c3b9ced485de): the shop is done, give everyone perms to access /bal, and to buy/sell things
[17:49:34] ItzGaVinJ (uuid: f850edc1-47c7-4304-86d5-6d7925823832): Colmagi, i will give you 4 ref if you make me moderator
[17:49:46] Mrmapl3syrup (uuid: b3f11e18-ff16-45fe-85b7-bb69e73fb17c): *laughs in spanish*
[17:50:41] Mrmapl3syrup (uuid: b3f11e18-ff16-45fe-85b7-bb69e73fb17c): Wtf happened to my axe
[17:50:54] TheBlueGamer0 (uuid: 654713d4-034f-41ff-acad-c3b9ced485de): idk
[17:51:14] Mrmapl3syrup (uuid: b3f11e18-ff16-45fe-85b7-bb69e73fb17c): wtf my ask dissapeared
[17:51:18] Mrmapl3syrup (uuid: b3f11e18-ff16-45fe-85b7-bb69e73fb17c): did you take it?
[17:51:28] TheBlueGamer0 (uuid: 654713d4-034f-41ff-acad-c3b9ced485de): COLMAGI, GET A CRATES PLUGIN
[17:51:32] TheBlueGamer0 (uuid: 654713d4-034f-41ff-acad-c3b9ced485de): and no i didnt
[17:51:38] Mrmapl3syrup (uuid: b3f11e18-ff16-45fe-85b7-bb69e73fb17c): damn it
[17:52:37] Mrmapl3syrup (uuid: b3f11e18-ff16-45fe-85b7-bb69e73fb17c): nvm
[17:52:39] Mrmapl3syrup (uuid: b3f11e18-ff16-45fe-85b7-bb69e73fb17c): found it
[17:52:49] Mrmapl3syrup (uuid: b3f11e18-ff16-45fe-85b7-bb69e73fb17c): accidently put it in a chest xd
[17:54:00] watermelonman53 (uuid: 26666a91-29a2-487f-bda5-16d4919282a0): im back dickheads
[17:56:01] Mrmapl3syrup (uuid: b3f11e18-ff16-45fe-85b7-bb69e73fb17c): xd
[17:56:07] TheBlueGamer0 (uuid: 654713d4-034f-41ff-acad-c3b9ced485de): ?
[17:56:16] Mrmapl3syrup (uuid: b3f11e18-ff16-45fe-85b7-bb69e73fb17c): Accidentally sent like 3 tpas xd
[17:56:21] TheBlueGamer0 (uuid: 654713d4-034f-41ff-acad-c3b9ced485de): lol
[18:05:14] Mrmapl3syrup (uuid: b3f11e18-ff16-45fe-85b7-bb69e73fb17c): FUCK YES
[18:05:20] Mrmapl3syrup (uuid: b3f11e18-ff16-45fe-85b7-bb69e73fb17c): Found a water temple!
[18:05:23] Mrmapl3syrup (uuid: b3f11e18-ff16-45fe-85b7-bb69e73fb17c): thingy
[18:06:41] Mrmapl3syrup (uuid: b3f11e18-ff16-45fe-85b7-bb69e73fb17c): I GOT A SPONGE
[18:10:45] ItzGaVinJ (uuid: f850edc1-47c7-4304-86d5-6d7925823832): can you guys not come in my house please?
[18:10:54] ItzGaVinJ (uuid: f850edc1-47c7-4304-86d5-6d7925823832): i'm doing something
[18:10:56] Mrmapl3syrup (uuid: b3f11e18-ff16-45fe-85b7-bb69e73fb17c): k
[18:45:11] ItzGaVinJ (uuid: f850edc1-47c7-4304-86d5-6d7925823832): TPA watermelonman53
[21:04:29] TheRealColmagi (uuid: c98c1615-0764-41e1-848d-73152bfabe94): holy shit
[21:04:40] TheRealColmagi (uuid: c98c1615-0764-41e1-848d-73152bfabe94): ppl are still on? also wtf is with the join msgs
[21:04:51] masteroftheepics (uuid: 4150cd4b-a415-4298-bdc7-c9e330b466cc): hm?
[21:04:53] TheRealColmagi (uuid: c98c1615-0764-41e1-848d-73152bfabe94): what did u fuckheads do
[21:04:56] masteroftheepics (uuid: 4150cd4b-a415-4298-bdc7-c9e330b466cc): Just joined
[21:04:59] TheRealColmagi (uuid: c98c1615-0764-41e1-848d-73152bfabe94): oh ok
[21:05:04] TheRealColmagi (uuid: c98c1615-0764-41e1-848d-73152bfabe94): bluegamer is afk
[21:05:04] masteroftheepics (uuid: 4150cd4b-a415-4298-bdc7-c9e330b466cc): Back from swimming
[21:05:10] TheRealColmagi (uuid: c98c1615-0764-41e1-848d-73152bfabe94): same
[21:05:59] masteroftheepics (uuid: 4150cd4b-a415-4298-bdc7-c9e330b466cc): do u
[21:06:08] masteroftheepics (uuid: 4150cd4b-a415-4298-bdc7-c9e330b466cc): Do umine slower in water
[21:06:11] TheRealColmagi (uuid: c98c1615-0764-41e1-848d-73152bfabe94): yes
[21:09:43] masteroftheepics (uuid: 4150cd4b-a415-4298-bdc7-c9e330b466cc): Does ian make these dank houses himself?
[21:09:43] TheRealColmagi (uuid: c98c1615-0764-41e1-848d-73152bfabe94): ill get that bitch a stick
[21:09:48] TheRealColmagi (uuid: c98c1615-0764-41e1-848d-73152bfabe94): bitches love sticks
[21:16:27] TheRealColmagi (uuid: c98c1615-0764-41e1-848d-73152bfabe94): LOL
[21:16:30] TheRealColmagi (uuid: c98c1615-0764-41e1-848d-73152bfabe94): U DROWNED
[21:16:32] TheRealColmagi (uuid: c98c1615-0764-41e1-848d-73152bfabe94): LIL BITCH
[21:16:37] masteroftheepics (uuid: 4150cd4b-a415-4298-bdc7-c9e330b466cc): My mom came into my room
[21:16:41] TheRealColmagi (uuid: c98c1615-0764-41e1-848d-73152bfabe94): LOL
[21:16:44] TheRealColmagi (uuid: c98c1615-0764-41e1-848d-73152bfabe94): u ded
[21:16:49] masteroftheepics (uuid: 4150cd4b-a415-4298-bdc7-c9e330b466cc): I died near home
[21:17:48] masteroftheepics (uuid: 4150cd4b-a415-4298-bdc7-c9e330b466cc): James
[21:17:51] masteroftheepics (uuid: 4150cd4b-a415-4298-bdc7-c9e330b466cc): James
[21:17:55] masteroftheepics (uuid: 4150cd4b-a415-4298-bdc7-c9e330b466cc): Wanna live with me
[21:19:02] TheRealColmagi (uuid: c98c1615-0764-41e1-848d-73152bfabe94): i think maple is ded
[21:19:09] TheRealColmagi (uuid: c98c1615-0764-41e1-848d-73152bfabe94): also nah gotta stay back and tend to the village
[21:19:14] masteroftheepics (uuid: 4150cd4b-a415-4298-bdc7-c9e330b466cc): Got and oak saplings i can have
[21:19:23] masteroftheepics (uuid: 4150cd4b-a415-4298-bdc7-c9e330b466cc): *any
[21:19:55] masteroftheepics (uuid: 4150cd4b-a415-4298-bdc7-c9e330b466cc): Like my new farm?
[21:20:04] TheRealColmagi (uuid: c98c1615-0764-41e1-848d-73152bfabe94): where
[21:20:11] TheRealColmagi (uuid: c98c1615-0764-41e1-848d-73152bfabe94): oh
[21:20:12] masteroftheepics (uuid: 4150cd4b-a415-4298-bdc7-c9e330b466cc): Right side
[21:20:14] TheRealColmagi (uuid: c98c1615-0764-41e1-848d-73152bfabe94): u made it bigger
[21:20:19] TheRealColmagi (uuid: c98c1615-0764-41e1-848d-73152bfabe94): bigger nigger
[21:20:26] TheRealColmagi (uuid: c98c1615-0764-41e1-848d-73152bfabe94): also wtf
[21:20:33] TheRealColmagi (uuid: c98c1615-0764-41e1-848d-73152bfabe94): this house
[21:21:24] TheRealColmagi (uuid: c98c1615-0764-41e1-848d-73152bfabe94): why
[21:21:31] masteroftheepics (uuid: 4150cd4b-a415-4298-bdc7-c9e330b466cc): aRE THERE THREE TYPES OF TREES
[21:21:35] masteroftheepics (uuid: 4150cd4b-a415-4298-bdc7-c9e330b466cc): Srry
[21:21:40] TheRealColmagi (uuid: c98c1615-0764-41e1-848d-73152bfabe94): theres more
[21:22:29] masteroftheepics (uuid: 4150cd4b-a415-4298-bdc7-c9e330b466cc): Can u get me sum cosmetics n shit plz
[21:22:34] TheRealColmagi (uuid: c98c1615-0764-41e1-848d-73152bfabe94): for what
[21:22:43] masteroftheepics (uuid: 4150cd4b-a415-4298-bdc7-c9e330b466cc): Idk, fun?
[21:22:48] TheRealColmagi (uuid: c98c1615-0764-41e1-848d-73152bfabe94): what game
[21:22:52] TheRealColmagi (uuid: c98c1615-0764-41e1-848d-73152bfabe94): minecraft has no cosmetics
[21:23:01] masteroftheepics (uuid: 4150cd4b-a415-4298-bdc7-c9e330b466cc): Ur wearing a observer
[21:23:07] TheRealColmagi (uuid: c98c1615-0764-41e1-848d-73152bfabe94): u mean /hat?
[21:23:09] TheRealColmagi (uuid: c98c1615-0764-41e1-848d-73152bfabe94): buy a rank
[21:23:10] masteroftheepics (uuid: 4150cd4b-a415-4298-bdc7-c9e330b466cc): mhm
[21:23:14] masteroftheepics (uuid: 4150cd4b-a415-4298-bdc7-c9e330b466cc): aw fuck that
[21:24:34] masteroftheepics (uuid: 4150cd4b-a415-4298-bdc7-c9e330b466cc): I know that wanna move my horse, but idk where
[21:24:46] masteroftheepics (uuid: 4150cd4b-a415-4298-bdc7-c9e330b466cc): I tped to ian but i dont know where that is
[21:26:41] TheRealColmagi (uuid: c98c1615-0764-41e1-848d-73152bfabe94): whayt
[21:26:43] TheRealColmagi (uuid: c98c1615-0764-41e1-848d-73152bfabe94): what
[21:26:53] TheRealColmagi (uuid: c98c1615-0764-41e1-848d-73152bfabe94): bluegamer is at spawn
[21:27:08] masteroftheepics (uuid: 4150cd4b-a415-4298-bdc7-c9e330b466cc): Can i at least have a mod rank or shit
[21:27:10] TheRealColmagi (uuid: c98c1615-0764-41e1-848d-73152bfabe94): when the fuck did it become day
[21:27:16] masteroftheepics (uuid: 4150cd4b-a415-4298-bdc7-c9e330b466cc): I went to bed
[21:27:22] masteroftheepics (uuid: 4150cd4b-a415-4298-bdc7-c9e330b466cc): You two niggers are in crative
[21:27:27] TheRealColmagi (uuid: c98c1615-0764-41e1-848d-73152bfabe94): the reason why i dont give u mod is cuz u fucking cheat in every game
[21:27:33] masteroftheepics (uuid: 4150cd4b-a415-4298-bdc7-c9e330b466cc): ?
[21:27:36] masteroftheepics (uuid: 4150cd4b-a415-4298-bdc7-c9e330b466cc): Not this one
[21:27:41] masteroftheepics (uuid: 4150cd4b-a415-4298-bdc7-c9e330b466cc): Im not allowed to
[21:27:46] masteroftheepics (uuid: 4150cd4b-a415-4298-bdc7-c9e330b466cc): Cuz its not my account
[21:27:49] TheRealColmagi (uuid: c98c1615-0764-41e1-848d-73152bfabe94): yeah but u have a history of cheating therefore i cant make you mod
[21:28:24] masteroftheepics (uuid: 4150cd4b-a415-4298-bdc7-c9e330b466cc): Wow
[21:28:27] TheRealColmagi (uuid: c98c1615-0764-41e1-848d-73152bfabe94): mhm
[21:28:38] masteroftheepics (uuid: 4150cd4b-a415-4298-bdc7-c9e330b466cc): Can u giveme some kind of group?
[21:28:46] TheRealColmagi (uuid: c98c1615-0764-41e1-848d-73152bfabe94): what group
[21:28:49] masteroftheepics (uuid: 4150cd4b-a415-4298-bdc7-c9e330b466cc): Idk
[21:28:52] masteroftheepics (uuid: 4150cd4b-a415-4298-bdc7-c9e330b466cc): Make one
[21:28:59] TheRealColmagi (uuid: c98c1615-0764-41e1-848d-73152bfabe94): steam
[21:29:00] TheRealColmagi (uuid: c98c1615-0764-41e1-848d-73152bfabe94): wtf
[21:29:10] TheCreepingOwl (uuid: 034443c4-9e37-4fb4-acd1-e0b5bcbbeca8): Hey hey
[21:29:10] TheRealColmagi (uuid: c98c1615-0764-41e1-848d-73152bfabe94): wait who dis i forgto
[21:29:11] masteroftheepics (uuid: 4150cd4b-a415-4298-bdc7-c9e330b466cc): no a server group
[21:29:17] TheRealColmagi (uuid: c98c1615-0764-41e1-848d-73152bfabe94): *forgot
[21:29:18] TheCreepingOwl (uuid: 034443c4-9e37-4fb4-acd1-e0b5bcbbeca8): shout
[21:29:22] TheCreepingOwl (uuid: 034443c4-9e37-4fb4-acd1-e0b5bcbbeca8): Hey its me
[21:29:30] TheRealColmagi (uuid: c98c1615-0764-41e1-848d-73152bfabe94): oh abyss?
[21:29:35] TheCreepingOwl (uuid: 034443c4-9e37-4fb4-acd1-e0b5bcbbeca8): You dingle dongle you give me a revovler
[21:29:38] TheRealColmagi (uuid: c98c1615-0764-41e1-848d-73152bfabe94): yeah
[21:29:41] masteroftheepics (uuid: 4150cd4b-a415-4298-bdc7-c9e330b466cc): His name is "me"
[21:29:46] TheRealColmagi (uuid: c98c1615-0764-41e1-848d-73152bfabe94): i got a bunch more ppl on
[21:29:51] TheCreepingOwl (uuid: 034443c4-9e37-4fb4-acd1-e0b5bcbbeca8): Who are you Pics?
[21:29:53] TheRealColmagi (uuid: c98c1615-0764-41e1-848d-73152bfabe94): but its downtime
[21:29:58] TheRealColmagi (uuid: c98c1615-0764-41e1-848d-73152bfabe94): so maple and shorty arent on
[21:30:01] TheCreepingOwl (uuid: 034443c4-9e37-4fb4-acd1-e0b5bcbbeca8): Hey m8, could I get a cool username?
[21:30:01] masteroftheepics (uuid: 4150cd4b-a415-4298-bdc7-c9e330b466cc): A nigger
[21:30:03] masteroftheepics (uuid: 4150cd4b-a415-4298-bdc7-c9e330b466cc): brb
[21:30:18] TheRealColmagi (uuid: c98c1615-0764-41e1-848d-73152bfabe94): ya gotta donate for stuff like this
[21:30:23] TheRealColmagi (uuid: c98c1615-0764-41e1-848d-73152bfabe94): maple donated and now hes top rank
[21:30:29] TheCreepingOwl (uuid: 034443c4-9e37-4fb4-acd1-e0b5bcbbeca8): I gave yo a ref.
[21:30:41] masteroftheepics (uuid: 4150cd4b-a415-4298-bdc7-c9e330b466cc): xD
[21:30:42] TheRealColmagi (uuid: c98c1615-0764-41e1-848d-73152bfabe94): i loaned u aref
[21:30:46] TheRealColmagi (uuid: c98c1615-0764-41e1-848d-73152bfabe94): * a ref
[21:30:51] TheRealColmagi (uuid: c98c1615-0764-41e1-848d-73152bfabe94): u just paid it back
[21:31:02] masteroftheepics (uuid: 4150cd4b-a415-4298-bdc7-c9e330b466cc): ugh if i had my fucking tf2 account
[21:31:02] TheCreepingOwl (uuid: 034443c4-9e37-4fb4-acd1-e0b5bcbbeca8): What if I give you an unusual worth 10keys
[21:31:07] TheRealColmagi (uuid: c98c1615-0764-41e1-848d-73152bfabe94): ill do that
[21:31:09] TheRealColmagi (uuid: c98c1615-0764-41e1-848d-73152bfabe94): give u top rank
[21:31:17] TheCreepingOwl (uuid: 034443c4-9e37-4fb4-acd1-e0b5bcbbeca8): Ha, BITCH NO
[21:31:19] TheRealColmagi (uuid: c98c1615-0764-41e1-848d-73152bfabe94): lol
[21:31:21] TheRealColmagi (uuid: c98c1615-0764-41e1-848d-73152bfabe94): i knew it
[21:31:22] masteroftheepics (uuid: 4150cd4b-a415-4298-bdc7-c9e330b466cc): xD
[21:31:23] TheCreepingOwl (uuid: 034443c4-9e37-4fb4-acd1-e0b5bcbbeca8): Imma sell it for 28dollars
[21:31:31] TheRealColmagi (uuid: c98c1615-0764-41e1-848d-73152bfabe94): mhm
[21:31:40] TheCreepingOwl (uuid: 034443c4-9e37-4fb4-acd1-e0b5bcbbeca8): Thats how much I paid for it
[21:31:43] TheCreepingOwl (uuid: 034443c4-9e37-4fb4-acd1-e0b5bcbbeca8): help
[21:32:21] TheRealColmagi (uuid: c98c1615-0764-41e1-848d-73152bfabe94): what
[21:32:28] masteroftheepics (uuid: 4150cd4b-a415-4298-bdc7-c9e330b466cc):  do /nigger, it makes u black
[21:32:33] TheRealColmagi (uuid: c98c1615-0764-41e1-848d-73152bfabe94): oh i see u got ur starter kit
[21:32:40] TheCreepingOwl (uuid: 034443c4-9e37-4fb4-acd1-e0b5bcbbeca8): I did ! because Im so used to TF2
[21:32:42] TheRealColmagi (uuid: c98c1615-0764-41e1-848d-73152bfabe94): dont listen to theepics hes edgy like that
[21:32:53] TheRealColmagi (uuid: c98c1615-0764-41e1-848d-73152bfabe94): if he yells a bunch of racial slurs lmfao
[21:32:53] TheCreepingOwl (uuid: 034443c4-9e37-4fb4-acd1-e0b5bcbbeca8): BITCH NO
[21:33:02] masteroftheepics (uuid: 4150cd4b-a415-4298-bdc7-c9e330b466cc): uH HUH AND U DONT
[21:33:07] TheRealColmagi (uuid: c98c1615-0764-41e1-848d-73152bfabe94): eks de
[21:33:10] TheCreepingOwl (uuid: 034443c4-9e37-4fb4-acd1-e0b5bcbbeca8): Tell him to suck my cock
[21:33:16] TheRealColmagi (uuid: c98c1615-0764-41e1-848d-73152bfabe94): you can do that
[21:33:22] TheCreepingOwl (uuid: 034443c4-9e37-4fb4-acd1-e0b5bcbbeca8): Hey kid, SUCK MY DICK SUCK MY DICK SUCK MY MOTHERFUCKING DICK
[21:33:29] TheCreepingOwl (uuid: 034443c4-9e37-4fb4-acd1-e0b5bcbbeca8): BITCH DAB
[21:33:38] TheCreepingOwl (uuid: 034443c4-9e37-4fb4-acd1-e0b5bcbbeca8): BITCH DAB BI BI BITCH DAB
[21:34:01] TheCreepingOwl (uuid: 034443c4-9e37-4fb4-acd1-e0b5bcbbeca8): See ya later bitchs.
[21:34:05] TheCreepingOwl (uuid: 034443c4-9e37-4fb4-acd1-e0b5bcbbeca8): Also Magi
[21:34:22] TheCreepingOwl (uuid: 034443c4-9e37-4fb4-acd1-e0b5bcbbeca8): If I give you the unusual you would have to give me Ownership xD
[21:34:36] TheRealColmagi (uuid: c98c1615-0764-41e1-848d-73152bfabe94): lmao nahhhhhhhhhh maybe admin
[21:34:43] TheCreepingOwl (uuid: 034443c4-9e37-4fb4-acd1-e0b5bcbbeca8): Head-Admin
[21:35:29] masteroftheepics (uuid: 4150cd4b-a415-4298-bdc7-c9e330b466cc): cAN U AT LEAST DO SOMETHING FOR THE UNTURNED TIMES?
[21:35:34] masteroftheepics (uuid: 4150cd4b-a415-4298-bdc7-c9e330b466cc): *srry caps
[21:35:37] TheCreepingOwl (uuid: 034443c4-9e37-4fb4-acd1-e0b5bcbbeca8): UNTURNED????
[21:35:41] masteroftheepics (uuid: 4150cd4b-a415-4298-bdc7-c9e330b466cc): Tits
[21:35:42] TheRealColmagi (uuid: c98c1615-0764-41e1-848d-73152bfabe94): unturned was pretty bad ngl
[21:35:47] TheCreepingOwl (uuid: 034443c4-9e37-4fb4-acd1-e0b5bcbbeca8): IM AN UNTURNED ADMIN
[21:35:53] masteroftheepics (uuid: 4150cd4b-a415-4298-bdc7-c9e330b466cc): FUCK YOU
[21:35:53] TheRealColmagi (uuid: c98c1615-0764-41e1-848d-73152bfabe94): just us fucking around and killing ppl
[21:35:54] TheBlueGamer0 (uuid: 654713d4-034f-41ff-acad-c3b9ced485de): im back from the dead
[21:36:01] TheRealColmagi (uuid: c98c1615-0764-41e1-848d-73152bfabe94): hello btich
[21:36:04] TheCreepingOwl (uuid: 034443c4-9e37-4fb4-acd1-e0b5bcbbeca8): OH SHIT Gtg BYE BITCHES
[21:36:06] masteroftheepics (uuid: 4150cd4b-a415-4298-bdc7-c9e330b466cc): I PLAYED LIKE 14K PLUS HOURS
[21:36:09] masteroftheepics (uuid: 4150cd4b-a415-4298-bdc7-c9e330b466cc): AND I WAS BANNED
[21:36:12] TheBlueGamer0 (uuid: 654713d4-034f-41ff-acad-c3b9ced485de): colmagi discord?
[21:36:12] masteroftheepics (uuid: 4150cd4b-a415-4298-bdc7-c9e330b466cc): CUZ IM A NIGGER
[21:36:19] TheRealColmagi (uuid: c98c1615-0764-41e1-848d-73152bfabe94): ehhh fine
[21:36:48] masteroftheepics (uuid: 4150cd4b-a415-4298-bdc7-c9e330b466cc): James tpa
[21:37:09] masteroftheepics (uuid: 4150cd4b-a415-4298-bdc7-c9e330b466cc): I got a bootiful seaside view
[21:37:39] TheRealColmagi (uuid: c98c1615-0764-41e1-848d-73152bfabe94): yah
[21:38:01] TheRealColmagi (uuid: c98c1615-0764-41e1-848d-73152bfabe94): mhm
[21:38:21] TheRealColmagi (uuid: c98c1615-0764-41e1-848d-73152bfabe94): someones vanished
[21:38:31] TheRealColmagi (uuid: c98c1615-0764-41e1-848d-73152bfabe94): sneaky breeky
[21:38:38] TheBlueGamer0 (uuid: 654713d4-034f-41ff-acad-c3b9ced485de): lol
[21:40:19] masteroftheepics (uuid: 4150cd4b-a415-4298-bdc7-c9e330b466cc): James?
[21:40:28] masteroftheepics (uuid: 4150cd4b-a415-4298-bdc7-c9e330b466cc): James?
[21:41:55] TheRealColmagi (uuid: c98c1615-0764-41e1-848d-73152bfabe94): what
[21:42:11] masteroftheepics (uuid: 4150cd4b-a415-4298-bdc7-c9e330b466cc): wanna see dis bootiful seaside view
[21:42:29] masteroftheepics (uuid: 4150cd4b-a415-4298-bdc7-c9e330b466cc): tpa
[21:42:35] masteroftheepics (uuid: 4150cd4b-a415-4298-bdc7-c9e330b466cc): Tpa
[21:42:41] TheRealColmagi (uuid: c98c1615-0764-41e1-848d-73152bfabe94): ik ill work on it
[21:42:42] masteroftheepics (uuid: 4150cd4b-a415-4298-bdc7-c9e330b466cc): and also, my boat just broke... why?
[21:42:51] TheBlueGamer0 (uuid: 654713d4-034f-41ff-acad-c3b9ced485de): idk
[21:43:10] masteroftheepics (uuid: 4150cd4b-a415-4298-bdc7-c9e330b466cc): are boats supposed to be perm?
[21:43:15] TheBlueGamer0 (uuid: 654713d4-034f-41ff-acad-c3b9ced485de): yeah
[21:48:15] TheRealColmagi (uuid: c98c1615-0764-41e1-848d-73152bfabe94): lol
[21:48:25] TheRealColmagi (uuid: c98c1615-0764-41e1-848d-73152bfabe94): im kinda pissed at my friend rn
[21:49:09] masteroftheepics (uuid: 4150cd4b-a415-4298-bdc7-c9e330b466cc): ahh ,no mobs here
[21:51:02] TheRealColmagi (uuid: c98c1615-0764-41e1-848d-73152bfabe94): ey
[21:51:23] TheRealColmagi (uuid: c98c1615-0764-41e1-848d-73152bfabe94): so my ensemble refuses to practice unless i bring chocolate which is fucking retarded
[21:51:25] TheRealColmagi (uuid: c98c1615-0764-41e1-848d-73152bfabe94): so i just lefrt
[21:51:46] TheRealColmagi (uuid: c98c1615-0764-41e1-848d-73152bfabe94): theyre actually not fat
[21:51:56] TheRealColmagi (uuid: c98c1615-0764-41e1-848d-73152bfabe94): one of them swims so i think thats how they burn calories
[21:54:11] TheRealColmagi (uuid: c98c1615-0764-41e1-848d-73152bfabe94): ok i left the group and that scared one of them
[21:54:17] TheRealColmagi (uuid: c98c1615-0764-41e1-848d-73152bfabe94): they said they dont need chocolate lMAO
[21:54:21] TheRealColmagi (uuid: c98c1615-0764-41e1-848d-73152bfabe94): SCARE TACTICS
[21:54:47] TheRealColmagi (uuid: c98c1615-0764-41e1-848d-73152bfabe94): i should probably go code kits but im SO TIRED FROM SWIMMING
[21:59:14] TheRealColmagi (uuid: c98c1615-0764-41e1-848d-73152bfabe94): ok
[21:59:16] TheRealColmagi (uuid: c98c1615-0764-41e1-848d-73152bfabe94): maple
[21:59:22] TheRealColmagi (uuid: c98c1615-0764-41e1-848d-73152bfabe94): try doing /bal
[21:59:40] TheRealColmagi (uuid: c98c1615-0764-41e1-848d-73152bfabe94): can u interact with the signs?
[21:59:41] TheRealColmagi (uuid: c98c1615-0764-41e1-848d-73152bfabe94): shit
[21:59:51] TheRealColmagi (uuid: c98c1615-0764-41e1-848d-73152bfabe94): what does it say
[21:59:54] TheRealColmagi (uuid: c98c1615-0764-41e1-848d-73152bfabe94): ph
[21:59:56] TheRealColmagi (uuid: c98c1615-0764-41e1-848d-73152bfabe94): oh
[22:00:55] TheRealColmagi (uuid: c98c1615-0764-41e1-848d-73152bfabe94): there
[22:01:14] TheRealColmagi (uuid: c98c1615-0764-41e1-848d-73152bfabe94): r u rightclicking
[22:01:17] TheRealColmagi (uuid: c98c1615-0764-41e1-848d-73152bfabe94): IDIOT
[22:01:22] TheRealColmagi (uuid: c98c1615-0764-41e1-848d-73152bfabe94): mhm sure
[22:01:36] TheRealColmagi (uuid: c98c1615-0764-41e1-848d-73152bfabe94): rn maple is the richest
[22:01:47] TheRealColmagi (uuid: c98c1615-0764-41e1-848d-73152bfabe94): we have 11 ppl on
[22:02:07] masteroftheepics (uuid: 4150cd4b-a415-4298-bdc7-c9e330b466cc): THERES IN GAME CURRENCY?
[22:02:16] TheBlueGamer0 (uuid: 654713d4-034f-41ff-acad-c3b9ced485de): yeah
[22:02:41] masteroftheepics (uuid: 4150cd4b-a415-4298-bdc7-c9e330b466cc): IM SELLING NETHERRACK
[22:02:50] TheBlueGamer0 (uuid: 654713d4-034f-41ff-acad-c3b9ced485de): you cant rn
[22:02:55] TheRealColmagi (uuid: c98c1615-0764-41e1-848d-73152bfabe94): lol
[22:02:58] masteroftheepics (uuid: 4150cd4b-a415-4298-bdc7-c9e330b466cc): Fuck
[22:02:58] TheRealColmagi (uuid: c98c1615-0764-41e1-848d-73152bfabe94): sell cobble
[22:03:09] masteroftheepics (uuid: 4150cd4b-a415-4298-bdc7-c9e330b466cc): How? To you or the shop?
[22:03:14] TheRealColmagi (uuid: c98c1615-0764-41e1-848d-73152bfabe94): spawn
[22:03:18] TheBlueGamer0 (uuid: 654713d4-034f-41ff-acad-c3b9ced485de): do /waro shop
[22:03:27] masteroftheepics (uuid: 4150cd4b-a415-4298-bdc7-c9e330b466cc): K thnx
[22:03:27] TheBlueGamer0 (uuid: 654713d4-034f-41ff-acad-c3b9ced485de): /warp
[22:03:44] masteroftheepics (uuid: 4150cd4b-a415-4298-bdc7-c9e330b466cc): i used to have a lot
[22:04:12] masteroftheepics (uuid: 4150cd4b-a415-4298-bdc7-c9e330b466cc): Did bad come on?
[22:04:38] masteroftheepics (uuid: 4150cd4b-a415-4298-bdc7-c9e330b466cc): How do i sell
[22:04:38] TheRealColmagi (uuid: c98c1615-0764-41e1-848d-73152bfabe94): who removed the rules
[22:04:44] TheRealColmagi (uuid: c98c1615-0764-41e1-848d-73152bfabe94): right click
[22:04:51] masteroftheepics (uuid: 4150cd4b-a415-4298-bdc7-c9e330b466cc): I am
[22:05:10] TheRealColmagi (uuid: c98c1615-0764-41e1-848d-73152bfabe94): it should work
[22:05:15] masteroftheepics (uuid: 4150cd4b-a415-4298-bdc7-c9e330b466cc): nope
[22:06:02] masteroftheepics (uuid: 4150cd4b-a415-4298-bdc7-c9e330b466cc): there
[22:06:09] masteroftheepics (uuid: 4150cd4b-a415-4298-bdc7-c9e330b466cc): its glitchy
[22:06:37] TheRealColmagi (uuid: c98c1615-0764-41e1-848d-73152bfabe94): idk
[22:06:42] TheRealColmagi (uuid: c98c1615-0764-41e1-848d-73152bfabe94): i gave the perms
[22:06:44] TheRealColmagi (uuid: c98c1615-0764-41e1-848d-73152bfabe94): maple can do it
[22:06:50] TheRealColmagi (uuid: c98c1615-0764-41e1-848d-73152bfabe94): its just kinda laggy
[22:06:58] masteroftheepics (uuid: 4150cd4b-a415-4298-bdc7-c9e330b466cc): nah u have to be a certain distance
[22:07:11] masteroftheepics (uuid: 4150cd4b-a415-4298-bdc7-c9e330b466cc): here
[22:07:23] TheRealColmagi (uuid: c98c1615-0764-41e1-848d-73152bfabe94): no i did both of em
[22:07:24] masteroftheepics (uuid: 4150cd4b-a415-4298-bdc7-c9e330b466cc): balance
[22:07:25] TheRealColmagi (uuid: c98c1615-0764-41e1-848d-73152bfabe94): wtf
[22:07:28] TheRealColmagi (uuid: c98c1615-0764-41e1-848d-73152bfabe94): what u mean
[22:07:35] masteroftheepics (uuid: 4150cd4b-a415-4298-bdc7-c9e330b466cc): only works when u sell from here
[22:07:46] masteroftheepics (uuid: 4150cd4b-a415-4298-bdc7-c9e330b466cc): when ur too up close, it dosent work
[22:07:56] TheRealColmagi (uuid: c98c1615-0764-41e1-848d-73152bfabe94): dahell?
[22:08:00] TheRealColmagi (uuid: c98c1615-0764-41e1-848d-73152bfabe94): its not chunk based
[22:08:16] TheRealColmagi (uuid: c98c1615-0764-41e1-848d-73152bfabe94): u can cuz its not protected
[22:08:19] TheRealColmagi (uuid: c98c1615-0764-41e1-848d-73152bfabe94): for now
[22:08:45] masteroftheepics (uuid: 4150cd4b-a415-4298-bdc7-c9e330b466cc): Sleeeep
[22:08:48] masteroftheepics (uuid: 4150cd4b-a415-4298-bdc7-c9e330b466cc): Who isnt in creative
[22:08:59] masteroftheepics (uuid: 4150cd4b-a415-4298-bdc7-c9e330b466cc): If u arent flying, fly
[22:09:03] masteroftheepics (uuid: 4150cd4b-a415-4298-bdc7-c9e330b466cc): or enable god
[22:09:12] TheRealColmagi (uuid: c98c1615-0764-41e1-848d-73152bfabe94): maybe the server lags?
[22:09:13] masteroftheepics (uuid: 4150cd4b-a415-4298-bdc7-c9e330b466cc): So it thinks u are in creative
[22:09:28] masteroftheepics (uuid: 4150cd4b-a415-4298-bdc7-c9e330b466cc): thnx
[22:09:38] TheRealColmagi (uuid: c98c1615-0764-41e1-848d-73152bfabe94): dahell?
[22:09:50] TheBlueGamer0 (uuid: 654713d4-034f-41ff-acad-c3b9ced485de): t
[22:12:54] TheBlueGamer0 (uuid: 654713d4-034f-41ff-acad-c3b9ced485de): https://dev.bukkit.org/projects/worldguard
[22:13:25] masteroftheepics (uuid: 4150cd4b-a415-4298-bdc7-c9e330b466cc): Dude
[22:13:30] masteroftheepics (uuid: 4150cd4b-a415-4298-bdc7-c9e330b466cc): Try from a distance
[22:13:39] Mrmapl3syrup (uuid: b3f11e18-ff16-45fe-85b7-bb69e73fb17c): IT still does not work
[22:13:45] Mrmapl3syrup (uuid: b3f11e18-ff16-45fe-85b7-bb69e73fb17c): That only works for selling xd
[22:13:48] masteroftheepics (uuid: 4150cd4b-a415-4298-bdc7-c9e330b466cc): e right there
[22:14:56] TheRealColmagi (uuid: c98c1615-0764-41e1-848d-73152bfabe94): wht
[22:14:58] TheRealColmagi (uuid: c98c1615-0764-41e1-848d-73152bfabe94): WHY
[22:15:02] TheRealColmagi (uuid: c98c1615-0764-41e1-848d-73152bfabe94): does this not work
[22:15:19] TheRealColmagi (uuid: c98c1615-0764-41e1-848d-73152bfabe94): works fine when im opped
[22:15:23] TheRealColmagi (uuid: c98c1615-0764-41e1-848d-73152bfabe94): so itsnot lag
[22:15:25] TheRealColmagi (uuid: c98c1615-0764-41e1-848d-73152bfabe94): its a perm issue
[22:15:26] masteroftheepics (uuid: 4150cd4b-a415-4298-bdc7-c9e330b466cc): You have to sell it riht out of placement reach
[22:15:43] masteroftheepics (uuid: 4150cd4b-a415-4298-bdc7-c9e330b466cc): i think its cuz u have the perms to place stuff here
[22:16:13] TheRealColmagi (uuid: c98c1615-0764-41e1-848d-73152bfabe94): WTf
[22:16:37] TheRealColmagi (uuid: c98c1615-0764-41e1-848d-73152bfabe94): WHAT IS THIS BULLSHIT
[22:16:43] TheRealColmagi (uuid: c98c1615-0764-41e1-848d-73152bfabe94): also i cant build here
[22:16:45] TheRealColmagi (uuid: c98c1615-0764-41e1-848d-73152bfabe94): wtf
[22:16:49] TheRealColmagi (uuid: c98c1615-0764-41e1-848d-73152bfabe94): SPAWN PROTECTION?
[22:16:54] TheRealColmagi (uuid: c98c1615-0764-41e1-848d-73152bfabe94): IS THIS CUZ OF SPAWN PROTECITON
[22:17:12] TheRealColmagi (uuid: c98c1615-0764-41e1-848d-73152bfabe94): IT MIGHT BE SPAWN PROTECTION
[22:17:18] masteroftheepics (uuid: 4150cd4b-a415-4298-bdc7-c9e330b466cc): hm maybe
[22:20:28] TheRealColmagi (uuid: c98c1615-0764-41e1-848d-73152bfabe94): hey i might have to restart the sevrer
[22:20:32] TheRealColmagi (uuid: c98c1615-0764-41e1-848d-73152bfabe94): for spawn proteciton to turn off
[22:21:00] masteroftheepics (uuid: 4150cd4b-a415-4298-bdc7-c9e330b466cc): welp
[22:21:27] TheRealColmagi (uuid: c98c1615-0764-41e1-848d-73152bfabe94): well shit
[22:21:32] TheRealColmagi (uuid: c98c1615-0764-41e1-848d-73152bfabe94): it still doesnt work?
[22:21:35] masteroftheepics (uuid: 4150cd4b-a415-4298-bdc7-c9e330b466cc): wait
[22:21:38] masteroftheepics (uuid: 4150cd4b-a415-4298-bdc7-c9e330b466cc): wait
[22:21:53] TheRealColmagi (uuid: c98c1615-0764-41e1-848d-73152bfabe94): im gonna make a sell sign far away and see if it works
[22:22:07] masteroftheepics (uuid: 4150cd4b-a415-4298-bdc7-c9e330b466cc): Still no
[22:22:49] TheRealColmagi (uuid: c98c1615-0764-41e1-848d-73152bfabe94): whops
[22:23:05] TheRealColmagi (uuid: c98c1615-0764-41e1-848d-73152bfabe94): its spawn protection
[22:23:08] TheRealColmagi (uuid: c98c1615-0764-41e1-848d-73152bfabe94): i can do it here
[22:23:19] masteroftheepics (uuid: 4150cd4b-a415-4298-bdc7-c9e330b466cc): meh
[22:23:20] masteroftheepics (uuid: 4150cd4b-a415-4298-bdc7-c9e330b466cc): meh
[22:23:57] TheRealColmagi (uuid: c98c1615-0764-41e1-848d-73152bfabe94): then how to disable?
[22:25:29] TheRealColmagi (uuid: c98c1615-0764-41e1-848d-73152bfabe94): its spawn protection
[22:25:33] TheRealColmagi (uuid: c98c1615-0764-41e1-848d-73152bfabe94): i just dont know how to turn it off
[22:25:42] masteroftheepics (uuid: 4150cd4b-a415-4298-bdc7-c9e330b466cc): google
[22:25:47] masteroftheepics (uuid: 4150cd4b-a415-4298-bdc7-c9e330b466cc): i can search it up
[22:25:53] TheRealColmagi (uuid: c98c1615-0764-41e1-848d-73152bfabe94): i did
[22:26:27] masteroftheepics (uuid: 4150cd4b-a415-4298-bdc7-c9e330b466cc): server.properties
[22:26:33] masteroftheepics (uuid: 4150cd4b-a415-4298-bdc7-c9e330b466cc): Spawnprotection to 0
[22:29:30] TheRealColmagi (uuid: c98c1615-0764-41e1-848d-73152bfabe94): i think i fixed it
[22:29:32] TheRealColmagi (uuid: c98c1615-0764-41e1-848d-73152bfabe94): come to spawn
[22:29:51] TheRealColmagi (uuid: c98c1615-0764-41e1-848d-73152bfabe94): yay i did something
[22:29:54] TheBlueGamer0 (uuid: 654713d4-034f-41ff-acad-c3b9ced485de): https://dev.bukkit.org/projects/ccrates?gameCategorySlug=bukkit-plugins
[22:30:00] TheRealColmagi (uuid: c98c1615-0764-41e1-848d-73152bfabe94): I FIXED THIS SHIT
[22:30:08] masteroftheepics (uuid: 4150cd4b-a415-4298-bdc7-c9e330b466cc): mhm gud job
[22:31:02] TheRealColmagi (uuid: c98c1615-0764-41e1-848d-73152bfabe94): pbp arena?
[22:31:05] TheRealColmagi (uuid: c98c1615-0764-41e1-848d-73152bfabe94): pvp
[22:31:14] TheRealColmagi (uuid: c98c1615-0764-41e1-848d-73152bfabe94): ill get worldguard
[22:31:27] masteroftheepics (uuid: 4150cd4b-a415-4298-bdc7-c9e330b466cc): No
[22:33:09] TheRealColmagi (uuid: c98c1615-0764-41e1-848d-73152bfabe94): stop selling for a bit so i can reload plugins
[22:33:22] TheRealColmagi (uuid: c98c1615-0764-41e1-848d-73152bfabe94): there
[22:33:24] masteroftheepics (uuid: 4150cd4b-a415-4298-bdc7-c9e330b466cc): LETS SLEEP
[22:33:29] masteroftheepics (uuid: 4150cd4b-a415-4298-bdc7-c9e330b466cc): OR GET INTO GOD
[22:33:31] TheRealColmagi (uuid: c98c1615-0764-41e1-848d-73152bfabe94): worldguard is enabled
[22:33:37] masteroftheepics (uuid: 4150cd4b-a415-4298-bdc7-c9e330b466cc): whats that
[22:33:42] TheRealColmagi (uuid: c98c1615-0764-41e1-848d-73152bfabe94): people cant grief spawn
[22:33:46] masteroftheepics (uuid: 4150cd4b-a415-4298-bdc7-c9e330b466cc): k
[22:33:51] masteroftheepics (uuid: 4150cd4b-a415-4298-bdc7-c9e330b466cc): Can we go to sleep now
[22:34:17] masteroftheepics (uuid: 4150cd4b-a415-4298-bdc7-c9e330b466cc): Thanks
[22:35:12] TheRealColmagi (uuid: c98c1615-0764-41e1-848d-73152bfabe94): thats really fucking cheap
[22:35:19] TheRealColmagi (uuid: c98c1615-0764-41e1-848d-73152bfabe94): like
[22:35:32] TheRealColmagi (uuid: c98c1615-0764-41e1-848d-73152bfabe94): you should be SELLING THEM FOR 1 FOR 1000 OR SOMETHING
[22:35:42] TheRealColmagi (uuid: c98c1615-0764-41e1-848d-73152bfabe94): thats SO FUCKING CHEAP
[22:35:47] TheRealColmagi (uuid: c98c1615-0764-41e1-848d-73152bfabe94): what the HELL
[22:35:58] TheRealColmagi (uuid: c98c1615-0764-41e1-848d-73152bfabe94): AND THE SELL IS THE SAME PRICE? WTF
[22:36:06] TheRealColmagi (uuid: c98c1615-0764-41e1-848d-73152bfabe94): i have a bone to pick with ur prices
[22:36:18] TheRealColmagi (uuid: c98c1615-0764-41e1-848d-73152bfabe94): they're too fuckin cheap
[22:36:21] TheRealColmagi (uuid: c98c1615-0764-41e1-848d-73152bfabe94): for ORES
[22:37:22] TheRealColmagi (uuid: c98c1615-0764-41e1-848d-73152bfabe94): spawn protection has to be huge so ppl dont make dicks next to the spawn
[22:38:10] TheRealColmagi (uuid: c98c1615-0764-41e1-848d-73152bfabe94): ya
[22:38:15] TheRealColmagi (uuid: c98c1615-0764-41e1-848d-73152bfabe94): i forgot the commands brb
[22:43:54] masteroftheepics (uuid: 4150cd4b-a415-4298-bdc7-c9e330b466cc): brb
[22:43:57] masteroftheepics (uuid: 4150cd4b-a415-4298-bdc7-c9e330b466cc): brb
[22:47:29] TheRealColmagi (uuid: c98c1615-0764-41e1-848d-73152bfabe94): ok so non admins cant build or destroy
[22:47:34] TheRealColmagi (uuid: c98c1615-0764-41e1-848d-73152bfabe94): pvp is disabled at spawn
[22:47:45] TheRealColmagi (uuid: c98c1615-0764-41e1-848d-73152bfabe94): u can use containers
[22:47:49] TheRealColmagi (uuid: c98c1615-0764-41e1-848d-73152bfabe94): just cant build
[22:48:34] TheBlueGamer0 (uuid: 654713d4-034f-41ff-acad-c3b9ced485de): get out of god mode plz
[22:48:43] TheRealColmagi (uuid: c98c1615-0764-41e1-848d-73152bfabe94): there
[22:48:45] TheRealColmagi (uuid: c98c1615-0764-41e1-848d-73152bfabe94): try now
[22:48:48] TheBlueGamer0 (uuid: 654713d4-034f-41ff-acad-c3b9ced485de): mkay
[22:48:50] Mrmapl3syrup (uuid: b3f11e18-ff16-45fe-85b7-bb69e73fb17c): cool
[22:48:54] TheRealColmagi (uuid: c98c1615-0764-41e1-848d-73152bfabe94): echest
[22:48:55] TheRealColmagi (uuid: c98c1615-0764-41e1-848d-73152bfabe94): TRY IT
[22:48:58] TheRealColmagi (uuid: c98c1615-0764-41e1-848d-73152bfabe94): IM ABOUT TO SLEEP
[22:48:59] TheBlueGamer0 (uuid: 654713d4-034f-41ff-acad-c3b9ced485de): im dong the spawn protection
[22:49:00] TheRealColmagi (uuid: c98c1615-0764-41e1-848d-73152bfabe94): try oit
[22:49:02] TheRealColmagi (uuid: c98c1615-0764-41e1-848d-73152bfabe94): TRY IT
[22:49:05] Mrmapl3syrup (uuid: b3f11e18-ff16-45fe-85b7-bb69e73fb17c): IT WORKS
[22:49:14] TheRealColmagi (uuid: c98c1615-0764-41e1-848d-73152bfabe94): ok
[22:49:17] TheRealColmagi (uuid: c98c1615-0764-41e1-848d-73152bfabe94): thats all i need to know
[22:49:35] Mrmapl3syrup (uuid: b3f11e18-ff16-45fe-85b7-bb69e73fb17c): THE ENCHANTMANT TABLE AND ENDER CHESTS AT SPAWN DONT WORK
[22:56:45] masteroftheepics (uuid: 4150cd4b-a415-4298-bdc7-c9e330b466cc): Im back niggers
[22:56:49] masteroftheepics (uuid: 4150cd4b-a415-4298-bdc7-c9e330b466cc): Im back niggers
[22:59:30] TheBlueGamer0 (uuid: 654713d4-034f-41ff-acad-c3b9ced485de): maple
[22:59:34] TheBlueGamer0 (uuid: 654713d4-034f-41ff-acad-c3b9ced485de): ugh
[23:00:31] masteroftheepics (uuid: 4150cd4b-a415-4298-bdc7-c9e330b466cc): Nope
[23:12:31] TheBlueGamer0 (uuid: 654713d4-034f-41ff-acad-c3b9ced485de): try to break this
[23:12:38] TheBlueGamer0 (uuid: 654713d4-034f-41ff-acad-c3b9ced485de): ok
[23:12:40] TheBlueGamer0 (uuid: 654713d4-034f-41ff-acad-c3b9ced485de): ty
[23:12:53] TheBlueGamer0 (uuid: 654713d4-034f-41ff-acad-c3b9ced485de): try the enderchest
[23:13:02] masteroftheepics (uuid: 4150cd4b-a415-4298-bdc7-c9e330b466cc): nop
[23:13:03] TheBlueGamer0 (uuid: 654713d4-034f-41ff-acad-c3b9ced485de): no...
[23:13:06] TheBlueGamer0 (uuid: 654713d4-034f-41ff-acad-c3b9ced485de): okay
[23:13:10] TheBlueGamer0 (uuid: 654713d4-034f-41ff-acad-c3b9ced485de): thanks anyways
[23:13:16] TheBlueGamer0 (uuid: 654713d4-034f-41ff-acad-c3b9ced485de): imma get off
[23:13:23] TheBlueGamer0 (uuid: 654713d4-034f-41ff-acad-c3b9ced485de): night
[23:13:26] masteroftheepics (uuid: 4150cd4b-a415-4298-bdc7-c9e330b466cc): night
[23:18:30] masteroftheepics (uuid: 4150cd4b-a415-4298-bdc7-c9e330b466cc): Hey james
