[01:19:33] Mrmapl3syrup (uuid: b3f11e18-ff16-45fe-85b7-bb69e73fb17c): Ey Magi
[01:19:40] Mrmapl3syrup (uuid: b3f11e18-ff16-45fe-85b7-bb69e73fb17c): Magi you afk?
[01:20:17] Mrmapl3syrup (uuid: b3f11e18-ff16-45fe-85b7-bb69e73fb17c): yep xd
[20:37:45] TheRealColmagi (uuid: c98c1615-0764-41e1-848d-73152bfabe94): there
[20:37:50] watermelonman53 (uuid: 26666a91-29a2-487f-bda5-16d4919282a0): awsome
[20:40:16] TheRealColmagi (uuid: c98c1615-0764-41e1-848d-73152bfabe94): hey nerd
[20:40:22] TheRealColmagi (uuid: c98c1615-0764-41e1-848d-73152bfabe94): shorty got legend
[20:40:23] Mrmapl3syrup (uuid: b3f11e18-ff16-45fe-85b7-bb69e73fb17c): yo
[20:40:25] Mrmapl3syrup (uuid: b3f11e18-ff16-45fe-85b7-bb69e73fb17c): ik
[20:40:30] Mrmapl3syrup (uuid: b3f11e18-ff16-45fe-85b7-bb69e73fb17c): in a call wif him xd
[20:40:36] TheRealColmagi (uuid: c98c1615-0764-41e1-848d-73152bfabe94): kek
[20:40:44] Mrmapl3syrup (uuid: b3f11e18-ff16-45fe-85b7-bb69e73fb17c): Do you have a legend kit yet or naw
[20:40:47] TheRealColmagi (uuid: c98c1615-0764-41e1-848d-73152bfabe94): naw
[20:40:49] TheRealColmagi (uuid: c98c1615-0764-41e1-848d-73152bfabe94): i just got home
[20:40:51] Mrmapl3syrup (uuid: b3f11e18-ff16-45fe-85b7-bb69e73fb17c): o
[20:40:57] Mrmapl3syrup (uuid: b3f11e18-ff16-45fe-85b7-bb69e73fb17c): oh mkay
[20:41:04] Mrmapl3syrup (uuid: b3f11e18-ff16-45fe-85b7-bb69e73fb17c): well could u do dat c:
[20:41:09] TheRealColmagi (uuid: c98c1615-0764-41e1-848d-73152bfabe94): sure
[20:41:13] Mrmapl3syrup (uuid: b3f11e18-ff16-45fe-85b7-bb69e73fb17c): yay
[20:47:49] Mrmapl3syrup (uuid: b3f11e18-ff16-45fe-85b7-bb69e73fb17c): wanka
[20:53:11] Who (uuid: f6591220-1b72-4c34-af36-6bae126bd825): it's bak
[20:54:50] Mrmapl3syrup (uuid: b3f11e18-ff16-45fe-85b7-bb69e73fb17c): It is indeed bak
[20:54:51] Who (uuid: f6591220-1b72-4c34-af36-6bae126bd825): what are you skrubs doing
[20:55:01] Mrmapl3syrup (uuid: b3f11e18-ff16-45fe-85b7-bb69e73fb17c): Im messing around xd
[20:55:08] Who (uuid: f6591220-1b72-4c34-af36-6bae126bd825): do you want a stack of diamonds
[20:55:15] Mrmapl3syrup (uuid: b3f11e18-ff16-45fe-85b7-bb69e73fb17c): sur y nut xd
[20:55:22] Who (uuid: f6591220-1b72-4c34-af36-6bae126bd825): haha u thot
[20:55:41] Mrmapl3syrup (uuid: b3f11e18-ff16-45fe-85b7-bb69e73fb17c): I already have 3 stacks xd
[20:55:45] Who (uuid: f6591220-1b72-4c34-af36-6bae126bd825): hak
[20:56:01] Mrmapl3syrup (uuid: b3f11e18-ff16-45fe-85b7-bb69e73fb17c): I bought blocks from the Donator shop
[20:56:05] Who (uuid: f6591220-1b72-4c34-af36-6bae126bd825): wha
[20:56:07] Mrmapl3syrup (uuid: b3f11e18-ff16-45fe-85b7-bb69e73fb17c): Diamond blocks
[20:56:14] Who (uuid: f6591220-1b72-4c34-af36-6bae126bd825): what is
[20:56:19] Who (uuid: f6591220-1b72-4c34-af36-6bae126bd825): shop
[20:56:25] Mrmapl3syrup (uuid: b3f11e18-ff16-45fe-85b7-bb69e73fb17c): do /bal
[20:56:32] Who (uuid: f6591220-1b72-4c34-af36-6bae126bd825): dang $0
[20:56:34] Mrmapl3syrup (uuid: b3f11e18-ff16-45fe-85b7-bb69e73fb17c): Then do /warp shop
[20:56:35] Who (uuid: f6591220-1b72-4c34-af36-6bae126bd825): rich
[20:56:44] Mrmapl3syrup (uuid: b3f11e18-ff16-45fe-85b7-bb69e73fb17c): Bring a bunch of cobble with you
[20:56:50] Mrmapl3syrup (uuid: b3f11e18-ff16-45fe-85b7-bb69e73fb17c): And sell it for mons
[20:56:57] Who (uuid: f6591220-1b72-4c34-af36-6bae126bd825): ka
[20:58:10] Who (uuid: f6591220-1b72-4c34-af36-6bae126bd825): god these prices are dumb
[20:58:18] watermelonman53 (uuid: 26666a91-29a2-487f-bda5-16d4919282a0): finnished
[20:58:19] Mrmapl3syrup (uuid: b3f11e18-ff16-45fe-85b7-bb69e73fb17c): I like them XD
[20:58:19] Who (uuid: f6591220-1b72-4c34-af36-6bae126bd825): bal
[20:58:23] Mrmapl3syrup (uuid: b3f11e18-ff16-45fe-85b7-bb69e73fb17c): Whos Hubert
[20:58:33] Hubert6194 (uuid: 1ae76006-6711-4e06-9e89-a7e9a547fbfd): wtf
[20:58:36] Mrmapl3syrup (uuid: b3f11e18-ff16-45fe-85b7-bb69e73fb17c): o man
[20:58:36] Hubert6194 (uuid: 1ae76006-6711-4e06-9e89-a7e9a547fbfd): james give me legend
[20:58:47] Mrmapl3syrup (uuid: b3f11e18-ff16-45fe-85b7-bb69e73fb17c): Whos hubert?
[20:58:59] Who (uuid: f6591220-1b72-4c34-af36-6bae126bd825): dunno
[20:59:05] Hubert6194 (uuid: 1ae76006-6711-4e06-9e89-a7e9a547fbfd): wheres james tho
[20:59:25] Mrmapl3syrup (uuid: b3f11e18-ff16-45fe-85b7-bb69e73fb17c): why did u punch him
[20:59:31] Who (uuid: f6591220-1b72-4c34-af36-6bae126bd825): why shouldn't i have punched him
[20:59:36] Mrmapl3syrup (uuid: b3f11e18-ff16-45fe-85b7-bb69e73fb17c): cuz its mean
[21:00:19] Who (uuid: f6591220-1b72-4c34-af36-6bae126bd825): im being rude
[21:00:20] Mrmapl3syrup (uuid: b3f11e18-ff16-45fe-85b7-bb69e73fb17c): stop hurting him :o
[21:00:22] Who (uuid: f6591220-1b72-4c34-af36-6bae126bd825): kekify
[21:00:32] Hubert6194 (uuid: 1ae76006-6711-4e06-9e89-a7e9a547fbfd): food?
[21:00:33] Who (uuid: f6591220-1b72-4c34-af36-6bae126bd825): donator
[21:00:36] Hubert6194 (uuid: 1ae76006-6711-4e06-9e89-a7e9a547fbfd): im 3 health
[21:00:44] Mrmapl3syrup (uuid: b3f11e18-ff16-45fe-85b7-bb69e73fb17c): uh
[21:00:45] Hubert6194 (uuid: 1ae76006-6711-4e06-9e89-a7e9a547fbfd): k
[21:00:51] Mrmapl3syrup (uuid: b3f11e18-ff16-45fe-85b7-bb69e73fb17c): y did u kill him D:
[21:01:07] Mrmapl3syrup (uuid: b3f11e18-ff16-45fe-85b7-bb69e73fb17c): hubert
[21:01:13] TheRealColmagi (uuid: c98c1615-0764-41e1-848d-73152bfabe94): dont kill ppl wtf
[21:01:13] Mrmapl3syrup (uuid: b3f11e18-ff16-45fe-85b7-bb69e73fb17c): ima get u shum shtuff
[21:01:15] Mrmapl3syrup (uuid: b3f11e18-ff16-45fe-85b7-bb69e73fb17c): one sec
[21:01:18] TheRealColmagi (uuid: c98c1615-0764-41e1-848d-73152bfabe94): im right here btw
[21:01:20] TheRealColmagi (uuid: c98c1615-0764-41e1-848d-73152bfabe94): im on it
[21:01:21] Who (uuid: f6591220-1b72-4c34-af36-6bae126bd825): kek
[21:01:25] TheRealColmagi (uuid: c98c1615-0764-41e1-848d-73152bfabe94): hes my friend
[21:01:31] Hubert6194 (uuid: 1ae76006-6711-4e06-9e89-a7e9a547fbfd): yeah
[21:01:33] Hubert6194 (uuid: 1ae76006-6711-4e06-9e89-a7e9a547fbfd): im tall btw
[21:01:37] Hubert6194 (uuid: 1ae76006-6711-4e06-9e89-a7e9a547fbfd): they call me the rock
[21:01:41] TheRealColmagi (uuid: c98c1615-0764-41e1-848d-73152bfabe94): also hi who
[21:01:44] Who (uuid: f6591220-1b72-4c34-af36-6bae126bd825): yo
[21:01:55] TheRealColmagi (uuid: c98c1615-0764-41e1-848d-73152bfabe94): i see you are in the spawn
[21:02:01] watermelonman53 (uuid: 26666a91-29a2-487f-bda5-16d4919282a0): How do you get the effects
[21:02:17] TheRealColmagi (uuid: c98c1615-0764-41e1-848d-73152bfabe94): hiya maple
[21:02:20] Mrmapl3syrup (uuid: b3f11e18-ff16-45fe-85b7-bb69e73fb17c): hi
[21:02:23] watermelonman53 (uuid: 26666a91-29a2-487f-bda5-16d4919282a0): How do you get the effects
[21:02:24] Mrmapl3syrup (uuid: b3f11e18-ff16-45fe-85b7-bb69e73fb17c): wheres hubert
[21:02:25] TheRealColmagi (uuid: c98c1615-0764-41e1-848d-73152bfabe94): im still working on the legend kit
[21:02:29] TheRealColmagi (uuid: c98c1615-0764-41e1-848d-73152bfabe94): what effects?
[21:02:37] watermelonman53 (uuid: 26666a91-29a2-487f-bda5-16d4919282a0): in your name
[21:02:37] TheRealColmagi (uuid: c98c1615-0764-41e1-848d-73152bfabe94): ur very nice maple eksde
[21:02:37] Mrmapl3syrup (uuid: b3f11e18-ff16-45fe-85b7-bb69e73fb17c): brb
[21:02:47] Mrmapl3syrup (uuid: b3f11e18-ff16-45fe-85b7-bb69e73fb17c): i hev liek
[21:02:51] Mrmapl3syrup (uuid: b3f11e18-ff16-45fe-85b7-bb69e73fb17c): 834y2348698 diamond xd
[21:02:56] Mrmapl3syrup (uuid: b3f11e18-ff16-45fe-85b7-bb69e73fb17c): i only have two stacks xd
[21:03:11] TheRealColmagi (uuid: c98c1615-0764-41e1-848d-73152bfabe94): btw hubert
[21:03:17] TheRealColmagi (uuid: c98c1615-0764-41e1-848d-73152bfabe94): these guys actually paid for their ranks
[21:03:20] Hubert6194 (uuid: 1ae76006-6711-4e06-9e89-a7e9a547fbfd): oh ok
[21:03:22] Hubert6194 (uuid: 1ae76006-6711-4e06-9e89-a7e9a547fbfd): nvm
[21:03:26] Hubert6194 (uuid: 1ae76006-6711-4e06-9e89-a7e9a547fbfd): do you make money then
[21:03:28] TheRealColmagi (uuid: c98c1615-0764-41e1-848d-73152bfabe94): yeah
[21:03:30] TheRealColmagi (uuid: c98c1615-0764-41e1-848d-73152bfabe94): in a way
[21:03:31] Hubert6194 (uuid: 1ae76006-6711-4e06-9e89-a7e9a547fbfd): wtf
[21:03:35] Mrmapl3syrup (uuid: b3f11e18-ff16-45fe-85b7-bb69e73fb17c): use ! to chat in all chat
[21:03:41] TheRealColmagi (uuid: c98c1615-0764-41e1-848d-73152bfabe94): yeah u gotta do that
[21:03:48] Hubert6194 (uuid: 1ae76006-6711-4e06-9e89-a7e9a547fbfd): ok
[21:03:50] Mrmapl3syrup (uuid: b3f11e18-ff16-45fe-85b7-bb69e73fb17c): Your chatting in near chat
[21:03:56] TheRealColmagi (uuid: c98c1615-0764-41e1-848d-73152bfabe94): ey he did it
[21:04:00] Hubert6194 (uuid: 1ae76006-6711-4e06-9e89-a7e9a547fbfd): wow
[21:04:02] Mrmapl3syrup (uuid: b3f11e18-ff16-45fe-85b7-bb69e73fb17c): I suggest you stay in spawn til day
[21:04:11] Mrmapl3syrup (uuid: b3f11e18-ff16-45fe-85b7-bb69e73fb17c): Or else you will get destroyed by mobs
[21:04:13] TheRealColmagi (uuid: c98c1615-0764-41e1-848d-73152bfabe94): then u can go to my village
[21:04:18] Hubert6194 (uuid: 1ae76006-6711-4e06-9e89-a7e9a547fbfd): yo james how u make these servers and get rich
[21:04:25] TheRealColmagi (uuid: c98c1615-0764-41e1-848d-73152bfabe94): dedication
[21:04:30] Who (uuid: f6591220-1b72-4c34-af36-6bae126bd825): yo
[21:04:30] Hubert6194 (uuid: 1ae76006-6711-4e06-9e89-a7e9a547fbfd): oh wait forgot !
[21:04:32] Mrmapl3syrup (uuid: b3f11e18-ff16-45fe-85b7-bb69e73fb17c): and hotdogs
[21:04:33] TheRealColmagi (uuid: c98c1615-0764-41e1-848d-73152bfabe94): even if u fuck up u gota fix it
[21:04:36] Who (uuid: f6591220-1b72-4c34-af36-6bae126bd825): you spelt "greif" wrong.
[21:04:38] Mrmapl3syrup (uuid: b3f11e18-ff16-45fe-85b7-bb69e73fb17c): LOTS of hotdogs
[21:04:43] Who (uuid: f6591220-1b72-4c34-af36-6bae126bd825): also
[21:04:44] Mrmapl3syrup (uuid: b3f11e18-ff16-45fe-85b7-bb69e73fb17c): Thats Frosty
[21:04:47] Who (uuid: f6591220-1b72-4c34-af36-6bae126bd825): no racism in global chat
[21:04:48] Who (uuid: f6591220-1b72-4c34-af36-6bae126bd825): kek
[21:04:50] Mrmapl3syrup (uuid: b3f11e18-ff16-45fe-85b7-bb69e73fb17c): xd
[21:04:51] Who (uuid: f6591220-1b72-4c34-af36-6bae126bd825): hypocrite
[21:04:52] Mrmapl3syrup (uuid: b3f11e18-ff16-45fe-85b7-bb69e73fb17c): kekkle
[21:05:02] TheRealColmagi (uuid: c98c1615-0764-41e1-848d-73152bfabe94): frosty isnt even on wtf
[21:05:09] Mrmapl3syrup (uuid: b3f11e18-ff16-45fe-85b7-bb69e73fb17c): No but on the rules sign
[21:05:15] Mrmapl3syrup (uuid: b3f11e18-ff16-45fe-85b7-bb69e73fb17c): He spelled Grief wrong xd
[21:05:17] TheRealColmagi (uuid: c98c1615-0764-41e1-848d-73152bfabe94): lol
[21:05:18] TheRealColmagi (uuid: c98c1615-0764-41e1-848d-73152bfabe94): trash
[21:05:20] Who (uuid: f6591220-1b72-4c34-af36-6bae126bd825): where are the fences at village
[21:05:22] TheRealColmagi (uuid: c98c1615-0764-41e1-848d-73152bfabe94): in demoting him
[21:05:25] TheRealColmagi (uuid: c98c1615-0764-41e1-848d-73152bfabe94): jk
[21:05:27] Who (uuid: f6591220-1b72-4c34-af36-6bae126bd825): tho
[21:05:28] TheRealColmagi (uuid: c98c1615-0764-41e1-848d-73152bfabe94): who ur so bad
[21:05:47] Who (uuid: f6591220-1b72-4c34-af36-6bae126bd825): i had 2 eggs
[21:05:49] Who (uuid: f6591220-1b72-4c34-af36-6bae126bd825): i lost a lot
[21:05:57] TheRealColmagi (uuid: c98c1615-0764-41e1-848d-73152bfabe94): lol
[21:06:00] Who (uuid: f6591220-1b72-4c34-af36-6bae126bd825): also this is a high quality spawn
[21:06:03] Who (uuid: f6591220-1b72-4c34-af36-6bae126bd825): kappa
[21:06:10] TheRealColmagi (uuid: c98c1615-0764-41e1-848d-73152bfabe94): bluegamer built it
[21:06:16] TheRealColmagi (uuid: c98c1615-0764-41e1-848d-73152bfabe94): anyways im goin back to make the legend kits
[21:06:20] Mrmapl3syrup (uuid: b3f11e18-ff16-45fe-85b7-bb69e73fb17c): OH I HAS IDEA
[21:06:21] Who (uuid: f6591220-1b72-4c34-af36-6bae126bd825): k
[21:06:24] TheRealColmagi (uuid: c98c1615-0764-41e1-848d-73152bfabe94): oh yeah hubert
[21:06:26] TheRealColmagi (uuid: c98c1615-0764-41e1-848d-73152bfabe94): do /kit starter
[21:06:30] TheRealColmagi (uuid: c98c1615-0764-41e1-848d-73152bfabe94): it should help you out
[21:06:37] Hubert6194 (uuid: 1ae76006-6711-4e06-9e89-a7e9a547fbfd): help im at pool
[21:06:38] Mrmapl3syrup (uuid: b3f11e18-ff16-45fe-85b7-bb69e73fb17c): You could make like a daily bonus
[21:06:45] Mrmapl3syrup (uuid: b3f11e18-ff16-45fe-85b7-bb69e73fb17c): Thats only like 100 dollars xd
[21:06:50] TheRealColmagi (uuid: c98c1615-0764-41e1-848d-73152bfabe94): ithink i need a plugin for that
[21:06:54] Mrmapl3syrup (uuid: b3f11e18-ff16-45fe-85b7-bb69e73fb17c): maybe
[21:06:57] Mrmapl3syrup (uuid: b3f11e18-ff16-45fe-85b7-bb69e73fb17c): who knows
[21:07:01] TheRealColmagi (uuid: c98c1615-0764-41e1-848d-73152bfabe94): lmao who crashed
[21:08:02] TheRealColmagi (uuid: c98c1615-0764-41e1-848d-73152bfabe94): oh yeah u cant pvp in the spawn area
[21:08:06] TheRealColmagi (uuid: c98c1615-0764-41e1-848d-73152bfabe94): and u cant build either
[21:08:06] Hubert6194 (uuid: 1ae76006-6711-4e06-9e89-a7e9a547fbfd): oh
[21:08:09] TheRealColmagi (uuid: c98c1615-0764-41e1-848d-73152bfabe94): ya gotta get pretty far out
[21:08:13] TheRealColmagi (uuid: c98c1615-0764-41e1-848d-73152bfabe94): to escape spawn protection
[21:08:33] TheRealColmagi (uuid: c98c1615-0764-41e1-848d-73152bfabe94): there
[21:08:39] TheRealColmagi (uuid: c98c1615-0764-41e1-848d-73152bfabe94): u can use my old home
[21:08:47] Hubert6194 (uuid: 1ae76006-6711-4e06-9e89-a7e9a547fbfd): this is a hole
[21:08:58] Mrmapl3syrup (uuid: b3f11e18-ff16-45fe-85b7-bb69e73fb17c): WHAT A GREAT OBSERVATION XD
[21:09:52] Mrmapl3syrup (uuid: b3f11e18-ff16-45fe-85b7-bb69e73fb17c): MAGI
[21:10:02] TheRealColmagi (uuid: c98c1615-0764-41e1-848d-73152bfabe94): what
[21:10:03] Mrmapl3syrup (uuid: b3f11e18-ff16-45fe-85b7-bb69e73fb17c): YOU CANT USE THE ENCHANTMENT TABLE IN SPAWN
[21:10:07] TheRealColmagi (uuid: c98c1615-0764-41e1-848d-73152bfabe94): ugh
[21:10:08] Mrmapl3syrup (uuid: b3f11e18-ff16-45fe-85b7-bb69e73fb17c): D:
[21:10:12] TheRealColmagi (uuid: c98c1615-0764-41e1-848d-73152bfabe94): i thought i enabled containers
[21:10:50] Mrmapl3syrup (uuid: b3f11e18-ff16-45fe-85b7-bb69e73fb17c): ey hubert u wanna get to the village fast?
[21:10:55] Hubert6194 (uuid: 1ae76006-6711-4e06-9e89-a7e9a547fbfd): k
[21:10:58] Hubert6194 (uuid: 1ae76006-6711-4e06-9e89-a7e9a547fbfd): k
[21:11:09] Mrmapl3syrup (uuid: b3f11e18-ff16-45fe-85b7-bb69e73fb17c): do /warp village
[21:11:47] TheRealColmagi (uuid: c98c1615-0764-41e1-848d-73152bfabe94): eh ill work on it later gotta do the kits for now
[21:11:51] Mrmapl3syrup (uuid: b3f11e18-ff16-45fe-85b7-bb69e73fb17c): l
[21:11:53] Mrmapl3syrup (uuid: b3f11e18-ff16-45fe-85b7-bb69e73fb17c): k
[21:12:47] Hubert6194 (uuid: 1ae76006-6711-4e06-9e89-a7e9a547fbfd): dank tree house
[21:17:00] Hubert6194 (uuid: 1ae76006-6711-4e06-9e89-a7e9a547fbfd): I cant find my home
[21:17:12] TheRealColmagi (uuid: c98c1615-0764-41e1-848d-73152bfabe94): cuz ur bad
[21:17:16] Mrmapl3syrup (uuid: b3f11e18-ff16-45fe-85b7-bb69e73fb17c): Cant help u with dat xd
[21:17:21] Hubert6194 (uuid: 1ae76006-6711-4e06-9e89-a7e9a547fbfd): james why
[21:17:30] Hubert6194 (uuid: 1ae76006-6711-4e06-9e89-a7e9a547fbfd): do the warpy thingy
[21:17:35] Hubert6194 (uuid: 1ae76006-6711-4e06-9e89-a7e9a547fbfd): to the hole
[21:18:21] TheRealColmagi (uuid: c98c1615-0764-41e1-848d-73152bfabe94): gtg bbl
[21:57:17] TheRealColmagi (uuid: c98c1615-0764-41e1-848d-73152bfabe94): ghey
[21:57:20] watermelonman53 (uuid: 26666a91-29a2-487f-bda5-16d4919282a0): hi
[21:57:27] TheRealColmagi (uuid: c98c1615-0764-41e1-848d-73152bfabe94): sheeit
[21:57:35] watermelonman53 (uuid: 26666a91-29a2-487f-bda5-16d4919282a0): wut\
[21:58:13] TheRealColmagi (uuid: c98c1615-0764-41e1-848d-73152bfabe94): there
[21:58:16] TheRealColmagi (uuid: c98c1615-0764-41e1-848d-73152bfabe94): fak
[21:58:55] TheRealColmagi (uuid: c98c1615-0764-41e1-848d-73152bfabe94): work damn you
[22:00:07] TheRealColmagi (uuid: c98c1615-0764-41e1-848d-73152bfabe94): shittttt
[22:01:29] TheRealColmagi (uuid: c98c1615-0764-41e1-848d-73152bfabe94): GODDAMMIT
[22:03:28] Mrmapl3syrup (uuid: b3f11e18-ff16-45fe-85b7-bb69e73fb17c): YO
[22:03:30] TheRealColmagi (uuid: c98c1615-0764-41e1-848d-73152bfabe94): yo
[22:03:55] Mrmapl3syrup (uuid: b3f11e18-ff16-45fe-85b7-bb69e73fb17c): So whats not working xd
[22:04:15] Mrmapl3syrup (uuid: b3f11e18-ff16-45fe-85b7-bb69e73fb17c): :O
[22:04:19] Mrmapl3syrup (uuid: b3f11e18-ff16-45fe-85b7-bb69e73fb17c): Legendary stufff
[22:04:34] Mrmapl3syrup (uuid: b3f11e18-ff16-45fe-85b7-bb69e73fb17c): uh my Legendary apples are missing texture xd
[22:04:45] TheRealColmagi (uuid: c98c1615-0764-41e1-848d-73152bfabe94): yeah
[22:04:48] TheRealColmagi (uuid: c98c1615-0764-41e1-848d-73152bfabe94): idk why
[22:05:01] TheRealColmagi (uuid: c98c1615-0764-41e1-848d-73152bfabe94): ALSO SHIT
[22:05:05] TheRealColmagi (uuid: c98c1615-0764-41e1-848d-73152bfabe94): IT GAVE U MORE THAN 1 AMROR?
[22:05:10] Mrmapl3syrup (uuid: b3f11e18-ff16-45fe-85b7-bb69e73fb17c): no
[22:05:13] TheRealColmagi (uuid: c98c1615-0764-41e1-848d-73152bfabe94): oh
[22:05:16] TheRealColmagi (uuid: c98c1615-0764-41e1-848d-73152bfabe94): rly?
[22:05:18] Mrmapl3syrup (uuid: b3f11e18-ff16-45fe-85b7-bb69e73fb17c): thats normal diamond xd
[22:05:23] TheRealColmagi (uuid: c98c1615-0764-41e1-848d-73152bfabe94): oh
[22:05:32] TheRealColmagi (uuid: c98c1615-0764-41e1-848d-73152bfabe94): it glitched for me
[22:05:55] Mrmapl3syrup (uuid: b3f11e18-ff16-45fe-85b7-bb69e73fb17c): Also
[22:06:02] TheRealColmagi (uuid: c98c1615-0764-41e1-848d-73152bfabe94): so yeah
[22:06:05] Mrmapl3syrup (uuid: b3f11e18-ff16-45fe-85b7-bb69e73fb17c): sense we are this high do we get all the other rank kits?
[22:06:05] TheRealColmagi (uuid: c98c1615-0764-41e1-848d-73152bfabe94): u get some cool stuff
[22:06:08] TheRealColmagi (uuid: c98c1615-0764-41e1-848d-73152bfabe94): yes
[22:06:12] TheRealColmagi (uuid: c98c1615-0764-41e1-848d-73152bfabe94): you do
[22:06:16] TheRealColmagi (uuid: c98c1615-0764-41e1-848d-73152bfabe94): i just havent made them yet
[22:06:21] Mrmapl3syrup (uuid: b3f11e18-ff16-45fe-85b7-bb69e73fb17c): k
[22:06:44] TheRealColmagi (uuid: c98c1615-0764-41e1-848d-73152bfabe94): so u can go and spawn it in once a day
[22:06:47] TheRealColmagi (uuid: c98c1615-0764-41e1-848d-73152bfabe94): and get free diamond armor
[22:07:04] TheRealColmagi (uuid: c98c1615-0764-41e1-848d-73152bfabe94): actually i should probably make it 2 days
[22:07:33] Mrmapl3syrup (uuid: b3f11e18-ff16-45fe-85b7-bb69e73fb17c): hey uh
[22:07:43] Mrmapl3syrup (uuid: b3f11e18-ff16-45fe-85b7-bb69e73fb17c): Why not add like a Bow to the ranked sets c:
[22:07:51] Mrmapl3syrup (uuid: b3f11e18-ff16-45fe-85b7-bb69e73fb17c): c:
[22:07:52] TheRealColmagi (uuid: c98c1615-0764-41e1-848d-73152bfabe94): cuz bows are lame
[22:07:56] Mrmapl3syrup (uuid: b3f11e18-ff16-45fe-85b7-bb69e73fb17c): :(
[22:07:59] TheRealColmagi (uuid: c98c1615-0764-41e1-848d-73152bfabe94): make ur own
[22:08:07] Mrmapl3syrup (uuid: b3f11e18-ff16-45fe-85b7-bb69e73fb17c): b-b-b-b-b-b-b-bb-b-b-b--b-but
[22:08:12] Mrmapl3syrup (uuid: b3f11e18-ff16-45fe-85b7-bb69e73fb17c): *orgasms*
[22:08:18] TheRealColmagi (uuid: c98c1615-0764-41e1-848d-73152bfabe94): uh k
[22:08:50] watermelonman53 (uuid: 26666a91-29a2-487f-bda5-16d4919282a0): hey magi sorry to bother you but how do you get the odd effects on your name
[22:09:58] TheRealColmagi (uuid: c98c1615-0764-41e1-848d-73152bfabe94):  its §k
[22:10:04] TheRealColmagi (uuid: c98c1615-0764-41e1-848d-73152bfabe94):  its §k k
[22:10:07] TheRealColmagi (uuid: c98c1615-0764-41e1-848d-73152bfabe94): k
[22:10:09] Mrmapl3syrup (uuid: b3f11e18-ff16-45fe-85b7-bb69e73fb17c): uh
[22:10:09] TheRealColmagi (uuid: c98c1615-0764-41e1-848d-73152bfabe94): use k
[22:10:16] TheRealColmagi (uuid: c98c1615-0764-41e1-848d-73152bfabe94):  & k
[22:10:19] TheRealColmagi (uuid: c98c1615-0764-41e1-848d-73152bfabe94): there
[22:10:25] Mrmapl3syrup (uuid: b3f11e18-ff16-45fe-85b7-bb69e73fb17c): §l
[22:10:29] Mrmapl3syrup (uuid: b3f11e18-ff16-45fe-85b7-bb69e73fb17c): &i
[22:10:31] Mrmapl3syrup (uuid: b3f11e18-ff16-45fe-85b7-bb69e73fb17c): e
[22:10:41] Mrmapl3syrup (uuid: b3f11e18-ff16-45fe-85b7-bb69e73fb17c): §llick
[22:10:44] Mrmapl3syrup (uuid: b3f11e18-ff16-45fe-85b7-bb69e73fb17c): LO
[22:10:46] Mrmapl3syrup (uuid: b3f11e18-ff16-45fe-85b7-bb69e73fb17c): :O
[22:10:49] TheRealColmagi (uuid: c98c1615-0764-41e1-848d-73152bfabe94): §LS U C C
[22:11:01] Mrmapl3syrup (uuid: b3f11e18-ff16-45fe-85b7-bb69e73fb17c): §lWEINER
[22:11:01] TheRealColmagi (uuid: c98c1615-0764-41e1-848d-73152bfabe94): §l u wan some fuk
[22:11:14] watermelonman53 (uuid: 26666a91-29a2-487f-bda5-16d4919282a0): did it work\
[22:11:18] TheRealColmagi (uuid: c98c1615-0764-41e1-848d-73152bfabe94): no
[22:11:36] TheRealColmagi (uuid: c98c1615-0764-41e1-848d-73152bfabe94): put §k after ur color code
[22:11:42] TheRealColmagi (uuid: c98c1615-0764-41e1-848d-73152bfabe94): put & k after ur color code
[22:11:49] TheRealColmagi (uuid: c98c1615-0764-41e1-848d-73152bfabe94): and u gotta put letters in for it to work
[22:12:35] Mrmapl3syrup (uuid: b3f11e18-ff16-45fe-85b7-bb69e73fb17c): colmagi
[22:12:38] watermelonman53 (uuid: 26666a91-29a2-487f-bda5-16d4919282a0): now i got it to work
[22:12:40] Mrmapl3syrup (uuid: b3f11e18-ff16-45fe-85b7-bb69e73fb17c): put like a stickynote
[22:12:45] Mrmapl3syrup (uuid: b3f11e18-ff16-45fe-85b7-bb69e73fb17c): on ur laptop saying
[22:12:50] Mrmapl3syrup (uuid: b3f11e18-ff16-45fe-85b7-bb69e73fb17c): DONT TOUCH THIS
[22:12:53] Mrmapl3syrup (uuid: b3f11e18-ff16-45fe-85b7-bb69e73fb17c): thingy
[22:13:21] masteroftheepics (uuid: 4150cd4b-a415-4298-bdc7-c9e330b466cc): Hi
[22:13:24] TheRealColmagi (uuid: c98c1615-0764-41e1-848d-73152bfabe94): CYKA
[22:13:28] TheRealColmagi (uuid: c98c1615-0764-41e1-848d-73152bfabe94): I DO NOT ASSOCIALTE WITH
[22:13:30] TheRealColmagi (uuid: c98c1615-0764-41e1-848d-73152bfabe94): NICKERS
[22:13:39] Mrmapl3syrup (uuid: b3f11e18-ff16-45fe-85b7-bb69e73fb17c): racist!111!!11!
[22:13:53] Mrmapl3syrup (uuid: b3f11e18-ff16-45fe-85b7-bb69e73fb17c): someone 1v1 me xd
[22:13:58] Mrmapl3syrup (uuid: b3f11e18-ff16-45fe-85b7-bb69e73fb17c): not magi tho xd
[22:14:03] watermelonman53 (uuid: 26666a91-29a2-487f-bda5-16d4919282a0): &iDICK
[22:14:08] masteroftheepics (uuid: 4150cd4b-a415-4298-bdc7-c9e330b466cc): Sleep or go itogod
[22:14:09] TheRealColmagi (uuid: c98c1615-0764-41e1-848d-73152bfabe94): gonna buy me a didgeridrongo taunt
[22:14:15] TheRealColmagi (uuid: c98c1615-0764-41e1-848d-73152bfabe94): danks for keys
[22:14:17] Mrmapl3syrup (uuid: b3f11e18-ff16-45fe-85b7-bb69e73fb17c): nice
[22:14:27] masteroftheepics (uuid: 4150cd4b-a415-4298-bdc7-c9e330b466cc): Guys
[22:14:30] masteroftheepics (uuid: 4150cd4b-a415-4298-bdc7-c9e330b466cc): Go into god
[22:14:33] masteroftheepics (uuid: 4150cd4b-a415-4298-bdc7-c9e330b466cc): Or fly
[22:14:35] masteroftheepics (uuid: 4150cd4b-a415-4298-bdc7-c9e330b466cc): or both
[22:14:48] watermelonman53 (uuid: 26666a91-29a2-487f-bda5-16d4919282a0): y
[22:14:53] masteroftheepics (uuid: 4150cd4b-a415-4298-bdc7-c9e330b466cc): So i can make it day
[22:15:04] watermelonman53 (uuid: 26666a91-29a2-487f-bda5-16d4919282a0): ok
[22:15:10] watermelonman53 (uuid: 26666a91-29a2-487f-bda5-16d4919282a0): go ahead
[22:15:17] TheRealColmagi (uuid: c98c1615-0764-41e1-848d-73152bfabe94): or i could sell my current scattergun and buy a prof ks one
[22:15:18] masteroftheepics (uuid: 4150cd4b-a415-4298-bdc7-c9e330b466cc): Are u all flying and in god
[22:15:28] Mrmapl3syrup (uuid: b3f11e18-ff16-45fe-85b7-bb69e73fb17c): ye
[22:15:30] masteroftheepics (uuid: 4150cd4b-a415-4298-bdc7-c9e330b466cc): Somebody isnt
[22:15:40] Mrmapl3syrup (uuid: b3f11e18-ff16-45fe-85b7-bb69e73fb17c): accept my tele
[22:15:40] TheRealColmagi (uuid: c98c1615-0764-41e1-848d-73152bfabe94): but nah spec ks is good enough
[22:15:50] Mrmapl3syrup (uuid: b3f11e18-ff16-45fe-85b7-bb69e73fb17c): prof is best xd
[22:15:53] masteroftheepics (uuid: 4150cd4b-a415-4298-bdc7-c9e330b466cc): james ae u in creative
[22:16:07] Mrmapl3syrup (uuid: b3f11e18-ff16-45fe-85b7-bb69e73fb17c): masteroftheepics accept my tele
[22:16:10] TheRealColmagi (uuid: c98c1615-0764-41e1-848d-73152bfabe94): holy shit when did key prices get so low
[22:16:19] masteroftheepics (uuid: 4150cd4b-a415-4298-bdc7-c9e330b466cc): I need tomake day first tho :(
[22:16:26] Mrmapl3syrup (uuid: b3f11e18-ff16-45fe-85b7-bb69e73fb17c): accept it.
[22:17:06] Mrmapl3syrup (uuid: b3f11e18-ff16-45fe-85b7-bb69e73fb17c): wq_o)HWAH9 WAFW
[22:17:23] Mrmapl3syrup (uuid: b3f11e18-ff16-45fe-85b7-bb69e73fb17c): fix it
[22:17:24] masteroftheepics (uuid: 4150cd4b-a415-4298-bdc7-c9e330b466cc): dood
[22:17:26] Mrmapl3syrup (uuid: b3f11e18-ff16-45fe-85b7-bb69e73fb17c): pls
[22:17:52] Mrmapl3syrup (uuid: b3f11e18-ff16-45fe-85b7-bb69e73fb17c): hey magi
[22:18:04] Mrmapl3syrup (uuid: b3f11e18-ff16-45fe-85b7-bb69e73fb17c): can we sell our own stuff?
[22:23:24] TheRealColmagi (uuid: c98c1615-0764-41e1-848d-73152bfabe94): hmmmmmmmmmmmmmmmmmmmmmmmmmmmmmmmmmmm what should i buy with me keys
[22:23:35] Mrmapl3syrup (uuid: b3f11e18-ff16-45fe-85b7-bb69e73fb17c): idk
[22:23:38] Mrmapl3syrup (uuid: b3f11e18-ff16-45fe-85b7-bb69e73fb17c): buy money XD
[22:23:42] TheRealColmagi (uuid: c98c1615-0764-41e1-848d-73152bfabe94): digeridrongo for sure
[22:23:53] TheRealColmagi (uuid: c98c1615-0764-41e1-848d-73152bfabe94): then assorted individual taunts
[22:23:56] TheRealColmagi (uuid: c98c1615-0764-41e1-848d-73152bfabe94): maybe some stranges
[22:25:21] masteroftheepics (uuid: 4150cd4b-a415-4298-bdc7-c9e330b466cc): I HAVE TO GO NIGGERS BYE
[22:25:30] Mrmapl3syrup (uuid: b3f11e18-ff16-45fe-85b7-bb69e73fb17c): ur gunna geet beened!!1!1
[22:27:32] Mrmapl3syrup (uuid: b3f11e18-ff16-45fe-85b7-bb69e73fb17c): MAGI
[22:27:45] Mrmapl3syrup (uuid: b3f11e18-ff16-45fe-85b7-bb69e73fb17c): PLEASE FIX THE DUMB ENCHANTMENT TABLE AT SPAWN
[22:33:19] watermelonman53 (uuid: 26666a91-29a2-487f-bda5-16d4919282a0): gtg
[22:34:30] TheRealColmagi (uuid: c98c1615-0764-41e1-848d-73152bfabe94): gtg sleep
