[08:38:42] TheRealColmagi (uuid: c98c1615-0764-41e1-848d-73152bfabe94): so it does work
[08:38:50] TheRealColmagi (uuid: c98c1615-0764-41e1-848d-73152bfabe94): hi
[08:38:50] sethgaley (uuid: 8718b9da-4698-4501-850e-4313fff93d4e): yup
[08:38:54] sethgaley (uuid: 8718b9da-4698-4501-850e-4313fff93d4e): hi
[08:38:54] TheRealColmagi (uuid: c98c1615-0764-41e1-848d-73152bfabe94): yeah
[08:39:05] sethgaley (uuid: 8718b9da-4698-4501-850e-4313fff93d4e): how does one shout again
[08:39:07] sethgaley (uuid: 8718b9da-4698-4501-850e-4313fff93d4e): ?
[08:39:09] TheRealColmagi (uuid: c98c1615-0764-41e1-848d-73152bfabe94): exclamation mark
[08:39:12] TheRealColmagi (uuid: c98c1615-0764-41e1-848d-73152bfabe94): hi
[08:39:17] sethgaley (uuid: 8718b9da-4698-4501-850e-4313fff93d4e): thx
[08:39:21] TheRealColmagi (uuid: c98c1615-0764-41e1-848d-73152bfabe94): np
[08:39:28] sethgaley (uuid: 8718b9da-4698-4501-850e-4313fff93d4e): pizza?
[08:39:36] TheRealColmagi (uuid: c98c1615-0764-41e1-848d-73152bfabe94): lol
[08:39:48] TheRealColmagi (uuid: c98c1615-0764-41e1-848d-73152bfabe94): it was a joke with a friend
[08:39:58] sethgaley (uuid: 8718b9da-4698-4501-850e-4313fff93d4e): cool
[08:40:36] TheRealColmagi (uuid: c98c1615-0764-41e1-848d-73152bfabe94): nice base here
[08:40:41] sethgaley (uuid: 8718b9da-4698-4501-850e-4313fff93d4e): thx
[08:41:43] TheRealColmagi (uuid: c98c1615-0764-41e1-848d-73152bfabe94): lol i forgot u could fly
[08:41:50] sethgaley (uuid: 8718b9da-4698-4501-850e-4313fff93d4e): me too
[08:42:49] TheRealColmagi (uuid: c98c1615-0764-41e1-848d-73152bfabe94): hmm
[08:42:55] TheRealColmagi (uuid: c98c1615-0764-41e1-848d-73152bfabe94): when was the first time u got on
[08:42:58] TheRealColmagi (uuid: c98c1615-0764-41e1-848d-73152bfabe94): aka the only time
[08:43:06] sethgaley (uuid: 8718b9da-4698-4501-850e-4313fff93d4e): a while ago
[08:43:17] TheRealColmagi (uuid: c98c1615-0764-41e1-848d-73152bfabe94): ok
[08:43:22] TheRealColmagi (uuid: c98c1615-0764-41e1-848d-73152bfabe94): do u have a home set here
[08:43:26] sethgaley (uuid: 8718b9da-4698-4501-850e-4313fff93d4e): yes
[08:43:32] TheRealColmagi (uuid: c98c1615-0764-41e1-848d-73152bfabe94): k can u warp spawn real quick
[08:43:37] sethgaley (uuid: 8718b9da-4698-4501-850e-4313fff93d4e): yup
[08:43:47] TheRealColmagi (uuid: c98c1615-0764-41e1-848d-73152bfabe94): cmere
[08:44:04] TheRealColmagi (uuid: c98c1615-0764-41e1-848d-73152bfabe94): when u buy an xp bottle
[08:44:08] sethgaley (uuid: 8718b9da-4698-4501-850e-4313fff93d4e): ok
[08:44:09] TheRealColmagi (uuid: c98c1615-0764-41e1-848d-73152bfabe94): does it give u the item
[08:44:17] sethgaley (uuid: 8718b9da-4698-4501-850e-4313fff93d4e): 1 sec
[08:44:26] sethgaley (uuid: 8718b9da-4698-4501-850e-4313fff93d4e): balance
[08:44:35] TheRealColmagi (uuid: c98c1615-0764-41e1-848d-73152bfabe94): wat
[08:44:38] TheRealColmagi (uuid: c98c1615-0764-41e1-848d-73152bfabe94): do /bal
[08:44:42] sethgaley (uuid: 8718b9da-4698-4501-850e-4313fff93d4e): no
[08:44:46] sethgaley (uuid: 8718b9da-4698-4501-850e-4313fff93d4e): it does not
[08:44:51] TheRealColmagi (uuid: c98c1615-0764-41e1-848d-73152bfabe94): hmmmm
[08:44:52] TheRealColmagi (uuid: c98c1615-0764-41e1-848d-73152bfabe94): it works for me
[08:44:55] sethgaley (uuid: 8718b9da-4698-4501-850e-4313fff93d4e): nor does it take any money
[08:45:01] TheRealColmagi (uuid: c98c1615-0764-41e1-848d-73152bfabe94): can u buy anything?
[08:45:14] sethgaley (uuid: 8718b9da-4698-4501-850e-4313fff93d4e): no
[08:45:17] TheRealColmagi (uuid: c98c1615-0764-41e1-848d-73152bfabe94): then this is a perms issue hold on
[08:45:32] sethgaley (uuid: 8718b9da-4698-4501-850e-4313fff93d4e): discord?
[08:48:12] TheRealColmagi (uuid: c98c1615-0764-41e1-848d-73152bfabe94): it might be some sort of spawn protection?
[08:48:14] sethgaley (uuid: 8718b9da-4698-4501-850e-4313fff93d4e): james?
[08:48:18] sethgaley (uuid: 8718b9da-4698-4501-850e-4313fff93d4e): ok
[08:48:21] TheRealColmagi (uuid: c98c1615-0764-41e1-848d-73152bfabe94): uh sure but im not gonna talk
[08:48:31] sethgaley (uuid: 8718b9da-4698-4501-850e-4313fff93d4e): well, i cant buy anything here at all
[08:48:35] TheRealColmagi (uuid: c98c1615-0764-41e1-848d-73152bfabe94): hold on
[08:48:44] TheRealColmagi (uuid: c98c1615-0764-41e1-848d-73152bfabe94): ill test for perm issue
[08:49:00] TheRealColmagi (uuid: c98c1615-0764-41e1-848d-73152bfabe94): then ill see a way to disable spawn protection since i have a seperate antigrief plugin
[08:49:20] TheRealColmagi (uuid: c98c1615-0764-41e1-848d-73152bfabe94): ok hol don
[08:49:24] TheRealColmagi (uuid: c98c1615-0764-41e1-848d-73152bfabe94): lag incoming
[08:49:37] TheRealColmagi (uuid: c98c1615-0764-41e1-848d-73152bfabe94): try now
[08:52:45] sethgaley (uuid: 8718b9da-4698-4501-850e-4313fff93d4e): brb
[08:55:11] TheRealColmagi (uuid: c98c1615-0764-41e1-848d-73152bfabe94): it still doesnt work
[08:55:13] TheRealColmagi (uuid: c98c1615-0764-41e1-848d-73152bfabe94): wtf
[08:55:25] TheRealColmagi (uuid: c98c1615-0764-41e1-848d-73152bfabe94): i deopped myself and set my rank to default so i could try
[09:01:52] TheRealColmagi (uuid: c98c1615-0764-41e1-848d-73152bfabe94): yayyyyyyyyyy
[09:02:14] TheRealColmagi (uuid: c98c1615-0764-41e1-848d-73152bfabe94): do /delhome
[09:07:04] TheRealColmagi (uuid: c98c1615-0764-41e1-848d-73152bfabe94): gtg
[09:42:04] sethgaley (uuid: 8718b9da-4698-4501-850e-4313fff93d4e): gtg
[10:00:07] Optivat_YT (uuid: 061f9ad6-a6fb-45da-8990-73890f965939): Hi colmagi
[10:33:17] TheRealColmagi (uuid: c98c1615-0764-41e1-848d-73152bfabe94): hi
[10:33:24] Optivat_YT (uuid: 061f9ad6-a6fb-45da-8990-73890f965939): hi
[10:33:31] Optivat_YT (uuid: 061f9ad6-a6fb-45da-8990-73890f965939): dont judge what I am doing
[10:33:41] TheRealColmagi (uuid: c98c1615-0764-41e1-848d-73152bfabe94): oi m8
[10:34:23] TheRealColmagi (uuid: c98c1615-0764-41e1-848d-73152bfabe94): lol xd i fixed the shops
[10:34:27] Optivat_YT (uuid: 061f9ad6-a6fb-45da-8990-73890f965939): ik
[10:34:33] Optivat_YT (uuid: 061f9ad6-a6fb-45da-8990-73890f965939): I bought a lot of slim
[10:34:34] Optivat_YT (uuid: 061f9ad6-a6fb-45da-8990-73890f965939): e
[10:35:15] TheRealColmagi (uuid: c98c1615-0764-41e1-848d-73152bfabe94): pizza delivery
[10:58:28] TheRealColmagi (uuid: c98c1615-0764-41e1-848d-73152bfabe94): waow whats this
[10:58:30] Optivat_YT (uuid: 061f9ad6-a6fb-45da-8990-73890f965939): brb
[10:58:38] TheRealColmagi (uuid: c98c1615-0764-41e1-848d-73152bfabe94): :(
[11:15:05] TheRealColmagi (uuid: c98c1615-0764-41e1-848d-73152bfabe94): ay yo
[11:15:13] Optivat_YT (uuid: 061f9ad6-a6fb-45da-8990-73890f965939): wadd up
[11:15:22] Optivat_YT (uuid: 061f9ad6-a6fb-45da-8990-73890f965939): this is my 4x4 piston door
[11:15:22] TheRealColmagi (uuid: c98c1615-0764-41e1-848d-73152bfabe94): u see me with that landing
[11:16:08] TheRealColmagi (uuid: c98c1615-0764-41e1-848d-73152bfabe94): zoom zoom
[11:16:19] TheRealColmagi (uuid: c98c1615-0764-41e1-848d-73152bfabe94): knock knock
[11:16:22] TheRealColmagi (uuid: c98c1615-0764-41e1-848d-73152bfabe94): let me in
[11:16:28] Optivat_YT (uuid: 061f9ad6-a6fb-45da-8990-73890f965939): wait
[11:17:06] TheRealColmagi (uuid: c98c1615-0764-41e1-848d-73152bfabe94): lol
[11:17:15] TheRealColmagi (uuid: c98c1615-0764-41e1-848d-73152bfabe94): does the elytra make a convincing ender dragon
[11:17:50] TheRealColmagi (uuid: c98c1615-0764-41e1-848d-73152bfabe94): hey i think ive made one of these b4
[11:17:52] TheRealColmagi (uuid: c98c1615-0764-41e1-848d-73152bfabe94): no wait
[11:18:00] TheRealColmagi (uuid: c98c1615-0764-41e1-848d-73152bfabe94): it was a revolving 3x3 piston door
[11:18:09] TheRealColmagi (uuid: c98c1615-0764-41e1-848d-73152bfabe94): why does this one look so complex for a 2x2
[11:18:14] TheRealColmagi (uuid: c98c1615-0764-41e1-848d-73152bfabe94): like the 3x3 is more compact
[11:18:21] TheRealColmagi (uuid: c98c1615-0764-41e1-848d-73152bfabe94): no wait
[11:18:25] TheRealColmagi (uuid: c98c1615-0764-41e1-848d-73152bfabe94): its a 4x4 lol
[11:18:27] TheRealColmagi (uuid: c98c1615-0764-41e1-848d-73152bfabe94): im stupid
[11:18:43] TheRealColmagi (uuid: c98c1615-0764-41e1-848d-73152bfabe94): that looks nice
[11:18:52] TheRealColmagi (uuid: c98c1615-0764-41e1-848d-73152bfabe94): but theres like 2 pistons that stick in the wall and it looks weird
[11:19:00] TheRealColmagi (uuid: c98c1615-0764-41e1-848d-73152bfabe94): furnaces
[11:19:01] TheRealColmagi (uuid: c98c1615-0764-41e1-848d-73152bfabe94): actually
[11:19:03] TheRealColmagi (uuid: c98c1615-0764-41e1-848d-73152bfabe94): why tho
[11:19:13] TheRealColmagi (uuid: c98c1615-0764-41e1-848d-73152bfabe94): why furnaces lol
[11:19:16] Optivat_YT (uuid: 061f9ad6-a6fb-45da-8990-73890f965939): it has to be a unmoveable block there
[11:19:21] TheRealColmagi (uuid: c98c1615-0764-41e1-848d-73152bfabe94): oh like obsidian
[11:19:29] Optivat_YT (uuid: 061f9ad6-a6fb-45da-8990-73890f965939): it would mess up everything if I remove
[11:20:53] TheRealColmagi (uuid: c98c1615-0764-41e1-848d-73152bfabe94): now hide it all
[11:20:54] TheRealColmagi (uuid: c98c1615-0764-41e1-848d-73152bfabe94): gl
[11:25:29] TheRealColmagi (uuid: c98c1615-0764-41e1-848d-73152bfabe94): OH
[11:25:30] TheRealColmagi (uuid: c98c1615-0764-41e1-848d-73152bfabe94): OH
[11:25:31] TheRealColmagi (uuid: c98c1615-0764-41e1-848d-73152bfabe94): OH
[11:25:32] TheRealColmagi (uuid: c98c1615-0764-41e1-848d-73152bfabe94): OH
[11:25:33] TheRealColmagi (uuid: c98c1615-0764-41e1-848d-73152bfabe94): OH
[11:31:27] TheRealColmagi (uuid: c98c1615-0764-41e1-848d-73152bfabe94): does it say oh or bh
[11:31:39] Optivat_YT (uuid: 061f9ad6-a6fb-45da-8990-73890f965939): oh
[11:31:42] TheRealColmagi (uuid: c98c1615-0764-41e1-848d-73152bfabe94): k
[11:31:54] Optivat_YT (uuid: 061f9ad6-a6fb-45da-8990-73890f965939): O H = Optivat's Home
[11:32:02] TheRealColmagi (uuid: c98c1615-0764-41e1-848d-73152bfabe94): k
[11:33:05] Optivat_YT (uuid: 061f9ad6-a6fb-45da-8990-73890f965939): got to eat, brb
[11:33:09] TheRealColmagi (uuid: c98c1615-0764-41e1-848d-73152bfabe94): k
[11:58:40] Optivat_YT (uuid: 061f9ad6-a6fb-45da-8990-73890f965939): hello
[12:08:07] TheRealColmagi (uuid: c98c1615-0764-41e1-848d-73152bfabe94): hi
[12:10:27] TheRealColmagi (uuid: c98c1615-0764-41e1-848d-73152bfabe94): hehe xd
[12:24:45] Optivat_YT (uuid: 061f9ad6-a6fb-45da-8990-73890f965939): get on discord
[12:24:50] Optivat_YT (uuid: 061f9ad6-a6fb-45da-8990-73890f965939): plz?
[12:24:51] TheRealColmagi (uuid: c98c1615-0764-41e1-848d-73152bfabe94): neIN
[12:24:54] TheRealColmagi (uuid: c98c1615-0764-41e1-848d-73152bfabe94): SIG HEIL
[12:24:55] Optivat_YT (uuid: 061f9ad6-a6fb-45da-8990-73890f965939): :(
[12:25:00] Optivat_YT (uuid: 061f9ad6-a6fb-45da-8990-73890f965939): ????
[12:25:21] TheRealColmagi (uuid: c98c1615-0764-41e1-848d-73152bfabe94): SIG HEIL
[12:25:28] Optivat_YT (uuid: 061f9ad6-a6fb-45da-8990-73890f965939): ?????????????????????????????????
[12:33:10] Optivat_YT (uuid: 061f9ad6-a6fb-45da-8990-73890f965939): thinking is stressful
[12:33:13] TheRealColmagi (uuid: c98c1615-0764-41e1-848d-73152bfabe94): 1saem
[12:33:15] TheRealColmagi (uuid: c98c1615-0764-41e1-848d-73152bfabe94): same
[16:38:27] Optivat_YT (uuid: 061f9ad6-a6fb-45da-8990-73890f965939): LOOK I AM
[16:42:39] WendadonPlayz_YT (uuid: cb30c930-c6c8-450f-a5fe-80d4cc292106): hi
[16:42:41] TheRealColmagi (uuid: c98c1615-0764-41e1-848d-73152bfabe94): ayyy lmao
[16:42:44] TheRealColmagi (uuid: c98c1615-0764-41e1-848d-73152bfabe94): sup
[16:42:50] Optivat_YT (uuid: 061f9ad6-a6fb-45da-8990-73890f965939): ayyyyyyyyyyyyyyyyyyy waddup
[16:43:04] WendadonPlayz_YT (uuid: cb30c930-c6c8-450f-a5fe-80d4cc292106): optivat spent $11000 on me it was very nice of him
[16:43:07] TheRealColmagi (uuid: c98c1615-0764-41e1-848d-73152bfabe94): lol
[16:43:11] TheRealColmagi (uuid: c98c1615-0764-41e1-848d-73152bfabe94): here
[16:43:15] Optivat_YT (uuid: 061f9ad6-a6fb-45da-8990-73890f965939): here what
[16:43:17] TheRealColmagi (uuid: c98c1615-0764-41e1-848d-73152bfabe94): pizza delivery
[16:44:15] TheRealColmagi (uuid: c98c1615-0764-41e1-848d-73152bfabe94): stacked
[16:44:17] TheRealColmagi (uuid: c98c1615-0764-41e1-848d-73152bfabe94): on exp
[16:44:40] Optivat_YT (uuid: 061f9ad6-a6fb-45da-8990-73890f965939): I am broke now
[16:44:46] Optivat_YT (uuid: 061f9ad6-a6fb-45da-8990-73890f965939): can I have some money XD
[16:44:56] TheRealColmagi (uuid: c98c1615-0764-41e1-848d-73152bfabe94): no handouts
[16:45:02] Optivat_YT (uuid: 061f9ad6-a6fb-45da-8990-73890f965939): :(
[16:45:08] TheRealColmagi (uuid: c98c1615-0764-41e1-848d-73152bfabe94): u still have 9k
[16:45:12] Optivat_YT (uuid: 061f9ad6-a6fb-45da-8990-73890f965939): shhhhh
[16:45:35] TheRealColmagi (uuid: c98c1615-0764-41e1-848d-73152bfabe94): y dont u just hook it up to a button
[16:45:41] TheRealColmagi (uuid: c98c1615-0764-41e1-848d-73152bfabe94): that way u dont have to manually close it
[16:45:43] Optivat_YT (uuid: 061f9ad6-a6fb-45da-8990-73890f965939): shhh
[16:48:23] WendadonPlayz_YT (uuid: cb30c930-c6c8-450f-a5fe-80d4cc292106): can i build my own house :DDD
[16:48:35] Optivat_YT (uuid: 061f9ad6-a6fb-45da-8990-73890f965939): build it somewhere else not here
[16:48:35] TheRealColmagi (uuid: c98c1615-0764-41e1-848d-73152bfabe94): ask optivat
[16:48:38] WendadonPlayz_YT (uuid: cb30c930-c6c8-450f-a5fe-80d4cc292106): ok
[16:52:58] TheRealColmagi (uuid: c98c1615-0764-41e1-848d-73152bfabe94): w0t if i made a factions server
[16:56:29] WendadonPlayz_YT (uuid: cb30c930-c6c8-450f-a5fe-80d4cc292106): colmagi we found something
[16:56:33] WendadonPlayz_YT (uuid: cb30c930-c6c8-450f-a5fe-80d4cc292106): tp to us
[16:56:34] TheRealColmagi (uuid: c98c1615-0764-41e1-848d-73152bfabe94): oh yeah
[16:56:36] TheRealColmagi (uuid: c98c1615-0764-41e1-848d-73152bfabe94): i know this
[16:56:47] TheRealColmagi (uuid: c98c1615-0764-41e1-848d-73152bfabe94): the guy who lived in this house burned my treehouse
[16:57:00] TheRealColmagi (uuid: c98c1615-0764-41e1-848d-73152bfabe94): so maple, shorty, and bluegamer got revenge
[16:57:06] WendadonPlayz_YT (uuid: cb30c930-c6c8-450f-a5fe-80d4cc292106): oh
[16:57:08] WendadonPlayz_YT (uuid: cb30c930-c6c8-450f-a5fe-80d4cc292106): cool
[16:57:14] TheRealColmagi (uuid: c98c1615-0764-41e1-848d-73152bfabe94): unfortunately the new plugins prevent fire spreading
[16:57:22] TheRealColmagi (uuid: c98c1615-0764-41e1-848d-73152bfabe94): but i added those after my tree was burned
[16:57:30] TheRealColmagi (uuid: c98c1615-0764-41e1-848d-73152bfabe94): its over there
[16:57:40] TheRealColmagi (uuid: c98c1615-0764-41e1-848d-73152bfabe94): did u see the docks
[16:57:47] WendadonPlayz_YT (uuid: cb30c930-c6c8-450f-a5fe-80d4cc292106): yeah
[16:58:05] WendadonPlayz_YT (uuid: cb30c930-c6c8-450f-a5fe-80d4cc292106): why did he grief ur treehouse
[16:58:08] TheRealColmagi (uuid: c98c1615-0764-41e1-848d-73152bfabe94): idk why
[16:58:26] WendadonPlayz_YT (uuid: cb30c930-c6c8-450f-a5fe-80d4cc292106): optivat is blocked out of his own house
[16:58:32] WendadonPlayz_YT (uuid: cb30c930-c6c8-450f-a5fe-80d4cc292106): he told me on skype
[16:58:35] Optivat_YT (uuid: 061f9ad6-a6fb-45da-8990-73890f965939): redstone sucks
[16:58:36] WendadonPlayz_YT (uuid: cb30c930-c6c8-450f-a5fe-80d4cc292106): idk how to help :P
[16:58:50] TheRealColmagi (uuid: c98c1615-0764-41e1-848d-73152bfabe94): this is why u use buttons
[16:58:57] Optivat_YT (uuid: 061f9ad6-a6fb-45da-8990-73890f965939): SHUT UP
[16:59:11] TheRealColmagi (uuid: c98c1615-0764-41e1-848d-73152bfabe94): OOOH THATS BEING RUDE TO STAFF INSTANT PERMBAN
[16:59:12] TheRealColmagi (uuid: c98c1615-0764-41e1-848d-73152bfabe94): jk
[16:59:28] Optivat_YT (uuid: 061f9ad6-a6fb-45da-8990-73890f965939): Is the a builder rank
[16:59:32] TheRealColmagi (uuid: c98c1615-0764-41e1-848d-73152bfabe94): ya
[16:59:41] Optivat_YT (uuid: 061f9ad6-a6fb-45da-8990-73890f965939): can I sign up to be one
[16:59:43] WendadonPlayz_YT (uuid: cb30c930-c6c8-450f-a5fe-80d4cc292106): lol he was talking to me but that was funny
[16:59:54] TheRealColmagi (uuid: c98c1615-0764-41e1-848d-73152bfabe94): oh lol
[17:00:10] TheRealColmagi (uuid: c98c1615-0764-41e1-848d-73152bfabe94): also i dont really need builders rn
[17:00:14] Optivat_YT (uuid: 061f9ad6-a6fb-45da-8990-73890f965939): can I be a builder rank
[17:00:15] TheRealColmagi (uuid: c98c1615-0764-41e1-848d-73152bfabe94): nothing to work on
[17:00:15] WendadonPlayz_YT (uuid: cb30c930-c6c8-450f-a5fe-80d4cc292106): oh nvm he just told me it was for y
[17:00:19] WendadonPlayz_YT (uuid: cb30c930-c6c8-450f-a5fe-80d4cc292106): u*
[17:00:28] Optivat_YT (uuid: 061f9ad6-a6fb-45da-8990-73890f965939): Can I try out
[17:00:39] TheRealColmagi (uuid: c98c1615-0764-41e1-848d-73152bfabe94): it doesnt do anything except give u worldedit
[17:00:39] Optivat_YT (uuid: 061f9ad6-a6fb-45da-8990-73890f965939): ....
[17:00:52] Optivat_YT (uuid: 061f9ad6-a6fb-45da-8990-73890f965939): oh...?
[17:01:12] Optivat_YT (uuid: 061f9ad6-a6fb-45da-8990-73890f965939): I thought it gives world edit and access to creative and survival mode....
[17:01:28] Optivat_YT (uuid: 061f9ad6-a6fb-45da-8990-73890f965939): That is fine by me
[17:01:34] Optivat_YT (uuid: 061f9ad6-a6fb-45da-8990-73890f965939): I thought it gives world edit and access to creative and survival mode....
[17:01:37] Optivat_YT (uuid: 061f9ad6-a6fb-45da-8990-73890f965939): That is fine by me
[17:01:44] TheRealColmagi (uuid: c98c1615-0764-41e1-848d-73152bfabe94): also all the legend perms
[17:01:50] TheRealColmagi (uuid: c98c1615-0764-41e1-848d-73152bfabe94): soooo i think u have to be legend first
[17:01:51] Optivat_YT (uuid: 061f9ad6-a6fb-45da-8990-73890f965939): ?
[17:02:05] TheRealColmagi (uuid: c98c1615-0764-41e1-848d-73152bfabe94): unless we need builders and u are some sort of god builder
[17:02:21] TheRealColmagi (uuid: c98c1615-0764-41e1-848d-73152bfabe94): but we dont since spawn has everything
[17:02:24] Optivat_YT (uuid: 061f9ad6-a6fb-45da-8990-73890f965939): I try to make better builds everyday
[17:02:25] TheRealColmagi (uuid: c98c1615-0764-41e1-848d-73152bfabe94): i usually leave it to bluegamer
[17:02:30] Optivat_YT (uuid: 061f9ad6-a6fb-45da-8990-73890f965939): oh ok
[17:04:11] TheRealColmagi (uuid: c98c1615-0764-41e1-848d-73152bfabe94): damn i could make a factions server with bungeecord
[17:04:24] TheRealColmagi (uuid: c98c1615-0764-41e1-848d-73152bfabe94): i always thought it linked seperate servers but i think it makes seperate servers out of one
[17:05:22] TheRealColmagi (uuid: c98c1615-0764-41e1-848d-73152bfabe94): no wait i think it does require seperate servers
[17:05:26] TheRealColmagi (uuid: c98c1615-0764-41e1-848d-73152bfabe94): br0
[17:07:46] Optivat_YT (uuid: 061f9ad6-a6fb-45da-8990-73890f965939): idk. what to do.... I hve to make a walmart
[17:07:54] Optivat_YT (uuid: 061f9ad6-a6fb-45da-8990-73890f965939): @idk what to do.... I hve to make a walmart
[17:07:58] Optivat_YT (uuid: 061f9ad6-a6fb-45da-8990-73890f965939): idk what to do.... I hve to make a walmart
[17:08:05] TheRealColmagi (uuid: c98c1615-0764-41e1-848d-73152bfabe94): i have a walmart
[17:08:16] Optivat_YT (uuid: 061f9ad6-a6fb-45da-8990-73890f965939): Also why doesnt the shop not have stained clay
[17:08:25] TheRealColmagi (uuid: c98c1615-0764-41e1-848d-73152bfabe94): idk
[17:09:58] Optivat_YT (uuid: 061f9ad6-a6fb-45da-8990-73890f965939): Can I add stained clay to the shop??
[17:11:43] Optivat_YT (uuid: 061f9ad6-a6fb-45da-8990-73890f965939): I am bored
[17:16:40] TheRealColmagi (uuid: c98c1615-0764-41e1-848d-73152bfabe94): wendadon do u think i should make a bungeecord server
[17:16:49] TheRealColmagi (uuid: c98c1615-0764-41e1-848d-73152bfabe94): with a hub, survival (this world) and a factions server?
[17:16:57] Optivat_YT (uuid: 061f9ad6-a6fb-45da-8990-73890f965939): no
[17:16:58] TheRealColmagi (uuid: c98c1615-0764-41e1-848d-73152bfabe94): not sure if my cpu can handle it tho
[17:16:59] WendadonPlayz_YT (uuid: cb30c930-c6c8-450f-a5fe-80d4cc292106): that seems cools
[17:17:01] WendadonPlayz_YT (uuid: cb30c930-c6c8-450f-a5fe-80d4cc292106): cool*
[17:17:06] WendadonPlayz_YT (uuid: cb30c930-c6c8-450f-a5fe-80d4cc292106): u shou;d
[17:17:10] WendadonPlayz_YT (uuid: cb30c930-c6c8-450f-a5fe-80d4cc292106): should*
[17:17:12] TheRealColmagi (uuid: c98c1615-0764-41e1-848d-73152bfabe94): yeah but the issue is my cpu lags
[17:17:21] TheRealColmagi (uuid: c98c1615-0764-41e1-848d-73152bfabe94): somehwat
[17:17:31] TheRealColmagi (uuid: c98c1615-0764-41e1-848d-73152bfabe94): and running 3 servers might be a big issue
[17:17:51] TheRealColmagi (uuid: c98c1615-0764-41e1-848d-73152bfabe94): except the hub, that is barely gonna take up any space due to it being like a small arena with no entities
[17:17:56] WendadonPlayz_YT (uuid: cb30c930-c6c8-450f-a5fe-80d4cc292106): it sounds like a good idea but dont do it if u dont think ur computer and/or u could handel it
[17:18:06] WendadonPlayz_YT (uuid: cb30c930-c6c8-450f-a5fe-80d4cc292106): omg i cant spell today
[17:18:08] WendadonPlayz_YT (uuid: cb30c930-c6c8-450f-a5fe-80d4cc292106): handle*
[17:18:57] WendadonPlayz_YT (uuid: cb30c930-c6c8-450f-a5fe-80d4cc292106): ugh i cant get infinity on my bow
[17:19:16] TheRealColmagi (uuid: c98c1615-0764-41e1-848d-73152bfabe94): that would actually be sick
[17:19:21] TheRealColmagi (uuid: c98c1615-0764-41e1-848d-73152bfabe94): and u 2 can help me build the hub
[17:19:30] WendadonPlayz_YT (uuid: cb30c930-c6c8-450f-a5fe-80d4cc292106): really ?? :D
[17:19:31] TheRealColmagi (uuid: c98c1615-0764-41e1-848d-73152bfabe94): along with anyone else i can scrape up
[17:19:46] WendadonPlayz_YT (uuid: cb30c930-c6c8-450f-a5fe-80d4cc292106): im all in for it
[17:20:33] TheRealColmagi (uuid: c98c1615-0764-41e1-848d-73152bfabe94): aight
[17:20:41] TheRealColmagi (uuid: c98c1615-0764-41e1-848d-73152bfabe94): i just gotta search up a few things
[17:21:25] WendadonPlayz_YT (uuid: cb30c930-c6c8-450f-a5fe-80d4cc292106): where is the nether portal
[17:21:30] WendadonPlayz_YT (uuid: cb30c930-c6c8-450f-a5fe-80d4cc292106): do i need to make one myself?
[17:22:01] WendadonPlayz_YT (uuid: cb30c930-c6c8-450f-a5fe-80d4cc292106): colmagi
[17:23:23] TheRealColmagi (uuid: c98c1615-0764-41e1-848d-73152bfabe94): uh theres one in the village
[17:23:27] TheRealColmagi (uuid: c98c1615-0764-41e1-848d-73152bfabe94): my village
[17:23:34] WendadonPlayz_YT (uuid: cb30c930-c6c8-450f-a5fe-80d4cc292106): can u tp me there?
[17:23:36] TheRealColmagi (uuid: c98c1615-0764-41e1-848d-73152bfabe94): do /warp vilalge
[17:23:38] WendadonPlayz_YT (uuid: cb30c930-c6c8-450f-a5fe-80d4cc292106): ok
[17:23:38] TheRealColmagi (uuid: c98c1615-0764-41e1-848d-73152bfabe94): village
[17:23:57] WendadonPlayz_YT (uuid: cb30c930-c6c8-450f-a5fe-80d4cc292106): thanks
[17:26:01] TheRealColmagi (uuid: c98c1615-0764-41e1-848d-73152bfabe94): its happening
[17:26:06] TheRealColmagi (uuid: c98c1615-0764-41e1-848d-73152bfabe94): AAAAAAAAAAAH BUNGEECORD
[17:26:08] WendadonPlayz_YT (uuid: cb30c930-c6c8-450f-a5fe-80d4cc292106): what is
[17:26:12] TheRealColmagi (uuid: c98c1615-0764-41e1-848d-73152bfabe94): wtf
[17:26:28] Optivat_YT (uuid: 061f9ad6-a6fb-45da-8990-73890f965939): life is great
[17:26:31] TheRealColmagi (uuid: c98c1615-0764-41e1-848d-73152bfabe94): xd
[17:26:43] WendadonPlayz_YT (uuid: cb30c930-c6c8-450f-a5fe-80d4cc292106): i can hear the ghasts but i cant see them
[17:27:23] TheRealColmagi (uuid: c98c1615-0764-41e1-848d-73152bfabe94): RIP IRP RIPRIPIRPR
[17:27:40] WendadonPlayz_YT (uuid: cb30c930-c6c8-450f-a5fe-80d4cc292106): fml
[17:27:44] WendadonPlayz_YT (uuid: cb30c930-c6c8-450f-a5fe-80d4cc292106): fmlfmlflfmlfmlfmlfml
[17:28:13] WendadonPlayz_YT (uuid: cb30c930-c6c8-450f-a5fe-80d4cc292106): RIPPPp
[17:29:04] WendadonPlayz_YT (uuid: cb30c930-c6c8-450f-a5fe-80d4cc292106): HELLO DARKNESS MY OLD FRIEND
[17:30:06] TheRealColmagi (uuid: c98c1615-0764-41e1-848d-73152bfabe94): im gonna have to shut down this server for a while
[17:30:09] TheRealColmagi (uuid: c98c1615-0764-41e1-848d-73152bfabe94): for this stuff
[17:30:36] TheRealColmagi (uuid: c98c1615-0764-41e1-848d-73152bfabe94): soo yeah
[17:30:46] TheRealColmagi (uuid: c98c1615-0764-41e1-848d-73152bfabe94): get to a save place
[17:30:53] TheRealColmagi (uuid: c98c1615-0764-41e1-848d-73152bfabe94): and ill shut it down
[17:30:58] TheRealColmagi (uuid: c98c1615-0764-41e1-848d-73152bfabe94): see you guys on the other side
[17:32:00] TheRealColmagi (uuid: c98c1615-0764-41e1-848d-73152bfabe94): wait
[17:32:08] TheRealColmagi (uuid: c98c1615-0764-41e1-848d-73152bfabe94): bungeecord requires you to disable online mode
[17:32:10] TheRealColmagi (uuid: c98c1615-0764-41e1-848d-73152bfabe94): which means no skins?
[17:32:13] TheRealColmagi (uuid: c98c1615-0764-41e1-848d-73152bfabe94): wtf
[17:34:00] TheRealColmagi (uuid: c98c1615-0764-41e1-848d-73152bfabe94): this is weird
[17:34:45] WendadonPlayz_YT (uuid: cb30c930-c6c8-450f-a5fe-80d4cc292106): the ghast almost blew up the nether portal
[17:34:49] TheRealColmagi (uuid: c98c1615-0764-41e1-848d-73152bfabe94): OH
[17:34:54] TheRealColmagi (uuid: c98c1615-0764-41e1-848d-73152bfabe94): i see now after reading form posts
[17:34:59] TheRealColmagi (uuid: c98c1615-0764-41e1-848d-73152bfabe94): that its fine
[17:35:29] WendadonPlayz_YT (uuid: cb30c930-c6c8-450f-a5fe-80d4cc292106): optivat is asking for u to put on keep inventory so he wont lose all his hard worked items
[17:35:41] WendadonPlayz_YT (uuid: cb30c930-c6c8-450f-a5fe-80d4cc292106): cuz he is on an elytra over lava
[17:35:45] TheRealColmagi (uuid: c98c1615-0764-41e1-848d-73152bfabe94): srry im gonna have to shut this down
[17:35:48] TheRealColmagi (uuid: c98c1615-0764-41e1-848d-73152bfabe94): see u on the other side
[17:35:58] WendadonPlayz_YT (uuid: cb30c930-c6c8-450f-a5fe-80d4cc292106): waht do u mean
[17:36:06] TheRealColmagi (uuid: c98c1615-0764-41e1-848d-73152bfabe94): i gotta restart the server
[17:36:09] TheRealColmagi (uuid: c98c1615-0764-41e1-848d-73152bfabe94): so we can bungeecord
[17:36:30] WendadonPlayz_YT (uuid: cb30c930-c6c8-450f-a5fe-80d4cc292106): optivat told me that he wont join till u put on keep inventory :P
[17:37:01] WendadonPlayz_YT (uuid: cb30c930-c6c8-450f-a5fe-80d4cc292106): is it on?
[17:37:10] TheRealColmagi (uuid: c98c1615-0764-41e1-848d-73152bfabe94): i didnt even need to enable keepinventory
[17:37:11] Optivat_YT (uuid: 061f9ad6-a6fb-45da-8990-73890f965939): THANKS
[17:37:13] Optivat_YT (uuid: 061f9ad6-a6fb-45da-8990-73890f965939): omg
[17:37:14] TheRealColmagi (uuid: c98c1615-0764-41e1-848d-73152bfabe94): but i stil did
[17:37:18] TheRealColmagi (uuid: c98c1615-0764-41e1-848d-73152bfabe94): as a safety net
[17:37:21] TheRealColmagi (uuid: c98c1615-0764-41e1-848d-73152bfabe94): ill disable it now
[17:37:38] TheRealColmagi (uuid: c98c1615-0764-41e1-848d-73152bfabe94): i gotta restart
[17:37:40] Optivat_YT (uuid: 061f9ad6-a6fb-45da-8990-73890f965939): k
[17:37:41] WendadonPlayz_YT (uuid: cb30c930-c6c8-450f-a5fe-80d4cc292106): k
[18:03:52] TheRealColmagi (uuid: 7592206a-dcc1-32d0-b021-f46aa8700e27): WTF
[18:41:44] TheRealColmagi (uuid: c98c1615-0764-41e1-848d-73152bfabe94): OH MY FGUCKING GOD
[18:46:29] TheRealColmagi (uuid: c98c1615-0764-41e1-848d-73152bfabe94): EY
[18:46:32] TheRealColmagi (uuid: c98c1615-0764-41e1-848d-73152bfabe94): does it work
[18:46:33] CamDog_447 (uuid: 1b4873bc-5938-46a6-b588-0968e244f24d): It worked
[18:46:34] TheRealColmagi (uuid: c98c1615-0764-41e1-848d-73152bfabe94): IT FUCKING DOES
[18:46:43] TheRealColmagi (uuid: c98c1615-0764-41e1-848d-73152bfabe94): CAM FAM
[18:46:48] CamDog_447 (uuid: 1b4873bc-5938-46a6-b588-0968e244f24d): Mhm?
[18:46:56] TheRealColmagi (uuid: c98c1615-0764-41e1-848d-73152bfabe94): YES
[18:46:59] Optivat_YT (uuid: 061f9ad6-a6fb-45da-8990-73890f965939): omg
[18:46:59] TheRealColmagi (uuid: c98c1615-0764-41e1-848d-73152bfabe94): IT GODDAMN WORKED
[18:47:04] Optivat_YT (uuid: 061f9ad6-a6fb-45da-8990-73890f965939): YEA
[18:47:04] TheRealColmagi (uuid: c98c1615-0764-41e1-848d-73152bfabe94): HAAAAAAAAAALELUJAH
[18:47:08] CamDog_447 (uuid: 1b4873bc-5938-46a6-b588-0968e244f24d): What are the other servers?
[18:47:09] Optivat_YT (uuid: 061f9ad6-a6fb-45da-8990-73890f965939):  can I build spawn
[18:47:10] TheRealColmagi (uuid: c98c1615-0764-41e1-848d-73152bfabe94): I CANT FUCKING BELIEVE IT
[18:47:16] TheRealColmagi (uuid: c98c1615-0764-41e1-848d-73152bfabe94): theres only lobby and survival rn
[18:47:22] CamDog_447 (uuid: 1b4873bc-5938-46a6-b588-0968e244f24d): Ah ok
[18:47:27] Optivat_YT (uuid: 061f9ad6-a6fb-45da-8990-73890f965939): LIT BOIS
[18:47:37] TheRealColmagi (uuid: c98c1615-0764-41e1-848d-73152bfabe94): i need to regenerate the lobby world so i can fucking make a legit lobby instead of that random world
[18:47:39] TheRealColmagi (uuid: c98c1615-0764-41e1-848d-73152bfabe94): but yeah
[18:47:48] CamDog_447 (uuid: 1b4873bc-5938-46a6-b588-0968e244f24d): Nice
[18:48:10] CamDog_447 (uuid: 1b4873bc-5938-46a6-b588-0968e244f24d): Well I'm gonna get back on with my friend 'cause he's being a little ass right now
[18:48:41] TheRealColmagi (uuid: c98c1615-0764-41e1-848d-73152bfabe94): im so goddamn proud of myself
[18:48:47] TheRealColmagi (uuid: c98c1615-0764-41e1-848d-73152bfabe94): LATA
[18:49:22] TheRealColmagi (uuid: c98c1615-0764-41e1-848d-73152bfabe94): AAAAAAAAH YESSSSSS
[18:50:15] TheRealColmagi (uuid: c98c1615-0764-41e1-848d-73152bfabe94): now i run 3 servers at a time but they're spigot so its fine
[18:50:21] TheRealColmagi (uuid: c98c1615-0764-41e1-848d-73152bfabe94): spigot is less laggy i think
[18:51:03] Optivat_YT (uuid: 061f9ad6-a6fb-45da-8990-73890f965939): I am flying
[18:51:04] TheRealColmagi (uuid: c98c1615-0764-41e1-848d-73152bfabe94): its so wonderful, wonderful, swear this is so wonderful, they wonder when i leave but i just started getting comfortable
[18:51:10] TheRealColmagi (uuid: c98c1615-0764-41e1-848d-73152bfabe94): wat
[18:51:16] TheRealColmagi (uuid: c98c1615-0764-41e1-848d-73152bfabe94): oh its a status effect
[18:52:28] TheRealColmagi (uuid: c98c1615-0764-41e1-848d-73152bfabe94): lol the server motd is awesome
[18:52:36] TheRealColmagi (uuid: c98c1615-0764-41e1-848d-73152bfabe94): hold on lemme chek smthin
[18:53:08] TheRealColmagi (uuid: c98c1615-0764-41e1-848d-73152bfabe94): ima back
[18:53:31] TheRealColmagi (uuid: c98c1615-0764-41e1-848d-73152bfabe94): tell ur friend wendadon how to get to the survival server
[18:53:36] Optivat_YT (uuid: 061f9ad6-a6fb-45da-8990-73890f965939): k
[18:54:07] TheRealColmagi (uuid: c98c1615-0764-41e1-848d-73152bfabe94): WE HAVE ASCENDED BOYS
[18:54:13] TheRealColmagi (uuid: c98c1615-0764-41e1-848d-73152bfabe94): THE CLOSEST I EVER GOT TO THIS
[18:54:21] TheRealColmagi (uuid: c98c1615-0764-41e1-848d-73152bfabe94): WAS A GODDAMN MULTIVERSE PLUGIN ON ATERNOS LOOOOOOOOOL
[18:55:19] TheRealColmagi (uuid: c98c1615-0764-41e1-848d-73152bfabe94): heres a shell
[18:55:33] TheRealColmagi (uuid: c98c1615-0764-41e1-848d-73152bfabe94): thres 2
[18:56:01] TheRealColmagi (uuid: c98c1615-0764-41e1-848d-73152bfabe94): i found that as well
[18:56:04] Optivat_YT (uuid: 061f9ad6-a6fb-45da-8990-73890f965939): 3rd elctra found
[18:56:08] TheRealColmagi (uuid: c98c1615-0764-41e1-848d-73152bfabe94): noice
[18:57:47] TheRealColmagi (uuid: c98c1615-0764-41e1-848d-73152bfabe94): ayyyy
[18:57:51] TheRealColmagi (uuid: c98c1615-0764-41e1-848d-73152bfabe94): you made it
[18:57:55] TheRealColmagi (uuid: c98c1615-0764-41e1-848d-73152bfabe94): like the multiworld support?
[18:57:56] WendadonPlayz_YT (uuid: cb30c930-c6c8-450f-a5fe-80d4cc292106): :D
[18:58:09] WendadonPlayz_YT (uuid: cb30c930-c6c8-450f-a5fe-80d4cc292106): colmagi u said that me and optivat can help u build the hub right?
[18:58:12] TheRealColmagi (uuid: c98c1615-0764-41e1-848d-73152bfabe94): yeah
[18:58:16] WendadonPlayz_YT (uuid: cb30c930-c6c8-450f-a5fe-80d4cc292106): when can we start?
[18:58:23] TheRealColmagi (uuid: c98c1615-0764-41e1-848d-73152bfabe94): when i get back from math since i leave in like 5 min
[18:58:26] TheRealColmagi (uuid: c98c1615-0764-41e1-848d-73152bfabe94): so thats like 45 ish min
[18:58:27] WendadonPlayz_YT (uuid: cb30c930-c6c8-450f-a5fe-80d4cc292106): k
[18:59:06] TheRealColmagi (uuid: c98c1615-0764-41e1-848d-73152bfabe94): ooh cant wait for facs tho
[18:59:12] WendadonPlayz_YT (uuid: cb30c930-c6c8-450f-a5fe-80d4cc292106): seems exciting
[18:59:36] TheRealColmagi (uuid: c98c1615-0764-41e1-848d-73152bfabe94): k gtg be back in like 45 min
[18:59:42] WendadonPlayz_YT (uuid: cb30c930-c6c8-450f-a5fe-80d4cc292106): k
[18:59:47] TheRealColmagi (uuid: c98c1615-0764-41e1-848d-73152bfabe94): no wait
[18:59:49] TheRealColmagi (uuid: c98c1615-0764-41e1-848d-73152bfabe94): more like an hour
[18:59:51] TheRealColmagi (uuid: c98c1615-0764-41e1-848d-73152bfabe94): but yeah
[19:30:19] Optivat_YT (uuid: 061f9ad6-a6fb-45da-8990-73890f965939): HI
[19:30:28] TheBlueGamer0 (uuid: 654713d4-034f-41ff-acad-c3b9ced485de): hi
[19:32:44] Optivat_YT (uuid: 061f9ad6-a6fb-45da-8990-73890f965939): wait
[19:32:48] TheBlueGamer0 (uuid: 654713d4-034f-41ff-acad-c3b9ced485de): k
[19:33:08] TheBlueGamer0 (uuid: 654713d4-034f-41ff-acad-c3b9ced485de): salami, ill work on pvp in a bit
[20:08:46] WendadonPlayz_YT (uuid: cb30c930-c6c8-450f-a5fe-80d4cc292106): hey
[20:08:55] WendadonPlayz_YT (uuid: cb30c930-c6c8-450f-a5fe-80d4cc292106): when can i start building the hub?
[20:26:52] TheRealColmagi (uuid: c98c1615-0764-41e1-848d-73152bfabe94): OK IM BACK
[20:26:57] TheRealColmagi (uuid: c98c1615-0764-41e1-848d-73152bfabe94): WHAT DID BLUEGAMER DO
[21:40:12] Mrmapl3syrup (uuid: b3f11e18-ff16-45fe-85b7-bb69e73fb17c): WHAT THE FUCK
[21:40:14] Mrmapl3syrup (uuid: b3f11e18-ff16-45fe-85b7-bb69e73fb17c): IS THIS
[21:40:59] TheRealColmagi (uuid: c98c1615-0764-41e1-848d-73152bfabe94): i dont see shit
[21:41:20] Mrmapl3syrup (uuid: b3f11e18-ff16-45fe-85b7-bb69e73fb17c): It is at what I thought was spawn
[21:56:16] Mrmapl3syrup (uuid: b3f11e18-ff16-45fe-85b7-bb69e73fb17c): what is goin ooon here
[21:56:36] Mrmapl3syrup (uuid: b3f11e18-ff16-45fe-85b7-bb69e73fb17c): what about blue gamer?
[21:57:04] Mrmapl3syrup (uuid: b3f11e18-ff16-45fe-85b7-bb69e73fb17c): where
[21:57:09] Mrmapl3syrup (uuid: b3f11e18-ff16-45fe-85b7-bb69e73fb17c): where
[21:57:29] Mrmapl3syrup (uuid: b3f11e18-ff16-45fe-85b7-bb69e73fb17c): where
[21:57:30] Mrmapl3syrup (uuid: b3f11e18-ff16-45fe-85b7-bb69e73fb17c): where
[21:57:31] Mrmapl3syrup (uuid: b3f11e18-ff16-45fe-85b7-bb69e73fb17c): wherte
[21:57:58] Mrmapl3syrup (uuid: b3f11e18-ff16-45fe-85b7-bb69e73fb17c): what the
[21:58:17] Optivat_YT (uuid: 061f9ad6-a6fb-45da-8990-73890f965939): what?
[21:58:20] Mrmapl3syrup (uuid: b3f11e18-ff16-45fe-85b7-bb69e73fb17c): you could have made it simpler
[21:58:28] Optivat_YT (uuid: 061f9ad6-a6fb-45da-8990-73890f965939): shush
[21:58:34] Mrmapl3syrup (uuid: b3f11e18-ff16-45fe-85b7-bb69e73fb17c): also
[21:58:37] Mrmapl3syrup (uuid: b3f11e18-ff16-45fe-85b7-bb69e73fb17c): this is
[21:58:38] Mrmapl3syrup (uuid: b3f11e18-ff16-45fe-85b7-bb69e73fb17c): ugly'
[21:58:40] Mrmapl3syrup (uuid: b3f11e18-ff16-45fe-85b7-bb69e73fb17c): laffs
[21:58:54] TheRealColmagi (uuid: c98c1615-0764-41e1-848d-73152bfabe94): ay
[21:58:58] Optivat_YT (uuid: 061f9ad6-a6fb-45da-8990-73890f965939): TIME TO SPAWN IN THE ENDERDRAGON
[21:58:59] TheRealColmagi (uuid: c98c1615-0764-41e1-848d-73152bfabe94): welcome to the survival server
[21:59:00] CamDog_447 (uuid: 1b4873bc-5938-46a6-b588-0968e244f24d): Hey
[21:59:01] Mrmapl3syrup (uuid: b3f11e18-ff16-45fe-85b7-bb69e73fb17c): Hey cam
[21:59:05] Mrmapl3syrup (uuid: b3f11e18-ff16-45fe-85b7-bb69e73fb17c): do /server lobby
[21:59:17] TheRealColmagi (uuid: c98c1615-0764-41e1-848d-73152bfabe94): good shit
[21:59:23] Mrmapl3syrup (uuid: b3f11e18-ff16-45fe-85b7-bb69e73fb17c): Doooo it
[22:00:42] Mrmapl3syrup (uuid: b3f11e18-ff16-45fe-85b7-bb69e73fb17c): I WAS THE FIRST TO KILL HIM
[22:00:44] Mrmapl3syrup (uuid: b3f11e18-ff16-45fe-85b7-bb69e73fb17c): not you
[22:00:48] Mrmapl3syrup (uuid: b3f11e18-ff16-45fe-85b7-bb69e73fb17c): ???
[22:00:52] Mrmapl3syrup (uuid: b3f11e18-ff16-45fe-85b7-bb69e73fb17c): I have his egg!
[22:00:59] Mrmapl3syrup (uuid: b3f11e18-ff16-45fe-85b7-bb69e73fb17c): Do you???
[22:01:01] Mrmapl3syrup (uuid: b3f11e18-ff16-45fe-85b7-bb69e73fb17c): NO :D
[22:01:51] Mrmapl3syrup (uuid: b3f11e18-ff16-45fe-85b7-bb69e73fb17c): no
[22:02:00] Mrmapl3syrup (uuid: b3f11e18-ff16-45fe-85b7-bb69e73fb17c): As I am the first
[22:02:07] Mrmapl3syrup (uuid: b3f11e18-ff16-45fe-85b7-bb69e73fb17c): nope
[22:02:11] Mrmapl3syrup (uuid: b3f11e18-ff16-45fe-85b7-bb69e73fb17c): shorty died before we started
[22:02:20] Mrmapl3syrup (uuid: b3f11e18-ff16-45fe-85b7-bb69e73fb17c): I defeated him on my own
[22:02:25] Mrmapl3syrup (uuid: b3f11e18-ff16-45fe-85b7-bb69e73fb17c): he got blasted off
[22:02:30] Mrmapl3syrup (uuid: b3f11e18-ff16-45fe-85b7-bb69e73fb17c): he couldnt do a thing
[22:02:46] CamDog_447 (uuid: 1b4873bc-5938-46a6-b588-0968e244f24d): Hello again
[22:02:50] CamDog_447 (uuid: 1b4873bc-5938-46a6-b588-0968e244f24d): Game exploded
[22:02:52] Mrmapl3syrup (uuid: b3f11e18-ff16-45fe-85b7-bb69e73fb17c): aloha
[22:03:01] Mrmapl3syrup (uuid: b3f11e18-ff16-45fe-85b7-bb69e73fb17c): lol
[22:03:04] Mrmapl3syrup (uuid: b3f11e18-ff16-45fe-85b7-bb69e73fb17c): ok
[22:03:10] Mrmapl3syrup (uuid: b3f11e18-ff16-45fe-85b7-bb69e73fb17c): no
[22:03:15] Mrmapl3syrup (uuid: b3f11e18-ff16-45fe-85b7-bb69e73fb17c): I didnt make you die
[22:03:25] Mrmapl3syrup (uuid: b3f11e18-ff16-45fe-85b7-bb69e73fb17c): lol you havent done any damage
[22:04:35] Mrmapl3syrup (uuid: b3f11e18-ff16-45fe-85b7-bb69e73fb17c): mb
[22:04:40] Mrmapl3syrup (uuid: b3f11e18-ff16-45fe-85b7-bb69e73fb17c): gimme dat
[22:04:49] Mrmapl3syrup (uuid: b3f11e18-ff16-45fe-85b7-bb69e73fb17c): give me the egg
[22:04:53] Mrmapl3syrup (uuid: b3f11e18-ff16-45fe-85b7-bb69e73fb17c): reeeee
[22:05:06] Mrmapl3syrup (uuid: b3f11e18-ff16-45fe-85b7-bb69e73fb17c): i spawned one
[22:05:16] Mrmapl3syrup (uuid: b3f11e18-ff16-45fe-85b7-bb69e73fb17c): I spawned ONNNNE
[22:05:40] Mrmapl3syrup (uuid: b3f11e18-ff16-45fe-85b7-bb69e73fb17c): I only spawned one lol
[22:06:33] Mrmapl3syrup (uuid: b3f11e18-ff16-45fe-85b7-bb69e73fb17c): RIP
[22:06:45] CamDog_447 (uuid: 1b4873bc-5938-46a6-b588-0968e244f24d): "Using Magic"
[22:06:47] Mrmapl3syrup (uuid: b3f11e18-ff16-45fe-85b7-bb69e73fb17c): nop
[22:07:12] Mrmapl3syrup (uuid: b3f11e18-ff16-45fe-85b7-bb69e73fb17c): you need
[22:07:15] Mrmapl3syrup (uuid: b3f11e18-ff16-45fe-85b7-bb69e73fb17c): to
[22:07:17] Mrmapl3syrup (uuid: b3f11e18-ff16-45fe-85b7-bb69e73fb17c): get
[22:07:20] Mrmapl3syrup (uuid: b3f11e18-ff16-45fe-85b7-bb69e73fb17c):  g u d
[22:07:50] Mrmapl3syrup (uuid: b3f11e18-ff16-45fe-85b7-bb69e73fb17c): it is gonna despawn
[22:07:55] CamDog_447 (uuid: 1b4873bc-5938-46a6-b588-0968e244f24d): What the hell.... Just fought off 6 zombies
[22:08:01] Mrmapl3syrup (uuid: b3f11e18-ff16-45fe-85b7-bb69e73fb17c): I cant
[22:08:04] Mrmapl3syrup (uuid: b3f11e18-ff16-45fe-85b7-bb69e73fb17c): Like I actually cant
[22:08:08] Mrmapl3syrup (uuid: b3f11e18-ff16-45fe-85b7-bb69e73fb17c): because I tpd away
[22:08:15] Mrmapl3syrup (uuid: b3f11e18-ff16-45fe-85b7-bb69e73fb17c): And/back doesnt work
[22:08:32] Mrmapl3syrup (uuid: b3f11e18-ff16-45fe-85b7-bb69e73fb17c): it is gone
[22:08:59] Mrmapl3syrup (uuid: b3f11e18-ff16-45fe-85b7-bb69e73fb17c): I cant
[22:09:01] Mrmapl3syrup (uuid: b3f11e18-ff16-45fe-85b7-bb69e73fb17c): tp to me
[22:09:18] Mrmapl3syrup (uuid: b3f11e18-ff16-45fe-85b7-bb69e73fb17c): hey If I wasnt here you wouldnt get any of it back
[22:09:36] Mrmapl3syrup (uuid: b3f11e18-ff16-45fe-85b7-bb69e73fb17c): yes I am the worst sense I saved all your stuff
[22:09:39] Mrmapl3syrup (uuid: b3f11e18-ff16-45fe-85b7-bb69e73fb17c): yEs the worst
[22:09:44] Mrmapl3syrup (uuid: b3f11e18-ff16-45fe-85b7-bb69e73fb17c): the fucking worst
[22:09:47] Mrmapl3syrup (uuid: b3f11e18-ff16-45fe-85b7-bb69e73fb17c): SCREECHES
[22:09:49] Mrmapl3syrup (uuid: b3f11e18-ff16-45fe-85b7-bb69e73fb17c): REEEEEEEEEEEE
[22:12:29] Mrmapl3syrup (uuid: b3f11e18-ff16-45fe-85b7-bb69e73fb17c): wat
[22:12:51] CamDog_447 (uuid: 1b4873bc-5938-46a6-b588-0968e244f24d): I found a cat Banner, should I be concerned?
[22:12:53] Mrmapl3syrup (uuid: b3f11e18-ff16-45fe-85b7-bb69e73fb17c): I didnt die with out using any form of tactics like this
[22:12:55] Mrmapl3syrup (uuid: b3f11e18-ff16-45fe-85b7-bb69e73fb17c): That is mine
[22:13:08] CamDog_447 (uuid: 1b4873bc-5938-46a6-b588-0968e244f24d): Ok
[22:13:09] Mrmapl3syrup (uuid: b3f11e18-ff16-45fe-85b7-bb69e73fb17c): hi
[22:13:15] Mrmapl3syrup (uuid: b3f11e18-ff16-45fe-85b7-bb69e73fb17c): have some paper
[22:13:21] CamDog_447 (uuid: 1b4873bc-5938-46a6-b588-0968e244f24d): K thanks
[22:14:10] Mrmapl3syrup (uuid: b3f11e18-ff16-45fe-85b7-bb69e73fb17c): no
[22:14:13] Mrmapl3syrup (uuid: b3f11e18-ff16-45fe-85b7-bb69e73fb17c): i can
[22:14:17] Mrmapl3syrup (uuid: b3f11e18-ff16-45fe-85b7-bb69e73fb17c): im just not
[22:14:57] Mrmapl3syrup (uuid: b3f11e18-ff16-45fe-85b7-bb69e73fb17c): I am glad none of you have seen my shrine for nuggy
[22:15:05] Mrmapl3syrup (uuid: b3f11e18-ff16-45fe-85b7-bb69e73fb17c): Cam you dont even know the legend of nuggy
[22:15:10] Mrmapl3syrup (uuid: b3f11e18-ff16-45fe-85b7-bb69e73fb17c): And shorty
[22:15:26] CamDog_447 (uuid: 1b4873bc-5938-46a6-b588-0968e244f24d): And I don't want to
[22:15:26] Mrmapl3syrup (uuid: b3f11e18-ff16-45fe-85b7-bb69e73fb17c): and also me
[22:15:26] CamDog_447 (uuid: 1b4873bc-5938-46a6-b588-0968e244f24d): And I do not want to know
[22:15:40] CamDog_447 (uuid: 1b4873bc-5938-46a6-b588-0968e244f24d): My bad with a double message, game froze
[22:15:43] Mrmapl3syrup (uuid: b3f11e18-ff16-45fe-85b7-bb69e73fb17c): ik
[22:15:47] Mrmapl3syrup (uuid: b3f11e18-ff16-45fe-85b7-bb69e73fb17c): it was lag spike
[22:16:05] Mrmapl3syrup (uuid: b3f11e18-ff16-45fe-85b7-bb69e73fb17c): Also we wouldnt even allow someone as low as you to get even CLOSE to the temple
[22:16:15] CamDog_447 (uuid: 1b4873bc-5938-46a6-b588-0968e244f24d): Ok ;-;
[22:17:50] Mrmapl3syrup (uuid: b3f11e18-ff16-45fe-85b7-bb69e73fb17c): then you actually have to fight him lol
[22:20:35] Mrmapl3syrup (uuid: b3f11e18-ff16-45fe-85b7-bb69e73fb17c): LOL
[22:20:51] Mrmapl3syrup (uuid: b3f11e18-ff16-45fe-85b7-bb69e73fb17c): "not hard"
[22:20:56] Mrmapl3syrup (uuid: b3f11e18-ff16-45fe-85b7-bb69e73fb17c): dies 3 times
[22:20:59] Mrmapl3syrup (uuid: b3f11e18-ff16-45fe-85b7-bb69e73fb17c): l 0 l
[22:21:08] Mrmapl3syrup (uuid: b3f11e18-ff16-45fe-85b7-bb69e73fb17c): I beat him by my self and didnt die once lol
[22:21:09] Optivat_YT (uuid: 061f9ad6-a6fb-45da-8990-73890f965939): lag
[22:21:27] CamDog_447 (uuid: 1b4873bc-5938-46a6-b588-0968e244f24d): This might be a sign that you should probably either get better gear or hold off until later
[22:21:36] Mrmapl3syrup (uuid: b3f11e18-ff16-45fe-85b7-bb69e73fb17c): He is really close to beating him
[22:21:44] CamDog_447 (uuid: 1b4873bc-5938-46a6-b588-0968e244f24d): Ah
[22:22:00] Mrmapl3syrup (uuid: b3f11e18-ff16-45fe-85b7-bb69e73fb17c): If he didnt have access to tp he wouldnt even have a chance
[22:22:28] Optivat_YT (uuid: 061f9ad6-a6fb-45da-8990-73890f965939): GG
[22:22:42] CamDog_447 (uuid: 1b4873bc-5938-46a6-b588-0968e244f24d): Congrats, you nearly gave me a seizure, jesus fucking christ
[22:22:47] TheRealColmagi (uuid: c98c1615-0764-41e1-848d-73152bfabe94): hi
[22:22:53] Optivat_YT (uuid: 061f9ad6-a6fb-45da-8990-73890f965939): I DID IT
[22:22:54] TheRealColmagi (uuid: c98c1615-0764-41e1-848d-73152bfabe94): mini get ur friends on
[22:22:56] Optivat_YT (uuid: 061f9ad6-a6fb-45da-8990-73890f965939): I KILLED IT
[22:23:02] TheRealColmagi (uuid: c98c1615-0764-41e1-848d-73152bfabe94): this server is lit
[22:23:05] CamDog_447 (uuid: 1b4873bc-5938-46a6-b588-0968e244f24d): None of them are on right now :/
[22:23:08] Mrmapl3syrup (uuid: b3f11e18-ff16-45fe-85b7-bb69e73fb17c): after his 3rd try
[22:23:10] Mrmapl3syrup (uuid: b3f11e18-ff16-45fe-85b7-bb69e73fb17c): nope
[22:23:13] Mrmapl3syrup (uuid: b3f11e18-ff16-45fe-85b7-bb69e73fb17c): I have it
[22:23:16] Mrmapl3syrup (uuid: b3f11e18-ff16-45fe-85b7-bb69e73fb17c): only one exists
[22:23:25] Mrmapl3syrup (uuid: b3f11e18-ff16-45fe-85b7-bb69e73fb17c): it spawns on the thing
[22:23:32] Mrmapl3syrup (uuid: b3f11e18-ff16-45fe-85b7-bb69e73fb17c): and it didnt spawn
[22:23:34] CamDog_447 (uuid: 1b4873bc-5938-46a6-b588-0968e244f24d): You could copy it in creative so you don't only have one
[22:23:34] Mrmapl3syrup (uuid: b3f11e18-ff16-45fe-85b7-bb69e73fb17c): sense I got it
[22:23:40] Mrmapl3syrup (uuid: b3f11e18-ff16-45fe-85b7-bb69e73fb17c): im not giving him mine
[22:23:42] Optivat_YT (uuid: 061f9ad6-a6fb-45da-8990-73890f965939): ...
[22:23:44] Mrmapl3syrup (uuid: b3f11e18-ff16-45fe-85b7-bb69e73fb17c): heeeeell nooo
[22:23:53] Optivat_YT (uuid: 061f9ad6-a6fb-45da-8990-73890f965939): FAAAAAAAAAAAAAAAAAAAAAAAAAAAUCK
[22:23:57] Optivat_YT (uuid: 061f9ad6-a6fb-45da-8990-73890f965939): FUCK THIS
[22:24:07] Mrmapl3syrup (uuid: b3f11e18-ff16-45fe-85b7-bb69e73fb17c): not the eggggg
[22:24:25] Mrmapl3syrup (uuid: b3f11e18-ff16-45fe-85b7-bb69e73fb17c): it is at my house lol
[22:24:33] Mrmapl3syrup (uuid: b3f11e18-ff16-45fe-85b7-bb69e73fb17c): you cant
[22:24:36] Mrmapl3syrup (uuid: b3f11e18-ff16-45fe-85b7-bb69e73fb17c): if you do
[22:24:40] Mrmapl3syrup (uuid: b3f11e18-ff16-45fe-85b7-bb69e73fb17c): i will end you and your village
[22:24:44] Mrmapl3syrup (uuid: b3f11e18-ff16-45fe-85b7-bb69e73fb17c): nah
[22:24:47] Mrmapl3syrup (uuid: b3f11e18-ff16-45fe-85b7-bb69e73fb17c): yeep
[22:25:02] Mrmapl3syrup (uuid: b3f11e18-ff16-45fe-85b7-bb69e73fb17c): Or would he :^)
[22:25:07] Mrmapl3syrup (uuid: b3f11e18-ff16-45fe-85b7-bb69e73fb17c): also u cant take it
[22:25:09] Mrmapl3syrup (uuid: b3f11e18-ff16-45fe-85b7-bb69e73fb17c): lol
[22:25:14] Mrmapl3syrup (uuid: b3f11e18-ff16-45fe-85b7-bb69e73fb17c): hi magi
[22:25:27] CamDog_447 (uuid: 1b4873bc-5938-46a6-b588-0968e244f24d): K bye xD
[22:25:39] Mrmapl3syrup (uuid: b3f11e18-ff16-45fe-85b7-bb69e73fb17c): huh
[22:25:48] Mrmapl3syrup (uuid: b3f11e18-ff16-45fe-85b7-bb69e73fb17c): LOL
[22:25:50] Mrmapl3syrup (uuid: b3f11e18-ff16-45fe-85b7-bb69e73fb17c): ON WEED
[22:25:52] Mrmapl3syrup (uuid: b3f11e18-ff16-45fe-85b7-bb69e73fb17c): IM CRYING
[22:25:57] Mrmapl3syrup (uuid: b3f11e18-ff16-45fe-85b7-bb69e73fb17c): LMFAO
[22:27:28] Mrmapl3syrup (uuid: b3f11e18-ff16-45fe-85b7-bb69e73fb17c): Do yu wanna see the egg?
[22:27:35] TheRealColmagi (uuid: c98c1615-0764-41e1-848d-73152bfabe94): hi camfam
[22:27:38] Mrmapl3syrup (uuid: b3f11e18-ff16-45fe-85b7-bb69e73fb17c): Just tp to me if you do
[22:27:39] CamDog_447 (uuid: 1b4873bc-5938-46a6-b588-0968e244f24d): Hi
[22:27:46] TheRealColmagi (uuid: c98c1615-0764-41e1-848d-73152bfabe94): hub is all revamped xd
[22:27:49] CamDog_447 (uuid: 1b4873bc-5938-46a6-b588-0968e244f24d): Nice
[22:27:55] TheRealColmagi (uuid: c98c1615-0764-41e1-848d-73152bfabe94): u wanna check it out
[22:28:05] CamDog_447 (uuid: 1b4873bc-5938-46a6-b588-0968e244f24d): Once I move this stuff
[22:28:05] Mrmapl3syrup (uuid: b3f11e18-ff16-45fe-85b7-bb69e73fb17c): i wanna break it lol
[22:28:07] TheRealColmagi (uuid: c98c1615-0764-41e1-848d-73152bfabe94): kk
[22:28:30] Mrmapl3syrup (uuid: b3f11e18-ff16-45fe-85b7-bb69e73fb17c): you did
[22:30:07] Mrmapl3syrup (uuid: b3f11e18-ff16-45fe-85b7-bb69e73fb17c): piss off
[22:30:17] CamDog_447 (uuid: 1b4873bc-5938-46a6-b588-0968e244f24d): Ok..
[22:30:19] Mrmapl3syrup (uuid: b3f11e18-ff16-45fe-85b7-bb69e73fb17c): not u
[22:30:21] Mrmapl3syrup (uuid: b3f11e18-ff16-45fe-85b7-bb69e73fb17c): ur fine
[22:30:28] CamDog_447 (uuid: 1b4873bc-5938-46a6-b588-0968e244f24d): I know, I'm just not gonna ask
[22:30:44] Mrmapl3syrup (uuid: b3f11e18-ff16-45fe-85b7-bb69e73fb17c): have some of colmagis cum
[22:30:50] CamDog_447 (uuid: 1b4873bc-5938-46a6-b588-0968e244f24d): ...
[22:30:53] TheRealColmagi (uuid: c98c1615-0764-41e1-848d-73152bfabe94): hlep
[22:30:53] Mrmapl3syrup (uuid: b3f11e18-ff16-45fe-85b7-bb69e73fb17c): use it wisely
[22:30:56] Mrmapl3syrup (uuid: b3f11e18-ff16-45fe-85b7-bb69e73fb17c): with what
[22:31:04] CamDog_447 (uuid: 1b4873bc-5938-46a6-b588-0968e244f24d): You... you have a good one
[22:31:18] CamDog_447 (uuid: 1b4873bc-5938-46a6-b588-0968e244f24d): K thanks
[22:31:52] CamDog_447 (uuid: 1b4873bc-5938-46a6-b588-0968e244f24d): I'll go check out the lobby
[22:37:07] Mrmapl3syrup (uuid: b3f11e18-ff16-45fe-85b7-bb69e73fb17c): i did
[22:42:31] TheRealColmagi (uuid: c98c1615-0764-41e1-848d-73152bfabe94): neet
[22:42:40] Mrmapl3syrup (uuid: b3f11e18-ff16-45fe-85b7-bb69e73fb17c): nieeb
[22:42:52] Mrmapl3syrup (uuid: b3f11e18-ff16-45fe-85b7-bb69e73fb17c): nice blank inventory
[22:44:01] Mrmapl3syrup (uuid: b3f11e18-ff16-45fe-85b7-bb69e73fb17c): dont let him
[22:44:07] Mrmapl3syrup (uuid: b3f11e18-ff16-45fe-85b7-bb69e73fb17c): he is optivat
[22:44:09] Mrmapl3syrup (uuid: b3f11e18-ff16-45fe-85b7-bb69e73fb17c): that is what
[22:46:16] Mrmapl3syrup (uuid: b3f11e18-ff16-45fe-85b7-bb69e73fb17c): UH
[22:46:23] Mrmapl3syrup (uuid: b3f11e18-ff16-45fe-85b7-bb69e73fb17c): HE LOGGED
[22:46:27] Mrmapl3syrup (uuid: b3f11e18-ff16-45fe-85b7-bb69e73fb17c): AND HIS STUFF DROPPED
[22:46:34] Mrmapl3syrup (uuid: b3f11e18-ff16-45fe-85b7-bb69e73fb17c): gimme it
[22:46:40] Mrmapl3syrup (uuid: b3f11e18-ff16-45fe-85b7-bb69e73fb17c): I know where his thing is
[22:54:38] Mrmapl3syrup (uuid: b3f11e18-ff16-45fe-85b7-bb69e73fb17c): dont logout
[22:54:44] Mrmapl3syrup (uuid: b3f11e18-ff16-45fe-85b7-bb69e73fb17c): ur tagged for combat rn
[22:57:06] TheRealColmagi (uuid: c98c1615-0764-41e1-848d-73152bfabe94): hello
[22:58:11] TheRealColmagi (uuid: c98c1615-0764-41e1-848d-73152bfabe94): COME ON AND SLAM
[22:58:18] TheRealColmagi (uuid: c98c1615-0764-41e1-848d-73152bfabe94): AND WELCOME TO THE JAM
[23:00:37] Mrmapl3syrup (uuid: b3f11e18-ff16-45fe-85b7-bb69e73fb17c): lol
[23:02:26] Mrmapl3syrup (uuid: b3f11e18-ff16-45fe-85b7-bb69e73fb17c): ima get off
[23:02:30] Mrmapl3syrup (uuid: b3f11e18-ff16-45fe-85b7-bb69e73fb17c): SIKE
[23:02:32] Mrmapl3syrup (uuid: b3f11e18-ff16-45fe-85b7-bb69e73fb17c): HHAHAHJ
[23:02:35] Mrmapl3syrup (uuid: b3f11e18-ff16-45fe-85b7-bb69e73fb17c): LAFFS
[23:03:18] Mrmapl3syrup (uuid: b3f11e18-ff16-45fe-85b7-bb69e73fb17c): tastes better when it is all melty?
[23:03:28] Mrmapl3syrup (uuid: b3f11e18-ff16-45fe-85b7-bb69e73fb17c): sounds like my mom on valentines day :^)
[23:04:18] Mrmapl3syrup (uuid: b3f11e18-ff16-45fe-85b7-bb69e73fb17c): AHAhahAH
[23:04:19] Mrmapl3syrup (uuid: b3f11e18-ff16-45fe-85b7-bb69e73fb17c): IM MEAN
[23:04:21] Mrmapl3syrup (uuid: b3f11e18-ff16-45fe-85b7-bb69e73fb17c): LOLOLOOl
[23:04:23] Mrmapl3syrup (uuid: b3f11e18-ff16-45fe-85b7-bb69e73fb17c): cries in spanish
[23:04:35] Mrmapl3syrup (uuid: b3f11e18-ff16-45fe-85b7-bb69e73fb17c): cries in arg
[23:04:40] Mrmapl3syrup (uuid: b3f11e18-ff16-45fe-85b7-bb69e73fb17c): ARG
[23:04:41] Mrmapl3syrup (uuid: b3f11e18-ff16-45fe-85b7-bb69e73fb17c): A
[23:04:42] Mrmapl3syrup (uuid: b3f11e18-ff16-45fe-85b7-bb69e73fb17c): R
[23:04:43] Mrmapl3syrup (uuid: b3f11e18-ff16-45fe-85b7-bb69e73fb17c): G
[23:04:44] Mrmapl3syrup (uuid: b3f11e18-ff16-45fe-85b7-bb69e73fb17c): A
[23:04:45] Mrmapl3syrup (uuid: b3f11e18-ff16-45fe-85b7-bb69e73fb17c): R
[23:04:47] Mrmapl3syrup (uuid: b3f11e18-ff16-45fe-85b7-bb69e73fb17c): G
[23:04:51] Mrmapl3syrup (uuid: b3f11e18-ff16-45fe-85b7-bb69e73fb17c): anal beads
[23:05:02] Mrmapl3syrup (uuid: b3f11e18-ff16-45fe-85b7-bb69e73fb17c): heyehehye
[23:05:05] Mrmapl3syrup (uuid: b3f11e18-ff16-45fe-85b7-bb69e73fb17c): want a
[23:05:07] Mrmapl3syrup (uuid: b3f11e18-ff16-45fe-85b7-bb69e73fb17c): diamond
[23:05:08] Mrmapl3syrup (uuid: b3f11e18-ff16-45fe-85b7-bb69e73fb17c): pick
[23:05:40] Mrmapl3syrup (uuid: b3f11e18-ff16-45fe-85b7-bb69e73fb17c): heyeh
[23:05:43] Mrmapl3syrup (uuid: b3f11e18-ff16-45fe-85b7-bb69e73fb17c): you want a diamond pick
[23:05:52] Mrmapl3syrup (uuid: b3f11e18-ff16-45fe-85b7-bb69e73fb17c): do you
[23:05:55] Mrmapl3syrup (uuid: b3f11e18-ff16-45fe-85b7-bb69e73fb17c): want a diamond pick
[23:06:04] Mrmapl3syrup (uuid: b3f11e18-ff16-45fe-85b7-bb69e73fb17c): hi
[23:06:08] Mrmapl3syrup (uuid: b3f11e18-ff16-45fe-85b7-bb69e73fb17c): here have free things
[23:06:24] Mrmapl3syrup (uuid: b3f11e18-ff16-45fe-85b7-bb69e73fb17c): WOAH
[23:06:26] Mrmapl3syrup (uuid: b3f11e18-ff16-45fe-85b7-bb69e73fb17c): A PERSON
[23:06:27] TheRealColmagi (uuid: c98c1615-0764-41e1-848d-73152bfabe94): hi
[23:06:30] TheRealColmagi (uuid: c98c1615-0764-41e1-848d-73152bfabe94): i invited him here
[23:06:30] Mrmapl3syrup (uuid: b3f11e18-ff16-45fe-85b7-bb69e73fb17c): gapples
[23:06:41] Blasttrooper55 (uuid: b1412f5f-1fd5-4bd5-8969-a350f15f2c32): nah a chicken
[23:06:43] TheRealColmagi (uuid: c98c1615-0764-41e1-848d-73152bfabe94): lol
[23:07:04] TheRealColmagi (uuid: c98c1615-0764-41e1-848d-73152bfabe94): maple
[23:07:06] TheRealColmagi (uuid: c98c1615-0764-41e1-848d-73152bfabe94): dont be an ass
[23:07:06] Mrmapl3syrup (uuid: b3f11e18-ff16-45fe-85b7-bb69e73fb17c): ye
[23:07:09] Mrmapl3syrup (uuid: b3f11e18-ff16-45fe-85b7-bb69e73fb17c): i wont lol
[23:07:13] Mrmapl3syrup (uuid: b3f11e18-ff16-45fe-85b7-bb69e73fb17c): i am not that mean
[23:07:14] Mrmapl3syrup (uuid: b3f11e18-ff16-45fe-85b7-bb69e73fb17c): jerk
[23:07:17] Mrmapl3syrup (uuid: b3f11e18-ff16-45fe-85b7-bb69e73fb17c): cries in spanish
[23:07:26] Mrmapl3syrup (uuid: b3f11e18-ff16-45fe-85b7-bb69e73fb17c): they are claimed by default when you claim land
[23:07:33] Mrmapl3syrup (uuid: b3f11e18-ff16-45fe-85b7-bb69e73fb17c): hi
[23:07:43] TheRealColmagi (uuid: c98c1615-0764-41e1-848d-73152bfabe94): wheres caleb
[23:07:43] Blasttrooper55 (uuid: b1412f5f-1fd5-4bd5-8969-a350f15f2c32): oh lmao
[23:08:16] Mrmapl3syrup (uuid: b3f11e18-ff16-45fe-85b7-bb69e73fb17c): warp OptiVillage
[23:08:19] Mrmapl3syrup (uuid: b3f11e18-ff16-45fe-85b7-bb69e73fb17c): oops
[23:08:28] TheRealColmagi (uuid: c98c1615-0764-41e1-848d-73152bfabe94): hi
[23:08:39] Mrmapl3syrup (uuid: b3f11e18-ff16-45fe-85b7-bb69e73fb17c): also do /warp village to head to the main village
[23:08:45] Mrmapl3syrup (uuid: b3f11e18-ff16-45fe-85b7-bb69e73fb17c): ask colmagi for a house there
[23:08:45] TheRealColmagi (uuid: c98c1615-0764-41e1-848d-73152bfabe94): thats the page to help u claim land
[23:08:50] TheRealColmagi (uuid: c98c1615-0764-41e1-848d-73152bfabe94): it doeesnt really matter
[23:08:55] TheRealColmagi (uuid: c98c1615-0764-41e1-848d-73152bfabe94): as long as the book works
[23:08:58] Blasttrooper55 (uuid: b1412f5f-1fd5-4bd5-8969-a350f15f2c32): oh lol ok
[23:08:58] Mrmapl3syrup (uuid: b3f11e18-ff16-45fe-85b7-bb69e73fb17c): hi
[23:09:05] TheRealColmagi (uuid: c98c1615-0764-41e1-848d-73152bfabe94): its probably filtered by antispam
[23:09:05] Mrmapl3syrup (uuid: b3f11e18-ff16-45fe-85b7-bb69e73fb17c): yeah you can get a house there
[23:09:10] Mrmapl3syrup (uuid: b3f11e18-ff16-45fe-85b7-bb69e73fb17c): do /warp village
[23:09:13] Mrmapl3syrup (uuid: b3f11e18-ff16-45fe-85b7-bb69e73fb17c): come look
[23:09:17] TheRealColmagi (uuid: c98c1615-0764-41e1-848d-73152bfabe94): u can live by urself
[23:09:22] TheRealColmagi (uuid: c98c1615-0764-41e1-848d-73152bfabe94): or u can ask opti for a home in his village
[23:09:24] TheRealColmagi (uuid: c98c1615-0764-41e1-848d-73152bfabe94): or u can live in mine
[23:09:43] Blasttrooper55 (uuid: b1412f5f-1fd5-4bd5-8969-a350f15f2c32): lol where is ur village
[23:09:47] TheRealColmagi (uuid: c98c1615-0764-41e1-848d-73152bfabe94): do /warp vilalge
[23:09:50] TheRealColmagi (uuid: c98c1615-0764-41e1-848d-73152bfabe94): village
[23:09:59] Mrmapl3syrup (uuid: b3f11e18-ff16-45fe-85b7-bb69e73fb17c): hi
[23:10:08] TheRealColmagi (uuid: c98c1615-0764-41e1-848d-73152bfabe94): someone lives there
[23:10:11] Mrmapl3syrup (uuid: b3f11e18-ff16-45fe-85b7-bb69e73fb17c): any reworks done to buildings are by me
[23:10:16] TheRealColmagi (uuid: c98c1615-0764-41e1-848d-73152bfabe94): u can choose any home
[23:10:19] Mrmapl3syrup (uuid: b3f11e18-ff16-45fe-85b7-bb69e73fb17c): like this one
[23:10:23] TheRealColmagi (uuid: c98c1615-0764-41e1-848d-73152bfabe94): minus the ones that ppl live in
[23:10:40] Blasttrooper55 (uuid: b1412f5f-1fd5-4bd5-8969-a350f15f2c32): who is here
[23:10:47] TheRealColmagi (uuid: c98c1615-0764-41e1-848d-73152bfabe94): nobody
[23:10:57] Mrmapl3syrup (uuid: b3f11e18-ff16-45fe-85b7-bb69e73fb17c): yeah it is
[23:11:02] Mrmapl3syrup (uuid: b3f11e18-ff16-45fe-85b7-bb69e73fb17c): this is owned
[23:11:06] TheRealColmagi (uuid: c98c1615-0764-41e1-848d-73152bfabe94): by who
[23:11:08] Mrmapl3syrup (uuid: b3f11e18-ff16-45fe-85b7-bb69e73fb17c): these are free
[23:11:10] Mrmapl3syrup (uuid: b3f11e18-ff16-45fe-85b7-bb69e73fb17c): me
[23:11:15] TheRealColmagi (uuid: c98c1615-0764-41e1-848d-73152bfabe94): gdi maple
[23:11:36] TheRealColmagi (uuid: c98c1615-0764-41e1-848d-73152bfabe94): cmere for a tour
[23:11:39] TheRealColmagi (uuid: c98c1615-0764-41e1-848d-73152bfabe94): heheheheheh
[23:11:40] Mrmapl3syrup (uuid: b3f11e18-ff16-45fe-85b7-bb69e73fb17c): also there is a farm
[23:11:45] Mrmapl3syrup (uuid: b3f11e18-ff16-45fe-85b7-bb69e73fb17c): made by me
[23:11:45] TheRealColmagi (uuid: c98c1615-0764-41e1-848d-73152bfabe94): cmere
[23:11:55] TheRealColmagi (uuid: c98c1615-0764-41e1-848d-73152bfabe94): in here
[23:12:10] TheRealColmagi (uuid: c98c1615-0764-41e1-848d-73152bfabe94): welcome to my secret meth lab
[23:12:14] Blasttrooper55 (uuid: b1412f5f-1fd5-4bd5-8969-a350f15f2c32): lit
[23:12:22] TheRealColmagi (uuid: c98c1615-0764-41e1-848d-73152bfabe94): so if u guys want to live here
[23:12:26] TheRealColmagi (uuid: c98c1615-0764-41e1-848d-73152bfabe94): ill trust u guys in the claim
[23:12:29] Mrmapl3syrup (uuid: b3f11e18-ff16-45fe-85b7-bb69e73fb17c): done live here
[23:12:29] TheRealColmagi (uuid: c98c1615-0764-41e1-848d-73152bfabe94): not in the lab tho
[23:12:32] Mrmapl3syrup (uuid: b3f11e18-ff16-45fe-85b7-bb69e73fb17c): this place is gay
[23:12:34] Mrmapl3syrup (uuid: b3f11e18-ff16-45fe-85b7-bb69e73fb17c): l0l
[23:12:42] Mrmapl3syrup (uuid: b3f11e18-ff16-45fe-85b7-bb69e73fb17c): china
[23:12:48] Blasttrooper55 (uuid: b1412f5f-1fd5-4bd5-8969-a350f15f2c32): how do you claim lol
[23:12:52] TheRealColmagi (uuid: c98c1615-0764-41e1-848d-73152bfabe94): gold shovel
[23:12:53] Mrmapl3syrup (uuid: b3f11e18-ff16-45fe-85b7-bb69e73fb17c): get a gold shovel
[23:12:56] TheRealColmagi (uuid: c98c1615-0764-41e1-848d-73152bfabe94): but this place is already claimed
[23:13:08] Blasttrooper55 (uuid: b1412f5f-1fd5-4bd5-8969-a350f15f2c32): so i have to go mining?
[23:13:13] TheRealColmagi (uuid: c98c1615-0764-41e1-848d-73152bfabe94): yeah
[23:13:15] Mrmapl3syrup (uuid: b3f11e18-ff16-45fe-85b7-bb69e73fb17c): You should spawn with one
[23:13:18] TheRealColmagi (uuid: c98c1615-0764-41e1-848d-73152bfabe94): unless someone gives u shit
[23:13:19] CamDog_447 (uuid: 1b4873bc-5938-46a6-b588-0968e244f24d): You should start with one though
[23:13:23] TheRealColmagi (uuid: c98c1615-0764-41e1-848d-73152bfabe94): yeah he should
[23:13:25] Blasttrooper55 (uuid: b1412f5f-1fd5-4bd5-8969-a350f15f2c32): oh ok
[23:13:28] TheRealColmagi (uuid: c98c1615-0764-41e1-848d-73152bfabe94): yeah you do
[23:13:40] TheRealColmagi (uuid: c98c1615-0764-41e1-848d-73152bfabe94): shit
[23:13:43] TheRealColmagi (uuid: c98c1615-0764-41e1-848d-73152bfabe94): just warp to vilalge again
[23:13:48] TheRealColmagi (uuid: c98c1615-0764-41e1-848d-73152bfabe94): village
[23:14:02] TheRealColmagi (uuid: c98c1615-0764-41e1-848d-73152bfabe94): so yeah pick a home
[23:14:09] Mrmapl3syrup (uuid: b3f11e18-ff16-45fe-85b7-bb69e73fb17c): my homes are the best
[23:14:09] TheRealColmagi (uuid: c98c1615-0764-41e1-848d-73152bfabe94): this little intent is free
[23:14:15] TheRealColmagi (uuid: c98c1615-0764-41e1-848d-73152bfabe94): over the bridge
[23:14:18] Mrmapl3syrup (uuid: b3f11e18-ff16-45fe-85b7-bb69e73fb17c): I plan to remodel the hole place
[23:14:21] TheRealColmagi (uuid: c98c1615-0764-41e1-848d-73152bfabe94): if someone wants it
[23:14:22] Mrmapl3syrup (uuid: b3f11e18-ff16-45fe-85b7-bb69e73fb17c): whole
[23:14:28] TheRealColmagi (uuid: c98c1615-0764-41e1-848d-73152bfabe94): comes with storage and stuff
[23:14:34] TheRealColmagi (uuid: c98c1615-0764-41e1-848d-73152bfabe94): blast i claimed this whole place
[23:14:36] TheRealColmagi (uuid: c98c1615-0764-41e1-848d-73152bfabe94): u can build in it
[23:15:03] Mrmapl3syrup (uuid: b3f11e18-ff16-45fe-85b7-bb69e73fb17c): just pick this one lol
[23:15:08] TheRealColmagi (uuid: c98c1615-0764-41e1-848d-73152bfabe94): u can live here blast
[23:15:14] TheRealColmagi (uuid: c98c1615-0764-41e1-848d-73152bfabe94): is it big enough for ya
[23:15:21] Blasttrooper55 (uuid: b1412f5f-1fd5-4bd5-8969-a350f15f2c32): do I need to claim?
[23:15:23] TheRealColmagi (uuid: c98c1615-0764-41e1-848d-73152bfabe94): no
[23:15:24] Mrmapl3syrup (uuid: b3f11e18-ff16-45fe-85b7-bb69e73fb17c): this place is noice
[23:15:25] TheRealColmagi (uuid: c98c1615-0764-41e1-848d-73152bfabe94): i do that for you
[23:15:28] Blasttrooper55 (uuid: b1412f5f-1fd5-4bd5-8969-a350f15f2c32): dont think I can sleep in ur beds
[23:15:33] Mrmapl3syrup (uuid: b3f11e18-ff16-45fe-85b7-bb69e73fb17c): you can change it how ever you want
[23:15:36] TheRealColmagi (uuid: c98c1615-0764-41e1-848d-73152bfabe94): wot
[23:15:36] Mrmapl3syrup (uuid: b3f11e18-ff16-45fe-85b7-bb69e73fb17c): just not the outside
[23:15:43] TheRealColmagi (uuid: c98c1615-0764-41e1-848d-73152bfabe94): ur trusted
[23:15:52] Mrmapl3syrup (uuid: b3f11e18-ff16-45fe-85b7-bb69e73fb17c): magi
[23:15:53] Blasttrooper55 (uuid: b1412f5f-1fd5-4bd5-8969-a350f15f2c32): gotcha
[23:15:54] Mrmapl3syrup (uuid: b3f11e18-ff16-45fe-85b7-bb69e73fb17c): cmere
[23:16:03] Mrmapl3syrup (uuid: b3f11e18-ff16-45fe-85b7-bb69e73fb17c): here
[23:16:13] Mrmapl3syrup (uuid: b3f11e18-ff16-45fe-85b7-bb69e73fb17c): mhm
[23:16:58] Mrmapl3syrup (uuid: b3f11e18-ff16-45fe-85b7-bb69e73fb17c): if you ever need food just go to the big farm
[23:17:04] Mrmapl3syrup (uuid: b3f11e18-ff16-45fe-85b7-bb69e73fb17c): make sure you replace the wheat tho
[23:17:10] Mrmapl3syrup (uuid: b3f11e18-ff16-45fe-85b7-bb69e73fb17c): or I will hang you by a rats tail
[23:17:19] Mrmapl3syrup (uuid: b3f11e18-ff16-45fe-85b7-bb69e73fb17c): with
[23:17:54] Blasttrooper55 (uuid: b1412f5f-1fd5-4bd5-8969-a350f15f2c32): is warp wild a thing
[23:17:58] Mrmapl3syrup (uuid: b3f11e18-ff16-45fe-85b7-bb69e73fb17c): nope
[23:18:01] TheRealColmagi (uuid: c98c1615-0764-41e1-848d-73152bfabe94): nah
[23:18:07] Mrmapl3syrup (uuid: b3f11e18-ff16-45fe-85b7-bb69e73fb17c): I can tp you to the middle of no where if you want lol
[23:18:09] TheRealColmagi (uuid: c98c1615-0764-41e1-848d-73152bfabe94): i find that randomtp tends to lag my server
[23:18:22] Blasttrooper55 (uuid: b1412f5f-1fd5-4bd5-8969-a350f15f2c32): lol les do it
[23:18:26] TheRealColmagi (uuid: c98c1615-0764-41e1-848d-73152bfabe94): ok maple
[23:18:29] Mrmapl3syrup (uuid: b3f11e18-ff16-45fe-85b7-bb69e73fb17c): but what about factions
[23:18:33] Mrmapl3syrup (uuid: b3f11e18-ff16-45fe-85b7-bb69e73fb17c): we are gonna like need it
[23:18:34] TheRealColmagi (uuid: c98c1615-0764-41e1-848d-73152bfabe94): ill work on it tmrw
[23:18:39] Mrmapl3syrup (uuid: b3f11e18-ff16-45fe-85b7-bb69e73fb17c): also do ! before you chat for global chat
[23:18:42] TheRealColmagi (uuid: c98c1615-0764-41e1-848d-73152bfabe94): yeah
[23:18:44] Mrmapl3syrup (uuid: b3f11e18-ff16-45fe-85b7-bb69e73fb17c): annn
[23:18:46] TheRealColmagi (uuid: c98c1615-0764-41e1-848d-73152bfabe94): we have a chat radius
[23:19:27] Mrmapl3syrup (uuid: b3f11e18-ff16-45fe-85b7-bb69e73fb17c): Do you want me to tp you away blast?
[23:19:35] TheRealColmagi (uuid: c98c1615-0764-41e1-848d-73152bfabe94): gonna do english hw brb
[23:19:40] Blasttrooper55 (uuid: b1412f5f-1fd5-4bd5-8969-a350f15f2c32): sure
[23:20:18] Blasttrooper55 (uuid: b1412f5f-1fd5-4bd5-8969-a350f15f2c32): wtf is this?
[23:20:23] TheRealColmagi (uuid: c98c1615-0764-41e1-848d-73152bfabe94): fuck english hw
[23:20:27] Mrmapl3syrup (uuid: b3f11e18-ff16-45fe-85b7-bb69e73fb17c): lol
[23:20:29] Blasttrooper55 (uuid: b1412f5f-1fd5-4bd5-8969-a350f15f2c32): like what is this
[23:21:33] Mrmapl3syrup (uuid: b3f11e18-ff16-45fe-85b7-bb69e73fb17c): im gona go burn the rest of the tree house brb
[23:21:40] TheRealColmagi (uuid: c98c1615-0764-41e1-848d-73152bfabe94): fire doesnt spread gl with that
[23:21:43] Mrmapl3syrup (uuid: b3f11e18-ff16-45fe-85b7-bb69e73fb17c): REEEE
[23:22:42] Mrmapl3syrup (uuid: b3f11e18-ff16-45fe-85b7-bb69e73fb17c): how do you enable fire spreading
[23:22:52] TheRealColmagi (uuid: c98c1615-0764-41e1-848d-73152bfabe94): oh shit i forgot to show blasttrooper walmart
[23:23:02] Blasttrooper55 (uuid: b1412f5f-1fd5-4bd5-8969-a350f15f2c32): where tf am I
[23:23:08] TheRealColmagi (uuid: c98c1615-0764-41e1-848d-73152bfabe94): yeah maple wtf
[23:23:12] Mrmapl3syrup (uuid: b3f11e18-ff16-45fe-85b7-bb69e73fb17c): ???
[23:24:21] Mrmapl3syrup (uuid: b3f11e18-ff16-45fe-85b7-bb69e73fb17c): magi
[23:24:24] TheRealColmagi (uuid: c98c1615-0764-41e1-848d-73152bfabe94): ya
[23:24:29] Mrmapl3syrup (uuid: b3f11e18-ff16-45fe-85b7-bb69e73fb17c): use world edit to get rid of it pls
[23:24:33] TheRealColmagi (uuid: c98c1615-0764-41e1-848d-73152bfabe94): ugh fine
[23:24:35] Blasttrooper55 (uuid: b1412f5f-1fd5-4bd5-8969-a350f15f2c32): I need 1024 blocks more
[23:24:40] Blasttrooper55 (uuid: b1412f5f-1fd5-4bd5-8969-a350f15f2c32): to claim this tree
[23:24:43] Blasttrooper55 (uuid: b1412f5f-1fd5-4bd5-8969-a350f15f2c32): lol
[23:24:44] Mrmapl3syrup (uuid: b3f11e18-ff16-45fe-85b7-bb69e73fb17c): dont
[23:24:45] Mrmapl3syrup (uuid: b3f11e18-ff16-45fe-85b7-bb69e73fb17c): please
[23:24:57] Blasttrooper55 (uuid: b1412f5f-1fd5-4bd5-8969-a350f15f2c32): I only have 116
[23:25:01] Mrmapl3syrup (uuid: b3f11e18-ff16-45fe-85b7-bb69e73fb17c): u need to get down btw
[23:25:06] Mrmapl3syrup (uuid: b3f11e18-ff16-45fe-85b7-bb69e73fb17c): or else u will fall and die
[23:25:06] Blasttrooper55 (uuid: b1412f5f-1fd5-4bd5-8969-a350f15f2c32): im like 900 off maybe
[23:25:16] TheRealColmagi (uuid: c98c1615-0764-41e1-848d-73152bfabe94): JBRUH
[23:25:17] Mrmapl3syrup (uuid: b3f11e18-ff16-45fe-85b7-bb69e73fb17c): rip
[23:25:18] Blasttrooper55 (uuid: b1412f5f-1fd5-4bd5-8969-a350f15f2c32): rip
[23:25:25] TheRealColmagi (uuid: c98c1615-0764-41e1-848d-73152bfabe94): sorry
[23:25:33] Blasttrooper55 (uuid: b1412f5f-1fd5-4bd5-8969-a350f15f2c32): lol its fine
[23:25:38] Mrmapl3syrup (uuid: b3f11e18-ff16-45fe-85b7-bb69e73fb17c): gasp
[23:25:41] Mrmapl3syrup (uuid: b3f11e18-ff16-45fe-85b7-bb69e73fb17c): he isnt like fuzzy
[23:25:45] TheRealColmagi (uuid: c98c1615-0764-41e1-848d-73152bfabe94): lol
[23:25:56] Blasttrooper55 (uuid: b1412f5f-1fd5-4bd5-8969-a350f15f2c32): fuzzy?
[23:26:00] TheRealColmagi (uuid: c98c1615-0764-41e1-848d-73152bfabe94): blast do /warp walmart
[23:26:02] Mrmapl3syrup (uuid: b3f11e18-ff16-45fe-85b7-bb69e73fb17c): He is a meme of mine
[23:26:13] TheRealColmagi (uuid: c98c1615-0764-41e1-848d-73152bfabe94): do /warp walmart
[23:26:15] Mrmapl3syrup (uuid: b3f11e18-ff16-45fe-85b7-bb69e73fb17c): huge ass hat who got banned
[23:26:22] Mrmapl3syrup (uuid: b3f11e18-ff16-45fe-85b7-bb69e73fb17c): tried to lie to me and magi a bunch
[23:26:27] Blasttrooper55 (uuid: b1412f5f-1fd5-4bd5-8969-a350f15f2c32): like what
[23:26:33] TheRealColmagi (uuid: c98c1615-0764-41e1-848d-73152bfabe94): remember to shout
[23:26:54] Blasttrooper55 (uuid: b1412f5f-1fd5-4bd5-8969-a350f15f2c32): you made this?
[23:26:56] TheRealColmagi (uuid: c98c1615-0764-41e1-848d-73152bfabe94): ya
[23:26:59] TheRealColmagi (uuid: c98c1615-0764-41e1-848d-73152bfabe94): with a little help
[23:27:07] Blasttrooper55 (uuid: b1412f5f-1fd5-4bd5-8969-a350f15f2c32): how long did it take
[23:27:09] TheRealColmagi (uuid: c98c1615-0764-41e1-848d-73152bfabe94): a day
[23:27:14] Blasttrooper55 (uuid: b1412f5f-1fd5-4bd5-8969-a350f15f2c32): wow
[23:27:18] TheRealColmagi (uuid: c98c1615-0764-41e1-848d-73152bfabe94): worldedit op
[23:27:21] Mrmapl3syrup (uuid: b3f11e18-ff16-45fe-85b7-bb69e73fb17c): You can own a store for a fee tho
[23:27:25] Blasttrooper55 (uuid: b1412f5f-1fd5-4bd5-8969-a350f15f2c32): whats thaht do
[23:27:28] TheRealColmagi (uuid: c98c1615-0764-41e1-848d-73152bfabe94): basiaclly
[23:27:29] Mrmapl3syrup (uuid: b3f11e18-ff16-45fe-85b7-bb69e73fb17c): No one comes here tho
[23:27:35] TheRealColmagi (uuid: c98c1615-0764-41e1-848d-73152bfabe94): build big shit with little effort
[23:27:41] Mrmapl3syrup (uuid: b3f11e18-ff16-45fe-85b7-bb69e73fb17c): magi
[23:27:41] Blasttrooper55 (uuid: b1412f5f-1fd5-4bd5-8969-a350f15f2c32): lol do I claim a shop?
[23:27:43] Mrmapl3syrup (uuid: b3f11e18-ff16-45fe-85b7-bb69e73fb17c): get
[23:27:45] Mrmapl3syrup (uuid: b3f11e18-ff16-45fe-85b7-bb69e73fb17c): rid
[23:27:48] Mrmapl3syrup (uuid: b3f11e18-ff16-45fe-85b7-bb69e73fb17c): of the 300k
[23:27:50] TheRealColmagi (uuid: c98c1615-0764-41e1-848d-73152bfabe94): why
[23:27:54] Mrmapl3syrup (uuid: b3f11e18-ff16-45fe-85b7-bb69e73fb17c): shorty cheated in
[23:27:57] Mrmapl3syrup (uuid: b3f11e18-ff16-45fe-85b7-bb69e73fb17c): he cheated it in
[23:27:59] TheRealColmagi (uuid: c98c1615-0764-41e1-848d-73152bfabe94): how much money should he have
[23:28:05] Mrmapl3syrup (uuid: b3f11e18-ff16-45fe-85b7-bb69e73fb17c): 300k less
[23:28:11] TheRealColmagi (uuid: c98c1615-0764-41e1-848d-73152bfabe94): maybe like 50k
[23:28:19] Mrmapl3syrup (uuid: b3f11e18-ff16-45fe-85b7-bb69e73fb17c): yea he had like 50k
[23:28:37] Mrmapl3syrup (uuid: b3f11e18-ff16-45fe-85b7-bb69e73fb17c): So bring him down to 50k
[23:28:41] Mrmapl3syrup (uuid: b3f11e18-ff16-45fe-85b7-bb69e73fb17c): BeCAuSe IT TRiggEres ME
[23:28:45] TheRealColmagi (uuid: c98c1615-0764-41e1-848d-73152bfabe94): i like this idea of walmart but u idiots have to come here
[23:28:48] TheRealColmagi (uuid: c98c1615-0764-41e1-848d-73152bfabe94): to buy and sell
[23:28:55] Mrmapl3syrup (uuid: b3f11e18-ff16-45fe-85b7-bb69e73fb17c): well I dont need too
[23:29:01] TheRealColmagi (uuid: c98c1615-0764-41e1-848d-73152bfabe94): fukin rich kids
[23:29:03] Mrmapl3syrup (uuid: b3f11e18-ff16-45fe-85b7-bb69e73fb17c): l0l
[23:29:11] Blasttrooper55 (uuid: b1412f5f-1fd5-4bd5-8969-a350f15f2c32): this guy is selling wool
[23:29:13] Blasttrooper55 (uuid: b1412f5f-1fd5-4bd5-8969-a350f15f2c32): lmfao
[23:29:21] Mrmapl3syrup (uuid: b3f11e18-ff16-45fe-85b7-bb69e73fb17c): still waiting for you to rape shortys priccccesss
[23:29:24] Mrmapl3syrup (uuid: b3f11e18-ff16-45fe-85b7-bb69e73fb17c): er bal
[23:29:25] TheRealColmagi (uuid: c98c1615-0764-41e1-848d-73152bfabe94): OMG
[23:29:31] Mrmapl3syrup (uuid: b3f11e18-ff16-45fe-85b7-bb69e73fb17c): Yeah this is shortys
[23:29:33] TheRealColmagi (uuid: c98c1615-0764-41e1-848d-73152bfabe94): his username changed so his signs dont even work
[23:29:42] Mrmapl3syrup (uuid: b3f11e18-ff16-45fe-85b7-bb69e73fb17c): y did it change
[23:29:49] TheRealColmagi (uuid: c98c1615-0764-41e1-848d-73152bfabe94): he says it changes on its own
[23:29:53] Mrmapl3syrup (uuid: b3f11e18-ff16-45fe-85b7-bb69e73fb17c): weird...
[23:29:56] Mrmapl3syrup (uuid: b3f11e18-ff16-45fe-85b7-bb69e73fb17c): I think he changed it
[23:30:01] Mrmapl3syrup (uuid: b3f11e18-ff16-45fe-85b7-bb69e73fb17c): things like that dont just happen
[23:30:12] Mrmapl3syrup (uuid: b3f11e18-ff16-45fe-85b7-bb69e73fb17c): YAY
[23:30:15] Mrmapl3syrup (uuid: b3f11e18-ff16-45fe-85b7-bb69e73fb17c): I AM SUPREME
[23:30:22] Mrmapl3syrup (uuid: b3f11e18-ff16-45fe-85b7-bb69e73fb17c): M<WHAHAHAHAHA
[23:30:33] Mrmapl3syrup (uuid: b3f11e18-ff16-45fe-85b7-bb69e73fb17c): go into that claim
[23:30:37] Mrmapl3syrup (uuid: b3f11e18-ff16-45fe-85b7-bb69e73fb17c): and type /delclaim
[23:30:43] Mrmapl3syrup (uuid: b3f11e18-ff16-45fe-85b7-bb69e73fb17c): good night
[23:30:48] Mrmapl3syrup (uuid: b3f11e18-ff16-45fe-85b7-bb69e73fb17c): im tired and Have school
[23:30:52] Mrmapl3syrup (uuid: b3f11e18-ff16-45fe-85b7-bb69e73fb17c): last week I think
[23:30:57] Mrmapl3syrup (uuid: b3f11e18-ff16-45fe-85b7-bb69e73fb17c): or like last two weeks idk
[23:31:08] TheRealColmagi (uuid: c98c1615-0764-41e1-848d-73152bfabe94): cya
[23:35:33] TheRealColmagi (uuid: c98c1615-0764-41e1-848d-73152bfabe94): when do u usually get on
[23:35:40] TheRealColmagi (uuid: c98c1615-0764-41e1-848d-73152bfabe94): you
[23:35:53] TheRealColmagi (uuid: c98c1615-0764-41e1-848d-73152bfabe94): k
[23:35:58] TheRealColmagi (uuid: c98c1615-0764-41e1-848d-73152bfabe94): cuz thats when i get home from school
[23:36:00] TheRealColmagi (uuid: c98c1615-0764-41e1-848d-73152bfabe94): wait
[23:36:03] TheRealColmagi (uuid: c98c1615-0764-41e1-848d-73152bfabe94): what timezone
[23:36:15] TheRealColmagi (uuid: c98c1615-0764-41e1-848d-73152bfabe94): oh thats an hour behind i think?
[23:36:19] TheRealColmagi (uuid: c98c1615-0764-41e1-848d-73152bfabe94): so ill be home b4 u
[23:36:26] TheRealColmagi (uuid: c98c1615-0764-41e1-848d-73152bfabe94): yeah thats fine
[23:36:31] TheRealColmagi (uuid: c98c1615-0764-41e1-848d-73152bfabe94): invite ur frands pls
[23:36:42] TheRealColmagi (uuid: c98c1615-0764-41e1-848d-73152bfabe94): i mean like now with the hub it seems professional xdd
[23:36:51] TheRealColmagi (uuid: c98c1615-0764-41e1-848d-73152bfabe94): yah
[23:36:56] TheRealColmagi (uuid: c98c1615-0764-41e1-848d-73152bfabe94): it was my friends house
[23:37:02] TheRealColmagi (uuid: c98c1615-0764-41e1-848d-73152bfabe94): he was an admin but stepped down
[23:37:16] TheRealColmagi (uuid: c98c1615-0764-41e1-848d-73152bfabe94): so now i have just me and no admins since bluegamer is a builder
[23:37:27] TheRealColmagi (uuid: c98c1615-0764-41e1-848d-73152bfabe94): maple acts as my pseudo admin
[23:37:51] TheRealColmagi (uuid: c98c1615-0764-41e1-848d-73152bfabe94): he was a friend from school who admined my past experiments with servers
[23:38:02] TheRealColmagi (uuid: c98c1615-0764-41e1-848d-73152bfabe94): now he doesnt play mc
[23:38:03] TheRealColmagi (uuid: c98c1615-0764-41e1-848d-73152bfabe94): so
[23:38:24] TheRealColmagi (uuid: c98c1615-0764-41e1-848d-73152bfabe94): but yeah ill send out applications for when i actually need admins
[23:38:32] TheRealColmagi (uuid: c98c1615-0764-41e1-848d-73152bfabe94): like when my server has ppl on whenever im not on lol
[23:38:41] TheRealColmagi (uuid: c98c1615-0764-41e1-848d-73152bfabe94): which is usually never
[23:38:59] TheRealColmagi (uuid: c98c1615-0764-41e1-848d-73152bfabe94): today optivat got on with wendadon while i was gone tho so i guess hes the most active
[23:39:04] TheRealColmagi (uuid: c98c1615-0764-41e1-848d-73152bfabe94): oh its like midnight
[23:39:11] TheRealColmagi (uuid: c98c1615-0764-41e1-848d-73152bfabe94): yes
[23:39:14] TheRealColmagi (uuid: c98c1615-0764-41e1-848d-73152bfabe94): i just dont sleep
[23:39:21] TheRealColmagi (uuid: c98c1615-0764-41e1-848d-73152bfabe94): plus its state testing week
[23:39:29] TheRealColmagi (uuid: c98c1615-0764-41e1-848d-73152bfabe94): and my tests are thursday so i dont expect to do jack shit tmrw
[23:39:48] TheRealColmagi (uuid: c98c1615-0764-41e1-848d-73152bfabe94): kk
[23:39:50] TheRealColmagi (uuid: c98c1615-0764-41e1-848d-73152bfabe94): gl on math text
[23:39:52] TheRealColmagi (uuid: c98c1615-0764-41e1-848d-73152bfabe94): test
[23:39:58] TheRealColmagi (uuid: c98c1615-0764-41e1-848d-73152bfabe94): the tests are kinda ez tho
[23:40:04] TheRealColmagi (uuid: c98c1615-0764-41e1-848d-73152bfabe94): like i already took the reading one
[23:40:19] TheRealColmagi (uuid: c98c1615-0764-41e1-848d-73152bfabe94): finish in 30 min and get perfect score looool
[23:40:45] TheRealColmagi (uuid: c98c1615-0764-41e1-848d-73152bfabe94): asians round time up to the hour xd
[23:40:51] TheRealColmagi (uuid: c98c1615-0764-41e1-848d-73152bfabe94): 11:40 is midnight for us
[23:41:08] TheRealColmagi (uuid: c98c1615-0764-41e1-848d-73152bfabe94): i think blast is afk
[23:41:17] TheRealColmagi (uuid: c98c1615-0764-41e1-848d-73152bfabe94): villager village
[23:41:22] TheRealColmagi (uuid: c98c1615-0764-41e1-848d-73152bfabe94): maple renovated it
[23:41:28] TheRealColmagi (uuid: c98c1615-0764-41e1-848d-73152bfabe94): idk where the vilalgers went
[23:41:34] TheRealColmagi (uuid: c98c1615-0764-41e1-848d-73152bfabe94): it was blue's old game
[23:41:37] TheRealColmagi (uuid: c98c1615-0764-41e1-848d-73152bfabe94): house
[23:41:49] TheRealColmagi (uuid: c98c1615-0764-41e1-848d-73152bfabe94): abandoned i think
[23:42:06] TheRealColmagi (uuid: c98c1615-0764-41e1-848d-73152bfabe94): we have a nightclub
[23:42:18] TheRealColmagi (uuid: c98c1615-0764-41e1-848d-73152bfabe94): acc it
[23:42:55] TheRealColmagi (uuid: c98c1615-0764-41e1-848d-73152bfabe94): u can put ur junk here and take stuff out
[23:43:28] TheRealColmagi (uuid: c98c1615-0764-41e1-848d-73152bfabe94): skele grinder
[23:43:34] TheRealColmagi (uuid: c98c1615-0764-41e1-848d-73152bfabe94): good for exp
[23:43:43] TheRealColmagi (uuid: c98c1615-0764-41e1-848d-73152bfabe94): dont know why optivat doesnt go here
[23:43:47] TheRealColmagi (uuid: c98c1615-0764-41e1-848d-73152bfabe94): he prefers xp bottles
[23:43:56] TheRealColmagi (uuid: c98c1615-0764-41e1-848d-73152bfabe94): buying
[23:44:01] TheRealColmagi (uuid: c98c1615-0764-41e1-848d-73152bfabe94): buys em from spawn market
[23:44:11] TheRealColmagi (uuid: c98c1615-0764-41e1-848d-73152bfabe94): u died rip
[23:44:17] Blasttrooper55 (uuid: b1412f5f-1fd5-4bd5-8969-a350f15f2c32): lol i jumped
[23:44:42] Blasttrooper55 (uuid: b1412f5f-1fd5-4bd5-8969-a350f15f2c32): rip
[23:45:10] TheRealColmagi (uuid: c98c1615-0764-41e1-848d-73152bfabe94): ya
[23:45:20] TheRealColmagi (uuid: c98c1615-0764-41e1-848d-73152bfabe94): i mean like /fly is a command
[23:45:29] TheRealColmagi (uuid: c98c1615-0764-41e1-848d-73152bfabe94): thats just generation
[23:45:47] Blasttrooper55 (uuid: b1412f5f-1fd5-4bd5-8969-a350f15f2c32): im stuck
[23:45:53] TheRealColmagi (uuid: c98c1615-0764-41e1-848d-73152bfabe94): oh thats why we had a block there
[23:46:02] Blasttrooper55 (uuid: b1412f5f-1fd5-4bd5-8969-a350f15f2c32): lol
[23:47:30] TheRealColmagi (uuid: c98c1615-0764-41e1-848d-73152bfabe94): free veteran kit
[23:47:36] TheRealColmagi (uuid: c98c1615-0764-41e1-848d-73152bfabe94): pick a number between 1 and 20
[23:47:41] Blasttrooper55 (uuid: b1412f5f-1fd5-4bd5-8969-a350f15f2c32): 10
[23:47:45] CamDog_447 (uuid: 1b4873bc-5938-46a6-b588-0968e244f24d): 17
[23:47:51] TheRealColmagi (uuid: c98c1615-0764-41e1-848d-73152bfabe94): camdog wins my number was 15 lol
[23:47:59] TheRealColmagi (uuid: c98c1615-0764-41e1-848d-73152bfabe94): stop running
[23:48:00] Blasttrooper55 (uuid: b1412f5f-1fd5-4bd5-8969-a350f15f2c32): lol
[23:48:18] TheRealColmagi (uuid: c98c1615-0764-41e1-848d-73152bfabe94): u should see legend kit
[23:48:33] Blasttrooper55 (uuid: b1412f5f-1fd5-4bd5-8969-a350f15f2c32): I almost picked 15
[23:48:36] TheRealColmagi (uuid: c98c1615-0764-41e1-848d-73152bfabe94): rip
[23:48:39] TheRealColmagi (uuid: c98c1615-0764-41e1-848d-73152bfabe94): neverlucky
[23:48:42] Blasttrooper55 (uuid: b1412f5f-1fd5-4bd5-8969-a350f15f2c32): cause my dumbass thought 15 was half of 20
[23:48:48] TheRealColmagi (uuid: c98c1615-0764-41e1-848d-73152bfabe94): xd
[23:49:03] Blasttrooper55 (uuid: b1412f5f-1fd5-4bd5-8969-a350f15f2c32): whats in thte veteran kit
[23:49:14] TheRealColmagi (uuid: c98c1615-0764-41e1-848d-73152bfabe94): iron gear
[23:49:15] TheRealColmagi (uuid: c98c1615-0764-41e1-848d-73152bfabe94): steak
[23:49:16] TheRealColmagi (uuid: c98c1615-0764-41e1-848d-73152bfabe94): carrots
[23:49:17] Blasttrooper55 (uuid: b1412f5f-1fd5-4bd5-8969-a350f15f2c32): oh
[23:49:19] TheRealColmagi (uuid: c98c1615-0764-41e1-848d-73152bfabe94): bow and arrows
[23:49:22] CamDog_447 (uuid: 1b4873bc-5938-46a6-b588-0968e244f24d): Yea
[23:49:24] TheRealColmagi (uuid: c98c1615-0764-41e1-848d-73152bfabe94): with low tier enchants
[23:49:27] CamDog_447 (uuid: 1b4873bc-5938-46a6-b588-0968e244f24d): Just mainly enchanted iron
[23:49:36] Blasttrooper55 (uuid: b1412f5f-1fd5-4bd5-8969-a350f15f2c32): i forgot lava kills ur stuff
[23:49:45] Blasttrooper55 (uuid: b1412f5f-1fd5-4bd5-8969-a350f15f2c32): so i murdered my starter kit :3
[23:50:26] Blasttrooper55 (uuid: b1412f5f-1fd5-4bd5-8969-a350f15f2c32): tp to anywhere
[23:51:20] Blasttrooper55 (uuid: b1412f5f-1fd5-4bd5-8969-a350f15f2c32): rape whistle*
[23:51:35] TheRealColmagi (uuid: c98c1615-0764-41e1-848d-73152bfabe94): u can spawn it in again using /kit starter
[23:51:41] Blasttrooper55 (uuid: b1412f5f-1fd5-4bd5-8969-a350f15f2c32): oh
[23:51:44] TheRealColmagi (uuid: c98c1615-0764-41e1-848d-73152bfabe94): if u spawned with the starter kit theres no cooldown
[23:52:01] Blasttrooper55 (uuid: b1412f5f-1fd5-4bd5-8969-a350f15f2c32): cool
[23:52:30] Blasttrooper55 (uuid: b1412f5f-1fd5-4bd5-8969-a350f15f2c32): wtf is this?
[23:52:34] TheRealColmagi (uuid: c98c1615-0764-41e1-848d-73152bfabe94): we did good work today boys
[23:52:40] TheRealColmagi (uuid: c98c1615-0764-41e1-848d-73152bfabe94): no wait none of u were on the hub buildinjg
[23:52:58] TheRealColmagi (uuid: c98c1615-0764-41e1-848d-73152bfabe94): just a prank bro xddd
[23:53:15] Blasttrooper55 (uuid: b1412f5f-1fd5-4bd5-8969-a350f15f2c32): I claimed this hourse
[23:53:17] Blasttrooper55 (uuid: b1412f5f-1fd5-4bd5-8969-a350f15f2c32): house
[23:53:17] TheRealColmagi (uuid: c98c1615-0764-41e1-848d-73152bfabe94): i need to stop watching random yt vids and finish my damn hw
[23:54:01] Blasttrooper55 (uuid: b1412f5f-1fd5-4bd5-8969-a350f15f2c32): wait wtf
[23:54:12] Blasttrooper55 (uuid: b1412f5f-1fd5-4bd5-8969-a350f15f2c32): where are there gold blocks everywhere
[23:54:13] TheRealColmagi (uuid: c98c1615-0764-41e1-848d-73152bfabe94): brb goin to hub
[23:57:31] Blasttrooper55 (uuid: b1412f5f-1fd5-4bd5-8969-a350f15f2c32): magi come here
[23:57:50] Blasttrooper55 (uuid: b1412f5f-1fd5-4bd5-8969-a350f15f2c32): wtf is this
[23:58:12] Blasttrooper55 (uuid: b1412f5f-1fd5-4bd5-8969-a350f15f2c32): tp here
[23:59:13] TheRealColmagi (uuid: c98c1615-0764-41e1-848d-73152bfabe94): oh its this village
[23:59:20] Blasttrooper55 (uuid: b1412f5f-1fd5-4bd5-8969-a350f15f2c32): no the cobble
[23:59:24] TheRealColmagi (uuid: c98c1615-0764-41e1-848d-73152bfabe94): the really fucked up generated one
