[19:15:46] watermelonman53 (uuid: 26666a91-29a2-487f-bda5-16d4919282a0): hi
[19:17:24] TheRealColmagi (uuid: c98c1615-0764-41e1-848d-73152bfabe94): meme
[19:17:41] watermelonman53 (uuid: 26666a91-29a2-487f-bda5-16d4919282a0): cream
[19:17:44] TheRealColmagi (uuid: c98c1615-0764-41e1-848d-73152bfabe94): machine
[19:18:06] TheRealColmagi (uuid: c98c1615-0764-41e1-848d-73152bfabe94): why is there a random village house here
[19:18:15] watermelonman53 (uuid: 26666a91-29a2-487f-bda5-16d4919282a0): no reson
[19:18:21] TheRealColmagi (uuid: c98c1615-0764-41e1-848d-73152bfabe94): what u nerds do
[19:19:00] TheRealColmagi (uuid: c98c1615-0764-41e1-848d-73152bfabe94): u have mail my montenegro
[19:19:37] TheRealColmagi (uuid: c98c1615-0764-41e1-848d-73152bfabe94): does maple live in this bunker compound
[19:19:48] watermelonman53 (uuid: 26666a91-29a2-487f-bda5-16d4919282a0): yes
[19:19:55] TheRealColmagi (uuid: c98c1615-0764-41e1-848d-73152bfabe94): also whats the point of these rails if u dont have a minecraft or powered rails
[19:20:12] TheRealColmagi (uuid: c98c1615-0764-41e1-848d-73152bfabe94): take these
[19:20:17] TheRealColmagi (uuid: c98c1615-0764-41e1-848d-73152bfabe94): my gift to u
[19:20:18] watermelonman53 (uuid: 26666a91-29a2-487f-bda5-16d4919282a0): no rsison
[19:21:04] TheRealColmagi (uuid: c98c1615-0764-41e1-848d-73152bfabe94): bigger nigger
[19:21:07] TheRealColmagi (uuid: c98c1615-0764-41e1-848d-73152bfabe94): bicker nicker
[19:21:11] TheRealColmagi (uuid: c98c1615-0764-41e1-848d-73152bfabe94): wtf am i doing
[19:21:12] TheRealColmagi (uuid: c98c1615-0764-41e1-848d-73152bfabe94): im just bored
[19:21:20] TheRealColmagi (uuid: c98c1615-0764-41e1-848d-73152bfabe94): wheres maple
[19:21:23] TheRealColmagi (uuid: c98c1615-0764-41e1-848d-73152bfabe94): o wait
[19:21:28] TheRealColmagi (uuid: c98c1615-0764-41e1-848d-73152bfabe94): playing leagay of legendgay
[19:21:32] TheRealColmagi (uuid: c98c1615-0764-41e1-848d-73152bfabe94): ima ban him for that
[19:23:01] TheRealColmagi (uuid: c98c1615-0764-41e1-848d-73152bfabe94): u make ur own mob grinder?
[19:23:04] TheRealColmagi (uuid: c98c1615-0764-41e1-848d-73152bfabe94): i dun see mobs
[19:23:16] TheRealColmagi (uuid: c98c1615-0764-41e1-848d-73152bfabe94): ur literally a few min walk away from the village
[19:23:19] TheRealColmagi (uuid: c98c1615-0764-41e1-848d-73152bfabe94): we have a mob grinder
[19:23:24] watermelonman53 (uuid: 26666a91-29a2-487f-bda5-16d4919282a0): we expected the mob spawner to cost less
[19:23:32] TheRealColmagi (uuid: c98c1615-0764-41e1-848d-73152bfabe94): lel rip
[19:25:14] TheRealColmagi (uuid: c98c1615-0764-41e1-848d-73152bfabe94): gonna play rl
[19:35:18] Mrmapl3syrup (uuid: b3f11e18-ff16-45fe-85b7-bb69e73fb17c): colmagi
[19:35:25] Mrmapl3syrup (uuid: b3f11e18-ff16-45fe-85b7-bb69e73fb17c): We went to the end c:
[21:00:10] TheBlueGamer0 (uuid: 654713d4-034f-41ff-acad-c3b9ced485de): hat
[21:04:27] Mrmapl3syrup (uuid: b3f11e18-ff16-45fe-85b7-bb69e73fb17c): kinky af
[21:04:30] Mrmapl3syrup (uuid: b3f11e18-ff16-45fe-85b7-bb69e73fb17c): e d g y
[21:24:22] masteroftheepics (uuid: 4150cd4b-a415-4298-bdc7-c9e330b466cc): cookies
[21:24:24] TheBlueGamer0 (uuid: 654713d4-034f-41ff-acad-c3b9ced485de): welcome!
[21:24:28] TheBlueGamer0 (uuid: 654713d4-034f-41ff-acad-c3b9ced485de): welcome!
[21:24:31] masteroftheepics (uuid: 4150cd4b-a415-4298-bdc7-c9e330b466cc): I found a new vanilla server
[21:24:34] masteroftheepics (uuid: 4150cd4b-a415-4298-bdc7-c9e330b466cc): Its pretty dank
[21:24:39] masteroftheepics (uuid: 4150cd4b-a415-4298-bdc7-c9e330b466cc): hai jordan
[21:24:45] masteroftheepics (uuid: 4150cd4b-a415-4298-bdc7-c9e330b466cc): yo
[21:24:46] TheBlueGamer0 (uuid: 654713d4-034f-41ff-acad-c3b9ced485de): btw the house itsnt buildable on
[21:24:48] masteroftheepics (uuid: 4150cd4b-a415-4298-bdc7-c9e330b466cc): Blue
[21:24:52] TheBlueGamer0 (uuid: 654713d4-034f-41ff-acad-c3b9ced485de): ?
[21:24:58] masteroftheepics (uuid: 4150cd4b-a415-4298-bdc7-c9e330b466cc): I cant get outta my house now :(
[21:25:09] masteroftheepics (uuid: 4150cd4b-a415-4298-bdc7-c9e330b466cc): Not able to open door
[21:25:13] TheBlueGamer0 (uuid: 654713d4-034f-41ff-acad-c3b9ced485de): wait
[21:25:26] masteroftheepics (uuid: 4150cd4b-a415-4298-bdc7-c9e330b466cc): thnx
[21:25:29] TheBlueGamer0 (uuid: 654713d4-034f-41ff-acad-c3b9ced485de): np
[21:25:41] Mrmapl3syrup (uuid: b3f11e18-ff16-45fe-85b7-bb69e73fb17c): NIGERIAN
[21:25:45] masteroftheepics (uuid: 4150cd4b-a415-4298-bdc7-c9e330b466cc): why is it off?
[21:25:53] jordan501anime (uuid: 11ae6a58-e679-400a-a7d0-ede83ab00418): is there a desert
[21:26:02] TheBlueGamer0 (uuid: 654713d4-034f-41ff-acad-c3b9ced485de): somewhere there is
[21:26:32] jordan501anime (uuid: 11ae6a58-e679-400a-a7d0-ede83ab00418): please leave maple
[21:26:35] Mrmapl3syrup (uuid: b3f11e18-ff16-45fe-85b7-bb69e73fb17c): why
[21:26:46] jordan501anime (uuid: 11ae6a58-e679-400a-a7d0-ede83ab00418): -_- you know why
[21:26:53] Mrmapl3syrup (uuid: b3f11e18-ff16-45fe-85b7-bb69e73fb17c): Not really
[21:27:13] masteroftheepics (uuid: 4150cd4b-a415-4298-bdc7-c9e330b466cc): oh is it only off here
[21:27:17] masteroftheepics (uuid: 4150cd4b-a415-4298-bdc7-c9e330b466cc): or all round thw world
[21:27:45] masteroftheepics (uuid: 4150cd4b-a415-4298-bdc7-c9e330b466cc): blue is the nodestroy off only here or everywhere
[21:27:54] Mrmapl3syrup (uuid: b3f11e18-ff16-45fe-85b7-bb69e73fb17c): only there
[21:27:56] TheBlueGamer0 (uuid: 654713d4-034f-41ff-acad-c3b9ced485de): only there, for now
[21:28:47] jordan501anime (uuid: 11ae6a58-e679-400a-a7d0-ede83ab00418): FUCK OFF
[21:28:50] masteroftheepics (uuid: 4150cd4b-a415-4298-bdc7-c9e330b466cc): i wish james would turn off mob dmg
[21:29:00] masteroftheepics (uuid: 4150cd4b-a415-4298-bdc7-c9e330b466cc): to blocks
[21:29:23] Mrmapl3syrup (uuid: b3f11e18-ff16-45fe-85b7-bb69e73fb17c): IM UNDER ASSAULT
[21:29:26] TheBlueGamer0 (uuid: 654713d4-034f-41ff-acad-c3b9ced485de): ?
[21:29:32] Mrmapl3syrup (uuid: b3f11e18-ff16-45fe-85b7-bb69e73fb17c): IM BEING RAPED
[21:29:36] TheBlueGamer0 (uuid: 654713d4-034f-41ff-acad-c3b9ced485de): who is hitting you
[21:30:08] watermelonman53 (uuid: 26666a91-29a2-487f-bda5-16d4919282a0): jordan is hitting maple for no reson
[21:30:11] jordan501anime (uuid: 11ae6a58-e679-400a-a7d0-ede83ab00418): DUDE
[21:30:18] TheBlueGamer0 (uuid: 654713d4-034f-41ff-acad-c3b9ced485de): dude stop
[21:30:27] Mrmapl3syrup (uuid: b3f11e18-ff16-45fe-85b7-bb69e73fb17c): YEAH MY ASS CANT TAKE IT
[21:30:42] masteroftheepics (uuid: 4150cd4b-a415-4298-bdc7-c9e330b466cc): hm what ass
[21:30:54] masteroftheepics (uuid: 4150cd4b-a415-4298-bdc7-c9e330b466cc): right
[21:30:58] masteroftheepics (uuid: 4150cd4b-a415-4298-bdc7-c9e330b466cc): ditch the guy that cant fly
[21:31:18] Mrmapl3syrup (uuid: b3f11e18-ff16-45fe-85b7-bb69e73fb17c): LMAO
[21:31:19] Mrmapl3syrup (uuid: b3f11e18-ff16-45fe-85b7-bb69e73fb17c): OOPS
[21:31:21] TheBlueGamer0 (uuid: 654713d4-034f-41ff-acad-c3b9ced485de): really
[21:31:22] masteroftheepics (uuid: 4150cd4b-a415-4298-bdc7-c9e330b466cc): dude
[21:31:25] jordan501anime (uuid: 11ae6a58-e679-400a-a7d0-ede83ab00418): FUCK OFF
[21:31:28] masteroftheepics (uuid: 4150cd4b-a415-4298-bdc7-c9e330b466cc):  I see that LMAO
[21:31:31] Mrmapl3syrup (uuid: b3f11e18-ff16-45fe-85b7-bb69e73fb17c): WE WERE TRYING TO PULL A PRANK
[21:31:34] Mrmapl3syrup (uuid: b3f11e18-ff16-45fe-85b7-bb69e73fb17c): ON YOU
[21:31:37] Mrmapl3syrup (uuid: b3f11e18-ff16-45fe-85b7-bb69e73fb17c): AND YOU DIED
[21:31:41] masteroftheepics (uuid: 4150cd4b-a415-4298-bdc7-c9e330b466cc): ur pranks arent appreciated
[21:31:51] TheBlueGamer0 (uuid: 654713d4-034f-41ff-acad-c3b9ced485de): get pranked faggot :P
[21:36:57] Mrmapl3syrup (uuid: b3f11e18-ff16-45fe-85b7-bb69e73fb17c): nice chest
[21:37:28] jordan501anime (uuid: 11ae6a58-e679-400a-a7d0-ede83ab00418): i need to talk to colmagi real quik
[21:38:08] masteroftheepics (uuid: 4150cd4b-a415-4298-bdc7-c9e330b466cc): ey nigger
[21:38:14] masteroftheepics (uuid: 4150cd4b-a415-4298-bdc7-c9e330b466cc): GET THE FUCK ON HERE
[21:39:13] TheRealColmagi (uuid: c98c1615-0764-41e1-848d-73152bfabe94): hey
[21:39:20] TheBlueGamer0 (uuid: 654713d4-034f-41ff-acad-c3b9ced485de): yo
[21:39:35] TheRealColmagi (uuid: c98c1615-0764-41e1-848d-73152bfabe94): maple
[21:39:37] TheRealColmagi (uuid: c98c1615-0764-41e1-848d-73152bfabe94): stop
[21:39:38] Mrmapl3syrup (uuid: b3f11e18-ff16-45fe-85b7-bb69e73fb17c): ye
[21:39:42] TheRealColmagi (uuid: c98c1615-0764-41e1-848d-73152bfabe94): whoevers fucking with jordan
[21:39:43] TheRealColmagi (uuid: c98c1615-0764-41e1-848d-73152bfabe94): stop it
[21:39:57] TheRealColmagi (uuid: c98c1615-0764-41e1-848d-73152bfabe94): ok
[21:40:01] TheRealColmagi (uuid: c98c1615-0764-41e1-848d-73152bfabe94): i dont want any pranks on this server
[21:40:05] TheRealColmagi (uuid: c98c1615-0764-41e1-848d-73152bfabe94): that kill people
[21:40:12] Mrmapl3syrup (uuid: b3f11e18-ff16-45fe-85b7-bb69e73fb17c): it wasnt intentional
[21:40:23] TheRealColmagi (uuid: c98c1615-0764-41e1-848d-73152bfabe94): i dont want pranks that have the potential to kill people either
[21:40:31] Mrmapl3syrup (uuid: b3f11e18-ff16-45fe-85b7-bb69e73fb17c): all I did was punch him
[21:40:34] masteroftheepics (uuid: 4150cd4b-a415-4298-bdc7-c9e330b466cc): *cough* *Cough*
[21:40:35] Mrmapl3syrup (uuid: b3f11e18-ff16-45fe-85b7-bb69e73fb17c): 3 times
[21:40:41] jordan501anime (uuid: 11ae6a58-e679-400a-a7d0-ede83ab00418): into creeper
[21:40:43] masteroftheepics (uuid: 4150cd4b-a415-4298-bdc7-c9e330b466cc): *COUGH*
[21:40:43] TheRealColmagi (uuid: c98c1615-0764-41e1-848d-73152bfabe94): putting a few blocks in their chests is harmless
[21:40:49] masteroftheepics (uuid: 4150cd4b-a415-4298-bdc7-c9e330b466cc): *COUGH*
[21:40:49] masteroftheepics (uuid: 4150cd4b-a415-4298-bdc7-c9e330b466cc): *COUGH*
[21:40:50] masteroftheepics (uuid: 4150cd4b-a415-4298-bdc7-c9e330b466cc): *COUGH*
[21:40:50] masteroftheepics (uuid: 4150cd4b-a415-4298-bdc7-c9e330b466cc): *COUGH*
[21:40:50] masteroftheepics (uuid: 4150cd4b-a415-4298-bdc7-c9e330b466cc): *COUGH*
[21:40:51] masteroftheepics (uuid: 4150cd4b-a415-4298-bdc7-c9e330b466cc): *COUGH*
[21:40:51] Mrmapl3syrup (uuid: b3f11e18-ff16-45fe-85b7-bb69e73fb17c): I didnt mean to do that xd
[21:40:53] TheRealColmagi (uuid: c98c1615-0764-41e1-848d-73152bfabe94): directly pvping someone and killing them
[21:40:56] TheRealColmagi (uuid: c98c1615-0764-41e1-848d-73152bfabe94): is not a prank
[21:41:01] Mrmapl3syrup (uuid: b3f11e18-ff16-45fe-85b7-bb69e73fb17c): I didnt know he was low
[21:41:04] masteroftheepics (uuid: 4150cd4b-a415-4298-bdc7-c9e330b466cc): *COUGH*
[21:41:12] TheRealColmagi (uuid: c98c1615-0764-41e1-848d-73152bfabe94): unless it is a duel and both parties §lCONSENT to the duel
[21:41:16] TheBlueGamer0 (uuid: 654713d4-034f-41ff-acad-c3b9ced485de): lol 9 days
[21:41:18] TheRealColmagi (uuid: c98c1615-0764-41e1-848d-73152bfabe94): blue
[21:41:19] TheRealColmagi (uuid: c98c1615-0764-41e1-848d-73152bfabe94): what the fuck
[21:41:21] Mrmapl3syrup (uuid: b3f11e18-ff16-45fe-85b7-bb69e73fb17c): edgy
[21:41:25] masteroftheepics (uuid: 4150cd4b-a415-4298-bdc7-c9e330b466cc): hm
[21:41:26] TheBlueGamer0 (uuid: 654713d4-034f-41ff-acad-c3b9ced485de): i meant 10 mins
[21:41:28] masteroftheepics (uuid: 4150cd4b-a415-4298-bdc7-c9e330b466cc): xD
[21:41:30] TheRealColmagi (uuid: c98c1615-0764-41e1-848d-73152bfabe94): tell him to shut up
[21:41:33] TheRealColmagi (uuid: c98c1615-0764-41e1-848d-73152bfabe94): dont ban him
[21:41:37] TheBlueGamer0 (uuid: 654713d4-034f-41ff-acad-c3b9ced485de): i muted him , not ban
[21:41:43] TheRealColmagi (uuid: c98c1615-0764-41e1-848d-73152bfabe94): yeah
[21:41:43] TheBlueGamer0 (uuid: 654713d4-034f-41ff-acad-c3b9ced485de): idiot
[21:41:47] TheRealColmagi (uuid: c98c1615-0764-41e1-848d-73152bfabe94): tell him to shut up first
[21:41:48] masteroftheepics (uuid: 4150cd4b-a415-4298-bdc7-c9e330b466cc): A cake magically appeared on my furnace. wonderful
[21:41:54] TheRealColmagi (uuid: c98c1615-0764-41e1-848d-73152bfabe94): dont be trigger happy
[21:41:59] TheRealColmagi (uuid: c98c1615-0764-41e1-848d-73152bfabe94): give him a warning
[21:42:03] TheRealColmagi (uuid: c98c1615-0764-41e1-848d-73152bfabe94): also shut up fuzzy
[21:42:06] TheBlueGamer0 (uuid: 654713d4-034f-41ff-acad-c3b9ced485de): :/
[21:42:12] TheRealColmagi (uuid: c98c1615-0764-41e1-848d-73152bfabe94): maple dont fucking randomly kill people
[21:42:13] masteroftheepics (uuid: 4150cd4b-a415-4298-bdc7-c9e330b466cc): Call me YOUR ROYAL NIGGER
[21:42:15] TheRealColmagi (uuid: c98c1615-0764-41e1-848d-73152bfabe94): dont call it a prank
[21:42:22] TheRealColmagi (uuid: c98c1615-0764-41e1-848d-73152bfabe94): master shut up or i will actually mute you
[21:42:26] Mrmapl3syrup (uuid: b3f11e18-ff16-45fe-85b7-bb69e73fb17c): xd
[21:42:30] masteroftheepics (uuid: 4150cd4b-a415-4298-bdc7-c9e330b466cc): Dont know who ur talking to
[21:42:33] masteroftheepics (uuid: 4150cd4b-a415-4298-bdc7-c9e330b466cc): i have 3 names
[21:42:37] masteroftheepics (uuid: 4150cd4b-a415-4298-bdc7-c9e330b466cc): Master, fuzzy, and ian
[21:42:50] jordan501anime (uuid: 11ae6a58-e679-400a-a7d0-ede83ab00418): i have a nick name to
[21:42:56] TheRealColmagi (uuid: c98c1615-0764-41e1-848d-73152bfabe94): im trying to get some sense of order on this server
[21:42:58] TheRealColmagi (uuid: c98c1615-0764-41e1-848d-73152bfabe94): now shut up
[21:42:59] jordan501anime (uuid: 11ae6a58-e679-400a-a7d0-ede83ab00418): big veiny gerthy daddy
[21:43:06] TheRealColmagi (uuid: c98c1615-0764-41e1-848d-73152bfabe94): maple stop fucking killing people
[21:43:09] jordan501anime (uuid: 11ae6a58-e679-400a-a7d0-ede83ab00418): im not kidding either
[21:43:10] Mrmapl3syrup (uuid: b3f11e18-ff16-45fe-85b7-bb69e73fb17c): huh
[21:43:11] TheRealColmagi (uuid: c98c1615-0764-41e1-848d-73152bfabe94): jordan did u lose anything
[21:43:15] Mrmapl3syrup (uuid: b3f11e18-ff16-45fe-85b7-bb69e73fb17c): no he didnt
[21:43:17] jordan501anime (uuid: 11ae6a58-e679-400a-a7d0-ede83ab00418): no
[21:43:18] TheRealColmagi (uuid: c98c1615-0764-41e1-848d-73152bfabe94): literally all the deaths have been you maple
[21:43:23] masteroftheepics (uuid: 4150cd4b-a415-4298-bdc7-c9e330b466cc): meanwhile, your names are nigger, jew, james, colmagi, fuckface, dickhead, asshole, pussystrecther etc.
[21:43:23] TheRealColmagi (uuid: c98c1615-0764-41e1-848d-73152bfabe94): you killed someone by hanging them
[21:43:29] masteroftheepics (uuid: 4150cd4b-a415-4298-bdc7-c9e330b466cc): sorry
[21:43:32] Mrmapl3syrup (uuid: b3f11e18-ff16-45fe-85b7-bb69e73fb17c): ?
[21:43:43] TheBlueGamer0 (uuid: 654713d4-034f-41ff-acad-c3b9ced485de): heccin
[21:43:45] TheRealColmagi (uuid: c98c1615-0764-41e1-848d-73152bfabe94): fishing rod
[21:43:50] Mrmapl3syrup (uuid: b3f11e18-ff16-45fe-85b7-bb69e73fb17c): oh lol
[21:43:51] TheRealColmagi (uuid: c98c1615-0764-41e1-848d-73152bfabe94): you or watermelon
[21:43:53] TheRealColmagi (uuid: c98c1615-0764-41e1-848d-73152bfabe94): stop it
[21:43:57] watermelonman53 (uuid: 26666a91-29a2-487f-bda5-16d4919282a0): that was me
[21:43:59] Mrmapl3syrup (uuid: b3f11e18-ff16-45fe-85b7-bb69e73fb17c): that was a while ago xd
[21:44:03] TheRealColmagi (uuid: c98c1615-0764-41e1-848d-73152bfabe94): i understand you paid for this shit but stop abusing it to kill people
[21:44:12] Mrmapl3syrup (uuid: b3f11e18-ff16-45fe-85b7-bb69e73fb17c): We arnt intentionaly doing it
[21:44:25] TheRealColmagi (uuid: c98c1615-0764-41e1-848d-73152bfabe94): they're trying to have a decent experience and dont want to take damage for no reason other than "pranks"
[21:44:38] Mrmapl3syrup (uuid: b3f11e18-ff16-45fe-85b7-bb69e73fb17c): well it gets boring :I
[21:44:53] TheRealColmagi (uuid: c98c1615-0764-41e1-848d-73152bfabe94): then turn off godmode and go do vanilla survival
[21:44:53] jordan501anime (uuid: 11ae6a58-e679-400a-a7d0-ede83ab00418): play the game then
[21:44:57] TheRealColmagi (uuid: c98c1615-0764-41e1-848d-73152bfabe94): jordan has fun doing it
[21:45:02] jordan501anime (uuid: 11ae6a58-e679-400a-a7d0-ede83ab00418): who did it
[21:45:05] Mrmapl3syrup (uuid: b3f11e18-ff16-45fe-85b7-bb69e73fb17c): we are too xd
[21:45:07] TheRealColmagi (uuid: c98c1615-0764-41e1-848d-73152bfabe94): and so does everyone else who didnt pay for a rank
[21:45:15] TheRealColmagi (uuid: c98c1615-0764-41e1-848d-73152bfabe94): i dont care what you do just stop pranking ppl
[21:45:17] TheRealColmagi (uuid: c98c1615-0764-41e1-848d-73152bfabe94): leave them be
[21:45:17] jordan501anime (uuid: 11ae6a58-e679-400a-a7d0-ede83ab00418): who set me on fire
[21:45:19] Mrmapl3syrup (uuid: b3f11e18-ff16-45fe-85b7-bb69e73fb17c): aight
[21:45:20] jordan501anime (uuid: 11ae6a58-e679-400a-a7d0-ede83ab00418): wtf
[21:45:23] Mrmapl3syrup (uuid: b3f11e18-ff16-45fe-85b7-bb69e73fb17c): idk
[21:45:33] TheRealColmagi (uuid: c98c1615-0764-41e1-848d-73152bfabe94): and dont fucking connect my house with gavins
[21:45:35] Mrmapl3syrup (uuid: b3f11e18-ff16-45fe-85b7-bb69e73fb17c): someone set jordan on fire
[21:45:48] TheRealColmagi (uuid: c98c1615-0764-41e1-848d-73152bfabe94): wtf
[21:45:56] Mrmapl3syrup (uuid: b3f11e18-ff16-45fe-85b7-bb69e73fb17c): I dont have flint and steel on me
[21:46:01] jordan501anime (uuid: 11ae6a58-e679-400a-a7d0-ede83ab00418): how tho
[21:46:04] Mrmapl3syrup (uuid: b3f11e18-ff16-45fe-85b7-bb69e73fb17c): idk
[21:46:05] masteroftheepics (uuid: 4150cd4b-a415-4298-bdc7-c9e330b466cc): Rip cant acess my crates
[21:46:11] TheRealColmagi (uuid: c98c1615-0764-41e1-848d-73152bfabe94): what crates
[21:46:15] masteroftheepics (uuid: 4150cd4b-a415-4298-bdc7-c9e330b466cc): in my home
[21:46:22] TheBlueGamer0 (uuid: 654713d4-034f-41ff-acad-c3b9ced485de): lol chests
[21:46:27] masteroftheepics (uuid: 4150cd4b-a415-4298-bdc7-c9e330b466cc): can u put these inside
[21:46:29] TheRealColmagi (uuid: c98c1615-0764-41e1-848d-73152bfabe94): so many goddamn houses here
[21:46:38] TheRealColmagi (uuid: c98c1615-0764-41e1-848d-73152bfabe94): inside what
[21:46:47] masteroftheepics (uuid: 4150cd4b-a415-4298-bdc7-c9e330b466cc): my chest
[21:46:49] masteroftheepics (uuid: 4150cd4b-a415-4298-bdc7-c9e330b466cc): in my home
[21:46:55] masteroftheepics (uuid: 4150cd4b-a415-4298-bdc7-c9e330b466cc): he turned off building
[21:47:00] TheRealColmagi (uuid: c98c1615-0764-41e1-848d-73152bfabe94): who
[21:47:01] TheBlueGamer0 (uuid: 654713d4-034f-41ff-acad-c3b9ced485de): wait
[21:47:02] masteroftheepics (uuid: 4150cd4b-a415-4298-bdc7-c9e330b466cc): i have no perms here
[21:47:04] masteroftheepics (uuid: 4150cd4b-a415-4298-bdc7-c9e330b466cc): blue
[21:47:07] TheRealColmagi (uuid: c98c1615-0764-41e1-848d-73152bfabe94): blue wtf?
[21:47:10] TheBlueGamer0 (uuid: 654713d4-034f-41ff-acad-c3b9ced485de): me, i was doung something
[21:47:13] TheRealColmagi (uuid: c98c1615-0764-41e1-848d-73152bfabe94): r u using the claim plugin
[21:47:20] masteroftheepics (uuid: 4150cd4b-a415-4298-bdc7-c9e330b466cc): rregions xD
[21:47:24] TheBlueGamer0 (uuid: 654713d4-034f-41ff-acad-c3b9ced485de): yes, the world ot one
[21:47:27] TheBlueGamer0 (uuid: 654713d4-034f-41ff-acad-c3b9ced485de): just wait
[21:47:38] TheRealColmagi (uuid: c98c1615-0764-41e1-848d-73152bfabe94): jesus watermelon has terrible connection issues
[21:47:41] TheBlueGamer0 (uuid: 654713d4-034f-41ff-acad-c3b9ced485de): im the builder here, i have my reasons
[21:47:48] TheRealColmagi (uuid: c98c1615-0764-41e1-848d-73152bfabe94): also did u copy paste these houses
[21:47:52] TheRealColmagi (uuid: c98c1615-0764-41e1-848d-73152bfabe94): cuz it looks like u did
[21:48:03] TheBlueGamer0 (uuid: 654713d4-034f-41ff-acad-c3b9ced485de): only one
[21:48:04] masteroftheepics (uuid: 4150cd4b-a415-4298-bdc7-c9e330b466cc): He used BLACK magic
[21:48:11] TheBlueGamer0 (uuid: 654713d4-034f-41ff-acad-c3b9ced485de): tehy are all the same
[21:48:12] masteroftheepics (uuid: 4150cd4b-a415-4298-bdc7-c9e330b466cc): aka making them build rlly fast
[21:48:26] TheRealColmagi (uuid: c98c1615-0764-41e1-848d-73152bfabe94): well is nice place
[21:48:31] TheBlueGamer0 (uuid: 654713d4-034f-41ff-acad-c3b9ced485de): ty
[21:48:34] TheRealColmagi (uuid: c98c1615-0764-41e1-848d-73152bfabe94): ill go back to jordan and see if he died yet
[21:48:38] masteroftheepics (uuid: 4150cd4b-a415-4298-bdc7-c9e330b466cc): hey
[21:48:43] masteroftheepics (uuid: 4150cd4b-a415-4298-bdc7-c9e330b466cc): Colmagi, can i get a reank
[21:48:45] TheRealColmagi (uuid: c98c1615-0764-41e1-848d-73152bfabe94): jordan
[21:48:48] masteroftheepics (uuid: 4150cd4b-a415-4298-bdc7-c9e330b466cc): With 99 cents
[21:48:52] TheRealColmagi (uuid: c98c1615-0764-41e1-848d-73152bfabe94): idk
[21:48:54] TheRealColmagi (uuid: c98c1615-0764-41e1-848d-73152bfabe94): what u givin me
[21:48:57] Mrmapl3syrup (uuid: b3f11e18-ff16-45fe-85b7-bb69e73fb17c): 99 cents
[21:48:58] masteroftheepics (uuid: 4150cd4b-a415-4298-bdc7-c9e330b466cc): 99 cents
[21:49:06] jordan501anime (uuid: 11ae6a58-e679-400a-a7d0-ede83ab00418): i didnt give you notin
[21:49:10] TheRealColmagi (uuid: c98c1615-0764-41e1-848d-73152bfabe94): take it
[21:49:11] watermelonman53 (uuid: 26666a91-29a2-487f-bda5-16d4919282a0): three fiddy
[21:49:12] jordan501anime (uuid: 11ae6a58-e679-400a-a7d0-ede83ab00418): ttt
[21:49:18] TheRealColmagi (uuid: c98c1615-0764-41e1-848d-73152bfabe94): im apologizing for letting maple do this shit
[21:49:19] jordan501anime (uuid: 11ae6a58-e679-400a-a7d0-ede83ab00418): ok...
[21:49:27] TheRealColmagi (uuid: c98c1615-0764-41e1-848d-73152bfabe94): in what
[21:49:30] TheBlueGamer0 (uuid: 654713d4-034f-41ff-acad-c3b9ced485de): two hunnit and fiddy dollah
[21:49:30] TheRealColmagi (uuid: c98c1615-0764-41e1-848d-73152bfabe94): steam funds?
[21:49:33] masteroftheepics (uuid: 4150cd4b-a415-4298-bdc7-c9e330b466cc): Wait, can u fish diamonds
[21:49:34] TheRealColmagi (uuid: c98c1615-0764-41e1-848d-73152bfabe94): keys?
[21:49:35] masteroftheepics (uuid: 4150cd4b-a415-4298-bdc7-c9e330b466cc): Nah a visa
[21:49:40] masteroftheepics (uuid: 4150cd4b-a415-4298-bdc7-c9e330b466cc): A visa?
[21:49:59] TheRealColmagi (uuid: c98c1615-0764-41e1-848d-73152bfabe94): i dont have a bank acc
[21:50:05] masteroftheepics (uuid: 4150cd4b-a415-4298-bdc7-c9e330b466cc): YOU DONT NEED ONE
[21:50:06] TheRealColmagi (uuid: c98c1615-0764-41e1-848d-73152bfabe94): i take tf2 keys and rl keys
[21:50:22] TheRealColmagi (uuid: c98c1615-0764-41e1-848d-73152bfabe94): rocket league preferred since i already have tf2 keys
[21:50:22] masteroftheepics (uuid: 4150cd4b-a415-4298-bdc7-c9e330b466cc): So
[21:50:27] TheBlueGamer0 (uuid: 654713d4-034f-41ff-acad-c3b9ced485de): master
[21:50:28] masteroftheepics (uuid: 4150cd4b-a415-4298-bdc7-c9e330b466cc): My house keys work?
[21:50:32] TheBlueGamer0 (uuid: 654713d4-034f-41ff-acad-c3b9ced485de): you can build now
[21:50:36] masteroftheepics (uuid: 4150cd4b-a415-4298-bdc7-c9e330b466cc): thnx
[21:50:39] TheRealColmagi (uuid: c98c1615-0764-41e1-848d-73152bfabe94): look if ur not gonna be serious im gonna turn u down
[21:50:48] masteroftheepics (uuid: 4150cd4b-a415-4298-bdc7-c9e330b466cc): But u said rl keys -__
[21:50:55] TheRealColmagi (uuid: c98c1615-0764-41e1-848d-73152bfabe94): rocket league
[21:50:57] TheRealColmagi (uuid: c98c1615-0764-41e1-848d-73152bfabe94): not irl
[21:50:57] masteroftheepics (uuid: 4150cd4b-a415-4298-bdc7-c9e330b466cc): OHHHH
[21:50:57] Mrmapl3syrup (uuid: b3f11e18-ff16-45fe-85b7-bb69e73fb17c): rocket league xd
[21:51:06] masteroftheepics (uuid: 4150cd4b-a415-4298-bdc7-c9e330b466cc): Oh i thought u mean real life
[21:51:15] masteroftheepics (uuid: 4150cd4b-a415-4298-bdc7-c9e330b466cc): sorry
[21:51:22] masteroftheepics (uuid: 4150cd4b-a415-4298-bdc7-c9e330b466cc): can i do anything WITHOUT Money
[21:51:28] masteroftheepics (uuid: 4150cd4b-a415-4298-bdc7-c9e330b466cc): like getting u lunch
[21:51:37] TheRealColmagi (uuid: c98c1615-0764-41e1-848d-73152bfabe94): i have money in my school lunch acc
[21:51:45] masteroftheepics (uuid: 4150cd4b-a415-4298-bdc7-c9e330b466cc): U can have my milk?
[21:51:48] TheBlueGamer0 (uuid: 654713d4-034f-41ff-acad-c3b9ced485de): same
[21:51:52] TheRealColmagi (uuid: c98c1615-0764-41e1-848d-73152bfabe94): i take steam game shit
[21:51:56] masteroftheepics (uuid: 4150cd4b-a415-4298-bdc7-c9e330b466cc): aww
[21:51:58] TheBlueGamer0 (uuid: 654713d4-034f-41ff-acad-c3b9ced485de): colmagi
[21:52:01] TheRealColmagi (uuid: c98c1615-0764-41e1-848d-73152bfabe94): what
[21:52:04] jordan501anime (uuid: 11ae6a58-e679-400a-a7d0-ede83ab00418): colmagi do you have a paypal
[21:52:05] TheBlueGamer0 (uuid: 654713d4-034f-41ff-acad-c3b9ced485de): i got cs:go
[21:52:10] TheRealColmagi (uuid: c98c1615-0764-41e1-848d-73152bfabe94): cyka blyat
[21:52:12] TheRealColmagi (uuid: c98c1615-0764-41e1-848d-73152bfabe94): csgo is bad
[21:52:32] TheBlueGamer0 (uuid: 654713d4-034f-41ff-acad-c3b9ced485de): buy p90 rhash Bee
[21:52:37] masteroftheepics (uuid: 4150cd4b-a415-4298-bdc7-c9e330b466cc): How bout this
[21:52:44] masteroftheepics (uuid: 4150cd4b-a415-4298-bdc7-c9e330b466cc): i can give u my old steam account
[21:52:51] TheRealColmagi (uuid: c98c1615-0764-41e1-848d-73152bfabe94): its vac banned
[21:52:54] masteroftheepics (uuid: 4150cd4b-a415-4298-bdc7-c9e330b466cc): Worth bout 500 dollars
[21:52:57] masteroftheepics (uuid: 4150cd4b-a415-4298-bdc7-c9e330b466cc): shuddup
[21:52:59] Mrmapl3syrup (uuid: b3f11e18-ff16-45fe-85b7-bb69e73fb17c): hacker
[21:53:02] Mrmapl3syrup (uuid: b3f11e18-ff16-45fe-85b7-bb69e73fb17c): xd
[21:53:06] masteroftheepics (uuid: 4150cd4b-a415-4298-bdc7-c9e330b466cc): My ass
[21:53:19] TheRealColmagi (uuid: c98c1615-0764-41e1-848d-73152bfabe94): its vac banned
[21:53:21] Mrmapl3syrup (uuid: b3f11e18-ff16-45fe-85b7-bb69e73fb17c): hecking is bed
[21:53:22] TheRealColmagi (uuid: c98c1615-0764-41e1-848d-73152bfabe94): i cant use it
[21:53:26] masteroftheepics (uuid: 4150cd4b-a415-4298-bdc7-c9e330b466cc): mmmmmm anything not involving money
[21:53:53] masteroftheepics (uuid: 4150cd4b-a415-4298-bdc7-c9e330b466cc): OMG I FISHED AN INFINITY BOW
[21:53:58] masteroftheepics (uuid: 4150cd4b-a415-4298-bdc7-c9e330b466cc): GGGGGGGGGGGGGGGGGGGG
[21:54:07] Mrmapl3syrup (uuid: b3f11e18-ff16-45fe-85b7-bb69e73fb17c): I have a god bow xd
[21:54:13] Mrmapl3syrup (uuid: b3f11e18-ff16-45fe-85b7-bb69e73fb17c): well its named that xd
[21:54:15] masteroftheepics (uuid: 4150cd4b-a415-4298-bdc7-c9e330b466cc): Opwer III
[21:54:23] masteroftheepics (uuid: 4150cd4b-a415-4298-bdc7-c9e330b466cc): and infinity
[21:54:42] masteroftheepics (uuid: 4150cd4b-a415-4298-bdc7-c9e330b466cc): and a saddle
[21:54:53] TheBlueGamer0 (uuid: 654713d4-034f-41ff-acad-c3b9ced485de): IM MOD BECAUSE I BUILD ALL THE SHIT
[21:54:58] TheBlueGamer0 (uuid: 654713d4-034f-41ff-acad-c3b9ced485de): woops
[21:55:06] Mrmapl3syrup (uuid: b3f11e18-ff16-45fe-85b7-bb69e73fb17c): ye he does deserve some profit
[21:55:11] masteroftheepics (uuid: 4150cd4b-a415-4298-bdc7-c9e330b466cc): Im default cuz im shorter than james
[21:55:20] TheRealColmagi (uuid: c98c1615-0764-41e1-848d-73152bfabe94): my admin doesnt even get paid for this
[21:55:25] TheRealColmagi (uuid: c98c1615-0764-41e1-848d-73152bfabe94): he does it cuz he enjoys it
[21:55:29] masteroftheepics (uuid: 4150cd4b-a415-4298-bdc7-c9e330b466cc): and cuz hubert dosent play mc
[21:55:37] Mrmapl3syrup (uuid: b3f11e18-ff16-45fe-85b7-bb69e73fb17c): he didnt build a thing tho
[21:55:48] masteroftheepics (uuid: 4150cd4b-a415-4298-bdc7-c9e330b466cc): What if i make mc art
[21:56:08] TheRealColmagi (uuid: c98c1615-0764-41e1-848d-73152bfabe94): just pay me money and you'll have a rank
[21:56:15] masteroftheepics (uuid: 4150cd4b-a415-4298-bdc7-c9e330b466cc): I dont have money
[21:56:23] masteroftheepics (uuid: 4150cd4b-a415-4298-bdc7-c9e330b466cc): I can give u almost empty visas
[21:56:28] masteroftheepics (uuid: 4150cd4b-a415-4298-bdc7-c9e330b466cc): After i use em on cr
[21:56:28] TheRealColmagi (uuid: c98c1615-0764-41e1-848d-73152bfabe94): uh no
[21:57:34] masteroftheepics (uuid: 4150cd4b-a415-4298-bdc7-c9e330b466cc): Can i just invite random people to the server
[21:57:38] Mrmapl3syrup (uuid: b3f11e18-ff16-45fe-85b7-bb69e73fb17c): yes
[21:57:41] TheRealColmagi (uuid: c98c1615-0764-41e1-848d-73152bfabe94): oh yeah get ppl on
[21:57:41] masteroftheepics (uuid: 4150cd4b-a415-4298-bdc7-c9e330b466cc): Or do u want it private
[21:57:46] TheRealColmagi (uuid: c98c1615-0764-41e1-848d-73152bfabe94): public server
[21:57:50] TheRealColmagi (uuid: c98c1615-0764-41e1-848d-73152bfabe94): the more ppl the more donations
[21:57:53] masteroftheepics (uuid: 4150cd4b-a415-4298-bdc7-c9e330b466cc): Then put it on mc server list
[21:57:57] masteroftheepics (uuid: 4150cd4b-a415-4298-bdc7-c9e330b466cc): Use a proxy bot
[21:57:59] TheRealColmagi (uuid: c98c1615-0764-41e1-848d-73152bfabe94): but tell them its only on when im non
[21:58:00] TheRealColmagi (uuid: c98c1615-0764-41e1-848d-73152bfabe94): on
[21:58:01] masteroftheepics (uuid: 4150cd4b-a415-4298-bdc7-c9e330b466cc): To vote for it
[21:58:11] masteroftheepics (uuid: 4150cd4b-a415-4298-bdc7-c9e330b466cc): nobodys gonna stay
[21:58:17] masteroftheepics (uuid: 4150cd4b-a415-4298-bdc7-c9e330b466cc): If it isnt 24/7
[21:58:28] TheRealColmagi (uuid: c98c1615-0764-41e1-848d-73152bfabe94): cuz if u couldnt tell already i cant keep it 24/7 cuz my mom gets triggered for wasting energy
[21:58:40] masteroftheepics (uuid: 4150cd4b-a415-4298-bdc7-c9e330b466cc): Server hoster?
[21:58:45] TheRealColmagi (uuid: c98c1615-0764-41e1-848d-73152bfabe94): i dont have money for that
[21:58:53] masteroftheepics (uuid: 4150cd4b-a415-4298-bdc7-c9e330b466cc): Dont u have an allowance
[21:58:54] TheBlueGamer0 (uuid: 654713d4-034f-41ff-acad-c3b9ced485de): Y O U G R E E D Y D I R T B A G!
[21:58:54] TheBlueGamer0 (uuid: 654713d4-034f-41ff-acad-c3b9ced485de): Y O U G R E E D Y D I R T B A G!
[21:58:55] TheBlueGamer0 (uuid: 654713d4-034f-41ff-acad-c3b9ced485de): Y O U G R E E D Y D I R T B A G!
[21:58:55] TheBlueGamer0 (uuid: 654713d4-034f-41ff-acad-c3b9ced485de): Y O U G R E E D Y D I R T B A G!
[21:58:55] TheBlueGamer0 (uuid: 654713d4-034f-41ff-acad-c3b9ced485de): Y O U G R E E D Y D I R T B A G!
[21:58:56] Mrmapl3syrup (uuid: b3f11e18-ff16-45fe-85b7-bb69e73fb17c): YOU GREEDY DIRTBAG
[21:58:56] TheBlueGamer0 (uuid: 654713d4-034f-41ff-acad-c3b9ced485de): Y O U G R E E D Y D I R T B A G!
[21:58:57] TheBlueGamer0 (uuid: 654713d4-034f-41ff-acad-c3b9ced485de): Y O U G R E E D Y D I R T B A G!
[21:58:57] Mrmapl3syrup (uuid: b3f11e18-ff16-45fe-85b7-bb69e73fb17c): YOU GREEDY DIRTBAG
[21:58:59] TheBlueGamer0 (uuid: 654713d4-034f-41ff-acad-c3b9ced485de): Y O U G R E E D Y D I R T B A G!
[21:59:00] TheBlueGamer0 (uuid: 654713d4-034f-41ff-acad-c3b9ced485de): Y O U G R E E D Y D I R T B A G!
[21:59:00] TheBlueGamer0 (uuid: 654713d4-034f-41ff-acad-c3b9ced485de): Y O U G R E E D Y D I R T B A G!
[21:59:00] TheBlueGamer0 (uuid: 654713d4-034f-41ff-acad-c3b9ced485de): Y O U G R E E D Y D I R T B A G!
[21:59:01] masteroftheepics (uuid: 4150cd4b-a415-4298-bdc7-c9e330b466cc): Can u mute him
[21:59:01] TheBlueGamer0 (uuid: 654713d4-034f-41ff-acad-c3b9ced485de): Y O U G R E E D Y D I R T B A G!
[21:59:01] TheRealColmagi (uuid: c98c1615-0764-41e1-848d-73152bfabe94): i dont have an allowance
[21:59:01] TheBlueGamer0 (uuid: 654713d4-034f-41ff-acad-c3b9ced485de): Y O U G R E E D Y D I R T B A G!
[21:59:02] TheBlueGamer0 (uuid: 654713d4-034f-41ff-acad-c3b9ced485de): Y O U G R E E D Y D I R T B A G!
[21:59:02] TheBlueGamer0 (uuid: 654713d4-034f-41ff-acad-c3b9ced485de): Y O U G R E E D Y D I R T B A G!
[21:59:02] TheBlueGamer0 (uuid: 654713d4-034f-41ff-acad-c3b9ced485de): Y O U G R E E D Y D I R T B A G!
[21:59:03] TheBlueGamer0 (uuid: 654713d4-034f-41ff-acad-c3b9ced485de): Y O U G R E E D Y D I R T B A G!
[21:59:04] TheBlueGamer0 (uuid: 654713d4-034f-41ff-acad-c3b9ced485de): Y O U G R E E D Y D I R T B A G!
[21:59:05] TheBlueGamer0 (uuid: 654713d4-034f-41ff-acad-c3b9ced485de): Y O U G R E E D Y D I R T B A G!
[21:59:08] masteroftheepics (uuid: 4150cd4b-a415-4298-bdc7-c9e330b466cc): mute him
[21:59:11] Mrmapl3syrup (uuid: b3f11e18-ff16-45fe-85b7-bb69e73fb17c): greed
[21:59:12] watermelonman53 (uuid: 26666a91-29a2-487f-bda5-16d4919282a0): YOU GREEDY DIRT BAG
[21:59:15] watermelonman53 (uuid: 26666a91-29a2-487f-bda5-16d4919282a0): YOU GREEDY DIRT BAG
[21:59:23] TheRealColmagi (uuid: c98c1615-0764-41e1-848d-73152bfabe94): jesus fuck
[21:59:26] TheRealColmagi (uuid: c98c1615-0764-41e1-848d-73152bfabe94): i dont have an allowance
[21:59:29] TheRealColmagi (uuid: c98c1615-0764-41e1-848d-73152bfabe94): i cant pay for shit
[21:59:30] masteroftheepics (uuid: 4150cd4b-a415-4298-bdc7-c9e330b466cc): me neither
[21:59:33] Mrmapl3syrup (uuid: b3f11e18-ff16-45fe-85b7-bb69e73fb17c): neither do I
[21:59:35] TheBlueGamer0 (uuid: 654713d4-034f-41ff-acad-c3b9ced485de): calm down mr krabs
[21:59:36] watermelonman53 (uuid: 26666a91-29a2-487f-bda5-16d4919282a0): NIETHER DO I
[22:00:22] TheBlueGamer0 (uuid: 654713d4-034f-41ff-acad-c3b9ced485de): i clean my whole entire house every week and i havent earned a penny off of it
[22:00:27] TheRealColmagi (uuid: c98c1615-0764-41e1-848d-73152bfabe94): r u guys triggered cuz i told u to stop acting like retards and killing jordan
[22:00:28] TheBlueGamer0 (uuid: 654713d4-034f-41ff-acad-c3b9ced485de): so dont complain
[22:00:32] masteroftheepics (uuid: 4150cd4b-a415-4298-bdc7-c9e330b466cc): not me
[22:00:36] masteroftheepics (uuid: 4150cd4b-a415-4298-bdc7-c9e330b466cc): I CANT FLY
[22:00:36] Mrmapl3syrup (uuid: b3f11e18-ff16-45fe-85b7-bb69e73fb17c): not really lol
[22:00:43] masteroftheepics (uuid: 4150cd4b-a415-4298-bdc7-c9e330b466cc): So i cant troll
[22:00:58] Mrmapl3syrup (uuid: b3f11e18-ff16-45fe-85b7-bb69e73fb17c): I didnt prank him using fly xd
[22:01:06] TheRealColmagi (uuid: c98c1615-0764-41e1-848d-73152bfabe94): you still killed him like wtf
[22:01:07] masteroftheepics (uuid: 4150cd4b-a415-4298-bdc7-c9e330b466cc): U pranked me using it
[22:01:13] Mrmapl3syrup (uuid: b3f11e18-ff16-45fe-85b7-bb69e73fb17c): IT was an accident
[22:01:21] masteroftheepics (uuid: 4150cd4b-a415-4298-bdc7-c9e330b466cc): OH YA SURE
[22:01:25] Mrmapl3syrup (uuid: b3f11e18-ff16-45fe-85b7-bb69e73fb17c): it was
[22:01:37] masteroftheepics (uuid: 4150cd4b-a415-4298-bdc7-c9e330b466cc): Taking a fishing rod and launching me in the air- AN ACCIDENT?
[22:01:40] masteroftheepics (uuid: 4150cd4b-a415-4298-bdc7-c9e330b466cc): ha
[22:01:44] masteroftheepics (uuid: 4150cd4b-a415-4298-bdc7-c9e330b466cc): And multiple times too
[22:01:50] Mrmapl3syrup (uuid: b3f11e18-ff16-45fe-85b7-bb69e73fb17c): no the launching you in the air wasnt an accident xd
[22:01:54] Mrmapl3syrup (uuid: b3f11e18-ff16-45fe-85b7-bb69e73fb17c): the death part was xd
[22:02:04] masteroftheepics (uuid: 4150cd4b-a415-4298-bdc7-c9e330b466cc): You shouldve known
[22:02:08] masteroftheepics (uuid: 4150cd4b-a415-4298-bdc7-c9e330b466cc): it was over 10 times
[22:02:14] Mrmapl3syrup (uuid: b3f11e18-ff16-45fe-85b7-bb69e73fb17c): it was 3 times
[22:02:16] masteroftheepics (uuid: 4150cd4b-a415-4298-bdc7-c9e330b466cc): nope
[22:02:32] watermelonman53 (uuid: 26666a91-29a2-487f-bda5-16d4919282a0): THAT WAS ME
[22:02:36] Mrmapl3syrup (uuid: b3f11e18-ff16-45fe-85b7-bb69e73fb17c): xd
[22:02:40] TheRealColmagi (uuid: c98c1615-0764-41e1-848d-73152bfabe94): omfg
[22:02:52] TheBlueGamer0 (uuid: 654713d4-034f-41ff-acad-c3b9ced485de): LADIES, LADIES, YOU ARE ALL BEAUTIFUL, NO NEED TO ARGUE
[22:02:59] Mrmapl3syrup (uuid: b3f11e18-ff16-45fe-85b7-bb69e73fb17c): woah
[22:03:04] Mrmapl3syrup (uuid: b3f11e18-ff16-45fe-85b7-bb69e73fb17c): when did u get diamond armo
[22:03:05] Mrmapl3syrup (uuid: b3f11e18-ff16-45fe-85b7-bb69e73fb17c): r
[22:03:06] masteroftheepics (uuid: 4150cd4b-a415-4298-bdc7-c9e330b466cc): I was gonna say "Kill me now" But i thought about how gay maple was
[22:03:09] TheRealColmagi (uuid: c98c1615-0764-41e1-848d-73152bfabe94): i gave it to him
[22:03:18] masteroftheepics (uuid: 4150cd4b-a415-4298-bdc7-c9e330b466cc): And how literally he would take that
[22:03:21] TheRealColmagi (uuid: c98c1615-0764-41e1-848d-73152bfabe94): for conpensation for my friends being idiots and killing him
[22:03:22] jordan501anime (uuid: 11ae6a58-e679-400a-a7d0-ede83ab00418): ALL HAIL GOOOOOOD
[22:03:27] Mrmapl3syrup (uuid: b3f11e18-ff16-45fe-85b7-bb69e73fb17c): xd
[22:03:29] TheRealColmagi (uuid: c98c1615-0764-41e1-848d-73152bfabe94): *compensation
[22:03:35] TheRealColmagi (uuid: c98c1615-0764-41e1-848d-73152bfabe94): you can go back now jordan
[22:03:54] masteroftheepics (uuid: 4150cd4b-a415-4298-bdc7-c9e330b466cc): Is there a better strategy for fishing?
[22:03:59] Mrmapl3syrup (uuid: b3f11e18-ff16-45fe-85b7-bb69e73fb17c): not really xd
[22:04:08] jordan501anime (uuid: 11ae6a58-e679-400a-a7d0-ede83ab00418): is there a nether portal at village
[22:04:11] TheRealColmagi (uuid: c98c1615-0764-41e1-848d-73152bfabe94): yah
[22:04:12] Mrmapl3syrup (uuid: b3f11e18-ff16-45fe-85b7-bb69e73fb17c): yeah
[22:04:14] TheRealColmagi (uuid: c98c1615-0764-41e1-848d-73152bfabe94): we got mob spawnser
[22:04:18] masteroftheepics (uuid: 4150cd4b-a415-4298-bdc7-c9e330b466cc): Except for eating blowfish AM I RIGHT?
[22:04:19] TheRealColmagi (uuid: c98c1615-0764-41e1-848d-73152bfabe94): spawners
[22:04:29] Mrmapl3syrup (uuid: b3f11e18-ff16-45fe-85b7-bb69e73fb17c): lol
[22:04:33] Mrmapl3syrup (uuid: b3f11e18-ff16-45fe-85b7-bb69e73fb17c): I remember that xd
[22:04:38] Mrmapl3syrup (uuid: b3f11e18-ff16-45fe-85b7-bb69e73fb17c): that was funny af
[22:04:45] masteroftheepics (uuid: 4150cd4b-a415-4298-bdc7-c9e330b466cc): I had google on my side
[22:04:45] TheRealColmagi (uuid: c98c1615-0764-41e1-848d-73152bfabe94): im gonna go play some tf2
[22:04:51] TheRealColmagi (uuid: c98c1615-0764-41e1-848d-73152bfabe94): dont break the server
[22:04:55] Mrmapl3syrup (uuid: b3f11e18-ff16-45fe-85b7-bb69e73fb17c): too late
[22:04:55] masteroftheepics (uuid: 4150cd4b-a415-4298-bdc7-c9e330b466cc): ayy bow unbreaking III
[22:04:57] TheBlueGamer0 (uuid: 654713d4-034f-41ff-acad-c3b9ced485de): wait
[22:05:03] TheRealColmagi (uuid: c98c1615-0764-41e1-848d-73152bfabe94): what
[22:05:26] TheRealColmagi (uuid: c98c1615-0764-41e1-848d-73152bfabe94): hurry up blue
[22:05:27] TheRealColmagi (uuid: c98c1615-0764-41e1-848d-73152bfabe94): what
[22:05:31] TheBlueGamer0 (uuid: 654713d4-034f-41ff-acad-c3b9ced485de): if he is so gullable to eat a pufferfish then he deserves to be laughed at, it a prank, dill with it
[22:05:40] masteroftheepics (uuid: 4150cd4b-a415-4298-bdc7-c9e330b466cc): I didnt eat it
[22:05:43] Mrmapl3syrup (uuid: b3f11e18-ff16-45fe-85b7-bb69e73fb17c): xd
[22:05:43] masteroftheepics (uuid: 4150cd4b-a415-4298-bdc7-c9e330b466cc): I googled it upo
[22:05:48] TheBlueGamer0 (uuid: 654713d4-034f-41ff-acad-c3b9ced485de): oh
[22:05:56] masteroftheepics (uuid: 4150cd4b-a415-4298-bdc7-c9e330b466cc): im not a retard
[22:06:01] masteroftheepics (uuid: 4150cd4b-a415-4298-bdc7-c9e330b466cc): unlike some people here
[22:06:07] watermelonman53 (uuid: 26666a91-29a2-487f-bda5-16d4919282a0): dix
[22:06:08] Mrmapl3syrup (uuid: b3f11e18-ff16-45fe-85b7-bb69e73fb17c): lol
[22:06:11] TheRealColmagi (uuid: c98c1615-0764-41e1-848d-73152bfabe94): every goddamn time i log on theres another random building
[22:06:12] Mrmapl3syrup (uuid: b3f11e18-ff16-45fe-85b7-bb69e73fb17c): yeah we are stupif
[22:06:18] Mrmapl3syrup (uuid: b3f11e18-ff16-45fe-85b7-bb69e73fb17c): dont have to make it so obvious xd
[22:06:19] TheRealColmagi (uuid: c98c1615-0764-41e1-848d-73152bfabe94): what do u guys do in ur spare time
[22:06:28] Mrmapl3syrup (uuid: b3f11e18-ff16-45fe-85b7-bb69e73fb17c): troll little kids
[22:06:30] Mrmapl3syrup (uuid: b3f11e18-ff16-45fe-85b7-bb69e73fb17c): xd
[22:06:32] masteroftheepics (uuid: 4150cd4b-a415-4298-bdc7-c9e330b466cc): havent u seen the girls at my house
[22:06:38] Mrmapl3syrup (uuid: b3f11e18-ff16-45fe-85b7-bb69e73fb17c): not really
[22:06:40] jordan501anime (uuid: 11ae6a58-e679-400a-a7d0-ede83ab00418): fap
[22:06:46] Mrmapl3syrup (uuid: b3f11e18-ff16-45fe-85b7-bb69e73fb17c): well memed xdddd
[22:06:57] masteroftheepics (uuid: 4150cd4b-a415-4298-bdc7-c9e330b466cc): Unlike SOMEONE
[22:07:02] Mrmapl3syrup (uuid: b3f11e18-ff16-45fe-85b7-bb69e73fb17c): yeah me xd
[22:07:10] masteroftheepics (uuid: 4150cd4b-a415-4298-bdc7-c9e330b466cc): Watching 1hr versions of "Quite a spicy meme"
[22:07:19] masteroftheepics (uuid: 4150cd4b-a415-4298-bdc7-c9e330b466cc): *cough*
[22:07:20] Mrmapl3syrup (uuid: b3f11e18-ff16-45fe-85b7-bb69e73fb17c): thats gross
[22:08:25] Mrmapl3syrup (uuid: b3f11e18-ff16-45fe-85b7-bb69e73fb17c): wat enchantments r on ur armor
[22:10:16] Mrmapl3syrup (uuid: b3f11e18-ff16-45fe-85b7-bb69e73fb17c): also why didnt you just give him a tomb of undying or what ever magi
[22:10:28] Mrmapl3syrup (uuid: b3f11e18-ff16-45fe-85b7-bb69e73fb17c): instead of a whole set of enchanted diamond armor xd
[22:10:47] TheRealColmagi (uuid: c98c1615-0764-41e1-848d-73152bfabe94): im going to tf2
[22:10:55] Mrmapl3syrup (uuid: b3f11e18-ff16-45fe-85b7-bb69e73fb17c): What enchantments are on ur armor
[22:11:39] jordan501anime (uuid: 11ae6a58-e679-400a-a7d0-ede83ab00418): HAEY
[22:11:40] TheBlueGamer0 (uuid: 654713d4-034f-41ff-acad-c3b9ced485de): dude i can look at whoevers i want
[22:11:44] TheBlueGamer0 (uuid: 654713d4-034f-41ff-acad-c3b9ced485de): back off
[22:11:54] TheRealColmagi (uuid: c98c1615-0764-41e1-848d-73152bfabe94): and why is that
[22:12:08] masteroftheepics (uuid: 4150cd4b-a415-4298-bdc7-c9e330b466cc): Cuz niggers do what they want
[22:12:30] TheBlueGamer0 (uuid: 654713d4-034f-41ff-acad-c3b9ced485de): because im a mod, i keep people in check, what if im just curious, what if im checking for x-ray
[22:12:36] TheBlueGamer0 (uuid: 654713d4-034f-41ff-acad-c3b9ced485de): you wouldnt know
[22:12:40] TheBlueGamer0 (uuid: 654713d4-034f-41ff-acad-c3b9ced485de): so back off
[22:12:42] Mrmapl3syrup (uuid: b3f11e18-ff16-45fe-85b7-bb69e73fb17c): xd
[22:12:51] Mrmapl3syrup (uuid: b3f11e18-ff16-45fe-85b7-bb69e73fb17c): he did catch me once
[22:12:52] TheRealColmagi (uuid: c98c1615-0764-41e1-848d-73152bfabe94): uhh invsee doesnt detect xray
[22:13:05] TheBlueGamer0 (uuid: 654713d4-034f-41ff-acad-c3b9ced485de): if they are getting diamonds fast
[22:13:11] Mrmapl3syrup (uuid: b3f11e18-ff16-45fe-85b7-bb69e73fb17c): like me
[22:13:11] TheBlueGamer0 (uuid: 654713d4-034f-41ff-acad-c3b9ced485de): ? duh
[22:13:14] TheRealColmagi (uuid: c98c1615-0764-41e1-848d-73152bfabe94): is jordan even mining
[22:13:18] TheBlueGamer0 (uuid: 654713d4-034f-41ff-acad-c3b9ced485de): i cught maple with it
[22:13:21] TheBlueGamer0 (uuid: 654713d4-034f-41ff-acad-c3b9ced485de): no
[22:13:24] Mrmapl3syrup (uuid: b3f11e18-ff16-45fe-85b7-bb69e73fb17c): He got a whole set of diamond armor
[22:13:27] Mrmapl3syrup (uuid: b3f11e18-ff16-45fe-85b7-bb69e73fb17c): thats ENCHANTED
[22:13:32] TheRealColmagi (uuid: c98c1615-0764-41e1-848d-73152bfabe94): i have already said i GAVE IT TO HIM
[22:13:36] Mrmapl3syrup (uuid: b3f11e18-ff16-45fe-85b7-bb69e73fb17c): o yeah
[22:13:42] masteroftheepics (uuid: 4150cd4b-a415-4298-bdc7-c9e330b466cc): Welp gg
[22:13:44] masteroftheepics (uuid: 4150cd4b-a415-4298-bdc7-c9e330b466cc): Bye
[22:13:44] Mrmapl3syrup (uuid: b3f11e18-ff16-45fe-85b7-bb69e73fb17c): Why not give him a Tome Of UNdying
[22:13:45] TheBlueGamer0 (uuid: 654713d4-034f-41ff-acad-c3b9ced485de): EXPLAIN, WHY THE FUCK AM I NOT ALLOWED TO DO MY JOB HUH? STINGY BITCH, GO BACK TO TF2
[22:13:53] masteroftheepics (uuid: 4150cd4b-a415-4298-bdc7-c9e330b466cc): ooh
[22:13:55] masteroftheepics (uuid: 4150cd4b-a415-4298-bdc7-c9e330b466cc): Nigga
[22:14:02] TheRealColmagi (uuid: c98c1615-0764-41e1-848d-73152bfabe94): use your mod powers under reasonable suspicion
[22:14:02] TheBlueGamer0 (uuid: 654713d4-034f-41ff-acad-c3b9ced485de): LIKE IM FUCKING DONE
[22:14:08] TheBlueGamer0 (uuid: 654713d4-034f-41ff-acad-c3b9ced485de): GO BACK T TF2
[22:14:08] masteroftheepics (uuid: 4150cd4b-a415-4298-bdc7-c9e330b466cc): gtg bye
[22:14:10] TheRealColmagi (uuid: c98c1615-0764-41e1-848d-73152bfabe94): think of it like the fucking police force
[22:14:15] Mrmapl3syrup (uuid: b3f11e18-ff16-45fe-85b7-bb69e73fb17c): Yeah
[22:14:20] TheRealColmagi (uuid: c98c1615-0764-41e1-848d-73152bfabe94): do the police randomly check ur house?
[22:14:22] TheBlueGamer0 (uuid: 654713d4-034f-41ff-acad-c3b9ced485de): AND DO YOU WANT TO KNOW WHY I LOOKED?
[22:14:24] TheRealColmagi (uuid: c98c1615-0764-41e1-848d-73152bfabe94): no they need a warrant
[22:14:25] Mrmapl3syrup (uuid: b3f11e18-ff16-45fe-85b7-bb69e73fb17c): Its like someone suddenly getting a million dollars
[22:14:32] Mrmapl3syrup (uuid: b3f11e18-ff16-45fe-85b7-bb69e73fb17c): well this is minecraft'
[22:14:34] TheRealColmagi (uuid: c98c1615-0764-41e1-848d-73152bfabe94): why did you look?
[22:14:43] Mrmapl3syrup (uuid: b3f11e18-ff16-45fe-85b7-bb69e73fb17c): He was suspicous of why he got the armor
[22:14:47] TheBlueGamer0 (uuid: 654713d4-034f-41ff-acad-c3b9ced485de): I WANTED TO SEE WHAT STUFF YOU GAVE HIM, BECAUSE GETTING FULL DIAMOND FOR DYING I BULL
[22:14:49] Mrmapl3syrup (uuid: b3f11e18-ff16-45fe-85b7-bb69e73fb17c): he didnt know he gave it to you
[22:14:49] watermelonman53 (uuid: 26666a91-29a2-487f-bda5-16d4919282a0): vote shorty for presadent 1948
[22:14:52] Mrmapl3syrup (uuid: b3f11e18-ff16-45fe-85b7-bb69e73fb17c): ye
[22:14:55] Mrmapl3syrup (uuid: b3f11e18-ff16-45fe-85b7-bb69e73fb17c): Shorty for mod xd
[22:15:13] TheRealColmagi (uuid: c98c1615-0764-41e1-848d-73152bfabe94): i gave it to him to apologize for allowing maple to prank him and kill him
[22:15:21] TheRealColmagi (uuid: c98c1615-0764-41e1-848d-73152bfabe94): i should have stopped his antics sooner
[22:15:25] Mrmapl3syrup (uuid: b3f11e18-ff16-45fe-85b7-bb69e73fb17c): I didnt mean to kill him*
[22:15:29] Mrmapl3syrup (uuid: b3f11e18-ff16-45fe-85b7-bb69e73fb17c): xd
[22:15:32] TheRealColmagi (uuid: c98c1615-0764-41e1-848d-73152bfabe94): stop fukin with ppl maple
[22:15:37] Mrmapl3syrup (uuid: b3f11e18-ff16-45fe-85b7-bb69e73fb17c): I have
[22:15:42] Mrmapl3syrup (uuid: b3f11e18-ff16-45fe-85b7-bb69e73fb17c): you have told me 4 times
[22:15:45] TheRealColmagi (uuid: c98c1615-0764-41e1-848d-73152bfabe94): yeah
[22:15:54] TheRealColmagi (uuid: c98c1615-0764-41e1-848d-73152bfabe94): now u have no excuse if i catch u killing ppl for no reason
[22:16:06] Mrmapl3syrup (uuid: b3f11e18-ff16-45fe-85b7-bb69e73fb17c): Well what if its accidental?
[22:16:10] Mrmapl3syrup (uuid: b3f11e18-ff16-45fe-85b7-bb69e73fb17c): Like all the other times
[22:16:21] TheBlueGamer0 (uuid: 654713d4-034f-41ff-acad-c3b9ced485de): bro it was an accident, he punched him 3 times, that usually dosent kill
[22:16:26] TheRealColmagi (uuid: c98c1615-0764-41e1-848d-73152bfabe94): it was accidental but you harmed them on purpose
[22:16:29] Mrmapl3syrup (uuid: b3f11e18-ff16-45fe-85b7-bb69e73fb17c): ye
[22:16:33] Mrmapl3syrup (uuid: b3f11e18-ff16-45fe-85b7-bb69e73fb17c): for a prank xd
[22:16:35] TheRealColmagi (uuid: c98c1615-0764-41e1-848d-73152bfabe94): if u kill them with a wild arrow aimed at a skele thats fine
[22:16:41] Mrmapl3syrup (uuid: b3f11e18-ff16-45fe-85b7-bb69e73fb17c): that was harmless
[22:16:45] TheRealColmagi (uuid: c98c1615-0764-41e1-848d-73152bfabe94): but if u walk up and punch them and kill them
[22:16:47] TheRealColmagi (uuid: c98c1615-0764-41e1-848d-73152bfabe94): thats malicious intent
[22:16:56] Mrmapl3syrup (uuid: b3f11e18-ff16-45fe-85b7-bb69e73fb17c): It wasnt ment to kill him though'
[22:17:26] TheRealColmagi (uuid: c98c1615-0764-41e1-848d-73152bfabe94): you punch a guy irl and u still get charged for assault and battery even if you didnt mean to kill him
[22:17:33] Mrmapl3syrup (uuid: b3f11e18-ff16-45fe-85b7-bb69e73fb17c): this is fucking minecraft
[22:17:36] Mrmapl3syrup (uuid: b3f11e18-ff16-45fe-85b7-bb69e73fb17c): not rl
[22:17:44] TheBlueGamer0 (uuid: 654713d4-034f-41ff-acad-c3b9ced485de): THIS ISNT FUCKING RAL LIFE
[22:17:50] TheRealColmagi (uuid: c98c1615-0764-41e1-848d-73152bfabe94): im trying to show u an example
[22:17:50] TheBlueGamer0 (uuid: 654713d4-034f-41ff-acad-c3b9ced485de): DUDE
[22:17:59] jordan501anime (uuid: 11ae6a58-e679-400a-a7d0-ede83ab00418): is it tho
[22:18:08] TheBlueGamer0 (uuid: 654713d4-034f-41ff-acad-c3b9ced485de): a shitty example at that
[22:18:08] Mrmapl3syrup (uuid: b3f11e18-ff16-45fe-85b7-bb69e73fb17c): look at my bal
[22:18:11] TheRealColmagi (uuid: c98c1615-0764-41e1-848d-73152bfabe94): im just trying to tell maple that he fucked up
[22:18:12] jordan501anime (uuid: 11ae6a58-e679-400a-a7d0-ede83ab00418): how do we not know if this is real
[22:18:13] Mrmapl3syrup (uuid: b3f11e18-ff16-45fe-85b7-bb69e73fb17c): do /baltop c:
[22:18:17] Mrmapl3syrup (uuid: b3f11e18-ff16-45fe-85b7-bb69e73fb17c): I think I know
[22:18:17] TheRealColmagi (uuid: c98c1615-0764-41e1-848d-73152bfabe94): and im telling him to not do it again
[22:18:26] Mrmapl3syrup (uuid: b3f11e18-ff16-45fe-85b7-bb69e73fb17c): you told me 5 times now
[22:18:37] TheRealColmagi (uuid: c98c1615-0764-41e1-848d-73152bfabe94): i will now stop telling you
[22:18:51] TheRealColmagi (uuid: c98c1615-0764-41e1-848d-73152bfabe94): continue with ur daily activities or whatever the fuck you guys do on here when im gone
[22:19:02] Mrmapl3syrup (uuid: b3f11e18-ff16-45fe-85b7-bb69e73fb17c): we rape children while your gone
[22:19:58] TheBlueGamer0 (uuid: 654713d4-034f-41ff-acad-c3b9ced485de): its pretty hot, you should watch
[22:20:06] jordan501anime (uuid: 11ae6a58-e679-400a-a7d0-ede83ab00418): how do u get in thr
[22:20:11] Mrmapl3syrup (uuid: b3f11e18-ff16-45fe-85b7-bb69e73fb17c): buy donator ranks
[22:20:23] jordan501anime (uuid: 11ae6a58-e679-400a-a7d0-ede83ab00418): oh u need donnor
[22:26:42] TheBlueGamer0 (uuid: 654713d4-034f-41ff-acad-c3b9ced485de): yay krabs left
[22:26:49] Mrmapl3syrup (uuid: b3f11e18-ff16-45fe-85b7-bb69e73fb17c): OH YEAH MR.KRABS
[22:26:56] Mrmapl3syrup (uuid: b3f11e18-ff16-45fe-85b7-bb69e73fb17c): AHHHHHHHHHHHHHHHHHHHHHHH
[22:28:17] Mrmapl3syrup (uuid: b3f11e18-ff16-45fe-85b7-bb69e73fb17c): SHIT
[22:28:25] Mrmapl3syrup (uuid: b3f11e18-ff16-45fe-85b7-bb69e73fb17c): MAGIS HOUSE JUST GOT BLOWN UP BY A CREEPER
[22:29:00] jordan501anime (uuid: 11ae6a58-e679-400a-a7d0-ede83ab00418): u guys are screwed
[22:29:08] Mrmapl3syrup (uuid: b3f11e18-ff16-45fe-85b7-bb69e73fb17c): We didnt do shit!!!
[22:29:21] Mrmapl3syrup (uuid: b3f11e18-ff16-45fe-85b7-bb69e73fb17c): Im gonna try to fix it
[22:29:35] jordan501anime (uuid: 11ae6a58-e679-400a-a7d0-ede83ab00418): ill tell him for you
[22:29:40] Mrmapl3syrup (uuid: b3f11e18-ff16-45fe-85b7-bb69e73fb17c): Fuck you
[22:29:42] Mrmapl3syrup (uuid: b3f11e18-ff16-45fe-85b7-bb69e73fb17c): im fixing it
[22:29:48] Mrmapl3syrup (uuid: b3f11e18-ff16-45fe-85b7-bb69e73fb17c): It was a fucking accident
[22:30:03] Mrmapl3syrup (uuid: b3f11e18-ff16-45fe-85b7-bb69e73fb17c): im fixing it right now ass hat
[22:30:10] jordan501anime (uuid: 11ae6a58-e679-400a-a7d0-ede83ab00418): so was killing me but u didnt fix it
[22:30:21] Mrmapl3syrup (uuid: b3f11e18-ff16-45fe-85b7-bb69e73fb17c): You didnt lose a single thing
[22:30:41] jordan501anime (uuid: 11ae6a58-e679-400a-a7d0-ede83ab00418): what do you think fuzzy
[22:30:46] jordan501anime (uuid: 11ae6a58-e679-400a-a7d0-ede83ab00418): uggghhh
[22:30:50] jordan501anime (uuid: 11ae6a58-e679-400a-a7d0-ede83ab00418): hes not on
[22:30:58] Mrmapl3syrup (uuid: b3f11e18-ff16-45fe-85b7-bb69e73fb17c): Blugamers fixing it
[22:31:05] jordan501anime (uuid: 11ae6a58-e679-400a-a7d0-ede83ab00418): eh ill just tell him
[22:31:35] Mrmapl3syrup (uuid: b3f11e18-ff16-45fe-85b7-bb69e73fb17c): also the farm was blown up in the village
[22:31:43] jordan501anime (uuid: 11ae6a58-e679-400a-a7d0-ede83ab00418): uhhhm....
[22:31:58] Mrmapl3syrup (uuid: b3f11e18-ff16-45fe-85b7-bb69e73fb17c): Why would we destroy that?
[22:32:01] jordan501anime (uuid: 11ae6a58-e679-400a-a7d0-ede83ab00418): thts tree is on fire??!
[22:32:05] Mrmapl3syrup (uuid: b3f11e18-ff16-45fe-85b7-bb69e73fb17c): wat
[22:32:13] Mrmapl3syrup (uuid: b3f11e18-ff16-45fe-85b7-bb69e73fb17c): HOLY SHIT
[22:32:17] Mrmapl3syrup (uuid: b3f11e18-ff16-45fe-85b7-bb69e73fb17c): WHAT THE FUCK
[22:32:24] jordan501anime (uuid: 11ae6a58-e679-400a-a7d0-ede83ab00418): the huge jungle tree
[22:32:39] TheBlueGamer0 (uuid: 654713d4-034f-41ff-acad-c3b9ced485de): etf
[22:32:42] TheBlueGamer0 (uuid: 654713d4-034f-41ff-acad-c3b9ced485de): wtf
[22:32:49] jordan501anime (uuid: 11ae6a58-e679-400a-a7d0-ede83ab00418): how te fuk
[22:32:52] Mrmapl3syrup (uuid: b3f11e18-ff16-45fe-85b7-bb69e73fb17c): idfk
[22:32:52] TheBlueGamer0 (uuid: 654713d4-034f-41ff-acad-c3b9ced485de): i dind do that
[22:32:56] Mrmapl3syrup (uuid: b3f11e18-ff16-45fe-85b7-bb69e73fb17c): neither did we!
[22:33:07] jordan501anime (uuid: 11ae6a58-e679-400a-a7d0-ede83ab00418): WHAT THE HELL HAPPEN THEN
[22:33:09] Mrmapl3syrup (uuid: b3f11e18-ff16-45fe-85b7-bb69e73fb17c): Thats just asking for a ban why the hell would we do that!
[22:33:11] Mrmapl3syrup (uuid: b3f11e18-ff16-45fe-85b7-bb69e73fb17c): IDFK
[22:33:41] Mrmapl3syrup (uuid: b3f11e18-ff16-45fe-85b7-bb69e73fb17c): hey uh jorda
[22:33:49] Mrmapl3syrup (uuid: b3f11e18-ff16-45fe-85b7-bb69e73fb17c): Dont you have flint and steel in your inventory
[22:33:50] jordan501anime (uuid: 11ae6a58-e679-400a-a7d0-ede83ab00418): wut
[22:33:56] Mrmapl3syrup (uuid: b3f11e18-ff16-45fe-85b7-bb69e73fb17c): :v
[22:33:58] jordan501anime (uuid: 11ae6a58-e679-400a-a7d0-ede83ab00418): no
[22:34:32] Mrmapl3syrup (uuid: b3f11e18-ff16-45fe-85b7-bb69e73fb17c): Yeah you do
[22:34:36] Mrmapl3syrup (uuid: b3f11e18-ff16-45fe-85b7-bb69e73fb17c): I saw you use it
[22:34:41] Mrmapl3syrup (uuid: b3f11e18-ff16-45fe-85b7-bb69e73fb17c): On your fireplace
[22:34:46] jordan501anime (uuid: 11ae6a58-e679-400a-a7d0-ede83ab00418): i have one
[22:34:53] Mrmapl3syrup (uuid: b3f11e18-ff16-45fe-85b7-bb69e73fb17c): You just said you didnt
[22:34:59] jordan501anime (uuid: 11ae6a58-e679-400a-a7d0-ede83ab00418): not on me
[22:35:09] jordan501anime (uuid: 11ae6a58-e679-400a-a7d0-ede83ab00418): FUUUUUUUCK
[22:35:13] Mrmapl3syrup (uuid: b3f11e18-ff16-45fe-85b7-bb69e73fb17c): :v
[22:35:15] jordan501anime (uuid: 11ae6a58-e679-400a-a7d0-ede83ab00418): i gtg guys
[22:35:16] Mrmapl3syrup (uuid: b3f11e18-ff16-45fe-85b7-bb69e73fb17c): O SHIT
[22:38:21] watermelonman53 (uuid: 26666a91-29a2-487f-bda5-16d4919282a0): YOU GREEDY DIRT BAG
[22:38:23] watermelonman53 (uuid: 26666a91-29a2-487f-bda5-16d4919282a0): YOU GREEDY DIRT BAG
[22:38:24] watermelonman53 (uuid: 26666a91-29a2-487f-bda5-16d4919282a0): YOU GREEDY DIRT BAG
