[15:51:54] watermelonman53 (uuid: 26666a91-29a2-487f-bda5-16d4919282a0): can we chat
[15:52:33] TheRealColmagi (uuid: c98c1615-0764-41e1-848d-73152bfabe94): treehouse?
[15:52:37] watermelonman53 (uuid: 26666a91-29a2-487f-bda5-16d4919282a0): can we get in to the minecraft chat
[15:52:37] TheRealColmagi (uuid: c98c1615-0764-41e1-848d-73152bfabe94): any leads?
[15:53:33] Mrmapl3syrup (uuid: b3f11e18-ff16-45fe-85b7-bb69e73fb17c): yo
[15:53:41] watermelonman53 (uuid: 26666a91-29a2-487f-bda5-16d4919282a0): the only person who was at the tree house was jordon
[15:53:45] TheRealColmagi (uuid: c98c1615-0764-41e1-848d-73152bfabe94): jordan
[15:53:51] TheRealColmagi (uuid: c98c1615-0764-41e1-848d-73152bfabe94): either him or blue
[15:53:53] Mrmapl3syrup (uuid: b3f11e18-ff16-45fe-85b7-bb69e73fb17c): ye
[15:54:02] TheRealColmagi (uuid: c98c1615-0764-41e1-848d-73152bfabe94): but i highly doubt jordan
[15:54:05] TheRealColmagi (uuid: c98c1615-0764-41e1-848d-73152bfabe94): cuz he has no motive
[15:54:17] watermelonman53 (uuid: 26666a91-29a2-487f-bda5-16d4919282a0): are there any lava pits neer the tree
[15:54:17] Mrmapl3syrup (uuid: b3f11e18-ff16-45fe-85b7-bb69e73fb17c): Jordan was acting cocky when part of your front house was blown up by a creeper
[15:54:22] Mrmapl3syrup (uuid: b3f11e18-ff16-45fe-85b7-bb69e73fb17c): We didnt tell yo
[15:54:22] TheRealColmagi (uuid: c98c1615-0764-41e1-848d-73152bfabe94): i helped him and ive known him from the old days of the unturned server
[15:54:29] Mrmapl3syrup (uuid: b3f11e18-ff16-45fe-85b7-bb69e73fb17c): Well we fixed it
[15:54:44] TheRealColmagi (uuid: c98c1615-0764-41e1-848d-73152bfabe94): nice message lmao
[15:54:53] Mrmapl3syrup (uuid: b3f11e18-ff16-45fe-85b7-bb69e73fb17c): That was made by Blue
[15:55:03] Mrmapl3syrup (uuid: b3f11e18-ff16-45fe-85b7-bb69e73fb17c): not me or Shorty
[15:55:19] Mrmapl3syrup (uuid: b3f11e18-ff16-45fe-85b7-bb69e73fb17c): His house also cought on fire
[15:55:22] Mrmapl3syrup (uuid: b3f11e18-ff16-45fe-85b7-bb69e73fb17c): but
[15:55:26] TheRealColmagi (uuid: c98c1615-0764-41e1-848d-73152bfabe94): at least it wasnt the docks
[15:55:29] Mrmapl3syrup (uuid: b3f11e18-ff16-45fe-85b7-bb69e73fb17c): thats because of his bad fire plays
[15:55:31] TheRealColmagi (uuid: c98c1615-0764-41e1-848d-73152bfabe94): i actually worked hard on the docks
[15:55:33] Mrmapl3syrup (uuid: b3f11e18-ff16-45fe-85b7-bb69e73fb17c): place
[15:55:35] Mrmapl3syrup (uuid: b3f11e18-ff16-45fe-85b7-bb69e73fb17c): ye
[15:55:51] TheRealColmagi (uuid: c98c1615-0764-41e1-848d-73152bfabe94): im gonna protect it with worldguard
[15:55:59] TheRealColmagi (uuid: c98c1615-0764-41e1-848d-73152bfabe94): just in case jordan gets another bright idea
[15:56:37] Mrmapl3syrup (uuid: b3f11e18-ff16-45fe-85b7-bb69e73fb17c): Jordan also threatned to lie and say that we blew up your house on purpose...
[15:56:41] Mrmapl3syrup (uuid: b3f11e18-ff16-45fe-85b7-bb69e73fb17c): well a creeper
[15:56:47] TheRealColmagi (uuid: c98c1615-0764-41e1-848d-73152bfabe94): hmmm
[15:56:54] TheRealColmagi (uuid: c98c1615-0764-41e1-848d-73152bfabe94): wtf
[15:56:58] Mrmapl3syrup (uuid: b3f11e18-ff16-45fe-85b7-bb69e73fb17c): You can ask blue about that accident :I
[15:58:18] TheRealColmagi (uuid: c98c1615-0764-41e1-848d-73152bfabe94): ooh
[15:58:24] TheRealColmagi (uuid: c98c1615-0764-41e1-848d-73152bfabe94): i have idea
[15:58:31] TheRealColmagi (uuid: c98c1615-0764-41e1-848d-73152bfabe94): we could make the docks a sort of second spawn
[15:58:36] TheRealColmagi (uuid: c98c1615-0764-41e1-848d-73152bfabe94): like we could put shop signs here
[15:58:39] Mrmapl3syrup (uuid: b3f11e18-ff16-45fe-85b7-bb69e73fb17c): that would be cool
[15:58:41] TheRealColmagi (uuid: c98c1615-0764-41e1-848d-73152bfabe94): and sell stuff not in the main spawn
[15:58:50] Mrmapl3syrup (uuid: b3f11e18-ff16-45fe-85b7-bb69e73fb17c): Well the shops already made so...
[15:58:58] TheRealColmagi (uuid: c98c1615-0764-41e1-848d-73152bfabe94): and sell stuff not in the main spawn
[15:59:01] TheRealColmagi (uuid: c98c1615-0764-41e1-848d-73152bfabe94): notice i said that
[15:59:05] Mrmapl3syrup (uuid: b3f11e18-ff16-45fe-85b7-bb69e73fb17c): ooooooh
[15:59:06] Mrmapl3syrup (uuid: b3f11e18-ff16-45fe-85b7-bb69e73fb17c): k
[16:00:38] TheRealColmagi (uuid: c98c1615-0764-41e1-848d-73152bfabe94): ugh
[16:00:46] TheRealColmagi (uuid: c98c1615-0764-41e1-848d-73152bfabe94): someone removed the thing connecting the ship to the docks
[16:00:53] Mrmapl3syrup (uuid: b3f11e18-ff16-45fe-85b7-bb69e73fb17c): Why?
[16:00:55] TheRealColmagi (uuid: c98c1615-0764-41e1-848d-73152bfabe94): idk
[16:01:12] Mrmapl3syrup (uuid: b3f11e18-ff16-45fe-85b7-bb69e73fb17c): maybe blue but, why would he do dat
[16:01:35] TheRealColmagi (uuid: c98c1615-0764-41e1-848d-73152bfabe94): we would have to level the forest and make some houses
[16:01:39] TheRealColmagi (uuid: c98c1615-0764-41e1-848d-73152bfabe94): but it would look nice
[16:01:45] TheRealColmagi (uuid: c98c1615-0764-41e1-848d-73152bfabe94): and it fits with the theme
[16:01:48] Mrmapl3syrup (uuid: b3f11e18-ff16-45fe-85b7-bb69e73fb17c): ye
[16:02:03] watermelonman53 (uuid: 26666a91-29a2-487f-bda5-16d4919282a0): can we slash and burn the trees to make the houses
[16:02:07] TheRealColmagi (uuid: c98c1615-0764-41e1-848d-73152bfabe94): sure
[16:02:09] TheRealColmagi (uuid: c98c1615-0764-41e1-848d-73152bfabe94): just
[16:02:14] TheRealColmagi (uuid: c98c1615-0764-41e1-848d-73152bfabe94): dont make a repeat of the treehouse lmao
[16:02:24] watermelonman53 (uuid: 26666a91-29a2-487f-bda5-16d4919282a0): i wont
[16:03:00] TheRealColmagi (uuid: c98c1615-0764-41e1-848d-73152bfabe94): i dont think jordan knows the treehouse was mine
[16:03:04] TheRealColmagi (uuid: c98c1615-0764-41e1-848d-73152bfabe94): thats why he burned it down
[16:03:11] TheRealColmagi (uuid: c98c1615-0764-41e1-848d-73152bfabe94): he thought one of you built it
[16:03:17] TheRealColmagi (uuid: c98c1615-0764-41e1-848d-73152bfabe94): and he was mad at u guys
[16:03:23] Mrmapl3syrup (uuid: b3f11e18-ff16-45fe-85b7-bb69e73fb17c): A BUNNY JUST KILLED IT SELF
[16:03:27] Mrmapl3syrup (uuid: b3f11e18-ff16-45fe-85b7-bb69e73fb17c): IN FRONT OF ME
[16:03:28] TheRealColmagi (uuid: c98c1615-0764-41e1-848d-73152bfabe94): rip
[16:03:29] Mrmapl3syrup (uuid: b3f11e18-ff16-45fe-85b7-bb69e73fb17c): LMAO
[16:03:33] Mrmapl3syrup (uuid: b3f11e18-ff16-45fe-85b7-bb69e73fb17c): IT JUMPED OFF A CLIFF
[16:03:51] watermelonman53 (uuid: 26666a91-29a2-487f-bda5-16d4919282a0): where are we expanding
[16:03:55] TheRealColmagi (uuid: c98c1615-0764-41e1-848d-73152bfabe94): inwards
[16:03:58] TheRealColmagi (uuid: c98c1615-0764-41e1-848d-73152bfabe94): cmere
[16:04:35] TheRealColmagi (uuid: c98c1615-0764-41e1-848d-73152bfabe94): like around here
[16:04:38] TheRealColmagi (uuid: c98c1615-0764-41e1-848d-73152bfabe94): take these trees down
[16:05:06] Mrmapl3syrup (uuid: b3f11e18-ff16-45fe-85b7-bb69e73fb17c): some ofthe trees are protected
[16:05:24] TheRealColmagi (uuid: c98c1615-0764-41e1-848d-73152bfabe94): jesus thats fast
[16:05:27] TheRealColmagi (uuid: c98c1615-0764-41e1-848d-73152bfabe94): lol
[16:05:30] Mrmapl3syrup (uuid: b3f11e18-ff16-45fe-85b7-bb69e73fb17c): ik
[16:06:26] Mrmapl3syrup (uuid: b3f11e18-ff16-45fe-85b7-bb69e73fb17c): we will burn the rest in the morning so we can see
[16:06:29] TheRealColmagi (uuid: c98c1615-0764-41e1-848d-73152bfabe94): kk
[16:06:36] Mrmapl3syrup (uuid: b3f11e18-ff16-45fe-85b7-bb69e73fb17c): also me and watermelon arnt that good at building
[16:06:41] Mrmapl3syrup (uuid: b3f11e18-ff16-45fe-85b7-bb69e73fb17c): But we can try xd
[16:11:13] Mrmapl3syrup (uuid: b3f11e18-ff16-45fe-85b7-bb69e73fb17c): This enuf
[16:11:15] TheRealColmagi (uuid: c98c1615-0764-41e1-848d-73152bfabe94): i would ask bluegamer but he will probably refuse to do it unless we pay him or some gay shit
[16:11:30] Mrmapl3syrup (uuid: b3f11e18-ff16-45fe-85b7-bb69e73fb17c): A creeper blew up their xd
[16:11:33] Mrmapl3syrup (uuid: b3f11e18-ff16-45fe-85b7-bb69e73fb17c): there
[16:11:59] Mrmapl3syrup (uuid: b3f11e18-ff16-45fe-85b7-bb69e73fb17c): Aight lets go sleep in our houses
[16:12:47] Mrmapl3syrup (uuid: b3f11e18-ff16-45fe-85b7-bb69e73fb17c): nice house colmagi
[16:12:51] Mrmapl3syrup (uuid: b3f11e18-ff16-45fe-85b7-bb69e73fb17c): B)
[16:13:09] Mrmapl3syrup (uuid: b3f11e18-ff16-45fe-85b7-bb69e73fb17c): why not... go inside it B)
[16:16:06] Mrmapl3syrup (uuid: b3f11e18-ff16-45fe-85b7-bb69e73fb17c): hey colmagi
[16:16:29] Mrmapl3syrup (uuid: b3f11e18-ff16-45fe-85b7-bb69e73fb17c): come to ur house
[16:18:33] TheRealColmagi (uuid: c98c1615-0764-41e1-848d-73152bfabe94): wtf
[16:18:37] Mrmapl3syrup (uuid: b3f11e18-ff16-45fe-85b7-bb69e73fb17c): /
[16:18:50] TheRealColmagi (uuid: c98c1615-0764-41e1-848d-73152bfabe94): what the hell
[16:19:13] TheRealColmagi (uuid: c98c1615-0764-41e1-848d-73152bfabe94): very funny
[16:19:15] Mrmapl3syrup (uuid: b3f11e18-ff16-45fe-85b7-bb69e73fb17c): lol
[16:19:17] watermelonman53 (uuid: 26666a91-29a2-487f-bda5-16d4919282a0): YOU JUST GOT PRANKED
[16:19:19] Mrmapl3syrup (uuid: b3f11e18-ff16-45fe-85b7-bb69e73fb17c): xd
[16:19:36] Mrmapl3syrup (uuid: b3f11e18-ff16-45fe-85b7-bb69e73fb17c): It didnt harm any one tho :D
[16:21:44] Mrmapl3syrup (uuid: b3f11e18-ff16-45fe-85b7-bb69e73fb17c): hey Magi
[16:21:46] Mrmapl3syrup (uuid: b3f11e18-ff16-45fe-85b7-bb69e73fb17c): magi
[16:22:04] Mrmapl3syrup (uuid: b3f11e18-ff16-45fe-85b7-bb69e73fb17c): would you mind if we went to the end beat the ender dragon and took the egg all in one day
[16:22:14] Mrmapl3syrup (uuid: b3f11e18-ff16-45fe-85b7-bb69e73fb17c): then got Elytra and a bunch of cool shit
[16:30:58] TheRealColmagi (uuid: c98c1615-0764-41e1-848d-73152bfabe94): there
[16:31:00] Mrmapl3syrup (uuid: b3f11e18-ff16-45fe-85b7-bb69e73fb17c): weiner butts
[16:32:39] TheRealColmagi (uuid: c98c1615-0764-41e1-848d-73152bfabe94): go train maple
[16:32:47] Mrmapl3syrup (uuid: b3f11e18-ff16-45fe-85b7-bb69e73fb17c): train me pls
[16:33:47] TheRealColmagi (uuid: c98c1615-0764-41e1-848d-73152bfabe94): 10/10 decor
[16:35:31] Mrmapl3syrup (uuid: b3f11e18-ff16-45fe-85b7-bb69e73fb17c): niggers
[16:43:47] Mrmapl3syrup (uuid: b3f11e18-ff16-45fe-85b7-bb69e73fb17c): nuts
[16:46:15] Mrmapl3syrup (uuid: b3f11e18-ff16-45fe-85b7-bb69e73fb17c): go to sleep nerds
[16:48:14] Mrmapl3syrup (uuid: b3f11e18-ff16-45fe-85b7-bb69e73fb17c): FUCKING
[16:48:16] Mrmapl3syrup (uuid: b3f11e18-ff16-45fe-85b7-bb69e73fb17c): KILL ME
[16:48:34] Mrmapl3syrup (uuid: b3f11e18-ff16-45fe-85b7-bb69e73fb17c): memes
[16:50:28] Mrmapl3syrup (uuid: b3f11e18-ff16-45fe-85b7-bb69e73fb17c): memes
[16:50:57] Mrmapl3syrup (uuid: b3f11e18-ff16-45fe-85b7-bb69e73fb17c): oops
[16:50:57] watermelonman53 (uuid: 26666a91-29a2-487f-bda5-16d4919282a0): see
[16:51:07] Mrmapl3syrup (uuid: b3f11e18-ff16-45fe-85b7-bb69e73fb17c): memes
[16:51:32] Mrmapl3syrup (uuid: b3f11e18-ff16-45fe-85b7-bb69e73fb17c): memes
[17:05:10] TheBlueGamer0 (uuid: 654713d4-034f-41ff-acad-c3b9ced485de): : /give @p minecraft:sign 1 0 {BlockEntityTag:{Text1:"{"text":\"Weiner\",\"color\":"dark_red"}"},display:{Name:"Custom Sign"}}Command to modify an existing sign
[17:10:31] Mrmapl3syrup (uuid: b3f11e18-ff16-45fe-85b7-bb69e73fb17c): admin me or I will ban your mother B)
[17:10:35] Mrmapl3syrup (uuid: b3f11e18-ff16-45fe-85b7-bb69e73fb17c): xds
[17:53:18] watermelonman53 (uuid: 26666a91-29a2-487f-bda5-16d4919282a0): yay
[17:54:23] watermelonman53 (uuid: 26666a91-29a2-487f-bda5-16d4919282a0): fickst
[19:23:20] watermelonman53 (uuid: 26666a91-29a2-487f-bda5-16d4919282a0): twunt nugget
[20:19:54] TheBlueGamer0 (uuid: 654713d4-034f-41ff-acad-c3b9ced485de): welcome back
[20:20:02] watermelonman53 (uuid: 26666a91-29a2-487f-bda5-16d4919282a0): hi
[20:20:19] Mrmapl3syrup (uuid: b3f11e18-ff16-45fe-85b7-bb69e73fb17c): yo
[20:37:56] Mrmapl3syrup (uuid: b3f11e18-ff16-45fe-85b7-bb69e73fb17c): hi
[20:39:58] Mrmapl3syrup (uuid: b3f11e18-ff16-45fe-85b7-bb69e73fb17c): yo
[20:40:01] Mrmapl3syrup (uuid: b3f11e18-ff16-45fe-85b7-bb69e73fb17c): hi
[20:40:06] TheBlueGamer0 (uuid: 654713d4-034f-41ff-acad-c3b9ced485de): hi
[20:40:12] Mrmapl3syrup (uuid: b3f11e18-ff16-45fe-85b7-bb69e73fb17c): I just got done playing LoL
[20:40:13] TheBlueGamer0 (uuid: 654713d4-034f-41ff-acad-c3b9ced485de): melon
[20:40:17] Mrmapl3syrup (uuid: b3f11e18-ff16-45fe-85b7-bb69e73fb17c): hes afk
[20:40:21] TheBlueGamer0 (uuid: 654713d4-034f-41ff-acad-c3b9ced485de): oh
[20:40:38] Mrmapl3syrup (uuid: b3f11e18-ff16-45fe-85b7-bb69e73fb17c): you done watching tv
[20:40:58] TheBlueGamer0 (uuid: 654713d4-034f-41ff-acad-c3b9ced485de): are you selling the gunpowder
[20:41:03] Mrmapl3syrup (uuid: b3f11e18-ff16-45fe-85b7-bb69e73fb17c): I just did
[20:41:06] TheBlueGamer0 (uuid: 654713d4-034f-41ff-acad-c3b9ced485de): and no
[20:41:10] Mrmapl3syrup (uuid: b3f11e18-ff16-45fe-85b7-bb69e73fb17c): aight
[20:41:16] TheBlueGamer0 (uuid: 654713d4-034f-41ff-acad-c3b9ced485de): amrican dad is on and im doing hw
[20:41:31] Mrmapl3syrup (uuid: b3f11e18-ff16-45fe-85b7-bb69e73fb17c): mkay
[20:46:46] TheBlueGamer0 (uuid: 654713d4-034f-41ff-acad-c3b9ced485de): bitch no
[20:46:49] Mrmapl3syrup (uuid: b3f11e18-ff16-45fe-85b7-bb69e73fb17c): wait
[20:46:56] Mrmapl3syrup (uuid: b3f11e18-ff16-45fe-85b7-bb69e73fb17c): nooo
[20:47:05] Mrmapl3syrup (uuid: b3f11e18-ff16-45fe-85b7-bb69e73fb17c): NOOO
[20:47:08] Mrmapl3syrup (uuid: b3f11e18-ff16-45fe-85b7-bb69e73fb17c): welp
[20:47:11] Mrmapl3syrup (uuid: b3f11e18-ff16-45fe-85b7-bb69e73fb17c): NO CAKE
[21:12:02] masteroftheepics (uuid: 4150cd4b-a415-4298-bdc7-c9e330b466cc): WALA
[21:12:02] Mrmapl3syrup (uuid: b3f11e18-ff16-45fe-85b7-bb69e73fb17c): yo
[21:12:08] masteroftheepics (uuid: 4150cd4b-a415-4298-bdc7-c9e330b466cc): yo
[21:12:23] Mrmapl3syrup (uuid: b3f11e18-ff16-45fe-85b7-bb69e73fb17c): im an apprentice as you can see :D
[21:12:48] masteroftheepics (uuid: 4150cd4b-a415-4298-bdc7-c9e330b466cc): ok...
[21:13:04] masteroftheepics (uuid: 4150cd4b-a415-4298-bdc7-c9e330b466cc): OH YES BLUE
[21:13:09] masteroftheepics (uuid: 4150cd4b-a415-4298-bdc7-c9e330b466cc): WATS DIS
[21:13:09] Mrmapl3syrup (uuid: b3f11e18-ff16-45fe-85b7-bb69e73fb17c): hes afk xd
[21:13:22] Mrmapl3syrup (uuid: b3f11e18-ff16-45fe-85b7-bb69e73fb17c): wats wat
[21:13:30] Mrmapl3syrup (uuid: b3f11e18-ff16-45fe-85b7-bb69e73fb17c): o
[21:13:34] masteroftheepics (uuid: 4150cd4b-a415-4298-bdc7-c9e330b466cc): dank
[21:13:44] Mrmapl3syrup (uuid: b3f11e18-ff16-45fe-85b7-bb69e73fb17c): hey get down
[21:13:49] masteroftheepics (uuid: 4150cd4b-a415-4298-bdc7-c9e330b466cc): wy
[21:13:56] Mrmapl3syrup (uuid: b3f11e18-ff16-45fe-85b7-bb69e73fb17c): u r ruining the view xd
[21:14:05] masteroftheepics (uuid: 4150cd4b-a415-4298-bdc7-c9e330b466cc): wait
[21:14:07] masteroftheepics (uuid: 4150cd4b-a415-4298-bdc7-c9e330b466cc): is a beacon
[21:14:10] masteroftheepics (uuid: 4150cd4b-a415-4298-bdc7-c9e330b466cc): on an ederegg
[21:14:13] Mrmapl3syrup (uuid: b3f11e18-ff16-45fe-85b7-bb69e73fb17c): ye
[21:14:16] masteroftheepics (uuid: 4150cd4b-a415-4298-bdc7-c9e330b466cc): DANK
[21:14:28] Mrmapl3syrup (uuid: b3f11e18-ff16-45fe-85b7-bb69e73fb17c): I got that egg with melon legit
[21:14:30] masteroftheepics (uuid: 4150cd4b-a415-4298-bdc7-c9e330b466cc): yo dude can u repair some of my shits
[21:14:34] Mrmapl3syrup (uuid: b3f11e18-ff16-45fe-85b7-bb69e73fb17c): sure
[21:14:44] Mrmapl3syrup (uuid: b3f11e18-ff16-45fe-85b7-bb69e73fb17c): Also
[21:14:51] Mrmapl3syrup (uuid: b3f11e18-ff16-45fe-85b7-bb69e73fb17c): Blue MAY kick u out of the village
[21:14:57] Mrmapl3syrup (uuid: b3f11e18-ff16-45fe-85b7-bb69e73fb17c): He might make it a staff only village
[21:14:58] masteroftheepics (uuid: 4150cd4b-a415-4298-bdc7-c9e330b466cc): this place?
[21:15:00] masteroftheepics (uuid: 4150cd4b-a415-4298-bdc7-c9e330b466cc): oh
[21:15:02] Mrmapl3syrup (uuid: b3f11e18-ff16-45fe-85b7-bb69e73fb17c): ye
[21:15:09] masteroftheepics (uuid: 4150cd4b-a415-4298-bdc7-c9e330b466cc): I might become staff soon
[21:15:13] Mrmapl3syrup (uuid: b3f11e18-ff16-45fe-85b7-bb69e73fb17c): :v
[21:15:17] masteroftheepics (uuid: 4150cd4b-a415-4298-bdc7-c9e330b466cc): xD
[21:16:05] masteroftheepics (uuid: 4150cd4b-a415-4298-bdc7-c9e330b466cc): hai blue
[21:16:15] masteroftheepics (uuid: 4150cd4b-a415-4298-bdc7-c9e330b466cc): maple
[21:16:19] Mrmapl3syrup (uuid: b3f11e18-ff16-45fe-85b7-bb69e73fb17c): ye
[21:16:38] masteroftheepics (uuid: 4150cd4b-a415-4298-bdc7-c9e330b466cc): i can pay u :3
[21:16:52] masteroftheepics (uuid: 4150cd4b-a415-4298-bdc7-c9e330b466cc): thnx
[21:16:55] Mrmapl3syrup (uuid: b3f11e18-ff16-45fe-85b7-bb69e73fb17c): 1oo bucks pls then
[21:16:58] Mrmapl3syrup (uuid: b3f11e18-ff16-45fe-85b7-bb69e73fb17c): its /pay
[21:17:10] Mrmapl3syrup (uuid: b3f11e18-ff16-45fe-85b7-bb69e73fb17c): thx
[21:20:37] masteroftheepics (uuid: 4150cd4b-a415-4298-bdc7-c9e330b466cc): What does a compass even doo
[21:20:46] Mrmapl3syrup (uuid: b3f11e18-ff16-45fe-85b7-bb69e73fb17c): it points torwards spawn
[21:20:47] TheBlueGamer0 (uuid: 654713d4-034f-41ff-acad-c3b9ced485de): its a compass
[21:20:52] masteroftheepics (uuid: 4150cd4b-a415-4298-bdc7-c9e330b466cc): hm ok
[21:20:53] TheBlueGamer0 (uuid: 654713d4-034f-41ff-acad-c3b9ced485de): what do you think it does
[21:20:56] masteroftheepics (uuid: 4150cd4b-a415-4298-bdc7-c9e330b466cc): rhnx
[21:21:20] masteroftheepics (uuid: 4150cd4b-a415-4298-bdc7-c9e330b466cc): In that case
[21:21:25] masteroftheepics (uuid: 4150cd4b-a415-4298-bdc7-c9e330b466cc): No idea why i made one -_-
[21:21:35] TheBlueGamer0 (uuid: 654713d4-034f-41ff-acad-c3b9ced485de): me neither
[21:21:42] TheBlueGamer0 (uuid: 654713d4-034f-41ff-acad-c3b9ced485de): btw you can build in the base now
[21:21:46] masteroftheepics (uuid: 4150cd4b-a415-4298-bdc7-c9e330b466cc): Can i ice up the river
[21:21:59] TheBlueGamer0 (uuid: 654713d4-034f-41ff-acad-c3b9ced485de): dont mess with the dragon egg fountain
[21:22:01] TheBlueGamer0 (uuid: 654713d4-034f-41ff-acad-c3b9ced485de): and no
[21:22:09] masteroftheepics (uuid: 4150cd4b-a415-4298-bdc7-c9e330b466cc): NO ma'am
[21:22:12] TheBlueGamer0 (uuid: 654713d4-034f-41ff-acad-c3b9ced485de): and no
[21:22:16] masteroftheepics (uuid: 4150cd4b-a415-4298-bdc7-c9e330b466cc): awww
[21:22:17] TheBlueGamer0 (uuid: 654713d4-034f-41ff-acad-c3b9ced485de): dont ice up the river
[21:22:21] masteroftheepics (uuid: 4150cd4b-a415-4298-bdc7-c9e330b466cc): But itll melt in day
[21:22:26] TheBlueGamer0 (uuid: 654713d4-034f-41ff-acad-c3b9ced485de): ugh
[21:22:31] masteroftheepics (uuid: 4150cd4b-a415-4298-bdc7-c9e330b466cc): Pleaseeeeee
[21:22:33] TheBlueGamer0 (uuid: 654713d4-034f-41ff-acad-c3b9ced485de): dont ice up the farm
[21:22:36] masteroftheepics (uuid: 4150cd4b-a415-4298-bdc7-c9e330b466cc): I wont
[21:22:41] TheBlueGamer0 (uuid: 654713d4-034f-41ff-acad-c3b9ced485de): and the fountain
[21:22:43] TheBlueGamer0 (uuid: 654713d4-034f-41ff-acad-c3b9ced485de): thats it
[21:22:54] Mrmapl3syrup (uuid: b3f11e18-ff16-45fe-85b7-bb69e73fb17c): we have a gunpowder farm c:
[21:22:59] Mrmapl3syrup (uuid: b3f11e18-ff16-45fe-85b7-bb69e73fb17c): That works on its own
[21:23:38] masteroftheepics (uuid: 4150cd4b-a415-4298-bdc7-c9e330b466cc): We shud have a mob spawner ontop of a cliff
[21:23:46] masteroftheepics (uuid: 4150cd4b-a415-4298-bdc7-c9e330b466cc): so they jump to their doom
[21:23:46] TheBlueGamer0 (uuid: 654713d4-034f-41ff-acad-c3b9ced485de): no
[21:24:21] masteroftheepics (uuid: 4150cd4b-a415-4298-bdc7-c9e330b466cc): check out the river dude
[21:24:24] masteroftheepics (uuid: 4150cd4b-a415-4298-bdc7-c9e330b466cc): Blue
[21:24:27] masteroftheepics (uuid: 4150cd4b-a415-4298-bdc7-c9e330b466cc): Check out the river
[21:24:56] masteroftheepics (uuid: 4150cd4b-a415-4298-bdc7-c9e330b466cc): Redonne by fuzzy
[21:25:28] masteroftheepics (uuid: 4150cd4b-a415-4298-bdc7-c9e330b466cc): Its melting :(
[21:25:35] masteroftheepics (uuid: 4150cd4b-a415-4298-bdc7-c9e330b466cc): Bye bye river
[21:27:51] watermelonman53 (uuid: 26666a91-29a2-487f-bda5-16d4919282a0): HEY WHERE R U
[21:28:35] masteroftheepics (uuid: 4150cd4b-a415-4298-bdc7-c9e330b466cc): da!Dang
[21:28:39] masteroftheepics (uuid: 4150cd4b-a415-4298-bdc7-c9e330b466cc): The treehouse
[21:28:47] masteroftheepics (uuid: 4150cd4b-a415-4298-bdc7-c9e330b466cc): watch
[21:28:49] Mrmapl3syrup (uuid: b3f11e18-ff16-45fe-85b7-bb69e73fb17c): Jaden or frosty burned it
[21:29:14] masteroftheepics (uuid: 4150cd4b-a415-4298-bdc7-c9e330b466cc): ayyy
[21:29:18] watermelonman53 (uuid: 26666a91-29a2-487f-bda5-16d4919282a0): NICE
[21:29:22] masteroftheepics (uuid: 4150cd4b-a415-4298-bdc7-c9e330b466cc): xD
[21:29:51] masteroftheepics (uuid: 4150cd4b-a415-4298-bdc7-c9e330b466cc): This is what to do when u have an infinity bow
[21:32:58] masteroftheepics (uuid: 4150cd4b-a415-4298-bdc7-c9e330b466cc): Anybody know where to find a wolf so i can tame it
[21:33:03] Mrmapl3syrup (uuid: b3f11e18-ff16-45fe-85b7-bb69e73fb17c): no
[21:33:06] Mrmapl3syrup (uuid: b3f11e18-ff16-45fe-85b7-bb69e73fb17c): 18
[21:35:00] masteroftheepics (uuid: 4150cd4b-a415-4298-bdc7-c9e330b466cc): Whers ur gunpowder farm?
[21:35:05] Mrmapl3syrup (uuid: b3f11e18-ff16-45fe-85b7-bb69e73fb17c): somewhere
[21:35:08] masteroftheepics (uuid: 4150cd4b-a415-4298-bdc7-c9e330b466cc): kk
[21:35:19] Mrmapl3syrup (uuid: b3f11e18-ff16-45fe-85b7-bb69e73fb17c): its in our base xd
[21:35:24] masteroftheepics (uuid: 4150cd4b-a415-4298-bdc7-c9e330b466cc): Can i see it
[21:35:27] Mrmapl3syrup (uuid: b3f11e18-ff16-45fe-85b7-bb69e73fb17c): sure
[21:35:39] masteroftheepics (uuid: 4150cd4b-a415-4298-bdc7-c9e330b466cc): DOes it use a creeper spawner
[21:35:39] Mrmapl3syrup (uuid: b3f11e18-ff16-45fe-85b7-bb69e73fb17c): just dont steal any gunpowder
[21:35:42] Mrmapl3syrup (uuid: b3f11e18-ff16-45fe-85b7-bb69e73fb17c): ye
[21:35:49] Mrmapl3syrup (uuid: b3f11e18-ff16-45fe-85b7-bb69e73fb17c): completely automated
[21:35:49] masteroftheepics (uuid: 4150cd4b-a415-4298-bdc7-c9e330b466cc): Did u spawn it in
[21:36:01] Mrmapl3syrup (uuid: b3f11e18-ff16-45fe-85b7-bb69e73fb17c): no
[21:36:04] Mrmapl3syrup (uuid: b3f11e18-ff16-45fe-85b7-bb69e73fb17c): I bought it
[21:36:10] masteroftheepics (uuid: 4150cd4b-a415-4298-bdc7-c9e330b466cc): Ah
[21:36:21] Mrmapl3syrup (uuid: b3f11e18-ff16-45fe-85b7-bb69e73fb17c): shtawp
[21:36:42] Mrmapl3syrup (uuid: b3f11e18-ff16-45fe-85b7-bb69e73fb17c): look in that chest
[21:36:47] masteroftheepics (uuid: 4150cd4b-a415-4298-bdc7-c9e330b466cc): dang
[21:37:03] masteroftheepics (uuid: 4150cd4b-a415-4298-bdc7-c9e330b466cc): is there any worth tho
[21:37:06] masteroftheepics (uuid: 4150cd4b-a415-4298-bdc7-c9e330b466cc): and hoow do they die
[21:37:07] Mrmapl3syrup (uuid: b3f11e18-ff16-45fe-85b7-bb69e73fb17c): ye
[21:37:10] Mrmapl3syrup (uuid: b3f11e18-ff16-45fe-85b7-bb69e73fb17c): lava
[21:37:23] Mrmapl3syrup (uuid: b3f11e18-ff16-45fe-85b7-bb69e73fb17c): dont go in there
[21:37:28] masteroftheepics (uuid: 4150cd4b-a415-4298-bdc7-c9e330b466cc): ik
[21:37:35] Mrmapl3syrup (uuid: b3f11e18-ff16-45fe-85b7-bb69e73fb17c): step back i got to close it
[21:37:41] masteroftheepics (uuid: 4150cd4b-a415-4298-bdc7-c9e330b466cc): couldnt u make a farm for all the mobs
[21:37:49] Mrmapl3syrup (uuid: b3f11e18-ff16-45fe-85b7-bb69e73fb17c): nope
[21:37:58] Mrmapl3syrup (uuid: b3f11e18-ff16-45fe-85b7-bb69e73fb17c): Mobs spawn naturally differently
[21:38:01] masteroftheepics (uuid: 4150cd4b-a415-4298-bdc7-c9e330b466cc): pig spawner?
[21:38:08] Mrmapl3syrup (uuid: b3f11e18-ff16-45fe-85b7-bb69e73fb17c): ye
[21:38:13] masteroftheepics (uuid: 4150cd4b-a415-4298-bdc7-c9e330b466cc): and make the same thing
[21:38:16] Mrmapl3syrup (uuid: b3f11e18-ff16-45fe-85b7-bb69e73fb17c): We bought a creeper egg
[21:38:24] masteroftheepics (uuid: 4150cd4b-a415-4298-bdc7-c9e330b466cc): wait
[21:38:24] Mrmapl3syrup (uuid: b3f11e18-ff16-45fe-85b7-bb69e73fb17c): And changed it to a creeper one
[21:38:29] masteroftheepics (uuid: 4150cd4b-a415-4298-bdc7-c9e330b466cc): ...
[21:38:35] Mrmapl3syrup (uuid: b3f11e18-ff16-45fe-85b7-bb69e73fb17c): but u cant buy that stuff
[21:38:36] masteroftheepics (uuid: 4150cd4b-a415-4298-bdc7-c9e330b466cc): lemme check the shop
[21:38:39] Mrmapl3syrup (uuid: b3f11e18-ff16-45fe-85b7-bb69e73fb17c): U have to have arank
[21:38:42] masteroftheepics (uuid: 4150cd4b-a415-4298-bdc7-c9e330b466cc): oh
[21:38:44] Mrmapl3syrup (uuid: b3f11e18-ff16-45fe-85b7-bb69e73fb17c): Its in donor shop xd
[21:38:45] masteroftheepics (uuid: 4150cd4b-a415-4298-bdc7-c9e330b466cc): rip
[21:38:53] masteroftheepics (uuid: 4150cd4b-a415-4298-bdc7-c9e330b466cc): how much does it cost for u guys
[21:38:54] Mrmapl3syrup (uuid: b3f11e18-ff16-45fe-85b7-bb69e73fb17c): If u give me 90k il buy you one
[21:39:00] masteroftheepics (uuid: 4150cd4b-a415-4298-bdc7-c9e330b466cc): i dont have 90k
[21:39:07] masteroftheepics (uuid: 4150cd4b-a415-4298-bdc7-c9e330b466cc): i have 4204
[21:39:08] Mrmapl3syrup (uuid: b3f11e18-ff16-45fe-85b7-bb69e73fb17c): welp ur out of luck xd
[21:39:18] masteroftheepics (uuid: 4150cd4b-a415-4298-bdc7-c9e330b466cc): can i go fishing in the spawner
[21:39:22] Mrmapl3syrup (uuid: b3f11e18-ff16-45fe-85b7-bb69e73fb17c): no
[21:39:25] masteroftheepics (uuid: 4150cd4b-a415-4298-bdc7-c9e330b466cc): xD
[21:39:28] watermelonman53 (uuid: 26666a91-29a2-487f-bda5-16d4919282a0): yes
[21:39:38] Mrmapl3syrup (uuid: b3f11e18-ff16-45fe-85b7-bb69e73fb17c): LMAO
[21:39:44] masteroftheepics (uuid: 4150cd4b-a415-4298-bdc7-c9e330b466cc): hm
[21:39:44] Mrmapl3syrup (uuid: b3f11e18-ff16-45fe-85b7-bb69e73fb17c): xd
[21:40:39] masteroftheepics (uuid: 4150cd4b-a415-4298-bdc7-c9e330b466cc): well then
[21:41:32] masteroftheepics (uuid: 4150cd4b-a415-4298-bdc7-c9e330b466cc): got any magic books for sale
[21:41:38] Mrmapl3syrup (uuid: b3f11e18-ff16-45fe-85b7-bb69e73fb17c): yes indeed we do
[21:41:40] Mrmapl3syrup (uuid: b3f11e18-ff16-45fe-85b7-bb69e73fb17c): Follow
[21:41:52] Mrmapl3syrup (uuid: b3f11e18-ff16-45fe-85b7-bb69e73fb17c): Wait there
[21:42:29] masteroftheepics (uuid: 4150cd4b-a415-4298-bdc7-c9e330b466cc): i love these animations
[21:42:35] masteroftheepics (uuid: 4150cd4b-a415-4298-bdc7-c9e330b466cc): humping
[21:43:16] Mrmapl3syrup (uuid: b3f11e18-ff16-45fe-85b7-bb69e73fb17c): Aight
[21:43:23] Mrmapl3syrup (uuid: b3f11e18-ff16-45fe-85b7-bb69e73fb17c): What type of book were you thinking of?
[21:43:28] masteroftheepics (uuid: 4150cd4b-a415-4298-bdc7-c9e330b466cc): idk
[21:43:33] masteroftheepics (uuid: 4150cd4b-a415-4298-bdc7-c9e330b466cc): for swords and armor
[21:43:49] watermelonman53 (uuid: 26666a91-29a2-487f-bda5-16d4919282a0): projectile 4
[21:43:58] Mrmapl3syrup (uuid: b3f11e18-ff16-45fe-85b7-bb69e73fb17c): protection 4*
[21:43:58] masteroftheepics (uuid: 4150cd4b-a415-4298-bdc7-c9e330b466cc): isnt tha for.... bows?
[21:44:00] masteroftheepics (uuid: 4150cd4b-a415-4298-bdc7-c9e330b466cc): oh
[21:44:01] Mrmapl3syrup (uuid: b3f11e18-ff16-45fe-85b7-bb69e73fb17c): Nope
[21:44:07] masteroftheepics (uuid: 4150cd4b-a415-4298-bdc7-c9e330b466cc): hmm
[21:44:07] Mrmapl3syrup (uuid: b3f11e18-ff16-45fe-85b7-bb69e73fb17c): IT will help against skeles tho
[21:44:08] masteroftheepics (uuid: 4150cd4b-a415-4298-bdc7-c9e330b466cc): wait
[21:44:17] masteroftheepics (uuid: 4150cd4b-a415-4298-bdc7-c9e330b466cc): can u enchant something twice
[21:44:22] Mrmapl3syrup (uuid: b3f11e18-ff16-45fe-85b7-bb69e73fb17c): ye
[21:44:26] Mrmapl3syrup (uuid: b3f11e18-ff16-45fe-85b7-bb69e73fb17c): With books yes
[21:44:31] masteroftheepics (uuid: 4150cd4b-a415-4298-bdc7-c9e330b466cc): do u have a unbreaking III
[21:44:32] Mrmapl3syrup (uuid: b3f11e18-ff16-45fe-85b7-bb69e73fb17c): Not with a enchantment table tho
[21:44:37] masteroftheepics (uuid: 4150cd4b-a415-4298-bdc7-c9e330b466cc): anvil
[21:44:54] masteroftheepics (uuid: 4150cd4b-a415-4298-bdc7-c9e330b466cc): u got unbreaking?
[21:44:59] watermelonman53 (uuid: 26666a91-29a2-487f-bda5-16d4919282a0): on min
[21:45:11] Mrmapl3syrup (uuid: b3f11e18-ff16-45fe-85b7-bb69e73fb17c): We have unbreaking one
[21:45:12] masteroftheepics (uuid: 4150cd4b-a415-4298-bdc7-c9e330b466cc): gettin the cookies eh
[21:45:13] watermelonman53 (uuid: 26666a91-29a2-487f-bda5-16d4919282a0): he will be bak
[21:45:16] Mrmapl3syrup (uuid: b3f11e18-ff16-45fe-85b7-bb69e73fb17c): Not three tho
[21:45:21] masteroftheepics (uuid: 4150cd4b-a415-4298-bdc7-c9e330b466cc): what level
[21:45:23] Mrmapl3syrup (uuid: b3f11e18-ff16-45fe-85b7-bb69e73fb17c): 1
[21:45:26] masteroftheepics (uuid: 4150cd4b-a415-4298-bdc7-c9e330b466cc): hmm
[21:45:31] Mrmapl3syrup (uuid: b3f11e18-ff16-45fe-85b7-bb69e73fb17c): Its 1k
[21:45:32] masteroftheepics (uuid: 4150cd4b-a415-4298-bdc7-c9e330b466cc): i want it for my infinity bow
[21:45:35] Mrmapl3syrup (uuid: b3f11e18-ff16-45fe-85b7-bb69e73fb17c): ...
[21:45:45] masteroftheepics (uuid: 4150cd4b-a415-4298-bdc7-c9e330b466cc): it has power 3 and infinity
[21:45:46] Mrmapl3syrup (uuid: b3f11e18-ff16-45fe-85b7-bb69e73fb17c): aight
[21:45:49] Mrmapl3syrup (uuid: b3f11e18-ff16-45fe-85b7-bb69e73fb17c): That will work
[21:45:56] Mrmapl3syrup (uuid: b3f11e18-ff16-45fe-85b7-bb69e73fb17c): just do /pay
[21:46:00] masteroftheepics (uuid: 4150cd4b-a415-4298-bdc7-c9e330b466cc): wha
[21:46:03] Mrmapl3syrup (uuid: b3f11e18-ff16-45fe-85b7-bb69e73fb17c): And il hand over the book :v
[21:46:07] masteroftheepics (uuid: 4150cd4b-a415-4298-bdc7-c9e330b466cc): bt i want a better unbreaking
[21:46:10] masteroftheepics (uuid: 4150cd4b-a415-4298-bdc7-c9e330b466cc): xD
[21:46:10] Mrmapl3syrup (uuid: b3f11e18-ff16-45fe-85b7-bb69e73fb17c): o
[21:46:14] Mrmapl3syrup (uuid: b3f11e18-ff16-45fe-85b7-bb69e73fb17c): Well give us a moment then
[21:47:13] Mrmapl3syrup (uuid: b3f11e18-ff16-45fe-85b7-bb69e73fb17c): We will try to make a book of Unbreaking 3
[21:47:16] masteroftheepics (uuid: 4150cd4b-a415-4298-bdc7-c9e330b466cc): k
[21:47:17] Mrmapl3syrup (uuid: b3f11e18-ff16-45fe-85b7-bb69e73fb17c): Which will be 2k
[21:47:20] masteroftheepics (uuid: 4150cd4b-a415-4298-bdc7-c9e330b466cc): 0_0
[21:47:24] Mrmapl3syrup (uuid: b3f11e18-ff16-45fe-85b7-bb69e73fb17c): As these cost a bunch of levels
[21:47:29] masteroftheepics (uuid: 4150cd4b-a415-4298-bdc7-c9e330b466cc): um
[21:47:34] masteroftheepics (uuid: 4150cd4b-a415-4298-bdc7-c9e330b466cc): id rather try my luck
[21:47:37] masteroftheepics (uuid: 4150cd4b-a415-4298-bdc7-c9e330b466cc): and fish one out
[21:47:47] Mrmapl3syrup (uuid: b3f11e18-ff16-45fe-85b7-bb69e73fb17c): Thats extreamly unlikely tho
[21:47:55] masteroftheepics (uuid: 4150cd4b-a415-4298-bdc7-c9e330b466cc): luck of sea 3
[21:48:04] Mrmapl3syrup (uuid: b3f11e18-ff16-45fe-85b7-bb69e73fb17c): Its unlikely
[21:48:07] Mrmapl3syrup (uuid: b3f11e18-ff16-45fe-85b7-bb69e73fb17c): :v
[21:48:10] masteroftheepics (uuid: 4150cd4b-a415-4298-bdc7-c9e330b466cc): i got frost walker feather falling
[21:48:14] Mrmapl3syrup (uuid: b3f11e18-ff16-45fe-85b7-bb69e73fb17c): Your REALLY lucky by getting that
[21:48:24] Mrmapl3syrup (uuid: b3f11e18-ff16-45fe-85b7-bb69e73fb17c): How about just 1.5 k?
[21:48:28] masteroftheepics (uuid: 4150cd4b-a415-4298-bdc7-c9e330b466cc): fether falling 5 frost 2
[21:48:31] masteroftheepics (uuid: 4150cd4b-a415-4298-bdc7-c9e330b466cc): nu
[21:48:37] masteroftheepics (uuid: 4150cd4b-a415-4298-bdc7-c9e330b466cc): i cant afford dat much
[21:48:42] Mrmapl3syrup (uuid: b3f11e18-ff16-45fe-85b7-bb69e73fb17c): Alrighty
[21:48:51] Mrmapl3syrup (uuid: b3f11e18-ff16-45fe-85b7-bb69e73fb17c): Good luck catching one
[21:49:02] masteroftheepics (uuid: 4150cd4b-a415-4298-bdc7-c9e330b466cc): my luck hasnt been good for a while
[21:49:36] masteroftheepics (uuid: 4150cd4b-a415-4298-bdc7-c9e330b466cc): does lure make it fish faster
[21:49:42] Mrmapl3syrup (uuid: b3f11e18-ff16-45fe-85b7-bb69e73fb17c): idk
[21:51:57] Mrmapl3syrup (uuid: b3f11e18-ff16-45fe-85b7-bb69e73fb17c): selling a enchanted book with Arthapods 4 and Sweeping edge 3 on it for 1k
[21:52:03] Mrmapl3syrup (uuid: b3f11e18-ff16-45fe-85b7-bb69e73fb17c): its for swords
[21:52:16] masteroftheepics (uuid: 4150cd4b-a415-4298-bdc7-c9e330b466cc): do u have any lure books
[21:52:23] Mrmapl3syrup (uuid: b3f11e18-ff16-45fe-85b7-bb69e73fb17c): Dont think so
[21:53:56] masteroftheepics (uuid: 4150cd4b-a415-4298-bdc7-c9e330b466cc): What does respiration do
[21:54:03] masteroftheepics (uuid: 4150cd4b-a415-4298-bdc7-c9e330b466cc): Breathe in water?
[21:54:07] Mrmapl3syrup (uuid: b3f11e18-ff16-45fe-85b7-bb69e73fb17c): Yep
[21:54:17] Mrmapl3syrup (uuid: b3f11e18-ff16-45fe-85b7-bb69e73fb17c): Well it helps u breathe
[21:54:19] masteroftheepics (uuid: 4150cd4b-a415-4298-bdc7-c9e330b466cc): ?
[21:54:25] Mrmapl3syrup (uuid: b3f11e18-ff16-45fe-85b7-bb69e73fb17c): It makes u breathe longer
[21:55:59] masteroftheepics (uuid: 4150cd4b-a415-4298-bdc7-c9e330b466cc): What are u guys buying
[21:56:05] Mrmapl3syrup (uuid: b3f11e18-ff16-45fe-85b7-bb69e73fb17c): diamonds
[21:56:11] Mrmapl3syrup (uuid: b3f11e18-ff16-45fe-85b7-bb69e73fb17c): books
[21:56:13] masteroftheepics (uuid: 4150cd4b-a415-4298-bdc7-c9e330b466cc): How much per diamond
[21:56:48] Mrmapl3syrup (uuid: b3f11e18-ff16-45fe-85b7-bb69e73fb17c): 30
[21:57:23] masteroftheepics (uuid: 4150cd4b-a415-4298-bdc7-c9e330b466cc): What does the enchantment "Mending" do
[21:57:34] masteroftheepics (uuid: 4150cd4b-a415-4298-bdc7-c9e330b466cc): Unbreakable?
[21:57:49] Mrmapl3syrup (uuid: b3f11e18-ff16-45fe-85b7-bb69e73fb17c): when you get xp some of the xp goes to your armor which heals it
[21:58:09] masteroftheepics (uuid: 4150cd4b-a415-4298-bdc7-c9e330b466cc): Well, i got a mending fishig rod
[21:58:13] Mrmapl3syrup (uuid: b3f11e18-ff16-45fe-85b7-bb69e73fb17c): lol
[21:58:20] Mrmapl3syrup (uuid: b3f11e18-ff16-45fe-85b7-bb69e73fb17c): thats a really bad fishing rod xd
[21:58:25] Mrmapl3syrup (uuid: b3f11e18-ff16-45fe-85b7-bb69e73fb17c): ?
[21:58:32] masteroftheepics (uuid: 4150cd4b-a415-4298-bdc7-c9e330b466cc): Sellin diamonds'
[21:58:35] masteroftheepics (uuid: 4150cd4b-a415-4298-bdc7-c9e330b466cc): 80 each?
[21:58:39] Mrmapl3syrup (uuid: b3f11e18-ff16-45fe-85b7-bb69e73fb17c): woah no
[21:58:46] Mrmapl3syrup (uuid: b3f11e18-ff16-45fe-85b7-bb69e73fb17c): thats like 50 overpriced xd
[21:58:47] masteroftheepics (uuid: 4150cd4b-a415-4298-bdc7-c9e330b466cc): 30 i mean
[21:58:51] Mrmapl3syrup (uuid: b3f11e18-ff16-45fe-85b7-bb69e73fb17c): sure
[21:58:54] Mrmapl3syrup (uuid: b3f11e18-ff16-45fe-85b7-bb69e73fb17c): il buy 16
[21:58:54] masteroftheepics (uuid: 4150cd4b-a415-4298-bdc7-c9e330b466cc): pay me
[21:59:34] Mrmapl3syrup (uuid: b3f11e18-ff16-45fe-85b7-bb69e73fb17c): free feesh
[21:59:37] Mrmapl3syrup (uuid: b3f11e18-ff16-45fe-85b7-bb69e73fb17c): OOPS
[21:59:39] Mrmapl3syrup (uuid: b3f11e18-ff16-45fe-85b7-bb69e73fb17c): xd
[21:59:42] masteroftheepics (uuid: 4150cd4b-a415-4298-bdc7-c9e330b466cc): xD
[21:59:51] masteroftheepics (uuid: 4150cd4b-a415-4298-bdc7-c9e330b466cc): can i ttake from ur garbage xD
[21:59:55] Mrmapl3syrup (uuid: b3f11e18-ff16-45fe-85b7-bb69e73fb17c): no
[21:59:58] Mrmapl3syrup (uuid: b3f11e18-ff16-45fe-85b7-bb69e73fb17c): no
[22:00:18] masteroftheepics (uuid: 4150cd4b-a415-4298-bdc7-c9e330b466cc): xD
[22:00:20] masteroftheepics (uuid: 4150cd4b-a415-4298-bdc7-c9e330b466cc): I got value
[22:00:27] Mrmapl3syrup (uuid: b3f11e18-ff16-45fe-85b7-bb69e73fb17c): a smalll amount
[22:00:32] masteroftheepics (uuid: 4150cd4b-a415-4298-bdc7-c9e330b466cc): xD
[22:00:42] Mrmapl3syrup (uuid: b3f11e18-ff16-45fe-85b7-bb69e73fb17c): Actually you technically lost it
[22:00:46] masteroftheepics (uuid: 4150cd4b-a415-4298-bdc7-c9e330b466cc): no
[22:00:53] masteroftheepics (uuid: 4150cd4b-a415-4298-bdc7-c9e330b466cc): oh
[22:00:57] Mrmapl3syrup (uuid: b3f11e18-ff16-45fe-85b7-bb69e73fb17c): its 256 lol
[22:01:01] masteroftheepics (uuid: 4150cd4b-a415-4298-bdc7-c9e330b466cc): yeaaaa
[22:01:03] Mrmapl3syrup (uuid: b3f11e18-ff16-45fe-85b7-bb69e73fb17c): :D
[22:01:31] masteroftheepics (uuid: 4150cd4b-a415-4298-bdc7-c9e330b466cc): OMG I CAN SELL MY NETHERSTAR
[22:01:36] masteroftheepics (uuid: 4150cd4b-a415-4298-bdc7-c9e330b466cc): GG BOIES
[22:01:37] Mrmapl3syrup (uuid: b3f11e18-ff16-45fe-85b7-bb69e73fb17c): How did you get 1????
[22:01:40] masteroftheepics (uuid: 4150cd4b-a415-4298-bdc7-c9e330b466cc): magic
[22:01:42] Mrmapl3syrup (uuid: b3f11e18-ff16-45fe-85b7-bb69e73fb17c): Bs
[22:01:44] masteroftheepics (uuid: 4150cd4b-a415-4298-bdc7-c9e330b466cc): jk i dot have one
[22:01:47] Mrmapl3syrup (uuid: b3f11e18-ff16-45fe-85b7-bb69e73fb17c): o lol
[22:01:55] Mrmapl3syrup (uuid: b3f11e18-ff16-45fe-85b7-bb69e73fb17c): We have sold two already xd
[22:02:36] masteroftheepics (uuid: 4150cd4b-a415-4298-bdc7-c9e330b466cc): damn
[22:05:47] masteroftheepics (uuid: 4150cd4b-a415-4298-bdc7-c9e330b466cc): yo
[22:05:58] masteroftheepics (uuid: 4150cd4b-a415-4298-bdc7-c9e330b466cc): what are the warps
[22:06:15] Mrmapl3syrup (uuid: b3f11e18-ff16-45fe-85b7-bb69e73fb17c): warp
[22:06:22] Mrmapl3syrup (uuid: b3f11e18-ff16-45fe-85b7-bb69e73fb17c): odk
[22:06:24] Mrmapl3syrup (uuid: b3f11e18-ff16-45fe-85b7-bb69e73fb17c): idk
[22:06:28] masteroftheepics (uuid: 4150cd4b-a415-4298-bdc7-c9e330b466cc): do /warps
[22:06:34] Mrmapl3syrup (uuid: b3f11e18-ff16-45fe-85b7-bb69e73fb17c): it doesnt work
[22:07:12] masteroftheepics (uuid: 4150cd4b-a415-4298-bdc7-c9e330b466cc): WANNA FISH TOGETHER LIKE BIDDIES?
[22:11:48] masteroftheepics (uuid: 4150cd4b-a415-4298-bdc7-c9e330b466cc): AYYY ANOTHE FROSTWALKER
[22:12:33] masteroftheepics (uuid: 4150cd4b-a415-4298-bdc7-c9e330b466cc): so many fishies
[22:12:42] masteroftheepics (uuid: 4150cd4b-a415-4298-bdc7-c9e330b466cc): It lets u down
[22:12:52] masteroftheepics (uuid: 4150cd4b-a415-4298-bdc7-c9e330b466cc): when u got a luck of the sea rod
[22:14:25] masteroftheepics (uuid: 4150cd4b-a415-4298-bdc7-c9e330b466cc): ill pay
[22:14:28] watermelonman53 (uuid: 26666a91-29a2-487f-bda5-16d4919282a0): wut
[22:14:35] masteroftheepics (uuid: 4150cd4b-a415-4298-bdc7-c9e330b466cc): black boob
[22:14:54] watermelonman53 (uuid: 26666a91-29a2-487f-bda5-16d4919282a0): gib me mony
[22:15:37] watermelonman53 (uuid: 26666a91-29a2-487f-bda5-16d4919282a0): 90$ more
[22:15:42] masteroftheepics (uuid: 4150cd4b-a415-4298-bdc7-c9e330b466cc): WHAT
[22:15:47] masteroftheepics (uuid: 4150cd4b-a415-4298-bdc7-c9e330b466cc): but
[22:15:51] masteroftheepics (uuid: 4150cd4b-a415-4298-bdc7-c9e330b466cc): maple
[22:15:55] masteroftheepics (uuid: 4150cd4b-a415-4298-bdc7-c9e330b466cc): repaied like 5 of em
[22:15:57] masteroftheepics (uuid: 4150cd4b-a415-4298-bdc7-c9e330b466cc): for 100
[22:16:03] Mrmapl3syrup (uuid: b3f11e18-ff16-45fe-85b7-bb69e73fb17c): I repaired 3
[22:16:11] watermelonman53 (uuid: 26666a91-29a2-487f-bda5-16d4919282a0): discount
[22:16:14] Mrmapl3syrup (uuid: b3f11e18-ff16-45fe-85b7-bb69e73fb17c): its 100 dollars xd
[22:16:15] watermelonman53 (uuid: 26666a91-29a2-487f-bda5-16d4919282a0): 50
[22:16:19] masteroftheepics (uuid: 4150cd4b-a415-4298-bdc7-c9e330b466cc): 0_0
[22:16:28] masteroftheepics (uuid: 4150cd4b-a415-4298-bdc7-c9e330b466cc): i gave u a black boob and 10@
[22:16:31] masteroftheepics (uuid: 4150cd4b-a415-4298-bdc7-c9e330b466cc): $
[22:16:43] Mrmapl3syrup (uuid: b3f11e18-ff16-45fe-85b7-bb69e73fb17c): Wtf is that
[22:16:49] masteroftheepics (uuid: 4150cd4b-a415-4298-bdc7-c9e330b466cc): ink sac
[22:16:51] Mrmapl3syrup (uuid: b3f11e18-ff16-45fe-85b7-bb69e73fb17c): Ink sacks dont work m8
[22:16:55] masteroftheepics (uuid: 4150cd4b-a415-4298-bdc7-c9e330b466cc): awwwww
[22:16:57] watermelonman53 (uuid: 26666a91-29a2-487f-bda5-16d4919282a0): 40
[22:16:58] Mrmapl3syrup (uuid: b3f11e18-ff16-45fe-85b7-bb69e73fb17c): thats like 1 dollar xd
[22:17:00] masteroftheepics (uuid: 4150cd4b-a415-4298-bdc7-c9e330b466cc): ,,,,
[22:17:02] masteroftheepics (uuid: 4150cd4b-a415-4298-bdc7-c9e330b466cc): compass?
[22:17:06] Mrmapl3syrup (uuid: b3f11e18-ff16-45fe-85b7-bb69e73fb17c): no
[22:17:08] Mrmapl3syrup (uuid: b3f11e18-ff16-45fe-85b7-bb69e73fb17c): we want money
[22:17:11] Mrmapl3syrup (uuid: b3f11e18-ff16-45fe-85b7-bb69e73fb17c): PURE money
[22:17:12] masteroftheepics (uuid: 4150cd4b-a415-4298-bdc7-c9e330b466cc): :(
[22:17:16] masteroftheepics (uuid: 4150cd4b-a415-4298-bdc7-c9e330b466cc): wait
[22:17:19] masteroftheepics (uuid: 4150cd4b-a415-4298-bdc7-c9e330b466cc): after this one
[22:17:19] Mrmapl3syrup (uuid: b3f11e18-ff16-45fe-85b7-bb69e73fb17c): We arnt savages
[22:17:39] masteroftheepics (uuid: 4150cd4b-a415-4298-bdc7-c9e330b466cc): there
[22:17:44] watermelonman53 (uuid: 26666a91-29a2-487f-bda5-16d4919282a0): thanks
[22:17:51] masteroftheepics (uuid: 4150cd4b-a415-4298-bdc7-c9e330b466cc): lala
[22:18:25] masteroftheepics (uuid: 4150cd4b-a415-4298-bdc7-c9e330b466cc): sorry
[22:18:28] masteroftheepics (uuid: 4150cd4b-a415-4298-bdc7-c9e330b466cc): i froze ur lake
[22:18:30] Mrmapl3syrup (uuid: b3f11e18-ff16-45fe-85b7-bb69e73fb17c): weiner sack
[22:18:36] watermelonman53 (uuid: 26666a91-29a2-487f-bda5-16d4919282a0): for what
[22:18:40] watermelonman53 (uuid: 26666a91-29a2-487f-bda5-16d4919282a0): o
[22:19:04] Mrmapl3syrup (uuid: b3f11e18-ff16-45fe-85b7-bb69e73fb17c): STOP
[22:19:06] masteroftheepics (uuid: 4150cd4b-a415-4298-bdc7-c9e330b466cc): i will pick u
[22:19:08] masteroftheepics (uuid: 4150cd4b-a415-4298-bdc7-c9e330b466cc): oh
[22:19:13] masteroftheepics (uuid: 4150cd4b-a415-4298-bdc7-c9e330b466cc): can u breed em?
[22:19:13] Mrmapl3syrup (uuid: b3f11e18-ff16-45fe-85b7-bb69e73fb17c): HE IS OUR NEW PET :O
[22:19:16] Mrmapl3syrup (uuid: b3f11e18-ff16-45fe-85b7-bb69e73fb17c): LMAO
[22:19:17] Mrmapl3syrup (uuid: b3f11e18-ff16-45fe-85b7-bb69e73fb17c): no
[22:19:46] masteroftheepics (uuid: 4150cd4b-a415-4298-bdc7-c9e330b466cc): can i throw in pennies
[22:19:51] Mrmapl3syrup (uuid: b3f11e18-ff16-45fe-85b7-bb69e73fb17c): yus
[22:19:52] masteroftheepics (uuid: 4150cd4b-a415-4298-bdc7-c9e330b466cc): to the wishing zombie
[22:20:28] masteroftheepics (uuid: 4150cd4b-a415-4298-bdc7-c9e330b466cc): dime
[22:20:57] masteroftheepics (uuid: 4150cd4b-a415-4298-bdc7-c9e330b466cc): can i buy a wolf egg
[22:21:02] Mrmapl3syrup (uuid: b3f11e18-ff16-45fe-85b7-bb69e73fb17c): nope
[22:21:05] masteroftheepics (uuid: 4150cd4b-a415-4298-bdc7-c9e330b466cc): i want a doggy
