[15:50:24] Mrmapl3syrup (uuid: b3f11e18-ff16-45fe-85b7-bb69e73fb17c): hi
[15:50:25] TheRealColmagi (uuid: c98c1615-0764-41e1-848d-73152bfabe94): help me how do i make the towers at the corners
[15:50:32] TheRealColmagi (uuid: c98c1615-0764-41e1-848d-73152bfabe94): im shit at that
[15:50:54] Mrmapl3syrup (uuid: b3f11e18-ff16-45fe-85b7-bb69e73fb17c): You might just keep the bridge like thing going
[15:50:58] Mrmapl3syrup (uuid: b3f11e18-ff16-45fe-85b7-bb69e73fb17c): Er the wall like thing
[15:51:04] TheRealColmagi (uuid: c98c1615-0764-41e1-848d-73152bfabe94): there
[15:51:07] TheRealColmagi (uuid: c98c1615-0764-41e1-848d-73152bfabe94): u can make a wall thing
[15:51:09] TheRealColmagi (uuid: c98c1615-0764-41e1-848d-73152bfabe94): tower
[15:51:10] TheRealColmagi (uuid: c98c1615-0764-41e1-848d-73152bfabe94): i mean
[15:52:28] TheRealColmagi (uuid: c98c1615-0764-41e1-848d-73152bfabe94): also can u destroy
[15:52:37] TheRealColmagi (uuid: c98c1615-0764-41e1-848d-73152bfabe94): the mountains over there
[15:52:41] TheRealColmagi (uuid: c98c1615-0764-41e1-848d-73152bfabe94): like flatten it using w/e
[15:58:25] TheRealColmagi (uuid: c98c1615-0764-41e1-848d-73152bfabe94): i wanted a 5x5
[15:58:32] Mrmapl3syrup (uuid: b3f11e18-ff16-45fe-85b7-bb69e73fb17c): ...
[15:58:52] Mrmapl3syrup (uuid: b3f11e18-ff16-45fe-85b7-bb69e73fb17c): thanks for letting me know when I finish
[15:59:11] TheRealColmagi (uuid: c98c1615-0764-41e1-848d-73152bfabe94): srry lol
[16:00:13] TheRealColmagi (uuid: c98c1615-0764-41e1-848d-73152bfabe94): hold on
[16:00:32] TheRealColmagi (uuid: c98c1615-0764-41e1-848d-73152bfabe94): there
[16:00:41] TheRealColmagi (uuid: c98c1615-0764-41e1-848d-73152bfabe94): like on the corner
[16:00:45] Mrmapl3syrup (uuid: b3f11e18-ff16-45fe-85b7-bb69e73fb17c): o
[16:05:32] Mrmapl3syrup (uuid: b3f11e18-ff16-45fe-85b7-bb69e73fb17c): done
[16:05:50] TheRealColmagi (uuid: c98c1615-0764-41e1-848d-73152bfabe94): theres no wood?
[16:06:00] Mrmapl3syrup (uuid: b3f11e18-ff16-45fe-85b7-bb69e73fb17c): Did you want some???
[16:06:01] TheRealColmagi (uuid: c98c1615-0764-41e1-848d-73152bfabe94): do the theme that bluegamer uses on his weird houses
[16:06:05] TheRealColmagi (uuid: c98c1615-0764-41e1-848d-73152bfabe94): i like those houses
[16:06:18] TheRealColmagi (uuid: c98c1615-0764-41e1-848d-73152bfabe94): make it taller as well
[16:06:21] Mrmapl3syrup (uuid: b3f11e18-ff16-45fe-85b7-bb69e73fb17c): alright
[16:06:33] Mrmapl3syrup (uuid: b3f11e18-ff16-45fe-85b7-bb69e73fb17c): So you want me to start over again and use more wood?
[16:06:38] TheRealColmagi (uuid: c98c1615-0764-41e1-848d-73152bfabe94): ya
[16:10:46] TheRealColmagi (uuid: c98c1615-0764-41e1-848d-73152bfabe94): eks dheeee
[16:10:50] Mrmapl3syrup (uuid: b3f11e18-ff16-45fe-85b7-bb69e73fb17c): ?
[16:10:57] TheRealColmagi (uuid: c98c1615-0764-41e1-848d-73152bfabe94): xd
[16:11:00] Mrmapl3syrup (uuid: b3f11e18-ff16-45fe-85b7-bb69e73fb17c): eggs dee
[16:18:54] Mrmapl3syrup (uuid: b3f11e18-ff16-45fe-85b7-bb69e73fb17c): Is this better???
[16:19:04] TheRealColmagi (uuid: c98c1615-0764-41e1-848d-73152bfabe94): uh
[16:19:09] TheRealColmagi (uuid: c98c1615-0764-41e1-848d-73152bfabe94): taller
[16:19:12] TheRealColmagi (uuid: c98c1615-0764-41e1-848d-73152bfabe94): make a nice lookin roof
[16:19:19] TheRealColmagi (uuid: c98c1615-0764-41e1-848d-73152bfabe94): like a castle kinda
[16:19:30] Mrmapl3syrup (uuid: b3f11e18-ff16-45fe-85b7-bb69e73fb17c): >basically my last two
[16:23:09] TheRealColmagi (uuid: c98c1615-0764-41e1-848d-73152bfabe94): i want a tall roof
[16:23:12] Mrmapl3syrup (uuid: b3f11e18-ff16-45fe-85b7-bb69e73fb17c): oml
[16:23:20] TheRealColmagi (uuid: c98c1615-0764-41e1-848d-73152bfabe94): like the one with 4 sides
[16:23:23] TheRealColmagi (uuid: c98c1615-0764-41e1-848d-73152bfabe94): that go to a point
[16:23:30] Mrmapl3syrup (uuid: b3f11e18-ff16-45fe-85b7-bb69e73fb17c): I cant make that
[16:23:33] TheRealColmagi (uuid: c98c1615-0764-41e1-848d-73152bfabe94): why
[16:23:39] Mrmapl3syrup (uuid: b3f11e18-ff16-45fe-85b7-bb69e73fb17c): your wall thing interferes with it
[16:23:44] TheRealColmagi (uuid: c98c1615-0764-41e1-848d-73152bfabe94): build another story
[16:23:45] TheRealColmagi (uuid: c98c1615-0764-41e1-848d-73152bfabe94): duh
[16:23:49] Mrmapl3syrup (uuid: b3f11e18-ff16-45fe-85b7-bb69e73fb17c): oooooh myyy god
[16:23:56] TheRealColmagi (uuid: c98c1615-0764-41e1-848d-73152bfabe94): u get the ez task of building 1 tower
[16:24:00] TheRealColmagi (uuid: c98c1615-0764-41e1-848d-73152bfabe94): im busy making a whole wall ok
[16:24:10] TheRealColmagi (uuid: c98c1615-0764-41e1-848d-73152bfabe94): ive had to move spawn 3 times cuz i kept getting it wrong
[16:24:10] Mrmapl3syrup (uuid: b3f11e18-ff16-45fe-85b7-bb69e73fb17c): you can just copy and paste
[16:24:43] TheRealColmagi (uuid: c98c1615-0764-41e1-848d-73152bfabe94): im waiting on u to finish so i can copy paste to the other side
[16:24:47] TheRealColmagi (uuid: c98c1615-0764-41e1-848d-73152bfabe94): the tower first
[16:24:55] TheRealColmagi (uuid: c98c1615-0764-41e1-848d-73152bfabe94): then the big wall
[16:24:58] TheRealColmagi (uuid: c98c1615-0764-41e1-848d-73152bfabe94): onto the other side
[16:25:11] TheRealColmagi (uuid: c98c1615-0764-41e1-848d-73152bfabe94): tell me b4 u start the roof
[16:25:21] TheRealColmagi (uuid: c98c1615-0764-41e1-848d-73152bfabe94): is it gonna be wider than the tower
[16:25:27] Mrmapl3syrup (uuid: b3f11e18-ff16-45fe-85b7-bb69e73fb17c): idk
[16:25:35] TheRealColmagi (uuid: c98c1615-0764-41e1-848d-73152bfabe94): if u are gonna make it wider tell me
[16:25:48] TheRealColmagi (uuid: c98c1615-0764-41e1-848d-73152bfabe94): damn factions is SEXY
[16:25:52] Mrmapl3syrup (uuid: b3f11e18-ff16-45fe-85b7-bb69e73fb17c): yea
[16:25:54] TheRealColmagi (uuid: c98c1615-0764-41e1-848d-73152bfabe94): its coming along nicely
[16:25:59] Mrmapl3syrup (uuid: b3f11e18-ff16-45fe-85b7-bb69e73fb17c): u put alot of work into the big spawn area
[16:25:59] TheRealColmagi (uuid: c98c1615-0764-41e1-848d-73152bfabe94): all we need is buildings for stuff
[16:26:02] TheRealColmagi (uuid: c98c1615-0764-41e1-848d-73152bfabe94): yeah
[16:26:18] TheRealColmagi (uuid: c98c1615-0764-41e1-848d-73152bfabe94): wayy better than a generic quartz spawn amirite xdDDDD
[16:26:23] Mrmapl3syrup (uuid: b3f11e18-ff16-45fe-85b7-bb69e73fb17c): xdddddddddddddddd
[16:26:56] Mrmapl3syrup (uuid: b3f11e18-ff16-45fe-85b7-bb69e73fb17c): Like it?
[16:27:12] Mrmapl3syrup (uuid: b3f11e18-ff16-45fe-85b7-bb69e73fb17c): come look at the new tower
[16:27:18] Mrmapl3syrup (uuid: b3f11e18-ff16-45fe-85b7-bb69e73fb17c): roof included
[16:27:21] Mrmapl3syrup (uuid: b3f11e18-ff16-45fe-85b7-bb69e73fb17c): pogchamp
[16:27:45] Mrmapl3syrup (uuid: b3f11e18-ff16-45fe-85b7-bb69e73fb17c): Now you can just copy and paste this wall and tower a bunch
[16:28:07] Mrmapl3syrup (uuid: b3f11e18-ff16-45fe-85b7-bb69e73fb17c): tiem to go kill things
[16:28:10] Mrmapl3syrup (uuid: b3f11e18-ff16-45fe-85b7-bb69e73fb17c): WITH MY FIIIIIST
[16:28:12] TheRealColmagi (uuid: c98c1615-0764-41e1-848d-73152bfabe94): whowhowhowhohw
[16:29:54] TheRealColmagi (uuid: c98c1615-0764-41e1-848d-73152bfabe94): IS THIS IN THE RIGHT PLACE
[16:30:00] Mrmapl3syrup (uuid: b3f11e18-ff16-45fe-85b7-bb69e73fb17c): w0t
[16:30:02] TheRealColmagi (uuid: c98c1615-0764-41e1-848d-73152bfabe94): TELL ME IS IT GOOD
[16:30:05] TheRealColmagi (uuid: c98c1615-0764-41e1-848d-73152bfabe94): DO I HAVE TO MOVE IT
[16:30:10] Mrmapl3syrup (uuid: b3f11e18-ff16-45fe-85b7-bb69e73fb17c): move what
[16:30:14] TheRealColmagi (uuid: c98c1615-0764-41e1-848d-73152bfabe94): THE TOWER
[16:30:21] Mrmapl3syrup (uuid: b3f11e18-ff16-45fe-85b7-bb69e73fb17c): uh
[16:30:27] Mrmapl3syrup (uuid: b3f11e18-ff16-45fe-85b7-bb69e73fb17c): it is still roof less l0l
[16:30:31] TheRealColmagi (uuid: c98c1615-0764-41e1-848d-73152bfabe94): IK
[16:30:34] TheRealColmagi (uuid: c98c1615-0764-41e1-848d-73152bfabe94): BUT DO I NEED TO MOVE IT
[16:30:37] Mrmapl3syrup (uuid: b3f11e18-ff16-45fe-85b7-bb69e73fb17c): nada
[16:30:44] Mrmapl3syrup (uuid: b3f11e18-ff16-45fe-85b7-bb69e73fb17c): It is on point
[16:30:44] TheRealColmagi (uuid: c98c1615-0764-41e1-848d-73152bfabe94): k good
[16:30:48] TheRealColmagi (uuid: c98c1615-0764-41e1-848d-73152bfabe94): the perspectives were fukin me up
[16:31:04] Mrmapl3syrup (uuid: b3f11e18-ff16-45fe-85b7-bb69e73fb17c): flexes
[16:31:06] Mrmapl3syrup (uuid: b3f11e18-ff16-45fe-85b7-bb69e73fb17c): got me
[16:31:08] Mrmapl3syrup (uuid: b3f11e18-ff16-45fe-85b7-bb69e73fb17c): level 22
[16:31:10] Mrmapl3syrup (uuid: b3f11e18-ff16-45fe-85b7-bb69e73fb17c): unarmed
[16:31:17] TheRealColmagi (uuid: c98c1615-0764-41e1-848d-73152bfabe94): good
[16:31:21] TheRealColmagi (uuid: c98c1615-0764-41e1-848d-73152bfabe94): now see those mountains
[16:31:24] TheRealColmagi (uuid: c98c1615-0764-41e1-848d-73152bfabe94): go flatten them with w/e
[16:32:19] Mrmapl3syrup (uuid: b3f11e18-ff16-45fe-85b7-bb69e73fb17c): can I make a faction?
[16:32:22] TheRealColmagi (uuid: c98c1615-0764-41e1-848d-73152bfabe94): not yet
[16:32:27] Mrmapl3syrup (uuid: b3f11e18-ff16-45fe-85b7-bb69e73fb17c): kk
[16:32:28] TheRealColmagi (uuid: c98c1615-0764-41e1-848d-73152bfabe94): get those fukin mountains outta the way
[16:32:36] Mrmapl3syrup (uuid: b3f11e18-ff16-45fe-85b7-bb69e73fb17c): w0t
[16:32:53] TheRealColmagi (uuid: c98c1615-0764-41e1-848d-73152bfabe94): THE ONES ON THE SIDE OF SPAWN
[16:32:55] Mrmapl3syrup (uuid: b3f11e18-ff16-45fe-85b7-bb69e73fb17c): idk how to use world edit
[16:33:00] TheRealColmagi (uuid: c98c1615-0764-41e1-848d-73152bfabe94): time for u to learn
[16:33:06] TheRealColmagi (uuid: c98c1615-0764-41e1-848d-73152bfabe94): look it up real quick i gotta copy and paste
[16:33:10] Mrmapl3syrup (uuid: b3f11e18-ff16-45fe-85b7-bb69e73fb17c): . . .
[16:33:27] TheRealColmagi (uuid: c98c1615-0764-41e1-848d-73152bfabe94): oh god i have to get this right otherwise lag will ensue
[16:33:46] TheRealColmagi (uuid: c98c1615-0764-41e1-848d-73152bfabe94): yeah first get rid of these mountains pls
[16:34:32] TheRealColmagi (uuid: c98c1615-0764-41e1-848d-73152bfabe94): there
[16:34:36] Mrmapl3syrup (uuid: b3f11e18-ff16-45fe-85b7-bb69e73fb17c): the mountain is gone
[16:35:12] Mrmapl3syrup (uuid: b3f11e18-ff16-45fe-85b7-bb69e73fb17c): got my head set back one minute
[16:35:14] Mrmapl3syrup (uuid: b3f11e18-ff16-45fe-85b7-bb69e73fb17c): get in the discord
[16:37:28] Mrmapl3syrup (uuid: b3f11e18-ff16-45fe-85b7-bb69e73fb17c): new anything smeel
[16:37:32] Mrmapl3syrup (uuid: b3f11e18-ff16-45fe-85b7-bb69e73fb17c): smell
[16:38:49] TheRealColmagi (uuid: c98c1615-0764-41e1-848d-73152bfabe94): FUCK
[17:15:08] Mrmapl3syrup (uuid: b3f11e18-ff16-45fe-85b7-bb69e73fb17c): oh niiiicccceeeee
[17:15:15] Mrmapl3syrup (uuid: b3f11e18-ff16-45fe-85b7-bb69e73fb17c): WHY AM I TYPING THAT
[17:32:05] TheRealColmagi (uuid: c98c1615-0764-41e1-848d-73152bfabe94): big ass spawn eh
[17:32:06] TheRealColmagi (uuid: c98c1615-0764-41e1-848d-73152bfabe94): sexy tho
[17:32:17] TheRealColmagi (uuid: c98c1615-0764-41e1-848d-73152bfabe94): mymom checks me pls no curseing
[17:34:12] Mrmapl3syrup (uuid: b3f11e18-ff16-45fe-85b7-bb69e73fb17c): lemme go check the survival world
[17:34:25] Mrmapl3syrup (uuid: b3f11e18-ff16-45fe-85b7-bb69e73fb17c): I am going to look at my fountiain that is there
[17:34:25] TheRealColmagi (uuid: c98c1615-0764-41e1-848d-73152bfabe94): OH YEAH WE HAVE MULTIPLE WORLDS
[17:37:29] Mrmapl3syrup (uuid: b3f11e18-ff16-45fe-85b7-bb69e73fb17c): here
[17:39:43] TheRealColmagi (uuid: c98c1615-0764-41e1-848d-73152bfabe94): RIGHT EHRE RETARD
[17:44:56] TheRealColmagi (uuid: c98c1615-0764-41e1-848d-73152bfabe94): ezzzz
[17:47:41] TheRealColmagi (uuid: c98c1615-0764-41e1-848d-73152bfabe94): fancy
[17:47:54] Mrmapl3syrup (uuid: b3f11e18-ff16-45fe-85b7-bb69e73fb17c): Like it?
[17:47:54] TheRealColmagi (uuid: c98c1615-0764-41e1-848d-73152bfabe94): DAYUM
[17:48:09] TheRealColmagi (uuid: c98c1615-0764-41e1-848d-73152bfabe94): blk magicx
[17:48:12] Mrmapl3syrup (uuid: b3f11e18-ff16-45fe-85b7-bb69e73fb17c): :^)
[17:56:23] TheRealColmagi (uuid: c98c1615-0764-41e1-848d-73152bfabe94): sup
[17:56:25] Optivat_YT (uuid: 061f9ad6-a6fb-45da-8990-73890f965939): hi
[17:56:26] Mrmapl3syrup (uuid: b3f11e18-ff16-45fe-85b7-bb69e73fb17c): yo
[17:56:28] Mrmapl3syrup (uuid: b3f11e18-ff16-45fe-85b7-bb69e73fb17c): get in the discord
[18:22:27] TheRealColmagi (uuid: c98c1615-0764-41e1-848d-73152bfabe94): ugly
[18:25:00] TheRealColmagi (uuid: c98c1615-0764-41e1-848d-73152bfabe94): xXx_3dG3_l0Rd_xXx
[18:25:13] TheRealColmagi (uuid: c98c1615-0764-41e1-848d-73152bfabe94): so autism
[18:31:25] Mrmapl3syrup (uuid: b3f11e18-ff16-45fe-85b7-bb69e73fb17c): KICKED
[18:31:29] Mrmapl3syrup (uuid: b3f11e18-ff16-45fe-85b7-bb69e73fb17c): NERD L)L)L L)L) L OL
[18:32:05] TheRealColmagi (uuid: c98c1615-0764-41e1-848d-73152bfabe94): auteesum
[18:32:59] TheRealColmagi (uuid: c98c1615-0764-41e1-848d-73152bfabe94): cyka
[18:35:13] Optivat_YT (uuid: 061f9ad6-a6fb-45da-8990-73890f965939): Did this work?
[18:40:39] TheRealColmagi (uuid: c98c1615-0764-41e1-848d-73152bfabe94): NEED FOOD SNED HELP
[18:45:33] TheRealColmagi (uuid: c98c1615-0764-41e1-848d-73152bfabe94): IM GAY
[19:08:22] TheRealColmagi (uuid: c98c1615-0764-41e1-848d-73152bfabe94): AAAAAAAAAAAA TOO MUCH EXPLODES AND DIES
[19:10:14] TheRealColmagi (uuid: c98c1615-0764-41e1-848d-73152bfabe94): NEGROS
[19:10:42] Optivat_YT (uuid: 061f9ad6-a6fb-45da-8990-73890f965939): lag ftw
[19:12:55] TheRealColmagi (uuid: c98c1615-0764-41e1-848d-73152bfabe94): big ger nig ger
[19:13:22] Mrmapl3syrup (uuid: b3f11e18-ff16-45fe-85b7-bb69e73fb17c): kneegrow
[19:13:40] TheRealColmagi (uuid: c98c1615-0764-41e1-848d-73152bfabe94): no wtf
[19:18:11] Optivat_YT (uuid: 061f9ad6-a6fb-45da-8990-73890f965939): omg
[19:18:24] Optivat_YT (uuid: 061f9ad6-a6fb-45da-8990-73890f965939): 12 diamonds...
[19:18:29] Optivat_YT (uuid: 061f9ad6-a6fb-45da-8990-73890f965939): 12 diamonds...
[19:18:34] Mrmapl3syrup (uuid: b3f11e18-ff16-45fe-85b7-bb69e73fb17c): cool
[19:20:32] Optivat_YT (uuid: 061f9ad6-a6fb-45da-8990-73890f965939): I cant open it...
[19:20:37] Mrmapl3syrup (uuid: b3f11e18-ff16-45fe-85b7-bb69e73fb17c): why not
[19:20:44] Mrmapl3syrup (uuid: b3f11e18-ff16-45fe-85b7-bb69e73fb17c): wtf
[19:20:50] Mrmapl3syrup (uuid: b3f11e18-ff16-45fe-85b7-bb69e73fb17c): for some reason he cant open a chest
[19:21:01] Optivat_YT (uuid: 061f9ad6-a6fb-45da-8990-73890f965939): I am in the voice chat noob
[19:21:04] Mrmapl3syrup (uuid: b3f11e18-ff16-45fe-85b7-bb69e73fb17c): how tho
[19:21:08] Mrmapl3syrup (uuid: b3f11e18-ff16-45fe-85b7-bb69e73fb17c): no
[19:21:10] Optivat_YT (uuid: 061f9ad6-a6fb-45da-8990-73890f965939): Rank
[19:21:13] Mrmapl3syrup (uuid: b3f11e18-ff16-45fe-85b7-bb69e73fb17c): idk how
[19:21:15] Optivat_YT (uuid: 061f9ad6-a6fb-45da-8990-73890f965939): Upgrade us
[19:21:24] Optivat_YT (uuid: 061f9ad6-a6fb-45da-8990-73890f965939): /f promote Optivat_YT
[19:22:06] Optivat_YT (uuid: 061f9ad6-a6fb-45da-8990-73890f965939): how about me
[19:22:48] Optivat_YT (uuid: 061f9ad6-a6fb-45da-8990-73890f965939): oh shit
[19:22:53] Optivat_YT (uuid: 061f9ad6-a6fb-45da-8990-73890f965939): OH SHIT
[19:22:58] Optivat_YT (uuid: 061f9ad6-a6fb-45da-8990-73890f965939): I AM IN THE END
[19:23:02] Mrmapl3syrup (uuid: b3f11e18-ff16-45fe-85b7-bb69e73fb17c): w0t
[19:23:09] Optivat_YT (uuid: 061f9ad6-a6fb-45da-8990-73890f965939): phew
[19:23:16] Optivat_YT (uuid: 061f9ad6-a6fb-45da-8990-73890f965939):  that was close
[19:23:18] Optivat_YT (uuid: 061f9ad6-a6fb-45da-8990-73890f965939): yep
