[16:01:36] Mrmapl3syrup (uuid: b3f11e18-ff16-45fe-85b7-bb69e73fb17c): HEP
[16:01:46] Mrmapl3syrup (uuid: b3f11e18-ff16-45fe-85b7-bb69e73fb17c): IM STUCK UNDER ICE
[16:02:56] Mrmapl3syrup (uuid: b3f11e18-ff16-45fe-85b7-bb69e73fb17c): hi
[16:02:58] Mrmapl3syrup (uuid: b3f11e18-ff16-45fe-85b7-bb69e73fb17c): niog
[16:03:15] Mrmapl3syrup (uuid: b3f11e18-ff16-45fe-85b7-bb69e73fb17c): I DIDNT BLOW UP SHIT
[16:03:19] Mrmapl3syrup (uuid: b3f11e18-ff16-45fe-85b7-bb69e73fb17c): BLUE DID
[16:03:21] Mrmapl3syrup (uuid: b3f11e18-ff16-45fe-85b7-bb69e73fb17c): REEEEEEEEEEEEEEEEEE
[16:03:40] Mrmapl3syrup (uuid: b3f11e18-ff16-45fe-85b7-bb69e73fb17c): brb installing new optifine thingy
[16:05:03] Mrmapl3syrup (uuid: b3f11e18-ff16-45fe-85b7-bb69e73fb17c): niog
[16:06:50] Mrmapl3syrup (uuid: b3f11e18-ff16-45fe-85b7-bb69e73fb17c): leeeemme see
[16:07:05] Mrmapl3syrup (uuid: b3f11e18-ff16-45fe-85b7-bb69e73fb17c): it is likely
[16:07:10] Mrmapl3syrup (uuid: b3f11e18-ff16-45fe-85b7-bb69e73fb17c): uh
[16:07:18] Mrmapl3syrup (uuid: b3f11e18-ff16-45fe-85b7-bb69e73fb17c): I think the squeaker made it lol
[16:08:07] Mrmapl3syrup (uuid: b3f11e18-ff16-45fe-85b7-bb69e73fb17c): dude
[16:08:18] Mrmapl3syrup (uuid: b3f11e18-ff16-45fe-85b7-bb69e73fb17c): the sqeaker builds better then us
[16:08:28] Mrmapl3syrup (uuid: b3f11e18-ff16-45fe-85b7-bb69e73fb17c): CAN U READ
[16:08:44] Mrmapl3syrup (uuid: b3f11e18-ff16-45fe-85b7-bb69e73fb17c): maybe
[16:08:52] Mrmapl3syrup (uuid: b3f11e18-ff16-45fe-85b7-bb69e73fb17c): lol
[16:09:06] Mrmapl3syrup (uuid: b3f11e18-ff16-45fe-85b7-bb69e73fb17c): Better not make him a fucking mansion
[16:09:17] Mrmapl3syrup (uuid: b3f11e18-ff16-45fe-85b7-bb69e73fb17c): ask him to make a cock
[16:10:22] Mrmapl3syrup (uuid: b3f11e18-ff16-45fe-85b7-bb69e73fb17c): LAUNCH ME
[16:10:26] Mrmapl3syrup (uuid: b3f11e18-ff16-45fe-85b7-bb69e73fb17c): REEEEEEEEEEEEEEEEEEEEEE
[16:10:59] Mrmapl3syrup (uuid: b3f11e18-ff16-45fe-85b7-bb69e73fb17c): yes
[16:11:06] Mrmapl3syrup (uuid: b3f11e18-ff16-45fe-85b7-bb69e73fb17c): Optifine makes everything look godly
[16:11:13] Mrmapl3syrup (uuid: b3f11e18-ff16-45fe-85b7-bb69e73fb17c): Especially mornings
[16:11:26] Mrmapl3syrup (uuid: b3f11e18-ff16-45fe-85b7-bb69e73fb17c): lets build cool shit
[16:11:50] Mrmapl3syrup (uuid: b3f11e18-ff16-45fe-85b7-bb69e73fb17c): how do we build cool shit
[16:12:03] Mrmapl3syrup (uuid: b3f11e18-ff16-45fe-85b7-bb69e73fb17c): wanna make a dock
[16:12:07] Mrmapl3syrup (uuid: b3f11e18-ff16-45fe-85b7-bb69e73fb17c): cock*
[16:12:10] Mrmapl3syrup (uuid: b3f11e18-ff16-45fe-85b7-bb69e73fb17c): dock*
[16:12:14] Mrmapl3syrup (uuid: b3f11e18-ff16-45fe-85b7-bb69e73fb17c): fock
[16:12:30] Mrmapl3syrup (uuid: b3f11e18-ff16-45fe-85b7-bb69e73fb17c): no
[16:16:33] Mrmapl3syrup (uuid: b3f11e18-ff16-45fe-85b7-bb69e73fb17c): no
[16:17:43] Mrmapl3syrup (uuid: b3f11e18-ff16-45fe-85b7-bb69e73fb17c): you are too small
[16:18:10] Mrmapl3syrup (uuid: b3f11e18-ff16-45fe-85b7-bb69e73fb17c): Do u wanna build a waaaaaaaaal
[16:18:17] Mrmapl3syrup (uuid: b3f11e18-ff16-45fe-85b7-bb69e73fb17c): no
[16:18:21] Mrmapl3syrup (uuid: b3f11e18-ff16-45fe-85b7-bb69e73fb17c): it was a joke
[16:21:23] Mrmapl3syrup (uuid: b3f11e18-ff16-45fe-85b7-bb69e73fb17c): five dollar succy succy
[16:26:10] Mrmapl3syrup (uuid: b3f11e18-ff16-45fe-85b7-bb69e73fb17c): take it fag
[16:26:20] Mrmapl3syrup (uuid: b3f11e18-ff16-45fe-85b7-bb69e73fb17c): it is fikk
[16:26:32] Mrmapl3syrup (uuid: b3f11e18-ff16-45fe-85b7-bb69e73fb17c): it is fine'
[16:26:34] Mrmapl3syrup (uuid: b3f11e18-ff16-45fe-85b7-bb69e73fb17c): also
[16:26:38] Mrmapl3syrup (uuid: b3f11e18-ff16-45fe-85b7-bb69e73fb17c): the spiders are dancing
[16:26:48] Mrmapl3syrup (uuid: b3f11e18-ff16-45fe-85b7-bb69e73fb17c): look at him go!
[16:27:04] Mrmapl3syrup (uuid: b3f11e18-ff16-45fe-85b7-bb69e73fb17c): i ned wool brb
[16:29:53] Mrmapl3syrup (uuid: b3f11e18-ff16-45fe-85b7-bb69e73fb17c): no
[16:31:54] Mrmapl3syrup (uuid: b3f11e18-ff16-45fe-85b7-bb69e73fb17c): it is my ice fishing spot
[16:32:09] Mrmapl3syrup (uuid: b3f11e18-ff16-45fe-85b7-bb69e73fb17c): DANCING SPOODER
[16:32:13] Mrmapl3syrup (uuid: b3f11e18-ff16-45fe-85b7-bb69e73fb17c): nvm
[16:33:43] Mrmapl3syrup (uuid: b3f11e18-ff16-45fe-85b7-bb69e73fb17c): you dont
[16:33:55] Mrmapl3syrup (uuid: b3f11e18-ff16-45fe-85b7-bb69e73fb17c): that will melt all the ice near
[16:34:14] Mrmapl3syrup (uuid: b3f11e18-ff16-45fe-85b7-bb69e73fb17c): get me string pls
[16:34:24] Mrmapl3syrup (uuid: b3f11e18-ff16-45fe-85b7-bb69e73fb17c): get me som
[16:34:34] Mrmapl3syrup (uuid: b3f11e18-ff16-45fe-85b7-bb69e73fb17c): nuh
[16:34:37] Mrmapl3syrup (uuid: b3f11e18-ff16-45fe-85b7-bb69e73fb17c): i ned string
[16:34:44] Mrmapl3syrup (uuid: b3f11e18-ff16-45fe-85b7-bb69e73fb17c): wat
[16:34:53] Mrmapl3syrup (uuid: b3f11e18-ff16-45fe-85b7-bb69e73fb17c): no ud dont
[16:35:03] Mrmapl3syrup (uuid: b3f11e18-ff16-45fe-85b7-bb69e73fb17c): o k ay
[16:36:50] Mrmapl3syrup (uuid: b3f11e18-ff16-45fe-85b7-bb69e73fb17c): ..
[16:36:53] Mrmapl3syrup (uuid: b3f11e18-ff16-45fe-85b7-bb69e73fb17c): ....
[16:37:27] Mrmapl3syrup (uuid: b3f11e18-ff16-45fe-85b7-bb69e73fb17c): no
[16:37:29] Mrmapl3syrup (uuid: b3f11e18-ff16-45fe-85b7-bb69e73fb17c): it wont
[16:37:43] Mrmapl3syrup (uuid: b3f11e18-ff16-45fe-85b7-bb69e73fb17c): im not getting any feesh
[16:37:46] Mrmapl3syrup (uuid: b3f11e18-ff16-45fe-85b7-bb69e73fb17c): i woonder wee
[16:37:51] Mrmapl3syrup (uuid: b3f11e18-ff16-45fe-85b7-bb69e73fb17c): NVM :D
[16:37:55] Mrmapl3syrup (uuid: b3f11e18-ff16-45fe-85b7-bb69e73fb17c): I GOT A FOOSH
[16:38:41] Mrmapl3syrup (uuid: b3f11e18-ff16-45fe-85b7-bb69e73fb17c): stop
[16:38:43] Mrmapl3syrup (uuid: b3f11e18-ff16-45fe-85b7-bb69e73fb17c): np
[16:38:44] Mrmapl3syrup (uuid: b3f11e18-ff16-45fe-85b7-bb69e73fb17c): no
[16:38:52] Mrmapl3syrup (uuid: b3f11e18-ff16-45fe-85b7-bb69e73fb17c): dont build a underground bunker
[16:38:58] Mrmapl3syrup (uuid: b3f11e18-ff16-45fe-85b7-bb69e73fb17c): under my igloo
[16:39:03] Mrmapl3syrup (uuid: b3f11e18-ff16-45fe-85b7-bb69e73fb17c): no
[16:39:06] Mrmapl3syrup (uuid: b3f11e18-ff16-45fe-85b7-bb69e73fb17c): get rid of it >:C
[16:39:14] Mrmapl3syrup (uuid: b3f11e18-ff16-45fe-85b7-bb69e73fb17c): I CAN SEE IT AND IT BUGS ME
[16:39:21] Mrmapl3syrup (uuid: b3f11e18-ff16-45fe-85b7-bb69e73fb17c): yes
[16:39:37] Mrmapl3syrup (uuid: b3f11e18-ff16-45fe-85b7-bb69e73fb17c): i can still see the sings
[16:39:40] Mrmapl3syrup (uuid: b3f11e18-ff16-45fe-85b7-bb69e73fb17c): sgnigns
[16:39:45] Mrmapl3syrup (uuid: b3f11e18-ff16-45fe-85b7-bb69e73fb17c): brb
[16:39:51] Mrmapl3syrup (uuid: b3f11e18-ff16-45fe-85b7-bb69e73fb17c): i can
[16:40:51] Mrmapl3syrup (uuid: b3f11e18-ff16-45fe-85b7-bb69e73fb17c): uh
[16:40:53] Mrmapl3syrup (uuid: b3f11e18-ff16-45fe-85b7-bb69e73fb17c): not mine
[16:40:57] Mrmapl3syrup (uuid: b3f11e18-ff16-45fe-85b7-bb69e73fb17c): no
[16:40:59] Mrmapl3syrup (uuid: b3f11e18-ff16-45fe-85b7-bb69e73fb17c): didnt
[16:41:00] Mrmapl3syrup (uuid: b3f11e18-ff16-45fe-85b7-bb69e73fb17c): nope
[16:41:03] Mrmapl3syrup (uuid: b3f11e18-ff16-45fe-85b7-bb69e73fb17c): muh uh
[16:41:04] Mrmapl3syrup (uuid: b3f11e18-ff16-45fe-85b7-bb69e73fb17c): mah
[16:41:06] Mrmapl3syrup (uuid: b3f11e18-ff16-45fe-85b7-bb69e73fb17c): nah
[16:41:08] Mrmapl3syrup (uuid: b3f11e18-ff16-45fe-85b7-bb69e73fb17c): noooope
[16:41:10] Mrmapl3syrup (uuid: b3f11e18-ff16-45fe-85b7-bb69e73fb17c): NEEEOP
[16:41:15] Mrmapl3syrup (uuid: b3f11e18-ff16-45fe-85b7-bb69e73fb17c): NEEGRO OP"
[16:41:18] Mrmapl3syrup (uuid: b3f11e18-ff16-45fe-85b7-bb69e73fb17c): PLS NEARF"
[16:45:53] Mrmapl3syrup (uuid: b3f11e18-ff16-45fe-85b7-bb69e73fb17c): afk brb
[16:52:21] Mrmapl3syrup (uuid: b3f11e18-ff16-45fe-85b7-bb69e73fb17c): hi
[16:52:45] Mrmapl3syrup (uuid: b3f11e18-ff16-45fe-85b7-bb69e73fb17c): it doesnt matter i guess
[16:54:21] Mrmapl3syrup (uuid: b3f11e18-ff16-45fe-85b7-bb69e73fb17c): i may get off
[16:54:48] Mrmapl3syrup (uuid: b3f11e18-ff16-45fe-85b7-bb69e73fb17c): that is y lol
[16:54:56] Mrmapl3syrup (uuid: b3f11e18-ff16-45fe-85b7-bb69e73fb17c): k
[16:55:00] Mrmapl3syrup (uuid: b3f11e18-ff16-45fe-85b7-bb69e73fb17c): go spam them Kappa
[16:55:57] Mrmapl3syrup (uuid: b3f11e18-ff16-45fe-85b7-bb69e73fb17c): aight
[16:56:00] Mrmapl3syrup (uuid: b3f11e18-ff16-45fe-85b7-bb69e73fb17c): ima get off
[18:30:13] Optivat_YT (uuid: 061f9ad6-a6fb-45da-8990-73890f965939): hi
[18:39:06] TheRealColmagi (uuid: c98c1615-0764-41e1-848d-73152bfabe94): hello optivat
[18:39:11] Optivat_YT (uuid: 061f9ad6-a6fb-45da-8990-73890f965939): sup
[18:39:14] TheRealColmagi (uuid: c98c1615-0764-41e1-848d-73152bfabe94): i thought u would be on
[18:39:20] Optivat_YT (uuid: 061f9ad6-a6fb-45da-8990-73890f965939): lol
[18:39:54] Optivat_YT (uuid: 061f9ad6-a6fb-45da-8990-73890f965939): I have been mining a lot
[18:39:55] TheRealColmagi (uuid: c98c1615-0764-41e1-848d-73152bfabe94): ah good
[18:40:07] Optivat_YT (uuid: 061f9ad6-a6fb-45da-8990-73890f965939): got like, 8 exp levels
[18:40:07] TheRealColmagi (uuid: c98c1615-0764-41e1-848d-73152bfabe94): it seems my trap has activated on maple and water
[18:40:32] TheRealColmagi (uuid: c98c1615-0764-41e1-848d-73152bfabe94): how are you liking the house?
[18:40:35] Optivat_YT (uuid: 061f9ad6-a6fb-45da-8990-73890f965939): join the minecraft chat
[18:40:44] Optivat_YT (uuid: 061f9ad6-a6fb-45da-8990-73890f965939): it is great
[18:40:46] TheRealColmagi (uuid: c98c1615-0764-41e1-848d-73152bfabe94): im not calling rn
[18:40:55] TheRealColmagi (uuid: c98c1615-0764-41e1-848d-73152bfabe94): got ppl sleeping
[18:41:43] Optivat_YT (uuid: 061f9ad6-a6fb-45da-8990-73890f965939): i need 2 more levels
[18:41:50] Optivat_YT (uuid: 061f9ad6-a6fb-45da-8990-73890f965939): can u get the blaze spawner
[18:42:24] TheRealColmagi (uuid: c98c1615-0764-41e1-848d-73152bfabe94): you can use the nightclub spawner
[18:42:28] TheRealColmagi (uuid: c98c1615-0764-41e1-848d-73152bfabe94): in the village
[18:42:46] Optivat_YT (uuid: 061f9ad6-a6fb-45da-8990-73890f965939): Can you get the blaze spawner, I got enough building blocks too automate it
[18:43:02] TheRealColmagi (uuid: c98c1615-0764-41e1-848d-73152bfabe94): very well then
[18:43:35] Optivat_YT (uuid: 061f9ad6-a6fb-45da-8990-73890f965939): like I need it, mine it with a silk touch
[18:43:46] TheRealColmagi (uuid: c98c1615-0764-41e1-848d-73152bfabe94): ok
[18:43:51] Optivat_YT (uuid: 061f9ad6-a6fb-45da-8990-73890f965939): u get it
[18:43:53] TheRealColmagi (uuid: c98c1615-0764-41e1-848d-73152bfabe94): yeah
[18:44:00] Optivat_YT (uuid: 061f9ad6-a6fb-45da-8990-73890f965939): toss it???
[18:44:05] TheRealColmagi (uuid: c98c1615-0764-41e1-848d-73152bfabe94): i must put it down
[18:44:09] TheRealColmagi (uuid: c98c1615-0764-41e1-848d-73152bfabe94): just tell me where
[18:44:14] Optivat_YT (uuid: 061f9ad6-a6fb-45da-8990-73890f965939): why?
[18:44:20] TheRealColmagi (uuid: c98c1615-0764-41e1-848d-73152bfabe94): cuz
[18:45:09] TheRealColmagi (uuid: c98c1615-0764-41e1-848d-73152bfabe94): why dont u put it near the home
[18:45:31] Optivat_YT (uuid: 061f9ad6-a6fb-45da-8990-73890f965939): Cause I am going to make a auto kill blaze farm...
[18:45:46] TheRealColmagi (uuid: c98c1615-0764-41e1-848d-73152bfabe94): where r u gonna put it
[18:45:53] TheRealColmagi (uuid: c98c1615-0764-41e1-848d-73152bfabe94): yeah thats fine
[18:45:54] Optivat_YT (uuid: 061f9ad6-a6fb-45da-8990-73890f965939): not now
[18:45:58] TheRealColmagi (uuid: c98c1615-0764-41e1-848d-73152bfabe94): oh
[18:45:58] Optivat_YT (uuid: 061f9ad6-a6fb-45da-8990-73890f965939): but once I am done
[18:46:54] TheRealColmagi (uuid: c98c1615-0764-41e1-848d-73152bfabe94): well then
[18:46:59] TheRealColmagi (uuid: c98c1615-0764-41e1-848d-73152bfabe94): better dig the other way
[18:47:28] TheRealColmagi (uuid: c98c1615-0764-41e1-848d-73152bfabe94): you picked a bad location ngl
[18:47:36] Optivat_YT (uuid: 061f9ad6-a6fb-45da-8990-73890f965939): ikr
[18:47:37] TheRealColmagi (uuid: c98c1615-0764-41e1-848d-73152bfabe94): theres caves surrounding you
[18:47:46] TheRealColmagi (uuid: c98c1615-0764-41e1-848d-73152bfabe94): too deep
[18:47:51] TheRealColmagi (uuid: c98c1615-0764-41e1-848d-73152bfabe94): go back up
[18:47:52] Optivat_YT (uuid: 061f9ad6-a6fb-45da-8990-73890f965939): ...
[18:48:15] TheRealColmagi (uuid: c98c1615-0764-41e1-848d-73152bfabe94): stop
[18:48:17] TheRealColmagi (uuid: c98c1615-0764-41e1-848d-73152bfabe94): thats fine
[18:50:09] TheRealColmagi (uuid: c98c1615-0764-41e1-848d-73152bfabe94): just build the outline ill decorate it when you're done
[18:50:15] TheRealColmagi (uuid: c98c1615-0764-41e1-848d-73152bfabe94): and tell me where to put the spawner
[18:50:23] Optivat_YT (uuid: 061f9ad6-a6fb-45da-8990-73890f965939): not now
[18:50:31] Optivat_YT (uuid: 061f9ad6-a6fb-45da-8990-73890f965939): i didnt even start it
[18:55:59] Optivat_YT (uuid: 061f9ad6-a6fb-45da-8990-73890f965939): done
[18:56:38] Optivat_YT (uuid: 061f9ad6-a6fb-45da-8990-73890f965939): hello
[18:58:37] TheRealColmagi (uuid: c98c1615-0764-41e1-848d-73152bfabe94): oh
[18:58:50] TheRealColmagi (uuid: c98c1615-0764-41e1-848d-73152bfabe94): thats kinda small ngl
[18:58:54] Optivat_YT (uuid: 061f9ad6-a6fb-45da-8990-73890f965939): ikr
[19:00:47] TheRealColmagi (uuid: c98c1615-0764-41e1-848d-73152bfabe94): uh
[19:00:57] TheRealColmagi (uuid: c98c1615-0764-41e1-848d-73152bfabe94): it says blazes killed by any other causes will not drop blaze rods
[19:00:58] Optivat_YT (uuid: 061f9ad6-a6fb-45da-8990-73890f965939): working
[19:01:15] TheRealColmagi (uuid: c98c1615-0764-41e1-848d-73152bfabe94): so
[19:01:20] TheRealColmagi (uuid: c98c1615-0764-41e1-848d-73152bfabe94): if they get killed by water
[19:01:23] TheRealColmagi (uuid: c98c1615-0764-41e1-848d-73152bfabe94): they dont drop shit
[19:01:32] Optivat_YT (uuid: 061f9ad6-a6fb-45da-8990-73890f965939): shit
[19:01:36] Optivat_YT (uuid: 061f9ad6-a6fb-45da-8990-73890f965939): exp???
[19:01:43] TheRealColmagi (uuid: c98c1615-0764-41e1-848d-73152bfabe94): nope
[19:01:52] TheRealColmagi (uuid: c98c1615-0764-41e1-848d-73152bfabe94): and if ur lookin for exp ur better off at my skele farm
[19:02:00] Optivat_YT (uuid: 061f9ad6-a6fb-45da-8990-73890f965939): I guess I have to go too plan b
[19:02:48] TheRealColmagi (uuid: c98c1615-0764-41e1-848d-73152bfabe94): what i reccomend is just make a spawner where u hit it
[19:02:56] Optivat_YT (uuid: 061f9ad6-a6fb-45da-8990-73890f965939): there u go
[19:03:07] TheRealColmagi (uuid: c98c1615-0764-41e1-848d-73152bfabe94): move
[19:03:24] TheRealColmagi (uuid: c98c1615-0764-41e1-848d-73152bfabe94): also
[19:03:28] TheRealColmagi (uuid: c98c1615-0764-41e1-848d-73152bfabe94): i have a better idea with out water
[19:04:27] Optivat_YT (uuid: 061f9ad6-a6fb-45da-8990-73890f965939): relly
[19:04:31] TheRealColmagi (uuid: c98c1615-0764-41e1-848d-73152bfabe94): i have a better idea
[19:05:06] TheRealColmagi (uuid: c98c1615-0764-41e1-848d-73152bfabe94): grab the water
[19:05:08] TheRealColmagi (uuid: c98c1615-0764-41e1-848d-73152bfabe94): get it out
[19:05:10] Optivat_YT (uuid: 061f9ad6-a6fb-45da-8990-73890f965939): almost too level 30
[19:05:54] Optivat_YT (uuid: 061f9ad6-a6fb-45da-8990-73890f965939): I get waht ur doing
[19:06:41] Optivat_YT (uuid: 061f9ad6-a6fb-45da-8990-73890f965939): ocd
[19:06:53] TheRealColmagi (uuid: c98c1615-0764-41e1-848d-73152bfabe94): ur gonna have to aggro them
[19:07:16] TheRealColmagi (uuid: c98c1615-0764-41e1-848d-73152bfabe94): hmm
[19:08:07] TheRealColmagi (uuid: c98c1615-0764-41e1-848d-73152bfabe94): hmm
[19:08:11] TheRealColmagi (uuid: c98c1615-0764-41e1-848d-73152bfabe94): i looked a blaze farm up
[19:08:15] TheRealColmagi (uuid: c98c1615-0764-41e1-848d-73152bfabe94): so i might build that one
[19:08:37] Optivat_YT (uuid: 061f9ad6-a6fb-45da-8990-73890f965939): Place the water!!
[19:10:01] Optivat_YT (uuid: 061f9ad6-a6fb-45da-8990-73890f965939): do what u do
[19:10:16] TheRealColmagi (uuid: c98c1615-0764-41e1-848d-73152bfabe94): yeah leave me alone for a bit so i can build it
[19:12:37] Optivat_YT (uuid: 061f9ad6-a6fb-45da-8990-73890f965939): u know where nether warts are
[19:12:44] TheRealColmagi (uuid: c98c1615-0764-41e1-848d-73152bfabe94): k i did it
[19:15:49] Optivat_YT (uuid: 061f9ad6-a6fb-45da-8990-73890f965939): got unbreaking 3...
[19:15:52] TheRealColmagi (uuid: c98c1615-0764-41e1-848d-73152bfabe94): rip
[19:16:50] TheRealColmagi (uuid: c98c1615-0764-41e1-848d-73152bfabe94): is it ok if i rais it
[19:16:52] TheRealColmagi (uuid: c98c1615-0764-41e1-848d-73152bfabe94): raise
[19:17:01] Optivat_YT (uuid: 061f9ad6-a6fb-45da-8990-73890f965939): idk
[19:17:27] Optivat_YT (uuid: 061f9ad6-a6fb-45da-8990-73890f965939): y u cheating this in btw
[19:17:49] TheRealColmagi (uuid: c98c1615-0764-41e1-848d-73152bfabe94): move
[19:18:12] Optivat_YT (uuid: 061f9ad6-a6fb-45da-8990-73890f965939): I have 15 diamonds
[19:18:51] Optivat_YT (uuid: 061f9ad6-a6fb-45da-8990-73890f965939): slab
[19:18:54] Optivat_YT (uuid: 061f9ad6-a6fb-45da-8990-73890f965939): quatz
[19:19:40] Optivat_YT (uuid: 061f9ad6-a6fb-45da-8990-73890f965939): where is ur skeletion farm
[19:19:45] TheRealColmagi (uuid: c98c1615-0764-41e1-848d-73152bfabe94): in the village
[19:19:49] Optivat_YT (uuid: 061f9ad6-a6fb-45da-8990-73890f965939): k
[19:20:09] Optivat_YT (uuid: 061f9ad6-a6fb-45da-8990-73890f965939): where is my horse....
[19:20:20] TheRealColmagi (uuid: c98c1615-0764-41e1-848d-73152bfabe94): idk
[19:20:34] Optivat_YT (uuid: 061f9ad6-a6fb-45da-8990-73890f965939): I think he is dead
[19:24:23] Optivat_YT (uuid: 061f9ad6-a6fb-45da-8990-73890f965939): Found my horse
[19:26:58] Optivat_YT (uuid: 061f9ad6-a6fb-45da-8990-73890f965939): I am stuck on my horse
[19:27:00] Optivat_YT (uuid: 061f9ad6-a6fb-45da-8990-73890f965939): ....
[19:27:31] TheRealColmagi (uuid: c98c1615-0764-41e1-848d-73152bfabe94): hi
[19:28:00] Optivat_YT (uuid: 061f9ad6-a6fb-45da-8990-73890f965939): I cant get on my horse now
[19:28:13] Optivat_YT (uuid: 061f9ad6-a6fb-45da-8990-73890f965939): HELP I CANT GET ON MY HORSE
[19:28:18] TheRealColmagi (uuid: c98c1615-0764-41e1-848d-73152bfabe94): saddle?
[19:28:23] Optivat_YT (uuid: 061f9ad6-a6fb-45da-8990-73890f965939): yea
[19:28:29] TheRealColmagi (uuid: c98c1615-0764-41e1-848d-73152bfabe94): saddle?
[19:28:45] Optivat_YT (uuid: 061f9ad6-a6fb-45da-8990-73890f965939): yea, I am in a peaceful zone, aka ur village
[19:28:54] TheRealColmagi (uuid: c98c1615-0764-41e1-848d-73152bfabe94): oh yeah that might be why
[19:29:15] Optivat_YT (uuid: 061f9ad6-a6fb-45da-8990-73890f965939): can u help???
[19:29:57] Optivat_YT (uuid: 061f9ad6-a6fb-45da-8990-73890f965939): rip my horse
[19:31:01] Optivat_YT (uuid: 061f9ad6-a6fb-45da-8990-73890f965939): gtg
[19:31:15] Optivat_YT (uuid: 061f9ad6-a6fb-45da-8990-73890f965939): gtg I am going to play hypixel skywars
[19:31:18] TheRealColmagi (uuid: c98c1615-0764-41e1-848d-73152bfabe94): uh ok
[19:59:13] TheRealColmagi (uuid: c98c1615-0764-41e1-848d-73152bfabe94): sup
[19:59:20] watermelonman53 (uuid: 26666a91-29a2-487f-bda5-16d4919282a0): hi
[19:59:25] watermelonman53 (uuid: 26666a91-29a2-487f-bda5-16d4919282a0): hui
[19:59:29] watermelonman53 (uuid: 26666a91-29a2-487f-bda5-16d4919282a0): hi
[20:04:27] TheRealColmagi (uuid: c98c1615-0764-41e1-848d-73152bfabe94): eu
[20:04:29] TheRealColmagi (uuid: c98c1615-0764-41e1-848d-73152bfabe94): ey
[20:04:32] watermelonman53 (uuid: 26666a91-29a2-487f-bda5-16d4919282a0): hi
[20:04:45] watermelonman53 (uuid: 26666a91-29a2-487f-bda5-16d4919282a0): where is every one
[20:04:50] TheRealColmagi (uuid: c98c1615-0764-41e1-848d-73152bfabe94): optivat had to leave
[20:05:13] watermelonman53 (uuid: 26666a91-29a2-487f-bda5-16d4919282a0): wanna try and get other people?
[20:05:18] TheRealColmagi (uuid: c98c1615-0764-41e1-848d-73152bfabe94): i gotta eat
[20:05:22] watermelonman53 (uuid: 26666a91-29a2-487f-bda5-16d4919282a0): ok
[20:05:24] TheRealColmagi (uuid: c98c1615-0764-41e1-848d-73152bfabe94): but yeah
[20:05:27] TheRealColmagi (uuid: c98c1615-0764-41e1-848d-73152bfabe94): getting other ppl would be better
[20:05:54] watermelonman53 (uuid: 26666a91-29a2-487f-bda5-16d4919282a0): when u r don eatinG MABY?
[20:05:57] watermelonman53 (uuid: 26666a91-29a2-487f-bda5-16d4919282a0): caps
[20:06:03] TheRealColmagi (uuid: c98c1615-0764-41e1-848d-73152bfabe94): idk like 10 min it doesnt take that long
[20:09:00] watermelonman53 (uuid: 26666a91-29a2-487f-bda5-16d4919282a0): gtg
[20:33:24] TheRealColmagi (uuid: c98c1615-0764-41e1-848d-73152bfabe94): you gay fuc
