[16:14:55] TheRealColmagi (uuid: c98c1615-0764-41e1-848d-73152bfabe94): welcome to le sexy facs server
[16:14:57] Mrmapl3syrup (uuid: b3f11e18-ff16-45fe-85b7-bb69e73fb17c): check out the spawn
[16:15:05] Mrmapl3syrup (uuid: b3f11e18-ff16-45fe-85b7-bb69e73fb17c): We made this like two days ago
[16:15:07] Ben68880147 (uuid: 78264d8b-ee36-4ea9-98c6-647d337aee40): kewl
[16:15:09] Mrmapl3syrup (uuid: b3f11e18-ff16-45fe-85b7-bb69e73fb17c): No shops yet
[16:15:14] TheRealColmagi (uuid: c98c1615-0764-41e1-848d-73152bfabe94): we havent added shops or buildings
[16:15:17] Mrmapl3syrup (uuid: b3f11e18-ff16-45fe-85b7-bb69e73fb17c): here lemme drop that faction invite
[16:15:29] Ben68880147 (uuid: 78264d8b-ee36-4ea9-98c6-647d337aee40): how do i join
[16:15:41] TheRealColmagi (uuid: c98c1615-0764-41e1-848d-73152bfabe94): we also have a survival server if u want to solo and not deal with enemy facs tryna kill you
[16:15:46] Mrmapl3syrup (uuid: b3f11e18-ff16-45fe-85b7-bb69e73fb17c): f join
[16:15:46] TheRealColmagi (uuid: c98c1615-0764-41e1-848d-73152bfabe94): ./f join
[16:15:56] Mrmapl3syrup (uuid: b3f11e18-ff16-45fe-85b7-bb69e73fb17c): This world we havent done much
[16:16:05] TheRealColmagi (uuid: c98c1615-0764-41e1-848d-73152bfabe94): f join (name of factions)
[16:16:18] Mrmapl3syrup (uuid: b3f11e18-ff16-45fe-85b7-bb69e73fb17c): my factions name is Solitude
[16:16:20] Mrmapl3syrup (uuid: b3f11e18-ff16-45fe-85b7-bb69e73fb17c): oh
[16:16:21] TheRealColmagi (uuid: c98c1615-0764-41e1-848d-73152bfabe94): there
[16:16:25] TheRealColmagi (uuid: c98c1615-0764-41e1-848d-73152bfabe94): g00d shit
[16:16:31] TheRealColmagi (uuid: c98c1615-0764-41e1-848d-73152bfabe94): go to the faction home
[16:16:36] Mrmapl3syrup (uuid: b3f11e18-ff16-45fe-85b7-bb69e73fb17c): do /f home
[16:16:36] Ben68880147 (uuid: 78264d8b-ee36-4ea9-98c6-647d337aee40): did it work?
[16:16:38] TheRealColmagi (uuid: c98c1615-0764-41e1-848d-73152bfabe94): ya
[16:16:53] Mrmapl3syrup (uuid: b3f11e18-ff16-45fe-85b7-bb69e73fb17c): also do ! before you chat for global chat
[16:16:56] TheRealColmagi (uuid: c98c1615-0764-41e1-848d-73152bfabe94): put a ! before ur msgs to shout
[16:17:02] Mrmapl3syrup (uuid: b3f11e18-ff16-45fe-85b7-bb69e73fb17c): also do ! before you chat for global chat
[16:17:17] TheRealColmagi (uuid: c98c1615-0764-41e1-848d-73152bfabe94): wtf
[16:17:29] TheRealColmagi (uuid: c98c1615-0764-41e1-848d-73152bfabe94): u crashed?
[16:17:33] Mrmapl3syrup (uuid: b3f11e18-ff16-45fe-85b7-bb69e73fb17c): do /f home
[16:17:47] Ben68880147 (uuid: 78264d8b-ee36-4ea9-98c6-647d337aee40): i timed out
[16:17:52] Mrmapl3syrup (uuid: b3f11e18-ff16-45fe-85b7-bb69e73fb17c): yeah he crashed
[16:17:54] TheRealColmagi (uuid: c98c1615-0764-41e1-848d-73152bfabe94): put a ! before ur msgs to shout
[16:17:57] TheRealColmagi (uuid: c98c1615-0764-41e1-848d-73152bfabe94): in global chat
[16:18:03] Mrmapl3syrup (uuid: b3f11e18-ff16-45fe-85b7-bb69e73fb17c): it is basically global chat lol
[16:18:03] TheRealColmagi (uuid: c98c1615-0764-41e1-848d-73152bfabe94): otherwise we cant hear you
[16:18:11] Mrmapl3syrup (uuid: b3f11e18-ff16-45fe-85b7-bb69e73fb17c): Also do /f home
[16:18:11] TheRealColmagi (uuid: c98c1615-0764-41e1-848d-73152bfabe94): since we have a chat radius
[16:18:13] Mrmapl3syrup (uuid: b3f11e18-ff16-45fe-85b7-bb69e73fb17c): nao
[16:18:14] Ben68880147 (uuid: 78264d8b-ee36-4ea9-98c6-647d337aee40): i timed out
[16:18:17] TheRealColmagi (uuid: c98c1615-0764-41e1-848d-73152bfabe94): k
[16:18:17] Mrmapl3syrup (uuid: b3f11e18-ff16-45fe-85b7-bb69e73fb17c): we knnonooow
[16:18:24] Mrmapl3syrup (uuid: b3f11e18-ff16-45fe-85b7-bb69e73fb17c): get discord too btw
[16:18:38] Mrmapl3syrup (uuid: b3f11e18-ff16-45fe-85b7-bb69e73fb17c): so we can invite you to the discord server so we can talk with magi and you
[16:18:53] Ben68880147 (uuid: 78264d8b-ee36-4ea9-98c6-647d337aee40): k
[16:20:38] TheRealColmagi (uuid: c98c1615-0764-41e1-848d-73152bfabe94): https://discord.gg/U4AuK6d
[16:21:57] Ben68880147 (uuid: 78264d8b-ee36-4ea9-98c6-647d337aee40): i joined the discord server "tf2"
[16:22:22] TheRealColmagi (uuid: c98c1615-0764-41e1-848d-73152bfabe94): join discord
[16:23:02] Ben68880147 (uuid: 78264d8b-ee36-4ea9-98c6-647d337aee40): im trying
[16:26:08] Ben68880147 (uuid: 78264d8b-ee36-4ea9-98c6-647d337aee40): y dosent my mic wurk :(
[16:29:17] TheRealColmagi (uuid: c98c1615-0764-41e1-848d-73152bfabe94): I FOUND A WOODLAND MANSION
[16:29:20] TheRealColmagi (uuid: c98c1615-0764-41e1-848d-73152bfabe94): NEXT TO A VILALGE
[16:29:40] TheRealColmagi (uuid: c98c1615-0764-41e1-848d-73152bfabe94): I FOUND A
[16:35:25] TheRealColmagi (uuid: c98c1615-0764-41e1-848d-73152bfabe94): im gay
[16:35:34] TheRealColmagi (uuid: c98c1615-0764-41e1-848d-73152bfabe94): bepis
[16:35:44] TheRealColmagi (uuid: c98c1615-0764-41e1-848d-73152bfabe94): do /spawn to go to spawn
[16:44:29] sethgaley (uuid: 8718b9da-4698-4501-850e-4313fff93d4e):  /tpa
[16:51:14] Ben68880147 (uuid: 78264d8b-ee36-4ea9-98c6-647d337aee40): the best time to wear a striped sweater
[16:51:19] Ben68880147 (uuid: 78264d8b-ee36-4ea9-98c6-647d337aee40): is all the timw
[16:51:36] Mrmapl3syrup (uuid: b3f11e18-ff16-45fe-85b7-bb69e73fb17c): anal
[16:51:47] sethgaley (uuid: 8718b9da-4698-4501-850e-4313fff93d4e): WOAH
[16:51:55] Ben68880147 (uuid: 78264d8b-ee36-4ea9-98c6-647d337aee40): put it in my prostate
[16:52:03] sethgaley (uuid: 8718b9da-4698-4501-850e-4313fff93d4e): ...
[16:52:09] TheRealColmagi (uuid: c98c1615-0764-41e1-848d-73152bfabe94): PEDOPHILE
[16:52:13] Mrmapl3syrup (uuid: b3f11e18-ff16-45fe-85b7-bb69e73fb17c): peedo
[16:52:18] Ben68880147 (uuid: 78264d8b-ee36-4ea9-98c6-647d337aee40): peedoo
[17:53:37] TheRealColmagi (uuid: c98c1615-0764-41e1-848d-73152bfabe94): y dont u make iron armor
[17:53:41] Optivat_YT (uuid: 061f9ad6-a6fb-45da-8990-73890f965939): awit
[17:53:44] Optivat_YT (uuid: 061f9ad6-a6fb-45da-8990-73890f965939): wait
[17:53:56] Optivat_YT (uuid: 061f9ad6-a6fb-45da-8990-73890f965939): I am getting a better version of this texture pack
[17:54:54] TheRealColmagi (uuid: c98c1615-0764-41e1-848d-73152bfabe94): we need bookshelves
[17:54:57] TheRealColmagi (uuid: c98c1615-0764-41e1-848d-73152bfabe94): and a better base
[17:56:12] TheRealColmagi (uuid: c98c1615-0764-41e1-848d-73152bfabe94): we can go to the nether
[17:57:07] Optivat_YT (uuid: 061f9ad6-a6fb-45da-8990-73890f965939): I dont want to go there
[17:57:11] TheRealColmagi (uuid: c98c1615-0764-41e1-848d-73152bfabe94): lol u die too much
[17:57:15] Optivat_YT (uuid: 061f9ad6-a6fb-45da-8990-73890f965939): I have dark memorys
[17:57:53] Optivat_YT (uuid: 061f9ad6-a6fb-45da-8990-73890f965939): lets do it then
[17:57:57] Optivat_YT (uuid: 061f9ad6-a6fb-45da-8990-73890f965939): omg
[17:58:06] TheRealColmagi (uuid: c98c1615-0764-41e1-848d-73152bfabe94): make me a shield
[17:58:18] TheRealColmagi (uuid: c98c1615-0764-41e1-848d-73152bfabe94): also lets relocate
[17:58:21] TheRealColmagi (uuid: c98c1615-0764-41e1-848d-73152bfabe94): this place is gay
[17:58:28] Optivat_YT (uuid: 061f9ad6-a6fb-45da-8990-73890f965939): my life is gay
[17:58:32] Optivat_YT (uuid: 061f9ad6-a6fb-45da-8990-73890f965939): jk'
[17:58:36] TheRealColmagi (uuid: c98c1615-0764-41e1-848d-73152bfabe94): i want a skybase or at least smthin above ground
[17:58:44] Optivat_YT (uuid: 061f9ad6-a6fb-45da-8990-73890f965939): no
[18:00:22] TheRealColmagi (uuid: c98c1615-0764-41e1-848d-73152bfabe94): eks dheee
[18:00:35] Optivat_YT (uuid: 061f9ad6-a6fb-45da-8990-73890f965939): are we going to my nether
[18:00:44] TheRealColmagi (uuid: c98c1615-0764-41e1-848d-73152bfabe94): wat
[18:00:59] Optivat_YT (uuid: 061f9ad6-a6fb-45da-8990-73890f965939): Are we going to the nether*
[18:01:02] Optivat_YT (uuid: 061f9ad6-a6fb-45da-8990-73890f965939): ???
[18:01:07] TheRealColmagi (uuid: c98c1615-0764-41e1-848d-73152bfabe94): idk i kinda want a new base
[18:01:13] Optivat_YT (uuid: 061f9ad6-a6fb-45da-8990-73890f965939): no
[18:02:13] Optivat_YT (uuid: 061f9ad6-a6fb-45da-8990-73890f965939): do we have an anvil
[18:02:17] TheRealColmagi (uuid: c98c1615-0764-41e1-848d-73152bfabe94): nop
[18:02:21] Optivat_YT (uuid: 061f9ad6-a6fb-45da-8990-73890f965939): can I craft?
[18:02:33] TheRealColmagi (uuid: c98c1615-0764-41e1-848d-73152bfabe94): sure
[18:03:10] TheRealColmagi (uuid: c98c1615-0764-41e1-848d-73152bfabe94): we dont need an anvil
[18:03:14] TheRealColmagi (uuid: c98c1615-0764-41e1-848d-73152bfabe94): iron blocks act as anvils
[18:03:15] Optivat_YT (uuid: 061f9ad6-a6fb-45da-8990-73890f965939): look at this bow
[18:03:30] TheRealColmagi (uuid: c98c1615-0764-41e1-848d-73152bfabe94): WHOAH
[18:03:57] Optivat_YT (uuid: 061f9ad6-a6fb-45da-8990-73890f965939): waht
[18:04:05] TheRealColmagi (uuid: c98c1615-0764-41e1-848d-73152bfabe94): the bow was urs
[18:04:12] TheRealColmagi (uuid: c98c1615-0764-41e1-848d-73152bfabe94): i thought i randomly got it
[18:04:23] Optivat_YT (uuid: 061f9ad6-a6fb-45da-8990-73890f965939): undeafen
[18:04:41] TheRealColmagi (uuid: c98c1615-0764-41e1-848d-73152bfabe94): yus
[18:04:58] TheRealColmagi (uuid: c98c1615-0764-41e1-848d-73152bfabe94): thats my shit
[18:05:13] TheRealColmagi (uuid: c98c1615-0764-41e1-848d-73152bfabe94): idk
[18:05:56] TheRealColmagi (uuid: c98c1615-0764-41e1-848d-73152bfabe94): get me flint
[18:12:20] Optivat_YT (uuid: 061f9ad6-a6fb-45da-8990-73890f965939): gtg
[18:12:57] TheRealColmagi (uuid: c98c1615-0764-41e1-848d-73152bfabe94): wtf
[18:29:37] TheRealColmagi (uuid: c98c1615-0764-41e1-848d-73152bfabe94): hai
[18:34:55] TheRealColmagi (uuid: c98c1615-0764-41e1-848d-73152bfabe94): hehehehehe
[18:36:29] TheRealColmagi (uuid: c98c1615-0764-41e1-848d-73152bfabe94): IM A FAGET
[18:38:40] TheRealColmagi (uuid: c98c1615-0764-41e1-848d-73152bfabe94): gotta eat
[18:56:29] TheRealColmagi (uuid: c98c1615-0764-41e1-848d-73152bfabe94): IM GAY
[18:56:52] TheRealColmagi (uuid: c98c1615-0764-41e1-848d-73152bfabe94): medievla themed
[19:01:02] TheRealColmagi (uuid: c98c1615-0764-41e1-848d-73152bfabe94): xd
[19:01:20] TheRealColmagi (uuid: c98c1615-0764-41e1-848d-73152bfabe94): "lookin pretty ok"
[19:01:28] TheRealColmagi (uuid: c98c1615-0764-41e1-848d-73152bfabe94): oh yeah add entrances on the sides as well
[19:06:27] TheRealColmagi (uuid: c98c1615-0764-41e1-848d-73152bfabe94): no sexe
[19:06:33] TheRealColmagi (uuid: c98c1615-0764-41e1-848d-73152bfabe94): too small wtf lol
[19:07:19] TheRealColmagi (uuid: c98c1615-0764-41e1-848d-73152bfabe94): yea some shit like this
[19:07:24] TheRealColmagi (uuid: c98c1615-0764-41e1-848d-73152bfabe94): for walls just use w/e its not that hard
[19:07:27] TheRealColmagi (uuid: c98c1615-0764-41e1-848d-73152bfabe94): do //wand
[19:08:07] TheRealColmagi (uuid: c98c1615-0764-41e1-848d-73152bfabe94): it is big house
[19:08:10] TheRealColmagi (uuid: c98c1615-0764-41e1-848d-73152bfabe94): we need for shop eh
[19:09:10] TheRealColmagi (uuid: c98c1615-0764-41e1-848d-73152bfabe94): now shut ur whiny asss xd jk
[19:09:48] TheRealColmagi (uuid: c98c1615-0764-41e1-848d-73152bfabe94): lol entranceway is fucking 2 blocks
[19:09:58] TheRealColmagi (uuid: c98c1615-0764-41e1-848d-73152bfabe94): nah i fine
[19:10:00] TheRealColmagi (uuid: c98c1615-0764-41e1-848d-73152bfabe94): is
[19:10:07] TheRealColmagi (uuid: c98c1615-0764-41e1-848d-73152bfabe94): make the house sexy
[19:10:54] TheRealColmagi (uuid: c98c1615-0764-41e1-848d-73152bfabe94): or like that
[19:11:15] TheRealColmagi (uuid: c98c1615-0764-41e1-848d-73152bfabe94): k.
[19:12:11] TheRealColmagi (uuid: c98c1615-0764-41e1-848d-73152bfabe94): lmao wtf
[19:12:19] TheRealColmagi (uuid: c98c1615-0764-41e1-848d-73152bfabe94): sure.........
[19:13:31] TheRealColmagi (uuid: c98c1615-0764-41e1-848d-73152bfabe94): XD LOL
[19:14:28] TheRealColmagi (uuid: c98c1615-0764-41e1-848d-73152bfabe94): lol is gonna be bigger than the walls
[19:15:52] TheRealColmagi (uuid: c98c1615-0764-41e1-848d-73152bfabe94): tbh yeah it is
[19:16:31] TheRealColmagi (uuid: c98c1615-0764-41e1-848d-73152bfabe94): CHUP TAL TALALA
[19:16:40] TheRealColmagi (uuid: c98c1615-0764-41e1-848d-73152bfabe94): SHOOT UP A SHCOOL
[19:16:45] TheRealColmagi (uuid: c98c1615-0764-41e1-848d-73152bfabe94): idk
[19:16:52] TheRealColmagi (uuid: c98c1615-0764-41e1-848d-73152bfabe94): no
[19:18:48] TheRealColmagi (uuid: c98c1615-0764-41e1-848d-73152bfabe94): auteesmo
[19:18:57] TheRealColmagi (uuid: c98c1615-0764-41e1-848d-73152bfabe94): should i use brick
[19:21:46] TheRealColmagi (uuid: c98c1615-0764-41e1-848d-73152bfabe94): hearthstone in 2k17 lul
[19:21:52] TheRealColmagi (uuid: c98c1615-0764-41e1-848d-73152bfabe94): lmao wtf
[19:25:20] TheRealColmagi (uuid: c98c1615-0764-41e1-848d-73152bfabe94): k
[19:27:08] TheRealColmagi (uuid: c98c1615-0764-41e1-848d-73152bfabe94): decent
[19:27:18] TheRealColmagi (uuid: c98c1615-0764-41e1-848d-73152bfabe94): im a lazy ass
[19:30:26] TheRealColmagi (uuid: c98c1615-0764-41e1-848d-73152bfabe94): lmao WTF
[19:30:37] TheRealColmagi (uuid: c98c1615-0764-41e1-848d-73152bfabe94): im doin this shit an "ooh its got built in lighting"
[19:30:46] TheRealColmagi (uuid: c98c1615-0764-41e1-848d-73152bfabe94): autism
[19:31:28] TheRealColmagi (uuid: c98c1615-0764-41e1-848d-73152bfabe94): yeah
[19:31:32] TheRealColmagi (uuid: c98c1615-0764-41e1-848d-73152bfabe94): y not
[19:31:40] TheRealColmagi (uuid: c98c1615-0764-41e1-848d-73152bfabe94): xdddddd
[19:32:24] TheRealColmagi (uuid: c98c1615-0764-41e1-848d-73152bfabe94): IT LOOKS GAY
[19:32:56] TheRealColmagi (uuid: c98c1615-0764-41e1-848d-73152bfabe94): its sexy
[19:36:05] TheRealColmagi (uuid: c98c1615-0764-41e1-848d-73152bfabe94): dafuq man
[19:38:21] TheRealColmagi (uuid: c98c1615-0764-41e1-848d-73152bfabe94): kk
[19:38:44] TheRealColmagi (uuid: c98c1615-0764-41e1-848d-73152bfabe94): dis shit b off lemme fix it real quick nigga
[19:56:08] TheRealColmagi (uuid: c98c1615-0764-41e1-848d-73152bfabe94): FUCK
[19:58:54] TheRealColmagi (uuid: c98c1615-0764-41e1-848d-73152bfabe94): I FUCKED UPPPPPPPP
[19:59:02] TheRealColmagi (uuid: c98c1615-0764-41e1-848d-73152bfabe94): I DID ALL THAT SHIT FOR NOTHING
[19:59:13] TheRealColmagi (uuid: c98c1615-0764-41e1-848d-73152bfabe94): IT WASNT THE BUIDINGS PROBLEM IT WAS MY FUCKIN ROOF
[19:59:21] TheRealColmagi (uuid: c98c1615-0764-41e1-848d-73152bfabe94): ID LIKE TO KILL MYSELF NOW
[20:12:58] TheRealColmagi (uuid: c98c1615-0764-41e1-848d-73152bfabe94): fml
