[19:30:53] TheBlueGamer0 (uuid: 654713d4-034f-41ff-acad-c3b9ced485de): i cant get in discord
[19:30:56] Mrmapl3syrup (uuid: b3f11e18-ff16-45fe-85b7-bb69e73fb17c): o
[19:30:58] Mrmapl3syrup (uuid: b3f11e18-ff16-45fe-85b7-bb69e73fb17c): kk
[19:30:59] TheBlueGamer0 (uuid: 654713d4-034f-41ff-acad-c3b9ced485de): but what do you need built
[19:31:00] TheRealColmagi (uuid: c98c1615-0764-41e1-848d-73152bfabe94): this building is shit
[19:31:02] TheRealColmagi (uuid: c98c1615-0764-41e1-848d-73152bfabe94): help us
[19:31:06] Mrmapl3syrup (uuid: b3f11e18-ff16-45fe-85b7-bb69e73fb17c): this thing
[19:31:11] TheBlueGamer0 (uuid: 654713d4-034f-41ff-acad-c3b9ced485de): tf is this shit
[19:31:13] TheRealColmagi (uuid: c98c1615-0764-41e1-848d-73152bfabe94): ikr
[19:31:16] TheRealColmagi (uuid: c98c1615-0764-41e1-848d-73152bfabe94): we are shit at building houses
[19:31:22] TheBlueGamer0 (uuid: 654713d4-034f-41ff-acad-c3b9ced485de): what is it supposed to be
[19:31:24] Mrmapl3syrup (uuid: b3f11e18-ff16-45fe-85b7-bb69e73fb17c): we cant build them this big
[19:31:25] TheRealColmagi (uuid: c98c1615-0764-41e1-848d-73152bfabe94): a shop
[19:31:27] Mrmapl3syrup (uuid: b3f11e18-ff16-45fe-85b7-bb69e73fb17c): a shop???
[19:31:29] Mrmapl3syrup (uuid: b3f11e18-ff16-45fe-85b7-bb69e73fb17c): or osmething
[19:31:29] TheBlueGamer0 (uuid: 654713d4-034f-41ff-acad-c3b9ced485de): okay
[19:31:30] Mrmapl3syrup (uuid: b3f11e18-ff16-45fe-85b7-bb69e73fb17c): l 0 l
[19:31:35] TheRealColmagi (uuid: c98c1615-0764-41e1-848d-73152bfabe94): xd rip
[19:31:41] Mrmapl3syrup (uuid: b3f11e18-ff16-45fe-85b7-bb69e73fb17c): Do you like the spawn tho?
[19:31:41] TheRealColmagi (uuid: c98c1615-0764-41e1-848d-73152bfabe94): o yeah ill give u builder
[19:32:28] TheBlueGamer0 (uuid: 654713d4-034f-41ff-acad-c3b9ced485de): lol i pressed z then 2 to say thanks
[19:32:31] TheRealColmagi (uuid: c98c1615-0764-41e1-848d-73152bfabe94): LOL
[19:32:54] TheRealColmagi (uuid: c98c1615-0764-41e1-848d-73152bfabe94): ok guess i dont have a builder rank?
[19:32:59] TheRealColmagi (uuid: c98c1615-0764-41e1-848d-73152bfabe94): i swaer i made one
[19:33:00] TheBlueGamer0 (uuid: 654713d4-034f-41ff-acad-c3b9ced485de): tthats fine
[19:34:26] TheRealColmagi (uuid: c98c1615-0764-41e1-848d-73152bfabe94): sexy house
[19:34:30] TheBlueGamer0 (uuid: 654713d4-034f-41ff-acad-c3b9ced485de): yep
[19:34:34] TheBlueGamer0 (uuid: 654713d4-034f-41ff-acad-c3b9ced485de): im done
[19:34:35] TheBlueGamer0 (uuid: 654713d4-034f-41ff-acad-c3b9ced485de): yw
[19:34:36] TheRealColmagi (uuid: c98c1615-0764-41e1-848d-73152bfabe94): xd
[19:34:41] TheBlueGamer0 (uuid: 654713d4-034f-41ff-acad-c3b9ced485de): see
[19:34:41] Mrmapl3syrup (uuid: b3f11e18-ff16-45fe-85b7-bb69e73fb17c): epic building
[19:34:47] TheBlueGamer0 (uuid: 654713d4-034f-41ff-acad-c3b9ced485de): come inside
[19:34:51] TheRealColmagi (uuid: c98c1615-0764-41e1-848d-73152bfabe94): *building intensifies*
[19:34:53] Mrmapl3syrup (uuid: b3f11e18-ff16-45fe-85b7-bb69e73fb17c): also shorty tried cheating on this server already lul
[19:34:56] TheBlueGamer0 (uuid: 654713d4-034f-41ff-acad-c3b9ced485de): you can fit everything in here
[19:34:57] Mrmapl3syrup (uuid: b3f11e18-ff16-45fe-85b7-bb69e73fb17c): we kicked him lul
[19:35:01] TheBlueGamer0 (uuid: 654713d4-034f-41ff-acad-c3b9ced485de): nice
[19:35:04] TheRealColmagi (uuid: c98c1615-0764-41e1-848d-73152bfabe94): and he got TRIGGERNIGGERED
[19:35:05] Mrmapl3syrup (uuid: b3f11e18-ff16-45fe-85b7-bb69e73fb17c): now he doesnt get on at all
[19:35:14] Mrmapl3syrup (uuid: b3f11e18-ff16-45fe-85b7-bb69e73fb17c): and he doesnt talk to me at school at all
[19:35:17] Mrmapl3syrup (uuid: b3f11e18-ff16-45fe-85b7-bb69e73fb17c): it is hilarious
[19:35:22] TheRealColmagi (uuid: c98c1615-0764-41e1-848d-73152bfabe94): WTF WE HAVE -4999 DOLLARS IN THE SERVER
[19:35:26] Mrmapl3syrup (uuid: b3f11e18-ff16-45fe-85b7-bb69e73fb17c): w0t
[19:35:39] Mrmapl3syrup (uuid: b3f11e18-ff16-45fe-85b7-bb69e73fb17c): prob shorty lul
[19:35:43] TheRealColmagi (uuid: c98c1615-0764-41e1-848d-73152bfabe94): but hey 4 pages of baltop? not bad
[19:35:53] Mrmapl3syrup (uuid: b3f11e18-ff16-45fe-85b7-bb69e73fb17c): weird
[19:36:29] TheBlueGamer0 (uuid: 654713d4-034f-41ff-acad-c3b9ced485de): NIGGA
[19:36:30] TheBlueGamer0 (uuid: 654713d4-034f-41ff-acad-c3b9ced485de): ';QKLAJDFLIS;K'PD[
[19:36:33] Mrmapl3syrup (uuid: b3f11e18-ff16-45fe-85b7-bb69e73fb17c): w0t
[19:36:33] TheBlueGamer0 (uuid: 654713d4-034f-41ff-acad-c3b9ced485de): !!!!!!!!!!
[19:36:34] TheRealColmagi (uuid: c98c1615-0764-41e1-848d-73152bfabe94): U HAD NEGATIVE MONEY
[19:36:35] TheRealColmagi (uuid: c98c1615-0764-41e1-848d-73152bfabe94): TAHNK ME
[19:36:38] TheBlueGamer0 (uuid: 654713d4-034f-41ff-acad-c3b9ced485de): lol
[19:36:40] TheBlueGamer0 (uuid: 654713d4-034f-41ff-acad-c3b9ced485de): idc
[19:37:20] TheRealColmagi (uuid: c98c1615-0764-41e1-848d-73152bfabe94): tomato tomato
[19:37:25] TheRealColmagi (uuid: c98c1615-0764-41e1-848d-73152bfabe94): potato pawtato
[19:37:40] TheRealColmagi (uuid: c98c1615-0764-41e1-848d-73152bfabe94): :(
[19:37:48] Mrmapl3syrup (uuid: b3f11e18-ff16-45fe-85b7-bb69e73fb17c): OH MY GOD
[19:37:49] TheBlueGamer0 (uuid: 654713d4-034f-41ff-acad-c3b9ced485de): x3
[19:37:50] Mrmapl3syrup (uuid: b3f11e18-ff16-45fe-85b7-bb69e73fb17c): YES
[19:37:52] Mrmapl3syrup (uuid: b3f11e18-ff16-45fe-85b7-bb69e73fb17c): HE DID IT
[19:37:54] TheRealColmagi (uuid: c98c1615-0764-41e1-848d-73152bfabe94): xd
[19:37:56] Mrmapl3syrup (uuid: b3f11e18-ff16-45fe-85b7-bb69e73fb17c): X#33
[19:38:04] Mrmapl3syrup (uuid: b3f11e18-ff16-45fe-85b7-bb69e73fb17c): X##33333
[19:38:09] Mrmapl3syrup (uuid: b3f11e18-ff16-45fe-85b7-bb69e73fb17c): :333333333333333
[19:38:16] TheRealColmagi (uuid: c98c1615-0764-41e1-848d-73152bfabe94): lol optivat made his own server
[19:38:18] TheRealColmagi (uuid: c98c1615-0764-41e1-848d-73152bfabe94): ITS AUTISTIC
[19:38:18] Mrmapl3syrup (uuid: b3f11e18-ff16-45fe-85b7-bb69e73fb17c): fidget spinners = autism
[19:38:22] Mrmapl3syrup (uuid: b3f11e18-ff16-45fe-85b7-bb69e73fb17c): it is literally autism
[19:38:37] TheBlueGamer0 (uuid: 654713d4-034f-41ff-acad-c3b9ced485de): shut up leafy
[19:38:39] TheRealColmagi (uuid: c98c1615-0764-41e1-848d-73152bfabe94): i like how he thinks somehow multiverse will make up for the fact that IT RUNS ON THE SAME SERVER AND USES THE SAME PLUGINS LOOOOOOL
[19:38:50] TheRealColmagi (uuid: c98c1615-0764-41e1-848d-73152bfabe94): how do u expect to have facs and survival in the same server
[19:41:58] TheBlueGamer0 (uuid: 654713d4-034f-41ff-acad-c3b9ced485de): ???!?!!?!?!?!
[19:42:01] TheRealColmagi (uuid: c98c1615-0764-41e1-848d-73152bfabe94): what
[19:42:04] TheBlueGamer0 (uuid: 654713d4-034f-41ff-acad-c3b9ced485de): why isnt this lining up
[19:42:09] Mrmapl3syrup (uuid: b3f11e18-ff16-45fe-85b7-bb69e73fb17c): because your gay
[19:42:13] TheBlueGamer0 (uuid: 654713d4-034f-41ff-acad-c3b9ced485de): you're
[19:42:15] Mrmapl3syrup (uuid: b3f11e18-ff16-45fe-85b7-bb69e73fb17c): and gay things arnt straight
[19:42:16] TheRealColmagi (uuid: c98c1615-0764-41e1-848d-73152bfabe94): oh the walls arent exactly perfect
[19:42:17] Mrmapl3syrup (uuid: b3f11e18-ff16-45fe-85b7-bb69e73fb17c): ;Lloolol
[19:42:21] TheRealColmagi (uuid: c98c1615-0764-41e1-848d-73152bfabe94): its not a square
[19:42:29] TheRealColmagi (uuid: c98c1615-0764-41e1-848d-73152bfabe94): cuz FUCKING FACTIONS CLAIMS IN CHUNKS
[19:42:30] TheBlueGamer0 (uuid: 654713d4-034f-41ff-acad-c3b9ced485de): here, imma leave yall with the pattern
[19:42:32] TheRealColmagi (uuid: c98c1615-0764-41e1-848d-73152bfabe94): AND NOT BLOCKS
[19:42:38] TheRealColmagi (uuid: c98c1615-0764-41e1-848d-73152bfabe94): no pls
[19:42:39] TheBlueGamer0 (uuid: 654713d4-034f-41ff-acad-c3b9ced485de): i gtg so stuff
[19:42:40] TheRealColmagi (uuid: c98c1615-0764-41e1-848d-73152bfabe94): we are SHIT
[19:42:52] TheBlueGamer0 (uuid: 654713d4-034f-41ff-acad-c3b9ced485de): just copy the pattern
[19:42:54] TheRealColmagi (uuid: c98c1615-0764-41e1-848d-73152bfabe94): idk what roof to put tho
[19:43:20] TheRealColmagi (uuid: c98c1615-0764-41e1-848d-73152bfabe94): also the entrance is on a corner so it doesnt line up i think
[19:43:33] Mrmapl3syrup (uuid: b3f11e18-ff16-45fe-85b7-bb69e73fb17c): is that a snak
[19:43:34] Mrmapl3syrup (uuid: b3f11e18-ff16-45fe-85b7-bb69e73fb17c): e
[19:43:39] TheBlueGamer0 (uuid: 654713d4-034f-41ff-acad-c3b9ced485de): see
[19:43:57] TheRealColmagi (uuid: c98c1615-0764-41e1-848d-73152bfabe94): burh
[19:44:01] TheRealColmagi (uuid: c98c1615-0764-41e1-848d-73152bfabe94): bruh
[19:44:06] TheBlueGamer0 (uuid: 654713d4-034f-41ff-acad-c3b9ced485de): ?
[19:44:10] TheRealColmagi (uuid: c98c1615-0764-41e1-848d-73152bfabe94): take a looksie
[19:44:17] Mrmapl3syrup (uuid: b3f11e18-ff16-45fe-85b7-bb69e73fb17c): one block off
[19:44:17] TheBlueGamer0 (uuid: 654713d4-034f-41ff-acad-c3b9ced485de): fuck
[19:44:17] TheRealColmagi (uuid: c98c1615-0764-41e1-848d-73152bfabe94): its 1 block off
[19:44:19] Mrmapl3syrup (uuid: b3f11e18-ff16-45fe-85b7-bb69e73fb17c): lul
[19:44:22] TheRealColmagi (uuid: c98c1615-0764-41e1-848d-73152bfabe94): use w/e to move it
[19:44:27] TheRealColmagi (uuid: c98c1615-0764-41e1-848d-73152bfabe94): or sum shit
[19:44:37] TheBlueGamer0 (uuid: 654713d4-034f-41ff-acad-c3b9ced485de): i see it
[19:45:02] TheBlueGamer0 (uuid: 654713d4-034f-41ff-acad-c3b9ced485de): (voice) Thanks!
[19:45:05] TheRealColmagi (uuid: c98c1615-0764-41e1-848d-73152bfabe94): xd
[19:45:06] TheBlueGamer0 (uuid: 654713d4-034f-41ff-acad-c3b9ced485de): eggs dee
[19:45:12] Mrmapl3syrup (uuid: b3f11e18-ff16-45fe-85b7-bb69e73fb17c): ching chong wing
[19:45:15] TheRealColmagi (uuid: c98c1615-0764-41e1-848d-73152bfabe94): racfist shit
[19:45:16] Mrmapl3syrup (uuid: b3f11e18-ff16-45fe-85b7-bb69e73fb17c): - Magis mom
[19:45:36] TheBlueGamer0 (uuid: 654713d4-034f-41ff-acad-c3b9ced485de): rake-fisht sheit
[19:46:21] TheRealColmagi (uuid: c98c1615-0764-41e1-848d-73152bfabe94): he went to optivats server
[19:46:22] TheRealColmagi (uuid: c98c1615-0764-41e1-848d-73152bfabe94): LOL
[19:46:24] TheRealColmagi (uuid: c98c1615-0764-41e1-848d-73152bfabe94): they shut it down
[19:46:35] TheRealColmagi (uuid: c98c1615-0764-41e1-848d-73152bfabe94): optivats server is literal autism
[19:47:10] TheBlueGamer0 (uuid: 654713d4-034f-41ff-acad-c3b9ced485de): UGH
[19:47:12] TheBlueGamer0 (uuid: 654713d4-034f-41ff-acad-c3b9ced485de): FUCK
[19:48:17] TheBlueGamer0 (uuid: 654713d4-034f-41ff-acad-c3b9ced485de): THERE
[19:48:59] TheRealColmagi (uuid: c98c1615-0764-41e1-848d-73152bfabe94): wait what are these on the sides
[19:49:33] TheBlueGamer0 (uuid: 654713d4-034f-41ff-acad-c3b9ced485de): they are just cornerstones so the building looks like it has structure
[19:51:13] TheBlueGamer0 (uuid: 654713d4-034f-41ff-acad-c3b9ced485de): okay
[19:51:16] Mrmapl3syrup (uuid: b3f11e18-ff16-45fe-85b7-bb69e73fb17c): brb
[19:51:19] Mrmapl3syrup (uuid: b3f11e18-ff16-45fe-85b7-bb69e73fb17c): takin a crap
[19:51:25] TheBlueGamer0 (uuid: 654713d4-034f-41ff-acad-c3b9ced485de): finish the patern all aroundt
[19:51:29] TheRealColmagi (uuid: c98c1615-0764-41e1-848d-73152bfabe94): then what
[19:51:31] TheBlueGamer0 (uuid: 654713d4-034f-41ff-acad-c3b9ced485de): tell me hwn you are done
[19:51:36] TheBlueGamer0 (uuid: 654713d4-034f-41ff-acad-c3b9ced485de): ill fix any mistakes
[19:51:37] TheRealColmagi (uuid: c98c1615-0764-41e1-848d-73152bfabe94): uh ok
[19:51:41] TheRealColmagi (uuid: c98c1615-0764-41e1-848d-73152bfabe94): thx
[19:51:45] TheBlueGamer0 (uuid: 654713d4-034f-41ff-acad-c3b9ced485de): the roof is like this
[20:01:47] Mrmapl3syrup (uuid: b3f11e18-ff16-45fe-85b7-bb69e73fb17c): a n al
[20:02:40] TheRealColmagi (uuid: c98c1615-0764-41e1-848d-73152bfabe94): he says
[20:05:50] TheRealColmagi (uuid: c98c1615-0764-41e1-848d-73152bfabe94): CUZ SHE FUCKING DIDNT RECORD WHEN I PLAYED IT RIGHT
[20:05:58] TheRealColmagi (uuid: c98c1615-0764-41e1-848d-73152bfabe94): AND NOW SHE WANTS TO SEND A BAD RECORDING TO MY BROTHER
[20:06:03] TheRealColmagi (uuid: c98c1615-0764-41e1-848d-73152bfabe94): WHO WILL JUDGE ME
[20:06:23] TheRealColmagi (uuid: c98c1615-0764-41e1-848d-73152bfabe94): no but its his birthday
[20:08:39] Mrmapl3syrup (uuid: b3f11e18-ff16-45fe-85b7-bb69e73fb17c): neeber
[20:08:56] Mrmapl3syrup (uuid: b3f11e18-ff16-45fe-85b7-bb69e73fb17c): reee
[20:13:19] Mrmapl3syrup (uuid: b3f11e18-ff16-45fe-85b7-bb69e73fb17c):  !ban TheRealColmagi
[20:15:26] TheRealColmagi (uuid: c98c1615-0764-41e1-848d-73152bfabe94): AIM GA
[20:16:12] Mrmapl3syrup (uuid: b3f11e18-ff16-45fe-85b7-bb69e73fb17c): FUCK NIGGERS
[20:18:05] TheRealColmagi (uuid: c98c1615-0764-41e1-848d-73152bfabe94): "fuck it"
[20:18:18] TheRealColmagi (uuid: c98c1615-0764-41e1-848d-73152bfabe94): ta ma de
[20:22:48] TheRealColmagi (uuid: c98c1615-0764-41e1-848d-73152bfabe94): AUTEESMOS IN MY KNEES
[20:24:44] TheRealColmagi (uuid: c98c1615-0764-41e1-848d-73152bfabe94): AUTEESMPSIN MY NEWWWS
[20:26:39] TheRealColmagi (uuid: c98c1615-0764-41e1-848d-73152bfabe94): YES
[20:41:01] Mrmapl3syrup (uuid: b3f11e18-ff16-45fe-85b7-bb69e73fb17c): white is right
[20:41:04] Mrmapl3syrup (uuid: b3f11e18-ff16-45fe-85b7-bb69e73fb17c): white is good
[20:41:09] Mrmapl3syrup (uuid: b3f11e18-ff16-45fe-85b7-bb69e73fb17c): keep those niggers
[20:41:14] Mrmapl3syrup (uuid: b3f11e18-ff16-45fe-85b7-bb69e73fb17c): in the hood
[20:41:19] Mrmapl3syrup (uuid: b3f11e18-ff16-45fe-85b7-bb69e73fb17c): 
