[16:02:06] TheRealColmagi (uuid: c98c1615-0764-41e1-848d-73152bfabe94): nigger jews
[16:02:12] watermelonman53 (uuid: 26666a91-29a2-487f-bda5-16d4919282a0): boots
[16:02:25] TheRealColmagi (uuid: c98c1615-0764-41e1-848d-73152bfabe94): what about boots
[16:02:31] watermelonman53 (uuid: 26666a91-29a2-487f-bda5-16d4919282a0): boots
[16:02:37] TheRealColmagi (uuid: c98c1615-0764-41e1-848d-73152bfabe94): what the fuck happened to my tree
[16:03:12] TheRealColmagi (uuid: c98c1615-0764-41e1-848d-73152bfabe94): IS THAT JORDANS HOUSE
[16:03:23] watermelonman53 (uuid: 26666a91-29a2-487f-bda5-16d4919282a0): lol
[16:03:27] TheRealColmagi (uuid: c98c1615-0764-41e1-848d-73152bfabe94): i dont think fire spreads
[16:03:30] watermelonman53 (uuid: 26666a91-29a2-487f-bda5-16d4919282a0): i did this
[16:04:09] TheRealColmagi (uuid: c98c1615-0764-41e1-848d-73152bfabe94): shit
[16:04:38] TheRealColmagi (uuid: c98c1615-0764-41e1-848d-73152bfabe94): hows the ol shop comin along
[16:04:44] watermelonman53 (uuid: 26666a91-29a2-487f-bda5-16d4919282a0): shit
[16:04:51] TheRealColmagi (uuid: c98c1615-0764-41e1-848d-73152bfabe94): lol
[16:05:53] TheRealColmagi (uuid: c98c1615-0764-41e1-848d-73152bfabe94): ez
[16:05:58] TheRealColmagi (uuid: c98c1615-0764-41e1-848d-73152bfabe94): gimme yo monies
[16:06:13] TheRealColmagi (uuid: c98c1615-0764-41e1-848d-73152bfabe94): thanks for the cash fag
[16:06:16] TheRealColmagi (uuid: c98c1615-0764-41e1-848d-73152bfabe94): sold all my emeralds
[16:06:20] TheRealColmagi (uuid: c98c1615-0764-41e1-848d-73152bfabe94): hahahAHAHAH
[16:06:46] watermelonman53 (uuid: 26666a91-29a2-487f-bda5-16d4919282a0): you did hardly anythung to my muns
[16:07:13] TheRealColmagi (uuid: c98c1615-0764-41e1-848d-73152bfabe94): lol
[16:07:13] watermelonman53 (uuid: 26666a91-29a2-487f-bda5-16d4919282a0): gay
[16:08:00] TheRealColmagi (uuid: c98c1615-0764-41e1-848d-73152bfabe94): fuzzy killed maples llamas
[16:08:09] watermelonman53 (uuid: 26666a91-29a2-487f-bda5-16d4919282a0): rip
[16:08:11] TheRealColmagi (uuid: c98c1615-0764-41e1-848d-73152bfabe94): he probably shouldve made a claim
[16:09:44] watermelonman53 (uuid: 26666a91-29a2-487f-bda5-16d4919282a0): nerd
[16:09:53] TheRealColmagi (uuid: c98c1615-0764-41e1-848d-73152bfabe94): where maple at
[16:09:58] watermelonman53 (uuid: 26666a91-29a2-487f-bda5-16d4919282a0): hell
[16:10:10] TheRealColmagi (uuid: c98c1615-0764-41e1-848d-73152bfabe94): u a funny boi
[16:10:18] watermelonman53 (uuid: 26666a91-29a2-487f-bda5-16d4919282a0): no
[16:10:25] watermelonman53 (uuid: 26666a91-29a2-487f-bda5-16d4919282a0): dun say that
[16:10:30] TheRealColmagi (uuid: c98c1615-0764-41e1-848d-73152bfabe94): u a faggerino
[16:10:35] watermelonman53 (uuid: 26666a91-29a2-487f-bda5-16d4919282a0): yes
[16:10:47] TheRealColmagi (uuid: c98c1615-0764-41e1-848d-73152bfabe94): man i should code the elite and vet kits so optivat is happy
[16:11:07] watermelonman53 (uuid: 26666a91-29a2-487f-bda5-16d4919282a0): optivat is stup
[16:11:24] watermelonman53 (uuid: 26666a91-29a2-487f-bda5-16d4919282a0): on ocation
[16:12:11] watermelonman53 (uuid: 26666a91-29a2-487f-bda5-16d4919282a0): nut
[16:12:31] Mrmapl3syrup (uuid: b3f11e18-ff16-45fe-85b7-bb69e73fb17c): hi
[16:12:33] watermelonman53 (uuid: 26666a91-29a2-487f-bda5-16d4919282a0): there he is
[16:12:37] TheRealColmagi (uuid: c98c1615-0764-41e1-848d-73152bfabe94): faggoerino
[16:12:45] Mrmapl3syrup (uuid: b3f11e18-ff16-45fe-85b7-bb69e73fb17c): what do ya want
[16:13:20] Mrmapl3syrup (uuid: b3f11e18-ff16-45fe-85b7-bb69e73fb17c): you look gay lol
[16:13:28] watermelonman53 (uuid: 26666a91-29a2-487f-bda5-16d4919282a0): wat am i
[16:13:37] Mrmapl3syrup (uuid: b3f11e18-ff16-45fe-85b7-bb69e73fb17c): a vindicator
[16:13:43] Mrmapl3syrup (uuid: b3f11e18-ff16-45fe-85b7-bb69e73fb17c): now ur you
[16:13:52] Mrmapl3syrup (uuid: b3f11e18-ff16-45fe-85b7-bb69e73fb17c): nig ger
[16:14:53] Mrmapl3syrup (uuid: b3f11e18-ff16-45fe-85b7-bb69e73fb17c): join chat fag
[16:15:00] Mrmapl3syrup (uuid: b3f11e18-ff16-45fe-85b7-bb69e73fb17c): join chat fa g
[16:15:05] Mrmapl3syrup (uuid: b3f11e18-ff16-45fe-85b7-bb69e73fb17c): join chat fa g
[16:15:13] Mrmapl3syrup (uuid: b3f11e18-ff16-45fe-85b7-bb69e73fb17c): join chat fa g
[16:15:20] Mrmapl3syrup (uuid: b3f11e18-ff16-45fe-85b7-bb69e73fb17c): join chat fa g
[16:15:21] Mrmapl3syrup (uuid: b3f11e18-ff16-45fe-85b7-bb69e73fb17c): join chat fa g
[16:15:21] Mrmapl3syrup (uuid: b3f11e18-ff16-45fe-85b7-bb69e73fb17c): join chat fa g
[16:17:24] TheRealColmagi (uuid: c98c1615-0764-41e1-848d-73152bfabe94): where did maple go
[16:17:32] TheRealColmagi (uuid: c98c1615-0764-41e1-848d-73152bfabe94): he never left
[16:17:34] watermelonman53 (uuid: 26666a91-29a2-487f-bda5-16d4919282a0): got banned for spam
[16:18:04] Mrmapl3syrup (uuid: b3f11e18-ff16-45fe-85b7-bb69e73fb17c): Cum
[16:18:35] Mrmapl3syrup (uuid: b3f11e18-ff16-45fe-85b7-bb69e73fb17c): Why did u move the chest lol
[16:18:45] Mrmapl3syrup (uuid: b3f11e18-ff16-45fe-85b7-bb69e73fb17c): Do you not see
[16:18:52] Mrmapl3syrup (uuid: b3f11e18-ff16-45fe-85b7-bb69e73fb17c): The chest with the god pick in it???
[16:18:54] Mrmapl3syrup (uuid: b3f11e18-ff16-45fe-85b7-bb69e73fb17c): Come look
[16:19:25] Mrmapl3syrup (uuid: b3f11e18-ff16-45fe-85b7-bb69e73fb17c): Nop
[16:21:29] watermelonman53 (uuid: 26666a91-29a2-487f-bda5-16d4919282a0): can i have creative for a min i wanna make a modern house
[16:21:46] Mrmapl3syrup (uuid: b3f11e18-ff16-45fe-85b7-bb69e73fb17c): send him a dm
[16:21:52] Mrmapl3syrup (uuid: b3f11e18-ff16-45fe-85b7-bb69e73fb17c): he isnt in game rn
[16:22:07] Mrmapl3syrup (uuid: b3f11e18-ff16-45fe-85b7-bb69e73fb17c): Tell him to give it to me as well
[16:22:11] Mrmapl3syrup (uuid: b3f11e18-ff16-45fe-85b7-bb69e73fb17c): As I wanna help
[16:23:11] Mrmapl3syrup (uuid: b3f11e18-ff16-45fe-85b7-bb69e73fb17c): k
[16:24:05] Mrmapl3syrup (uuid: b3f11e18-ff16-45fe-85b7-bb69e73fb17c): nig ger
[16:24:07] Mrmapl3syrup (uuid: b3f11e18-ff16-45fe-85b7-bb69e73fb17c): yes
[16:24:33] watermelonman53 (uuid: 26666a91-29a2-487f-bda5-16d4919282a0): r u don relodeing
[16:24:34] Mrmapl3syrup (uuid: b3f11e18-ff16-45fe-85b7-bb69e73fb17c): When is it gonna happen :o
[16:25:13] Mrmapl3syrup (uuid: b3f11e18-ff16-45fe-85b7-bb69e73fb17c):  Pedro > Magi
[16:25:40] Mrmapl3syrup (uuid: b3f11e18-ff16-45fe-85b7-bb69e73fb17c): wat r u do
[16:25:56] Mrmapl3syrup (uuid: b3f11e18-ff16-45fe-85b7-bb69e73fb17c): u need op for tat
[16:26:18] Mrmapl3syrup (uuid: b3f11e18-ff16-45fe-85b7-bb69e73fb17c): no
[16:26:26] Mrmapl3syrup (uuid: b3f11e18-ff16-45fe-85b7-bb69e73fb17c): he is here just alt tabbed lookin at other shit
[16:27:34] Mrmapl3syrup (uuid: b3f11e18-ff16-45fe-85b7-bb69e73fb17c): how u do dat
[16:29:02] Mrmapl3syrup (uuid: b3f11e18-ff16-45fe-85b7-bb69e73fb17c): you have creative right?
[16:29:13] Mrmapl3syrup (uuid: b3f11e18-ff16-45fe-85b7-bb69e73fb17c): Then why not use a existing one?
[16:29:14] Mrmapl3syrup (uuid: b3f11e18-ff16-45fe-85b7-bb69e73fb17c): oh
[16:30:02] Mrmapl3syrup (uuid: b3f11e18-ff16-45fe-85b7-bb69e73fb17c): Im drinking soda lol
[16:30:05] Mrmapl3syrup (uuid: b3f11e18-ff16-45fe-85b7-bb69e73fb17c): wtf
[16:30:12] Mrmapl3syrup (uuid: b3f11e18-ff16-45fe-85b7-bb69e73fb17c): Ass hat now we dont have one
[16:30:16] Mrmapl3syrup (uuid: b3f11e18-ff16-45fe-85b7-bb69e73fb17c): >:C
[16:34:09] Mrmapl3syrup (uuid: b3f11e18-ff16-45fe-85b7-bb69e73fb17c): o well
[16:34:44] Mrmapl3syrup (uuid: b3f11e18-ff16-45fe-85b7-bb69e73fb17c): ni g ger
[16:35:07] Mrmapl3syrup (uuid: b3f11e18-ff16-45fe-85b7-bb69e73fb17c): who took nuggy
[16:35:12] Mrmapl3syrup (uuid: b3f11e18-ff16-45fe-85b7-bb69e73fb17c): :I
[16:35:22] Mrmapl3syrup (uuid: b3f11e18-ff16-45fe-85b7-bb69e73fb17c): No i fuc king didnt
[16:35:25] Mrmapl3syrup (uuid: b3f11e18-ff16-45fe-85b7-bb69e73fb17c): REEE
[16:37:45] Mrmapl3syrup (uuid: b3f11e18-ff16-45fe-85b7-bb69e73fb17c): I did not take nuggy
[16:37:49] Mrmapl3syrup (uuid: b3f11e18-ff16-45fe-85b7-bb69e73fb17c): Or destroy him
[16:37:51] Mrmapl3syrup (uuid: b3f11e18-ff16-45fe-85b7-bb69e73fb17c): Or anything
[16:38:02] Mrmapl3syrup (uuid: b3f11e18-ff16-45fe-85b7-bb69e73fb17c): No wait
[16:38:07] Mrmapl3syrup (uuid: b3f11e18-ff16-45fe-85b7-bb69e73fb17c): You burned him
[16:38:21] Mrmapl3syrup (uuid: b3f11e18-ff16-45fe-85b7-bb69e73fb17c): Yes when you were burning my stacks of items
[16:38:27] Mrmapl3syrup (uuid: b3f11e18-ff16-45fe-85b7-bb69e73fb17c): You burned nuggy in the process :C
[16:38:40] Mrmapl3syrup (uuid: b3f11e18-ff16-45fe-85b7-bb69e73fb17c): 'resistant'
[16:38:48] Mrmapl3syrup (uuid: b3f11e18-ff16-45fe-85b7-bb69e73fb17c): It is ur fault we dun hev noogy
[16:38:54] Mrmapl3syrup (uuid: b3f11e18-ff16-45fe-85b7-bb69e73fb17c): cuz u burned him aleeve
[16:38:59] Mrmapl3syrup (uuid: b3f11e18-ff16-45fe-85b7-bb69e73fb17c): no\
[16:39:07] Mrmapl3syrup (uuid: b3f11e18-ff16-45fe-85b7-bb69e73fb17c): u get noogy beck
[16:39:28] Mrmapl3syrup (uuid: b3f11e18-ff16-45fe-85b7-bb69e73fb17c): okay
[16:39:32] Mrmapl3syrup (uuid: b3f11e18-ff16-45fe-85b7-bb69e73fb17c): DID I ASK
[16:39:35] Mrmapl3syrup (uuid: b3f11e18-ff16-45fe-85b7-bb69e73fb17c): kek
[16:43:03] Mrmapl3syrup (uuid: b3f11e18-ff16-45fe-85b7-bb69e73fb17c): HOW
[16:43:10] Mrmapl3syrup (uuid: b3f11e18-ff16-45fe-85b7-bb69e73fb17c): wow
[16:43:13] Mrmapl3syrup (uuid: b3f11e18-ff16-45fe-85b7-bb69e73fb17c): I had no clue
[16:43:24] Mrmapl3syrup (uuid: b3f11e18-ff16-45fe-85b7-bb69e73fb17c): what???
[16:43:38] Mrmapl3syrup (uuid: b3f11e18-ff16-45fe-85b7-bb69e73fb17c): I said how before that oml
[16:44:08] Mrmapl3syrup (uuid: b3f11e18-ff16-45fe-85b7-bb69e73fb17c): Also how do u know it works?
[16:44:13] Mrmapl3syrup (uuid: b3f11e18-ff16-45fe-85b7-bb69e73fb17c): Have you tried it on a server?
[16:44:21] Mrmapl3syrup (uuid: b3f11e18-ff16-45fe-85b7-bb69e73fb17c): You made a server???
[16:44:33] Mrmapl3syrup (uuid: b3f11e18-ff16-45fe-85b7-bb69e73fb17c): You made a server???????????
[16:44:47] Mrmapl3syrup (uuid: b3f11e18-ff16-45fe-85b7-bb69e73fb17c): kkk
[16:44:57] Mrmapl3syrup (uuid: b3f11e18-ff16-45fe-85b7-bb69e73fb17c): I want a modded one tho
[16:45:11] Mrmapl3syrup (uuid: b3f11e18-ff16-45fe-85b7-bb69e73fb17c): i dont have money lol
[16:45:21] Mrmapl3syrup (uuid: b3f11e18-ff16-45fe-85b7-bb69e73fb17c): Anyways you can host your own server
[18:10:55] Mrmapl3syrup (uuid: b3f11e18-ff16-45fe-85b7-bb69e73fb17c): I like co ck
[19:02:31] Mrmapl3syrup (uuid: b3f11e18-ff16-45fe-85b7-bb69e73fb17c): hi
[19:05:23] Mrmapl3syrup (uuid: b3f11e18-ff16-45fe-85b7-bb69e73fb17c): LMFAO
[19:05:33] Mrmapl3syrup (uuid: b3f11e18-ff16-45fe-85b7-bb69e73fb17c): I just caught a fishing rod with a fishing rod.
[19:33:15] TheRealColmagi (uuid: c98c1615-0764-41e1-848d-73152bfabe94): thanks maple
