[09:03:39] TheRealColmagi (uuid: c98c1615-0764-41e1-848d-73152bfabe94): hiya bitch
[10:17:01] TheRealColmagi (uuid: c98c1615-0764-41e1-848d-73152bfabe94): aw goddammit im editiing perms rn
[10:17:02] PhadingFuzzy (uuid: 4150cd4b-a415-4298-bdc7-c9e330b466cc): Woo
[10:17:09] PhadingFuzzy (uuid: 4150cd4b-a415-4298-bdc7-c9e330b466cc): Hehe
[10:17:16] PhadingFuzzy (uuid: 4150cd4b-a415-4298-bdc7-c9e330b466cc): NUUUU
[10:17:21] TheRealColmagi (uuid: c98c1615-0764-41e1-848d-73152bfabe94): get ur autist friends on u can do random shit in facs
[10:17:27] PhadingFuzzy (uuid: 4150cd4b-a415-4298-bdc7-c9e330b466cc): Nuh
[10:17:48] PhadingFuzzy (uuid: 4150cd4b-a415-4298-bdc7-c9e330b466cc): Slimefun?
[10:17:54] PhadingFuzzy (uuid: 4150cd4b-a415-4298-bdc7-c9e330b466cc): Then ill inv friends
[10:17:56] TheRealColmagi (uuid: c98c1615-0764-41e1-848d-73152bfabe94): for the last time
[10:17:58] TheRealColmagi (uuid: c98c1615-0764-41e1-848d-73152bfabe94): no
[10:18:00] TheRealColmagi (uuid: c98c1615-0764-41e1-848d-73152bfabe94): i cant run mods
[10:18:13] PhadingFuzzy (uuid: 4150cd4b-a415-4298-bdc7-c9e330b466cc): wow
[10:18:15] PhadingFuzzy (uuid: 4150cd4b-a415-4298-bdc7-c9e330b466cc): no /wild
[10:18:18] PhadingFuzzy (uuid: 4150cd4b-a415-4298-bdc7-c9e330b466cc): or rtp
[10:18:26] TheRealColmagi (uuid: c98c1615-0764-41e1-848d-73152bfabe94): warzone is only 4 chunks
[10:18:29] TheRealColmagi (uuid: c98c1615-0764-41e1-848d-73152bfabe94): wid
[10:18:32] TheRealColmagi (uuid: c98c1615-0764-41e1-848d-73152bfabe94): wide
[10:18:58] PhadingFuzzy (uuid: 4150cd4b-a415-4298-bdc7-c9e330b466cc): Can i join ur fac
[10:19:35] TheRealColmagi (uuid: c98c1615-0764-41e1-848d-73152bfabe94): i dont have a fac
[10:19:41] TheRealColmagi (uuid: c98c1615-0764-41e1-848d-73152bfabe94): this is maples
[10:19:42] PhadingFuzzy (uuid: 4150cd4b-a415-4298-bdc7-c9e330b466cc): Solitude?
[10:19:52] PhadingFuzzy (uuid: 4150cd4b-a415-4298-bdc7-c9e330b466cc): oh.... REMOVE THE SHOUT THING
[10:19:56] TheRealColmagi (uuid: c98c1615-0764-41e1-848d-73152bfabe94): why wtf
[10:20:07] PhadingFuzzy (uuid: 4150cd4b-a415-4298-bdc7-c9e330b466cc): Annoying as fuck
[10:20:07] TheRealColmagi (uuid: c98c1615-0764-41e1-848d-73152bfabe94): its especially crucial in facs
[10:20:16] PhadingFuzzy (uuid: 4150cd4b-a415-4298-bdc7-c9e330b466cc): THERES FAC CHAT
[10:20:17] TheRealColmagi (uuid: c98c1615-0764-41e1-848d-73152bfabe94): when u dont want whatever u say to ur facs brodcasted
[10:20:30] PhadingFuzzy (uuid: 4150cd4b-a415-4298-bdc7-c9e330b466cc): FAC CHAT
[10:20:40] TheRealColmagi (uuid: c98c1615-0764-41e1-848d-73152bfabe94): also when theres a lot of ppl on u dont hear everyone
[10:20:57] PhadingFuzzy (uuid: 4150cd4b-a415-4298-bdc7-c9e330b466cc): Then how do u survive regular servers?
[10:21:02] TheRealColmagi (uuid: c98c1615-0764-41e1-848d-73152bfabe94): and dont give me that "nobodys on" bullshit cuz ur gonna have to deal with it sooner or later
[10:21:07] TheRealColmagi (uuid: c98c1615-0764-41e1-848d-73152bfabe94): tf u mean
[10:21:10] TheRealColmagi (uuid: c98c1615-0764-41e1-848d-73152bfabe94): most servers use this
[10:21:10] PhadingFuzzy (uuid: 4150cd4b-a415-4298-bdc7-c9e330b466cc): NOBODYS ON
[10:21:12] PhadingFuzzy (uuid: 4150cd4b-a415-4298-bdc7-c9e330b466cc): No
[10:21:21] TheRealColmagi (uuid: c98c1615-0764-41e1-848d-73152bfabe94): its either u learn it rn
[10:21:22] PhadingFuzzy (uuid: 4150cd4b-a415-4298-bdc7-c9e330b466cc): Wtf i havent seen any server except urs with this
[10:21:29] TheRealColmagi (uuid: c98c1615-0764-41e1-848d-73152bfabe94): or when a lot of ppl get on u learn it again
[10:21:40] PhadingFuzzy (uuid: 4150cd4b-a415-4298-bdc7-c9e330b466cc): K den....
[10:21:48] PhadingFuzzy (uuid: 4150cd4b-a415-4298-bdc7-c9e330b466cc): Is mcmmo a mod
[10:21:52] TheRealColmagi (uuid: c98c1615-0764-41e1-848d-73152bfabe94): plugin
[10:21:56] PhadingFuzzy (uuid: 4150cd4b-a415-4298-bdc7-c9e330b466cc): Can we get it
[10:22:01] TheRealColmagi (uuid: c98c1615-0764-41e1-848d-73152bfabe94): dafuq u mean
[10:22:09] PhadingFuzzy (uuid: 4150cd4b-a415-4298-bdc7-c9e330b466cc): Mcmmo is good for facs
[10:22:20] TheRealColmagi (uuid: c98c1615-0764-41e1-848d-73152bfabe94): i have it installed fuckehad
[10:22:31] PhadingFuzzy (uuid: 4150cd4b-a415-4298-bdc7-c9e330b466cc): DUDE SLIMEFUN IS A PLUGIN
[10:22:33] PhadingFuzzy (uuid: 4150cd4b-a415-4298-bdc7-c9e330b466cc): NOT A MOD
[10:22:39] TheRealColmagi (uuid: c98c1615-0764-41e1-848d-73152bfabe94): well then retard
[10:22:45] TheRealColmagi (uuid: c98c1615-0764-41e1-848d-73152bfabe94): maybe you shouldve told me that
[10:22:51] PhadingFuzzy (uuid: 4150cd4b-a415-4298-bdc7-c9e330b466cc): :(
[10:22:54] TheRealColmagi (uuid: c98c1615-0764-41e1-848d-73152bfabe94): ill work on a slimefun server later
[10:22:58] PhadingFuzzy (uuid: 4150cd4b-a415-4298-bdc7-c9e330b466cc): I dont know the difference between mods and plugins
[10:23:00] TheRealColmagi (uuid: c98c1615-0764-41e1-848d-73152bfabe94): for now i gotta port perms
[10:23:08] PhadingFuzzy (uuid: 4150cd4b-a415-4298-bdc7-c9e330b466cc): Cuz i was thinking about unturned
[10:23:12] PhadingFuzzy (uuid: 4150cd4b-a415-4298-bdc7-c9e330b466cc): Oh ok
[10:23:19] TheRealColmagi (uuid: c98c1615-0764-41e1-848d-73152bfabe94): mods = adds completely new shit, requires forge, on their own website usually
[10:23:32] PhadingFuzzy (uuid: 4150cd4b-a415-4298-bdc7-c9e330b466cc): Oh theres a app that can run a server from ur phome
[10:23:34] PhadingFuzzy (uuid: 4150cd4b-a415-4298-bdc7-c9e330b466cc): Phone
[10:23:49] TheRealColmagi (uuid: c98c1615-0764-41e1-848d-73152bfabe94): plugins = based off of existing stuff, uses spigot or bukkit, and usually is on the bukkit/spigot website
[10:24:07] PhadingFuzzy (uuid: 4150cd4b-a415-4298-bdc7-c9e330b466cc): Okie
[10:24:22] TheRealColmagi (uuid: c98c1615-0764-41e1-848d-73152bfabe94): lol slimefun is basically fucking mods without mods
[10:24:28] PhadingFuzzy (uuid: 4150cd4b-a415-4298-bdc7-c9e330b466cc): YE
[10:24:31] PhadingFuzzy (uuid: 4150cd4b-a415-4298-bdc7-c9e330b466cc): BUT ITS FUN
[10:24:42] TheRealColmagi (uuid: c98c1615-0764-41e1-848d-73152bfabe94): the main dev is retired lol
[10:24:50] PhadingFuzzy (uuid: 4150cd4b-a415-4298-bdc7-c9e330b466cc): Thats good
[10:24:54] PhadingFuzzy (uuid: 4150cd4b-a415-4298-bdc7-c9e330b466cc): Old people r tasty
[10:25:15] TheRealColmagi (uuid: c98c1615-0764-41e1-848d-73152bfabe94): ugh porting perm plugins is autistic
[10:25:24] TheRealColmagi (uuid: c98c1615-0764-41e1-848d-73152bfabe94): i had to switch from pex to luckperms
[10:25:25] PhadingFuzzy (uuid: 4150cd4b-a415-4298-bdc7-c9e330b466cc): YOutube?
[10:30:18] TheRealColmagi (uuid: c98c1615-0764-41e1-848d-73152bfabe94): xd
[10:30:42] TheRealColmagi (uuid: c98c1615-0764-41e1-848d-73152bfabe94): FUCK THESE SERVER LOGS
[10:30:46] PhadingFuzzy (uuid: 4150cd4b-a415-4298-bdc7-c9e330b466cc): huh
[10:30:47] TheRealColmagi (uuid: c98c1615-0764-41e1-848d-73152bfabe94): THIS IS WHY I HATE PPL BEING ON WHILE I TROUBLESHOOT
[10:30:59] PhadingFuzzy (uuid: 4150cd4b-a415-4298-bdc7-c9e330b466cc): heh
[10:31:08] PhadingFuzzy (uuid: 4150cd4b-a415-4298-bdc7-c9e330b466cc): Ok i wont do anything wrong
[10:34:58] PhadingFuzzy (uuid: 4150cd4b-a415-4298-bdc7-c9e330b466cc): WHAT THE FUCK
[10:36:37] PhadingFuzzy (uuid: 4150cd4b-a415-4298-bdc7-c9e330b466cc): Great
[10:37:08] TheRealColmagi (uuid: c98c1615-0764-41e1-848d-73152bfabe94): xd
[10:37:08] PhadingFuzzy (uuid: 4150cd4b-a415-4298-bdc7-c9e330b466cc): Whys my home in the mid of a ocean
[10:37:31] TheRealColmagi (uuid: c98c1615-0764-41e1-848d-73152bfabe94): oh yeah the homes carried over from when i copied and pasted the essentials files
[10:37:38] TheRealColmagi (uuid: c98c1615-0764-41e1-848d-73152bfabe94): just delete them
[10:37:55] TheRealColmagi (uuid: c98c1615-0764-41e1-848d-73152bfabe94): they wont affect the ones in the other servers
[10:38:00] PhadingFuzzy (uuid: 4150cd4b-a415-4298-bdc7-c9e330b466cc): k
[10:38:18] PhadingFuzzy (uuid: 4150cd4b-a415-4298-bdc7-c9e330b466cc): :3
[10:38:47] TheRealColmagi (uuid: c98c1615-0764-41e1-848d-73152bfabe94): hm
[10:39:31] PhadingFuzzy (uuid: 4150cd4b-a415-4298-bdc7-c9e330b466cc): Oooh
[10:39:36] PhadingFuzzy (uuid: 4150cd4b-a415-4298-bdc7-c9e330b466cc): Ima make my home here!
[10:39:51] PhadingFuzzy (uuid: 4150cd4b-a415-4298-bdc7-c9e330b466cc): James this a good home place
[10:40:10] TheRealColmagi (uuid: c98c1615-0764-41e1-848d-73152bfabe94): im off to survival to migrate perms
[10:40:16] PhadingFuzzy (uuid: 4150cd4b-a415-4298-bdc7-c9e330b466cc): gtg making peizza
[11:40:37] PhadingFuzzy (uuid: 4150cd4b-a415-4298-bdc7-c9e330b466cc): james
[11:53:02] PhadingFuzzy (uuid: 4150cd4b-a415-4298-bdc7-c9e330b466cc): COol
[11:55:52] PhadingFuzzy (uuid: 4150cd4b-a415-4298-bdc7-c9e330b466cc): Hey
[11:55:57] PhadingFuzzy (uuid: 4150cd4b-a415-4298-bdc7-c9e330b466cc): I need help
[11:56:06] PhadingFuzzy (uuid: 4150cd4b-a415-4298-bdc7-c9e330b466cc): james
[11:57:06] PhadingFuzzy (uuid: 4150cd4b-a415-4298-bdc7-c9e330b466cc): OK
[11:57:17] PhadingFuzzy (uuid: 4150cd4b-a415-4298-bdc7-c9e330b466cc): I HAVE
[11:58:06] PhadingFuzzy (uuid: 4150cd4b-a415-4298-bdc7-c9e330b466cc): If i place a block over water, it wont freeze, right/
[11:58:32] PhadingFuzzy (uuid: 4150cd4b-a415-4298-bdc7-c9e330b466cc): a
[11:58:47] PhadingFuzzy (uuid: 4150cd4b-a415-4298-bdc7-c9e330b466cc): I think u need a default rank
[11:58:53] PhadingFuzzy (uuid: 4150cd4b-a415-4298-bdc7-c9e330b466cc): And u give em perms
[11:58:57] PhadingFuzzy (uuid: 4150cd4b-a415-4298-bdc7-c9e330b466cc): Like unturned essentials
[11:59:51] TheRealColmagi (uuid: c98c1615-0764-41e1-848d-73152bfabe94): LOL
[11:59:56] TheRealColmagi (uuid: c98c1615-0764-41e1-848d-73152bfabe94): i had no rank
[11:59:59] TheRealColmagi (uuid: c98c1615-0764-41e1-848d-73152bfabe94): defaults can talk
[12:00:06] PhadingFuzzy (uuid: 4150cd4b-a415-4298-bdc7-c9e330b466cc): Ok
[12:00:46] TheRealColmagi (uuid: c98c1615-0764-41e1-848d-73152bfabe94): ok im gonna restart
[12:01:13] PhadingFuzzy (uuid: 4150cd4b-a415-4298-bdc7-c9e330b466cc): Really?
[12:01:17] PhadingFuzzy (uuid: 4150cd4b-a415-4298-bdc7-c9e330b466cc): ColmagiCraft?
[12:01:36] PhadingFuzzy (uuid: 4150cd4b-a415-4298-bdc7-c9e330b466cc): Thats a shit name
[12:01:37] TheRealColmagi (uuid: c98c1615-0764-41e1-848d-73152bfabe94): ok so
[12:01:55] PhadingFuzzy (uuid: 4150cd4b-a415-4298-bdc7-c9e330b466cc): Eh?
[12:02:09] TheRealColmagi (uuid: c98c1615-0764-41e1-848d-73152bfabe94): i might nuke the groups in the survival world
[12:02:15] PhadingFuzzy (uuid: 4150cd4b-a415-4298-bdc7-c9e330b466cc): Groups?
[12:02:20] TheRealColmagi (uuid: c98c1615-0764-41e1-848d-73152bfabe94): meaning everyone loses their ranks
[12:02:24] TheRealColmagi (uuid: c98c1615-0764-41e1-848d-73152bfabe94): but ill add them back
[12:02:26] PhadingFuzzy (uuid: 4150cd4b-a415-4298-bdc7-c9e330b466cc): Shit
[12:02:27] PhadingFuzzy (uuid: 4150cd4b-a415-4298-bdc7-c9e330b466cc): ok
[12:02:44] TheRealColmagi (uuid: c98c1615-0764-41e1-848d-73152bfabe94): like right now u have like 7 different groups added to in these worlds
[12:02:49] TheRealColmagi (uuid: c98c1615-0764-41e1-848d-73152bfabe94): i just want 1 rank globally
[12:02:53] TheRealColmagi (uuid: c98c1615-0764-41e1-848d-73152bfabe94): so ima nuke that rn
[12:02:53] PhadingFuzzy (uuid: 4150cd4b-a415-4298-bdc7-c9e330b466cc): k
[12:04:24] TheRealColmagi (uuid: c98c1615-0764-41e1-848d-73152bfabe94): fuzzy
[12:04:27] PhadingFuzzy (uuid: 4150cd4b-a415-4298-bdc7-c9e330b466cc): hm
[12:04:30] TheRealColmagi (uuid: c98c1615-0764-41e1-848d-73152bfabe94): i wiped ur rank
[12:04:35] PhadingFuzzy (uuid: 4150cd4b-a415-4298-bdc7-c9e330b466cc): yay
[12:04:39] PhadingFuzzy (uuid: 4150cd4b-a415-4298-bdc7-c9e330b466cc): a
[12:04:45] TheRealColmagi (uuid: c98c1615-0764-41e1-848d-73152bfabe94): there
[12:04:47] TheRealColmagi (uuid: c98c1615-0764-41e1-848d-73152bfabe94): try now
[12:04:48] PhadingFuzzy (uuid: 4150cd4b-a415-4298-bdc7-c9e330b466cc): oo
[12:04:54] TheRealColmagi (uuid: c98c1615-0764-41e1-848d-73152bfabe94): ur now elite across all words
[12:04:55] TheRealColmagi (uuid: c98c1615-0764-41e1-848d-73152bfabe94): worlds
[12:04:58] PhadingFuzzy (uuid: 4150cd4b-a415-4298-bdc7-c9e330b466cc): k
[12:04:59] TheRealColmagi (uuid: c98c1615-0764-41e1-848d-73152bfabe94): and if i change u
[12:05:02] PhadingFuzzy (uuid: 4150cd4b-a415-4298-bdc7-c9e330b466cc): Wy by worlds?
[12:05:03] TheRealColmagi (uuid: c98c1615-0764-41e1-848d-73152bfabe94): to like expert
[12:05:07] PhadingFuzzy (uuid: 4150cd4b-a415-4298-bdc7-c9e330b466cc): Like nether?
[12:05:09] TheRealColmagi (uuid: c98c1615-0764-41e1-848d-73152bfabe94): you will have expert in the survival world as well
[12:05:14] PhadingFuzzy (uuid: 4150cd4b-a415-4298-bdc7-c9e330b466cc): Kewl
[12:05:15] TheRealColmagi (uuid: c98c1615-0764-41e1-848d-73152bfabe94): i mean servers lol
[12:05:18] PhadingFuzzy (uuid: 4150cd4b-a415-4298-bdc7-c9e330b466cc): oh
[12:05:26] TheRealColmagi (uuid: c98c1615-0764-41e1-848d-73152bfabe94): and i dont have to manually set it
[12:05:30] PhadingFuzzy (uuid: 4150cd4b-a415-4298-bdc7-c9e330b466cc): k
[12:05:33] TheRealColmagi (uuid: c98c1615-0764-41e1-848d-73152bfabe94): we just gotta wait for bungee messaging
[12:05:57] TheRealColmagi (uuid: c98c1615-0764-41e1-848d-73152bfabe94): ill do this to maple as well
[12:06:02] PhadingFuzzy (uuid: 4150cd4b-a415-4298-bdc7-c9e330b466cc): k
[12:06:29] TheRealColmagi (uuid: c98c1615-0764-41e1-848d-73152bfabe94): who else
[12:06:31] TheRealColmagi (uuid: c98c1615-0764-41e1-848d-73152bfabe94): oh yeah optivat
[12:06:52] PhadingFuzzy (uuid: 4150cd4b-a415-4298-bdc7-c9e330b466cc): axes does more dmg than swords
[12:06:55] PhadingFuzzy (uuid: 4150cd4b-a415-4298-bdc7-c9e330b466cc): 10/10
[12:07:06] PhadingFuzzy (uuid: 4150cd4b-a415-4298-bdc7-c9e330b466cc): ooh make the slimefun rpg
[12:07:06] PhadingFuzzy (uuid: 4150cd4b-a415-4298-bdc7-c9e330b466cc): ooh make the slimefun rpg
[12:07:10] PhadingFuzzy (uuid: 4150cd4b-a415-4298-bdc7-c9e330b466cc): And add mcmmo
[12:09:06] TheRealColmagi (uuid: c98c1615-0764-41e1-848d-73152bfabe94): MCMMO IS STILL HERE
[12:09:09] TheRealColmagi (uuid: c98c1615-0764-41e1-848d-73152bfabe94): its already here
[12:09:11] PhadingFuzzy (uuid: 4150cd4b-a415-4298-bdc7-c9e330b466cc): Ik
[12:09:12] PhadingFuzzy (uuid: 4150cd4b-a415-4298-bdc7-c9e330b466cc): Wait
[12:09:22] PhadingFuzzy (uuid: 4150cd4b-a415-4298-bdc7-c9e330b466cc): Are u making a new server for slimefun or putting it here
[12:09:25] TheRealColmagi (uuid: c98c1615-0764-41e1-848d-73152bfabe94): new server
[12:09:32] TheRealColmagi (uuid: c98c1615-0764-41e1-848d-73152bfabe94): after all, i have 2 more servers left
[12:09:35] TheRealColmagi (uuid: c98c1615-0764-41e1-848d-73152bfabe94): for my hub
[12:09:37] PhadingFuzzy (uuid: 4150cd4b-a415-4298-bdc7-c9e330b466cc): Yea so put mcmmo on the new server as well
[12:09:41] TheRealColmagi (uuid: c98c1615-0764-41e1-848d-73152bfabe94): sure whatever
[12:09:45] PhadingFuzzy (uuid: 4150cd4b-a415-4298-bdc7-c9e330b466cc): Yey
[12:09:47] TheRealColmagi (uuid: c98c1615-0764-41e1-848d-73152bfabe94): as long as u get ppl on
[12:09:52] TheRealColmagi (uuid: c98c1615-0764-41e1-848d-73152bfabe94): i gotta eat and go to drawing
[12:09:52] PhadingFuzzy (uuid: 4150cd4b-a415-4298-bdc7-c9e330b466cc): Ill try
[12:09:55] PhadingFuzzy (uuid: 4150cd4b-a415-4298-bdc7-c9e330b466cc): Oh ok
[12:09:58] TheRealColmagi (uuid: c98c1615-0764-41e1-848d-73152bfabe94): ill be back around 2 lol
[12:10:05] PhadingFuzzy (uuid: 4150cd4b-a415-4298-bdc7-c9e330b466cc): Shit im leaving about then
[12:10:28] TheRealColmagi (uuid: c98c1615-0764-41e1-848d-73152bfabe94): xd
[12:35:19] Mrmapl3syrup (uuid: b3f11e18-ff16-45fe-85b7-bb69e73fb17c): hi
[12:35:23] PhadingFuzzy (uuid: 4150cd4b-a415-4298-bdc7-c9e330b466cc): ay
[12:35:39] Mrmapl3syrup (uuid: b3f11e18-ff16-45fe-85b7-bb69e73fb17c): you dont even have this claimed
[12:35:41] Mrmapl3syrup (uuid: b3f11e18-ff16-45fe-85b7-bb69e73fb17c): lul
[12:35:43] PhadingFuzzy (uuid: 4150cd4b-a415-4298-bdc7-c9e330b466cc): I cant
[12:35:47] PhadingFuzzy (uuid: 4150cd4b-a415-4298-bdc7-c9e330b466cc): The claim shit dosent work
[12:35:53] Mrmapl3syrup (uuid: b3f11e18-ff16-45fe-85b7-bb69e73fb17c): lemme try
[12:36:16] Mrmapl3syrup (uuid: b3f11e18-ff16-45fe-85b7-bb69e73fb17c): you dont have enough power prob
[12:36:25] Mrmapl3syrup (uuid: b3f11e18-ff16-45fe-85b7-bb69e73fb17c): you get power by having people in your faction
[12:36:25] PhadingFuzzy (uuid: 4150cd4b-a415-4298-bdc7-c9e330b466cc): NO
[12:36:28] PhadingFuzzy (uuid: 4150cd4b-a415-4298-bdc7-c9e330b466cc): No
[12:36:32] PhadingFuzzy (uuid: 4150cd4b-a415-4298-bdc7-c9e330b466cc): It dosent even say claim corner set
[12:36:37] PhadingFuzzy (uuid: 4150cd4b-a415-4298-bdc7-c9e330b466cc): I think mcmmo is fucking it up
[12:36:38] Mrmapl3syrup (uuid: b3f11e18-ff16-45fe-85b7-bb69e73fb17c): dude
[12:36:42] Mrmapl3syrup (uuid: b3f11e18-ff16-45fe-85b7-bb69e73fb17c): you do /f claim
[12:36:45] Mrmapl3syrup (uuid: b3f11e18-ff16-45fe-85b7-bb69e73fb17c): lul
[12:36:53] PhadingFuzzy (uuid: 4150cd4b-a415-4298-bdc7-c9e330b466cc): It says u need to have the land claimed first
[12:36:56] PhadingFuzzy (uuid: 4150cd4b-a415-4298-bdc7-c9e330b466cc): oh
[12:36:58] PhadingFuzzy (uuid: 4150cd4b-a415-4298-bdc7-c9e330b466cc): wat
[12:37:02] PhadingFuzzy (uuid: 4150cd4b-a415-4298-bdc7-c9e330b466cc): OOHHHH
[12:37:05] Mrmapl3syrup (uuid: b3f11e18-ff16-45fe-85b7-bb69e73fb17c): yeaaaaah
[12:37:08] PhadingFuzzy (uuid: 4150cd4b-a415-4298-bdc7-c9e330b466cc): i did /f sethome
[12:37:10] PhadingFuzzy (uuid: 4150cd4b-a415-4298-bdc7-c9e330b466cc): shit
[12:37:14] Mrmapl3syrup (uuid: b3f11e18-ff16-45fe-85b7-bb69e73fb17c): Shelter from the furries
[12:37:16] Mrmapl3syrup (uuid: b3f11e18-ff16-45fe-85b7-bb69e73fb17c): lul
[12:37:32] Mrmapl3syrup (uuid: b3f11e18-ff16-45fe-85b7-bb69e73fb17c): nice snowball collection
[12:37:34] PhadingFuzzy (uuid: 4150cd4b-a415-4298-bdc7-c9e330b466cc): Thnx
[12:37:52] Mrmapl3syrup (uuid: b3f11e18-ff16-45fe-85b7-bb69e73fb17c): I have my base in the middle of no where on a island
[12:37:56] PhadingFuzzy (uuid: 4150cd4b-a415-4298-bdc7-c9e330b466cc): Oh
[12:38:03] PhadingFuzzy (uuid: 4150cd4b-a415-4298-bdc7-c9e330b466cc): does it have this kewl biome?
[12:38:08] Mrmapl3syrup (uuid: b3f11e18-ff16-45fe-85b7-bb69e73fb17c): Like it is literally on a island in the middle of no where
[12:38:16] Mrmapl3syrup (uuid: b3f11e18-ff16-45fe-85b7-bb69e73fb17c): well ima head onto the survival server
[12:38:19] PhadingFuzzy (uuid: 4150cd4b-a415-4298-bdc7-c9e330b466cc): k
[12:38:21] Mrmapl3syrup (uuid: b3f11e18-ff16-45fe-85b7-bb69e73fb17c): im remodeling the village
[14:25:03] PhadingFuzzy (uuid: 4150cd4b-a415-4298-bdc7-c9e330b466cc): U afk?
[14:25:15] PhadingFuzzy (uuid: 4150cd4b-a415-4298-bdc7-c9e330b466cc): oh
[14:28:30] TheRealColmagi (uuid: c98c1615-0764-41e1-848d-73152bfabe94): IM GAY
[14:36:23] Mrmapl3syrup (uuid: b3f11e18-ff16-45fe-85b7-bb69e73fb17c): anal;
[14:36:31] Mrmapl3syrup (uuid: b3f11e18-ff16-45fe-85b7-bb69e73fb17c): a n a l
[14:36:40] Mrmapl3syrup (uuid: b3f11e18-ff16-45fe-85b7-bb69e73fb17c): i feel powerful
[14:36:45] TheRealColmagi (uuid: c98c1615-0764-41e1-848d-73152bfabe94): ur also gay
[14:40:31] PhadingFuzzy (uuid: 4150cd4b-a415-4298-bdc7-c9e330b466cc): Kid
[14:40:35] PhadingFuzzy (uuid: 4150cd4b-a415-4298-bdc7-c9e330b466cc): U stil afk?
[14:40:37] TheRealColmagi (uuid: c98c1615-0764-41e1-848d-73152bfabe94): hiya
[14:40:39] PhadingFuzzy (uuid: 4150cd4b-a415-4298-bdc7-c9e330b466cc): yay
[14:40:53] TheRealColmagi (uuid: c98c1615-0764-41e1-848d-73152bfabe94): mapels playin league but he'll be back lol
[14:41:04] PhadingFuzzy (uuid: 4150cd4b-a415-4298-bdc7-c9e330b466cc): k
[14:41:05] PhadingFuzzy (uuid: 4150cd4b-a415-4298-bdc7-c9e330b466cc): k
[14:41:12] PhadingFuzzy (uuid: 4150cd4b-a415-4298-bdc7-c9e330b466cc): Bte ur /back is shi
[14:41:17] PhadingFuzzy (uuid: 4150cd4b-a415-4298-bdc7-c9e330b466cc): Btw
[14:41:19] TheRealColmagi (uuid: c98c1615-0764-41e1-848d-73152bfabe94): lol
[14:41:30] PhadingFuzzy (uuid: 4150cd4b-a415-4298-bdc7-c9e330b466cc): It sends u to ur last tp not death point
[14:41:53] PhadingFuzzy (uuid: 4150cd4b-a415-4298-bdc7-c9e330b466cc): bye
[14:41:58] TheRealColmagi (uuid: c98c1615-0764-41e1-848d-73152bfabe94): whyyyyyy
[14:42:01] PhadingFuzzy (uuid: 4150cd4b-a415-4298-bdc7-c9e330b466cc): tell me when u ot slimefun :3
[14:42:04] TheRealColmagi (uuid: c98c1615-0764-41e1-848d-73152bfabe94): bitch
[14:42:07] PhadingFuzzy (uuid: 4150cd4b-a415-4298-bdc7-c9e330b466cc): LOL
[14:42:10] TheRealColmagi (uuid: c98c1615-0764-41e1-848d-73152bfabe94): if we get slimefun
[14:42:13] TheRealColmagi (uuid: c98c1615-0764-41e1-848d-73152bfabe94): u have to build spawn
[14:42:14] PhadingFuzzy (uuid: 4150cd4b-a415-4298-bdc7-c9e330b466cc): Uh huh?
[14:42:17] PhadingFuzzy (uuid: 4150cd4b-a415-4298-bdc7-c9e330b466cc): Oh shit
[14:42:19] TheRealColmagi (uuid: c98c1615-0764-41e1-848d-73152bfabe94): or some shit
[14:42:21] PhadingFuzzy (uuid: 4150cd4b-a415-4298-bdc7-c9e330b466cc): Im not good at buildiung
[14:42:23] PhadingFuzzy (uuid: 4150cd4b-a415-4298-bdc7-c9e330b466cc): Download it
[14:42:25] TheRealColmagi (uuid: c98c1615-0764-41e1-848d-73152bfabe94): cuz bluegamer built survival
[14:42:28] TheRealColmagi (uuid: c98c1615-0764-41e1-848d-73152bfabe94): and i built facs
[14:42:51] PhadingFuzzy (uuid: 4150cd4b-a415-4298-bdc7-c9e330b466cc): How about i find one online?
[14:42:59] TheRealColmagi (uuid: c98c1615-0764-41e1-848d-73152bfabe94): dude thats bein lazy
[14:43:06] PhadingFuzzy (uuid: 4150cd4b-a415-4298-bdc7-c9e330b466cc): IM NOT GOOD AT BUILDING
[14:43:13] PhadingFuzzy (uuid: 4150cd4b-a415-4298-bdc7-c9e330b466cc): TP AND U WIL LSEE
[14:43:23] TheRealColmagi (uuid: c98c1615-0764-41e1-848d-73152bfabe94): lol xd
[14:43:30] TheRealColmagi (uuid: c98c1615-0764-41e1-848d-73152bfabe94): when ur friends get on
[14:43:34] TheRealColmagi (uuid: c98c1615-0764-41e1-848d-73152bfabe94): r u guys gonna play slimefun or facs
[14:43:49] TheRealColmagi (uuid: c98c1615-0764-41e1-848d-73152bfabe94): tp ph the
[14:44:01] TheRealColmagi (uuid: c98c1615-0764-41e1-848d-73152bfabe94): srry lol
[14:44:01] PhadingFuzzy (uuid: 4150cd4b-a415-4298-bdc7-c9e330b466cc): I dont have any friends that play mc
[14:44:06] TheRealColmagi (uuid: c98c1615-0764-41e1-848d-73152bfabe94): wtf
[14:44:12] PhadingFuzzy (uuid: 4150cd4b-a415-4298-bdc7-c9e330b466cc): jordan quit
[14:44:15] PhadingFuzzy (uuid: 4150cd4b-a415-4298-bdc7-c9e330b466cc): iskills quit
[14:44:18] TheRealColmagi (uuid: c98c1615-0764-41e1-848d-73152bfabe94): who r u gonna invite if u play slimefun then
[14:44:19] PhadingFuzzy (uuid: 4150cd4b-a415-4298-bdc7-c9e330b466cc): and everyone quit
[14:44:21] PhadingFuzzy (uuid: 4150cd4b-a415-4298-bdc7-c9e330b466cc): idk
[14:44:22] PhadingFuzzy (uuid: 4150cd4b-a415-4298-bdc7-c9e330b466cc): myself
[14:44:27] TheRealColmagi (uuid: c98c1615-0764-41e1-848d-73152bfabe94): gawddayum
[14:44:38] PhadingFuzzy (uuid: 4150cd4b-a415-4298-bdc7-c9e330b466cc): I got 1 person i know
[14:44:45] TheRealColmagi (uuid: c98c1615-0764-41e1-848d-73152bfabe94): goddammit
[14:44:45] PhadingFuzzy (uuid: 4150cd4b-a415-4298-bdc7-c9e330b466cc): But he likes the old server
[14:44:50] TheRealColmagi (uuid: c98c1615-0764-41e1-848d-73152bfabe94): what old server
[14:44:51] PhadingFuzzy (uuid: 4150cd4b-a415-4298-bdc7-c9e330b466cc): Cuz it has mobfarms and shit
[14:44:55] PhadingFuzzy (uuid: 4150cd4b-a415-4298-bdc7-c9e330b466cc): extremecraft
[14:45:00] PhadingFuzzy (uuid: 4150cd4b-a415-4298-bdc7-c9e330b466cc): The one where mods are assholes
[14:45:02] TheRealColmagi (uuid: c98c1615-0764-41e1-848d-73152bfabe94): i can add mob farms
[14:45:04] PhadingFuzzy (uuid: 4150cd4b-a415-4298-bdc7-c9e330b466cc): and ban u for little things
[14:45:07] TheRealColmagi (uuid: c98c1615-0764-41e1-848d-73152bfabe94): to the facs
[14:45:19] PhadingFuzzy (uuid: 4150cd4b-a415-4298-bdc7-c9e330b466cc): can u just ad the slimefun plugin to facs?
[14:45:22] PhadingFuzzy (uuid: 4150cd4b-a415-4298-bdc7-c9e330b466cc): Thats easieer
[14:45:33] TheRealColmagi (uuid: c98c1615-0764-41e1-848d-73152bfabe94): its better if we just do seperate servers
[14:45:42] TheRealColmagi (uuid: c98c1615-0764-41e1-848d-73152bfabe94): since u always want a vanilla server since its hte most popular
[14:45:44] PhadingFuzzy (uuid: 4150cd4b-a415-4298-bdc7-c9e330b466cc): But nobodys gonna play there
[14:45:48] PhadingFuzzy (uuid: 4150cd4b-a415-4298-bdc7-c9e330b466cc): wat
[14:45:49] PhadingFuzzy (uuid: 4150cd4b-a415-4298-bdc7-c9e330b466cc): it is?
[14:45:53] TheRealColmagi (uuid: c98c1615-0764-41e1-848d-73152bfabe94): not everyone wants slimefun dude
[14:45:56] PhadingFuzzy (uuid: 4150cd4b-a415-4298-bdc7-c9e330b466cc): Then that can play survival
[14:45:58] PhadingFuzzy (uuid: 4150cd4b-a415-4298-bdc7-c9e330b466cc): Fuck them
[14:46:10] TheRealColmagi (uuid: c98c1615-0764-41e1-848d-73152bfabe94): i was gonna do slimefun survival
[14:46:14] PhadingFuzzy (uuid: 4150cd4b-a415-4298-bdc7-c9e330b466cc): OOOH
[14:46:14] PhadingFuzzy (uuid: 4150cd4b-a415-4298-bdc7-c9e330b466cc): YE
[14:46:20] TheRealColmagi (uuid: c98c1615-0764-41e1-848d-73152bfabe94): not slimefun facs
[14:46:33] PhadingFuzzy (uuid: 4150cd4b-a415-4298-bdc7-c9e330b466cc): Wait r u gonna add to current survival
[14:46:35] PhadingFuzzy (uuid: 4150cd4b-a415-4298-bdc7-c9e330b466cc): or new one
[14:46:44] TheRealColmagi (uuid: c98c1615-0764-41e1-848d-73152bfabe94): im gonna make a new survival server and add slimefun
[14:46:48] PhadingFuzzy (uuid: 4150cd4b-a415-4298-bdc7-c9e330b466cc): oh...
[14:46:50] TheRealColmagi (uuid: c98c1615-0764-41e1-848d-73152bfabe94): so u have regular survival and slimefun survival
[14:46:59] PhadingFuzzy (uuid: 4150cd4b-a415-4298-bdc7-c9e330b466cc): hm
[14:47:00] PhadingFuzzy (uuid: 4150cd4b-a415-4298-bdc7-c9e330b466cc): ok
[14:47:01] PhadingFuzzy (uuid: 4150cd4b-a415-4298-bdc7-c9e330b466cc): can u add it
[14:47:06] PhadingFuzzy (uuid: 4150cd4b-a415-4298-bdc7-c9e330b466cc): then ima make everyone play it
[14:47:12] PhadingFuzzy (uuid: 4150cd4b-a415-4298-bdc7-c9e330b466cc): then regular survival and facs r gonna be dead
[14:47:15] TheRealColmagi (uuid: c98c1615-0764-41e1-848d-73152bfabe94): who is "everyone"
[14:47:15] PhadingFuzzy (uuid: 4150cd4b-a415-4298-bdc7-c9e330b466cc): YAY
[14:47:21] PhadingFuzzy (uuid: 4150cd4b-a415-4298-bdc7-c9e330b466cc): Everyone that joins
[14:47:54] PhadingFuzzy (uuid: 4150cd4b-a415-4298-bdc7-c9e330b466cc): soooo
[14:47:56] PhadingFuzzy (uuid: 4150cd4b-a415-4298-bdc7-c9e330b466cc): Yea
[14:47:58] PhadingFuzzy (uuid: 4150cd4b-a415-4298-bdc7-c9e330b466cc): Get it
[14:48:01] PhadingFuzzy (uuid: 4150cd4b-a415-4298-bdc7-c9e330b466cc): U might like it
[14:48:09] TheRealColmagi (uuid: c98c1615-0764-41e1-848d-73152bfabe94): gotta migrate plugins for the hub server brb
[14:48:13] PhadingFuzzy (uuid: 4150cd4b-a415-4298-bdc7-c9e330b466cc): k
[14:48:36] TheRealColmagi (uuid: c98c1615-0764-41e1-848d-73152bfabe94): xd
[14:48:40] PhadingFuzzy (uuid: 4150cd4b-a415-4298-bdc7-c9e330b466cc): wat
[14:50:28] TheRealColmagi (uuid: c98c1615-0764-41e1-848d-73152bfabe94): goin to lobby
[15:31:20] PhadingFuzzy (uuid: 4150cd4b-a415-4298-bdc7-c9e330b466cc): asd
[15:31:22] PhadingFuzzy (uuid: 4150cd4b-a415-4298-bdc7-c9e330b466cc): yey
[15:31:24] PhadingFuzzy (uuid: 4150cd4b-a415-4298-bdc7-c9e330b466cc): rankS!
[15:32:04] Mrmapl3syrup (uuid: b3f11e18-ff16-45fe-85b7-bb69e73fb17c): kek
[15:32:11] PhadingFuzzy (uuid: 4150cd4b-a415-4298-bdc7-c9e330b466cc): oooooooooh
[15:32:12] TheRealColmagi (uuid: c98c1615-0764-41e1-848d-73152bfabe94): there
[15:32:13] PhadingFuzzy (uuid: 4150cd4b-a415-4298-bdc7-c9e330b466cc): not a mod?
[15:32:19] PhadingFuzzy (uuid: 4150cd4b-a415-4298-bdc7-c9e330b466cc): hey
[15:32:22] Mrmapl3syrup (uuid: b3f11e18-ff16-45fe-85b7-bb69e73fb17c): i got promoted
[15:32:22] PhadingFuzzy (uuid: 4150cd4b-a415-4298-bdc7-c9e330b466cc): ice spider chalenge
[15:32:26] PhadingFuzzy (uuid: 4150cd4b-a415-4298-bdc7-c9e330b466cc): lets do this
[15:32:30] Mrmapl3syrup (uuid: b3f11e18-ff16-45fe-85b7-bb69e73fb17c): ew
[15:32:32] PhadingFuzzy (uuid: 4150cd4b-a415-4298-bdc7-c9e330b466cc): AHHH
[15:32:34] Mrmapl3syrup (uuid: b3f11e18-ff16-45fe-85b7-bb69e73fb17c): i hope you die
[15:32:41] PhadingFuzzy (uuid: 4150cd4b-a415-4298-bdc7-c9e330b466cc): lobby
[16:00:22] TheRealColmagi (uuid: c98c1615-0764-41e1-848d-73152bfabe94): xd
[16:00:25] TheRealColmagi (uuid: c98c1615-0764-41e1-848d-73152bfabe94): wtf
[16:01:12] TheRealColmagi (uuid: c98c1615-0764-41e1-848d-73152bfabe94): ugh
[16:01:16] TheRealColmagi (uuid: c98c1615-0764-41e1-848d-73152bfabe94): what a mess
[16:10:40] TheRealColmagi (uuid: c98c1615-0764-41e1-848d-73152bfabe94): hi
[17:52:58] DDosDoxos (uuid: 701759d3-d835-408f-9b08-efce9140d69d): a
[17:52:58] DDosDoxos (uuid: 701759d3-d835-408f-9b08-efce9140d69d): a
[17:52:59] DDosDoxos (uuid: 701759d3-d835-408f-9b08-efce9140d69d): a
[17:53:00] DDosDoxos (uuid: 701759d3-d835-408f-9b08-efce9140d69d): a
[18:09:46] Immaproshooter (uuid: fdb31302-defe-4a92-b60e-bedcf729e5aa): Hi TheRealColmagi
[18:11:05] TheRealColmagi (uuid: c98c1615-0764-41e1-848d-73152bfabe94): IAN
[22:54:18] TheRealColmagi (uuid: c98c1615-0764-41e1-848d-73152bfabe94): i changed my perms plugin sooo
[22:54:28] TheRealColmagi (uuid: c98c1615-0764-41e1-848d-73152bfabe94): 5 long hours of migrating perms
[22:54:29] TheBlueGamer0 (uuid: 654713d4-034f-41ff-acad-c3b9ced485de): ok
[22:54:30] TheRealColmagi (uuid: c98c1615-0764-41e1-848d-73152bfabe94): now
[22:54:33] TheRealColmagi (uuid: c98c1615-0764-41e1-848d-73152bfabe94): when i play
[22:54:51] TheRealColmagi (uuid: c98c1615-0764-41e1-848d-73152bfabe94): i can sync ranks across all servers and keep permissions seperate per world
[22:54:52] TheRealColmagi (uuid: c98c1615-0764-41e1-848d-73152bfabe94): yay
[22:54:54] TheRealColmagi (uuid: c98c1615-0764-41e1-848d-73152bfabe94): kill me
[22:55:07] TheBlueGamer0 (uuid: 654713d4-034f-41ff-acad-c3b9ced485de): nice
[22:55:12] TheRealColmagi (uuid: c98c1615-0764-41e1-848d-73152bfabe94): there
[22:55:18] TheRealColmagi (uuid: c98c1615-0764-41e1-848d-73152bfabe94): i fixed ur rank to global
[22:55:47] TheRealColmagi (uuid: c98c1615-0764-41e1-848d-73152bfabe94): lol do u not like anything u build
[22:55:54] TheBlueGamer0 (uuid: 654713d4-034f-41ff-acad-c3b9ced485de): i do
[22:55:55] TheRealColmagi (uuid: c98c1615-0764-41e1-848d-73152bfabe94): do u like the spawn area as a whole tho?
[22:56:00] TheBlueGamer0 (uuid: 654713d4-034f-41ff-acad-c3b9ced485de): just not this shop
[22:56:06] TheBlueGamer0 (uuid: 654713d4-034f-41ff-acad-c3b9ced485de): yeah its good
[22:56:09] TheRealColmagi (uuid: c98c1615-0764-41e1-848d-73152bfabe94): thx
[22:56:11] TheRealColmagi (uuid: c98c1615-0764-41e1-848d-73152bfabe94): i built it
[22:56:16] TheRealColmagi (uuid: c98c1615-0764-41e1-848d-73152bfabe94): most of it
[22:56:18] TheBlueGamer0 (uuid: 654713d4-034f-41ff-acad-c3b9ced485de): just kinda empty
[22:56:20] TheRealColmagi (uuid: c98c1615-0764-41e1-848d-73152bfabe94): maple built a fountain
[22:56:25] TheRealColmagi (uuid: c98c1615-0764-41e1-848d-73152bfabe94): yeah thats why im adding shops
[22:56:42] TheBlueGamer0 (uuid: 654713d4-034f-41ff-acad-c3b9ced485de): birdbath?
[22:56:43] TheRealColmagi (uuid: c98c1615-0764-41e1-848d-73152bfabe94): but im absolute shit when it comes to buildings
[22:56:50] TheRealColmagi (uuid: c98c1615-0764-41e1-848d-73152bfabe94): lol maples creation
[22:56:54] TheBlueGamer0 (uuid: 654713d4-034f-41ff-acad-c3b9ced485de): k
[22:56:59] TheRealColmagi (uuid: c98c1615-0764-41e1-848d-73152bfabe94): im planning another server
[22:57:01] TheRealColmagi (uuid: c98c1615-0764-41e1-848d-73152bfabe94): slimefun survival
[22:57:08] TheBlueGamer0 (uuid: 654713d4-034f-41ff-acad-c3b9ced485de): whats that
[22:57:20] TheBlueGamer0 (uuid: 654713d4-034f-41ff-acad-c3b9ced485de): pleas emake a creative mode kk
[22:57:39] TheRealColmagi (uuid: c98c1615-0764-41e1-848d-73152bfabe94): ugh
[22:57:45] TheBlueGamer0 (uuid: 654713d4-034f-41ff-acad-c3b9ced485de): :)
[22:57:47] TheRealColmagi (uuid: c98c1615-0764-41e1-848d-73152bfabe94): id have to make a creative spawn and a creative plot world
[22:57:50] TheRealColmagi (uuid: c98c1615-0764-41e1-848d-73152bfabe94): and idk how to do that shit
[22:58:05] TheBlueGamer0 (uuid: 654713d4-034f-41ff-acad-c3b9ced485de): you just make the spawn and the plots in the same server
[22:58:11] TheBlueGamer0 (uuid: 654713d4-034f-41ff-acad-c3b9ced485de): doi
[22:58:19] TheRealColmagi (uuid: c98c1615-0764-41e1-848d-73152bfabe94): get plugin then download a creative plot world?
[22:58:31] TheBlueGamer0 (uuid: 654713d4-034f-41ff-acad-c3b9ced485de): u guess
[22:58:32] TheBlueGamer0 (uuid: 654713d4-034f-41ff-acad-c3b9ced485de): i
[22:58:45] TheBlueGamer0 (uuid: 654713d4-034f-41ff-acad-c3b9ced485de): imma go to survival and see whats happening there
[22:58:48] TheRealColmagi (uuid: c98c1615-0764-41e1-848d-73152bfabe94): nothing lol
[22:58:52] TheBlueGamer0 (uuid: 654713d4-034f-41ff-acad-c3b9ced485de): oh
[22:58:58] TheRealColmagi (uuid: c98c1615-0764-41e1-848d-73152bfabe94): its 11 pm
[22:59:04] TheBlueGamer0 (uuid: 654713d4-034f-41ff-acad-c3b9ced485de): well ik that
[22:59:12] TheBlueGamer0 (uuid: 654713d4-034f-41ff-acad-c3b9ced485de): like see what has been built already
[22:59:16] TheRealColmagi (uuid: c98c1615-0764-41e1-848d-73152bfabe94): all i ask is the shop pls
[22:59:33] TheRealColmagi (uuid: c98c1615-0764-41e1-848d-73152bfabe94): autism
[22:59:38] TheBlueGamer0 (uuid: 654713d4-034f-41ff-acad-c3b9ced485de): no u
[22:59:38] PhadingFuzzy (uuid: 4150cd4b-a415-4298-bdc7-c9e330b466cc): hi
[22:59:39] TheRealColmagi (uuid: c98c1615-0764-41e1-848d-73152bfabe94): its autism
[22:59:51] PhadingFuzzy (uuid: 4150cd4b-a415-4298-bdc7-c9e330b466cc): blue i got banned from extremecraft
[22:59:57] TheBlueGamer0 (uuid: 654713d4-034f-41ff-acad-c3b9ced485de): gg
[22:59:59] TheBlueGamer0 (uuid: 654713d4-034f-41ff-acad-c3b9ced485de): gg
[23:00:03] TheRealColmagi (uuid: c98c1615-0764-41e1-848d-73152bfabe94): hmm
[23:00:07] TheRealColmagi (uuid: c98c1615-0764-41e1-848d-73152bfabe94): idk why ur rank wasnt elite
[23:00:10] TheRealColmagi (uuid: c98c1615-0764-41e1-848d-73152bfabe94): but i changed that
[23:00:16] TheRealColmagi (uuid: c98c1615-0764-41e1-848d-73152bfabe94): is this the shop
[23:00:19] PhadingFuzzy (uuid: 4150cd4b-a415-4298-bdc7-c9e330b466cc): they have a vid and it dosent even look loke i hack
[23:00:24] TheRealColmagi (uuid: c98c1615-0764-41e1-848d-73152bfabe94): why is it over spawn
[23:00:29] TheBlueGamer0 (uuid: 654713d4-034f-41ff-acad-c3b9ced485de): just wait
[23:00:31] TheRealColmagi (uuid: c98c1615-0764-41e1-848d-73152bfabe94): uh ok
[23:00:41] TheBlueGamer0 (uuid: 654713d4-034f-41ff-acad-c3b9ced485de): i wanna buld somewhere
[23:00:45] TheBlueGamer0 (uuid: 654713d4-034f-41ff-acad-c3b9ced485de): so leaf me alone
[23:00:51] PhadingFuzzy (uuid: 4150cd4b-a415-4298-bdc7-c9e330b466cc): is afk a elite comm
[23:00:52] TheRealColmagi (uuid: c98c1615-0764-41e1-848d-73152bfabe94): wait so its not the shop
[23:00:55] TheRealColmagi (uuid: c98c1615-0764-41e1-848d-73152bfabe94): yeah
[23:01:02] PhadingFuzzy (uuid: 4150cd4b-a415-4298-bdc7-c9e330b466cc): k i can use
[23:01:09] TheRealColmagi (uuid: c98c1615-0764-41e1-848d-73152bfabe94): WTF
[23:01:11] PhadingFuzzy (uuid: 4150cd4b-a415-4298-bdc7-c9e330b466cc): allow m e to use /title
[23:01:30] TheRealColmagi (uuid: c98c1615-0764-41e1-848d-73152bfabe94): WHY DO U KEEP SETTING BACK TO DEFAULT
[23:01:40] PhadingFuzzy (uuid: 4150cd4b-a415-4298-bdc7-c9e330b466cc): s
[23:01:47] TheRealColmagi (uuid: c98c1615-0764-41e1-848d-73152bfabe94): dafuq
[23:01:47] PhadingFuzzy (uuid: 4150cd4b-a415-4298-bdc7-c9e330b466cc): give me /title
[23:01:59] PhadingFuzzy (uuid: 4150cd4b-a415-4298-bdc7-c9e330b466cc): then i can change it
[23:02:08] TheRealColmagi (uuid: c98c1615-0764-41e1-848d-73152bfabe94): oh u keep changint ur damn thing
[23:02:11] TheRealColmagi (uuid: c98c1615-0764-41e1-848d-73152bfabe94): wtf
[23:02:18] PhadingFuzzy (uuid: 4150cd4b-a415-4298-bdc7-c9e330b466cc): what?
[23:02:24] TheRealColmagi (uuid: c98c1615-0764-41e1-848d-73152bfabe94): how do u keep changing ur fucking prefix
[23:02:29] PhadingFuzzy (uuid: 4150cd4b-a415-4298-bdc7-c9e330b466cc): im not
[23:02:36] TheRealColmagi (uuid: c98c1615-0764-41e1-848d-73152bfabe94): but ur in elite
[23:02:43] PhadingFuzzy (uuid: 4150cd4b-a415-4298-bdc7-c9e330b466cc): ik
[23:02:54] PhadingFuzzy (uuid: 4150cd4b-a415-4298-bdc7-c9e330b466cc): let me use /title
[23:02:58] TheRealColmagi (uuid: c98c1615-0764-41e1-848d-73152bfabe94): try now
[23:03:01] PhadingFuzzy (uuid: 4150cd4b-a415-4298-bdc7-c9e330b466cc): a
[23:03:08] TheRealColmagi (uuid: c98c1615-0764-41e1-848d-73152bfabe94): wtf is /title
[23:03:15] TheRealColmagi (uuid: c98c1615-0764-41e1-848d-73152bfabe94): i want u to talk in chat
[23:03:15] PhadingFuzzy (uuid: 4150cd4b-a415-4298-bdc7-c9e330b466cc): lets u change prefixes
[23:03:29] TheRealColmagi (uuid: c98c1615-0764-41e1-848d-73152bfabe94): WHY DOES IT KEEP SETTING TO DEFAULT
[23:03:44] PhadingFuzzy (uuid: 4150cd4b-a415-4298-bdc7-c9e330b466cc): lemme use the command
[23:03:51] TheRealColmagi (uuid: c98c1615-0764-41e1-848d-73152bfabe94): NO
[23:04:15] TheRealColmagi (uuid: c98c1615-0764-41e1-848d-73152bfabe94): ?
[23:04:25] PhadingFuzzy (uuid: 4150cd4b-a415-4298-bdc7-c9e330b466cc): closed app
[23:04:34] TheRealColmagi (uuid: c98c1615-0764-41e1-848d-73152bfabe94): WHY IS HE FUCKING DEFAULT
[23:04:50] PhadingFuzzy (uuid: 4150cd4b-a415-4298-bdc7-c9e330b466cc): GIVE /TITLE
[23:04:59] TheRealColmagi (uuid: c98c1615-0764-41e1-848d-73152bfabe94): that wont fix it
[23:05:16] PhadingFuzzy (uuid: 4150cd4b-a415-4298-bdc7-c9e330b466cc): u dont know that
[23:05:19] PhadingFuzzy (uuid: 4150cd4b-a415-4298-bdc7-c9e330b466cc): lemme try
[23:05:21] TheRealColmagi (uuid: c98c1615-0764-41e1-848d-73152bfabe94): THIS IS A PLUGIN ISSUE
[23:05:29] PhadingFuzzy (uuid: 4150cd4b-a415-4298-bdc7-c9e330b466cc): just do it
[23:05:36] PhadingFuzzy (uuid: 4150cd4b-a415-4298-bdc7-c9e330b466cc): let me try
[23:05:41] TheRealColmagi (uuid: c98c1615-0764-41e1-848d-73152bfabe94): SO UR THE ONE CHANGING UR PLUGIN
[23:05:43] TheRealColmagi (uuid: c98c1615-0764-41e1-848d-73152bfabe94): PREFIX
[23:05:52] PhadingFuzzy (uuid: 4150cd4b-a415-4298-bdc7-c9e330b466cc): doubt it
[23:06:07] PhadingFuzzy (uuid: 4150cd4b-a415-4298-bdc7-c9e330b466cc): i can change it with /title
[23:06:14] TheRealColmagi (uuid: c98c1615-0764-41e1-848d-73152bfabe94): dafuq iS THIS SHIT]
[23:06:45] PhadingFuzzy (uuid: 4150cd4b-a415-4298-bdc7-c9e330b466cc): i wanna try /title elite
[23:07:18] TheRealColmagi (uuid: c98c1615-0764-41e1-848d-73152bfabe94): STOP
[23:07:20] TheRealColmagi (uuid: c98c1615-0764-41e1-848d-73152bfabe94): TRING THE COMMAND
[23:07:26] TheRealColmagi (uuid: c98c1615-0764-41e1-848d-73152bfabe94): IM TRYING TO FIX THIS U LIK SHIT
[23:07:44] PhadingFuzzy (uuid: 4150cd4b-a415-4298-bdc7-c9e330b466cc): ?
[23:07:51] PhadingFuzzy (uuid: 4150cd4b-a415-4298-bdc7-c9e330b466cc): ?
[23:08:40] PhadingFuzzy (uuid: 4150cd4b-a415-4298-bdc7-c9e330b466cc): ?
[23:08:58] PhadingFuzzy (uuid: 4150cd4b-a415-4298-bdc7-c9e330b466cc): i
[23:09:02] PhadingFuzzy (uuid: 4150cd4b-a415-4298-bdc7-c9e330b466cc): am
[23:09:07] PhadingFuzzy (uuid: 4150cd4b-a415-4298-bdc7-c9e330b466cc): elite
[23:09:17] TheRealColmagi (uuid: c98c1615-0764-41e1-848d-73152bfabe94): try NOW
[23:09:18] PhadingFuzzy (uuid: 4150cd4b-a415-4298-bdc7-c9e330b466cc): abracadabrabloopacoomba
[23:09:24] PhadingFuzzy (uuid: 4150cd4b-a415-4298-bdc7-c9e330b466cc): NOPE
[23:09:27] TheRealColmagi (uuid: c98c1615-0764-41e1-848d-73152bfabe94): WHA THT EUFKC
[23:09:36] PhadingFuzzy (uuid: 4150cd4b-a415-4298-bdc7-c9e330b466cc): can we try my idea now
[23:09:50] TheRealColmagi (uuid: c98c1615-0764-41e1-848d-73152bfabe94): now
[23:09:54] PhadingFuzzy (uuid: 4150cd4b-a415-4298-bdc7-c9e330b466cc): a
[23:09:56] TheRealColmagi (uuid: c98c1615-0764-41e1-848d-73152bfabe94): ez
[23:10:00] PhadingFuzzy (uuid: 4150cd4b-a415-4298-bdc7-c9e330b466cc): my ass
[23:10:05] PhadingFuzzy (uuid: 4150cd4b-a415-4298-bdc7-c9e330b466cc): u took 5 mins
[23:10:14] TheRealColmagi (uuid: c98c1615-0764-41e1-848d-73152bfabe94): i gotta do this to all the fucking ranks
[23:10:19] TheRealColmagi (uuid: c98c1615-0764-41e1-848d-73152bfabe94): minus admin and owner
[23:10:21] PhadingFuzzy (uuid: 4150cd4b-a415-4298-bdc7-c9e330b466cc): YAY
[23:10:39] PhadingFuzzy (uuid: 4150cd4b-a415-4298-bdc7-c9e330b466cc): u need buycraft
[23:11:02] TheRealColmagi (uuid: c98c1615-0764-41e1-848d-73152bfabe94): im gonna shut down ther server and sleep
[23:11:05] PhadingFuzzy (uuid: 4150cd4b-a415-4298-bdc7-c9e330b466cc): ??
