[17:40:49] TheRealColmagi (uuid: c98c1615-0764-41e1-848d-73152bfabe94): IM GAY
[17:51:07] TheRealColmagi (uuid: c98c1615-0764-41e1-848d-73152bfabe94): hi noiga
[17:51:54] PhadingFuzzy (uuid: 4150cd4b-a415-4298-bdc7-c9e330b466cc): Im bored
[17:51:56] TheRealColmagi (uuid: c98c1615-0764-41e1-848d-73152bfabe94): doggus
[17:52:01] TheRealColmagi (uuid: c98c1615-0764-41e1-848d-73152bfabe94): maybe u should invite ppl from ur ads
[17:52:37] TheRealColmagi (uuid: c98c1615-0764-41e1-848d-73152bfabe94): LOL
[17:53:01] TheRealColmagi (uuid: c98c1615-0764-41e1-848d-73152bfabe94): nice alt
[17:53:03] TheRealColmagi (uuid: c98c1615-0764-41e1-848d-73152bfabe94): idiot
[17:53:14] TheRealColmagi (uuid: c98c1615-0764-41e1-848d-73152bfabe94): i know ur an alt
[17:53:37] Johnsface101 (uuid: 3dcf4acc-8a65-4c50-ba5f-54ab301b5a4f): ???
[17:53:42] TheRealColmagi (uuid: c98c1615-0764-41e1-848d-73152bfabe94): yes you
[17:53:43] TheRealColmagi (uuid: c98c1615-0764-41e1-848d-73152bfabe94): are
[17:53:47] TheRealColmagi (uuid: c98c1615-0764-41e1-848d-73152bfabe94): ur a n alt
[17:53:51] Johnsface101 (uuid: 3dcf4acc-8a65-4c50-ba5f-54ab301b5a4f): ???
[17:53:55] TheRealColmagi (uuid: c98c1615-0764-41e1-848d-73152bfabe94): fucking idiot
[17:53:58] TheRealColmagi (uuid: c98c1615-0764-41e1-848d-73152bfabe94): i know ur an alt
[17:54:01] TheRealColmagi (uuid: c98c1615-0764-41e1-848d-73152bfabe94): THE IP IS THE SAME
[17:54:01] Johnsface101 (uuid: 3dcf4acc-8a65-4c50-ba5f-54ab301b5a4f): ???
[17:54:03] TheRealColmagi (uuid: c98c1615-0764-41e1-848d-73152bfabe94): U DO REALIZE THAT
[17:54:10] TheRealColmagi (uuid: c98c1615-0764-41e1-848d-73152bfabe94): UR IP IS THE EXACT SAME AS UR MAIN
[17:54:11] Johnsface101 (uuid: 3dcf4acc-8a65-4c50-ba5f-54ab301b5a4f): dick
[17:54:17] TheRealColmagi (uuid: c98c1615-0764-41e1-848d-73152bfabe94): thats how i can tell
[17:54:25] Johnsface101 (uuid: 3dcf4acc-8a65-4c50-ba5f-54ab301b5a4f): 1v1 me
[17:54:27] Johnsface101 (uuid: 3dcf4acc-8a65-4c50-ba5f-54ab301b5a4f): fists
[17:54:53] TheRealColmagi (uuid: c98c1615-0764-41e1-848d-73152bfabe94): thats what i thought
[17:54:53] PhadingFuzzy (uuid: 4150cd4b-a415-4298-bdc7-c9e330b466cc): Bored af
[17:56:22] PhadingFuzzy (uuid: 4150cd4b-a415-4298-bdc7-c9e330b466cc): ...
[17:56:28] PhadingFuzzy (uuid: 4150cd4b-a415-4298-bdc7-c9e330b466cc): my wolf isnt following me
[17:56:29] TheRealColmagi (uuid: c98c1615-0764-41e1-848d-73152bfabe94): what
[17:57:10] PhadingFuzzy (uuid: 4150cd4b-a415-4298-bdc7-c9e330b466cc): they supposed to
[17:57:18] TheRealColmagi (uuid: c98c1615-0764-41e1-848d-73152bfabe94): maybe they're sitting down
[17:57:30] PhadingFuzzy (uuid: 4150cd4b-a415-4298-bdc7-c9e330b466cc): YES FUCK EACHOTHER
[17:57:34] TheRealColmagi (uuid: c98c1615-0764-41e1-848d-73152bfabe94): LOOOOOL
[17:57:45] PhadingFuzzy (uuid: 4150cd4b-a415-4298-bdc7-c9e330b466cc): lets see
[17:57:51] TheRealColmagi (uuid: c98c1615-0764-41e1-848d-73152bfabe94): oh god wtf
[17:57:53] PhadingFuzzy (uuid: 4150cd4b-a415-4298-bdc7-c9e330b466cc): thats 2
[17:57:54] PhadingFuzzy (uuid: 4150cd4b-a415-4298-bdc7-c9e330b466cc): not 3
[17:58:11] PhadingFuzzy (uuid: 4150cd4b-a415-4298-bdc7-c9e330b466cc): dahell
[17:59:16] PhadingFuzzy (uuid: 4150cd4b-a415-4298-bdc7-c9e330b466cc): Can i havea bone
[17:59:38] TheRealColmagi (uuid: c98c1615-0764-41e1-848d-73152bfabe94): AS AN ADMIN I CANT SPAWN IN ITEMS
[17:59:41] PhadingFuzzy (uuid: 4150cd4b-a415-4298-bdc7-c9e330b466cc): ok
[17:59:53] TheRealColmagi (uuid: c98c1615-0764-41e1-848d-73152bfabe94): AS THAT WOULD RUIN THE HARD WORK EVERYONE HAS DONE
[18:00:04] TheRealColmagi (uuid: c98c1615-0764-41e1-848d-73152bfabe94): OK IF I SPAWNED IN ITEMS I WOULD HAVE TO SPAWN IN FOR EVERYONE
[18:00:13] TheRealColmagi (uuid: c98c1615-0764-41e1-848d-73152bfabe94): THAT WOULDNT MAKE IT FUN
[18:00:44] TheRealColmagi (uuid: c98c1615-0764-41e1-848d-73152bfabe94): lol its a reference from life of a minecraft admin
[18:00:57] PhadingFuzzy (uuid: 4150cd4b-a415-4298-bdc7-c9e330b466cc): NO
[18:01:13] PhadingFuzzy (uuid: 4150cd4b-a415-4298-bdc7-c9e330b466cc): more babie
[18:01:15] TheRealColmagi (uuid: c98c1615-0764-41e1-848d-73152bfabe94): xd
[18:01:24] PhadingFuzzy (uuid: 4150cd4b-a415-4298-bdc7-c9e330b466cc): O YA
[18:01:26] TheRealColmagi (uuid: c98c1615-0764-41e1-848d-73152bfabe94): y hasnt anyone joined hmmmmmmm
[18:01:33] TheRealColmagi (uuid: c98c1615-0764-41e1-848d-73152bfabe94): ads
[18:01:36] PhadingFuzzy (uuid: 4150cd4b-a415-4298-bdc7-c9e330b466cc): cuz
[18:01:39] PhadingFuzzy (uuid: 4150cd4b-a415-4298-bdc7-c9e330b466cc): servers shit
[18:01:49] TheRealColmagi (uuid: c98c1615-0764-41e1-848d-73152bfabe94): KINDA LIKE YOU
[18:07:17] PhadingFuzzy (uuid: 4150cd4b-a415-4298-bdc7-c9e330b466cc): I shall ake over the world
