[16:39:26] TheRealColmagi (uuid: c98c1615-0764-41e1-848d-73152bfabe94): yo where the fuck is everyone
[16:51:02] PhadingFuzzy (uuid: 4150cd4b-a415-4298-bdc7-c9e330b466cc): Connected with MineChat
[16:51:06] PhadingFuzzy (uuid: 4150cd4b-a415-4298-bdc7-c9e330b466cc): ay
[16:52:50] PhadingFuzzy (uuid: 4150cd4b-a415-4298-bdc7-c9e330b466cc): bye
[17:05:20] PhadingFuzzy (uuid: 4150cd4b-a415-4298-bdc7-c9e330b466cc): Connected with MineChat
[17:05:27] PhadingFuzzy (uuid: 4150cd4b-a415-4298-bdc7-c9e330b466cc): 1still afk?
[17:05:33] PhadingFuzzy (uuid: 4150cd4b-a415-4298-bdc7-c9e330b466cc): still afkv
[17:26:11] Optivat_YT (uuid: 061f9ad6-a6fb-45da-8990-73890f965939): the lag
[17:26:36] TheRealColmagi (uuid: c98c1615-0764-41e1-848d-73152bfabe94): LOL
[17:26:40] TheRealColmagi (uuid: c98c1615-0764-41e1-848d-73152bfabe94): rip
[17:26:49] Optivat_YT (uuid: 061f9ad6-a6fb-45da-8990-73890f965939): my game froze while a zombie was hitting me
[17:27:01] TheRealColmagi (uuid: c98c1615-0764-41e1-848d-73152bfabe94): or maybe cuz ur bad hehe xd
[17:27:11] Optivat_YT (uuid: 061f9ad6-a6fb-45da-8990-73890f965939): no i am serious
[17:27:18] TheRealColmagi (uuid: c98c1615-0764-41e1-848d-73152bfabe94): i was kidding
[17:28:48] TheRealColmagi (uuid: c98c1615-0764-41e1-848d-73152bfabe94): hehe xdddddd
[19:40:14] PhadingFuzzy (uuid: 4150cd4b-a415-4298-bdc7-c9e330b466cc): Yes~!
[20:16:04] TheRealColmagi (uuid: c98c1615-0764-41e1-848d-73152bfabe94): whos bryanloera1990
[20:16:11] PhadingFuzzy (uuid: 4150cd4b-a415-4298-bdc7-c9e330b466cc): ?
[20:16:16] TheRealColmagi (uuid: c98c1615-0764-41e1-848d-73152bfabe94): he joined
[20:16:18] PhadingFuzzy (uuid: 4150cd4b-a415-4298-bdc7-c9e330b466cc): brb dad callin me
[20:16:20] TheRealColmagi (uuid: c98c1615-0764-41e1-848d-73152bfabe94): then left
[20:16:56] PhadingFuzzy (uuid: 4150cd4b-a415-4298-bdc7-c9e330b466cc): Ill be back l8r
[20:17:15] PhadingFuzzy (uuid: 4150cd4b-a415-4298-bdc7-c9e330b466cc): Eric will be doing random stuff here
[20:21:28] TheRealColmagi (uuid: c98c1615-0764-41e1-848d-73152bfabe94): whos bryanloera1990
[20:21:34] watermelonman53 (uuid: 26666a91-29a2-487f-bda5-16d4919282a0): like i know
[20:21:51] TheRealColmagi (uuid: c98c1615-0764-41e1-848d-73152bfabe94): yeah but how did he get the server
[20:21:58] TheRealColmagi (uuid: c98c1615-0764-41e1-848d-73152bfabe94): if none of us know him
[20:22:10] watermelonman53 (uuid: 26666a91-29a2-487f-bda5-16d4919282a0): i have know idea
[20:22:29] watermelonman53 (uuid: 26666a91-29a2-487f-bda5-16d4919282a0): is he still here
[20:22:33] TheRealColmagi (uuid: c98c1615-0764-41e1-848d-73152bfabe94): np
[20:22:34] TheRealColmagi (uuid: c98c1615-0764-41e1-848d-73152bfabe94): no
[20:22:47] TheRealColmagi (uuid: c98c1615-0764-41e1-848d-73152bfabe94): dont talk in chat cuz i gotta look at his ip real quick
[20:24:20] TheRealColmagi (uuid: c98c1615-0764-41e1-848d-73152bfabe94): ok so i think he lives in illinois
[20:24:26] watermelonman53 (uuid: 26666a91-29a2-487f-bda5-16d4919282a0): i switched all of the Os and Ps with the Rs and Es on the keyboards at school
[20:24:31] TheRealColmagi (uuid: c98c1615-0764-41e1-848d-73152bfabe94): does anyone else know anyone who lives in illinois
[20:24:43] watermelonman53 (uuid: 26666a91-29a2-487f-bda5-16d4919282a0): ni
[20:25:12] TheRealColmagi (uuid: c98c1615-0764-41e1-848d-73152bfabe94): yeah its pretty legit i kinda know where he lives
[20:25:15] TheRealColmagi (uuid: c98c1615-0764-41e1-848d-73152bfabe94): lol
[20:25:24] TheRealColmagi (uuid: c98c1615-0764-41e1-848d-73152bfabe94): cuz i checked fuzzy's ip and its accurate
[20:25:29] TheRealColmagi (uuid: c98c1615-0764-41e1-848d-73152bfabe94): so hes from illinois
[20:25:30] watermelonman53 (uuid: 26666a91-29a2-487f-bda5-16d4919282a0): i know where you live
[20:25:32] PhadingFuzzy (uuid: 4150cd4b-a415-4298-bdc7-c9e330b466cc): back
[20:25:35] TheRealColmagi (uuid: c98c1615-0764-41e1-848d-73152bfabe94): we got any friends from illinois
[20:26:11] TheRealColmagi (uuid: c98c1615-0764-41e1-848d-73152bfabe94): maybe its another one of optivats friends
[20:26:34] TheRealColmagi (uuid: c98c1615-0764-41e1-848d-73152bfabe94): but that makes no sense since optivat wasnt on when he joined
[20:26:35] watermelonman53 (uuid: 26666a91-29a2-487f-bda5-16d4919282a0): i switched all of the Os and Ps with the Rs and Es on the keyboards at school
[20:26:39] TheRealColmagi (uuid: c98c1615-0764-41e1-848d-73152bfabe94): cool story
[20:26:52] TheRealColmagi (uuid: c98c1615-0764-41e1-848d-73152bfabe94): in fact he joined with only me afk
[20:27:00] TheRealColmagi (uuid: c98c1615-0764-41e1-848d-73152bfabe94): so some random person found my server ip?
[20:27:01] PhadingFuzzy (uuid: 4150cd4b-a415-4298-bdc7-c9e330b466cc): Can spawners be picked up
[20:27:08] TheRealColmagi (uuid: c98c1615-0764-41e1-848d-73152bfabe94): anyony been doin advertisements lately?
[20:27:12] TheRealColmagi (uuid: c98c1615-0764-41e1-848d-73152bfabe94): anybody
[20:27:17] PhadingFuzzy (uuid: 4150cd4b-a415-4298-bdc7-c9e330b466cc): Noh
[20:27:29] PhadingFuzzy (uuid: 4150cd4b-a415-4298-bdc7-c9e330b466cc): Do u want us to?
[20:27:42] TheRealColmagi (uuid: c98c1615-0764-41e1-848d-73152bfabe94): no its just some random person joined
[20:28:35] TheRealColmagi (uuid: c98c1615-0764-41e1-848d-73152bfabe94): ok hes one of pulse's friends
[20:29:08] TheRealColmagi (uuid: c98c1615-0764-41e1-848d-73152bfabe94): water do u want smthin
[20:29:15] watermelonman53 (uuid: 26666a91-29a2-487f-bda5-16d4919282a0): nutten
[20:29:16] TheRealColmagi (uuid: c98c1615-0764-41e1-848d-73152bfabe94): maybe survival mode?
[20:29:28] TheRealColmagi (uuid: c98c1615-0764-41e1-848d-73152bfabe94): since ur not building the temple anymore
[20:36:20] PhadingFuzzy (uuid: 4150cd4b-a415-4298-bdc7-c9e330b466cc): There
[20:40:03] watermelonman53 (uuid: 26666a91-29a2-487f-bda5-16d4919282a0): GGGGGTTTTTTGGGGG
[20:45:19] PhadingFuzzy (uuid: 4150cd4b-a415-4298-bdc7-c9e330b466cc): a
[21:20:59] PhadingFuzzy (uuid: 4150cd4b-a415-4298-bdc7-c9e330b466cc): No i didnt kill u
[22:42:57] PhadingFuzzy (uuid: 4150cd4b-a415-4298-bdc7-c9e330b466cc): Hi
[22:44:03] PhadingFuzzy (uuid: 4150cd4b-a415-4298-bdc7-c9e330b466cc): Hi
[22:44:08] TheRealColmagi (uuid: c98c1615-0764-41e1-848d-73152bfabe94): su c c di c c
[22:44:12] PhadingFuzzy (uuid: 4150cd4b-a415-4298-bdc7-c9e330b466cc): tp to me
[22:44:26] TheRealColmagi (uuid: c98c1615-0764-41e1-848d-73152bfabe94): got a new mousepad
[22:44:37] TheRealColmagi (uuid: c98c1615-0764-41e1-848d-73152bfabe94): fuk u nigga
[22:44:40] PhadingFuzzy (uuid: 4150cd4b-a415-4298-bdc7-c9e330b466cc): x#
[22:44:50] TheRealColmagi (uuid: c98c1615-0764-41e1-848d-73152bfabe94): delete this or i kill ur chicken and put its ashes there
[22:44:59] PhadingFuzzy (uuid: 4150cd4b-a415-4298-bdc7-c9e330b466cc): Deete wat
[22:45:23] PhadingFuzzy (uuid: 4150cd4b-a415-4298-bdc7-c9e330b466cc): ta da
[22:45:30] PhadingFuzzy (uuid: 4150cd4b-a415-4298-bdc7-c9e330b466cc): can u get da spawner plez
[22:45:30] TheRealColmagi (uuid: c98c1615-0764-41e1-848d-73152bfabe94): kys fagt
[22:45:43] TheRealColmagi (uuid: c98c1615-0764-41e1-848d-73152bfabe94): k fine show me it
[22:46:13] TheRealColmagi (uuid: c98c1615-0764-41e1-848d-73152bfabe94): hurry up fagt
[22:46:52] PhadingFuzzy (uuid: 4150cd4b-a415-4298-bdc7-c9e330b466cc): come
[22:46:52] TheRealColmagi (uuid: c98c1615-0764-41e1-848d-73152bfabe94): cmon niggorino
[22:46:59] TheRealColmagi (uuid: c98c1615-0764-41e1-848d-73152bfabe94): ill just tp
[22:47:08] PhadingFuzzy (uuid: 4150cd4b-a415-4298-bdc7-c9e330b466cc): Its right here fgt
[22:47:40] TheRealColmagi (uuid: c98c1615-0764-41e1-848d-73152bfabe94): ok now get ur shit
[22:47:44] TheRealColmagi (uuid: c98c1615-0764-41e1-848d-73152bfabe94): and get the dungeon out
[22:48:36] PhadingFuzzy (uuid: 4150cd4b-a415-4298-bdc7-c9e330b466cc): thnx
[22:48:49] PhadingFuzzy (uuid: 4150cd4b-a415-4298-bdc7-c9e330b466cc): SHIT GTG
[22:58:53] PhadingFuzzy (uuid: 4150cd4b-a415-4298-bdc7-c9e330b466cc): Connected with MineChat
[22:58:54] TheRealColmagi (uuid: c98c1615-0764-41e1-848d-73152bfabe94): ew
[22:58:56] TheRealColmagi (uuid: c98c1615-0764-41e1-848d-73152bfabe94): MINECHAT
[22:59:05] PhadingFuzzy (uuid: 4150cd4b-a415-4298-bdc7-c9e330b466cc): fuk awhf
[22:59:10] TheRealColmagi (uuid: c98c1615-0764-41e1-848d-73152bfabe94): lol ur outside ur house
[22:59:13] TheRealColmagi (uuid: c98c1615-0764-41e1-848d-73152bfabe94): have fun getting killed
[22:59:27] PhadingFuzzy (uuid: 4150cd4b-a415-4298-bdc7-c9e330b466cc): how bout nai
[22:59:31] PhadingFuzzy (uuid: 4150cd4b-a415-4298-bdc7-c9e330b466cc): nao
[23:00:10] TheRealColmagi (uuid: c98c1615-0764-41e1-848d-73152bfabe94): warping to spawn like a lil pussy
[23:00:13] PhadingFuzzy (uuid: 4150cd4b-a415-4298-bdc7-c9e330b466cc): just stick the spawner in the chest if u hvent already
[23:00:25] PhadingFuzzy (uuid: 4150cd4b-a415-4298-bdc7-c9e330b466cc): [Elite]PhadingFuzzy: just stick the spawner in the chest if u hvent already
[23:00:30] TheRealColmagi (uuid: c98c1615-0764-41e1-848d-73152bfabe94): i have
[23:00:44] PhadingFuzzy (uuid: 4150cd4b-a415-4298-bdc7-c9e330b466cc): why does maple have a "glitched pick"
[23:00:51] TheRealColmagi (uuid: c98c1615-0764-41e1-848d-73152bfabe94): i forced him to delete it
[23:00:58] TheRealColmagi (uuid: c98c1615-0764-41e1-848d-73152bfabe94): if he still has it ill fucking kill him
[23:01:17] PhadingFuzzy (uuid: 4150cd4b-a415-4298-bdc7-c9e330b466cc): he used wheb he was at my house
[23:01:22] TheRealColmagi (uuid: c98c1615-0764-41e1-848d-73152bfabe94): ill kill him
[23:01:29] PhadingFuzzy (uuid: 4150cd4b-a415-4298-bdc7-c9e330b466cc): when u gave him creative
[23:01:35] PhadingFuzzy (uuid: 4150cd4b-a415-4298-bdc7-c9e330b466cc): and he gave one to water
[23:02:16] PhadingFuzzy (uuid: 4150cd4b-a415-4298-bdc7-c9e330b466cc): welp bye
[23:05:05] TheRealColmagi (uuid: c98c1615-0764-41e1-848d-73152bfabe94): ha fagt
