[16:44:15] TheRealColmagi (uuid: c98c1615-0764-41e1-848d-73152bfabe94): NIGGA
[17:31:39] PhadingFuzzy (uuid: 4150cd4b-a415-4298-bdc7-c9e330b466cc): Penises
[17:31:59] PhadingFuzzy (uuid: 4150cd4b-a415-4298-bdc7-c9e330b466cc): hey, do u watch BBC?
[17:55:35] watermelonman53 (uuid: 26666a91-29a2-487f-bda5-16d4919282a0): where are you
[17:58:41] PhadingFuzzy (uuid: 4150cd4b-a415-4298-bdc7-c9e330b466cc): me?
[18:00:08] PhadingFuzzy (uuid: 4150cd4b-a415-4298-bdc7-c9e330b466cc): Hello?
[18:00:14] watermelonman53 (uuid: 26666a91-29a2-487f-bda5-16d4919282a0): HI
[18:00:20] watermelonman53 (uuid: 26666a91-29a2-487f-bda5-16d4919282a0): caps
[18:00:39] PhadingFuzzy (uuid: 4150cd4b-a415-4298-bdc7-c9e330b466cc): I forgot bout the shout thing
[18:01:36] PhadingFuzzy (uuid: 4150cd4b-a415-4298-bdc7-c9e330b466cc): R u using ur old house\
[18:01:54] watermelonman53 (uuid: 26666a91-29a2-487f-bda5-16d4919282a0): why do you ask
[18:02:08] PhadingFuzzy (uuid: 4150cd4b-a415-4298-bdc7-c9e330b466cc): I might build somewhere near it and I dont wanna disturb u
[18:02:27] watermelonman53 (uuid: 26666a91-29a2-487f-bda5-16d4919282a0): you wont disturb me
[18:02:30] PhadingFuzzy (uuid: 4150cd4b-a415-4298-bdc7-c9e330b466cc): ok
[18:02:48] PhadingFuzzy (uuid: 4150cd4b-a415-4298-bdc7-c9e330b466cc): Ima build above it
[18:02:53] watermelonman53 (uuid: 26666a91-29a2-487f-bda5-16d4919282a0): ok
[18:04:04] PhadingFuzzy (uuid: 4150cd4b-a415-4298-bdc7-c9e330b466cc): ummmmm
[18:04:07] watermelonman53 (uuid: 26666a91-29a2-487f-bda5-16d4919282a0): you can use our farm
[18:04:09] PhadingFuzzy (uuid: 4150cd4b-a415-4298-bdc7-c9e330b466cc): I fell in a hole
[18:04:18] watermelonman53 (uuid: 26666a91-29a2-487f-bda5-16d4919282a0): oh sorry
[18:07:14] watermelonman53 (uuid: 26666a91-29a2-487f-bda5-16d4919282a0): how did you know i have a new house
[18:07:35] PhadingFuzzy (uuid: 4150cd4b-a415-4298-bdc7-c9e330b466cc): Because u live in Blue's village- and u kept going into my house
[18:07:53] watermelonman53 (uuid: 26666a91-29a2-487f-bda5-16d4919282a0): wha
[18:09:35] PhadingFuzzy (uuid: 4150cd4b-a415-4298-bdc7-c9e330b466cc): Can u keep me safe
[18:09:50] PhadingFuzzy (uuid: 4150cd4b-a415-4298-bdc7-c9e330b466cc): So many sking mobs
[18:11:32] PhadingFuzzy (uuid: 4150cd4b-a415-4298-bdc7-c9e330b466cc): I cant throw em
[18:11:42] PhadingFuzzy (uuid: 4150cd4b-a415-4298-bdc7-c9e330b466cc): nvm
[18:12:22] PhadingFuzzy (uuid: 4150cd4b-a415-4298-bdc7-c9e330b466cc): hmmm i might build here
[18:12:41] watermelonman53 (uuid: 26666a91-29a2-487f-bda5-16d4919282a0): build somewhere near the village
[18:12:46] PhadingFuzzy (uuid: 4150cd4b-a415-4298-bdc7-c9e330b466cc): Why?
[18:12:54] watermelonman53 (uuid: 26666a91-29a2-487f-bda5-16d4919282a0): this is my land
[18:12:58] PhadingFuzzy (uuid: 4150cd4b-a415-4298-bdc7-c9e330b466cc): oh
[18:13:31] watermelonman53 (uuid: 26666a91-29a2-487f-bda5-16d4919282a0): i have a massive area near bedrock that i dont want any one around\
[18:13:40] watermelonman53 (uuid: 26666a91-29a2-487f-bda5-16d4919282a0): even maple
[18:14:28] PhadingFuzzy (uuid: 4150cd4b-a415-4298-bdc7-c9e330b466cc): how bout here
[18:15:03] watermelonman53 (uuid: 26666a91-29a2-487f-bda5-16d4919282a0): tp to me
[18:15:25] watermelonman53 (uuid: 26666a91-29a2-487f-bda5-16d4919282a0): is this good
[18:15:28] PhadingFuzzy (uuid: 4150cd4b-a415-4298-bdc7-c9e330b466cc): thnx
[18:16:38] PhadingFuzzy (uuid: 4150cd4b-a415-4298-bdc7-c9e330b466cc): Whs there sandstone her?
[18:16:54] PhadingFuzzy (uuid: 4150cd4b-a415-4298-bdc7-c9e330b466cc): Why is there sandstone here?
[18:17:01] watermelonman53 (uuid: 26666a91-29a2-487f-bda5-16d4919282a0): idk
[18:18:03] PhadingFuzzy (uuid: 4150cd4b-a415-4298-bdc7-c9e330b466cc): Does snow appear by itself?
[18:18:12] watermelonman53 (uuid: 26666a91-29a2-487f-bda5-16d4919282a0): when ever it snows
[18:18:18] PhadingFuzzy (uuid: 4150cd4b-a415-4298-bdc7-c9e330b466cc): ok
[18:20:21] PhadingFuzzy (uuid: 4150cd4b-a415-4298-bdc7-c9e330b466cc): Do u have a spare shovel?
[18:20:35] PhadingFuzzy (uuid: 4150cd4b-a415-4298-bdc7-c9e330b466cc): thnx
[18:23:22] PhadingFuzzy (uuid: 4150cd4b-a415-4298-bdc7-c9e330b466cc): Uh oh
[18:23:26] PhadingFuzzy (uuid: 4150cd4b-a415-4298-bdc7-c9e330b466cc): Almost night
[18:25:41] PhadingFuzzy (uuid: 4150cd4b-a415-4298-bdc7-c9e330b466cc): Ima wait for day then rejoin -_-
[18:26:57] watermelonman53 (uuid: 26666a91-29a2-487f-bda5-16d4919282a0): sorry
[18:27:03] watermelonman53 (uuid: 26666a91-29a2-487f-bda5-16d4919282a0): i got pushed
[18:27:10] watermelonman53 (uuid: 26666a91-29a2-487f-bda5-16d4919282a0): rip
[18:27:22] PhadingFuzzy (uuid: 4150cd4b-a415-4298-bdc7-c9e330b466cc): So many mobs were chasing me
[18:27:53] PhadingFuzzy (uuid: 4150cd4b-a415-4298-bdc7-c9e330b466cc): Do u have a bed i can use to make it day
[18:28:15] PhadingFuzzy (uuid: 4150cd4b-a415-4298-bdc7-c9e330b466cc): hi gary
[18:28:26] watermelonman53 (uuid: 26666a91-29a2-487f-bda5-16d4919282a0): they will protect you
[18:29:13] PhadingFuzzy (uuid: 4150cd4b-a415-4298-bdc7-c9e330b466cc): Hes doing no damage -_-
[18:29:48] PhadingFuzzy (uuid: 4150cd4b-a415-4298-bdc7-c9e330b466cc): ONE DIED
[18:30:00] PhadingFuzzy (uuid: 4150cd4b-a415-4298-bdc7-c9e330b466cc): From one zombie
[18:30:09] PhadingFuzzy (uuid: 4150cd4b-a415-4298-bdc7-c9e330b466cc): Nvm both died
[18:31:38] watermelonman53 (uuid: 26666a91-29a2-487f-bda5-16d4919282a0): keep the blocks
[18:31:55] PhadingFuzzy (uuid: 4150cd4b-a415-4298-bdc7-c9e330b466cc): Dp u have a IGS?
[18:32:07] watermelonman53 (uuid: 26666a91-29a2-487f-bda5-16d4919282a0): wha
[18:32:13] PhadingFuzzy (uuid: 4150cd4b-a415-4298-bdc7-c9e330b466cc): Iron Golem Spawnr
[18:32:18] PhadingFuzzy (uuid: 4150cd4b-a415-4298-bdc7-c9e330b466cc): Or can u obtain one
[18:32:30] watermelonman53 (uuid: 26666a91-29a2-487f-bda5-16d4919282a0): you cant obtain them
[18:32:43] watermelonman53 (uuid: 26666a91-29a2-487f-bda5-16d4919282a0): you need an egg
[18:33:49] PhadingFuzzy (uuid: 4150cd4b-a415-4298-bdc7-c9e330b466cc): Gtg bye
