[15:16:58] TheRealColmagi (uuid: c98c1615-0764-41e1-848d-73152bfabe94): oh yeah
[15:17:02] TheRealColmagi (uuid: c98c1615-0764-41e1-848d-73152bfabe94): still havent finished the damn spawn
[15:17:15] CamDog_447 (uuid: 1b4873bc-5938-46a6-b588-0968e244f24d): Should we get on that?
[15:17:17] TheRealColmagi (uuid: c98c1615-0764-41e1-848d-73152bfabe94): r u gonna make ur own facs
[15:17:21] CamDog_447 (uuid: 1b4873bc-5938-46a6-b588-0968e244f24d): No clue
[15:17:54] TheRealColmagi (uuid: c98c1615-0764-41e1-848d-73152bfabe94): u can go to survival if u want
[15:18:05] CamDog_447 (uuid: 1b4873bc-5938-46a6-b588-0968e244f24d): I'm fine with finishing the spawn here if you want
[15:18:14] TheRealColmagi (uuid: c98c1615-0764-41e1-848d-73152bfabe94): can u build shops?
[15:18:27] CamDog_447 (uuid: 1b4873bc-5938-46a6-b588-0968e244f24d): I think I understand the basic concept
[15:18:36] TheRealColmagi (uuid: c98c1615-0764-41e1-848d-73152bfabe94): then go to the spawn
[15:18:39] CamDog_447 (uuid: 1b4873bc-5938-46a6-b588-0968e244f24d): But I don't have a lot of experience with building shops
[15:18:58] CamDog_447 (uuid: 1b4873bc-5938-46a6-b588-0968e244f24d): Well I'm not op'd anymore so there's not much I can do at the moment
[15:19:06] TheRealColmagi (uuid: c98c1615-0764-41e1-848d-73152bfabe94): yeah but can u do it
[15:19:38] CamDog_447 (uuid: 1b4873bc-5938-46a6-b588-0968e244f24d): It mainly depends on what kind of Economy plugin you have
[15:19:45] TheRealColmagi (uuid: c98c1615-0764-41e1-848d-73152bfabe94): i can do the signs
[15:19:47] TheRealColmagi (uuid: c98c1615-0764-41e1-848d-73152bfabe94): can u build
[15:19:51] TheRealColmagi (uuid: c98c1615-0764-41e1-848d-73152bfabe94): the building itself
[15:19:53] CamDog_447 (uuid: 1b4873bc-5938-46a6-b588-0968e244f24d): Ok
[15:20:21] CamDog_447 (uuid: 1b4873bc-5938-46a6-b588-0968e244f24d): Alright
[15:20:23] TheRealColmagi (uuid: c98c1615-0764-41e1-848d-73152bfabe94): do u think thats good
[15:20:26] TheRealColmagi (uuid: c98c1615-0764-41e1-848d-73152bfabe94): this building
[15:20:30] TheRealColmagi (uuid: c98c1615-0764-41e1-848d-73152bfabe94): or can u make a better one
[15:20:45] CamDog_447 (uuid: 1b4873bc-5938-46a6-b588-0968e244f24d): Looks good to me
[15:20:55] TheRealColmagi (uuid: c98c1615-0764-41e1-848d-73152bfabe94): then can u make some sort of medieval roof
[15:21:05] CamDog_447 (uuid: 1b4873bc-5938-46a6-b588-0968e244f24d): So towers or pointed?
[15:21:16] TheRealColmagi (uuid: c98c1615-0764-41e1-848d-73152bfabe94): like this thing
[15:21:26] TheRealColmagi (uuid: c98c1615-0764-41e1-848d-73152bfabe94): a roof
[15:21:31] TheRealColmagi (uuid: c98c1615-0764-41e1-848d-73152bfabe94): medieval style
[15:21:33] CamDog_447 (uuid: 1b4873bc-5938-46a6-b588-0968e244f24d): Ok
[15:21:38] CamDog_447 (uuid: 1b4873bc-5938-46a6-b588-0968e244f24d): On 2 sides or all 4?
[15:21:43] TheRealColmagi (uuid: c98c1615-0764-41e1-848d-73152bfabe94): like
[15:21:47] TheRealColmagi (uuid: c98c1615-0764-41e1-848d-73152bfabe94): main roof
[15:21:52] TheRealColmagi (uuid: c98c1615-0764-41e1-848d-73152bfabe94): going from here to there
[15:21:57] CamDog_447 (uuid: 1b4873bc-5938-46a6-b588-0968e244f24d): Hold on this'll make it easier for us to communicate
[15:21:59] TheRealColmagi (uuid: c98c1615-0764-41e1-848d-73152bfabe94): then like a side roof
[15:25:08] TheRealColmagi (uuid: c98c1615-0764-41e1-848d-73152bfabe94): eks dheeeeeeeeeeee
[15:27:29] Mrmapl3syrup (uuid: b3f11e18-ff16-45fe-85b7-bb69e73fb17c): gae
[15:27:31] Mrmapl3syrup (uuid: b3f11e18-ff16-45fe-85b7-bb69e73fb17c): gae
[15:27:33] CamDog_447 (uuid: 1b4873bc-5938-46a6-b588-0968e244f24d): Maaaaaple join the chaaaat
[15:27:41] TheRealColmagi (uuid: c98c1615-0764-41e1-848d-73152bfabe94): hold on
[15:27:52] TheRealColmagi (uuid: c98c1615-0764-41e1-848d-73152bfabe94): do the facs display properly
[15:27:56] TheRealColmagi (uuid: c98c1615-0764-41e1-848d-73152bfabe94): maple do u own a fac
[15:27:58] TheRealColmagi (uuid: c98c1615-0764-41e1-848d-73152bfabe94): i think u do
[15:29:55] TheRealColmagi (uuid: c98c1615-0764-41e1-848d-73152bfabe94): xd
[15:30:03] TheRealColmagi (uuid: c98c1615-0764-41e1-848d-73152bfabe94): auteesmo
[15:32:14] TheRealColmagi (uuid: c98c1615-0764-41e1-848d-73152bfabe94): I WILL BAN BOTH OF U RIGTH HERE RIGHT NOW
