[21:52:24] TheBlueGamer0 (uuid: 654713d4-034f-41ff-acad-c3b9ced485de): nothin
[21:52:34] TheBlueGamer0 (uuid: 654713d4-034f-41ff-acad-c3b9ced485de): im trying out a new house design
[21:54:17] TheBlueGamer0 (uuid: 654713d4-034f-41ff-acad-c3b9ced485de): you not gonna get on?
[22:24:41] TheRealColmagi (uuid: c98c1615-0764-41e1-848d-73152bfabe94): SMOK WED
[22:24:46] TheBlueGamer0 (uuid: 654713d4-034f-41ff-acad-c3b9ced485de): sup nibba
[22:24:47] TheRealColmagi (uuid: c98c1615-0764-41e1-848d-73152bfabe94): SMOK WED
[22:25:05] TheRealColmagi (uuid: c98c1615-0764-41e1-848d-73152bfabe94): what the hell
[22:25:10] TheBlueGamer0 (uuid: 654713d4-034f-41ff-acad-c3b9ced485de): PLEASE DONT CUSS MY MOM CHECKS MY PHONE!
[22:25:16] TheRealColmagi (uuid: c98c1615-0764-41e1-848d-73152bfabe94): wtf
[22:25:23] TheRealColmagi (uuid: c98c1615-0764-41e1-848d-73152bfabe94): on mc?
[22:25:32] TheBlueGamer0 (uuid: 654713d4-034f-41ff-acad-c3b9ced485de): its a joke
[22:25:35] TheRealColmagi (uuid: c98c1615-0764-41e1-848d-73152bfabe94): ok
[22:25:41] TheBlueGamer0 (uuid: 654713d4-034f-41ff-acad-c3b9ced485de): lol
[22:27:15] TheRealColmagi (uuid: c98c1615-0764-41e1-848d-73152bfabe94): ha allahukarb
[22:27:20] TheBlueGamer0 (uuid: 654713d4-034f-41ff-acad-c3b9ced485de): !!!!
[22:28:28] TheRealColmagi (uuid: c98c1615-0764-41e1-848d-73152bfabe94): oshit abandoned mineshaft here
[22:28:44] TheBlueGamer0 (uuid: 654713d4-034f-41ff-acad-c3b9ced485de): gg
[22:28:54] TheRealColmagi (uuid: c98c1615-0764-41e1-848d-73152bfabe94): AND A DUNGEON
[22:29:03] TheBlueGamer0 (uuid: 654713d4-034f-41ff-acad-c3b9ced485de): Ggg
[22:29:27] TheRealColmagi (uuid: c98c1615-0764-41e1-848d-73152bfabe94): 2 ravines
[22:29:32] TheRealColmagi (uuid: c98c1615-0764-41e1-848d-73152bfabe94): and a floating spider spawner
[22:29:39] TheBlueGamer0 (uuid: 654713d4-034f-41ff-acad-c3b9ced485de): lol
[22:44:07] TheRealColmagi (uuid: c98c1615-0764-41e1-848d-73152bfabe94):  98 diamonds ay
[22:44:16] TheBlueGamer0 (uuid: 654713d4-034f-41ff-acad-c3b9ced485de): gg?
[22:46:19] TheRealColmagi (uuid: c98c1615-0764-41e1-848d-73152bfabe94): holy shit
[22:46:22] TheBlueGamer0 (uuid: 654713d4-034f-41ff-acad-c3b9ced485de): ?
[22:46:24] TheBlueGamer0 (uuid: 654713d4-034f-41ff-acad-c3b9ced485de): ?
[22:46:25] TheRealColmagi (uuid: c98c1615-0764-41e1-848d-73152bfabe94): i flew around and shit and managed to make it back here
[22:46:30] TheBlueGamer0 (uuid: 654713d4-034f-41ff-acad-c3b9ced485de): lol gg
[22:47:30] TheRealColmagi (uuid: c98c1615-0764-41e1-848d-73152bfabe94): that mining trup
[22:47:32] TheRealColmagi (uuid: c98c1615-0764-41e1-848d-73152bfabe94): trip
[22:47:38] TheRealColmagi (uuid: c98c1615-0764-41e1-848d-73152bfabe94): got me 11 diamond blocks
[22:48:04] TheRealColmagi (uuid: c98c1615-0764-41e1-848d-73152bfabe94): which is about 6k
[22:48:12] TheBlueGamer0 (uuid: 654713d4-034f-41ff-acad-c3b9ced485de): nice
[22:48:19] TheRealColmagi (uuid: c98c1615-0764-41e1-848d-73152bfabe94): are these gonna be in the village
[22:48:20] TheRealColmagi (uuid: c98c1615-0764-41e1-848d-73152bfabe94): they look nice
[22:48:39] TheRealColmagi (uuid: c98c1615-0764-41e1-848d-73152bfabe94): smonk waed
[22:50:26] TheRealColmagi (uuid: c98c1615-0764-41e1-848d-73152bfabe94): livestreaming the death of club penguin
[22:50:36] TheBlueGamer0 (uuid: 654713d4-034f-41ff-acad-c3b9ced485de): rip
[22:50:59] TheRealColmagi (uuid: c98c1615-0764-41e1-848d-73152bfabe94): im gay
[22:51:01] TheRealColmagi (uuid: c98c1615-0764-41e1-848d-73152bfabe94): jk
[22:52:22] TheRealColmagi (uuid: c98c1615-0764-41e1-848d-73152bfabe94): just went on kkk.com
[22:52:26] TheRealColmagi (uuid: c98c1615-0764-41e1-848d-73152bfabe94): now im on an nsa watch list
[22:52:55] TheBlueGamer0 (uuid: 654713d4-034f-41ff-acad-c3b9ced485de): same thing happens when you look up loli hentai
[22:53:03] TheRealColmagi (uuid: c98c1615-0764-41e1-848d-73152bfabe94): lol
[22:53:28] TheRealColmagi (uuid: c98c1615-0764-41e1-848d-73152bfabe94): l i c c
[22:53:38] TheBlueGamer0 (uuid: 654713d4-034f-41ff-acad-c3b9ced485de): s u c c
[22:56:46] TheBlueGamer0 (uuid: 654713d4-034f-41ff-acad-c3b9ced485de): come here
[22:56:53] TheBlueGamer0 (uuid: 654713d4-034f-41ff-acad-c3b9ced485de): look at this lil bastard
[22:57:11] TheRealColmagi (uuid: c98c1615-0764-41e1-848d-73152bfabe94): hi
[22:57:16] TheBlueGamer0 (uuid: 654713d4-034f-41ff-acad-c3b9ced485de): yo
[23:00:08] TheBlueGamer0 (uuid: 654713d4-034f-41ff-acad-c3b9ced485de): im not gonna lie, i ws jacking off and i think i found child porn
[23:00:14] TheRealColmagi (uuid: c98c1615-0764-41e1-848d-73152bfabe94): LOL
[23:00:18] TheBlueGamer0 (uuid: 654713d4-034f-41ff-acad-c3b9ced485de): yeah
[23:00:40] TheBlueGamer0 (uuid: 654713d4-034f-41ff-acad-c3b9ced485de): *nsa kicks down door*
[23:00:59] TheRealColmagi (uuid: c98c1615-0764-41e1-848d-73152bfabe94): ngl i think this dick is gay
[23:01:08] TheBlueGamer0 (uuid: 654713d4-034f-41ff-acad-c3b9ced485de): who
[23:05:31] TheRealColmagi (uuid: c98c1615-0764-41e1-848d-73152bfabe94): shit nigga this trippy af
[23:05:46] TheBlueGamer0 (uuid: 654713d4-034f-41ff-acad-c3b9ced485de): rlly
[23:05:52] TheRealColmagi (uuid: c98c1615-0764-41e1-848d-73152bfabe94): i turned on mob hitboxes
[23:05:56] TheRealColmagi (uuid: c98c1615-0764-41e1-848d-73152bfabe94): and chunk boundaries
[23:14:55] TheBlueGamer0 (uuid: 654713d4-034f-41ff-acad-c3b9ced485de): ugh the roof is finally done
[23:14:59] TheRealColmagi (uuid: c98c1615-0764-41e1-848d-73152bfabe94): oshit maples house is here
[23:15:08] TheBlueGamer0 (uuid: 654713d4-034f-41ff-acad-c3b9ced485de): yeah ik
[23:25:37] TheRealColmagi (uuid: c98c1615-0764-41e1-848d-73152bfabe94): just went through all my minecraft screenshots
[23:25:39] TheRealColmagi (uuid: c98c1615-0764-41e1-848d-73152bfabe94): i have no life
[23:25:44] TheBlueGamer0 (uuid: 654713d4-034f-41ff-acad-c3b9ced485de): lol
[23:27:20] TheBlueGamer0 (uuid: 654713d4-034f-41ff-acad-c3b9ced485de): well i gtg
[23:27:22] TheRealColmagi (uuid: c98c1615-0764-41e1-848d-73152bfabe94): same
[23:27:26] TheRealColmagi (uuid: c98c1615-0764-41e1-848d-73152bfabe94): perfect timing
[23:27:30] TheRealColmagi (uuid: c98c1615-0764-41e1-848d-73152bfabe94): i was gonna shut down the server too
[23:27:36] TheBlueGamer0 (uuid: 654713d4-034f-41ff-acad-c3b9ced485de): k
[23:27:38] TheRealColmagi (uuid: c98c1615-0764-41e1-848d-73152bfabe94): well cya
[23:27:38] TheBlueGamer0 (uuid: 654713d4-034f-41ff-acad-c3b9ced485de): cya
